2026-04-10 08:29:11,243 INFO Loading LibriSpeech split=train.100 from HuggingFace...
2026-04-10 08:29:11,592 INFO HTTP Request: HEAD https://huggingface.co/datasets/openslr/librispeech_asr/resolve/main/README.md "HTTP/1.1 307 Temporary Redirect"
2026-04-10 08:29:11,643 INFO HTTP Request: HEAD https://huggingface.co/api/resolve-cache/datasets/openslr/librispeech_asr/71cacbfb7e2354c4226d01e70d77d5fca3d04ba1/README.md "HTTP/1.1 200 OK"
2026-04-10 08:29:11,819 INFO HTTP Request: HEAD https://huggingface.co/datasets/openslr/librispeech_asr/resolve/71cacbfb7e2354c4226d01e70d77d5fca3d04ba1/librispeech_asr.py "HTTP/1.1 404 Not Found"
Warning: You are sending unauthenticated requests to the HF Hub. Please set a HF_TOKEN to enable higher rate limits and faster downloads.
2026-04-10 08:29:11,819 WARNING Warning: You are sending unauthenticated requests to the HF Hub. Please set a HF_TOKEN to enable higher rate limits and faster downloads.
2026-04-10 08:29:12,326 INFO HTTP Request: HEAD https://s3.amazonaws.com/datasets.huggingface.co/datasets/datasets/openslr/librispeech_asr/openslr/librispeech_asr.py "HTTP/1.1 404 Not Found"
2026-04-10 08:29:12,544 INFO HTTP Request: GET https://huggingface.co/api/datasets/openslr/librispeech_asr/revision/71cacbfb7e2354c4226d01e70d77d5fca3d04ba1 "HTTP/1.1 200 OK"
2026-04-10 08:29:12,722 INFO HTTP Request: HEAD https://huggingface.co/datasets/openslr/librispeech_asr/resolve/71cacbfb7e2354c4226d01e70d77d5fca3d04ba1/.huggingface.yaml "HTTP/1.1 404 Not Found"
2026-04-10 08:29:13,081 INFO HTTP Request: GET https://datasets-server.huggingface.co/info?dataset=openslr/librispeech_asr "HTTP/1.1 200 OK"
2026-04-10 08:29:13,268 INFO HTTP Request: GET https://huggingface.co/api/datasets/openslr/librispeech_asr/tree/71cacbfb7e2354c4226d01e70d77d5fca3d04ba1/clean%2Ftest?recursive=true&expand=false "HTTP/1.1 200 OK"
2026-04-10 08:29:13,443 INFO HTTP Request: GET https://huggingface.co/api/datasets/openslr/librispeech_asr/tree/71cacbfb7e2354c4226d01e70d77d5fca3d04ba1/clean?recursive=false&expand=false "HTTP/1.1 200 OK"
2026-04-10 08:29:13,620 INFO HTTP Request: GET https://huggingface.co/api/datasets/openslr/librispeech_asr/tree/71cacbfb7e2354c4226d01e70d77d5fca3d04ba1/clean%2Ftrain.100?recursive=true&expand=false "HTTP/1.1 200 OK"
2026-04-10 08:29:13,799 INFO HTTP Request: GET https://huggingface.co/api/datasets/openslr/librispeech_asr/tree/71cacbfb7e2354c4226d01e70d77d5fca3d04ba1/clean%2Ftrain.360?recursive=true&expand=false "HTTP/1.1 200 OK"
2026-04-10 08:29:13,984 INFO HTTP Request: GET https://huggingface.co/api/datasets/openslr/librispeech_asr/tree/71cacbfb7e2354c4226d01e70d77d5fca3d04ba1/clean%2Fvalidation?recursive=true&expand=false "HTTP/1.1 200 OK"
2026-04-10 08:29:14,160 INFO HTTP Request: HEAD https://huggingface.co/datasets/openslr/librispeech_asr/resolve/71cacbfb7e2354c4226d01e70d77d5fca3d04ba1/dataset_infos.json "HTTP/1.1 404 Not Found"
2026-04-10 08:31:53,742 INFO Loaded 28538 utterances from train.100 (skipped 1 outside [0.5s, 20.0s])
2026-04-10 08:31:53,792 INFO Loading LibriSpeech split=validation from HuggingFace...
2026-04-10 08:31:54,131 INFO HTTP Request: HEAD https://huggingface.co/datasets/openslr/librispeech_asr/resolve/main/README.md "HTTP/1.1 307 Temporary Redirect"
2026-04-10 08:31:54,185 INFO HTTP Request: HEAD https://huggingface.co/api/resolve-cache/datasets/openslr/librispeech_asr/71cacbfb7e2354c4226d01e70d77d5fca3d04ba1/README.md "HTTP/1.1 200 OK"
2026-04-10 08:31:54,363 INFO HTTP Request: HEAD https://huggingface.co/datasets/openslr/librispeech_asr/resolve/71cacbfb7e2354c4226d01e70d77d5fca3d04ba1/librispeech_asr.py "HTTP/1.1 404 Not Found"
2026-04-10 08:31:54,870 INFO HTTP Request: HEAD https://s3.amazonaws.com/datasets.huggingface.co/datasets/datasets/openslr/librispeech_asr/openslr/librispeech_asr.py "HTTP/1.1 404 Not Found"
2026-04-10 08:31:55,063 INFO HTTP Request: HEAD https://huggingface.co/datasets/openslr/librispeech_asr/resolve/71cacbfb7e2354c4226d01e70d77d5fca3d04ba1/.huggingface.yaml "HTTP/1.1 404 Not Found"
2026-04-10 08:31:55,395 INFO HTTP Request: GET https://datasets-server.huggingface.co/info?dataset=openslr/librispeech_asr "HTTP/1.1 200 OK"
2026-04-10 08:31:55,582 INFO HTTP Request: HEAD https://huggingface.co/datasets/openslr/librispeech_asr/resolve/71cacbfb7e2354c4226d01e70d77d5fca3d04ba1/dataset_infos.json "HTTP/1.1 404 Not Found"
2026-04-10 08:32:04,667 INFO Loaded 2642 utterances from validation (skipped 61 outside [0.5s, 20.0s])
2026-04-10 08:32:04,670 INFO Loading LibriSpeech split=test from HuggingFace...
2026-04-10 08:32:05,027 INFO HTTP Request: HEAD https://huggingface.co/datasets/openslr/librispeech_asr/resolve/main/README.md "HTTP/1.1 307 Temporary Redirect"
2026-04-10 08:32:05,079 INFO HTTP Request: HEAD https://huggingface.co/api/resolve-cache/datasets/openslr/librispeech_asr/71cacbfb7e2354c4226d01e70d77d5fca3d04ba1/README.md "HTTP/1.1 200 OK"
2026-04-10 08:32:05,255 INFO HTTP Request: HEAD https://huggingface.co/datasets/openslr/librispeech_asr/resolve/71cacbfb7e2354c4226d01e70d77d5fca3d04ba1/librispeech_asr.py "HTTP/1.1 404 Not Found"
2026-04-10 08:32:05,782 INFO HTTP Request: HEAD https://s3.amazonaws.com/datasets.huggingface.co/datasets/datasets/openslr/librispeech_asr/openslr/librispeech_asr.py "HTTP/1.1 404 Not Found"
2026-04-10 08:32:05,972 INFO HTTP Request: HEAD https://huggingface.co/datasets/openslr/librispeech_asr/resolve/71cacbfb7e2354c4226d01e70d77d5fca3d04ba1/.huggingface.yaml "HTTP/1.1 404 Not Found"
2026-04-10 08:32:06,330 INFO HTTP Request: GET https://datasets-server.huggingface.co/info?dataset=openslr/librispeech_asr "HTTP/1.1 200 OK"
2026-04-10 08:32:06,517 INFO HTTP Request: HEAD https://huggingface.co/datasets/openslr/librispeech_asr/resolve/71cacbfb7e2354c4226d01e70d77d5fca3d04ba1/dataset_infos.json "HTTP/1.1 404 Not Found"
2026-04-10 08:32:15,417 INFO Loaded 2528 utterances from test (skipped 92 outside [0.5s, 20.0s])
2026-04-10 08:32:15,729 INFO Backbone: mamba | Params: 7.30M
2026-04-10 08:32:15,730 INFO Compiling encoder with torch.compile (first batch will be slow)...
2026-04-10 08:32:21,754 INFO Epoch 1 | Batch 0 | Loss: 4.1434 | LR: 3.00e-07
Traceback (most recent call last):
  File "/workspace/Master_Thesis_Exps/experiments/formal_v1/scripts/run_experiment.py", line 174, in <module>
    main()
  File "/workspace/Master_Thesis_Exps/experiments/formal_v1/scripts/run_experiment.py", line 119, in main
    train_loss = train_one_epoch(model, train_loader, optimizer, scheduler, spec_aug, cfg, epoch, device)
                 ^^^^^^^^^^^^^^^^^^^^^^^^^^^^^^^^^^^^^^^^^^^^^^^^^^^^^^^^^^^^^^^^^^^^^^^^^^^^^^^^^^^^^^^^
  File "/workspace/Master_Thesis_Exps/experiments/formal_v1/src/training/train.py", line 39, in train_one_epoch
    log_probs, output_lengths, _ = model(mels, mel_lengths)
                                   ^^^^^^^^^^^^^^^^^^^^^^^^
  File "/workspace/Master_Thesis_Exps/experiments/formal_v1/.venv/lib/python3.11/site-packages/torch/nn/modules/module.py", line 1779, in _wrapped_call_impl
    return self._call_impl(*args, **kwargs)
           ^^^^^^^^^^^^^^^^^^^^^^^^^^^^^^^^
  File "/workspace/Master_Thesis_Exps/experiments/formal_v1/.venv/lib/python3.11/site-packages/torch/nn/modules/module.py", line 1790, in _call_impl
    return forward_call(*args, **kwargs)
           ^^^^^^^^^^^^^^^^^^^^^^^^^^^^^
  File "/workspace/Master_Thesis_Exps/experiments/formal_v1/src/models/asr_model.py", line 42, in forward
    x, new_state = self.encoder(x, lengths, state=state)
                   ^^^^^^^^^^^^^^^^^^^^^^^^^^^^^^^^^^^^^
  File "/workspace/Master_Thesis_Exps/experiments/formal_v1/.venv/lib/python3.11/site-packages/torch/_dynamo/eval_frame.py", line 472, in __call__
    return super().__call__(*args, **kwargs)
           ^^^^^^^^^^^^^^^^^^^^^^^^^^^^^^^^^
  File "/workspace/Master_Thesis_Exps/experiments/formal_v1/.venv/lib/python3.11/site-packages/torch/nn/modules/module.py", line 1779, in _wrapped_call_impl
    return self._call_impl(*args, **kwargs)
           ^^^^^^^^^^^^^^^^^^^^^^^^^^^^^^^^
  File "/workspace/Master_Thesis_Exps/experiments/formal_v1/.venv/lib/python3.11/site-packages/torch/nn/modules/module.py", line 1790, in _call_impl
    return forward_call(*args, **kwargs)
           ^^^^^^^^^^^^^^^^^^^^^^^^^^^^^
  File "/workspace/Master_Thesis_Exps/experiments/formal_v1/.venv/lib/python3.11/site-packages/torch/_dynamo/eval_frame.py", line 1024, in compile_wrapper
    return fn(*args, **kwargs)
           ^^^^^^^^^^^^^^^^^^^
  File "/workspace/Master_Thesis_Exps/experiments/formal_v1/.venv/lib/python3.11/site-packages/torch/nn/modules/module.py", line 1779, in _wrapped_call_impl
    return self._call_impl(*args, **kwargs)
           ^^^^^^^^^^^^^^^^^^^^^^^^^^^^^^^^
  File "/workspace/Master_Thesis_Exps/experiments/formal_v1/.venv/lib/python3.11/site-packages/torch/nn/modules/module.py", line 1790, in _call_impl
    return forward_call(*args, **kwargs)
           ^^^^^^^^^^^^^^^^^^^^^^^^^^^^^
  File "/workspace/Master_Thesis_Exps/experiments/formal_v1/src/models/mamba_encoder.py", line 116, in forward
    def forward(
  File "/workspace/Master_Thesis_Exps/experiments/formal_v1/.venv/lib/python3.11/site-packages/torch/_dynamo/eval_frame.py", line 1263, in _fn
    return fn(*args, **kwargs)
           ^^^^^^^^^^^^^^^^^^^
  File "/workspace/Master_Thesis_Exps/experiments/formal_v1/.venv/lib/python3.11/site-packages/torch/_functorch/aot_autograd.py", line 1200, in forward
    return compiled_fn(full_args)
           ^^^^^^^^^^^^^^^^^^^^^^
  File "/workspace/Master_Thesis_Exps/experiments/formal_v1/.venv/lib/python3.11/site-packages/torch/_functorch/_aot_autograd/runtime_wrappers.py", line 2298, in __call__
    return self.compiled_fn(*args, **kwargs)
           ^^^^^^^^^^^^^^^^^^^^^^^^^^^^^^^^^
  File "/workspace/Master_Thesis_Exps/experiments/formal_v1/.venv/lib/python3.11/site-packages/torch/_functorch/_aot_autograd/runtime_wrappers.py", line 566, in runtime_wrapper
    all_outs = call_func_at_runtime_with_args(
               ^^^^^^^^^^^^^^^^^^^^^^^^^^^^^^^
  File "/workspace/Master_Thesis_Exps/experiments/formal_v1/.venv/lib/python3.11/site-packages/torch/_functorch/_aot_autograd/utils.py", line 138, in call_func_at_runtime_with_args
    out = normalize_as_list(f(args))
                            ^^^^^^^
  File "/workspace/Master_Thesis_Exps/experiments/formal_v1/.venv/lib/python3.11/site-packages/torch/_functorch/_aot_autograd/utils.py", line 105, in g
    return f(*args)
           ^^^^^^^^
  File "/workspace/Master_Thesis_Exps/experiments/formal_v1/.venv/lib/python3.11/site-packages/torch/autograd/function.py", line 596, in apply
    return super().apply(*args, **kwargs)  # type: ignore[misc]
           ^^^^^^^^^^^^^^^^^^^^^^^^^^^^^^
  File "/workspace/Master_Thesis_Exps/experiments/formal_v1/.venv/lib/python3.11/site-packages/torch/_functorch/_aot_autograd/runtime_wrappers.py", line 2503, in forward
    fw_outs = call_func_at_runtime_with_args(
              ^^^^^^^^^^^^^^^^^^^^^^^^^^^^^^^
  File "/workspace/Master_Thesis_Exps/experiments/formal_v1/.venv/lib/python3.11/site-packages/torch/_functorch/_aot_autograd/utils.py", line 138, in call_func_at_runtime_with_args
    out = normalize_as_list(f(args))
                            ^^^^^^^
  File "/workspace/Master_Thesis_Exps/experiments/formal_v1/.venv/lib/python3.11/site-packages/torch/_functorch/_aot_autograd/runtime_wrappers.py", line 783, in wrapper
    return compiled_fn(runtime_args)
           ^^^^^^^^^^^^^^^^^^^^^^^^^
  File "/workspace/Master_Thesis_Exps/experiments/formal_v1/.venv/lib/python3.11/site-packages/torch/_functorch/_aot_autograd/runtime_wrappers.py", line 1011, in inner_fn
    outs = compiled_fn(args)
           ^^^^^^^^^^^^^^^^^
  File "/workspace/Master_Thesis_Exps/experiments/formal_v1/.venv/lib/python3.11/site-packages/torch/_inductor/output_code.py", line 656, in __call__
    return self.current_callable(inputs)
           ^^^^^^^^^^^^^^^^^^^^^^^^^^^^^
  File "/workspace/Master_Thesis_Exps/experiments/formal_v1/.venv/lib/python3.11/site-packages/torch/_inductor/utils.py", line 3401, in run
    out = model(new_inputs)
          ^^^^^^^^^^^^^^^^^
  File "/tmp/torchinductor_researcher/fq/cfqjikd6pcrwi2ofuwrsqfj4pipxwasqfth2myiu5noqweoc4pu5.py", line 7871, in call
    buf1080 = empty_strided_cuda((s2, 64, 512, 16), (524288, 8192, 16, 1), torch.float32)
              ^^^^^^^^^^^^^^^^^^^^^^^^^^^^^^^^^^^^^^^^^^^^^^^^^^^^^^^^^^^^^^^^^^^^^^^^^^^
torch.OutOfMemoryError: CUDA out of memory. Tried to allocate 34.00 MiB. GPU 1 has a total capacity of 31.36 GiB of which 8.88 MiB is free. Including non-PyTorch memory, this process has 31.34 GiB memory in use. Of the allocated memory 24.47 GiB is allocated by PyTorch, and 6.26 GiB is reserved by PyTorch but unallocated. If reserved but unallocated memory is large try setting PYTORCH_CUDA_ALLOC_CONF=expandable_segments:True to avoid fragmentation.  See documentation for Memory Management  (https://docs.pytorch.org/docs/stable/notes/cuda.html#optimizing-memory-usage-with-pytorch-cuda-alloc-conf)
