2026-04-20 14:26:37,718 INFO Loading LibriSpeech split=train.100 from HuggingFace...
2026-04-20 14:26:37,905 INFO HTTP Request: HEAD https://huggingface.co/datasets/openslr/librispeech_asr/resolve/main/README.md "HTTP/1.1 307 Temporary Redirect"
2026-04-20 14:26:37,930 INFO HTTP Request: HEAD https://huggingface.co/api/resolve-cache/datasets/openslr/librispeech_asr/71cacbfb7e2354c4226d01e70d77d5fca3d04ba1/README.md "HTTP/1.1 200 OK"
2026-04-20 14:26:38,068 INFO HTTP Request: HEAD https://huggingface.co/datasets/openslr/librispeech_asr/resolve/71cacbfb7e2354c4226d01e70d77d5fca3d04ba1/librispeech_asr.py "HTTP/1.1 404 Not Found"
2026-04-20 14:26:38,518 INFO HTTP Request: HEAD https://s3.amazonaws.com/datasets.huggingface.co/datasets/datasets/openslr/librispeech_asr/openslr/librispeech_asr.py "HTTP/1.1 404 Not Found"
2026-04-20 14:26:38,715 INFO HTTP Request: GET https://huggingface.co/api/datasets/openslr/librispeech_asr/revision/71cacbfb7e2354c4226d01e70d77d5fca3d04ba1 "HTTP/1.1 200 OK"
2026-04-20 14:26:38,850 INFO HTTP Request: HEAD https://huggingface.co/datasets/openslr/librispeech_asr/resolve/71cacbfb7e2354c4226d01e70d77d5fca3d04ba1/.huggingface.yaml "HTTP/1.1 404 Not Found"
2026-04-20 14:26:39,113 INFO HTTP Request: GET https://datasets-server.huggingface.co/info?dataset=openslr/librispeech_asr "HTTP/1.1 200 OK"
2026-04-20 14:26:39,262 INFO HTTP Request: GET https://huggingface.co/api/datasets/openslr/librispeech_asr/tree/71cacbfb7e2354c4226d01e70d77d5fca3d04ba1/clean%2Ftest?recursive=true&expand=false "HTTP/1.1 200 OK"
2026-04-20 14:26:39,401 INFO HTTP Request: GET https://huggingface.co/api/datasets/openslr/librispeech_asr/tree/71cacbfb7e2354c4226d01e70d77d5fca3d04ba1/clean?recursive=false&expand=false "HTTP/1.1 200 OK"
2026-04-20 14:26:39,547 INFO HTTP Request: GET https://huggingface.co/api/datasets/openslr/librispeech_asr/tree/71cacbfb7e2354c4226d01e70d77d5fca3d04ba1/clean%2Ftrain.100?recursive=true&expand=false "HTTP/1.1 200 OK"
2026-04-20 14:26:39,701 INFO HTTP Request: GET https://huggingface.co/api/datasets/openslr/librispeech_asr/tree/71cacbfb7e2354c4226d01e70d77d5fca3d04ba1/clean%2Ftrain.360?recursive=true&expand=false "HTTP/1.1 200 OK"
2026-04-20 14:26:39,866 INFO HTTP Request: GET https://huggingface.co/api/datasets/openslr/librispeech_asr/tree/71cacbfb7e2354c4226d01e70d77d5fca3d04ba1/clean%2Fvalidation?recursive=true&expand=false "HTTP/1.1 200 OK"
2026-04-20 14:26:40,012 INFO HTTP Request: HEAD https://huggingface.co/datasets/openslr/librispeech_asr/resolve/71cacbfb7e2354c4226d01e70d77d5fca3d04ba1/dataset_infos.json "HTTP/1.1 404 Not Found"
2026-04-20 14:27:57,357 INFO Loaded 28538 utterances from train.100 (skipped 1 outside [0.5s, 20.0s])
2026-04-20 14:27:57,430 INFO Loading LibriSpeech split=validation from HuggingFace...
2026-04-20 14:27:57,614 INFO HTTP Request: HEAD https://huggingface.co/datasets/openslr/librispeech_asr/resolve/main/README.md "HTTP/1.1 307 Temporary Redirect"
2026-04-20 14:27:57,615 WARNING Warning: You are sending unauthenticated requests to the HF Hub. Please set a HF_TOKEN to enable higher rate limits and faster downloads.
2026-04-20 14:27:57,640 INFO HTTP Request: HEAD https://huggingface.co/api/resolve-cache/datasets/openslr/librispeech_asr/71cacbfb7e2354c4226d01e70d77d5fca3d04ba1/README.md "HTTP/1.1 200 OK"
2026-04-20 14:27:57,783 INFO HTTP Request: HEAD https://huggingface.co/datasets/openslr/librispeech_asr/resolve/71cacbfb7e2354c4226d01e70d77d5fca3d04ba1/librispeech_asr.py "HTTP/1.1 404 Not Found"
2026-04-20 14:27:58,161 INFO HTTP Request: HEAD https://s3.amazonaws.com/datasets.huggingface.co/datasets/datasets/openslr/librispeech_asr/openslr/librispeech_asr.py "HTTP/1.1 404 Not Found"
2026-04-20 14:27:58,337 INFO HTTP Request: HEAD https://huggingface.co/datasets/openslr/librispeech_asr/resolve/71cacbfb7e2354c4226d01e70d77d5fca3d04ba1/.huggingface.yaml "HTTP/1.1 404 Not Found"
2026-04-20 14:27:58,591 INFO HTTP Request: GET https://datasets-server.huggingface.co/info?dataset=openslr/librispeech_asr "HTTP/1.1 200 OK"
2026-04-20 14:27:58,759 INFO HTTP Request: HEAD https://huggingface.co/datasets/openslr/librispeech_asr/resolve/71cacbfb7e2354c4226d01e70d77d5fca3d04ba1/dataset_infos.json "HTTP/1.1 404 Not Found"
2026-04-20 14:28:03,155 INFO Loaded 2642 utterances from validation (skipped 61 outside [0.5s, 20.0s])
2026-04-20 14:28:03,156 INFO Loading LibriSpeech split=test from HuggingFace...
2026-04-20 14:28:03,375 INFO HTTP Request: HEAD https://huggingface.co/datasets/openslr/librispeech_asr/resolve/main/README.md "HTTP/1.1 307 Temporary Redirect"
2026-04-20 14:28:03,401 INFO HTTP Request: HEAD https://huggingface.co/api/resolve-cache/datasets/openslr/librispeech_asr/71cacbfb7e2354c4226d01e70d77d5fca3d04ba1/README.md "HTTP/1.1 200 OK"
2026-04-20 14:28:03,535 INFO HTTP Request: HEAD https://huggingface.co/datasets/openslr/librispeech_asr/resolve/71cacbfb7e2354c4226d01e70d77d5fca3d04ba1/librispeech_asr.py "HTTP/1.1 404 Not Found"
2026-04-20 14:28:03,941 INFO HTTP Request: HEAD https://s3.amazonaws.com/datasets.huggingface.co/datasets/datasets/openslr/librispeech_asr/openslr/librispeech_asr.py "HTTP/1.1 404 Not Found"
2026-04-20 14:28:04,118 INFO HTTP Request: HEAD https://huggingface.co/datasets/openslr/librispeech_asr/resolve/71cacbfb7e2354c4226d01e70d77d5fca3d04ba1/.huggingface.yaml "HTTP/1.1 404 Not Found"
2026-04-20 14:28:04,340 INFO HTTP Request: GET https://datasets-server.huggingface.co/info?dataset=openslr/librispeech_asr "HTTP/1.1 200 OK"
2026-04-20 14:28:04,499 INFO HTTP Request: HEAD https://huggingface.co/datasets/openslr/librispeech_asr/resolve/71cacbfb7e2354c4226d01e70d77d5fca3d04ba1/dataset_infos.json "HTTP/1.1 404 Not Found"
2026-04-20 14:28:08,856 INFO Loaded 2528 utterances from test (skipped 92 outside [0.5s, 20.0s])
2026-04-20 14:28:09,001 INFO Backbone: rwkv6_qtail_lowrank_all | Params: 7.78M
2026-04-20 14:28:09,002 INFO   Frontend: 1.90M | Encoder: 5.87M | Head: 8.0K
2026-04-20 14:28:12,597 INFO Epoch 1 | Batch 0 | Loss: 4.2031 | LR: 3.00e-07
2026-04-20 14:28:20,429 INFO Epoch 1 | Batch 50 | Loss: 2.9539 | LR: 1.53e-05
2026-04-20 14:28:27,985 INFO Epoch 1 | Batch 100 | Loss: 2.9224 | LR: 3.03e-05
2026-04-20 14:28:35,151 INFO Epoch 1 | Batch 150 | Loss: 2.8765 | LR: 4.53e-05
2026-04-20 14:28:42,493 INFO Epoch 1 | Batch 200 | Loss: 2.8431 | LR: 6.03e-05
2026-04-20 14:28:49,932 INFO Epoch 1 | Batch 250 | Loss: 2.8522 | LR: 7.53e-05
2026-04-20 14:28:57,045 INFO Epoch 1 | Batch 300 | Loss: 2.8410 | LR: 9.03e-05
2026-04-20 14:29:04,441 INFO Epoch 1 | Batch 350 | Loss: 2.8507 | LR: 1.05e-04
2026-04-20 14:29:11,403 INFO Epoch 1 | Batch 400 | Loss: 2.8887 | LR: 1.20e-04
2026-04-20 14:29:18,730 INFO Epoch 1 | Batch 450 | Loss: 2.7515 | LR: 1.35e-04
2026-04-20 14:29:26,149 INFO Epoch 1 | Batch 500 | Loss: 2.6812 | LR: 1.50e-04
2026-04-20 14:29:33,464 INFO Epoch 1 | Batch 550 | Loss: 2.6456 | LR: 1.65e-04
2026-04-20 14:29:40,765 INFO Epoch 1 | Batch 600 | Loss: 2.6708 | LR: 1.80e-04
2026-04-20 14:29:48,218 INFO Epoch 1 | Batch 650 | Loss: 2.5020 | LR: 1.95e-04
2026-04-20 14:29:55,800 INFO Epoch 1 | Batch 700 | Loss: 2.4837 | LR: 2.10e-04
2026-04-20 14:30:03,189 INFO Epoch 1 | Batch 750 | Loss: 2.4446 | LR: 2.25e-04
2026-04-20 14:30:10,767 INFO Epoch 1 | Batch 800 | Loss: 2.5739 | LR: 2.40e-04
2026-04-20 14:30:18,245 INFO Epoch 1 | Batch 850 | Loss: 2.3293 | LR: 2.55e-04
2026-04-20 14:30:25,893 INFO Epoch 1 | Batch 900 | Loss: 2.4003 | LR: 2.70e-04
2026-04-20 14:30:33,424 INFO Epoch 1 | Batch 950 | Loss: 2.2502 | LR: 2.85e-04
2026-04-20 14:30:41,041 INFO Epoch 1 | Batch 1000 | Loss: 2.0555 | LR: 3.00e-04
2026-04-20 14:30:48,599 INFO Epoch 1 | Batch 1050 | Loss: 2.1714 | LR: 3.00e-04
2026-04-20 14:30:56,037 INFO Epoch 1 | Batch 1100 | Loss: 2.1756 | LR: 3.00e-04
2026-04-20 14:31:03,537 INFO Epoch 1 | Batch 1150 | Loss: 2.3081 | LR: 3.00e-04
2026-04-20 14:31:11,211 INFO Epoch 1 | Batch 1200 | Loss: 2.1541 | LR: 3.00e-04
2026-04-20 14:31:29,434 INFO Epoch 1 | Train: 2.5744 | Dev CER: 0.5114 | Dev WER: 0.9752 | Time: 200s | Peak: 11.5 GB
2026-04-20 14:31:29,434 INFO   New best CER: 0.5114
2026-04-20 14:31:32,635 INFO Epoch 2 | Batch 0 | Loss: 1.9710 | LR: 3.00e-04
2026-04-20 14:31:40,193 INFO Epoch 2 | Batch 50 | Loss: 2.2596 | LR: 3.00e-04
2026-04-20 14:31:47,852 INFO Epoch 2 | Batch 100 | Loss: 2.1988 | LR: 3.00e-04
2026-04-20 14:31:55,313 INFO Epoch 2 | Batch 150 | Loss: 2.0891 | LR: 3.00e-04
2026-04-20 14:32:02,785 INFO Epoch 2 | Batch 200 | Loss: 1.9362 | LR: 3.00e-04
2026-04-20 14:32:10,538 INFO Epoch 2 | Batch 250 | Loss: 1.7056 | LR: 3.00e-04
2026-04-20 14:32:18,042 INFO Epoch 2 | Batch 300 | Loss: 1.9137 | LR: 3.00e-04
2026-04-20 14:32:25,637 INFO Epoch 2 | Batch 350 | Loss: 1.8988 | LR: 3.00e-04
2026-04-20 14:32:33,144 INFO Epoch 2 | Batch 400 | Loss: 1.6887 | LR: 3.00e-04
2026-04-20 14:32:40,705 INFO Epoch 2 | Batch 450 | Loss: 1.7829 | LR: 3.00e-04
2026-04-20 14:32:48,220 INFO Epoch 2 | Batch 500 | Loss: 1.7589 | LR: 3.00e-04
2026-04-20 14:32:55,739 INFO Epoch 2 | Batch 550 | Loss: 1.9763 | LR: 3.00e-04
2026-04-20 14:33:03,261 INFO Epoch 2 | Batch 600 | Loss: 1.8261 | LR: 3.00e-04
2026-04-20 14:33:10,803 INFO Epoch 2 | Batch 650 | Loss: 1.9299 | LR: 3.00e-04
2026-04-20 14:33:18,424 INFO Epoch 2 | Batch 700 | Loss: 2.2304 | LR: 3.00e-04
2026-04-20 14:33:25,886 INFO Epoch 2 | Batch 750 | Loss: 1.7989 | LR: 2.99e-04
2026-04-20 14:33:33,234 INFO Epoch 2 | Batch 800 | Loss: 1.5427 | LR: 2.99e-04
2026-04-20 14:33:40,820 INFO Epoch 2 | Batch 850 | Loss: 1.8645 | LR: 2.99e-04
2026-04-20 14:33:48,310 INFO Epoch 2 | Batch 900 | Loss: 1.7441 | LR: 2.99e-04
2026-04-20 14:33:55,919 INFO Epoch 2 | Batch 950 | Loss: 1.5637 | LR: 2.99e-04
2026-04-20 14:34:03,389 INFO Epoch 2 | Batch 1000 | Loss: 2.3053 | LR: 2.99e-04
2026-04-20 14:34:10,942 INFO Epoch 2 | Batch 1050 | Loss: 1.7462 | LR: 2.99e-04
2026-04-20 14:34:18,548 INFO Epoch 2 | Batch 1100 | Loss: 1.6452 | LR: 2.99e-04
2026-04-20 14:34:26,048 INFO Epoch 2 | Batch 1150 | Loss: 1.5332 | LR: 2.99e-04
2026-04-20 14:34:33,544 INFO Epoch 2 | Batch 1200 | Loss: 1.5954 | LR: 2.99e-04
2026-04-20 14:34:52,363 INFO Epoch 2 | Train: 1.8111 | Dev CER: 0.3620 | Dev WER: 0.8147 | Time: 202s | Peak: 11.5 GB
2026-04-20 14:34:52,363 INFO   New best CER: 0.3620
2026-04-20 14:34:55,764 INFO Epoch 3 | Batch 0 | Loss: 1.4999 | LR: 2.99e-04
2026-04-20 14:35:03,214 INFO Epoch 3 | Batch 50 | Loss: 1.5638 | LR: 2.99e-04
2026-04-20 14:35:10,641 INFO Epoch 3 | Batch 100 | Loss: 1.5036 | LR: 2.99e-04
2026-04-20 14:35:18,295 INFO Epoch 3 | Batch 150 | Loss: 1.4978 | LR: 2.99e-04
2026-04-20 14:35:25,838 INFO Epoch 3 | Batch 200 | Loss: 1.6458 | LR: 2.98e-04
2026-04-20 14:35:33,493 INFO Epoch 3 | Batch 250 | Loss: 1.2429 | LR: 2.98e-04
2026-04-20 14:35:40,934 INFO Epoch 3 | Batch 300 | Loss: 1.6551 | LR: 2.98e-04
2026-04-20 14:35:48,412 INFO Epoch 3 | Batch 350 | Loss: 1.2720 | LR: 2.98e-04
2026-04-20 14:35:55,903 INFO Epoch 3 | Batch 400 | Loss: 1.3753 | LR: 2.98e-04
2026-04-20 14:36:03,369 INFO Epoch 3 | Batch 450 | Loss: 1.9157 | LR: 2.98e-04
2026-04-20 14:36:10,960 INFO Epoch 3 | Batch 500 | Loss: 1.4352 | LR: 2.98e-04
2026-04-20 14:36:18,498 INFO Epoch 3 | Batch 550 | Loss: 1.4219 | LR: 2.98e-04
2026-04-20 14:36:26,067 INFO Epoch 3 | Batch 600 | Loss: 1.6724 | LR: 2.98e-04
2026-04-20 14:36:33,379 INFO Epoch 3 | Batch 650 | Loss: 1.5316 | LR: 2.97e-04
2026-04-20 14:36:40,901 INFO Epoch 3 | Batch 700 | Loss: 1.6258 | LR: 2.97e-04
2026-04-20 14:36:48,459 INFO Epoch 3 | Batch 750 | Loss: 1.8891 | LR: 2.97e-04
2026-04-20 14:36:55,845 INFO Epoch 3 | Batch 800 | Loss: 1.5752 | LR: 2.97e-04
2026-04-20 14:37:03,295 INFO Epoch 3 | Batch 850 | Loss: 1.5693 | LR: 2.97e-04
2026-04-20 14:37:10,868 INFO Epoch 3 | Batch 900 | Loss: 1.6879 | LR: 2.97e-04
2026-04-20 14:37:18,341 INFO Epoch 3 | Batch 950 | Loss: 1.7455 | LR: 2.97e-04
2026-04-20 14:37:25,771 INFO Epoch 3 | Batch 1000 | Loss: 1.3311 | LR: 2.97e-04
2026-04-20 14:37:33,493 INFO Epoch 3 | Batch 1050 | Loss: 1.4598 | LR: 2.96e-04
2026-04-20 14:37:41,177 INFO Epoch 3 | Batch 1100 | Loss: 1.2785 | LR: 2.96e-04
2026-04-20 14:37:48,829 INFO Epoch 3 | Batch 1150 | Loss: 1.8132 | LR: 2.96e-04
2026-04-20 14:37:56,490 INFO Epoch 3 | Batch 1200 | Loss: 1.6730 | LR: 2.96e-04
2026-04-20 14:38:16,166 INFO Epoch 3 | Train: 1.5104 | Dev CER: 0.2988 | Dev WER: 0.7295 | Time: 203s | Peak: 11.5 GB
2026-04-20 14:38:16,166 INFO   New best CER: 0.2988
2026-04-20 14:38:19,645 INFO Epoch 4 | Batch 0 | Loss: 1.2395 | LR: 2.96e-04
2026-04-20 14:38:27,142 INFO Epoch 4 | Batch 50 | Loss: 1.6105 | LR: 2.96e-04
2026-04-20 14:38:34,540 INFO Epoch 4 | Batch 100 | Loss: 1.2882 | LR: 2.96e-04
2026-04-20 14:38:42,041 INFO Epoch 4 | Batch 150 | Loss: 1.8017 | LR: 2.95e-04
2026-04-20 14:38:49,569 INFO Epoch 4 | Batch 200 | Loss: 1.4860 | LR: 2.95e-04
2026-04-20 14:38:57,072 INFO Epoch 4 | Batch 250 | Loss: 1.4088 | LR: 2.95e-04
2026-04-20 14:39:04,520 INFO Epoch 4 | Batch 300 | Loss: 1.3672 | LR: 2.95e-04
2026-04-20 14:39:11,875 INFO Epoch 4 | Batch 350 | Loss: 1.7844 | LR: 2.95e-04
2026-04-20 14:39:19,272 INFO Epoch 4 | Batch 400 | Loss: 1.4863 | LR: 2.95e-04
2026-04-20 14:39:26,746 INFO Epoch 4 | Batch 450 | Loss: 1.3623 | LR: 2.94e-04
2026-04-20 14:39:34,348 INFO Epoch 4 | Batch 500 | Loss: 1.5229 | LR: 2.94e-04
2026-04-20 14:39:41,942 INFO Epoch 4 | Batch 550 | Loss: 1.2452 | LR: 2.94e-04
2026-04-20 14:39:49,554 INFO Epoch 4 | Batch 600 | Loss: 1.4664 | LR: 2.94e-04
2026-04-20 14:39:56,957 INFO Epoch 4 | Batch 650 | Loss: 1.3498 | LR: 2.94e-04
2026-04-20 14:40:04,439 INFO Epoch 4 | Batch 700 | Loss: 1.1708 | LR: 2.93e-04
2026-04-20 14:40:11,748 INFO Epoch 4 | Batch 750 | Loss: 1.3986 | LR: 2.93e-04
2026-04-20 14:40:19,045 INFO Epoch 4 | Batch 800 | Loss: 1.2311 | LR: 2.93e-04
2026-04-20 14:40:26,474 INFO Epoch 4 | Batch 850 | Loss: 1.7107 | LR: 2.93e-04
2026-04-20 14:40:33,844 INFO Epoch 4 | Batch 900 | Loss: 1.4226 | LR: 2.93e-04
2026-04-20 14:40:41,240 INFO Epoch 4 | Batch 950 | Loss: 1.3568 | LR: 2.92e-04
2026-04-20 14:40:48,840 INFO Epoch 4 | Batch 1000 | Loss: 1.2139 | LR: 2.92e-04
2026-04-20 14:40:56,351 INFO Epoch 4 | Batch 1050 | Loss: 1.4114 | LR: 2.92e-04
2026-04-20 14:41:03,904 INFO Epoch 4 | Batch 1100 | Loss: 1.2350 | LR: 2.92e-04
2026-04-20 14:41:11,550 INFO Epoch 4 | Batch 1150 | Loss: 1.5510 | LR: 2.92e-04
2026-04-20 14:41:18,979 INFO Epoch 4 | Batch 1200 | Loss: 1.6607 | LR: 2.91e-04
2026-04-20 14:41:38,760 INFO Epoch 4 | Train: 1.3626 | Dev CER: 0.2625 | Dev WER: 0.6653 | Time: 202s | Peak: 11.5 GB
2026-04-20 14:41:38,760 INFO   New best CER: 0.2625
2026-04-20 14:41:41,683 INFO Epoch 5 | Batch 0 | Loss: 1.0263 | LR: 2.91e-04
2026-04-20 14:41:49,224 INFO Epoch 5 | Batch 50 | Loss: 1.2475 | LR: 2.91e-04
2026-04-20 14:41:56,772 INFO Epoch 5 | Batch 100 | Loss: 1.3126 | LR: 2.91e-04
2026-04-20 14:42:04,485 INFO Epoch 5 | Batch 150 | Loss: 1.2710 | LR: 2.91e-04
2026-04-20 14:42:11,821 INFO Epoch 5 | Batch 200 | Loss: 1.1267 | LR: 2.90e-04
2026-04-20 14:42:19,421 INFO Epoch 5 | Batch 250 | Loss: 1.8882 | LR: 2.90e-04
2026-04-20 14:42:26,782 INFO Epoch 5 | Batch 300 | Loss: 1.0724 | LR: 2.90e-04
2026-04-20 14:42:34,447 INFO Epoch 5 | Batch 350 | Loss: 1.0674 | LR: 2.90e-04
2026-04-20 14:42:41,884 INFO Epoch 5 | Batch 400 | Loss: 1.0015 | LR: 2.89e-04
2026-04-20 14:42:49,370 INFO Epoch 5 | Batch 450 | Loss: 1.3414 | LR: 2.89e-04
2026-04-20 14:42:57,040 INFO Epoch 5 | Batch 500 | Loss: 1.1720 | LR: 2.89e-04
2026-04-20 14:43:04,513 INFO Epoch 5 | Batch 550 | Loss: 1.2829 | LR: 2.89e-04
2026-04-20 14:43:12,070 INFO Epoch 5 | Batch 600 | Loss: 1.4493 | LR: 2.88e-04
2026-04-20 14:43:19,546 INFO Epoch 5 | Batch 650 | Loss: 1.5582 | LR: 2.88e-04
2026-04-20 14:43:27,098 INFO Epoch 5 | Batch 700 | Loss: 1.1962 | LR: 2.88e-04
2026-04-20 14:43:34,551 INFO Epoch 5 | Batch 750 | Loss: 1.1140 | LR: 2.88e-04
2026-04-20 14:43:42,033 INFO Epoch 5 | Batch 800 | Loss: 1.1190 | LR: 2.87e-04
2026-04-20 14:43:49,610 INFO Epoch 5 | Batch 850 | Loss: 1.2235 | LR: 2.87e-04
2026-04-20 14:43:57,171 INFO Epoch 5 | Batch 900 | Loss: 1.3026 | LR: 2.87e-04
2026-04-20 14:44:04,531 INFO Epoch 5 | Batch 950 | Loss: 1.6266 | LR: 2.87e-04
2026-04-20 14:44:11,954 INFO Epoch 5 | Batch 1000 | Loss: 1.4367 | LR: 2.86e-04
2026-04-20 14:44:19,397 INFO Epoch 5 | Batch 1050 | Loss: 1.1567 | LR: 2.86e-04
2026-04-20 14:44:26,976 INFO Epoch 5 | Batch 1100 | Loss: 1.2949 | LR: 2.86e-04
2026-04-20 14:44:34,529 INFO Epoch 5 | Batch 1150 | Loss: 1.5721 | LR: 2.86e-04
2026-04-20 14:44:42,023 INFO Epoch 5 | Batch 1200 | Loss: 1.2204 | LR: 2.85e-04
2026-04-20 14:45:03,075 INFO Epoch 5 | Train: 1.2470 | Dev CER: 0.2386 | Dev WER: 0.6245 | Time: 204s | Peak: 11.5 GB
2026-04-20 14:45:03,075 INFO   New best CER: 0.2386
2026-04-20 14:45:06,319 INFO Epoch 6 | Batch 0 | Loss: 1.2343 | LR: 2.85e-04
2026-04-20 14:45:13,692 INFO Epoch 6 | Batch 50 | Loss: 1.7578 | LR: 2.85e-04
2026-04-20 14:45:21,258 INFO Epoch 6 | Batch 100 | Loss: 1.3601 | LR: 2.84e-04
2026-04-20 14:45:28,617 INFO Epoch 6 | Batch 150 | Loss: 1.2804 | LR: 2.84e-04
2026-04-20 14:45:35,991 INFO Epoch 6 | Batch 200 | Loss: 1.3458 | LR: 2.84e-04
2026-04-20 14:45:43,574 INFO Epoch 6 | Batch 250 | Loss: 0.9747 | LR: 2.84e-04
2026-04-20 14:45:50,975 INFO Epoch 6 | Batch 300 | Loss: 0.9697 | LR: 2.83e-04
2026-04-20 14:45:58,567 INFO Epoch 6 | Batch 350 | Loss: 1.0929 | LR: 2.83e-04
2026-04-20 14:46:06,134 INFO Epoch 6 | Batch 400 | Loss: 1.0087 | LR: 2.83e-04
2026-04-20 14:46:13,623 INFO Epoch 6 | Batch 450 | Loss: 1.8825 | LR: 2.82e-04
2026-04-20 14:46:21,161 INFO Epoch 6 | Batch 500 | Loss: 1.0003 | LR: 2.82e-04
2026-04-20 14:46:28,768 INFO Epoch 6 | Batch 550 | Loss: 1.0876 | LR: 2.82e-04
2026-04-20 14:46:36,238 INFO Epoch 6 | Batch 600 | Loss: 1.1429 | LR: 2.81e-04
2026-04-20 14:46:43,727 INFO Epoch 6 | Batch 650 | Loss: 1.3378 | LR: 2.81e-04
2026-04-20 14:46:51,288 INFO Epoch 6 | Batch 700 | Loss: 1.3891 | LR: 2.81e-04
2026-04-20 14:46:58,704 INFO Epoch 6 | Batch 750 | Loss: 1.1848 | LR: 2.81e-04
2026-04-20 14:47:06,288 INFO Epoch 6 | Batch 800 | Loss: 1.1286 | LR: 2.80e-04
2026-04-20 14:47:13,823 INFO Epoch 6 | Batch 850 | Loss: 1.2450 | LR: 2.80e-04
2026-04-20 14:47:21,400 INFO Epoch 6 | Batch 900 | Loss: 0.9496 | LR: 2.80e-04
2026-04-20 14:47:28,975 INFO Epoch 6 | Batch 950 | Loss: 1.5566 | LR: 2.79e-04
2026-04-20 14:47:36,516 INFO Epoch 6 | Batch 1000 | Loss: 1.1114 | LR: 2.79e-04
2026-04-20 14:47:44,232 INFO Epoch 6 | Batch 1050 | Loss: 1.3418 | LR: 2.79e-04
2026-04-20 14:47:51,745 INFO Epoch 6 | Batch 1100 | Loss: 1.2959 | LR: 2.78e-04
2026-04-20 14:47:59,088 INFO Epoch 6 | Batch 1150 | Loss: 1.0970 | LR: 2.78e-04
2026-04-20 14:48:06,529 INFO Epoch 6 | Batch 1200 | Loss: 1.0324 | LR: 2.78e-04
2026-04-20 14:48:25,757 INFO Epoch 6 | Train: 1.1672 | Dev CER: 0.2217 | Dev WER: 0.5887 | Time: 202s | Peak: 11.5 GB
2026-04-20 14:48:25,757 INFO   New best CER: 0.2217
2026-04-20 14:48:28,735 INFO Epoch 7 | Batch 0 | Loss: 1.2760 | LR: 2.77e-04
2026-04-20 14:48:36,327 INFO Epoch 7 | Batch 50 | Loss: 1.3503 | LR: 2.77e-04
2026-04-20 14:48:43,864 INFO Epoch 7 | Batch 100 | Loss: 1.0192 | LR: 2.77e-04
2026-04-20 14:48:51,305 INFO Epoch 7 | Batch 150 | Loss: 1.2214 | LR: 2.76e-04
2026-04-20 14:48:58,971 INFO Epoch 7 | Batch 200 | Loss: 1.0063 | LR: 2.76e-04
2026-04-20 14:49:06,464 INFO Epoch 7 | Batch 250 | Loss: 1.1721 | LR: 2.76e-04
2026-04-20 14:49:13,858 INFO Epoch 7 | Batch 300 | Loss: 1.0543 | LR: 2.75e-04
2026-04-20 14:49:21,552 INFO Epoch 7 | Batch 350 | Loss: 1.3316 | LR: 2.75e-04
2026-04-20 14:49:29,021 INFO Epoch 7 | Batch 400 | Loss: 0.9714 | LR: 2.74e-04
2026-04-20 14:49:36,504 INFO Epoch 7 | Batch 450 | Loss: 1.2593 | LR: 2.74e-04
2026-04-20 14:49:44,005 INFO Epoch 7 | Batch 500 | Loss: 1.3032 | LR: 2.74e-04
2026-04-20 14:49:51,582 INFO Epoch 7 | Batch 550 | Loss: 0.9980 | LR: 2.73e-04
2026-04-20 14:49:59,040 INFO Epoch 7 | Batch 600 | Loss: 1.1183 | LR: 2.73e-04
2026-04-20 14:50:06,606 INFO Epoch 7 | Batch 650 | Loss: 1.3250 | LR: 2.73e-04
2026-04-20 14:50:14,064 INFO Epoch 7 | Batch 700 | Loss: 1.1778 | LR: 2.72e-04
2026-04-20 14:50:21,482 INFO Epoch 7 | Batch 750 | Loss: 1.2866 | LR: 2.72e-04
2026-04-20 14:50:29,071 INFO Epoch 7 | Batch 800 | Loss: 1.5195 | LR: 2.71e-04
2026-04-20 14:50:36,573 INFO Epoch 7 | Batch 850 | Loss: 1.3184 | LR: 2.71e-04
2026-04-20 14:50:44,044 INFO Epoch 7 | Batch 900 | Loss: 1.0216 | LR: 2.71e-04
2026-04-20 14:50:51,153 INFO Epoch 7 | Batch 950 | Loss: 0.9527 | LR: 2.70e-04
2026-04-20 14:50:58,548 INFO Epoch 7 | Batch 1000 | Loss: 0.9491 | LR: 2.70e-04
2026-04-20 14:51:05,995 INFO Epoch 7 | Batch 1050 | Loss: 1.2973 | LR: 2.69e-04
2026-04-20 14:51:13,375 INFO Epoch 7 | Batch 1100 | Loss: 1.4888 | LR: 2.69e-04
2026-04-20 14:51:20,792 INFO Epoch 7 | Batch 1150 | Loss: 1.0166 | LR: 2.69e-04
2026-04-20 14:51:28,291 INFO Epoch 7 | Batch 1200 | Loss: 0.7438 | LR: 2.68e-04
2026-04-20 14:51:47,214 INFO Epoch 7 | Train: 1.1168 | Dev CER: 0.2064 | Dev WER: 0.5563 | Time: 201s | Peak: 11.5 GB
2026-04-20 14:51:47,214 INFO   New best CER: 0.2064
2026-04-20 14:51:50,503 INFO Epoch 8 | Batch 0 | Loss: 1.0327 | LR: 2.68e-04
2026-04-20 14:51:58,004 INFO Epoch 8 | Batch 50 | Loss: 1.1716 | LR: 2.68e-04
2026-04-20 14:52:05,611 INFO Epoch 8 | Batch 100 | Loss: 1.1193 | LR: 2.67e-04
2026-04-20 14:52:13,075 INFO Epoch 8 | Batch 150 | Loss: 1.3158 | LR: 2.67e-04
2026-04-20 14:52:20,529 INFO Epoch 8 | Batch 200 | Loss: 1.0333 | LR: 2.66e-04
2026-04-20 14:52:27,916 INFO Epoch 8 | Batch 250 | Loss: 1.3033 | LR: 2.66e-04
2026-04-20 14:52:35,461 INFO Epoch 8 | Batch 300 | Loss: 0.9485 | LR: 2.66e-04
2026-04-20 14:52:43,055 INFO Epoch 8 | Batch 350 | Loss: 1.3099 | LR: 2.65e-04
2026-04-20 14:52:50,734 INFO Epoch 8 | Batch 400 | Loss: 0.9356 | LR: 2.65e-04
2026-04-20 14:52:58,206 INFO Epoch 8 | Batch 450 | Loss: 1.2414 | LR: 2.64e-04
2026-04-20 14:53:05,839 INFO Epoch 8 | Batch 500 | Loss: 1.0165 | LR: 2.64e-04
2026-04-20 14:53:13,358 INFO Epoch 8 | Batch 550 | Loss: 1.0526 | LR: 2.63e-04
2026-04-20 14:53:20,961 INFO Epoch 8 | Batch 600 | Loss: 0.8844 | LR: 2.63e-04
2026-04-20 14:53:28,447 INFO Epoch 8 | Batch 650 | Loss: 1.0357 | LR: 2.63e-04
2026-04-20 14:53:35,762 INFO Epoch 8 | Batch 700 | Loss: 0.9050 | LR: 2.62e-04
2026-04-20 14:53:43,229 INFO Epoch 8 | Batch 750 | Loss: 0.8518 | LR: 2.62e-04
2026-04-20 14:53:50,682 INFO Epoch 8 | Batch 800 | Loss: 1.0562 | LR: 2.61e-04
2026-04-20 14:53:58,114 INFO Epoch 8 | Batch 850 | Loss: 0.7667 | LR: 2.61e-04
2026-04-20 14:54:05,621 INFO Epoch 8 | Batch 900 | Loss: 1.2114 | LR: 2.60e-04
2026-04-20 14:54:13,092 INFO Epoch 8 | Batch 950 | Loss: 1.0864 | LR: 2.60e-04
2026-04-20 14:54:20,421 INFO Epoch 8 | Batch 1000 | Loss: 0.8619 | LR: 2.60e-04
2026-04-20 14:54:27,755 INFO Epoch 8 | Batch 1050 | Loss: 0.9766 | LR: 2.59e-04
2026-04-20 14:54:35,389 INFO Epoch 8 | Batch 1100 | Loss: 0.9434 | LR: 2.59e-04
2026-04-20 14:54:42,862 INFO Epoch 8 | Batch 1150 | Loss: 0.8623 | LR: 2.58e-04
2026-04-20 14:54:50,300 INFO Epoch 8 | Batch 1200 | Loss: 0.9171 | LR: 2.58e-04
2026-04-20 14:55:12,114 INFO Epoch 8 | Train: 1.0630 | Dev CER: 0.1930 | Dev WER: 0.5324 | Time: 204s | Peak: 11.5 GB
2026-04-20 14:55:12,114 INFO   New best CER: 0.1930
2026-04-20 14:55:15,264 INFO Epoch 9 | Batch 0 | Loss: 1.0230 | LR: 2.57e-04
2026-04-20 14:55:22,611 INFO Epoch 9 | Batch 50 | Loss: 1.0796 | LR: 2.57e-04
2026-04-20 14:55:30,070 INFO Epoch 9 | Batch 100 | Loss: 0.9189 | LR: 2.56e-04
2026-04-20 14:55:37,548 INFO Epoch 9 | Batch 150 | Loss: 1.1005 | LR: 2.56e-04
2026-04-20 14:55:44,997 INFO Epoch 9 | Batch 200 | Loss: 0.9907 | LR: 2.56e-04
2026-04-20 14:55:52,567 INFO Epoch 9 | Batch 250 | Loss: 1.1359 | LR: 2.55e-04
2026-04-20 14:55:59,914 INFO Epoch 9 | Batch 300 | Loss: 0.9614 | LR: 2.55e-04
2026-04-20 14:56:07,310 INFO Epoch 9 | Batch 350 | Loss: 1.2268 | LR: 2.54e-04
2026-04-20 14:56:14,689 INFO Epoch 9 | Batch 400 | Loss: 0.9045 | LR: 2.54e-04
2026-04-20 14:56:22,126 INFO Epoch 9 | Batch 450 | Loss: 0.8194 | LR: 2.53e-04
2026-04-20 14:56:29,602 INFO Epoch 9 | Batch 500 | Loss: 0.8333 | LR: 2.53e-04
2026-04-20 14:56:36,960 INFO Epoch 9 | Batch 550 | Loss: 0.8339 | LR: 2.52e-04
2026-04-20 14:56:44,345 INFO Epoch 9 | Batch 600 | Loss: 0.9006 | LR: 2.52e-04
2026-04-20 14:56:51,796 INFO Epoch 9 | Batch 650 | Loss: 1.1328 | LR: 2.51e-04
2026-04-20 14:56:59,264 INFO Epoch 9 | Batch 700 | Loss: 0.8036 | LR: 2.51e-04
2026-04-20 14:57:06,609 INFO Epoch 9 | Batch 750 | Loss: 0.9675 | LR: 2.50e-04
2026-04-20 14:57:13,948 INFO Epoch 9 | Batch 800 | Loss: 1.0428 | LR: 2.50e-04
2026-04-20 14:57:21,300 INFO Epoch 9 | Batch 850 | Loss: 1.2041 | LR: 2.49e-04
2026-04-20 14:57:28,756 INFO Epoch 9 | Batch 900 | Loss: 1.1988 | LR: 2.49e-04
2026-04-20 14:57:36,108 INFO Epoch 9 | Batch 950 | Loss: 1.0369 | LR: 2.48e-04
2026-04-20 14:57:43,397 INFO Epoch 9 | Batch 1000 | Loss: 0.9124 | LR: 2.48e-04
2026-04-20 14:57:50,702 INFO Epoch 9 | Batch 1050 | Loss: 1.1620 | LR: 2.47e-04
2026-04-20 14:57:57,999 INFO Epoch 9 | Batch 1100 | Loss: 0.8556 | LR: 2.47e-04
2026-04-20 14:58:05,367 INFO Epoch 9 | Batch 1150 | Loss: 0.8154 | LR: 2.46e-04
2026-04-20 14:58:12,639 INFO Epoch 9 | Batch 1200 | Loss: 1.0045 | LR: 2.46e-04
2026-04-20 14:58:33,284 INFO Epoch 9 | Train: 1.0282 | Dev CER: 0.1820 | Dev WER: 0.5102 | Time: 201s | Peak: 11.5 GB
2026-04-20 14:58:33,285 INFO   New best CER: 0.1820
2026-04-20 14:58:36,306 INFO Epoch 10 | Batch 0 | Loss: 0.9969 | LR: 2.46e-04
2026-04-20 14:58:43,428 INFO Epoch 10 | Batch 50 | Loss: 1.0154 | LR: 2.45e-04
2026-04-20 14:58:50,765 INFO Epoch 10 | Batch 100 | Loss: 0.8870 | LR: 2.45e-04
2026-04-20 14:58:58,101 INFO Epoch 10 | Batch 150 | Loss: 1.0065 | LR: 2.44e-04
2026-04-20 14:59:05,221 INFO Epoch 10 | Batch 200 | Loss: 0.9683 | LR: 2.44e-04
2026-04-20 14:59:12,503 INFO Epoch 10 | Batch 250 | Loss: 0.8105 | LR: 2.43e-04
2026-04-20 14:59:19,923 INFO Epoch 10 | Batch 300 | Loss: 0.8104 | LR: 2.43e-04
2026-04-20 14:59:27,366 INFO Epoch 10 | Batch 350 | Loss: 0.8079 | LR: 2.42e-04
2026-04-20 14:59:34,711 INFO Epoch 10 | Batch 400 | Loss: 0.6536 | LR: 2.41e-04
2026-04-20 14:59:42,071 INFO Epoch 10 | Batch 450 | Loss: 1.0559 | LR: 2.41e-04
2026-04-20 14:59:49,249 INFO Epoch 10 | Batch 500 | Loss: 0.8027 | LR: 2.40e-04
2026-04-20 14:59:56,477 INFO Epoch 10 | Batch 550 | Loss: 0.9664 | LR: 2.40e-04
2026-04-20 15:00:03,967 INFO Epoch 10 | Batch 600 | Loss: 1.0661 | LR: 2.39e-04
2026-04-20 15:00:11,368 INFO Epoch 10 | Batch 650 | Loss: 1.0239 | LR: 2.39e-04
2026-04-20 15:00:18,909 INFO Epoch 10 | Batch 700 | Loss: 1.5440 | LR: 2.38e-04
2026-04-20 15:00:26,224 INFO Epoch 10 | Batch 750 | Loss: 0.6581 | LR: 2.38e-04
2026-04-20 15:00:33,659 INFO Epoch 10 | Batch 800 | Loss: 1.5873 | LR: 2.37e-04
2026-04-20 15:00:40,109 INFO Epoch 10 | Batch 850 | Loss: 0.7860 | LR: 2.37e-04
2026-04-20 15:00:46,856 INFO Epoch 10 | Batch 900 | Loss: 0.8158 | LR: 2.36e-04
2026-04-20 15:00:54,239 INFO Epoch 10 | Batch 950 | Loss: 0.8691 | LR: 2.36e-04
2026-04-20 15:01:01,518 INFO Epoch 10 | Batch 1000 | Loss: 0.8608 | LR: 2.35e-04
2026-04-20 15:01:08,943 INFO Epoch 10 | Batch 1050 | Loss: 0.8609 | LR: 2.35e-04
2026-04-20 15:01:16,215 INFO Epoch 10 | Batch 1100 | Loss: 0.7595 | LR: 2.34e-04
2026-04-20 15:01:23,632 INFO Epoch 10 | Batch 1150 | Loss: 0.8943 | LR: 2.34e-04
2026-04-20 15:01:30,967 INFO Epoch 10 | Batch 1200 | Loss: 0.8921 | LR: 2.33e-04
2026-04-20 15:01:51,506 INFO Epoch 10 | Train: 0.9842 | Dev CER: 0.1740 | Dev WER: 0.4904 | Time: 198s | Peak: 11.5 GB
2026-04-20 15:01:51,506 INFO   New best CER: 0.1740
2026-04-20 15:01:54,925 INFO Epoch 11 | Batch 0 | Loss: 0.9994 | LR: 2.33e-04
2026-04-20 15:02:02,333 INFO Epoch 11 | Batch 50 | Loss: 0.8992 | LR: 2.32e-04
2026-04-20 15:02:09,574 INFO Epoch 11 | Batch 100 | Loss: 0.6960 | LR: 2.32e-04
2026-04-20 15:02:16,890 INFO Epoch 11 | Batch 150 | Loss: 0.6916 | LR: 2.31e-04
2026-04-20 15:02:24,166 INFO Epoch 11 | Batch 200 | Loss: 1.1772 | LR: 2.30e-04
2026-04-20 15:02:31,473 INFO Epoch 11 | Batch 250 | Loss: 1.0111 | LR: 2.30e-04
2026-04-20 15:02:38,701 INFO Epoch 11 | Batch 300 | Loss: 1.1107 | LR: 2.29e-04
2026-04-20 15:02:45,974 INFO Epoch 11 | Batch 350 | Loss: 1.1329 | LR: 2.29e-04
2026-04-20 15:02:53,238 INFO Epoch 11 | Batch 400 | Loss: 0.6466 | LR: 2.28e-04
2026-04-20 15:03:00,552 INFO Epoch 11 | Batch 450 | Loss: 0.6792 | LR: 2.28e-04
2026-04-20 15:03:07,791 INFO Epoch 11 | Batch 500 | Loss: 0.9571 | LR: 2.27e-04
2026-04-20 15:03:15,150 INFO Epoch 11 | Batch 550 | Loss: 0.9854 | LR: 2.27e-04
2026-04-20 15:03:22,432 INFO Epoch 11 | Batch 600 | Loss: 0.8995 | LR: 2.26e-04
2026-04-20 15:03:29,704 INFO Epoch 11 | Batch 650 | Loss: 1.3383 | LR: 2.25e-04
2026-04-20 15:03:36,981 INFO Epoch 11 | Batch 700 | Loss: 0.8996 | LR: 2.25e-04
2026-04-20 15:03:44,306 INFO Epoch 11 | Batch 750 | Loss: 0.9503 | LR: 2.24e-04
2026-04-20 15:03:51,564 INFO Epoch 11 | Batch 800 | Loss: 1.0487 | LR: 2.24e-04
2026-04-20 15:03:58,813 INFO Epoch 11 | Batch 850 | Loss: 0.8663 | LR: 2.23e-04
2026-04-20 15:04:06,068 INFO Epoch 11 | Batch 900 | Loss: 0.8182 | LR: 2.23e-04
2026-04-20 15:04:13,215 INFO Epoch 11 | Batch 950 | Loss: 0.6440 | LR: 2.22e-04
2026-04-20 15:04:20,493 INFO Epoch 11 | Batch 1000 | Loss: 0.8303 | LR: 2.21e-04
2026-04-20 15:04:27,715 INFO Epoch 11 | Batch 1050 | Loss: 1.0222 | LR: 2.21e-04
2026-04-20 15:04:34,978 INFO Epoch 11 | Batch 1100 | Loss: 0.9040 | LR: 2.20e-04
2026-04-20 15:04:42,243 INFO Epoch 11 | Batch 1150 | Loss: 0.9897 | LR: 2.20e-04
2026-04-20 15:04:49,445 INFO Epoch 11 | Batch 1200 | Loss: 0.7379 | LR: 2.19e-04
2026-04-20 15:05:08,827 INFO Epoch 11 | Train: 0.9546 | Dev CER: 0.1656 | Dev WER: 0.4801 | Time: 197s | Peak: 11.5 GB
2026-04-20 15:05:08,827 INFO   New best CER: 0.1656
2026-04-20 15:05:11,924 INFO Epoch 12 | Batch 0 | Loss: 0.8568 | LR: 2.19e-04
2026-04-20 15:05:19,357 INFO Epoch 12 | Batch 50 | Loss: 1.8447 | LR: 2.18e-04
2026-04-20 15:05:26,676 INFO Epoch 12 | Batch 100 | Loss: 1.5056 | LR: 2.18e-04
2026-04-20 15:05:33,970 INFO Epoch 12 | Batch 150 | Loss: 0.9098 | LR: 2.17e-04
2026-04-20 15:05:41,430 INFO Epoch 12 | Batch 200 | Loss: 0.6909 | LR: 2.16e-04
2026-04-20 15:05:48,809 INFO Epoch 12 | Batch 250 | Loss: 0.8821 | LR: 2.16e-04
2026-04-20 15:05:56,392 INFO Epoch 12 | Batch 300 | Loss: 0.6622 | LR: 2.15e-04
2026-04-20 15:06:03,820 INFO Epoch 12 | Batch 350 | Loss: 1.0875 | LR: 2.15e-04
2026-04-20 15:06:11,141 INFO Epoch 12 | Batch 400 | Loss: 0.9143 | LR: 2.14e-04
2026-04-20 15:06:18,542 INFO Epoch 12 | Batch 450 | Loss: 0.8677 | LR: 2.13e-04
2026-04-20 15:06:25,955 INFO Epoch 12 | Batch 500 | Loss: 0.7551 | LR: 2.13e-04
2026-04-20 15:06:33,224 INFO Epoch 12 | Batch 550 | Loss: 1.1963 | LR: 2.12e-04
2026-04-20 15:06:40,785 INFO Epoch 12 | Batch 600 | Loss: 0.8693 | LR: 2.12e-04
2026-04-20 15:06:48,122 INFO Epoch 12 | Batch 650 | Loss: 1.0336 | LR: 2.11e-04
2026-04-20 15:06:55,300 INFO Epoch 12 | Batch 700 | Loss: 0.9729 | LR: 2.11e-04
2026-04-20 15:07:02,667 INFO Epoch 12 | Batch 750 | Loss: 0.5891 | LR: 2.10e-04
2026-04-20 15:07:10,005 INFO Epoch 12 | Batch 800 | Loss: 0.8014 | LR: 2.09e-04
2026-04-20 15:07:17,403 INFO Epoch 12 | Batch 850 | Loss: 0.8704 | LR: 2.09e-04
2026-04-20 15:07:24,740 INFO Epoch 12 | Batch 900 | Loss: 0.9625 | LR: 2.08e-04
2026-04-20 15:07:32,096 INFO Epoch 12 | Batch 950 | Loss: 1.1405 | LR: 2.08e-04
2026-04-20 15:07:39,397 INFO Epoch 12 | Batch 1000 | Loss: 1.0307 | LR: 2.07e-04
2026-04-20 15:07:46,769 INFO Epoch 12 | Batch 1050 | Loss: 0.9503 | LR: 2.06e-04
2026-04-20 15:07:54,119 INFO Epoch 12 | Batch 1100 | Loss: 0.8659 | LR: 2.06e-04
2026-04-20 15:08:01,433 INFO Epoch 12 | Batch 1150 | Loss: 0.8381 | LR: 2.05e-04
2026-04-20 15:08:08,914 INFO Epoch 12 | Batch 1200 | Loss: 1.1072 | LR: 2.04e-04
2026-04-20 15:08:30,494 INFO Epoch 12 | Train: 0.9360 | Dev CER: 0.1621 | Dev WER: 0.4630 | Time: 201s | Peak: 11.5 GB
2026-04-20 15:08:30,494 INFO   New best CER: 0.1621
2026-04-20 15:08:33,957 INFO Epoch 13 | Batch 0 | Loss: 0.9565 | LR: 2.04e-04
2026-04-20 15:08:41,285 INFO Epoch 13 | Batch 50 | Loss: 0.6927 | LR: 2.03e-04
2026-04-20 15:08:48,783 INFO Epoch 13 | Batch 100 | Loss: 0.7645 | LR: 2.03e-04
2026-04-20 15:08:56,121 INFO Epoch 13 | Batch 150 | Loss: 0.7137 | LR: 2.02e-04
2026-04-20 15:09:03,479 INFO Epoch 13 | Batch 200 | Loss: 0.7622 | LR: 2.02e-04
2026-04-20 15:09:10,711 INFO Epoch 13 | Batch 250 | Loss: 0.9792 | LR: 2.01e-04
2026-04-20 15:09:17,912 INFO Epoch 13 | Batch 300 | Loss: 0.7897 | LR: 2.00e-04
2026-04-20 15:09:25,299 INFO Epoch 13 | Batch 350 | Loss: 1.0104 | LR: 2.00e-04
2026-04-20 15:09:32,613 INFO Epoch 13 | Batch 400 | Loss: 0.8595 | LR: 1.99e-04
2026-04-20 15:09:39,875 INFO Epoch 13 | Batch 450 | Loss: 0.8458 | LR: 1.99e-04
2026-04-20 15:09:47,243 INFO Epoch 13 | Batch 500 | Loss: 0.7156 | LR: 1.98e-04
2026-04-20 15:09:54,526 INFO Epoch 13 | Batch 550 | Loss: 0.7386 | LR: 1.97e-04
2026-04-20 15:10:01,952 INFO Epoch 13 | Batch 600 | Loss: 0.8063 | LR: 1.97e-04
2026-04-20 15:10:09,283 INFO Epoch 13 | Batch 650 | Loss: 0.9713 | LR: 1.96e-04
2026-04-20 15:10:16,690 INFO Epoch 13 | Batch 700 | Loss: 0.9785 | LR: 1.95e-04
2026-04-20 15:10:24,165 INFO Epoch 13 | Batch 750 | Loss: 0.9172 | LR: 1.95e-04
2026-04-20 15:10:31,588 INFO Epoch 13 | Batch 800 | Loss: 0.7835 | LR: 1.94e-04
2026-04-20 15:10:39,015 INFO Epoch 13 | Batch 850 | Loss: 1.2941 | LR: 1.94e-04
2026-04-20 15:10:46,503 INFO Epoch 13 | Batch 900 | Loss: 1.0099 | LR: 1.93e-04
2026-04-20 15:10:53,908 INFO Epoch 13 | Batch 950 | Loss: 0.8888 | LR: 1.92e-04
2026-04-20 15:11:01,300 INFO Epoch 13 | Batch 1000 | Loss: 0.8331 | LR: 1.92e-04
2026-04-20 15:11:08,708 INFO Epoch 13 | Batch 1050 | Loss: 0.7092 | LR: 1.91e-04
2026-04-20 15:11:16,212 INFO Epoch 13 | Batch 1100 | Loss: 1.4549 | LR: 1.90e-04
2026-04-20 15:11:23,833 INFO Epoch 13 | Batch 1150 | Loss: 1.0068 | LR: 1.90e-04
2026-04-20 15:11:31,187 INFO Epoch 13 | Batch 1200 | Loss: 1.2779 | LR: 1.89e-04
2026-04-20 15:11:51,847 INFO Epoch 13 | Train: 0.9030 | Dev CER: 0.1566 | Dev WER: 0.4523 | Time: 201s | Peak: 11.5 GB
2026-04-20 15:11:51,847 INFO   New best CER: 0.1566
2026-04-20 15:11:55,271 INFO Epoch 14 | Batch 0 | Loss: 0.9453 | LR: 1.89e-04
2026-04-20 15:12:02,835 INFO Epoch 14 | Batch 50 | Loss: 1.2215 | LR: 1.88e-04
2026-04-20 15:12:10,419 INFO Epoch 14 | Batch 100 | Loss: 0.8023 | LR: 1.87e-04
2026-04-20 15:12:17,944 INFO Epoch 14 | Batch 150 | Loss: 0.7794 | LR: 1.87e-04
2026-04-20 15:12:25,339 INFO Epoch 14 | Batch 200 | Loss: 0.8804 | LR: 1.86e-04
2026-04-20 15:12:32,722 INFO Epoch 14 | Batch 250 | Loss: 1.0062 | LR: 1.86e-04
2026-04-20 15:12:40,313 INFO Epoch 14 | Batch 300 | Loss: 0.7532 | LR: 1.85e-04
2026-04-20 15:12:47,975 INFO Epoch 14 | Batch 350 | Loss: 0.9205 | LR: 1.84e-04
2026-04-20 15:12:55,489 INFO Epoch 14 | Batch 400 | Loss: 0.8581 | LR: 1.84e-04
2026-04-20 15:13:03,128 INFO Epoch 14 | Batch 450 | Loss: 0.9605 | LR: 1.83e-04
2026-04-20 15:13:10,433 INFO Epoch 14 | Batch 500 | Loss: 0.8692 | LR: 1.82e-04
2026-04-20 15:13:17,865 INFO Epoch 14 | Batch 550 | Loss: 0.9132 | LR: 1.82e-04
2026-04-20 15:13:25,355 INFO Epoch 14 | Batch 600 | Loss: 1.0505 | LR: 1.81e-04
2026-04-20 15:13:32,860 INFO Epoch 14 | Batch 650 | Loss: 0.7939 | LR: 1.81e-04
2026-04-20 15:13:40,463 INFO Epoch 14 | Batch 700 | Loss: 0.9026 | LR: 1.80e-04
2026-04-20 15:13:47,979 INFO Epoch 14 | Batch 750 | Loss: 0.7713 | LR: 1.79e-04
2026-04-20 15:13:55,411 INFO Epoch 14 | Batch 800 | Loss: 0.8488 | LR: 1.79e-04
2026-04-20 15:14:03,019 INFO Epoch 14 | Batch 850 | Loss: 0.7924 | LR: 1.78e-04
2026-04-20 15:14:10,636 INFO Epoch 14 | Batch 900 | Loss: 0.8158 | LR: 1.77e-04
2026-04-20 15:14:18,171 INFO Epoch 14 | Batch 950 | Loss: 0.9056 | LR: 1.77e-04
2026-04-20 15:14:25,789 INFO Epoch 14 | Batch 1000 | Loss: 0.7461 | LR: 1.76e-04
2026-04-20 15:14:33,255 INFO Epoch 14 | Batch 1050 | Loss: 0.9565 | LR: 1.75e-04
2026-04-20 15:14:40,747 INFO Epoch 14 | Batch 1100 | Loss: 0.7771 | LR: 1.75e-04
2026-04-20 15:14:48,031 INFO Epoch 14 | Batch 1150 | Loss: 0.8874 | LR: 1.74e-04
2026-04-20 15:14:55,657 INFO Epoch 14 | Batch 1200 | Loss: 0.9225 | LR: 1.73e-04
2026-04-20 15:15:17,472 INFO Epoch 14 | Train: 0.8906 | Dev CER: 0.1526 | Dev WER: 0.4403 | Time: 205s | Peak: 11.5 GB
2026-04-20 15:15:17,472 INFO   New best CER: 0.1526
2026-04-20 15:15:20,931 INFO Epoch 15 | Batch 0 | Loss: 0.7553 | LR: 1.73e-04
2026-04-20 15:15:28,106 INFO Epoch 15 | Batch 50 | Loss: 0.8714 | LR: 1.72e-04
2026-04-20 15:15:35,372 INFO Epoch 15 | Batch 100 | Loss: 0.6771 | LR: 1.72e-04
2026-04-20 15:15:42,803 INFO Epoch 15 | Batch 150 | Loss: 0.6794 | LR: 1.71e-04
2026-04-20 15:15:50,181 INFO Epoch 15 | Batch 200 | Loss: 1.0062 | LR: 1.70e-04
2026-04-20 15:15:57,590 INFO Epoch 15 | Batch 250 | Loss: 0.6978 | LR: 1.70e-04
2026-04-20 15:16:04,905 INFO Epoch 15 | Batch 300 | Loss: 0.8760 | LR: 1.69e-04
2026-04-20 15:16:12,291 INFO Epoch 15 | Batch 350 | Loss: 0.7153 | LR: 1.68e-04
2026-04-20 15:16:19,730 INFO Epoch 15 | Batch 400 | Loss: 0.7538 | LR: 1.68e-04
2026-04-20 15:16:27,313 INFO Epoch 15 | Batch 450 | Loss: 0.6110 | LR: 1.67e-04
2026-04-20 15:16:34,869 INFO Epoch 15 | Batch 500 | Loss: 0.9482 | LR: 1.67e-04
2026-04-20 15:16:42,527 INFO Epoch 15 | Batch 550 | Loss: 0.7038 | LR: 1.66e-04
2026-04-20 15:16:50,096 INFO Epoch 15 | Batch 600 | Loss: 0.6486 | LR: 1.65e-04
2026-04-20 15:16:57,742 INFO Epoch 15 | Batch 650 | Loss: 0.6624 | LR: 1.65e-04
2026-04-20 15:17:05,200 INFO Epoch 15 | Batch 700 | Loss: 0.8271 | LR: 1.64e-04
2026-04-20 15:17:12,628 INFO Epoch 15 | Batch 750 | Loss: 0.8528 | LR: 1.63e-04
2026-04-20 15:17:19,928 INFO Epoch 15 | Batch 800 | Loss: 0.8553 | LR: 1.63e-04
2026-04-20 15:17:26,505 INFO Epoch 15 | Batch 850 | Loss: 0.6822 | LR: 1.62e-04
2026-04-20 15:17:32,901 INFO Epoch 15 | Batch 900 | Loss: 0.9764 | LR: 1.61e-04
2026-04-20 15:17:40,232 INFO Epoch 15 | Batch 950 | Loss: 0.8838 | LR: 1.61e-04
2026-04-20 15:17:47,542 INFO Epoch 15 | Batch 1000 | Loss: 0.7787 | LR: 1.60e-04
2026-04-20 15:17:54,798 INFO Epoch 15 | Batch 1050 | Loss: 0.7042 | LR: 1.59e-04
2026-04-20 15:18:02,052 INFO Epoch 15 | Batch 1100 | Loss: 0.8906 | LR: 1.59e-04
2026-04-20 15:18:09,411 INFO Epoch 15 | Batch 1150 | Loss: 0.9091 | LR: 1.58e-04
2026-04-20 15:18:16,802 INFO Epoch 15 | Batch 1200 | Loss: 0.9812 | LR: 1.57e-04
2026-04-20 15:18:35,856 INFO Epoch 15 | Train: 0.8669 | Dev CER: 0.1474 | Dev WER: 0.4330 | Time: 198s | Peak: 11.5 GB
2026-04-20 15:18:35,857 INFO   New best CER: 0.1474
2026-04-20 15:18:39,087 INFO Epoch 16 | Batch 0 | Loss: 0.7846 | LR: 1.57e-04
2026-04-20 15:18:46,436 INFO Epoch 16 | Batch 50 | Loss: 0.7648 | LR: 1.56e-04
2026-04-20 15:18:53,924 INFO Epoch 16 | Batch 100 | Loss: 1.0503 | LR: 1.56e-04
2026-04-20 15:19:01,574 INFO Epoch 16 | Batch 150 | Loss: 0.7155 | LR: 1.55e-04
2026-04-20 15:19:08,900 INFO Epoch 16 | Batch 200 | Loss: 0.5843 | LR: 1.54e-04
2026-04-20 15:19:16,340 INFO Epoch 16 | Batch 250 | Loss: 0.8959 | LR: 1.54e-04
2026-04-20 15:19:23,999 INFO Epoch 16 | Batch 300 | Loss: 0.9475 | LR: 1.53e-04
2026-04-20 15:19:31,596 INFO Epoch 16 | Batch 350 | Loss: 0.7841 | LR: 1.52e-04
2026-04-20 15:19:39,198 INFO Epoch 16 | Batch 400 | Loss: 0.6723 | LR: 1.52e-04
2026-04-20 15:19:46,706 INFO Epoch 16 | Batch 450 | Loss: 0.7990 | LR: 1.51e-04
2026-04-20 15:19:54,281 INFO Epoch 16 | Batch 500 | Loss: 0.8445 | LR: 1.50e-04
2026-04-20 15:20:01,790 INFO Epoch 16 | Batch 550 | Loss: 0.7683 | LR: 1.50e-04
2026-04-20 15:20:09,205 INFO Epoch 16 | Batch 600 | Loss: 1.0059 | LR: 1.49e-04
2026-04-20 15:20:16,526 INFO Epoch 16 | Batch 650 | Loss: 0.8089 | LR: 1.49e-04
2026-04-20 15:20:23,940 INFO Epoch 16 | Batch 700 | Loss: 1.0056 | LR: 1.48e-04
2026-04-20 15:20:31,408 INFO Epoch 16 | Batch 750 | Loss: 0.9016 | LR: 1.47e-04
2026-04-20 15:20:38,822 INFO Epoch 16 | Batch 800 | Loss: 0.7271 | LR: 1.47e-04
2026-04-20 15:20:46,190 INFO Epoch 16 | Batch 850 | Loss: 0.6547 | LR: 1.46e-04
2026-04-20 15:20:53,554 INFO Epoch 16 | Batch 900 | Loss: 1.1439 | LR: 1.45e-04
2026-04-20 15:21:01,108 INFO Epoch 16 | Batch 950 | Loss: 0.7063 | LR: 1.45e-04
2026-04-20 15:21:08,750 INFO Epoch 16 | Batch 1000 | Loss: 0.7701 | LR: 1.44e-04
2026-04-20 15:21:16,319 INFO Epoch 16 | Batch 1050 | Loss: 0.7515 | LR: 1.43e-04
2026-04-20 15:21:23,825 INFO Epoch 16 | Batch 1100 | Loss: 0.7840 | LR: 1.43e-04
2026-04-20 15:21:31,330 INFO Epoch 16 | Batch 1150 | Loss: 0.8046 | LR: 1.42e-04
2026-04-20 15:21:38,951 INFO Epoch 16 | Batch 1200 | Loss: 0.6981 | LR: 1.41e-04
2026-04-20 15:22:00,084 INFO Epoch 16 | Train: 0.8505 | Dev CER: 0.1447 | Dev WER: 0.4235 | Time: 204s | Peak: 11.5 GB
2026-04-20 15:22:00,085 INFO   New best CER: 0.1447
2026-04-20 15:22:03,460 INFO Epoch 17 | Batch 0 | Loss: 0.6533 | LR: 1.41e-04
2026-04-20 15:22:10,888 INFO Epoch 17 | Batch 50 | Loss: 0.9705 | LR: 1.40e-04
2026-04-20 15:22:18,394 INFO Epoch 17 | Batch 100 | Loss: 0.8486 | LR: 1.40e-04
2026-04-20 15:22:25,998 INFO Epoch 17 | Batch 150 | Loss: 0.8898 | LR: 1.39e-04
2026-04-20 15:22:33,605 INFO Epoch 17 | Batch 200 | Loss: 0.8011 | LR: 1.38e-04
2026-04-20 15:22:41,029 INFO Epoch 17 | Batch 250 | Loss: 0.6815 | LR: 1.38e-04
2026-04-20 15:22:48,411 INFO Epoch 17 | Batch 300 | Loss: 0.8045 | LR: 1.37e-04
2026-04-20 15:22:55,892 INFO Epoch 17 | Batch 350 | Loss: 0.6515 | LR: 1.36e-04
2026-04-20 15:23:02,944 INFO Epoch 17 | Batch 400 | Loss: 0.7729 | LR: 1.36e-04
2026-04-20 15:23:10,422 INFO Epoch 17 | Batch 450 | Loss: 0.9674 | LR: 1.35e-04
2026-04-20 15:23:17,892 INFO Epoch 17 | Batch 500 | Loss: 0.8648 | LR: 1.34e-04
2026-04-20 15:23:25,405 INFO Epoch 17 | Batch 550 | Loss: 0.7936 | LR: 1.34e-04
2026-04-20 15:23:32,665 INFO Epoch 17 | Batch 600 | Loss: 0.7001 | LR: 1.33e-04
2026-04-20 15:23:39,882 INFO Epoch 17 | Batch 650 | Loss: 0.8585 | LR: 1.32e-04
2026-04-20 15:23:47,401 INFO Epoch 17 | Batch 700 | Loss: 0.7155 | LR: 1.32e-04
2026-04-20 15:23:54,714 INFO Epoch 17 | Batch 750 | Loss: 0.7822 | LR: 1.31e-04
2026-04-20 15:24:02,099 INFO Epoch 17 | Batch 800 | Loss: 0.6911 | LR: 1.31e-04
2026-04-20 15:24:09,599 INFO Epoch 17 | Batch 850 | Loss: 0.9356 | LR: 1.30e-04
2026-04-20 15:24:17,070 INFO Epoch 17 | Batch 900 | Loss: 0.5992 | LR: 1.29e-04
2026-04-20 15:24:24,384 INFO Epoch 17 | Batch 950 | Loss: 0.8092 | LR: 1.29e-04
2026-04-20 15:24:32,010 INFO Epoch 17 | Batch 1000 | Loss: 0.8263 | LR: 1.28e-04
2026-04-20 15:24:39,563 INFO Epoch 17 | Batch 1050 | Loss: 0.6773 | LR: 1.27e-04
2026-04-20 15:24:47,211 INFO Epoch 17 | Batch 1100 | Loss: 0.7072 | LR: 1.27e-04
2026-04-20 15:24:54,763 INFO Epoch 17 | Batch 1150 | Loss: 0.9555 | LR: 1.26e-04
2026-04-20 15:25:02,285 INFO Epoch 17 | Batch 1200 | Loss: 0.8922 | LR: 1.25e-04
2026-04-20 15:25:23,570 INFO Epoch 17 | Train: 0.8325 | Dev CER: 0.1403 | Dev WER: 0.4138 | Time: 203s | Peak: 11.5 GB
2026-04-20 15:25:23,570 INFO   New best CER: 0.1403
2026-04-20 15:25:26,832 INFO Epoch 18 | Batch 0 | Loss: 1.0872 | LR: 1.25e-04
2026-04-20 15:25:34,394 INFO Epoch 18 | Batch 50 | Loss: 0.7154 | LR: 1.24e-04
2026-04-20 15:25:41,787 INFO Epoch 18 | Batch 100 | Loss: 0.7145 | LR: 1.24e-04
2026-04-20 15:25:49,276 INFO Epoch 18 | Batch 150 | Loss: 0.9728 | LR: 1.23e-04
2026-04-20 15:25:57,031 INFO Epoch 18 | Batch 200 | Loss: 1.0285 | LR: 1.22e-04
2026-04-20 15:26:04,588 INFO Epoch 18 | Batch 250 | Loss: 0.6605 | LR: 1.22e-04
2026-04-20 15:26:12,221 INFO Epoch 18 | Batch 300 | Loss: 0.7033 | LR: 1.21e-04
2026-04-20 15:26:19,770 INFO Epoch 18 | Batch 350 | Loss: 0.6039 | LR: 1.20e-04
2026-04-20 15:26:27,334 INFO Epoch 18 | Batch 400 | Loss: 0.8222 | LR: 1.20e-04
2026-04-20 15:26:34,685 INFO Epoch 18 | Batch 450 | Loss: 0.6979 | LR: 1.19e-04
2026-04-20 15:26:42,227 INFO Epoch 18 | Batch 500 | Loss: 0.6752 | LR: 1.19e-04
2026-04-20 15:26:49,663 INFO Epoch 18 | Batch 550 | Loss: 0.5796 | LR: 1.18e-04
2026-04-20 15:26:57,186 INFO Epoch 18 | Batch 600 | Loss: 0.5127 | LR: 1.17e-04
2026-04-20 15:27:04,670 INFO Epoch 18 | Batch 650 | Loss: 1.1721 | LR: 1.17e-04
2026-04-20 15:27:12,021 INFO Epoch 18 | Batch 700 | Loss: 0.6600 | LR: 1.16e-04
2026-04-20 15:27:19,376 INFO Epoch 18 | Batch 750 | Loss: 0.7821 | LR: 1.15e-04
2026-04-20 15:27:26,790 INFO Epoch 18 | Batch 800 | Loss: 1.0225 | LR: 1.15e-04
2026-04-20 15:27:34,307 INFO Epoch 18 | Batch 850 | Loss: 0.9132 | LR: 1.14e-04
2026-04-20 15:27:41,828 INFO Epoch 18 | Batch 900 | Loss: 0.6794 | LR: 1.13e-04
2026-04-20 15:27:49,174 INFO Epoch 18 | Batch 950 | Loss: 0.8502 | LR: 1.13e-04
2026-04-20 15:27:56,346 INFO Epoch 18 | Batch 1000 | Loss: 0.8810 | LR: 1.12e-04
2026-04-20 15:28:03,213 INFO Epoch 18 | Batch 1050 | Loss: 0.8214 | LR: 1.12e-04
2026-04-20 15:28:10,744 INFO Epoch 18 | Batch 1100 | Loss: 0.9639 | LR: 1.11e-04
2026-04-20 15:28:18,260 INFO Epoch 18 | Batch 1150 | Loss: 1.2902 | LR: 1.10e-04
2026-04-20 15:28:25,665 INFO Epoch 18 | Batch 1200 | Loss: 0.7375 | LR: 1.10e-04
2026-04-20 15:28:46,611 INFO Epoch 18 | Train: 0.8133 | Dev CER: 0.1389 | Dev WER: 0.4097 | Time: 203s | Peak: 11.5 GB
2026-04-20 15:28:46,612 INFO   New best CER: 0.1389
2026-04-20 15:28:50,015 INFO Epoch 19 | Batch 0 | Loss: 1.0766 | LR: 1.09e-04
2026-04-20 15:28:57,405 INFO Epoch 19 | Batch 50 | Loss: 0.5688 | LR: 1.09e-04
2026-04-20 15:29:04,915 INFO Epoch 19 | Batch 100 | Loss: 0.7777 | LR: 1.08e-04
2026-04-20 15:29:12,362 INFO Epoch 19 | Batch 150 | Loss: 0.4925 | LR: 1.07e-04
2026-04-20 15:29:19,855 INFO Epoch 19 | Batch 200 | Loss: 0.6334 | LR: 1.07e-04
2026-04-20 15:29:27,307 INFO Epoch 19 | Batch 250 | Loss: 0.7730 | LR: 1.06e-04
2026-04-20 15:29:35,009 INFO Epoch 19 | Batch 300 | Loss: 0.8073 | LR: 1.06e-04
2026-04-20 15:29:42,593 INFO Epoch 19 | Batch 350 | Loss: 1.0852 | LR: 1.05e-04
2026-04-20 15:29:50,035 INFO Epoch 19 | Batch 400 | Loss: 0.8348 | LR: 1.04e-04
2026-04-20 15:29:57,659 INFO Epoch 19 | Batch 450 | Loss: 0.9652 | LR: 1.04e-04
2026-04-20 15:30:04,989 INFO Epoch 19 | Batch 500 | Loss: 1.1406 | LR: 1.03e-04
2026-04-20 15:30:12,323 INFO Epoch 19 | Batch 550 | Loss: 0.7647 | LR: 1.02e-04
2026-04-20 15:30:19,803 INFO Epoch 19 | Batch 600 | Loss: 0.7207 | LR: 1.02e-04
2026-04-20 15:30:27,451 INFO Epoch 19 | Batch 650 | Loss: 1.0887 | LR: 1.01e-04
2026-04-20 15:30:35,082 INFO Epoch 19 | Batch 700 | Loss: 0.7060 | LR: 1.01e-04
2026-04-20 15:30:42,401 INFO Epoch 19 | Batch 750 | Loss: 1.0358 | LR: 1.00e-04
2026-04-20 15:30:49,780 INFO Epoch 19 | Batch 800 | Loss: 0.6784 | LR: 9.94e-05
2026-04-20 15:30:57,044 INFO Epoch 19 | Batch 850 | Loss: 0.8201 | LR: 9.88e-05
2026-04-20 15:31:04,206 INFO Epoch 19 | Batch 900 | Loss: 0.7699 | LR: 9.81e-05
2026-04-20 15:31:11,311 INFO Epoch 19 | Batch 950 | Loss: 0.7455 | LR: 9.75e-05
2026-04-20 15:31:18,608 INFO Epoch 19 | Batch 1000 | Loss: 0.7126 | LR: 9.69e-05
2026-04-20 15:31:26,189 INFO Epoch 19 | Batch 1050 | Loss: 0.6964 | LR: 9.63e-05
2026-04-20 15:31:33,483 INFO Epoch 19 | Batch 1100 | Loss: 0.7051 | LR: 9.57e-05
2026-04-20 15:31:40,654 INFO Epoch 19 | Batch 1150 | Loss: 1.0024 | LR: 9.51e-05
2026-04-20 15:31:48,003 INFO Epoch 19 | Batch 1200 | Loss: 0.6211 | LR: 9.45e-05
2026-04-20 15:32:08,367 INFO Epoch 19 | Train: 0.8045 | Dev CER: 0.1357 | Dev WER: 0.3992 | Time: 201s | Peak: 11.5 GB
2026-04-20 15:32:08,367 INFO   New best CER: 0.1357
2026-04-20 15:32:11,593 INFO Epoch 20 | Batch 0 | Loss: 0.6185 | LR: 9.41e-05
2026-04-20 15:32:18,947 INFO Epoch 20 | Batch 50 | Loss: 0.7496 | LR: 9.35e-05
2026-04-20 15:32:26,509 INFO Epoch 20 | Batch 100 | Loss: 0.4589 | LR: 9.29e-05
2026-04-20 15:32:33,900 INFO Epoch 20 | Batch 150 | Loss: 0.8563 | LR: 9.23e-05
2026-04-20 15:32:41,398 INFO Epoch 20 | Batch 200 | Loss: 0.7380 | LR: 9.17e-05
2026-04-20 15:32:48,537 INFO Epoch 20 | Batch 250 | Loss: 0.8819 | LR: 9.11e-05
2026-04-20 15:32:55,997 INFO Epoch 20 | Batch 300 | Loss: 0.6048 | LR: 9.05e-05
2026-04-20 15:33:03,317 INFO Epoch 20 | Batch 350 | Loss: 0.9236 | LR: 8.99e-05
2026-04-20 15:33:10,716 INFO Epoch 20 | Batch 400 | Loss: 0.7834 | LR: 8.93e-05
2026-04-20 15:33:18,069 INFO Epoch 20 | Batch 450 | Loss: 0.7851 | LR: 8.87e-05
2026-04-20 15:33:25,336 INFO Epoch 20 | Batch 500 | Loss: 0.7049 | LR: 8.81e-05
2026-04-20 15:33:32,755 INFO Epoch 20 | Batch 550 | Loss: 0.6744 | LR: 8.75e-05
2026-04-20 15:33:40,298 INFO Epoch 20 | Batch 600 | Loss: 1.2970 | LR: 8.69e-05
2026-04-20 15:33:47,822 INFO Epoch 20 | Batch 650 | Loss: 0.6494 | LR: 8.63e-05
2026-04-20 15:33:55,222 INFO Epoch 20 | Batch 700 | Loss: 1.1729 | LR: 8.57e-05
2026-04-20 15:34:02,724 INFO Epoch 20 | Batch 750 | Loss: 0.6280 | LR: 8.52e-05
2026-04-20 15:34:10,121 INFO Epoch 20 | Batch 800 | Loss: 0.9975 | LR: 8.46e-05
2026-04-20 15:34:17,645 INFO Epoch 20 | Batch 850 | Loss: 0.7555 | LR: 8.40e-05
2026-04-20 15:34:24,847 INFO Epoch 20 | Batch 900 | Loss: 0.6064 | LR: 8.34e-05
2026-04-20 15:34:32,066 INFO Epoch 20 | Batch 950 | Loss: 0.7102 | LR: 8.28e-05
2026-04-20 15:34:39,281 INFO Epoch 20 | Batch 1000 | Loss: 0.9633 | LR: 8.22e-05
2026-04-20 15:34:46,688 INFO Epoch 20 | Batch 1050 | Loss: 0.7617 | LR: 8.17e-05
2026-04-20 15:34:53,774 INFO Epoch 20 | Batch 1100 | Loss: 1.0623 | LR: 8.11e-05
2026-04-20 15:35:01,191 INFO Epoch 20 | Batch 1150 | Loss: 1.0533 | LR: 8.05e-05
2026-04-20 15:35:08,492 INFO Epoch 20 | Batch 1200 | Loss: 0.5104 | LR: 7.99e-05
2026-04-20 15:35:27,984 INFO Epoch 20 | Train: 0.7973 | Dev CER: 0.1326 | Dev WER: 0.3934 | Time: 199s | Peak: 11.5 GB
2026-04-20 15:35:27,985 INFO   New best CER: 0.1326
2026-04-20 15:35:31,632 INFO Epoch 21 | Batch 0 | Loss: 0.8190 | LR: 7.95e-05
2026-04-20 15:35:39,257 INFO Epoch 21 | Batch 50 | Loss: 0.8881 | LR: 7.90e-05
2026-04-20 15:35:46,595 INFO Epoch 21 | Batch 100 | Loss: 0.8487 | LR: 7.84e-05
2026-04-20 15:35:53,691 INFO Epoch 21 | Batch 150 | Loss: 0.6653 | LR: 7.78e-05
2026-04-20 15:36:01,276 INFO Epoch 21 | Batch 200 | Loss: 0.5931 | LR: 7.72e-05
2026-04-20 15:36:08,460 INFO Epoch 21 | Batch 250 | Loss: 0.7319 | LR: 7.67e-05
2026-04-20 15:36:15,864 INFO Epoch 21 | Batch 300 | Loss: 0.7157 | LR: 7.61e-05
2026-04-20 15:36:23,338 INFO Epoch 21 | Batch 350 | Loss: 0.6540 | LR: 7.56e-05
2026-04-20 15:36:30,756 INFO Epoch 21 | Batch 400 | Loss: 0.6940 | LR: 7.50e-05
2026-04-20 15:36:38,235 INFO Epoch 21 | Batch 450 | Loss: 0.6178 | LR: 7.44e-05
2026-04-20 15:36:45,691 INFO Epoch 21 | Batch 500 | Loss: 0.8893 | LR: 7.39e-05
2026-04-20 15:36:53,106 INFO Epoch 21 | Batch 550 | Loss: 0.6568 | LR: 7.33e-05
2026-04-20 15:37:00,379 INFO Epoch 21 | Batch 600 | Loss: 0.6269 | LR: 7.28e-05
2026-04-20 15:37:07,804 INFO Epoch 21 | Batch 650 | Loss: 0.8642 | LR: 7.22e-05
2026-04-20 15:37:15,258 INFO Epoch 21 | Batch 700 | Loss: 1.0363 | LR: 7.16e-05
2026-04-20 15:37:22,488 INFO Epoch 21 | Batch 750 | Loss: 0.6480 | LR: 7.11e-05
2026-04-20 15:37:30,008 INFO Epoch 21 | Batch 800 | Loss: 1.0130 | LR: 7.05e-05
2026-04-20 15:37:37,318 INFO Epoch 21 | Batch 850 | Loss: 0.5985 | LR: 7.00e-05
2026-04-20 15:37:44,814 INFO Epoch 21 | Batch 900 | Loss: 1.0463 | LR: 6.94e-05
2026-04-20 15:37:52,140 INFO Epoch 21 | Batch 950 | Loss: 0.6190 | LR: 6.89e-05
2026-04-20 15:37:59,442 INFO Epoch 21 | Batch 1000 | Loss: 0.5060 | LR: 6.84e-05
2026-04-20 15:38:06,786 INFO Epoch 21 | Batch 1050 | Loss: 0.7215 | LR: 6.78e-05
2026-04-20 15:38:13,969 INFO Epoch 21 | Batch 1100 | Loss: 0.7799 | LR: 6.73e-05
2026-04-20 15:38:21,470 INFO Epoch 21 | Batch 1150 | Loss: 0.7313 | LR: 6.67e-05
2026-04-20 15:38:28,887 INFO Epoch 21 | Batch 1200 | Loss: 1.2002 | LR: 6.62e-05
2026-04-20 15:38:49,761 INFO Epoch 21 | Train: 0.7779 | Dev CER: 0.1318 | Dev WER: 0.3888 | Time: 201s | Peak: 11.5 GB
2026-04-20 15:38:49,762 INFO   New best CER: 0.1318
2026-04-20 15:38:53,299 INFO Epoch 22 | Batch 0 | Loss: 1.0629 | LR: 6.58e-05
2026-04-20 15:39:00,520 INFO Epoch 22 | Batch 50 | Loss: 0.5403 | LR: 6.53e-05
2026-04-20 15:39:08,377 INFO Epoch 22 | Batch 100 | Loss: 0.5693 | LR: 6.47e-05
2026-04-20 15:39:15,939 INFO Epoch 22 | Batch 150 | Loss: 1.0838 | LR: 6.42e-05
2026-04-20 15:39:23,021 INFO Epoch 22 | Batch 200 | Loss: 0.8898 | LR: 6.37e-05
2026-04-20 15:39:30,272 INFO Epoch 22 | Batch 250 | Loss: 0.6401 | LR: 6.31e-05
2026-04-20 15:39:37,431 INFO Epoch 22 | Batch 300 | Loss: 0.8018 | LR: 6.26e-05
2026-04-20 15:39:44,576 INFO Epoch 22 | Batch 350 | Loss: 0.9095 | LR: 6.21e-05
2026-04-20 15:39:51,838 INFO Epoch 22 | Batch 400 | Loss: 0.6965 | LR: 6.16e-05
2026-04-20 15:39:59,425 INFO Epoch 22 | Batch 450 | Loss: 0.5546 | LR: 6.10e-05
2026-04-20 15:40:06,899 INFO Epoch 22 | Batch 500 | Loss: 0.5358 | LR: 6.05e-05
2026-04-20 15:40:14,108 INFO Epoch 22 | Batch 550 | Loss: 0.7149 | LR: 6.00e-05
2026-04-20 15:40:21,482 INFO Epoch 22 | Batch 600 | Loss: 0.7989 | LR: 5.95e-05
2026-04-20 15:40:28,703 INFO Epoch 22 | Batch 650 | Loss: 0.7839 | LR: 5.90e-05
2026-04-20 15:40:36,025 INFO Epoch 22 | Batch 700 | Loss: 0.5655 | LR: 5.85e-05
2026-04-20 15:40:43,447 INFO Epoch 22 | Batch 750 | Loss: 0.8022 | LR: 5.79e-05
2026-04-20 15:40:50,896 INFO Epoch 22 | Batch 800 | Loss: 0.7951 | LR: 5.74e-05
2026-04-20 15:40:58,335 INFO Epoch 22 | Batch 850 | Loss: 0.7923 | LR: 5.69e-05
2026-04-20 15:41:05,627 INFO Epoch 22 | Batch 900 | Loss: 0.8993 | LR: 5.64e-05
2026-04-20 15:41:13,027 INFO Epoch 22 | Batch 950 | Loss: 0.9330 | LR: 5.59e-05
2026-04-20 15:41:20,411 INFO Epoch 22 | Batch 1000 | Loss: 0.5801 | LR: 5.54e-05
2026-04-20 15:41:27,897 INFO Epoch 22 | Batch 1050 | Loss: 0.6664 | LR: 5.49e-05
2026-04-20 15:41:35,532 INFO Epoch 22 | Batch 1100 | Loss: 0.8032 | LR: 5.44e-05
2026-04-20 15:41:42,929 INFO Epoch 22 | Batch 1150 | Loss: 0.7367 | LR: 5.39e-05
2026-04-20 15:41:50,576 INFO Epoch 22 | Batch 1200 | Loss: 0.9592 | LR: 5.34e-05
2026-04-20 15:42:11,416 INFO Epoch 22 | Train: 0.7704 | Dev CER: 0.1293 | Dev WER: 0.3833 | Time: 201s | Peak: 11.5 GB
2026-04-20 15:42:11,416 INFO   New best CER: 0.1293
2026-04-20 15:42:14,790 INFO Epoch 23 | Batch 0 | Loss: 0.8455 | LR: 5.31e-05
2026-04-20 15:42:22,569 INFO Epoch 23 | Batch 50 | Loss: 0.8136 | LR: 5.26e-05
2026-04-20 15:42:30,301 INFO Epoch 23 | Batch 100 | Loss: 0.6329 | LR: 5.21e-05
2026-04-20 15:42:37,812 INFO Epoch 23 | Batch 150 | Loss: 0.8331 | LR: 5.16e-05
2026-04-20 15:42:45,342 INFO Epoch 23 | Batch 200 | Loss: 0.5642 | LR: 5.11e-05
2026-04-20 15:42:52,963 INFO Epoch 23 | Batch 250 | Loss: 0.9228 | LR: 5.06e-05
2026-04-20 15:43:00,414 INFO Epoch 23 | Batch 300 | Loss: 0.6362 | LR: 5.01e-05
2026-04-20 15:43:07,997 INFO Epoch 23 | Batch 350 | Loss: 0.8282 | LR: 4.97e-05
2026-04-20 15:43:15,479 INFO Epoch 23 | Batch 400 | Loss: 0.9301 | LR: 4.92e-05
2026-04-20 15:43:22,819 INFO Epoch 23 | Batch 450 | Loss: 0.5791 | LR: 4.87e-05
2026-04-20 15:43:30,419 INFO Epoch 23 | Batch 500 | Loss: 0.8706 | LR: 4.82e-05
2026-04-20 15:43:37,303 INFO Epoch 23 | Batch 550 | Loss: 0.8175 | LR: 4.77e-05
2026-04-20 15:43:44,122 INFO Epoch 23 | Batch 600 | Loss: 0.6884 | LR: 4.73e-05
2026-04-20 15:43:51,576 INFO Epoch 23 | Batch 650 | Loss: 1.1143 | LR: 4.68e-05
2026-04-20 15:43:59,059 INFO Epoch 23 | Batch 700 | Loss: 0.9662 | LR: 4.63e-05
2026-04-20 15:44:06,434 INFO Epoch 23 | Batch 750 | Loss: 1.1318 | LR: 4.59e-05
2026-04-20 15:44:13,904 INFO Epoch 23 | Batch 800 | Loss: 0.5942 | LR: 4.54e-05
2026-04-20 15:44:21,304 INFO Epoch 23 | Batch 850 | Loss: 0.7515 | LR: 4.49e-05
2026-04-20 15:44:28,530 INFO Epoch 23 | Batch 900 | Loss: 0.5772 | LR: 4.45e-05
2026-04-20 15:44:35,913 INFO Epoch 23 | Batch 950 | Loss: 0.8327 | LR: 4.40e-05
2026-04-20 15:44:43,333 INFO Epoch 23 | Batch 1000 | Loss: 0.8484 | LR: 4.36e-05
2026-04-20 15:44:50,279 INFO Epoch 23 | Batch 1050 | Loss: 0.6625 | LR: 4.31e-05
2026-04-20 15:44:57,764 INFO Epoch 23 | Batch 1100 | Loss: 0.6715 | LR: 4.27e-05
2026-04-20 15:45:05,145 INFO Epoch 23 | Batch 1150 | Loss: 0.6562 | LR: 4.22e-05
2026-04-20 15:45:11,845 INFO Epoch 23 | Batch 1200 | Loss: 0.7085 | LR: 4.18e-05
2026-04-20 15:45:31,330 INFO Epoch 23 | Train: 0.7537 | Dev CER: 0.1271 | Dev WER: 0.3774 | Time: 199s | Peak: 11.5 GB
2026-04-20 15:45:31,330 INFO   New best CER: 0.1271
2026-04-20 15:45:34,753 INFO Epoch 24 | Batch 0 | Loss: 0.6127 | LR: 4.14e-05
2026-04-20 15:45:42,057 INFO Epoch 24 | Batch 50 | Loss: 0.7043 | LR: 4.10e-05
2026-04-20 15:45:49,172 INFO Epoch 24 | Batch 100 | Loss: 0.7327 | LR: 4.06e-05
2026-04-20 15:45:56,486 INFO Epoch 24 | Batch 150 | Loss: 0.7442 | LR: 4.01e-05
2026-04-20 15:46:03,869 INFO Epoch 24 | Batch 200 | Loss: 0.6408 | LR: 3.97e-05
2026-04-20 15:46:11,151 INFO Epoch 24 | Batch 250 | Loss: 0.5961 | LR: 3.92e-05
2026-04-20 15:46:18,320 INFO Epoch 24 | Batch 300 | Loss: 0.5961 | LR: 3.88e-05
2026-04-20 15:46:25,575 INFO Epoch 24 | Batch 350 | Loss: 0.6166 | LR: 3.84e-05
2026-04-20 15:46:32,815 INFO Epoch 24 | Batch 400 | Loss: 0.5372 | LR: 3.80e-05
2026-04-20 15:46:40,071 INFO Epoch 24 | Batch 450 | Loss: 0.6972 | LR: 3.75e-05
2026-04-20 15:46:47,371 INFO Epoch 24 | Batch 500 | Loss: 0.8376 | LR: 3.71e-05
2026-04-20 15:46:54,811 INFO Epoch 24 | Batch 550 | Loss: 0.6372 | LR: 3.67e-05
2026-04-20 15:47:02,194 INFO Epoch 24 | Batch 600 | Loss: 0.9394 | LR: 3.63e-05
2026-04-20 15:47:09,458 INFO Epoch 24 | Batch 650 | Loss: 0.7439 | LR: 3.58e-05
2026-04-20 15:47:17,044 INFO Epoch 24 | Batch 700 | Loss: 0.8402 | LR: 3.54e-05
2026-04-20 15:47:24,650 INFO Epoch 24 | Batch 750 | Loss: 1.0565 | LR: 3.50e-05
2026-04-20 15:47:32,049 INFO Epoch 24 | Batch 800 | Loss: 0.8116 | LR: 3.46e-05
2026-04-20 15:47:38,881 INFO Epoch 24 | Batch 850 | Loss: 0.7049 | LR: 3.42e-05
2026-04-20 15:47:46,327 INFO Epoch 24 | Batch 900 | Loss: 0.7668 | LR: 3.38e-05
2026-04-20 15:47:53,641 INFO Epoch 24 | Batch 950 | Loss: 1.2562 | LR: 3.34e-05
2026-04-20 15:48:01,055 INFO Epoch 24 | Batch 1000 | Loss: 0.9458 | LR: 3.30e-05
2026-04-20 15:48:08,354 INFO Epoch 24 | Batch 1050 | Loss: 0.5666 | LR: 3.26e-05
2026-04-20 15:48:15,599 INFO Epoch 24 | Batch 1100 | Loss: 0.5120 | LR: 3.22e-05
2026-04-20 15:48:22,793 INFO Epoch 24 | Batch 1150 | Loss: 0.8083 | LR: 3.18e-05
2026-04-20 15:48:30,045 INFO Epoch 24 | Batch 1200 | Loss: 0.8161 | LR: 3.14e-05
2026-04-20 15:48:48,281 INFO Epoch 24 | Train: 0.7448 | Dev CER: 0.1255 | Dev WER: 0.3748 | Time: 196s | Peak: 11.5 GB
2026-04-20 15:48:48,281 INFO   New best CER: 0.1255
2026-04-20 15:48:51,857 INFO Epoch 25 | Batch 0 | Loss: 0.5393 | LR: 3.11e-05
2026-04-20 15:48:59,207 INFO Epoch 25 | Batch 50 | Loss: 0.9668 | LR: 3.07e-05
2026-04-20 15:49:06,603 INFO Epoch 25 | Batch 100 | Loss: 0.6152 | LR: 3.03e-05
2026-04-20 15:49:13,284 INFO Epoch 25 | Batch 150 | Loss: 0.6904 | LR: 2.99e-05
2026-04-20 15:49:20,259 INFO Epoch 25 | Batch 200 | Loss: 0.7019 | LR: 2.95e-05
2026-04-20 15:49:27,666 INFO Epoch 25 | Batch 250 | Loss: 1.1908 | LR: 2.92e-05
2026-04-20 15:49:35,087 INFO Epoch 25 | Batch 300 | Loss: 0.6629 | LR: 2.88e-05
2026-04-20 15:49:42,443 INFO Epoch 25 | Batch 350 | Loss: 0.7883 | LR: 2.84e-05
2026-04-20 15:49:49,715 INFO Epoch 25 | Batch 400 | Loss: 0.6244 | LR: 2.80e-05
2026-04-20 15:49:56,991 INFO Epoch 25 | Batch 450 | Loss: 0.7288 | LR: 2.77e-05
2026-04-20 15:50:04,116 INFO Epoch 25 | Batch 500 | Loss: 0.8296 | LR: 2.73e-05
2026-04-20 15:50:11,465 INFO Epoch 25 | Batch 550 | Loss: 0.8584 | LR: 2.69e-05
2026-04-20 15:50:18,803 INFO Epoch 25 | Batch 600 | Loss: 0.8753 | LR: 2.66e-05
2026-04-20 15:50:25,888 INFO Epoch 25 | Batch 650 | Loss: 0.6561 | LR: 2.62e-05
2026-04-20 15:50:33,148 INFO Epoch 25 | Batch 700 | Loss: 0.7486 | LR: 2.58e-05
2026-04-20 15:50:40,404 INFO Epoch 25 | Batch 750 | Loss: 0.6915 | LR: 2.55e-05
2026-04-20 15:50:47,831 INFO Epoch 25 | Batch 800 | Loss: 0.7306 | LR: 2.51e-05
2026-04-20 15:50:55,208 INFO Epoch 25 | Batch 850 | Loss: 0.7279 | LR: 2.48e-05
2026-04-20 15:51:02,530 INFO Epoch 25 | Batch 900 | Loss: 0.9321 | LR: 2.44e-05
2026-04-20 15:51:09,389 INFO Epoch 25 | Batch 950 | Loss: 0.9525 | LR: 2.41e-05
2026-04-20 15:51:16,481 INFO Epoch 25 | Batch 1000 | Loss: 0.6261 | LR: 2.37e-05
2026-04-20 15:51:23,903 INFO Epoch 25 | Batch 1050 | Loss: 0.6156 | LR: 2.34e-05
2026-04-20 15:51:31,307 INFO Epoch 25 | Batch 1100 | Loss: 0.9282 | LR: 2.30e-05
2026-04-20 15:51:38,765 INFO Epoch 25 | Batch 1150 | Loss: 0.4090 | LR: 2.27e-05
2026-04-20 15:51:46,150 INFO Epoch 25 | Batch 1200 | Loss: 0.7339 | LR: 2.24e-05
2026-04-20 15:52:06,756 INFO Epoch 25 | Train: 0.7379 | Dev CER: 0.1256 | Dev WER: 0.3751 | Time: 198s | Peak: 11.5 GB
2026-04-20 15:52:10,180 INFO Epoch 26 | Batch 0 | Loss: 0.5777 | LR: 2.21e-05
2026-04-20 15:52:17,770 INFO Epoch 26 | Batch 50 | Loss: 0.8800 | LR: 2.18e-05
2026-04-20 15:52:25,493 INFO Epoch 26 | Batch 100 | Loss: 0.6611 | LR: 2.15e-05
2026-04-20 15:52:32,948 INFO Epoch 26 | Batch 150 | Loss: 0.6368 | LR: 2.11e-05
2026-04-20 15:52:40,538 INFO Epoch 26 | Batch 200 | Loss: 0.5519 | LR: 2.08e-05
2026-04-20 15:52:48,295 INFO Epoch 26 | Batch 250 | Loss: 0.6933 | LR: 2.05e-05
2026-04-20 15:52:55,879 INFO Epoch 26 | Batch 300 | Loss: 0.6171 | LR: 2.02e-05
2026-04-20 15:53:03,161 INFO Epoch 26 | Batch 350 | Loss: 0.8204 | LR: 1.98e-05
2026-04-20 15:53:10,630 INFO Epoch 26 | Batch 400 | Loss: 0.7773 | LR: 1.95e-05
2026-04-20 15:53:18,003 INFO Epoch 26 | Batch 450 | Loss: 0.9689 | LR: 1.92e-05
2026-04-20 15:53:25,429 INFO Epoch 26 | Batch 500 | Loss: 0.4455 | LR: 1.89e-05
2026-04-20 15:53:32,625 INFO Epoch 26 | Batch 550 | Loss: 0.7673 | LR: 1.86e-05
2026-04-20 15:53:39,897 INFO Epoch 26 | Batch 600 | Loss: 0.6117 | LR: 1.83e-05
2026-04-20 15:53:47,059 INFO Epoch 26 | Batch 650 | Loss: 0.7881 | LR: 1.80e-05
2026-04-20 15:53:54,638 INFO Epoch 26 | Batch 700 | Loss: 0.8462 | LR: 1.77e-05
2026-04-20 15:54:02,189 INFO Epoch 26 | Batch 750 | Loss: 0.7642 | LR: 1.74e-05
2026-04-20 15:54:09,674 INFO Epoch 26 | Batch 800 | Loss: 0.6572 | LR: 1.71e-05
2026-04-20 15:54:17,240 INFO Epoch 26 | Batch 850 | Loss: 0.6862 | LR: 1.68e-05
2026-04-20 15:54:24,711 INFO Epoch 26 | Batch 900 | Loss: 0.5214 | LR: 1.65e-05
2026-04-20 15:54:32,136 INFO Epoch 26 | Batch 950 | Loss: 0.8111 | LR: 1.62e-05
2026-04-20 15:54:38,893 INFO Epoch 26 | Batch 1000 | Loss: 0.4805 | LR: 1.59e-05
2026-04-20 15:54:46,611 INFO Epoch 26 | Batch 1050 | Loss: 0.5901 | LR: 1.57e-05
2026-04-20 15:54:54,075 INFO Epoch 26 | Batch 1100 | Loss: 0.7612 | LR: 1.54e-05
2026-04-20 15:55:01,590 INFO Epoch 26 | Batch 1150 | Loss: 0.5838 | LR: 1.51e-05
2026-04-20 15:55:09,044 INFO Epoch 26 | Batch 1200 | Loss: 0.5271 | LR: 1.48e-05
2026-04-20 15:55:30,597 INFO Epoch 26 | Train: 0.7398 | Dev CER: 0.1252 | Dev WER: 0.3728 | Time: 203s | Peak: 11.5 GB
2026-04-20 15:55:30,597 INFO   New best CER: 0.1252
2026-04-20 15:55:34,616 INFO Epoch 27 | Batch 0 | Loss: 0.5954 | LR: 1.46e-05
2026-04-20 15:55:42,021 INFO Epoch 27 | Batch 50 | Loss: 0.7307 | LR: 1.44e-05
2026-04-20 15:55:49,373 INFO Epoch 27 | Batch 100 | Loss: 0.5043 | LR: 1.41e-05
2026-04-20 15:55:56,928 INFO Epoch 27 | Batch 150 | Loss: 0.9548 | LR: 1.38e-05
2026-04-20 15:56:04,395 INFO Epoch 27 | Batch 200 | Loss: 0.6502 | LR: 1.36e-05
2026-04-20 15:56:11,915 INFO Epoch 27 | Batch 250 | Loss: 0.6886 | LR: 1.33e-05
2026-04-20 15:56:19,291 INFO Epoch 27 | Batch 300 | Loss: 0.6650 | LR: 1.31e-05
2026-04-20 15:56:26,617 INFO Epoch 27 | Batch 350 | Loss: 0.9611 | LR: 1.28e-05
2026-04-20 15:56:33,964 INFO Epoch 27 | Batch 400 | Loss: 0.6457 | LR: 1.25e-05
2026-04-20 15:56:41,075 INFO Epoch 27 | Batch 450 | Loss: 0.8987 | LR: 1.23e-05
2026-04-20 15:56:48,197 INFO Epoch 27 | Batch 500 | Loss: 0.5900 | LR: 1.20e-05
2026-04-20 15:56:55,495 INFO Epoch 27 | Batch 550 | Loss: 0.8813 | LR: 1.18e-05
2026-04-20 15:57:02,899 INFO Epoch 27 | Batch 600 | Loss: 0.7395 | LR: 1.16e-05
2026-04-20 15:57:10,367 INFO Epoch 27 | Batch 650 | Loss: 0.6189 | LR: 1.13e-05
2026-04-20 15:57:17,790 INFO Epoch 27 | Batch 700 | Loss: 0.7920 | LR: 1.11e-05
2026-04-20 15:57:24,866 INFO Epoch 27 | Batch 750 | Loss: 0.7668 | LR: 1.09e-05
2026-04-20 15:57:30,881 INFO Epoch 27 | Batch 800 | Loss: 0.6136 | LR: 1.06e-05
2026-04-20 15:57:37,755 INFO Epoch 27 | Batch 850 | Loss: 0.7956 | LR: 1.04e-05
2026-04-20 15:57:45,054 INFO Epoch 27 | Batch 900 | Loss: 0.6921 | LR: 1.02e-05
2026-04-20 15:57:52,341 INFO Epoch 27 | Batch 950 | Loss: 0.9426 | LR: 9.95e-06
2026-04-20 15:57:59,758 INFO Epoch 27 | Batch 1000 | Loss: 0.6115 | LR: 9.72e-06
2026-04-20 15:58:07,088 INFO Epoch 27 | Batch 1050 | Loss: 0.5345 | LR: 9.51e-06
2026-04-20 15:58:14,317 INFO Epoch 27 | Batch 1100 | Loss: 0.4267 | LR: 9.29e-06
2026-04-20 15:58:21,629 INFO Epoch 27 | Batch 1150 | Loss: 0.5962 | LR: 9.08e-06
2026-04-20 15:58:29,110 INFO Epoch 27 | Batch 1200 | Loss: 0.7644 | LR: 8.87e-06
2026-04-20 15:58:49,066 INFO Epoch 27 | Train: 0.7337 | Dev CER: 0.1246 | Dev WER: 0.3707 | Time: 198s | Peak: 11.5 GB
2026-04-20 15:58:49,066 INFO   New best CER: 0.1246
2026-04-20 15:58:52,857 INFO Epoch 28 | Batch 0 | Loss: 0.6615 | LR: 8.72e-06
2026-04-20 15:59:00,157 INFO Epoch 28 | Batch 50 | Loss: 0.6144 | LR: 8.52e-06
2026-04-20 15:59:07,534 INFO Epoch 28 | Batch 100 | Loss: 0.7627 | LR: 8.31e-06
2026-04-20 15:59:15,157 INFO Epoch 28 | Batch 150 | Loss: 0.5820 | LR: 8.11e-06
2026-04-20 15:59:22,715 INFO Epoch 28 | Batch 200 | Loss: 0.6723 | LR: 7.92e-06
2026-04-20 15:59:30,131 INFO Epoch 28 | Batch 250 | Loss: 0.7842 | LR: 7.72e-06
2026-04-20 15:59:37,329 INFO Epoch 28 | Batch 300 | Loss: 0.7640 | LR: 7.53e-06
2026-04-20 15:59:44,957 INFO Epoch 28 | Batch 350 | Loss: 0.6377 | LR: 7.34e-06
2026-04-20 15:59:52,329 INFO Epoch 28 | Batch 400 | Loss: 0.5781 | LR: 7.16e-06
2026-04-20 15:59:59,624 INFO Epoch 28 | Batch 450 | Loss: 0.9534 | LR: 6.97e-06
2026-04-20 16:00:06,997 INFO Epoch 28 | Batch 500 | Loss: 0.6772 | LR: 6.79e-06
2026-04-20 16:00:14,642 INFO Epoch 28 | Batch 550 | Loss: 0.7632 | LR: 6.61e-06
2026-04-20 16:00:22,159 INFO Epoch 28 | Batch 600 | Loss: 0.9083 | LR: 6.44e-06
2026-04-20 16:00:29,690 INFO Epoch 28 | Batch 650 | Loss: 0.7332 | LR: 6.27e-06
2026-04-20 16:00:37,160 INFO Epoch 28 | Batch 700 | Loss: 0.7132 | LR: 6.10e-06
2026-04-20 16:00:44,852 INFO Epoch 28 | Batch 750 | Loss: 0.7371 | LR: 5.93e-06
2026-04-20 16:00:52,305 INFO Epoch 28 | Batch 800 | Loss: 0.8412 | LR: 5.76e-06
2026-04-20 16:00:59,732 INFO Epoch 28 | Batch 850 | Loss: 0.7450 | LR: 5.60e-06
2026-04-20 16:01:07,244 INFO Epoch 28 | Batch 900 | Loss: 0.6286 | LR: 5.44e-06
2026-04-20 16:01:14,682 INFO Epoch 28 | Batch 950 | Loss: 0.8799 | LR: 5.29e-06
2026-04-20 16:01:22,153 INFO Epoch 28 | Batch 1000 | Loss: 0.5665 | LR: 5.13e-06
2026-04-20 16:01:29,052 INFO Epoch 28 | Batch 1050 | Loss: 0.8142 | LR: 4.98e-06
2026-04-20 16:01:36,463 INFO Epoch 28 | Batch 1100 | Loss: 0.6827 | LR: 4.84e-06
2026-04-20 16:01:43,628 INFO Epoch 28 | Batch 1150 | Loss: 0.5220 | LR: 4.69e-06
2026-04-20 16:01:51,134 INFO Epoch 28 | Batch 1200 | Loss: 0.6756 | LR: 4.55e-06
2026-04-20 16:02:11,187 INFO Epoch 28 | Train: 0.7325 | Dev CER: 0.1246 | Dev WER: 0.3707 | Time: 201s | Peak: 11.5 GB
2026-04-20 16:02:15,144 INFO Epoch 29 | Batch 0 | Loss: 0.6848 | LR: 4.45e-06
2026-04-20 16:02:22,483 INFO Epoch 29 | Batch 50 | Loss: 0.9186 | LR: 4.31e-06
2026-04-20 16:02:29,774 INFO Epoch 29 | Batch 100 | Loss: 0.8372 | LR: 4.17e-06
2026-04-20 16:02:37,156 INFO Epoch 29 | Batch 150 | Loss: 0.5929 | LR: 4.04e-06
2026-04-20 16:02:44,576 INFO Epoch 29 | Batch 200 | Loss: 0.6485 | LR: 3.91e-06
2026-04-20 16:02:52,070 INFO Epoch 29 | Batch 250 | Loss: 0.7113 | LR: 3.79e-06
2026-04-20 16:02:59,674 INFO Epoch 29 | Batch 300 | Loss: 0.6386 | LR: 3.66e-06
2026-04-20 16:03:06,732 INFO Epoch 29 | Batch 350 | Loss: 0.7700 | LR: 3.54e-06
2026-04-20 16:03:14,710 INFO Epoch 29 | Batch 400 | Loss: 0.6111 | LR: 3.42e-06
2026-04-20 16:03:22,643 INFO Epoch 29 | Batch 450 | Loss: 0.6592 | LR: 3.31e-06
2026-04-20 16:03:30,681 INFO Epoch 29 | Batch 500 | Loss: 0.9695 | LR: 3.20e-06
2026-04-20 16:03:39,120 INFO Epoch 29 | Batch 550 | Loss: 0.5471 | LR: 3.09e-06
2026-04-20 16:03:47,046 INFO Epoch 29 | Batch 600 | Loss: 0.9212 | LR: 2.98e-06
2026-04-20 16:03:55,258 INFO Epoch 29 | Batch 650 | Loss: 0.8314 | LR: 2.88e-06
2026-04-20 16:04:03,132 INFO Epoch 29 | Batch 700 | Loss: 0.7119 | LR: 2.77e-06
2026-04-20 16:04:10,871 INFO Epoch 29 | Batch 750 | Loss: 0.4092 | LR: 2.68e-06
2026-04-20 16:04:17,795 INFO Epoch 29 | Batch 800 | Loss: 0.6966 | LR: 2.58e-06
2026-04-20 16:04:24,704 INFO Epoch 29 | Batch 850 | Loss: 0.5478 | LR: 2.49e-06
2026-04-20 16:04:32,028 INFO Epoch 29 | Batch 900 | Loss: 0.7120 | LR: 2.40e-06
2026-04-20 16:04:38,960 INFO Epoch 29 | Batch 950 | Loss: 0.7066 | LR: 2.31e-06
2026-04-20 16:04:45,760 INFO Epoch 29 | Batch 1000 | Loss: 0.8014 | LR: 2.22e-06
2026-04-20 16:04:52,196 INFO Epoch 29 | Batch 1050 | Loss: 0.7182 | LR: 2.14e-06
2026-04-20 16:04:58,932 INFO Epoch 29 | Batch 1100 | Loss: 0.7013 | LR: 2.06e-06
2026-04-20 16:05:05,975 INFO Epoch 29 | Batch 1150 | Loss: 0.6961 | LR: 1.99e-06
2026-04-20 16:05:13,045 INFO Epoch 29 | Batch 1200 | Loss: 0.5718 | LR: 1.91e-06
2026-04-20 16:05:27,054 INFO Epoch 29 | Train: 0.7272 | Dev CER: 0.1238 | Dev WER: 0.3687 | Time: 195s | Peak: 11.5 GB
2026-04-20 16:05:27,054 INFO   New best CER: 0.1238
2026-04-20 16:05:31,181 INFO Epoch 30 | Batch 0 | Loss: 0.8027 | LR: 1.86e-06
2026-04-20 16:05:38,051 INFO Epoch 30 | Batch 50 | Loss: 0.7231 | LR: 1.80e-06
2026-04-20 16:05:45,009 INFO Epoch 30 | Batch 100 | Loss: 0.5894 | LR: 1.73e-06
2026-04-20 16:05:52,377 INFO Epoch 30 | Batch 150 | Loss: 0.6772 | LR: 1.67e-06
2026-04-20 16:05:59,966 INFO Epoch 30 | Batch 200 | Loss: 0.5151 | LR: 1.61e-06
2026-04-20 16:06:07,427 INFO Epoch 30 | Batch 250 | Loss: 0.6597 | LR: 1.55e-06
2026-04-20 16:06:14,820 INFO Epoch 30 | Batch 300 | Loss: 0.4898 | LR: 1.50e-06
2026-04-20 16:06:22,125 INFO Epoch 30 | Batch 350 | Loss: 0.6931 | LR: 1.44e-06
2026-04-20 16:06:29,329 INFO Epoch 30 | Batch 400 | Loss: 0.6659 | LR: 1.39e-06
2026-04-20 16:06:36,518 INFO Epoch 30 | Batch 450 | Loss: 0.8602 | LR: 1.35e-06
2026-04-20 16:06:43,916 INFO Epoch 30 | Batch 500 | Loss: 0.5776 | LR: 1.31e-06
2026-04-20 16:06:51,402 INFO Epoch 30 | Batch 550 | Loss: 0.7956 | LR: 1.27e-06
2026-04-20 16:06:58,743 INFO Epoch 30 | Batch 600 | Loss: 0.7503 | LR: 1.23e-06
2026-04-20 16:07:06,433 INFO Epoch 30 | Batch 650 | Loss: 0.8242 | LR: 1.19e-06
2026-04-20 16:07:14,110 INFO Epoch 30 | Batch 700 | Loss: 0.7673 | LR: 1.16e-06
2026-04-20 16:07:21,812 INFO Epoch 30 | Batch 750 | Loss: 0.4850 | LR: 1.13e-06
2026-04-20 16:07:29,223 INFO Epoch 30 | Batch 800 | Loss: 0.5473 | LR: 1.11e-06
2026-04-20 16:07:36,386 INFO Epoch 30 | Batch 850 | Loss: 0.6207 | LR: 1.08e-06
2026-04-20 16:07:43,760 INFO Epoch 30 | Batch 900 | Loss: 0.6135 | LR: 1.06e-06
2026-04-20 16:07:51,112 INFO Epoch 30 | Batch 950 | Loss: 0.7088 | LR: 1.05e-06
2026-04-20 16:07:58,670 INFO Epoch 30 | Batch 1000 | Loss: 0.7405 | LR: 1.03e-06
2026-04-20 16:08:06,100 INFO Epoch 30 | Batch 1050 | Loss: 0.5180 | LR: 1.02e-06
2026-04-20 16:08:13,403 INFO Epoch 30 | Batch 1100 | Loss: 0.7549 | LR: 1.01e-06
2026-04-20 16:08:20,832 INFO Epoch 30 | Batch 1150 | Loss: 0.6375 | LR: 1.00e-06
2026-04-20 16:08:27,541 INFO Epoch 30 | Batch 1200 | Loss: 0.6436 | LR: 1.00e-06
2026-04-20 16:08:44,558 INFO Epoch 30 | Train: 0.7281 | Dev CER: 0.1238 | Dev WER: 0.3691 | Time: 197s | Peak: 11.5 GB
2026-04-20 16:08:44,558 INFO   New best CER: 0.1238
2026-04-20 16:10:06,363 INFO Done. Best dev CER: 0.1238 | Test CER: 0.1240
