2026-04-24 20:08:36,476 INFO Loading LibriSpeech split=train.100 from HuggingFace...
2026-04-24 20:08:36,550 INFO HTTP Request: HEAD https://huggingface.co/datasets/openslr/librispeech_asr/resolve/main/README.md "HTTP/1.1 307 Temporary Redirect"
2026-04-24 20:08:36,558 INFO HTTP Request: HEAD https://huggingface.co/api/resolve-cache/datasets/openslr/librispeech_asr/71cacbfb7e2354c4226d01e70d77d5fca3d04ba1/README.md "HTTP/1.1 200 OK"
2026-04-24 20:08:36,607 INFO HTTP Request: HEAD https://huggingface.co/datasets/openslr/librispeech_asr/resolve/71cacbfb7e2354c4226d01e70d77d5fca3d04ba1/librispeech_asr.py "HTTP/1.1 404 Not Found"
Warning: You are sending unauthenticated requests to the HF Hub. Please set a HF_TOKEN to enable higher rate limits and faster downloads.
2026-04-24 20:08:36,608 WARNING Warning: You are sending unauthenticated requests to the HF Hub. Please set a HF_TOKEN to enable higher rate limits and faster downloads.
2026-04-24 20:08:36,728 INFO HTTP Request: HEAD https://s3.amazonaws.com/datasets.huggingface.co/datasets/datasets/openslr/librispeech_asr/openslr/librispeech_asr.py "HTTP/1.1 404 Not Found"
2026-04-24 20:08:36,810 INFO HTTP Request: GET https://huggingface.co/api/datasets/openslr/librispeech_asr/revision/71cacbfb7e2354c4226d01e70d77d5fca3d04ba1 "HTTP/1.1 200 OK"
2026-04-24 20:08:36,861 INFO HTTP Request: HEAD https://huggingface.co/datasets/openslr/librispeech_asr/resolve/71cacbfb7e2354c4226d01e70d77d5fca3d04ba1/.huggingface.yaml "HTTP/1.1 404 Not Found"
2026-04-24 20:08:36,956 INFO HTTP Request: GET https://datasets-server.huggingface.co/info?dataset=openslr/librispeech_asr "HTTP/1.1 200 OK"
2026-04-24 20:08:37,016 INFO HTTP Request: GET https://huggingface.co/api/datasets/openslr/librispeech_asr/tree/71cacbfb7e2354c4226d01e70d77d5fca3d04ba1/clean%2Ftest?recursive=true&expand=false "HTTP/1.1 200 OK"
2026-04-24 20:08:37,063 INFO HTTP Request: GET https://huggingface.co/api/datasets/openslr/librispeech_asr/tree/71cacbfb7e2354c4226d01e70d77d5fca3d04ba1/clean?recursive=false&expand=false "HTTP/1.1 200 OK"
2026-04-24 20:08:37,121 INFO HTTP Request: GET https://huggingface.co/api/datasets/openslr/librispeech_asr/tree/71cacbfb7e2354c4226d01e70d77d5fca3d04ba1/clean%2Ftrain.100?recursive=true&expand=false "HTTP/1.1 200 OK"
2026-04-24 20:08:37,190 INFO HTTP Request: GET https://huggingface.co/api/datasets/openslr/librispeech_asr/tree/71cacbfb7e2354c4226d01e70d77d5fca3d04ba1/clean%2Ftrain.360?recursive=true&expand=false "HTTP/1.1 200 OK"
2026-04-24 20:08:37,275 INFO HTTP Request: GET https://huggingface.co/api/datasets/openslr/librispeech_asr/tree/71cacbfb7e2354c4226d01e70d77d5fca3d04ba1/clean%2Fvalidation?recursive=true&expand=false "HTTP/1.1 200 OK"
2026-04-24 20:08:37,331 INFO HTTP Request: HEAD https://huggingface.co/datasets/openslr/librispeech_asr/resolve/71cacbfb7e2354c4226d01e70d77d5fca3d04ba1/dataset_infos.json "HTTP/1.1 404 Not Found"
2026-04-24 20:10:19,221 INFO Loaded 28538 utterances from train.100 (skipped 1 outside [0.5s, 20.0s])
2026-04-24 20:10:19,389 INFO Loading LibriSpeech split=validation from HuggingFace...
2026-04-24 20:10:19,498 INFO HTTP Request: HEAD https://huggingface.co/datasets/openslr/librispeech_asr/resolve/main/README.md "HTTP/1.1 307 Temporary Redirect"
2026-04-24 20:10:19,506 INFO HTTP Request: HEAD https://huggingface.co/api/resolve-cache/datasets/openslr/librispeech_asr/71cacbfb7e2354c4226d01e70d77d5fca3d04ba1/README.md "HTTP/1.1 200 OK"
2026-04-24 20:10:19,551 INFO HTTP Request: HEAD https://huggingface.co/datasets/openslr/librispeech_asr/resolve/71cacbfb7e2354c4226d01e70d77d5fca3d04ba1/librispeech_asr.py "HTTP/1.1 404 Not Found"
2026-04-24 20:10:19,666 INFO HTTP Request: HEAD https://s3.amazonaws.com/datasets.huggingface.co/datasets/datasets/openslr/librispeech_asr/openslr/librispeech_asr.py "HTTP/1.1 404 Not Found"
2026-04-24 20:10:19,722 INFO HTTP Request: HEAD https://huggingface.co/datasets/openslr/librispeech_asr/resolve/71cacbfb7e2354c4226d01e70d77d5fca3d04ba1/.huggingface.yaml "HTTP/1.1 404 Not Found"
2026-04-24 20:10:19,847 INFO HTTP Request: GET https://datasets-server.huggingface.co/info?dataset=openslr/librispeech_asr "HTTP/1.1 200 OK"
2026-04-24 20:10:19,915 INFO HTTP Request: HEAD https://huggingface.co/datasets/openslr/librispeech_asr/resolve/71cacbfb7e2354c4226d01e70d77d5fca3d04ba1/dataset_infos.json "HTTP/1.1 404 Not Found"
2026-04-24 20:10:25,292 INFO Loaded 2642 utterances from validation (skipped 61 outside [0.5s, 20.0s])
2026-04-24 20:10:25,300 INFO Loading LibriSpeech split=test from HuggingFace...
2026-04-24 20:10:25,406 INFO HTTP Request: HEAD https://huggingface.co/datasets/openslr/librispeech_asr/resolve/main/README.md "HTTP/1.1 307 Temporary Redirect"
2026-04-24 20:10:25,413 INFO HTTP Request: HEAD https://huggingface.co/api/resolve-cache/datasets/openslr/librispeech_asr/71cacbfb7e2354c4226d01e70d77d5fca3d04ba1/README.md "HTTP/1.1 200 OK"
2026-04-24 20:10:25,460 INFO HTTP Request: HEAD https://huggingface.co/datasets/openslr/librispeech_asr/resolve/71cacbfb7e2354c4226d01e70d77d5fca3d04ba1/librispeech_asr.py "HTTP/1.1 404 Not Found"
2026-04-24 20:10:25,625 INFO HTTP Request: HEAD https://s3.amazonaws.com/datasets.huggingface.co/datasets/datasets/openslr/librispeech_asr/openslr/librispeech_asr.py "HTTP/1.1 404 Not Found"
2026-04-24 20:10:25,687 INFO HTTP Request: HEAD https://huggingface.co/datasets/openslr/librispeech_asr/resolve/71cacbfb7e2354c4226d01e70d77d5fca3d04ba1/.huggingface.yaml "HTTP/1.1 404 Not Found"
2026-04-24 20:10:25,786 INFO HTTP Request: GET https://datasets-server.huggingface.co/info?dataset=openslr/librispeech_asr "HTTP/1.1 200 OK"
2026-04-24 20:10:25,880 INFO HTTP Request: HEAD https://huggingface.co/datasets/openslr/librispeech_asr/resolve/71cacbfb7e2354c4226d01e70d77d5fca3d04ba1/dataset_infos.json "HTTP/1.1 404 Not Found"
2026-04-24 20:10:31,201 INFO Loaded 2528 utterances from test (skipped 92 outside [0.5s, 20.0s])
2026-04-24 20:10:32,017 INFO Backbone: mamba2_dlucid | Params: 7.27M
2026-04-24 20:10:32,017 INFO   Frontend: 1.90M | Encoder: 5.36M | Head: 8.0K
2026-04-24 20:10:36,145 INFO Epoch 1 | Batch 0 | Loss: 4.4000 | LR: 3.00e-07
2026-04-24 20:10:42,298 INFO Epoch 1 | Batch 50 | Loss: 2.8688 | LR: 1.53e-05
2026-04-24 20:10:48,419 INFO Epoch 1 | Batch 100 | Loss: 2.8865 | LR: 3.03e-05
2026-04-24 20:10:54,562 INFO Epoch 1 | Batch 150 | Loss: 2.8752 | LR: 4.53e-05
2026-04-24 20:11:00,711 INFO Epoch 1 | Batch 200 | Loss: 2.8339 | LR: 6.03e-05
2026-04-24 20:11:06,652 INFO Epoch 1 | Batch 250 | Loss: 2.8339 | LR: 7.53e-05
2026-04-24 20:11:12,810 INFO Epoch 1 | Batch 300 | Loss: 2.7173 | LR: 9.03e-05
2026-04-24 20:11:18,689 INFO Epoch 1 | Batch 350 | Loss: 2.6454 | LR: 1.05e-04
2026-04-24 20:11:24,899 INFO Epoch 1 | Batch 400 | Loss: 2.6620 | LR: 1.20e-04
2026-04-24 20:11:30,970 INFO Epoch 1 | Batch 450 | Loss: 2.5556 | LR: 1.35e-04
2026-04-24 20:11:36,702 INFO Epoch 1 | Batch 500 | Loss: 2.5301 | LR: 1.50e-04
2026-04-24 20:11:43,396 INFO Epoch 1 | Batch 550 | Loss: 2.4559 | LR: 1.65e-04
2026-04-24 20:11:49,303 INFO Epoch 1 | Batch 600 | Loss: 2.5109 | LR: 1.80e-04
2026-04-24 20:11:56,213 INFO Epoch 1 | Batch 650 | Loss: 2.2203 | LR: 1.95e-04
2026-04-24 20:12:02,454 INFO Epoch 1 | Batch 700 | Loss: 2.2905 | LR: 2.10e-04
2026-04-24 20:12:08,276 INFO Epoch 1 | Batch 750 | Loss: 2.2230 | LR: 2.25e-04
2026-04-24 20:12:14,413 INFO Epoch 1 | Batch 800 | Loss: 2.4258 | LR: 2.40e-04
2026-04-24 20:12:20,776 INFO Epoch 1 | Batch 850 | Loss: 2.0953 | LR: 2.55e-04
2026-04-24 20:12:26,531 INFO Epoch 1 | Batch 900 | Loss: 2.1263 | LR: 2.70e-04
2026-04-24 20:12:31,696 INFO Epoch 1 | Batch 950 | Loss: 1.9798 | LR: 2.85e-04
2026-04-24 20:12:37,808 INFO Epoch 1 | Batch 1000 | Loss: 1.7882 | LR: 3.00e-04
2026-04-24 20:12:43,603 INFO Epoch 1 | Batch 1050 | Loss: 1.9085 | LR: 3.00e-04
2026-04-24 20:12:50,025 INFO Epoch 1 | Batch 1100 | Loss: 1.9621 | LR: 3.00e-04
2026-04-24 20:12:56,554 INFO Epoch 1 | Batch 1150 | Loss: 2.0811 | LR: 3.00e-04
2026-04-24 20:13:03,000 INFO Epoch 1 | Batch 1200 | Loss: 2.0054 | LR: 3.00e-04
2026-04-24 20:13:16,640 INFO Epoch 1 | Train: 2.3977 | Dev CER: 0.4376 | Dev WER: 0.9144 | Time: 164s | Peak: 2.5 GB
2026-04-24 20:13:16,640 INFO   New best CER: 0.4376
2026-04-24 20:13:19,921 INFO Epoch 2 | Batch 0 | Loss: 1.7394 | LR: 3.00e-04
2026-04-24 20:13:25,867 INFO Epoch 2 | Batch 50 | Loss: 2.0133 | LR: 3.00e-04
2026-04-24 20:13:32,134 INFO Epoch 2 | Batch 100 | Loss: 1.9863 | LR: 3.00e-04
2026-04-24 20:13:38,145 INFO Epoch 2 | Batch 150 | Loss: 1.8956 | LR: 3.00e-04
2026-04-24 20:13:44,057 INFO Epoch 2 | Batch 200 | Loss: 1.6565 | LR: 3.00e-04
2026-04-24 20:13:50,252 INFO Epoch 2 | Batch 250 | Loss: 1.4647 | LR: 3.00e-04
2026-04-24 20:13:56,069 INFO Epoch 2 | Batch 300 | Loss: 1.6639 | LR: 3.00e-04
2026-04-24 20:14:02,282 INFO Epoch 2 | Batch 350 | Loss: 1.6471 | LR: 3.00e-04
2026-04-24 20:14:08,141 INFO Epoch 2 | Batch 400 | Loss: 1.4376 | LR: 3.00e-04
2026-04-24 20:14:14,407 INFO Epoch 2 | Batch 450 | Loss: 1.5496 | LR: 3.00e-04
2026-04-24 20:14:20,656 INFO Epoch 2 | Batch 500 | Loss: 1.5301 | LR: 3.00e-04
2026-04-24 20:14:26,439 INFO Epoch 2 | Batch 550 | Loss: 1.7668 | LR: 3.00e-04
2026-04-24 20:14:32,728 INFO Epoch 2 | Batch 600 | Loss: 1.5987 | LR: 3.00e-04
2026-04-24 20:14:39,447 INFO Epoch 2 | Batch 650 | Loss: 1.7497 | LR: 3.00e-04
2026-04-24 20:14:45,850 INFO Epoch 2 | Batch 700 | Loss: 2.0558 | LR: 3.00e-04
2026-04-24 20:14:52,382 INFO Epoch 2 | Batch 750 | Loss: 1.5971 | LR: 2.99e-04
2026-04-24 20:14:58,585 INFO Epoch 2 | Batch 800 | Loss: 1.3160 | LR: 2.99e-04
2026-04-24 20:15:04,932 INFO Epoch 2 | Batch 850 | Loss: 1.6933 | LR: 2.99e-04
2026-04-24 20:15:11,260 INFO Epoch 2 | Batch 900 | Loss: 1.5190 | LR: 2.99e-04
2026-04-24 20:15:17,996 INFO Epoch 2 | Batch 950 | Loss: 1.3245 | LR: 2.99e-04
2026-04-24 20:15:24,994 INFO Epoch 2 | Batch 1000 | Loss: 2.1663 | LR: 2.99e-04
2026-04-24 20:15:30,961 INFO Epoch 2 | Batch 1050 | Loss: 1.5705 | LR: 2.99e-04
2026-04-24 20:15:37,424 INFO Epoch 2 | Batch 1100 | Loss: 1.4130 | LR: 2.99e-04
2026-04-24 20:15:43,375 INFO Epoch 2 | Batch 1150 | Loss: 1.3063 | LR: 2.99e-04
2026-04-24 20:15:49,542 INFO Epoch 2 | Batch 1200 | Loss: 1.3918 | LR: 2.99e-04
2026-04-24 20:16:01,141 INFO Epoch 2 | Train: 1.5936 | Dev CER: 0.3118 | Dev WER: 0.7564 | Time: 164s | Peak: 2.5 GB
2026-04-24 20:16:01,141 INFO   New best CER: 0.3118
2026-04-24 20:16:05,894 INFO Epoch 3 | Batch 0 | Loss: 1.2863 | LR: 2.99e-04
2026-04-24 20:16:12,074 INFO Epoch 3 | Batch 50 | Loss: 1.3826 | LR: 2.99e-04
2026-04-24 20:16:18,987 INFO Epoch 3 | Batch 100 | Loss: 1.3426 | LR: 2.99e-04
2026-04-24 20:16:25,502 INFO Epoch 3 | Batch 150 | Loss: 1.2867 | LR: 2.99e-04
2026-04-24 20:16:32,739 INFO Epoch 3 | Batch 200 | Loss: 1.4458 | LR: 2.98e-04
2026-04-24 20:16:39,889 INFO Epoch 3 | Batch 250 | Loss: 1.0272 | LR: 2.98e-04
2026-04-24 20:16:47,212 INFO Epoch 3 | Batch 300 | Loss: 1.4620 | LR: 2.98e-04
2026-04-24 20:16:54,441 INFO Epoch 3 | Batch 350 | Loss: 1.0712 | LR: 2.98e-04
2026-04-24 20:17:01,809 INFO Epoch 3 | Batch 400 | Loss: 1.1604 | LR: 2.98e-04
2026-04-24 20:17:08,402 INFO Epoch 3 | Batch 450 | Loss: 1.7274 | LR: 2.98e-04
2026-04-24 20:17:15,209 INFO Epoch 3 | Batch 500 | Loss: 1.2649 | LR: 2.98e-04
2026-04-24 20:17:21,994 INFO Epoch 3 | Batch 550 | Loss: 1.2186 | LR: 2.98e-04
2026-04-24 20:17:28,023 INFO Epoch 3 | Batch 600 | Loss: 1.4938 | LR: 2.98e-04
2026-04-24 20:17:34,538 INFO Epoch 3 | Batch 650 | Loss: 1.3357 | LR: 2.97e-04
2026-04-24 20:17:41,452 INFO Epoch 3 | Batch 700 | Loss: 1.4680 | LR: 2.97e-04
2026-04-24 20:17:48,006 INFO Epoch 3 | Batch 750 | Loss: 1.7668 | LR: 2.97e-04
2026-04-24 20:17:54,296 INFO Epoch 3 | Batch 800 | Loss: 1.4147 | LR: 2.97e-04
2026-04-24 20:17:59,630 INFO Epoch 3 | Batch 850 | Loss: 1.4120 | LR: 2.97e-04
2026-04-24 20:18:05,183 INFO Epoch 3 | Batch 900 | Loss: 1.5657 | LR: 2.97e-04
2026-04-24 20:18:10,360 INFO Epoch 3 | Batch 950 | Loss: 1.5904 | LR: 2.97e-04
2026-04-24 20:18:15,741 INFO Epoch 3 | Batch 1000 | Loss: 1.1886 | LR: 2.97e-04
2026-04-24 20:18:22,706 INFO Epoch 3 | Batch 1050 | Loss: 1.2730 | LR: 2.96e-04
2026-04-24 20:18:29,314 INFO Epoch 3 | Batch 1100 | Loss: 1.0978 | LR: 2.96e-04
2026-04-24 20:18:36,031 INFO Epoch 3 | Batch 1150 | Loss: 1.6946 | LR: 2.96e-04
2026-04-24 20:18:42,611 INFO Epoch 3 | Batch 1200 | Loss: 1.5254 | LR: 2.96e-04
2026-04-24 20:18:56,994 INFO Epoch 3 | Train: 1.3260 | Dev CER: 0.2661 | Dev WER: 0.6797 | Time: 175s | Peak: 2.5 GB
2026-04-24 20:18:56,994 INFO   New best CER: 0.2661
2026-04-24 20:19:02,758 INFO Epoch 4 | Batch 0 | Loss: 1.0563 | LR: 2.96e-04
2026-04-24 20:19:09,291 INFO Epoch 4 | Batch 50 | Loss: 1.4418 | LR: 2.96e-04
2026-04-24 20:19:15,427 INFO Epoch 4 | Batch 100 | Loss: 1.0972 | LR: 2.96e-04
2026-04-24 20:19:21,710 INFO Epoch 4 | Batch 150 | Loss: 1.6646 | LR: 2.95e-04
2026-04-24 20:19:27,717 INFO Epoch 4 | Batch 200 | Loss: 1.3239 | LR: 2.95e-04
2026-04-24 20:19:33,880 INFO Epoch 4 | Batch 250 | Loss: 1.2698 | LR: 2.95e-04
2026-04-24 20:19:40,329 INFO Epoch 4 | Batch 300 | Loss: 1.2101 | LR: 2.95e-04
2026-04-24 20:19:46,127 INFO Epoch 4 | Batch 350 | Loss: 1.6325 | LR: 2.95e-04
2026-04-24 20:19:52,907 INFO Epoch 4 | Batch 400 | Loss: 1.3285 | LR: 2.95e-04
2026-04-24 20:19:59,455 INFO Epoch 4 | Batch 450 | Loss: 1.2224 | LR: 2.94e-04
2026-04-24 20:20:05,725 INFO Epoch 4 | Batch 500 | Loss: 1.3986 | LR: 2.94e-04
2026-04-24 20:20:12,603 INFO Epoch 4 | Batch 550 | Loss: 1.0729 | LR: 2.94e-04
2026-04-24 20:20:18,911 INFO Epoch 4 | Batch 600 | Loss: 1.3342 | LR: 2.94e-04
2026-04-24 20:20:25,469 INFO Epoch 4 | Batch 650 | Loss: 1.2048 | LR: 2.94e-04
2026-04-24 20:20:31,848 INFO Epoch 4 | Batch 700 | Loss: 1.0179 | LR: 2.93e-04
2026-04-24 20:20:38,212 INFO Epoch 4 | Batch 750 | Loss: 1.1866 | LR: 2.93e-04
2026-04-24 20:20:44,916 INFO Epoch 4 | Batch 800 | Loss: 1.0324 | LR: 2.93e-04
2026-04-24 20:20:51,495 INFO Epoch 4 | Batch 850 | Loss: 1.4487 | LR: 2.93e-04
2026-04-24 20:20:57,862 INFO Epoch 4 | Batch 900 | Loss: 1.2540 | LR: 2.93e-04
2026-04-24 20:21:04,250 INFO Epoch 4 | Batch 950 | Loss: 1.2251 | LR: 2.92e-04
2026-04-24 20:21:10,315 INFO Epoch 4 | Batch 1000 | Loss: 1.0876 | LR: 2.92e-04
2026-04-24 20:21:16,958 INFO Epoch 4 | Batch 1050 | Loss: 1.2570 | LR: 2.92e-04
2026-04-24 20:21:22,796 INFO Epoch 4 | Batch 1100 | Loss: 1.0790 | LR: 2.92e-04
2026-04-24 20:21:29,323 INFO Epoch 4 | Batch 1150 | Loss: 1.3531 | LR: 2.92e-04
2026-04-24 20:21:35,581 INFO Epoch 4 | Batch 1200 | Loss: 1.5213 | LR: 2.91e-04
2026-04-24 20:21:52,051 INFO Epoch 4 | Train: 1.1961 | Dev CER: 0.2343 | Dev WER: 0.6220 | Time: 174s | Peak: 2.5 GB
2026-04-24 20:21:52,051 INFO   New best CER: 0.2343
2026-04-24 20:21:56,869 INFO Epoch 5 | Batch 0 | Loss: 0.8406 | LR: 2.91e-04
2026-04-24 20:22:03,148 INFO Epoch 5 | Batch 50 | Loss: 1.0707 | LR: 2.91e-04
2026-04-24 20:22:09,668 INFO Epoch 5 | Batch 100 | Loss: 1.2001 | LR: 2.91e-04
2026-04-24 20:22:16,089 INFO Epoch 5 | Batch 150 | Loss: 1.1173 | LR: 2.91e-04
2026-04-24 20:22:23,034 INFO Epoch 5 | Batch 200 | Loss: 0.9329 | LR: 2.90e-04
2026-04-24 20:22:29,699 INFO Epoch 5 | Batch 250 | Loss: 1.7365 | LR: 2.90e-04
2026-04-24 20:22:36,049 INFO Epoch 5 | Batch 300 | Loss: 0.8986 | LR: 2.90e-04
2026-04-24 20:22:42,440 INFO Epoch 5 | Batch 350 | Loss: 0.9327 | LR: 2.90e-04
2026-04-24 20:22:49,266 INFO Epoch 5 | Batch 400 | Loss: 0.8399 | LR: 2.89e-04
2026-04-24 20:22:55,565 INFO Epoch 5 | Batch 450 | Loss: 1.1837 | LR: 2.89e-04
2026-04-24 20:23:01,888 INFO Epoch 5 | Batch 500 | Loss: 1.0064 | LR: 2.89e-04
2026-04-24 20:23:08,230 INFO Epoch 5 | Batch 550 | Loss: 1.1032 | LR: 2.89e-04
2026-04-24 20:23:15,125 INFO Epoch 5 | Batch 600 | Loss: 1.2836 | LR: 2.88e-04
2026-04-24 20:23:21,076 INFO Epoch 5 | Batch 650 | Loss: 1.3728 | LR: 2.88e-04
2026-04-24 20:23:27,516 INFO Epoch 5 | Batch 700 | Loss: 1.0532 | LR: 2.88e-04
2026-04-24 20:23:33,719 INFO Epoch 5 | Batch 750 | Loss: 0.9598 | LR: 2.88e-04
2026-04-24 20:23:39,816 INFO Epoch 5 | Batch 800 | Loss: 0.9535 | LR: 2.87e-04
2026-04-24 20:23:46,139 INFO Epoch 5 | Batch 850 | Loss: 1.0704 | LR: 2.87e-04
2026-04-24 20:23:52,186 INFO Epoch 5 | Batch 900 | Loss: 1.1711 | LR: 2.87e-04
2026-04-24 20:23:58,540 INFO Epoch 5 | Batch 950 | Loss: 1.5236 | LR: 2.87e-04
2026-04-24 20:24:05,181 INFO Epoch 5 | Batch 1000 | Loss: 1.2618 | LR: 2.86e-04
2026-04-24 20:24:11,571 INFO Epoch 5 | Batch 1050 | Loss: 1.0100 | LR: 2.86e-04
2026-04-24 20:24:18,118 INFO Epoch 5 | Batch 1100 | Loss: 1.1262 | LR: 2.86e-04
2026-04-24 20:24:24,417 INFO Epoch 5 | Batch 1150 | Loss: 1.4347 | LR: 2.86e-04
2026-04-24 20:24:31,679 INFO Epoch 5 | Batch 1200 | Loss: 1.0905 | LR: 2.85e-04
2026-04-24 20:24:49,567 INFO Epoch 5 | Train: 1.0949 | Dev CER: 0.2159 | Dev WER: 0.5861 | Time: 177s | Peak: 2.5 GB
2026-04-24 20:24:49,568 INFO   New best CER: 0.2159
2026-04-24 20:24:54,483 INFO Epoch 6 | Batch 0 | Loss: 1.0406 | LR: 2.85e-04
2026-04-24 20:25:01,645 INFO Epoch 6 | Batch 50 | Loss: 1.6122 | LR: 2.85e-04
2026-04-24 20:25:08,187 INFO Epoch 6 | Batch 100 | Loss: 1.2033 | LR: 2.84e-04
2026-04-24 20:25:14,641 INFO Epoch 6 | Batch 150 | Loss: 1.1432 | LR: 2.84e-04
2026-04-24 20:25:21,407 INFO Epoch 6 | Batch 200 | Loss: 1.1825 | LR: 2.84e-04
2026-04-24 20:25:27,877 INFO Epoch 6 | Batch 250 | Loss: 0.7958 | LR: 2.84e-04
2026-04-24 20:25:34,732 INFO Epoch 6 | Batch 300 | Loss: 0.7837 | LR: 2.83e-04
2026-04-24 20:25:41,693 INFO Epoch 6 | Batch 350 | Loss: 0.9958 | LR: 2.83e-04
2026-04-24 20:25:48,127 INFO Epoch 6 | Batch 400 | Loss: 0.8339 | LR: 2.83e-04
2026-04-24 20:25:54,900 INFO Epoch 6 | Batch 450 | Loss: 1.7855 | LR: 2.82e-04
2026-04-24 20:26:02,006 INFO Epoch 6 | Batch 500 | Loss: 0.8724 | LR: 2.82e-04
2026-04-24 20:26:08,448 INFO Epoch 6 | Batch 550 | Loss: 0.9265 | LR: 2.82e-04
2026-04-24 20:26:15,419 INFO Epoch 6 | Batch 600 | Loss: 1.0180 | LR: 2.81e-04
2026-04-24 20:26:22,749 INFO Epoch 6 | Batch 650 | Loss: 1.1832 | LR: 2.81e-04
2026-04-24 20:26:29,460 INFO Epoch 6 | Batch 700 | Loss: 1.2597 | LR: 2.81e-04
2026-04-24 20:26:36,514 INFO Epoch 6 | Batch 750 | Loss: 1.0727 | LR: 2.81e-04
2026-04-24 20:26:43,582 INFO Epoch 6 | Batch 800 | Loss: 0.9742 | LR: 2.80e-04
2026-04-24 20:26:50,526 INFO Epoch 6 | Batch 850 | Loss: 1.1248 | LR: 2.80e-04
2026-04-24 20:26:57,671 INFO Epoch 6 | Batch 900 | Loss: 0.8026 | LR: 2.80e-04
2026-04-24 20:27:04,701 INFO Epoch 6 | Batch 950 | Loss: 1.4009 | LR: 2.79e-04
2026-04-24 20:27:12,367 INFO Epoch 6 | Batch 1000 | Loss: 0.9730 | LR: 2.79e-04
2026-04-24 20:27:19,830 INFO Epoch 6 | Batch 1050 | Loss: 1.2067 | LR: 2.79e-04
2026-04-24 20:27:27,013 INFO Epoch 6 | Batch 1100 | Loss: 1.1669 | LR: 2.78e-04
2026-04-24 20:27:34,423 INFO Epoch 6 | Batch 1150 | Loss: 0.9890 | LR: 2.78e-04
2026-04-24 20:27:41,911 INFO Epoch 6 | Batch 1200 | Loss: 0.8862 | LR: 2.78e-04
2026-04-24 20:28:01,329 INFO Epoch 6 | Train: 1.0218 | Dev CER: 0.1984 | Dev WER: 0.5549 | Time: 191s | Peak: 2.5 GB
2026-04-24 20:28:01,329 INFO   New best CER: 0.1984
2026-04-24 20:28:07,512 INFO Epoch 7 | Batch 0 | Loss: 1.1376 | LR: 2.77e-04
2026-04-24 20:28:14,045 INFO Epoch 7 | Batch 50 | Loss: 1.1569 | LR: 2.77e-04
2026-04-24 20:28:20,750 INFO Epoch 7 | Batch 100 | Loss: 0.9135 | LR: 2.77e-04
2026-04-24 20:28:27,301 INFO Epoch 7 | Batch 150 | Loss: 1.0815 | LR: 2.76e-04
2026-04-24 20:28:34,666 INFO Epoch 7 | Batch 200 | Loss: 0.8086 | LR: 2.76e-04
2026-04-24 20:28:41,595 INFO Epoch 7 | Batch 250 | Loss: 1.0329 | LR: 2.76e-04
2026-04-24 20:28:48,157 INFO Epoch 7 | Batch 300 | Loss: 0.8716 | LR: 2.75e-04
2026-04-24 20:28:54,896 INFO Epoch 7 | Batch 350 | Loss: 1.1810 | LR: 2.75e-04
2026-04-24 20:29:02,242 INFO Epoch 7 | Batch 400 | Loss: 0.8538 | LR: 2.74e-04
2026-04-24 20:29:09,038 INFO Epoch 7 | Batch 450 | Loss: 1.1295 | LR: 2.74e-04
2026-04-24 20:29:16,114 INFO Epoch 7 | Batch 500 | Loss: 1.1867 | LR: 2.74e-04
2026-04-24 20:29:23,077 INFO Epoch 7 | Batch 550 | Loss: 0.8408 | LR: 2.73e-04
2026-04-24 20:29:29,682 INFO Epoch 7 | Batch 600 | Loss: 0.9430 | LR: 2.73e-04
2026-04-24 20:29:36,636 INFO Epoch 7 | Batch 650 | Loss: 1.1230 | LR: 2.73e-04
2026-04-24 20:29:42,790 INFO Epoch 7 | Batch 700 | Loss: 1.0272 | LR: 2.72e-04
2026-04-24 20:29:49,970 INFO Epoch 7 | Batch 750 | Loss: 1.1247 | LR: 2.72e-04
2026-04-24 20:29:56,964 INFO Epoch 7 | Batch 800 | Loss: 1.3563 | LR: 2.71e-04
2026-04-24 20:30:03,675 INFO Epoch 7 | Batch 850 | Loss: 1.1842 | LR: 2.71e-04
2026-04-24 20:30:10,819 INFO Epoch 7 | Batch 900 | Loss: 0.9023 | LR: 2.71e-04
2026-04-24 20:30:18,231 INFO Epoch 7 | Batch 950 | Loss: 0.8389 | LR: 2.70e-04
2026-04-24 20:30:25,072 INFO Epoch 7 | Batch 1000 | Loss: 0.8056 | LR: 2.70e-04
2026-04-24 20:30:31,939 INFO Epoch 7 | Batch 1050 | Loss: 1.2073 | LR: 2.69e-04
2026-04-24 20:30:38,868 INFO Epoch 7 | Batch 1100 | Loss: 1.4079 | LR: 2.69e-04
2026-04-24 20:30:45,726 INFO Epoch 7 | Batch 1150 | Loss: 0.8911 | LR: 2.69e-04
2026-04-24 20:30:52,760 INFO Epoch 7 | Batch 1200 | Loss: 0.6451 | LR: 2.68e-04
2026-04-24 20:31:10,573 INFO Epoch 7 | Train: 0.9803 | Dev CER: 0.1882 | Dev WER: 0.5281 | Time: 188s | Peak: 2.5 GB
2026-04-24 20:31:10,573 INFO   New best CER: 0.1882
2026-04-24 20:31:16,647 INFO Epoch 8 | Batch 0 | Loss: 0.8582 | LR: 2.68e-04
2026-04-24 20:31:23,158 INFO Epoch 8 | Batch 50 | Loss: 1.0332 | LR: 2.68e-04
2026-04-24 20:31:29,582 INFO Epoch 8 | Batch 100 | Loss: 0.9827 | LR: 2.67e-04
2026-04-24 20:31:36,329 INFO Epoch 8 | Batch 150 | Loss: 1.1871 | LR: 2.67e-04
2026-04-24 20:31:42,977 INFO Epoch 8 | Batch 200 | Loss: 0.9062 | LR: 2.66e-04
2026-04-24 20:31:49,353 INFO Epoch 8 | Batch 250 | Loss: 1.1338 | LR: 2.66e-04
2026-04-24 20:31:56,040 INFO Epoch 8 | Batch 300 | Loss: 0.8629 | LR: 2.66e-04
2026-04-24 20:32:02,828 INFO Epoch 8 | Batch 350 | Loss: 1.1441 | LR: 2.65e-04
2026-04-24 20:32:09,167 INFO Epoch 8 | Batch 400 | Loss: 0.7614 | LR: 2.65e-04
2026-04-24 20:32:16,112 INFO Epoch 8 | Batch 450 | Loss: 1.0901 | LR: 2.64e-04
2026-04-24 20:32:23,361 INFO Epoch 8 | Batch 500 | Loss: 0.8905 | LR: 2.64e-04
2026-04-24 20:32:30,395 INFO Epoch 8 | Batch 550 | Loss: 0.9004 | LR: 2.63e-04
2026-04-24 20:32:37,339 INFO Epoch 8 | Batch 600 | Loss: 0.7653 | LR: 2.63e-04
2026-04-24 20:32:44,051 INFO Epoch 8 | Batch 650 | Loss: 0.8559 | LR: 2.63e-04
2026-04-24 20:32:50,870 INFO Epoch 8 | Batch 700 | Loss: 0.7760 | LR: 2.62e-04
2026-04-24 20:32:57,827 INFO Epoch 8 | Batch 750 | Loss: 0.7119 | LR: 2.62e-04
2026-04-24 20:33:05,236 INFO Epoch 8 | Batch 800 | Loss: 0.9422 | LR: 2.61e-04
2026-04-24 20:33:12,064 INFO Epoch 8 | Batch 850 | Loss: 0.6245 | LR: 2.61e-04
2026-04-24 20:33:19,266 INFO Epoch 8 | Batch 900 | Loss: 1.0654 | LR: 2.60e-04
2026-04-24 20:33:26,560 INFO Epoch 8 | Batch 950 | Loss: 0.9762 | LR: 2.60e-04
2026-04-24 20:33:33,707 INFO Epoch 8 | Batch 1000 | Loss: 0.7618 | LR: 2.60e-04
2026-04-24 20:33:41,163 INFO Epoch 8 | Batch 1050 | Loss: 0.8214 | LR: 2.59e-04
2026-04-24 20:33:48,366 INFO Epoch 8 | Batch 1100 | Loss: 0.8207 | LR: 2.59e-04
2026-04-24 20:33:55,395 INFO Epoch 8 | Batch 1150 | Loss: 0.7230 | LR: 2.58e-04
2026-04-24 20:34:03,021 INFO Epoch 8 | Batch 1200 | Loss: 0.7707 | LR: 2.58e-04
2026-04-24 20:34:23,378 INFO Epoch 8 | Train: 0.9295 | Dev CER: 0.1807 | Dev WER: 0.5084 | Time: 192s | Peak: 2.5 GB
2026-04-24 20:34:23,379 INFO   New best CER: 0.1807
2026-04-24 20:34:29,573 INFO Epoch 9 | Batch 0 | Loss: 0.8735 | LR: 2.57e-04
2026-04-24 20:34:36,084 INFO Epoch 9 | Batch 50 | Loss: 0.9571 | LR: 2.57e-04
2026-04-24 20:34:43,279 INFO Epoch 9 | Batch 100 | Loss: 0.8018 | LR: 2.56e-04
2026-04-24 20:34:50,033 INFO Epoch 9 | Batch 150 | Loss: 0.9824 | LR: 2.56e-04
2026-04-24 20:34:57,206 INFO Epoch 9 | Batch 200 | Loss: 0.8733 | LR: 2.56e-04
2026-04-24 20:35:04,341 INFO Epoch 9 | Batch 250 | Loss: 1.0091 | LR: 2.55e-04
2026-04-24 20:35:11,191 INFO Epoch 9 | Batch 300 | Loss: 0.8411 | LR: 2.55e-04
2026-04-24 20:35:18,158 INFO Epoch 9 | Batch 350 | Loss: 1.1250 | LR: 2.54e-04
2026-04-24 20:35:24,868 INFO Epoch 9 | Batch 400 | Loss: 0.8131 | LR: 2.54e-04
2026-04-24 20:35:31,274 INFO Epoch 9 | Batch 450 | Loss: 0.6390 | LR: 2.53e-04
2026-04-24 20:35:38,051 INFO Epoch 9 | Batch 500 | Loss: 0.7390 | LR: 2.53e-04
2026-04-24 20:35:44,916 INFO Epoch 9 | Batch 550 | Loss: 0.6908 | LR: 2.52e-04
2026-04-24 20:35:51,535 INFO Epoch 9 | Batch 600 | Loss: 0.7394 | LR: 2.52e-04
2026-04-24 20:35:59,073 INFO Epoch 9 | Batch 650 | Loss: 0.9824 | LR: 2.51e-04
2026-04-24 20:36:06,258 INFO Epoch 9 | Batch 700 | Loss: 0.6710 | LR: 2.51e-04
2026-04-24 20:36:13,473 INFO Epoch 9 | Batch 750 | Loss: 0.8445 | LR: 2.50e-04
2026-04-24 20:36:20,703 INFO Epoch 9 | Batch 800 | Loss: 0.9036 | LR: 2.50e-04
2026-04-24 20:36:27,912 INFO Epoch 9 | Batch 850 | Loss: 1.0759 | LR: 2.49e-04
2026-04-24 20:36:34,786 INFO Epoch 9 | Batch 900 | Loss: 1.0616 | LR: 2.49e-04
2026-04-24 20:36:41,876 INFO Epoch 9 | Batch 950 | Loss: 0.9452 | LR: 2.48e-04
2026-04-24 20:36:49,058 INFO Epoch 9 | Batch 1000 | Loss: 0.8063 | LR: 2.48e-04
2026-04-24 20:36:56,042 INFO Epoch 9 | Batch 1050 | Loss: 1.0547 | LR: 2.47e-04
2026-04-24 20:37:03,002 INFO Epoch 9 | Batch 1100 | Loss: 0.7401 | LR: 2.47e-04
2026-04-24 20:37:10,114 INFO Epoch 9 | Batch 1150 | Loss: 0.7308 | LR: 2.46e-04
2026-04-24 20:37:16,445 INFO Epoch 9 | Batch 1200 | Loss: 0.8631 | LR: 2.46e-04
2026-04-24 20:37:35,307 INFO Epoch 9 | Train: 0.9010 | Dev CER: 0.1728 | Dev WER: 0.4924 | Time: 191s | Peak: 2.5 GB
2026-04-24 20:37:35,307 INFO   New best CER: 0.1728
2026-04-24 20:37:41,164 INFO Epoch 10 | Batch 0 | Loss: 0.8433 | LR: 2.46e-04
2026-04-24 20:37:47,121 INFO Epoch 10 | Batch 50 | Loss: 0.9017 | LR: 2.45e-04
2026-04-24 20:37:53,747 INFO Epoch 10 | Batch 100 | Loss: 0.7639 | LR: 2.45e-04
2026-04-24 20:38:00,307 INFO Epoch 10 | Batch 150 | Loss: 0.8489 | LR: 2.44e-04
2026-04-24 20:38:05,852 INFO Epoch 10 | Batch 200 | Loss: 0.8282 | LR: 2.44e-04
2026-04-24 20:38:11,671 INFO Epoch 10 | Batch 250 | Loss: 0.7027 | LR: 2.43e-04
2026-04-24 20:38:18,251 INFO Epoch 10 | Batch 300 | Loss: 0.7138 | LR: 2.43e-04
2026-04-24 20:38:24,677 INFO Epoch 10 | Batch 350 | Loss: 0.6903 | LR: 2.42e-04
2026-04-24 20:38:31,187 INFO Epoch 10 | Batch 400 | Loss: 0.5350 | LR: 2.41e-04
2026-04-24 20:38:37,203 INFO Epoch 10 | Batch 450 | Loss: 0.9633 | LR: 2.41e-04
2026-04-24 20:38:43,118 INFO Epoch 10 | Batch 500 | Loss: 0.6626 | LR: 2.40e-04
2026-04-24 20:38:49,678 INFO Epoch 10 | Batch 550 | Loss: 0.8060 | LR: 2.40e-04
2026-04-24 20:38:56,465 INFO Epoch 10 | Batch 600 | Loss: 0.9620 | LR: 2.39e-04
2026-04-24 20:39:03,319 INFO Epoch 10 | Batch 650 | Loss: 0.8564 | LR: 2.39e-04
2026-04-24 20:39:09,885 INFO Epoch 10 | Batch 700 | Loss: 1.3778 | LR: 2.38e-04
2026-04-24 20:39:16,672 INFO Epoch 10 | Batch 750 | Loss: 0.5540 | LR: 2.38e-04
2026-04-24 20:39:23,133 INFO Epoch 10 | Batch 800 | Loss: 1.4606 | LR: 2.37e-04
2026-04-24 20:39:29,803 INFO Epoch 10 | Batch 850 | Loss: 0.6942 | LR: 2.37e-04
2026-04-24 20:39:36,263 INFO Epoch 10 | Batch 900 | Loss: 0.6953 | LR: 2.36e-04
2026-04-24 20:39:42,649 INFO Epoch 10 | Batch 950 | Loss: 0.7791 | LR: 2.36e-04
2026-04-24 20:39:49,703 INFO Epoch 10 | Batch 1000 | Loss: 0.7411 | LR: 2.35e-04
2026-04-24 20:39:56,303 INFO Epoch 10 | Batch 1050 | Loss: 0.7725 | LR: 2.35e-04
2026-04-24 20:40:03,207 INFO Epoch 10 | Batch 1100 | Loss: 0.6662 | LR: 2.34e-04
2026-04-24 20:40:09,870 INFO Epoch 10 | Batch 1150 | Loss: 0.7317 | LR: 2.34e-04
2026-04-24 20:40:15,853 INFO Epoch 10 | Batch 1200 | Loss: 0.7517 | LR: 2.33e-04
2026-04-24 20:40:36,037 INFO Epoch 10 | Train: 0.8604 | Dev CER: 0.1623 | Dev WER: 0.4702 | Time: 180s | Peak: 2.5 GB
2026-04-24 20:40:36,037 INFO   New best CER: 0.1623
2026-04-24 20:40:41,964 INFO Epoch 11 | Batch 0 | Loss: 0.8348 | LR: 2.33e-04
2026-04-24 20:40:48,116 INFO Epoch 11 | Batch 50 | Loss: 0.7979 | LR: 2.32e-04
