2026-04-28 17:16:56,591 INFO Loading LibriSpeech split=train.100 from HuggingFace...
2026-04-28 17:16:56,760 INFO HTTP Request: HEAD https://huggingface.co/datasets/openslr/librispeech_asr/resolve/main/README.md "HTTP/1.1 307 Temporary Redirect"
2026-04-28 17:16:56,769 INFO HTTP Request: HEAD https://huggingface.co/api/resolve-cache/datasets/openslr/librispeech_asr/71cacbfb7e2354c4226d01e70d77d5fca3d04ba1/README.md "HTTP/1.1 200 OK"
2026-04-28 17:16:56,899 INFO HTTP Request: HEAD https://huggingface.co/datasets/openslr/librispeech_asr/resolve/71cacbfb7e2354c4226d01e70d77d5fca3d04ba1/librispeech_asr.py "HTTP/1.1 404 Not Found"
2026-04-28 17:16:57,253 INFO HTTP Request: HEAD https://s3.amazonaws.com/datasets.huggingface.co/datasets/datasets/openslr/librispeech_asr/openslr/librispeech_asr.py "HTTP/1.1 404 Not Found"
2026-04-28 17:16:57,384 INFO HTTP Request: GET https://huggingface.co/api/datasets/openslr/librispeech_asr/revision/71cacbfb7e2354c4226d01e70d77d5fca3d04ba1 "HTTP/1.1 200 OK"
2026-04-28 17:16:57,513 INFO HTTP Request: HEAD https://huggingface.co/datasets/openslr/librispeech_asr/resolve/71cacbfb7e2354c4226d01e70d77d5fca3d04ba1/.huggingface.yaml "HTTP/1.1 404 Not Found"
2026-04-28 17:16:57,513 WARNING Warning: You are sending unauthenticated requests to the HF Hub. Please set a HF_TOKEN to enable higher rate limits and faster downloads.
2026-04-28 17:16:57,691 INFO HTTP Request: GET https://datasets-server.huggingface.co/info?dataset=openslr/librispeech_asr "HTTP/1.1 200 OK"
2026-04-28 17:16:59,118 INFO HTTP Request: GET https://huggingface.co/api/datasets/openslr/librispeech_asr/tree/71cacbfb7e2354c4226d01e70d77d5fca3d04ba1/clean%2Ftest?recursive=true&expand=false "HTTP/1.1 200 OK"
2026-04-28 17:16:59,244 INFO HTTP Request: GET https://huggingface.co/api/datasets/openslr/librispeech_asr/tree/71cacbfb7e2354c4226d01e70d77d5fca3d04ba1/clean?recursive=false&expand=false "HTTP/1.1 200 OK"
2026-04-28 17:16:59,378 INFO HTTP Request: GET https://huggingface.co/api/datasets/openslr/librispeech_asr/tree/71cacbfb7e2354c4226d01e70d77d5fca3d04ba1/clean%2Ftrain.100?recursive=true&expand=false "HTTP/1.1 200 OK"
2026-04-28 17:16:59,511 INFO HTTP Request: GET https://huggingface.co/api/datasets/openslr/librispeech_asr/tree/71cacbfb7e2354c4226d01e70d77d5fca3d04ba1/clean%2Ftrain.360?recursive=true&expand=false "HTTP/1.1 200 OK"
2026-04-28 17:16:59,655 INFO HTTP Request: GET https://huggingface.co/api/datasets/openslr/librispeech_asr/tree/71cacbfb7e2354c4226d01e70d77d5fca3d04ba1/clean%2Fvalidation?recursive=true&expand=false "HTTP/1.1 200 OK"
2026-04-28 17:16:59,777 INFO HTTP Request: HEAD https://huggingface.co/datasets/openslr/librispeech_asr/resolve/71cacbfb7e2354c4226d01e70d77d5fca3d04ba1/dataset_infos.json "HTTP/1.1 404 Not Found"
2026-04-28 17:18:21,918 INFO Loaded 28538 utterances from train.100 (skipped 1 outside [0.5s, 20.0s])
2026-04-28 17:18:21,986 INFO Loading LibriSpeech split=validation from HuggingFace...
2026-04-28 17:18:22,166 INFO HTTP Request: HEAD https://huggingface.co/datasets/openslr/librispeech_asr/resolve/main/README.md "HTTP/1.1 307 Temporary Redirect"
2026-04-28 17:18:22,176 INFO HTTP Request: HEAD https://huggingface.co/api/resolve-cache/datasets/openslr/librispeech_asr/71cacbfb7e2354c4226d01e70d77d5fca3d04ba1/README.md "HTTP/1.1 200 OK"
2026-04-28 17:18:22,298 INFO HTTP Request: HEAD https://huggingface.co/datasets/openslr/librispeech_asr/resolve/71cacbfb7e2354c4226d01e70d77d5fca3d04ba1/librispeech_asr.py "HTTP/1.1 404 Not Found"
2026-04-28 17:18:22,683 INFO HTTP Request: HEAD https://s3.amazonaws.com/datasets.huggingface.co/datasets/datasets/openslr/librispeech_asr/openslr/librispeech_asr.py "HTTP/1.1 404 Not Found"
2026-04-28 17:18:22,819 INFO HTTP Request: HEAD https://huggingface.co/datasets/openslr/librispeech_asr/resolve/71cacbfb7e2354c4226d01e70d77d5fca3d04ba1/.huggingface.yaml "HTTP/1.1 404 Not Found"
2026-04-28 17:18:23,007 INFO HTTP Request: GET https://datasets-server.huggingface.co/info?dataset=openslr/librispeech_asr "HTTP/1.1 200 OK"
2026-04-28 17:18:23,155 INFO HTTP Request: HEAD https://huggingface.co/datasets/openslr/librispeech_asr/resolve/71cacbfb7e2354c4226d01e70d77d5fca3d04ba1/dataset_infos.json "HTTP/1.1 404 Not Found"
2026-04-28 17:18:27,687 INFO Loaded 2642 utterances from validation (skipped 61 outside [0.5s, 20.0s])
2026-04-28 17:18:27,691 INFO Loading LibriSpeech split=test from HuggingFace...
2026-04-28 17:18:27,815 INFO HTTP Request: HEAD https://huggingface.co/datasets/openslr/librispeech_asr/resolve/main/README.md "HTTP/1.1 307 Temporary Redirect"
2026-04-28 17:18:27,825 INFO HTTP Request: HEAD https://huggingface.co/api/resolve-cache/datasets/openslr/librispeech_asr/71cacbfb7e2354c4226d01e70d77d5fca3d04ba1/README.md "HTTP/1.1 200 OK"
2026-04-28 17:18:27,944 INFO HTTP Request: HEAD https://huggingface.co/datasets/openslr/librispeech_asr/resolve/71cacbfb7e2354c4226d01e70d77d5fca3d04ba1/librispeech_asr.py "HTTP/1.1 404 Not Found"
2026-04-28 17:18:28,316 INFO HTTP Request: HEAD https://s3.amazonaws.com/datasets.huggingface.co/datasets/datasets/openslr/librispeech_asr/openslr/librispeech_asr.py "HTTP/1.1 404 Not Found"
2026-04-28 17:18:28,446 INFO HTTP Request: HEAD https://huggingface.co/datasets/openslr/librispeech_asr/resolve/71cacbfb7e2354c4226d01e70d77d5fca3d04ba1/.huggingface.yaml "HTTP/1.1 404 Not Found"
2026-04-28 17:18:28,636 INFO HTTP Request: GET https://datasets-server.huggingface.co/info?dataset=openslr/librispeech_asr "HTTP/1.1 200 OK"
2026-04-28 17:18:28,778 INFO HTTP Request: HEAD https://huggingface.co/datasets/openslr/librispeech_asr/resolve/71cacbfb7e2354c4226d01e70d77d5fca3d04ba1/dataset_infos.json "HTTP/1.1 404 Not Found"
2026-04-28 17:18:33,230 INFO Loaded 2528 utterances from test (skipped 92 outside [0.5s, 20.0s])
2026-04-28 17:18:33,682 INFO Backbone: rwkv6_biwkv | Params: 7.74M
2026-04-28 17:18:33,682 INFO   Frontend: 1.90M | Encoder: 5.83M | Head: 8.0K
2026-04-28 17:18:36,407 INFO Epoch 1 | Batch 0 | Loss: 4.1357 | LR: 3.00e-07
2026-04-28 17:18:40,359 INFO Epoch 1 | Batch 50 | Loss: 2.8871 | LR: 1.53e-05
2026-04-28 17:18:44,018 INFO Epoch 1 | Batch 100 | Loss: 2.9010 | LR: 3.03e-05
2026-04-28 17:18:47,765 INFO Epoch 1 | Batch 150 | Loss: 2.8742 | LR: 4.53e-05
2026-04-28 17:18:51,521 INFO Epoch 1 | Batch 200 | Loss: 2.8363 | LR: 6.03e-05
2026-04-28 17:18:55,326 INFO Epoch 1 | Batch 250 | Loss: 2.8521 | LR: 7.53e-05
2026-04-28 17:18:59,142 INFO Epoch 1 | Batch 300 | Loss: 2.8464 | LR: 9.03e-05
2026-04-28 17:19:02,914 INFO Epoch 1 | Batch 350 | Loss: 2.8060 | LR: 1.05e-04
2026-04-28 17:19:06,661 INFO Epoch 1 | Batch 400 | Loss: 2.7695 | LR: 1.20e-04
2026-04-28 17:19:10,436 INFO Epoch 1 | Batch 450 | Loss: 2.6230 | LR: 1.35e-04
2026-04-28 17:19:14,217 INFO Epoch 1 | Batch 500 | Loss: 2.5961 | LR: 1.50e-04
2026-04-28 17:19:17,924 INFO Epoch 1 | Batch 550 | Loss: 2.5433 | LR: 1.65e-04
2026-04-28 17:19:21,652 INFO Epoch 1 | Batch 600 | Loss: 2.5993 | LR: 1.80e-04
2026-04-28 17:19:25,409 INFO Epoch 1 | Batch 650 | Loss: 2.3121 | LR: 1.95e-04
2026-04-28 17:19:29,192 INFO Epoch 1 | Batch 700 | Loss: 2.3391 | LR: 2.10e-04
2026-04-28 17:19:32,958 INFO Epoch 1 | Batch 750 | Loss: 2.2784 | LR: 2.25e-04
2026-04-28 17:19:36,755 INFO Epoch 1 | Batch 800 | Loss: 2.4731 | LR: 2.40e-04
2026-04-28 17:19:40,551 INFO Epoch 1 | Batch 850 | Loss: 2.1751 | LR: 2.55e-04
2026-04-28 17:19:44,314 INFO Epoch 1 | Batch 900 | Loss: 2.1973 | LR: 2.70e-04
2026-04-28 17:19:48,085 INFO Epoch 1 | Batch 950 | Loss: 2.0399 | LR: 2.85e-04
2026-04-28 17:19:51,815 INFO Epoch 1 | Batch 1000 | Loss: 1.8375 | LR: 3.00e-04
2026-04-28 17:19:55,558 INFO Epoch 1 | Batch 1050 | Loss: 1.9583 | LR: 3.00e-04
2026-04-28 17:19:59,296 INFO Epoch 1 | Batch 1100 | Loss: 1.9811 | LR: 3.00e-04
2026-04-28 17:20:03,011 INFO Epoch 1 | Batch 1150 | Loss: 2.0926 | LR: 3.00e-04
2026-04-28 17:20:06,771 INFO Epoch 1 | Batch 1200 | Loss: 1.9962 | LR: 3.00e-04
2026-04-28 17:20:14,536 INFO Epoch 1 | Train: 2.4525 | Dev CER: 0.4536 | Dev WER: 0.9343 | Time: 100s | Peak: 4.7 GB
2026-04-28 17:20:14,536 INFO   New best CER: 0.4536
2026-04-28 17:20:17,138 INFO Epoch 2 | Batch 0 | Loss: 1.7784 | LR: 3.00e-04
2026-04-28 17:20:20,831 INFO Epoch 2 | Batch 50 | Loss: 2.0536 | LR: 3.00e-04
2026-04-28 17:20:24,535 INFO Epoch 2 | Batch 100 | Loss: 2.0431 | LR: 3.00e-04
2026-04-28 17:20:28,198 INFO Epoch 2 | Batch 150 | Loss: 1.8955 | LR: 3.00e-04
2026-04-28 17:20:31,901 INFO Epoch 2 | Batch 200 | Loss: 1.7238 | LR: 3.00e-04
2026-04-28 17:20:35,945 INFO Epoch 2 | Batch 250 | Loss: 1.5006 | LR: 3.00e-04
2026-04-28 17:20:39,679 INFO Epoch 2 | Batch 300 | Loss: 1.7162 | LR: 3.00e-04
2026-04-28 17:20:43,544 INFO Epoch 2 | Batch 350 | Loss: 1.6933 | LR: 3.00e-04
2026-04-28 17:20:47,469 INFO Epoch 2 | Batch 400 | Loss: 1.4969 | LR: 3.00e-04
2026-04-28 17:20:51,278 INFO Epoch 2 | Batch 450 | Loss: 1.5675 | LR: 3.00e-04
2026-04-28 17:20:55,075 INFO Epoch 2 | Batch 500 | Loss: 1.5625 | LR: 3.00e-04
2026-04-28 17:20:58,852 INFO Epoch 2 | Batch 550 | Loss: 1.8223 | LR: 3.00e-04
2026-04-28 17:21:02,634 INFO Epoch 2 | Batch 600 | Loss: 1.6530 | LR: 3.00e-04
2026-04-28 17:21:06,443 INFO Epoch 2 | Batch 650 | Loss: 1.7576 | LR: 3.00e-04
2026-04-28 17:21:10,250 INFO Epoch 2 | Batch 700 | Loss: 2.0684 | LR: 3.00e-04
2026-04-28 17:21:14,021 INFO Epoch 2 | Batch 750 | Loss: 1.6021 | LR: 3.00e-04
2026-04-28 17:21:17,746 INFO Epoch 2 | Batch 800 | Loss: 1.3934 | LR: 3.00e-04
2026-04-28 17:21:21,513 INFO Epoch 2 | Batch 850 | Loss: 1.6800 | LR: 3.00e-04
2026-04-28 17:21:25,238 INFO Epoch 2 | Batch 900 | Loss: 1.5571 | LR: 3.00e-04
2026-04-28 17:21:29,043 INFO Epoch 2 | Batch 950 | Loss: 1.3915 | LR: 3.00e-04
2026-04-28 17:21:32,767 INFO Epoch 2 | Batch 1000 | Loss: 2.1688 | LR: 3.00e-04
2026-04-28 17:21:36,586 INFO Epoch 2 | Batch 1050 | Loss: 1.6231 | LR: 3.00e-04
2026-04-28 17:21:40,364 INFO Epoch 2 | Batch 1100 | Loss: 1.4773 | LR: 3.00e-04
2026-04-28 17:21:44,129 INFO Epoch 2 | Batch 1150 | Loss: 1.3584 | LR: 3.00e-04
2026-04-28 17:21:47,881 INFO Epoch 2 | Batch 1200 | Loss: 1.4675 | LR: 3.00e-04
2026-04-28 17:21:56,506 INFO Epoch 2 | Train: 1.6348 | Dev CER: 0.3271 | Dev WER: 0.7698 | Time: 101s | Peak: 4.7 GB
2026-04-28 17:21:56,506 INFO   New best CER: 0.3271
2026-04-28 17:21:58,844 INFO Epoch 3 | Batch 0 | Loss: 1.3544 | LR: 3.00e-04
2026-04-28 17:22:02,595 INFO Epoch 3 | Batch 50 | Loss: 1.4142 | LR: 3.00e-04
2026-04-28 17:22:06,262 INFO Epoch 3 | Batch 100 | Loss: 1.3827 | LR: 3.00e-04
2026-04-28 17:22:09,911 INFO Epoch 3 | Batch 150 | Loss: 1.3588 | LR: 2.99e-04
2026-04-28 17:22:13,659 INFO Epoch 3 | Batch 200 | Loss: 1.4693 | LR: 2.99e-04
2026-04-28 17:22:17,440 INFO Epoch 3 | Batch 250 | Loss: 1.0659 | LR: 2.99e-04
2026-04-28 17:22:21,228 INFO Epoch 3 | Batch 300 | Loss: 1.5369 | LR: 2.99e-04
2026-04-28 17:22:24,853 INFO Epoch 3 | Batch 350 | Loss: 1.1451 | LR: 2.99e-04
2026-04-28 17:22:28,487 INFO Epoch 3 | Batch 400 | Loss: 1.2072 | LR: 2.99e-04
2026-04-28 17:22:32,140 INFO Epoch 3 | Batch 450 | Loss: 1.7534 | LR: 2.99e-04
2026-04-28 17:22:35,801 INFO Epoch 3 | Batch 500 | Loss: 1.3265 | LR: 2.99e-04
2026-04-28 17:22:39,477 INFO Epoch 3 | Batch 550 | Loss: 1.3039 | LR: 2.99e-04
2026-04-28 17:22:43,138 INFO Epoch 3 | Batch 600 | Loss: 1.5491 | LR: 2.99e-04
2026-04-28 17:22:46,992 INFO Epoch 3 | Batch 650 | Loss: 1.4224 | LR: 2.99e-04
2026-04-28 17:22:50,624 INFO Epoch 3 | Batch 700 | Loss: 1.5158 | LR: 2.99e-04
2026-04-28 17:22:54,299 INFO Epoch 3 | Batch 750 | Loss: 1.7867 | LR: 2.99e-04
2026-04-28 17:22:57,773 INFO Epoch 3 | Batch 800 | Loss: 1.4973 | LR: 2.99e-04
2026-04-28 17:23:01,359 INFO Epoch 3 | Batch 850 | Loss: 1.4076 | LR: 2.99e-04
2026-04-28 17:23:05,008 INFO Epoch 3 | Batch 900 | Loss: 1.6025 | LR: 2.99e-04
2026-04-28 17:23:08,644 INFO Epoch 3 | Batch 950 | Loss: 1.6466 | LR: 2.99e-04
2026-04-28 17:23:12,271 INFO Epoch 3 | Batch 1000 | Loss: 1.2590 | LR: 2.99e-04
2026-04-28 17:23:15,815 INFO Epoch 3 | Batch 1050 | Loss: 1.3083 | LR: 2.99e-04
2026-04-28 17:23:19,419 INFO Epoch 3 | Batch 1100 | Loss: 1.1757 | LR: 2.99e-04
2026-04-28 17:23:23,051 INFO Epoch 3 | Batch 1150 | Loss: 1.6898 | LR: 2.99e-04
2026-04-28 17:23:26,711 INFO Epoch 3 | Batch 1200 | Loss: 1.5583 | LR: 2.99e-04
2026-04-28 17:23:34,940 INFO Epoch 3 | Train: 1.3743 | Dev CER: 0.2787 | Dev WER: 0.7056 | Time: 98s | Peak: 4.7 GB
2026-04-28 17:23:34,940 INFO   New best CER: 0.2787
2026-04-28 17:23:37,253 INFO Epoch 4 | Batch 0 | Loss: 1.1329 | LR: 2.99e-04
2026-04-28 17:23:41,034 INFO Epoch 4 | Batch 50 | Loss: 1.4890 | LR: 2.98e-04
2026-04-28 17:23:44,772 INFO Epoch 4 | Batch 100 | Loss: 1.1547 | LR: 2.98e-04
2026-04-28 17:23:48,573 INFO Epoch 4 | Batch 150 | Loss: 1.7337 | LR: 2.98e-04
2026-04-28 17:23:52,348 INFO Epoch 4 | Batch 200 | Loss: 1.3544 | LR: 2.98e-04
2026-04-28 17:23:56,104 INFO Epoch 4 | Batch 250 | Loss: 1.3059 | LR: 2.98e-04
2026-04-28 17:23:59,865 INFO Epoch 4 | Batch 300 | Loss: 1.2491 | LR: 2.98e-04
2026-04-28 17:24:03,636 INFO Epoch 4 | Batch 350 | Loss: 1.7233 | LR: 2.98e-04
2026-04-28 17:24:07,376 INFO Epoch 4 | Batch 400 | Loss: 1.3762 | LR: 2.98e-04
2026-04-28 17:24:11,149 INFO Epoch 4 | Batch 450 | Loss: 1.2488 | LR: 2.98e-04
2026-04-28 17:24:14,909 INFO Epoch 4 | Batch 500 | Loss: 1.4420 | LR: 2.98e-04
2026-04-28 17:24:18,679 INFO Epoch 4 | Batch 550 | Loss: 1.1156 | LR: 2.98e-04
2026-04-28 17:24:22,483 INFO Epoch 4 | Batch 600 | Loss: 1.3302 | LR: 2.98e-04
2026-04-28 17:24:26,237 INFO Epoch 4 | Batch 650 | Loss: 1.2443 | LR: 2.98e-04
2026-04-28 17:24:30,013 INFO Epoch 4 | Batch 700 | Loss: 1.0512 | LR: 2.98e-04
2026-04-28 17:24:33,761 INFO Epoch 4 | Batch 750 | Loss: 1.2328 | LR: 2.98e-04
2026-04-28 17:24:37,747 INFO Epoch 4 | Batch 800 | Loss: 1.1256 | LR: 2.98e-04
2026-04-28 17:24:41,488 INFO Epoch 4 | Batch 850 | Loss: 1.5149 | LR: 2.97e-04
2026-04-28 17:24:45,262 INFO Epoch 4 | Batch 900 | Loss: 1.3085 | LR: 2.97e-04
2026-04-28 17:24:49,024 INFO Epoch 4 | Batch 950 | Loss: 1.2820 | LR: 2.97e-04
2026-04-28 17:24:52,821 INFO Epoch 4 | Batch 1000 | Loss: 1.1618 | LR: 2.97e-04
2026-04-28 17:24:56,598 INFO Epoch 4 | Batch 1050 | Loss: 1.3094 | LR: 2.97e-04
2026-04-28 17:25:00,342 INFO Epoch 4 | Batch 1100 | Loss: 1.1309 | LR: 2.97e-04
2026-04-28 17:25:04,110 INFO Epoch 4 | Batch 1150 | Loss: 1.3879 | LR: 2.97e-04
2026-04-28 17:25:07,860 INFO Epoch 4 | Batch 1200 | Loss: 1.5742 | LR: 2.97e-04
2026-04-28 17:25:15,725 INFO Epoch 4 | Train: 1.2511 | Dev CER: 0.2482 | Dev WER: 0.6446 | Time: 100s | Peak: 4.7 GB
2026-04-28 17:25:15,725 INFO   New best CER: 0.2482
2026-04-28 17:25:18,316 INFO Epoch 5 | Batch 0 | Loss: 0.9538 | LR: 2.97e-04
2026-04-28 17:25:22,083 INFO Epoch 5 | Batch 50 | Loss: 1.1341 | LR: 2.97e-04
2026-04-28 17:25:25,749 INFO Epoch 5 | Batch 100 | Loss: 1.2437 | LR: 2.97e-04
2026-04-28 17:25:29,401 INFO Epoch 5 | Batch 150 | Loss: 1.1842 | LR: 2.97e-04
2026-04-28 17:25:33,014 INFO Epoch 5 | Batch 200 | Loss: 1.0327 | LR: 2.97e-04
2026-04-28 17:25:36,682 INFO Epoch 5 | Batch 250 | Loss: 1.7943 | LR: 2.97e-04
2026-04-28 17:25:40,335 INFO Epoch 5 | Batch 300 | Loss: 0.9571 | LR: 2.96e-04
2026-04-28 17:25:44,017 INFO Epoch 5 | Batch 350 | Loss: 0.9753 | LR: 2.96e-04
2026-04-28 17:25:47,674 INFO Epoch 5 | Batch 400 | Loss: 0.9153 | LR: 2.96e-04
2026-04-28 17:25:51,359 INFO Epoch 5 | Batch 450 | Loss: 1.2286 | LR: 2.96e-04
2026-04-28 17:25:55,103 INFO Epoch 5 | Batch 500 | Loss: 1.0880 | LR: 2.96e-04
2026-04-28 17:25:58,833 INFO Epoch 5 | Batch 550 | Loss: 1.2029 | LR: 2.96e-04
2026-04-28 17:26:02,512 INFO Epoch 5 | Batch 600 | Loss: 1.3040 | LR: 2.96e-04
2026-04-28 17:26:06,191 INFO Epoch 5 | Batch 650 | Loss: 1.4466 | LR: 2.96e-04
2026-04-28 17:26:09,905 INFO Epoch 5 | Batch 700 | Loss: 1.0970 | LR: 2.96e-04
2026-04-28 17:26:13,602 INFO Epoch 5 | Batch 750 | Loss: 1.0246 | LR: 2.96e-04
2026-04-28 17:26:17,330 INFO Epoch 5 | Batch 800 | Loss: 0.9909 | LR: 2.96e-04
2026-04-28 17:26:21,034 INFO Epoch 5 | Batch 850 | Loss: 1.1578 | LR: 2.95e-04
2026-04-28 17:26:24,796 INFO Epoch 5 | Batch 900 | Loss: 1.1952 | LR: 2.95e-04
2026-04-28 17:26:28,513 INFO Epoch 5 | Batch 950 | Loss: 1.5742 | LR: 2.95e-04
2026-04-28 17:26:32,236 INFO Epoch 5 | Batch 1000 | Loss: 1.3492 | LR: 2.95e-04
2026-04-28 17:26:35,980 INFO Epoch 5 | Batch 1050 | Loss: 1.0924 | LR: 2.95e-04
2026-04-28 17:26:39,965 INFO Epoch 5 | Batch 1100 | Loss: 1.1520 | LR: 2.95e-04
2026-04-28 17:26:43,697 INFO Epoch 5 | Batch 1150 | Loss: 1.4790 | LR: 2.95e-04
2026-04-28 17:26:47,446 INFO Epoch 5 | Batch 1200 | Loss: 1.1538 | LR: 2.95e-04
2026-04-28 17:26:55,280 INFO Epoch 5 | Train: 1.1509 | Dev CER: 0.2297 | Dev WER: 0.6198 | Time: 99s | Peak: 4.7 GB
2026-04-28 17:26:55,280 INFO   New best CER: 0.2297
2026-04-28 17:26:57,682 INFO Epoch 6 | Batch 0 | Loss: 1.1443 | LR: 2.95e-04
2026-04-28 17:27:01,319 INFO Epoch 6 | Batch 50 | Loss: 1.5952 | LR: 2.95e-04
2026-04-28 17:27:05,025 INFO Epoch 6 | Batch 100 | Loss: 1.2614 | LR: 2.94e-04
2026-04-28 17:27:08,745 INFO Epoch 6 | Batch 150 | Loss: 1.1988 | LR: 2.94e-04
2026-04-28 17:27:12,384 INFO Epoch 6 | Batch 200 | Loss: 1.2268 | LR: 2.94e-04
2026-04-28 17:27:16,080 INFO Epoch 6 | Batch 250 | Loss: 0.9059 | LR: 2.94e-04
2026-04-28 17:27:19,791 INFO Epoch 6 | Batch 300 | Loss: 0.8684 | LR: 2.94e-04
2026-04-28 17:27:23,484 INFO Epoch 6 | Batch 350 | Loss: 1.0266 | LR: 2.94e-04
2026-04-28 17:27:27,212 INFO Epoch 6 | Batch 400 | Loss: 0.8944 | LR: 2.94e-04
2026-04-28 17:27:30,919 INFO Epoch 6 | Batch 450 | Loss: 1.7853 | LR: 2.94e-04
2026-04-28 17:27:34,675 INFO Epoch 6 | Batch 500 | Loss: 0.9204 | LR: 2.94e-04
2026-04-28 17:27:38,428 INFO Epoch 6 | Batch 550 | Loss: 0.9775 | LR: 2.93e-04
2026-04-28 17:27:42,177 INFO Epoch 6 | Batch 600 | Loss: 1.0600 | LR: 2.93e-04
2026-04-28 17:27:45,905 INFO Epoch 6 | Batch 650 | Loss: 1.2391 | LR: 2.93e-04
2026-04-28 17:27:49,589 INFO Epoch 6 | Batch 700 | Loss: 1.3123 | LR: 2.93e-04
2026-04-28 17:27:53,273 INFO Epoch 6 | Batch 750 | Loss: 1.1100 | LR: 2.93e-04
2026-04-28 17:27:56,970 INFO Epoch 6 | Batch 800 | Loss: 1.0592 | LR: 2.93e-04
2026-04-28 17:28:00,638 INFO Epoch 6 | Batch 850 | Loss: 1.1498 | LR: 2.93e-04
2026-04-28 17:28:04,380 INFO Epoch 6 | Batch 900 | Loss: 0.8591 | LR: 2.93e-04
2026-04-28 17:28:08,053 INFO Epoch 6 | Batch 950 | Loss: 1.4802 | LR: 2.93e-04
2026-04-28 17:28:11,692 INFO Epoch 6 | Batch 1000 | Loss: 0.9934 | LR: 2.92e-04
2026-04-28 17:28:15,369 INFO Epoch 6 | Batch 1050 | Loss: 1.2853 | LR: 2.92e-04
2026-04-28 17:28:19,037 INFO Epoch 6 | Batch 1100 | Loss: 1.2294 | LR: 2.92e-04
2026-04-28 17:28:22,682 INFO Epoch 6 | Batch 1150 | Loss: 1.0522 | LR: 2.92e-04
2026-04-28 17:28:26,372 INFO Epoch 6 | Batch 1200 | Loss: 0.9645 | LR: 2.92e-04
2026-04-28 17:28:34,747 INFO Epoch 6 | Train: 1.0768 | Dev CER: 0.2119 | Dev WER: 0.5810 | Time: 99s | Peak: 4.7 GB
2026-04-28 17:28:34,747 INFO   New best CER: 0.2119
2026-04-28 17:28:37,307 INFO Epoch 7 | Batch 0 | Loss: 1.1655 | LR: 2.92e-04
2026-04-28 17:28:41,083 INFO Epoch 7 | Batch 50 | Loss: 1.2426 | LR: 2.92e-04
2026-04-28 17:28:44,858 INFO Epoch 7 | Batch 100 | Loss: 0.9564 | LR: 2.92e-04
2026-04-28 17:28:48,486 INFO Epoch 7 | Batch 150 | Loss: 1.1537 | LR: 2.91e-04
2026-04-28 17:28:52,159 INFO Epoch 7 | Batch 200 | Loss: 0.8817 | LR: 2.91e-04
2026-04-28 17:28:55,829 INFO Epoch 7 | Batch 250 | Loss: 1.1261 | LR: 2.91e-04
2026-04-28 17:28:59,535 INFO Epoch 7 | Batch 300 | Loss: 0.9234 | LR: 2.91e-04
2026-04-28 17:29:03,286 INFO Epoch 7 | Batch 350 | Loss: 1.2366 | LR: 2.91e-04
2026-04-28 17:29:07,041 INFO Epoch 7 | Batch 400 | Loss: 0.9039 | LR: 2.91e-04
2026-04-28 17:29:10,746 INFO Epoch 7 | Batch 450 | Loss: 1.1868 | LR: 2.91e-04
2026-04-28 17:29:14,480 INFO Epoch 7 | Batch 500 | Loss: 1.2253 | LR: 2.91e-04
2026-04-28 17:29:18,252 INFO Epoch 7 | Batch 550 | Loss: 0.8588 | LR: 2.90e-04
2026-04-28 17:29:22,004 INFO Epoch 7 | Batch 600 | Loss: 1.0414 | LR: 2.90e-04
2026-04-28 17:29:25,799 INFO Epoch 7 | Batch 650 | Loss: 1.1826 | LR: 2.90e-04
2026-04-28 17:29:29,549 INFO Epoch 7 | Batch 700 | Loss: 1.0946 | LR: 2.90e-04
2026-04-28 17:29:33,270 INFO Epoch 7 | Batch 750 | Loss: 1.1331 | LR: 2.90e-04
2026-04-28 17:29:37,025 INFO Epoch 7 | Batch 800 | Loss: 1.3918 | LR: 2.90e-04
2026-04-28 17:29:40,790 INFO Epoch 7 | Batch 850 | Loss: 1.1896 | LR: 2.90e-04
2026-04-28 17:29:44,533 INFO Epoch 7 | Batch 900 | Loss: 0.9823 | LR: 2.89e-04
2026-04-28 17:29:48,229 INFO Epoch 7 | Batch 950 | Loss: 0.9184 | LR: 2.89e-04
2026-04-28 17:29:51,939 INFO Epoch 7 | Batch 1000 | Loss: 0.8518 | LR: 2.89e-04
2026-04-28 17:29:55,680 INFO Epoch 7 | Batch 1050 | Loss: 1.2110 | LR: 2.89e-04
2026-04-28 17:29:59,325 INFO Epoch 7 | Batch 1100 | Loss: 1.4475 | LR: 2.89e-04
2026-04-28 17:30:02,962 INFO Epoch 7 | Batch 1150 | Loss: 0.9263 | LR: 2.89e-04
2026-04-28 17:30:06,775 INFO Epoch 7 | Batch 1200 | Loss: 0.6744 | LR: 2.89e-04
2026-04-28 17:30:14,513 INFO Epoch 7 | Train: 1.0331 | Dev CER: 0.2004 | Dev WER: 0.5562 | Time: 99s | Peak: 4.7 GB
2026-04-28 17:30:14,513 INFO   New best CER: 0.2004
2026-04-28 17:30:16,880 INFO Epoch 8 | Batch 0 | Loss: 0.8847 | LR: 2.88e-04
2026-04-28 17:30:20,561 INFO Epoch 8 | Batch 50 | Loss: 1.0501 | LR: 2.88e-04
2026-04-28 17:30:24,327 INFO Epoch 8 | Batch 100 | Loss: 1.0656 | LR: 2.88e-04
2026-04-28 17:30:28,006 INFO Epoch 8 | Batch 150 | Loss: 1.2199 | LR: 2.88e-04
2026-04-28 17:30:31,684 INFO Epoch 8 | Batch 200 | Loss: 0.9873 | LR: 2.88e-04
2026-04-28 17:30:35,365 INFO Epoch 8 | Batch 250 | Loss: 1.1621 | LR: 2.88e-04
2026-04-28 17:30:39,051 INFO Epoch 8 | Batch 300 | Loss: 0.9317 | LR: 2.88e-04
2026-04-28 17:30:42,756 INFO Epoch 8 | Batch 350 | Loss: 1.2087 | LR: 2.87e-04
2026-04-28 17:30:46,503 INFO Epoch 8 | Batch 400 | Loss: 0.8539 | LR: 2.87e-04
2026-04-28 17:30:50,242 INFO Epoch 8 | Batch 450 | Loss: 1.1530 | LR: 2.87e-04
2026-04-28 17:30:54,020 INFO Epoch 8 | Batch 500 | Loss: 0.9328 | LR: 2.87e-04
2026-04-28 17:30:57,781 INFO Epoch 8 | Batch 550 | Loss: 0.9834 | LR: 2.87e-04
2026-04-28 17:31:01,530 INFO Epoch 8 | Batch 600 | Loss: 0.8471 | LR: 2.87e-04
2026-04-28 17:31:05,275 INFO Epoch 8 | Batch 650 | Loss: 0.9090 | LR: 2.86e-04
2026-04-28 17:31:08,987 INFO Epoch 8 | Batch 700 | Loss: 0.8396 | LR: 2.86e-04
2026-04-28 17:31:12,739 INFO Epoch 8 | Batch 750 | Loss: 0.7912 | LR: 2.86e-04
2026-04-28 17:31:16,513 INFO Epoch 8 | Batch 800 | Loss: 0.9923 | LR: 2.86e-04
2026-04-28 17:31:20,240 INFO Epoch 8 | Batch 850 | Loss: 0.7080 | LR: 2.86e-04
2026-04-28 17:31:23,880 INFO Epoch 8 | Batch 900 | Loss: 1.1169 | LR: 2.86e-04
2026-04-28 17:31:27,556 INFO Epoch 8 | Batch 950 | Loss: 1.0174 | LR: 2.85e-04
2026-04-28 17:31:31,245 INFO Epoch 8 | Batch 1000 | Loss: 0.8224 | LR: 2.85e-04
2026-04-28 17:31:34,902 INFO Epoch 8 | Batch 1050 | Loss: 0.8373 | LR: 2.85e-04
2026-04-28 17:31:38,648 INFO Epoch 8 | Batch 1100 | Loss: 0.8526 | LR: 2.85e-04
2026-04-28 17:31:42,362 INFO Epoch 8 | Batch 1150 | Loss: 0.7839 | LR: 2.85e-04
2026-04-28 17:31:46,104 INFO Epoch 8 | Batch 1200 | Loss: 0.7978 | LR: 2.85e-04
2026-04-28 17:31:54,304 INFO Epoch 8 | Train: 0.9815 | Dev CER: 0.1929 | Dev WER: 0.5397 | Time: 99s | Peak: 4.7 GB
2026-04-28 17:31:54,304 INFO   New best CER: 0.1929
2026-04-28 17:31:56,761 INFO Epoch 9 | Batch 0 | Loss: 0.9188 | LR: 2.85e-04
2026-04-28 17:32:00,829 INFO Epoch 9 | Batch 50 | Loss: 1.0248 | LR: 2.84e-04
2026-04-28 17:32:04,629 INFO Epoch 9 | Batch 100 | Loss: 0.8438 | LR: 2.84e-04
2026-04-28 17:32:08,422 INFO Epoch 9 | Batch 150 | Loss: 1.0618 | LR: 2.84e-04
2026-04-28 17:32:12,224 INFO Epoch 9 | Batch 200 | Loss: 0.9130 | LR: 2.84e-04
2026-04-28 17:32:16,027 INFO Epoch 9 | Batch 250 | Loss: 0.9768 | LR: 2.84e-04
2026-04-28 17:32:19,781 INFO Epoch 9 | Batch 300 | Loss: 0.8858 | LR: 2.83e-04
2026-04-28 17:32:23,576 INFO Epoch 9 | Batch 350 | Loss: 1.1386 | LR: 2.83e-04
2026-04-28 17:32:27,385 INFO Epoch 9 | Batch 400 | Loss: 0.8580 | LR: 2.83e-04
2026-04-28 17:32:31,153 INFO Epoch 9 | Batch 450 | Loss: 0.7250 | LR: 2.83e-04
2026-04-28 17:32:34,912 INFO Epoch 9 | Batch 500 | Loss: 0.8087 | LR: 2.83e-04
2026-04-28 17:32:38,670 INFO Epoch 9 | Batch 550 | Loss: 0.7234 | LR: 2.83e-04
2026-04-28 17:32:42,381 INFO Epoch 9 | Batch 600 | Loss: 0.8354 | LR: 2.82e-04
