2026-04-27 20:36:41,496 INFO Loading LibriSpeech split=train.100 from HuggingFace...
2026-04-27 20:36:41,671 INFO HTTP Request: HEAD https://huggingface.co/datasets/openslr/librispeech_asr/resolve/main/README.md "HTTP/1.1 307 Temporary Redirect"
2026-04-27 20:36:41,682 INFO HTTP Request: HEAD https://huggingface.co/api/resolve-cache/datasets/openslr/librispeech_asr/71cacbfb7e2354c4226d01e70d77d5fca3d04ba1/README.md "HTTP/1.1 200 OK"
2026-04-27 20:36:41,809 INFO HTTP Request: HEAD https://huggingface.co/datasets/openslr/librispeech_asr/resolve/71cacbfb7e2354c4226d01e70d77d5fca3d04ba1/librispeech_asr.py "HTTP/1.1 404 Not Found"
2026-04-27 20:36:41,809 WARNING Warning: You are sending unauthenticated requests to the HF Hub. Please set a HF_TOKEN to enable higher rate limits and faster downloads.
2026-04-27 20:36:42,200 INFO HTTP Request: HEAD https://s3.amazonaws.com/datasets.huggingface.co/datasets/datasets/openslr/librispeech_asr/openslr/librispeech_asr.py "HTTP/1.1 404 Not Found"
2026-04-27 20:36:42,336 INFO HTTP Request: GET https://huggingface.co/api/datasets/openslr/librispeech_asr/revision/71cacbfb7e2354c4226d01e70d77d5fca3d04ba1 "HTTP/1.1 200 OK"
2026-04-27 20:36:42,463 INFO HTTP Request: HEAD https://huggingface.co/datasets/openslr/librispeech_asr/resolve/71cacbfb7e2354c4226d01e70d77d5fca3d04ba1/.huggingface.yaml "HTTP/1.1 404 Not Found"
2026-04-27 20:36:42,680 INFO HTTP Request: GET https://datasets-server.huggingface.co/info?dataset=openslr/librispeech_asr "HTTP/1.1 200 OK"
2026-04-27 20:36:42,810 INFO HTTP Request: GET https://huggingface.co/api/datasets/openslr/librispeech_asr/tree/71cacbfb7e2354c4226d01e70d77d5fca3d04ba1/clean%2Ftest?recursive=true&expand=false "HTTP/1.1 200 OK"
2026-04-27 20:36:42,937 INFO HTTP Request: GET https://huggingface.co/api/datasets/openslr/librispeech_asr/tree/71cacbfb7e2354c4226d01e70d77d5fca3d04ba1/clean?recursive=false&expand=false "HTTP/1.1 200 OK"
2026-04-27 20:36:43,066 INFO HTTP Request: GET https://huggingface.co/api/datasets/openslr/librispeech_asr/tree/71cacbfb7e2354c4226d01e70d77d5fca3d04ba1/clean%2Ftrain.100?recursive=true&expand=false "HTTP/1.1 200 OK"
2026-04-27 20:36:43,199 INFO HTTP Request: GET https://huggingface.co/api/datasets/openslr/librispeech_asr/tree/71cacbfb7e2354c4226d01e70d77d5fca3d04ba1/clean%2Ftrain.360?recursive=true&expand=false "HTTP/1.1 200 OK"
2026-04-27 20:36:43,363 INFO HTTP Request: GET https://huggingface.co/api/datasets/openslr/librispeech_asr/tree/71cacbfb7e2354c4226d01e70d77d5fca3d04ba1/clean%2Fvalidation?recursive=true&expand=false "HTTP/1.1 200 OK"
2026-04-27 20:36:43,527 INFO HTTP Request: HEAD https://huggingface.co/datasets/openslr/librispeech_asr/resolve/71cacbfb7e2354c4226d01e70d77d5fca3d04ba1/dataset_infos.json "HTTP/1.1 404 Not Found"
2026-04-27 20:38:07,617 INFO Loaded 28538 utterances from train.100 (skipped 1 outside [0.5s, 20.0s])
2026-04-27 20:38:07,684 INFO Loading LibriSpeech split=validation from HuggingFace...
2026-04-27 20:38:07,834 INFO HTTP Request: HEAD https://huggingface.co/datasets/openslr/librispeech_asr/resolve/main/README.md "HTTP/1.1 307 Temporary Redirect"
2026-04-27 20:38:07,843 INFO HTTP Request: HEAD https://huggingface.co/api/resolve-cache/datasets/openslr/librispeech_asr/71cacbfb7e2354c4226d01e70d77d5fca3d04ba1/README.md "HTTP/1.1 200 OK"
2026-04-27 20:38:07,965 INFO HTTP Request: HEAD https://huggingface.co/datasets/openslr/librispeech_asr/resolve/71cacbfb7e2354c4226d01e70d77d5fca3d04ba1/librispeech_asr.py "HTTP/1.1 404 Not Found"
2026-04-27 20:38:08,348 INFO HTTP Request: HEAD https://s3.amazonaws.com/datasets.huggingface.co/datasets/datasets/openslr/librispeech_asr/openslr/librispeech_asr.py "HTTP/1.1 404 Not Found"
2026-04-27 20:38:08,482 INFO HTTP Request: HEAD https://huggingface.co/datasets/openslr/librispeech_asr/resolve/71cacbfb7e2354c4226d01e70d77d5fca3d04ba1/.huggingface.yaml "HTTP/1.1 404 Not Found"
2026-04-27 20:38:08,673 INFO HTTP Request: GET https://datasets-server.huggingface.co/info?dataset=openslr/librispeech_asr "HTTP/1.1 200 OK"
2026-04-27 20:38:08,819 INFO HTTP Request: HEAD https://huggingface.co/datasets/openslr/librispeech_asr/resolve/71cacbfb7e2354c4226d01e70d77d5fca3d04ba1/dataset_infos.json "HTTP/1.1 404 Not Found"
2026-04-27 20:38:13,636 INFO Loaded 2642 utterances from validation (skipped 61 outside [0.5s, 20.0s])
2026-04-27 20:38:13,640 INFO Loading LibriSpeech split=test from HuggingFace...
2026-04-27 20:38:13,758 INFO HTTP Request: HEAD https://huggingface.co/datasets/openslr/librispeech_asr/resolve/main/README.md "HTTP/1.1 307 Temporary Redirect"
2026-04-27 20:38:13,770 INFO HTTP Request: HEAD https://huggingface.co/api/resolve-cache/datasets/openslr/librispeech_asr/71cacbfb7e2354c4226d01e70d77d5fca3d04ba1/README.md "HTTP/1.1 200 OK"
2026-04-27 20:38:13,900 INFO HTTP Request: HEAD https://huggingface.co/datasets/openslr/librispeech_asr/resolve/71cacbfb7e2354c4226d01e70d77d5fca3d04ba1/librispeech_asr.py "HTTP/1.1 404 Not Found"
2026-04-27 20:38:14,236 INFO HTTP Request: HEAD https://s3.amazonaws.com/datasets.huggingface.co/datasets/datasets/openslr/librispeech_asr/openslr/librispeech_asr.py "HTTP/1.1 404 Not Found"
2026-04-27 20:38:14,363 INFO HTTP Request: HEAD https://huggingface.co/datasets/openslr/librispeech_asr/resolve/71cacbfb7e2354c4226d01e70d77d5fca3d04ba1/.huggingface.yaml "HTTP/1.1 404 Not Found"
2026-04-27 20:38:14,524 INFO HTTP Request: GET https://datasets-server.huggingface.co/info?dataset=openslr/librispeech_asr "HTTP/1.1 200 OK"
2026-04-27 20:38:14,662 INFO HTTP Request: HEAD https://huggingface.co/datasets/openslr/librispeech_asr/resolve/71cacbfb7e2354c4226d01e70d77d5fca3d04ba1/dataset_infos.json "HTTP/1.1 404 Not Found"
2026-04-27 20:38:19,368 INFO Loaded 2528 utterances from test (skipped 92 outside [0.5s, 20.0s])
2026-04-27 20:38:19,456 INFO Backbone: linear_attn_lion_rse_depth_viscosity_convshift_multidil_symmetric_v2 | Params: 6.35M
2026-04-27 20:38:19,456 INFO   Frontend: 1.90M | Encoder: 4.44M | Head: 8.0K
2026-04-27 20:38:25,003 INFO Epoch 1 | Batch 0 | Loss: 4.2513 | LR: 3.00e-07
2026-04-27 20:39:47,555 INFO Epoch 1 | Batch 50 | Loss: 2.9301 | LR: 1.53e-05
2026-04-27 20:41:12,194 INFO Epoch 1 | Batch 100 | Loss: 2.8985 | LR: 3.03e-05
2026-04-27 20:42:31,947 INFO Epoch 1 | Batch 150 | Loss: 2.8696 | LR: 4.53e-05
2026-04-27 20:43:54,285 INFO Epoch 1 | Batch 200 | Loss: 2.8413 | LR: 6.03e-05
2026-04-27 20:45:17,303 INFO Epoch 1 | Batch 250 | Loss: 2.8448 | LR: 7.53e-05
2026-04-27 20:46:36,869 INFO Epoch 1 | Batch 300 | Loss: 2.8746 | LR: 9.03e-05
2026-04-27 20:47:57,554 INFO Epoch 1 | Batch 350 | Loss: 2.8299 | LR: 1.05e-04
2026-04-27 20:49:20,563 INFO Epoch 1 | Batch 400 | Loss: 2.8285 | LR: 1.20e-04
2026-04-27 20:50:44,867 INFO Epoch 1 | Batch 450 | Loss: 2.7028 | LR: 1.35e-04
2026-04-27 20:52:09,751 INFO Epoch 1 | Batch 500 | Loss: 2.6913 | LR: 1.50e-04
2026-04-27 20:53:29,632 INFO Epoch 1 | Batch 550 | Loss: 2.5880 | LR: 1.65e-04
2026-04-27 20:54:51,553 INFO Epoch 1 | Batch 600 | Loss: 2.6467 | LR: 1.80e-04
2026-04-27 20:56:17,083 INFO Epoch 1 | Batch 650 | Loss: 2.4192 | LR: 1.95e-04
2026-04-27 20:57:40,647 INFO Epoch 1 | Batch 700 | Loss: 2.4468 | LR: 2.10e-04
2026-04-27 20:59:06,116 INFO Epoch 1 | Batch 750 | Loss: 2.3733 | LR: 2.25e-04
2026-04-27 21:00:27,093 INFO Epoch 1 | Batch 800 | Loss: 2.5419 | LR: 2.40e-04
2026-04-27 21:01:48,339 INFO Epoch 1 | Batch 850 | Loss: 2.2639 | LR: 2.55e-04
2026-04-27 21:03:10,558 INFO Epoch 1 | Batch 900 | Loss: 2.3061 | LR: 2.70e-04
2026-04-27 21:04:30,528 INFO Epoch 1 | Batch 950 | Loss: 2.1847 | LR: 2.85e-04
2026-04-27 21:05:52,427 INFO Epoch 1 | Batch 1000 | Loss: 1.9858 | LR: 3.00e-04
2026-04-27 21:07:16,682 INFO Epoch 1 | Batch 1050 | Loss: 2.0786 | LR: 3.00e-04
2026-04-27 21:08:36,457 INFO Epoch 1 | Batch 1100 | Loss: 2.1557 | LR: 3.00e-04
2026-04-27 21:10:00,229 INFO Epoch 1 | Batch 1150 | Loss: 2.3030 | LR: 3.00e-04
2026-04-27 21:11:24,914 INFO Epoch 1 | Batch 1200 | Loss: 2.1966 | LR: 3.00e-04
2026-04-27 21:12:42,951 INFO Epoch 1 | Train: 2.5481 | Dev CER: 0.5072 | Dev WER: 0.9639 | Time: 2063s | Peak: 30.8 GB
2026-04-27 21:12:42,951 INFO   New best CER: 0.5072
2026-04-27 21:12:47,713 INFO Epoch 2 | Batch 0 | Loss: 1.9162 | LR: 3.00e-04
2026-04-27 21:14:09,626 INFO Epoch 2 | Batch 50 | Loss: 2.2169 | LR: 3.00e-04
2026-04-27 21:15:32,909 INFO Epoch 2 | Batch 100 | Loss: 2.1535 | LR: 3.00e-04
2026-04-27 21:16:55,672 INFO Epoch 2 | Batch 150 | Loss: 2.0198 | LR: 3.00e-04
2026-04-27 21:18:16,827 INFO Epoch 2 | Batch 200 | Loss: 1.9292 | LR: 3.00e-04
2026-04-27 21:19:39,233 INFO Epoch 2 | Batch 250 | Loss: 1.6461 | LR: 3.00e-04
2026-04-27 21:21:04,583 INFO Epoch 2 | Batch 300 | Loss: 1.8296 | LR: 3.00e-04
2026-04-27 21:22:27,223 INFO Epoch 2 | Batch 350 | Loss: 1.8321 | LR: 3.00e-04
2026-04-27 21:23:52,435 INFO Epoch 2 | Batch 400 | Loss: 1.6507 | LR: 3.00e-04
2026-04-27 21:25:13,730 INFO Epoch 2 | Batch 450 | Loss: 1.7518 | LR: 3.00e-04
2026-04-27 21:26:35,035 INFO Epoch 2 | Batch 500 | Loss: 1.7044 | LR: 3.00e-04
2026-04-27 21:27:58,739 INFO Epoch 2 | Batch 550 | Loss: 1.9386 | LR: 3.00e-04
2026-04-27 21:29:20,893 INFO Epoch 2 | Batch 600 | Loss: 1.7586 | LR: 3.00e-04
2026-04-27 21:30:44,278 INFO Epoch 2 | Batch 650 | Loss: 1.9150 | LR: 3.00e-04
2026-04-27 21:32:06,035 INFO Epoch 2 | Batch 700 | Loss: 2.1618 | LR: 3.00e-04
2026-04-27 21:33:27,427 INFO Epoch 2 | Batch 750 | Loss: 1.7217 | LR: 3.00e-04
2026-04-27 21:34:48,865 INFO Epoch 2 | Batch 800 | Loss: 1.4851 | LR: 3.00e-04
2026-04-27 21:36:10,068 INFO Epoch 2 | Batch 850 | Loss: 1.9101 | LR: 3.00e-04
2026-04-27 21:37:30,265 INFO Epoch 2 | Batch 900 | Loss: 1.7145 | LR: 3.00e-04
2026-04-27 21:38:51,053 INFO Epoch 2 | Batch 950 | Loss: 1.5124 | LR: 3.00e-04
2026-04-27 21:40:15,546 INFO Epoch 2 | Batch 1000 | Loss: 2.2960 | LR: 3.00e-04
2026-04-27 21:41:39,144 INFO Epoch 2 | Batch 1050 | Loss: 1.7265 | LR: 3.00e-04
2026-04-27 21:43:02,276 INFO Epoch 2 | Batch 1100 | Loss: 1.6127 | LR: 3.00e-04
2026-04-27 21:44:25,194 INFO Epoch 2 | Batch 1150 | Loss: 1.5138 | LR: 3.00e-04
2026-04-27 21:45:45,884 INFO Epoch 2 | Batch 1200 | Loss: 1.5822 | LR: 3.00e-04
2026-04-27 21:47:06,076 INFO Epoch 2 | Train: 1.7712 | Dev CER: 0.3721 | Dev WER: 0.8433 | Time: 2062s | Peak: 30.8 GB
2026-04-27 21:47:06,076 INFO   New best CER: 0.3721
2026-04-27 21:47:10,833 INFO Epoch 3 | Batch 0 | Loss: 1.4691 | LR: 3.00e-04
2026-04-27 21:48:32,883 INFO Epoch 3 | Batch 50 | Loss: 1.5206 | LR: 3.00e-04
2026-04-27 21:49:56,448 INFO Epoch 3 | Batch 100 | Loss: 1.4993 | LR: 3.00e-04
2026-04-27 21:51:21,935 INFO Epoch 3 | Batch 150 | Loss: 1.4431 | LR: 2.99e-04
2026-04-27 21:52:47,171 INFO Epoch 3 | Batch 200 | Loss: 1.6630 | LR: 2.99e-04
2026-04-27 21:54:11,774 INFO Epoch 3 | Batch 250 | Loss: 1.2423 | LR: 2.99e-04
2026-04-27 21:55:33,905 INFO Epoch 3 | Batch 300 | Loss: 1.6524 | LR: 2.99e-04
2026-04-27 21:56:54,514 INFO Epoch 3 | Batch 350 | Loss: 1.2568 | LR: 2.99e-04
2026-04-27 21:58:17,808 INFO Epoch 3 | Batch 400 | Loss: 1.3464 | LR: 2.99e-04
2026-04-27 21:59:44,637 INFO Epoch 3 | Batch 450 | Loss: 1.8794 | LR: 2.99e-04
2026-04-27 22:01:06,802 INFO Epoch 3 | Batch 500 | Loss: 1.4685 | LR: 2.99e-04
2026-04-27 22:02:31,923 INFO Epoch 3 | Batch 550 | Loss: 1.4030 | LR: 2.99e-04
2026-04-27 22:03:51,493 INFO Epoch 3 | Batch 600 | Loss: 1.6275 | LR: 2.99e-04
2026-04-27 22:05:12,031 INFO Epoch 3 | Batch 650 | Loss: 1.5344 | LR: 2.99e-04
2026-04-27 22:06:31,216 INFO Epoch 3 | Batch 700 | Loss: 1.6098 | LR: 2.99e-04
2026-04-27 22:07:53,083 INFO Epoch 3 | Batch 750 | Loss: 1.8879 | LR: 2.99e-04
2026-04-27 22:09:15,699 INFO Epoch 3 | Batch 800 | Loss: 1.5720 | LR: 2.99e-04
2026-04-27 22:10:39,337 INFO Epoch 3 | Batch 850 | Loss: 1.5577 | LR: 2.99e-04
2026-04-27 22:11:59,702 INFO Epoch 3 | Batch 900 | Loss: 1.6657 | LR: 2.99e-04
2026-04-27 22:13:20,502 INFO Epoch 3 | Batch 950 | Loss: 1.7347 | LR: 2.99e-04
2026-04-27 22:14:41,617 INFO Epoch 3 | Batch 1000 | Loss: 1.3527 | LR: 2.99e-04
2026-04-27 22:16:06,974 INFO Epoch 3 | Batch 1050 | Loss: 1.3845 | LR: 2.99e-04
2026-04-27 22:17:27,231 INFO Epoch 3 | Batch 1100 | Loss: 1.2417 | LR: 2.99e-04
2026-04-27 22:18:49,142 INFO Epoch 3 | Batch 1150 | Loss: 1.8068 | LR: 2.99e-04
2026-04-27 22:20:09,484 INFO Epoch 3 | Batch 1200 | Loss: 1.6193 | LR: 2.99e-04
2026-04-27 22:21:29,196 INFO Epoch 3 | Train: 1.4821 | Dev CER: 0.3248 | Dev WER: 0.7697 | Time: 2063s | Peak: 30.8 GB
2026-04-27 22:21:29,196 INFO   New best CER: 0.3248
2026-04-27 22:21:33,809 INFO Epoch 4 | Batch 0 | Loss: 1.2428 | LR: 2.99e-04
2026-04-27 22:22:59,098 INFO Epoch 4 | Batch 50 | Loss: 1.6251 | LR: 2.98e-04
2026-04-27 22:24:20,321 INFO Epoch 4 | Batch 100 | Loss: 1.2495 | LR: 2.98e-04
2026-04-27 22:25:42,850 INFO Epoch 4 | Batch 150 | Loss: 1.7793 | LR: 2.98e-04
2026-04-27 22:27:03,673 INFO Epoch 4 | Batch 200 | Loss: 1.4848 | LR: 2.98e-04
2026-04-27 22:28:26,831 INFO Epoch 4 | Batch 250 | Loss: 1.3848 | LR: 2.98e-04
2026-04-27 22:29:47,556 INFO Epoch 4 | Batch 300 | Loss: 1.3429 | LR: 2.98e-04
2026-04-27 22:31:10,124 INFO Epoch 4 | Batch 350 | Loss: 1.8598 | LR: 2.98e-04
2026-04-27 22:32:28,709 INFO Epoch 4 | Batch 400 | Loss: 1.4000 | LR: 2.98e-04
2026-04-27 22:33:48,931 INFO Epoch 4 | Batch 450 | Loss: 1.3797 | LR: 2.98e-04
2026-04-27 22:35:11,502 INFO Epoch 4 | Batch 500 | Loss: 1.5511 | LR: 2.98e-04
2026-04-27 22:36:29,243 INFO Epoch 4 | Batch 550 | Loss: 1.1719 | LR: 2.98e-04
2026-04-27 22:37:54,574 INFO Epoch 4 | Batch 600 | Loss: 1.4195 | LR: 2.98e-04
2026-04-27 22:39:16,870 INFO Epoch 4 | Batch 650 | Loss: 1.3304 | LR: 2.98e-04
2026-04-27 22:40:41,434 INFO Epoch 4 | Batch 700 | Loss: 1.1706 | LR: 2.98e-04
2026-04-27 22:42:06,604 INFO Epoch 4 | Batch 750 | Loss: 1.3264 | LR: 2.98e-04
2026-04-27 22:43:29,968 INFO Epoch 4 | Batch 800 | Loss: 1.1926 | LR: 2.98e-04
2026-04-27 22:44:54,704 INFO Epoch 4 | Batch 850 | Loss: 1.6647 | LR: 2.97e-04
2026-04-27 22:46:18,419 INFO Epoch 4 | Batch 900 | Loss: 1.3487 | LR: 2.97e-04
2026-04-27 22:47:41,662 INFO Epoch 4 | Batch 950 | Loss: 1.3139 | LR: 2.97e-04
2026-04-27 22:49:09,163 INFO Epoch 4 | Batch 1000 | Loss: 1.1728 | LR: 2.97e-04
2026-04-27 22:50:33,731 INFO Epoch 4 | Batch 1050 | Loss: 1.3658 | LR: 2.97e-04
2026-04-27 22:51:55,968 INFO Epoch 4 | Batch 1100 | Loss: 1.1742 | LR: 2.97e-04
2026-04-27 22:53:15,631 INFO Epoch 4 | Batch 1150 | Loss: 1.4730 | LR: 2.97e-04
2026-04-27 22:54:37,148 INFO Epoch 4 | Batch 1200 | Loss: 1.5845 | LR: 2.97e-04
2026-04-27 22:55:52,689 INFO Epoch 4 | Train: 1.3327 | Dev CER: 0.2801 | Dev WER: 0.6908 | Time: 2063s | Peak: 30.8 GB
2026-04-27 22:55:52,689 INFO   New best CER: 0.2801
2026-04-27 22:55:57,354 INFO Epoch 5 | Batch 0 | Loss: 1.0411 | LR: 2.97e-04
2026-04-27 22:57:18,899 INFO Epoch 5 | Batch 50 | Loss: 1.2067 | LR: 2.97e-04
2026-04-27 22:58:43,316 INFO Epoch 5 | Batch 100 | Loss: 1.2733 | LR: 2.97e-04
2026-04-27 23:00:04,794 INFO Epoch 5 | Batch 150 | Loss: 1.2371 | LR: 2.97e-04
2026-04-27 23:01:27,613 INFO Epoch 5 | Batch 200 | Loss: 1.1078 | LR: 2.97e-04
2026-04-27 23:02:49,586 INFO Epoch 5 | Batch 250 | Loss: 1.8235 | LR: 2.97e-04
2026-04-27 23:04:11,864 INFO Epoch 5 | Batch 300 | Loss: 1.0103 | LR: 2.96e-04
2026-04-27 23:05:34,700 INFO Epoch 5 | Batch 350 | Loss: 1.0532 | LR: 2.96e-04
2026-04-27 23:06:59,273 INFO Epoch 5 | Batch 400 | Loss: 0.9750 | LR: 2.96e-04
2026-04-27 23:08:18,982 INFO Epoch 5 | Batch 450 | Loss: 1.2760 | LR: 2.96e-04
2026-04-27 23:09:38,523 INFO Epoch 5 | Batch 500 | Loss: 1.1354 | LR: 2.96e-04
2026-04-27 23:10:58,151 INFO Epoch 5 | Batch 550 | Loss: 1.2880 | LR: 2.96e-04
2026-04-27 23:12:24,090 INFO Epoch 5 | Batch 600 | Loss: 1.3879 | LR: 2.96e-04
2026-04-27 23:13:46,232 INFO Epoch 5 | Batch 650 | Loss: 1.4587 | LR: 2.96e-04
2026-04-27 23:15:05,999 INFO Epoch 5 | Batch 700 | Loss: 1.1542 | LR: 2.96e-04
2026-04-27 23:16:29,028 INFO Epoch 5 | Batch 750 | Loss: 1.1014 | LR: 2.96e-04
2026-04-27 23:17:52,194 INFO Epoch 5 | Batch 800 | Loss: 1.0651 | LR: 2.96e-04
2026-04-27 23:19:17,776 INFO Epoch 5 | Batch 850 | Loss: 1.1764 | LR: 2.95e-04
2026-04-27 23:20:42,935 INFO Epoch 5 | Batch 900 | Loss: 1.3051 | LR: 2.95e-04
2026-04-27 23:22:06,906 INFO Epoch 5 | Batch 950 | Loss: 1.5686 | LR: 2.95e-04
2026-04-27 23:23:29,324 INFO Epoch 5 | Batch 1000 | Loss: 1.3927 | LR: 2.95e-04
2026-04-27 23:24:51,148 INFO Epoch 5 | Batch 1050 | Loss: 1.1102 | LR: 2.95e-04
2026-04-27 23:26:14,001 INFO Epoch 5 | Batch 1100 | Loss: 1.2518 | LR: 2.95e-04
2026-04-27 23:27:35,131 INFO Epoch 5 | Batch 1150 | Loss: 1.5031 | LR: 2.95e-04
2026-04-27 23:28:57,232 INFO Epoch 5 | Batch 1200 | Loss: 1.2236 | LR: 2.95e-04
2026-04-27 23:30:15,802 INFO Epoch 5 | Train: 1.2046 | Dev CER: 0.2450 | Dev WER: 0.6409 | Time: 2063s | Peak: 30.8 GB
2026-04-27 23:30:15,802 INFO   New best CER: 0.2450
2026-04-27 23:30:19,795 INFO Epoch 6 | Batch 0 | Loss: 1.1397 | LR: 2.95e-04
2026-04-27 23:31:38,308 INFO Epoch 6 | Batch 50 | Loss: 1.6925 | LR: 2.95e-04
2026-04-27 23:33:02,453 INFO Epoch 6 | Batch 100 | Loss: 1.3451 | LR: 2.94e-04
2026-04-27 23:34:21,735 INFO Epoch 6 | Batch 150 | Loss: 1.2465 | LR: 2.94e-04
2026-04-27 23:35:44,112 INFO Epoch 6 | Batch 200 | Loss: 1.2612 | LR: 2.94e-04
2026-04-27 23:37:03,600 INFO Epoch 6 | Batch 250 | Loss: 0.8965 | LR: 2.94e-04
2026-04-27 23:38:28,075 INFO Epoch 6 | Batch 300 | Loss: 0.9139 | LR: 2.94e-04
2026-04-27 23:39:53,145 INFO Epoch 6 | Batch 350 | Loss: 1.0675 | LR: 2.94e-04
2026-04-27 23:41:19,934 INFO Epoch 6 | Batch 400 | Loss: 0.9485 | LR: 2.94e-04
2026-04-27 23:42:39,842 INFO Epoch 6 | Batch 450 | Loss: 1.8226 | LR: 2.94e-04
2026-04-27 23:44:05,660 INFO Epoch 6 | Batch 500 | Loss: 0.9405 | LR: 2.94e-04
2026-04-27 23:45:30,001 INFO Epoch 6 | Batch 550 | Loss: 0.9777 | LR: 2.93e-04
2026-04-27 23:46:52,009 INFO Epoch 6 | Batch 600 | Loss: 1.1068 | LR: 2.93e-04
2026-04-27 23:48:14,306 INFO Epoch 6 | Batch 650 | Loss: 1.2744 | LR: 2.93e-04
2026-04-27 23:49:34,491 INFO Epoch 6 | Batch 700 | Loss: 1.3184 | LR: 2.93e-04
2026-04-27 23:50:55,744 INFO Epoch 6 | Batch 750 | Loss: 1.1368 | LR: 2.93e-04
2026-04-27 23:52:19,480 INFO Epoch 6 | Batch 800 | Loss: 1.0542 | LR: 2.93e-04
2026-04-27 23:53:40,775 INFO Epoch 6 | Batch 850 | Loss: 1.1384 | LR: 2.93e-04
2026-04-27 23:55:04,377 INFO Epoch 6 | Batch 900 | Loss: 0.8988 | LR: 2.93e-04
2026-04-27 23:56:25,748 INFO Epoch 6 | Batch 950 | Loss: 1.5095 | LR: 2.93e-04
2026-04-27 23:57:49,499 INFO Epoch 6 | Batch 1000 | Loss: 1.0981 | LR: 2.92e-04
2026-04-27 23:59:11,947 INFO Epoch 6 | Batch 1050 | Loss: 1.3308 | LR: 2.92e-04
2026-04-28 00:00:34,932 INFO Epoch 6 | Batch 1100 | Loss: 1.2310 | LR: 2.92e-04
2026-04-28 00:01:55,699 INFO Epoch 6 | Batch 1150 | Loss: 1.0574 | LR: 2.92e-04
2026-04-28 00:03:20,460 INFO Epoch 6 | Batch 1200 | Loss: 0.9687 | LR: 2.92e-04
2026-04-28 00:04:39,435 INFO Epoch 6 | Train: 1.1084 | Dev CER: 0.2248 | Dev WER: 0.5966 | Time: 2063s | Peak: 30.8 GB
2026-04-28 00:04:39,435 INFO   New best CER: 0.2248
2026-04-28 00:04:44,268 INFO Epoch 7 | Batch 0 | Loss: 1.2330 | LR: 2.92e-04
2026-04-28 00:06:04,912 INFO Epoch 7 | Batch 50 | Loss: 1.2256 | LR: 2.92e-04
2026-04-28 00:07:29,704 INFO Epoch 7 | Batch 100 | Loss: 0.9668 | LR: 2.92e-04
2026-04-28 00:08:50,205 INFO Epoch 7 | Batch 150 | Loss: 1.1893 | LR: 2.91e-04
2026-04-28 00:10:11,161 INFO Epoch 7 | Batch 200 | Loss: 0.9193 | LR: 2.91e-04
2026-04-28 00:11:32,947 INFO Epoch 7 | Batch 250 | Loss: 1.1115 | LR: 2.91e-04
2026-04-28 00:12:53,673 INFO Epoch 7 | Batch 300 | Loss: 0.9555 | LR: 2.91e-04
2026-04-28 00:14:17,590 INFO Epoch 7 | Batch 350 | Loss: 1.2598 | LR: 2.91e-04
2026-04-28 00:15:39,431 INFO Epoch 7 | Batch 400 | Loss: 0.9201 | LR: 2.91e-04
2026-04-28 00:17:03,886 INFO Epoch 7 | Batch 450 | Loss: 1.1983 | LR: 2.91e-04
2026-04-28 00:18:27,661 INFO Epoch 7 | Batch 500 | Loss: 1.2328 | LR: 2.91e-04
2026-04-28 00:19:52,025 INFO Epoch 7 | Batch 550 | Loss: 0.8817 | LR: 2.90e-04
2026-04-28 00:21:17,314 INFO Epoch 7 | Batch 600 | Loss: 1.0512 | LR: 2.90e-04
2026-04-28 00:22:40,304 INFO Epoch 7 | Batch 650 | Loss: 1.2387 | LR: 2.90e-04
2026-04-28 00:24:04,992 INFO Epoch 7 | Batch 700 | Loss: 1.1154 | LR: 2.90e-04
2026-04-28 00:25:23,002 INFO Epoch 7 | Batch 750 | Loss: 1.0790 | LR: 2.90e-04
2026-04-28 00:26:43,472 INFO Epoch 7 | Batch 800 | Loss: 1.3975 | LR: 2.90e-04
2026-04-28 00:28:03,445 INFO Epoch 7 | Batch 850 | Loss: 1.2002 | LR: 2.90e-04
2026-04-28 00:29:27,763 INFO Epoch 7 | Batch 900 | Loss: 0.9923 | LR: 2.89e-04
2026-04-28 00:30:50,208 INFO Epoch 7 | Batch 950 | Loss: 0.9217 | LR: 2.89e-04
2026-04-28 00:32:14,831 INFO Epoch 7 | Batch 1000 | Loss: 0.8663 | LR: 2.89e-04
2026-04-28 00:33:38,823 INFO Epoch 7 | Batch 1050 | Loss: 1.2535 | LR: 2.89e-04
2026-04-28 00:35:00,311 INFO Epoch 7 | Batch 1100 | Loss: 1.4802 | LR: 2.89e-04
2026-04-28 00:36:19,100 INFO Epoch 7 | Batch 1150 | Loss: 0.9224 | LR: 2.89e-04
2026-04-28 00:37:42,497 INFO Epoch 7 | Batch 1200 | Loss: 0.7317 | LR: 2.89e-04
2026-04-28 00:39:02,207 INFO Epoch 7 | Train: 1.0468 | Dev CER: 0.2089 | Dev WER: 0.5641 | Time: 2062s | Peak: 30.8 GB
2026-04-28 00:39:02,207 INFO   New best CER: 0.2089
2026-04-28 00:39:06,862 INFO Epoch 8 | Batch 0 | Loss: 0.9148 | LR: 2.88e-04
2026-04-28 00:40:29,627 INFO Epoch 8 | Batch 50 | Loss: 1.0701 | LR: 2.88e-04
2026-04-28 00:41:51,153 INFO Epoch 8 | Batch 100 | Loss: 1.0605 | LR: 2.88e-04
2026-04-28 00:43:13,435 INFO Epoch 8 | Batch 150 | Loss: 1.2080 | LR: 2.88e-04
2026-04-28 00:44:35,529 INFO Epoch 8 | Batch 200 | Loss: 1.0061 | LR: 2.88e-04
2026-04-28 00:45:57,018 INFO Epoch 8 | Batch 250 | Loss: 1.1903 | LR: 2.88e-04
2026-04-28 00:47:19,556 INFO Epoch 8 | Batch 300 | Loss: 0.8674 | LR: 2.88e-04
2026-04-28 00:48:38,371 INFO Epoch 8 | Batch 350 | Loss: 1.1878 | LR: 2.87e-04
2026-04-28 00:50:01,646 INFO Epoch 8 | Batch 400 | Loss: 0.7817 | LR: 2.87e-04
2026-04-28 00:51:23,186 INFO Epoch 8 | Batch 450 | Loss: 1.1306 | LR: 2.87e-04
2026-04-28 00:52:47,311 INFO Epoch 8 | Batch 500 | Loss: 0.9598 | LR: 2.87e-04
2026-04-28 00:54:10,362 INFO Epoch 8 | Batch 550 | Loss: 0.9612 | LR: 2.87e-04
2026-04-28 00:55:32,541 INFO Epoch 8 | Batch 600 | Loss: 0.8386 | LR: 2.87e-04
2026-04-28 00:56:54,251 INFO Epoch 8 | Batch 650 | Loss: 0.8791 | LR: 2.86e-04
2026-04-28 00:58:19,315 INFO Epoch 8 | Batch 700 | Loss: 0.8241 | LR: 2.86e-04
2026-04-28 00:59:40,161 INFO Epoch 8 | Batch 750 | Loss: 0.7839 | LR: 2.86e-04
2026-04-28 01:01:01,962 INFO Epoch 8 | Batch 800 | Loss: 1.0187 | LR: 2.86e-04
2026-04-28 01:02:27,612 INFO Epoch 8 | Batch 850 | Loss: 0.6826 | LR: 2.86e-04
2026-04-28 01:03:50,457 INFO Epoch 8 | Batch 900 | Loss: 1.0917 | LR: 2.86e-04
2026-04-28 01:05:14,837 INFO Epoch 8 | Batch 950 | Loss: 1.0602 | LR: 2.85e-04
2026-04-28 01:06:37,597 INFO Epoch 8 | Batch 1000 | Loss: 0.8316 | LR: 2.85e-04
2026-04-28 01:07:58,895 INFO Epoch 8 | Batch 1050 | Loss: 0.8537 | LR: 2.85e-04
2026-04-28 01:09:19,996 INFO Epoch 8 | Batch 1100 | Loss: 0.8544 | LR: 2.85e-04
2026-04-28 01:10:41,946 INFO Epoch 8 | Batch 1150 | Loss: 0.8013 | LR: 2.85e-04
2026-04-28 01:12:05,611 INFO Epoch 8 | Batch 1200 | Loss: 0.8339 | LR: 2.85e-04
2026-04-28 01:13:24,350 INFO Epoch 8 | Train: 0.9834 | Dev CER: 0.1961 | Dev WER: 0.5365 | Time: 2062s | Peak: 30.8 GB
2026-04-28 01:13:24,350 INFO   New best CER: 0.1961
2026-04-28 01:13:28,936 INFO Epoch 9 | Batch 0 | Loss: 0.9449 | LR: 2.85e-04
2026-04-28 01:14:46,476 INFO Epoch 9 | Batch 50 | Loss: 0.9874 | LR: 2.84e-04
2026-04-28 01:16:11,429 INFO Epoch 9 | Batch 100 | Loss: 0.8878 | LR: 2.84e-04
2026-04-28 01:17:36,468 INFO Epoch 9 | Batch 150 | Loss: 1.0431 | LR: 2.84e-04
2026-04-28 01:18:58,312 INFO Epoch 9 | Batch 200 | Loss: 0.9401 | LR: 2.84e-04
2026-04-28 01:20:18,914 INFO Epoch 9 | Batch 250 | Loss: 0.9925 | LR: 2.84e-04
2026-04-28 01:21:38,103 INFO Epoch 9 | Batch 300 | Loss: 0.8802 | LR: 2.83e-04
2026-04-28 01:22:59,468 INFO Epoch 9 | Batch 350 | Loss: 1.1556 | LR: 2.83e-04
2026-04-28 01:24:24,753 INFO Epoch 9 | Batch 400 | Loss: 0.8633 | LR: 2.83e-04
2026-04-28 01:25:48,385 INFO Epoch 9 | Batch 450 | Loss: 0.7479 | LR: 2.83e-04
2026-04-28 01:27:07,736 INFO Epoch 9 | Batch 500 | Loss: 0.7747 | LR: 2.83e-04
2026-04-28 01:28:28,731 INFO Epoch 9 | Batch 550 | Loss: 0.7303 | LR: 2.83e-04
2026-04-28 01:29:50,937 INFO Epoch 9 | Batch 600 | Loss: 0.8265 | LR: 2.82e-04
2026-04-28 01:31:16,629 INFO Epoch 9 | Batch 650 | Loss: 1.0641 | LR: 2.82e-04
2026-04-28 01:32:40,455 INFO Epoch 9 | Batch 700 | Loss: 0.7554 | LR: 2.82e-04
2026-04-28 01:34:00,869 INFO Epoch 9 | Batch 750 | Loss: 0.8665 | LR: 2.82e-04
2026-04-28 01:35:25,375 INFO Epoch 9 | Batch 800 | Loss: 0.9439 | LR: 2.82e-04
2026-04-28 01:36:45,264 INFO Epoch 9 | Batch 850 | Loss: 1.0585 | LR: 2.81e-04
2026-04-28 01:38:09,397 INFO Epoch 9 | Batch 900 | Loss: 1.1388 | LR: 2.81e-04
2026-04-28 01:39:34,083 INFO Epoch 9 | Batch 950 | Loss: 0.9851 | LR: 2.81e-04
2026-04-28 01:40:58,788 INFO Epoch 9 | Batch 1000 | Loss: 0.8197 | LR: 2.81e-04
2026-04-28 01:42:18,870 INFO Epoch 9 | Batch 1050 | Loss: 1.0894 | LR: 2.81e-04
2026-04-28 01:43:41,518 INFO Epoch 9 | Batch 1100 | Loss: 0.7742 | LR: 2.81e-04
2026-04-28 01:45:01,998 INFO Epoch 9 | Batch 1150 | Loss: 0.7391 | LR: 2.80e-04
2026-04-28 01:46:26,280 INFO Epoch 9 | Batch 1200 | Loss: 0.9438 | LR: 2.80e-04
2026-04-28 01:47:46,778 INFO Epoch 9 | Train: 0.9466 | Dev CER: 0.1847 | Dev WER: 0.5111 | Time: 2062s | Peak: 30.8 GB
2026-04-28 01:47:46,778 INFO   New best CER: 0.1847
2026-04-28 01:47:51,091 INFO Epoch 10 | Batch 0 | Loss: 0.9021 | LR: 2.80e-04
2026-04-28 01:49:12,609 INFO Epoch 10 | Batch 50 | Loss: 0.9289 | LR: 2.80e-04
2026-04-28 01:50:37,851 INFO Epoch 10 | Batch 100 | Loss: 0.8506 | LR: 2.80e-04
2026-04-28 01:51:59,956 INFO Epoch 10 | Batch 150 | Loss: 0.9013 | LR: 2.79e-04
2026-04-28 01:53:21,969 INFO Epoch 10 | Batch 200 | Loss: 0.8937 | LR: 2.79e-04
2026-04-28 01:54:42,950 INFO Epoch 10 | Batch 250 | Loss: 0.7467 | LR: 2.79e-04
2026-04-28 01:56:07,171 INFO Epoch 10 | Batch 300 | Loss: 0.7141 | LR: 2.79e-04
2026-04-28 01:57:31,038 INFO Epoch 10 | Batch 350 | Loss: 0.7254 | LR: 2.79e-04
2026-04-28 01:58:50,996 INFO Epoch 10 | Batch 400 | Loss: 0.5883 | LR: 2.78e-04
2026-04-28 02:00:13,724 INFO Epoch 10 | Batch 450 | Loss: 0.9567 | LR: 2.78e-04
2026-04-28 02:01:35,777 INFO Epoch 10 | Batch 500 | Loss: 0.7323 | LR: 2.78e-04
2026-04-28 02:02:57,939 INFO Epoch 10 | Batch 550 | Loss: 0.8607 | LR: 2.78e-04
2026-04-28 02:04:20,625 INFO Epoch 10 | Batch 600 | Loss: 1.0401 | LR: 2.78e-04
2026-04-28 02:05:37,978 INFO Epoch 10 | Batch 650 | Loss: 0.9402 | LR: 2.77e-04
2026-04-28 02:07:02,351 INFO Epoch 10 | Batch 700 | Loss: 1.4215 | LR: 2.77e-04
2026-04-28 02:08:24,166 INFO Epoch 10 | Batch 750 | Loss: 0.5982 | LR: 2.77e-04
2026-04-28 02:09:48,407 INFO Epoch 10 | Batch 800 | Loss: 1.4420 | LR: 2.77e-04
2026-04-28 02:11:09,169 INFO Epoch 10 | Batch 850 | Loss: 0.7279 | LR: 2.77e-04
2026-04-28 02:12:30,613 INFO Epoch 10 | Batch 900 | Loss: 0.7033 | LR: 2.76e-04
2026-04-28 02:13:57,610 INFO Epoch 10 | Batch 950 | Loss: 0.7960 | LR: 2.76e-04
2026-04-28 02:15:18,860 INFO Epoch 10 | Batch 1000 | Loss: 0.7680 | LR: 2.76e-04
2026-04-28 02:16:40,759 INFO Epoch 10 | Batch 1050 | Loss: 0.7900 | LR: 2.76e-04
2026-04-28 02:18:01,945 INFO Epoch 10 | Batch 1100 | Loss: 0.7177 | LR: 2.76e-04
2026-04-28 02:19:26,546 INFO Epoch 10 | Batch 1150 | Loss: 0.7757 | LR: 2.75e-04
2026-04-28 02:20:49,095 INFO Epoch 10 | Batch 1200 | Loss: 0.8353 | LR: 2.75e-04
2026-04-28 02:22:09,243 INFO Epoch 10 | Train: 0.8986 | Dev CER: 0.1718 | Dev WER: 0.4814 | Time: 2062s | Peak: 30.8 GB
2026-04-28 02:22:09,243 INFO   New best CER: 0.1718
2026-04-28 02:22:13,817 INFO Epoch 11 | Batch 0 | Loss: 0.8844 | LR: 2.75e-04
2026-04-28 02:23:37,261 INFO Epoch 11 | Batch 50 | Loss: 0.8300 | LR: 2.75e-04
2026-04-28 02:24:58,923 INFO Epoch 11 | Batch 100 | Loss: 0.6283 | LR: 2.75e-04
2026-04-28 02:26:21,796 INFO Epoch 11 | Batch 150 | Loss: 0.6426 | LR: 2.74e-04
2026-04-28 02:27:45,171 INFO Epoch 11 | Batch 200 | Loss: 1.1479 | LR: 2.74e-04
2026-04-28 02:29:05,826 INFO Epoch 11 | Batch 250 | Loss: 0.9088 | LR: 2.74e-04
2026-04-28 02:30:28,025 INFO Epoch 11 | Batch 300 | Loss: 0.9987 | LR: 2.74e-04
2026-04-28 02:31:50,694 INFO Epoch 11 | Batch 350 | Loss: 0.9931 | LR: 2.73e-04
2026-04-28 02:33:12,573 INFO Epoch 11 | Batch 400 | Loss: 0.5637 | LR: 2.73e-04
2026-04-28 02:34:36,772 INFO Epoch 11 | Batch 450 | Loss: 0.6264 | LR: 2.73e-04
2026-04-28 02:35:55,062 INFO Epoch 11 | Batch 500 | Loss: 0.8570 | LR: 2.73e-04
2026-04-28 02:37:19,937 INFO Epoch 11 | Batch 550 | Loss: 0.8787 | LR: 2.73e-04
2026-04-28 02:38:41,453 INFO Epoch 11 | Batch 600 | Loss: 0.8350 | LR: 2.72e-04
2026-04-28 02:40:00,809 INFO Epoch 11 | Batch 650 | Loss: 1.2564 | LR: 2.72e-04
2026-04-28 02:41:22,106 INFO Epoch 11 | Batch 700 | Loss: 0.8427 | LR: 2.72e-04
2026-04-28 02:42:45,927 INFO Epoch 11 | Batch 750 | Loss: 0.8116 | LR: 2.72e-04
2026-04-28 02:44:07,638 INFO Epoch 11 | Batch 800 | Loss: 0.9666 | LR: 2.71e-04
2026-04-28 02:45:27,735 INFO Epoch 11 | Batch 850 | Loss: 0.8269 | LR: 2.71e-04
2026-04-28 02:46:52,443 INFO Epoch 11 | Batch 900 | Loss: 0.7465 | LR: 2.71e-04
2026-04-28 02:48:15,611 INFO Epoch 11 | Batch 950 | Loss: 0.5685 | LR: 2.71e-04
2026-04-28 02:49:42,185 INFO Epoch 11 | Batch 1000 | Loss: 0.7155 | LR: 2.71e-04
2026-04-28 02:51:08,490 INFO Epoch 11 | Batch 1050 | Loss: 0.9004 | LR: 2.70e-04
2026-04-28 02:52:29,477 INFO Epoch 11 | Batch 1100 | Loss: 0.8349 | LR: 2.70e-04
2026-04-28 02:53:50,570 INFO Epoch 11 | Batch 1150 | Loss: 0.9247 | LR: 2.70e-04
2026-04-28 02:55:13,802 INFO Epoch 11 | Batch 1200 | Loss: 0.6323 | LR: 2.70e-04
2026-04-28 02:56:31,631 INFO Epoch 11 | Train: 0.8668 | Dev CER: 0.1682 | Dev WER: 0.4720 | Time: 2062s | Peak: 30.8 GB
2026-04-28 02:56:31,631 INFO   New best CER: 0.1682
2026-04-28 02:56:36,230 INFO Epoch 12 | Batch 0 | Loss: 0.7859 | LR: 2.69e-04
2026-04-28 02:57:57,947 INFO Epoch 12 | Batch 50 | Loss: 1.7836 | LR: 2.69e-04
2026-04-28 02:59:21,635 INFO Epoch 12 | Batch 100 | Loss: 1.4469 | LR: 2.69e-04
2026-04-28 03:00:46,337 INFO Epoch 12 | Batch 150 | Loss: 0.8161 | LR: 2.69e-04
2026-04-28 03:02:07,230 INFO Epoch 12 | Batch 200 | Loss: 0.6035 | LR: 2.68e-04
2026-04-28 03:03:26,246 INFO Epoch 12 | Batch 250 | Loss: 0.7694 | LR: 2.68e-04
2026-04-28 03:04:46,575 INFO Epoch 12 | Batch 300 | Loss: 0.6067 | LR: 2.68e-04
2026-04-28 03:06:08,615 INFO Epoch 12 | Batch 350 | Loss: 1.0035 | LR: 2.68e-04
2026-04-28 03:07:29,017 INFO Epoch 12 | Batch 400 | Loss: 0.8766 | LR: 2.68e-04
2026-04-28 03:08:52,977 INFO Epoch 12 | Batch 450 | Loss: 0.7622 | LR: 2.67e-04
2026-04-28 03:10:16,105 INFO Epoch 12 | Batch 500 | Loss: 0.6830 | LR: 2.67e-04
2026-04-28 03:11:36,871 INFO Epoch 12 | Batch 550 | Loss: 1.0669 | LR: 2.67e-04
2026-04-28 03:13:01,291 INFO Epoch 12 | Batch 600 | Loss: 0.7457 | LR: 2.67e-04
2026-04-28 03:14:23,244 INFO Epoch 12 | Batch 650 | Loss: 0.9571 | LR: 2.66e-04
2026-04-28 03:15:47,206 INFO Epoch 12 | Batch 700 | Loss: 0.8481 | LR: 2.66e-04
2026-04-28 03:17:09,109 INFO Epoch 12 | Batch 750 | Loss: 0.5309 | LR: 2.66e-04
2026-04-28 03:18:33,822 INFO Epoch 12 | Batch 800 | Loss: 0.6959 | LR: 2.66e-04
2026-04-28 03:19:55,571 INFO Epoch 12 | Batch 850 | Loss: 0.7758 | LR: 2.65e-04
2026-04-28 03:21:13,472 INFO Epoch 12 | Batch 900 | Loss: 0.9193 | LR: 2.65e-04
2026-04-28 03:22:37,225 INFO Epoch 12 | Batch 950 | Loss: 1.0511 | LR: 2.65e-04
2026-04-28 03:23:58,687 INFO Epoch 12 | Batch 1000 | Loss: 0.9690 | LR: 2.65e-04
2026-04-28 03:25:22,749 INFO Epoch 12 | Batch 1050 | Loss: 0.7766 | LR: 2.64e-04
2026-04-28 03:26:44,299 INFO Epoch 12 | Batch 1100 | Loss: 0.7134 | LR: 2.64e-04
2026-04-28 03:28:09,328 INFO Epoch 12 | Batch 1150 | Loss: 0.7435 | LR: 2.64e-04
2026-04-28 03:29:33,955 INFO Epoch 12 | Batch 1200 | Loss: 1.0510 | LR: 2.64e-04
2026-04-28 03:30:53,221 INFO Epoch 12 | Train: 0.8482 | Dev CER: 0.1608 | Dev WER: 0.4563 | Time: 2061s | Peak: 30.8 GB
2026-04-28 03:30:53,221 INFO   New best CER: 0.1608
2026-04-28 03:30:57,756 INFO Epoch 13 | Batch 0 | Loss: 0.8671 | LR: 2.63e-04
2026-04-28 03:32:19,312 INFO Epoch 13 | Batch 50 | Loss: 0.6294 | LR: 2.63e-04
2026-04-28 03:33:42,355 INFO Epoch 13 | Batch 100 | Loss: 0.6749 | LR: 2.63e-04
2026-04-28 03:35:04,411 INFO Epoch 13 | Batch 150 | Loss: 0.6454 | LR: 2.63e-04
2026-04-28 03:36:27,866 INFO Epoch 13 | Batch 200 | Loss: 0.6695 | LR: 2.62e-04
2026-04-28 03:37:48,284 INFO Epoch 13 | Batch 250 | Loss: 0.8698 | LR: 2.62e-04
2026-04-28 03:39:07,205 INFO Epoch 13 | Batch 300 | Loss: 0.7514 | LR: 2.62e-04
2026-04-28 03:40:30,372 INFO Epoch 13 | Batch 350 | Loss: 0.9490 | LR: 2.62e-04
2026-04-28 03:41:52,883 INFO Epoch 13 | Batch 400 | Loss: 0.7616 | LR: 2.61e-04
2026-04-28 03:43:16,628 INFO Epoch 13 | Batch 450 | Loss: 0.7112 | LR: 2.61e-04
2026-04-28 03:44:41,231 INFO Epoch 13 | Batch 500 | Loss: 0.6353 | LR: 2.61e-04
2026-04-28 03:46:00,958 INFO Epoch 13 | Batch 550 | Loss: 0.6640 | LR: 2.61e-04
2026-04-28 03:47:25,298 INFO Epoch 13 | Batch 600 | Loss: 0.7091 | LR: 2.60e-04
2026-04-28 03:48:47,548 INFO Epoch 13 | Batch 650 | Loss: 0.8510 | LR: 2.60e-04
2026-04-28 03:50:10,613 INFO Epoch 13 | Batch 700 | Loss: 0.8714 | LR: 2.60e-04
2026-04-28 03:51:33,303 INFO Epoch 13 | Batch 750 | Loss: 0.8322 | LR: 2.60e-04
2026-04-28 03:52:55,955 INFO Epoch 13 | Batch 800 | Loss: 0.6676 | LR: 2.59e-04
2026-04-28 03:54:16,285 INFO Epoch 13 | Batch 850 | Loss: 1.1840 | LR: 2.59e-04
2026-04-28 03:55:37,640 INFO Epoch 13 | Batch 900 | Loss: 0.9119 | LR: 2.59e-04
2026-04-28 03:57:02,735 INFO Epoch 13 | Batch 950 | Loss: 0.8460 | LR: 2.58e-04
2026-04-28 03:58:21,150 INFO Epoch 13 | Batch 1000 | Loss: 0.7521 | LR: 2.58e-04
2026-04-28 03:59:44,393 INFO Epoch 13 | Batch 1050 | Loss: 0.6231 | LR: 2.58e-04
2026-04-28 04:01:06,338 INFO Epoch 13 | Batch 1100 | Loss: 1.3139 | LR: 2.58e-04
2026-04-28 04:02:30,744 INFO Epoch 13 | Batch 1150 | Loss: 0.9213 | LR: 2.57e-04
2026-04-28 04:03:53,669 INFO Epoch 13 | Batch 1200 | Loss: 1.1442 | LR: 2.57e-04
2026-04-28 04:05:14,888 INFO Epoch 13 | Train: 0.8148 | Dev CER: 0.1541 | Dev WER: 0.4385 | Time: 2061s | Peak: 30.8 GB
2026-04-28 04:05:14,888 INFO   New best CER: 0.1541
2026-04-28 04:05:19,578 INFO Epoch 14 | Batch 0 | Loss: 0.8227 | LR: 2.57e-04
2026-04-28 04:06:38,374 INFO Epoch 14 | Batch 50 | Loss: 0.9865 | LR: 2.57e-04
2026-04-28 04:07:58,223 INFO Epoch 14 | Batch 100 | Loss: 0.7120 | LR: 2.56e-04
2026-04-28 04:09:19,798 INFO Epoch 14 | Batch 150 | Loss: 0.7359 | LR: 2.56e-04
2026-04-28 04:10:46,239 INFO Epoch 14 | Batch 200 | Loss: 0.8175 | LR: 2.56e-04
2026-04-28 04:12:09,722 INFO Epoch 14 | Batch 250 | Loss: 0.8791 | LR: 2.56e-04
2026-04-28 04:13:31,841 INFO Epoch 14 | Batch 300 | Loss: 0.6430 | LR: 2.55e-04
2026-04-28 04:14:53,245 INFO Epoch 14 | Batch 350 | Loss: 0.8738 | LR: 2.55e-04
2026-04-28 04:16:11,952 INFO Epoch 14 | Batch 400 | Loss: 0.7884 | LR: 2.55e-04
2026-04-28 04:17:32,789 INFO Epoch 14 | Batch 450 | Loss: 0.8630 | LR: 2.54e-04
2026-04-28 04:18:57,195 INFO Epoch 14 | Batch 500 | Loss: 0.8028 | LR: 2.54e-04
2026-04-28 04:20:18,600 INFO Epoch 14 | Batch 550 | Loss: 0.8399 | LR: 2.54e-04
2026-04-28 04:21:37,566 INFO Epoch 14 | Batch 600 | Loss: 0.9173 | LR: 2.54e-04
2026-04-28 04:22:59,683 INFO Epoch 14 | Batch 650 | Loss: 0.6717 | LR: 2.53e-04
2026-04-28 04:24:24,181 INFO Epoch 14 | Batch 700 | Loss: 0.8299 | LR: 2.53e-04
2026-04-28 04:25:47,349 INFO Epoch 14 | Batch 750 | Loss: 0.6443 | LR: 2.53e-04
2026-04-28 04:27:11,129 INFO Epoch 14 | Batch 800 | Loss: 0.7767 | LR: 2.52e-04
2026-04-28 04:28:37,629 INFO Epoch 14 | Batch 850 | Loss: 0.7026 | LR: 2.52e-04
2026-04-28 04:29:58,817 INFO Epoch 14 | Batch 900 | Loss: 0.7375 | LR: 2.52e-04
2026-04-28 04:31:21,331 INFO Epoch 14 | Batch 950 | Loss: 0.8649 | LR: 2.52e-04
2026-04-28 04:32:44,697 INFO Epoch 14 | Batch 1000 | Loss: 0.6749 | LR: 2.51e-04
2026-04-28 04:34:08,541 INFO Epoch 14 | Batch 1050 | Loss: 0.8817 | LR: 2.51e-04
2026-04-28 04:35:28,512 INFO Epoch 14 | Batch 1100 | Loss: 0.6473 | LR: 2.51e-04
2026-04-28 04:36:52,297 INFO Epoch 14 | Batch 1150 | Loss: 0.7828 | LR: 2.51e-04
2026-04-28 04:38:16,073 INFO Epoch 14 | Batch 1200 | Loss: 0.7866 | LR: 2.50e-04
2026-04-28 04:39:35,499 INFO Epoch 14 | Train: 0.8008 | Dev CER: 0.1484 | Dev WER: 0.4256 | Time: 2060s | Peak: 30.8 GB
2026-04-28 04:39:35,500 INFO   New best CER: 0.1484
2026-04-28 04:39:40,156 INFO Epoch 15 | Batch 0 | Loss: 0.6986 | LR: 2.50e-04
2026-04-28 04:41:02,735 INFO Epoch 15 | Batch 50 | Loss: 0.7946 | LR: 2.50e-04
2026-04-28 04:42:27,847 INFO Epoch 15 | Batch 100 | Loss: 0.5866 | LR: 2.49e-04
2026-04-28 04:43:51,370 INFO Epoch 15 | Batch 150 | Loss: 0.5877 | LR: 2.49e-04
2026-04-28 04:45:12,164 INFO Epoch 15 | Batch 200 | Loss: 0.9103 | LR: 2.49e-04
2026-04-28 04:46:31,837 INFO Epoch 15 | Batch 250 | Loss: 0.6687 | LR: 2.49e-04
2026-04-28 04:47:52,716 INFO Epoch 15 | Batch 300 | Loss: 0.7773 | LR: 2.48e-04
2026-04-28 04:49:13,964 INFO Epoch 15 | Batch 350 | Loss: 0.6493 | LR: 2.48e-04
2026-04-28 04:50:36,660 INFO Epoch 15 | Batch 400 | Loss: 0.6741 | LR: 2.48e-04
2026-04-28 04:51:58,667 INFO Epoch 15 | Batch 450 | Loss: 0.5611 | LR: 2.47e-04
2026-04-28 04:53:21,106 INFO Epoch 15 | Batch 500 | Loss: 0.8888 | LR: 2.47e-04
2026-04-28 04:54:42,302 INFO Epoch 15 | Batch 550 | Loss: 0.6393 | LR: 2.47e-04
2026-04-28 04:56:08,176 INFO Epoch 15 | Batch 600 | Loss: 0.5742 | LR: 2.47e-04
2026-04-28 04:57:32,015 INFO Epoch 15 | Batch 650 | Loss: 0.5884 | LR: 2.46e-04
2026-04-28 04:58:56,422 INFO Epoch 15 | Batch 700 | Loss: 0.7034 | LR: 2.46e-04
2026-04-28 05:00:20,351 INFO Epoch 15 | Batch 750 | Loss: 0.7432 | LR: 2.46e-04
2026-04-28 05:01:40,364 INFO Epoch 15 | Batch 800 | Loss: 0.7497 | LR: 2.45e-04
2026-04-28 05:03:02,489 INFO Epoch 15 | Batch 850 | Loss: 0.5700 | LR: 2.45e-04
2026-04-28 05:04:24,118 INFO Epoch 15 | Batch 900 | Loss: 0.8169 | LR: 2.45e-04
2026-04-28 05:05:45,239 INFO Epoch 15 | Batch 950 | Loss: 0.8367 | LR: 2.44e-04
2026-04-28 05:07:08,118 INFO Epoch 15 | Batch 1000 | Loss: 0.6712 | LR: 2.44e-04
2026-04-28 05:08:31,598 INFO Epoch 15 | Batch 1050 | Loss: 0.6201 | LR: 2.44e-04
2026-04-28 05:09:54,985 INFO Epoch 15 | Batch 1100 | Loss: 0.7966 | LR: 2.44e-04
2026-04-28 05:11:15,661 INFO Epoch 15 | Batch 1150 | Loss: 0.8207 | LR: 2.43e-04
2026-04-28 05:12:36,990 INFO Epoch 15 | Batch 1200 | Loss: 0.8734 | LR: 2.43e-04
2026-04-28 05:13:56,256 INFO Epoch 15 | Train: 0.7792 | Dev CER: 0.1448 | Dev WER: 0.4158 | Time: 2060s | Peak: 30.8 GB
2026-04-28 05:13:56,256 INFO   New best CER: 0.1448
2026-04-28 05:14:00,539 INFO Epoch 16 | Batch 0 | Loss: 0.7051 | LR: 2.43e-04
2026-04-28 05:15:18,298 INFO Epoch 16 | Batch 50 | Loss: 0.7114 | LR: 2.42e-04
2026-04-28 05:16:40,060 INFO Epoch 16 | Batch 100 | Loss: 0.8350 | LR: 2.42e-04
2026-04-28 05:17:57,130 INFO Epoch 16 | Batch 150 | Loss: 0.6431 | LR: 2.42e-04
2026-04-28 05:19:22,155 INFO Epoch 16 | Batch 200 | Loss: 0.5016 | LR: 2.41e-04
2026-04-28 05:20:47,214 INFO Epoch 16 | Batch 250 | Loss: 0.7928 | LR: 2.41e-04
2026-04-28 05:22:08,054 INFO Epoch 16 | Batch 300 | Loss: 0.8616 | LR: 2.41e-04
2026-04-28 05:23:31,131 INFO Epoch 16 | Batch 350 | Loss: 0.6696 | LR: 2.41e-04
2026-04-28 05:24:51,885 INFO Epoch 16 | Batch 400 | Loss: 0.6355 | LR: 2.40e-04
2026-04-28 05:26:16,054 INFO Epoch 16 | Batch 450 | Loss: 0.7082 | LR: 2.40e-04
2026-04-28 05:27:37,352 INFO Epoch 16 | Batch 500 | Loss: 0.7585 | LR: 2.40e-04
2026-04-28 05:29:00,022 INFO Epoch 16 | Batch 550 | Loss: 0.6325 | LR: 2.39e-04
2026-04-28 05:30:25,107 INFO Epoch 16 | Batch 600 | Loss: 0.8012 | LR: 2.39e-04
2026-04-28 05:31:49,036 INFO Epoch 16 | Batch 650 | Loss: 0.7151 | LR: 2.39e-04
2026-04-28 05:33:11,455 INFO Epoch 16 | Batch 700 | Loss: 0.8947 | LR: 2.38e-04
2026-04-28 05:34:36,520 INFO Epoch 16 | Batch 750 | Loss: 0.8273 | LR: 2.38e-04
2026-04-28 05:35:58,983 INFO Epoch 16 | Batch 800 | Loss: 0.7016 | LR: 2.38e-04
2026-04-28 05:37:19,660 INFO Epoch 16 | Batch 850 | Loss: 0.5859 | LR: 2.37e-04
2026-04-28 05:38:41,471 INFO Epoch 16 | Batch 900 | Loss: 1.0874 | LR: 2.37e-04
2026-04-28 05:40:03,213 INFO Epoch 16 | Batch 950 | Loss: 0.6405 | LR: 2.37e-04
2026-04-28 05:41:29,005 INFO Epoch 16 | Batch 1000 | Loss: 0.6953 | LR: 2.36e-04
2026-04-28 05:42:54,251 INFO Epoch 16 | Batch 1050 | Loss: 0.6585 | LR: 2.36e-04
2026-04-28 05:44:13,261 INFO Epoch 16 | Batch 1100 | Loss: 0.6778 | LR: 2.36e-04
2026-04-28 05:45:35,306 INFO Epoch 16 | Batch 1150 | Loss: 0.7294 | LR: 2.36e-04
2026-04-28 05:46:54,851 INFO Epoch 16 | Batch 1200 | Loss: 0.6306 | LR: 2.35e-04
2026-04-28 05:48:16,972 INFO Epoch 16 | Train: 0.7639 | Dev CER: 0.1408 | Dev WER: 0.4064 | Time: 2060s | Peak: 30.8 GB
2026-04-28 05:48:16,972 INFO   New best CER: 0.1408
2026-04-28 05:48:21,845 INFO Epoch 17 | Batch 0 | Loss: 0.5721 | LR: 2.35e-04
2026-04-28 05:49:41,952 INFO Epoch 17 | Batch 50 | Loss: 0.8434 | LR: 2.35e-04
2026-04-28 05:51:03,436 INFO Epoch 17 | Batch 100 | Loss: 0.7379 | LR: 2.34e-04
2026-04-28 05:52:27,277 INFO Epoch 17 | Batch 150 | Loss: 0.8189 | LR: 2.34e-04
2026-04-28 05:53:46,857 INFO Epoch 17 | Batch 200 | Loss: 0.7335 | LR: 2.34e-04
2026-04-28 05:55:10,044 INFO Epoch 17 | Batch 250 | Loss: 0.5669 | LR: 2.33e-04
2026-04-28 05:56:32,229 INFO Epoch 17 | Batch 300 | Loss: 0.7510 | LR: 2.33e-04
2026-04-28 05:57:56,387 INFO Epoch 17 | Batch 350 | Loss: 0.5348 | LR: 2.33e-04
2026-04-28 05:59:19,997 INFO Epoch 17 | Batch 400 | Loss: 0.6957 | LR: 2.32e-04
2026-04-28 06:00:46,170 INFO Epoch 17 | Batch 450 | Loss: 0.8436 | LR: 2.32e-04
2026-04-28 06:02:07,262 INFO Epoch 17 | Batch 500 | Loss: 0.7822 | LR: 2.32e-04
2026-04-28 06:03:28,004 INFO Epoch 17 | Batch 550 | Loss: 0.6998 | LR: 2.31e-04
2026-04-28 06:04:49,136 INFO Epoch 17 | Batch 600 | Loss: 0.6082 | LR: 2.31e-04
2026-04-28 06:06:12,437 INFO Epoch 17 | Batch 650 | Loss: 0.7744 | LR: 2.31e-04
2026-04-28 06:07:34,274 INFO Epoch 17 | Batch 700 | Loss: 0.5803 | LR: 2.30e-04
2026-04-28 06:08:57,782 INFO Epoch 17 | Batch 750 | Loss: 0.7045 | LR: 2.30e-04
2026-04-28 06:10:22,785 INFO Epoch 17 | Batch 800 | Loss: 0.5966 | LR: 2.30e-04
2026-04-28 06:11:42,900 INFO Epoch 17 | Batch 850 | Loss: 0.8459 | LR: 2.29e-04
2026-04-28 06:13:07,942 INFO Epoch 17 | Batch 900 | Loss: 0.5482 | LR: 2.29e-04
2026-04-28 06:14:27,398 INFO Epoch 17 | Batch 950 | Loss: 0.7298 | LR: 2.29e-04
2026-04-28 06:15:48,746 INFO Epoch 17 | Batch 1000 | Loss: 0.7650 | LR: 2.29e-04
2026-04-28 06:17:11,940 INFO Epoch 17 | Batch 1050 | Loss: 0.6122 | LR: 2.28e-04
2026-04-28 06:18:35,381 INFO Epoch 17 | Batch 1100 | Loss: 0.6573 | LR: 2.28e-04
2026-04-28 06:19:58,158 INFO Epoch 17 | Batch 1150 | Loss: 0.8545 | LR: 2.28e-04
2026-04-28 06:21:18,460 INFO Epoch 17 | Batch 1200 | Loss: 0.8038 | LR: 2.27e-04
2026-04-28 06:22:38,112 INFO Epoch 17 | Train: 0.7443 | Dev CER: 0.1366 | Dev WER: 0.4008 | Time: 2061s | Peak: 30.8 GB
2026-04-28 06:22:38,112 INFO   New best CER: 0.1366
2026-04-28 06:22:42,538 INFO Epoch 18 | Batch 0 | Loss: 0.9817 | LR: 2.27e-04
2026-04-28 06:24:04,683 INFO Epoch 18 | Batch 50 | Loss: 0.6169 | LR: 2.27e-04
2026-04-28 06:25:24,573 INFO Epoch 18 | Batch 100 | Loss: 0.6469 | LR: 2.26e-04
2026-04-28 06:26:49,636 INFO Epoch 18 | Batch 150 | Loss: 0.8336 | LR: 2.26e-04
2026-04-28 06:28:11,147 INFO Epoch 18 | Batch 200 | Loss: 0.9010 | LR: 2.26e-04
2026-04-28 06:29:34,166 INFO Epoch 18 | Batch 250 | Loss: 0.5717 | LR: 2.25e-04
2026-04-28 06:30:54,544 INFO Epoch 18 | Batch 300 | Loss: 0.6709 | LR: 2.25e-04
2026-04-28 06:32:18,376 INFO Epoch 18 | Batch 350 | Loss: 0.4920 | LR: 2.25e-04
2026-04-28 06:33:40,451 INFO Epoch 18 | Batch 400 | Loss: 0.7107 | LR: 2.24e-04
2026-04-28 06:35:04,988 INFO Epoch 18 | Batch 450 | Loss: 0.6064 | LR: 2.24e-04
2026-04-28 06:36:28,040 INFO Epoch 18 | Batch 500 | Loss: 0.6184 | LR: 2.24e-04
2026-04-28 06:37:50,449 INFO Epoch 18 | Batch 550 | Loss: 0.5270 | LR: 2.23e-04
2026-04-28 06:39:14,095 INFO Epoch 18 | Batch 600 | Loss: 0.4425 | LR: 2.23e-04
2026-04-28 06:40:35,772 INFO Epoch 18 | Batch 650 | Loss: 1.0865 | LR: 2.23e-04
2026-04-28 06:42:00,476 INFO Epoch 18 | Batch 700 | Loss: 0.5890 | LR: 2.22e-04
2026-04-28 06:43:25,193 INFO Epoch 18 | Batch 750 | Loss: 0.7138 | LR: 2.22e-04
2026-04-28 06:44:43,302 INFO Epoch 18 | Batch 800 | Loss: 0.9259 | LR: 2.22e-04
2026-04-28 06:46:05,563 INFO Epoch 18 | Batch 850 | Loss: 0.8363 | LR: 2.21e-04
2026-04-28 06:47:27,752 INFO Epoch 18 | Batch 900 | Loss: 0.6045 | LR: 2.21e-04
2026-04-28 06:48:51,080 INFO Epoch 18 | Batch 950 | Loss: 0.7620 | LR: 2.21e-04
2026-04-28 06:50:10,059 INFO Epoch 18 | Batch 1000 | Loss: 0.7670 | LR: 2.20e-04
2026-04-28 06:51:37,432 INFO Epoch 18 | Batch 1050 | Loss: 0.7628 | LR: 2.20e-04
2026-04-28 06:53:00,860 INFO Epoch 18 | Batch 1100 | Loss: 0.8806 | LR: 2.20e-04
2026-04-28 06:54:18,348 INFO Epoch 18 | Batch 1150 | Loss: 1.1517 | LR: 2.19e-04
2026-04-28 06:55:42,321 INFO Epoch 18 | Batch 1200 | Loss: 0.6595 | LR: 2.19e-04
2026-04-28 06:56:58,868 INFO Epoch 18 | Train: 0.7241 | Dev CER: 0.1344 | Dev WER: 0.3906 | Time: 2060s | Peak: 30.8 GB
2026-04-28 06:56:58,868 INFO   New best CER: 0.1344
2026-04-28 06:57:02,281 INFO Epoch 19 | Batch 0 | Loss: 0.8198 | LR: 2.19e-04
2026-04-28 06:58:23,821 INFO Epoch 19 | Batch 50 | Loss: 0.5062 | LR: 2.18e-04
2026-04-28 06:59:49,543 INFO Epoch 19 | Batch 100 | Loss: 0.6837 | LR: 2.18e-04
2026-04-28 07:01:12,148 INFO Epoch 19 | Batch 150 | Loss: 0.4012 | LR: 2.18e-04
2026-04-28 07:02:34,489 INFO Epoch 19 | Batch 200 | Loss: 0.6051 | LR: 2.17e-04
2026-04-28 07:03:53,590 INFO Epoch 19 | Batch 250 | Loss: 0.6549 | LR: 2.17e-04
2026-04-28 07:05:15,666 INFO Epoch 19 | Batch 300 | Loss: 0.7248 | LR: 2.17e-04
2026-04-28 07:06:38,559 INFO Epoch 19 | Batch 350 | Loss: 0.9707 | LR: 2.16e-04
2026-04-28 07:07:59,739 INFO Epoch 19 | Batch 400 | Loss: 0.7776 | LR: 2.16e-04
2026-04-28 07:09:25,982 INFO Epoch 19 | Batch 450 | Loss: 0.8782 | LR: 2.15e-04
2026-04-28 07:10:49,480 INFO Epoch 19 | Batch 500 | Loss: 1.0495 | LR: 2.15e-04
2026-04-28 07:12:12,513 INFO Epoch 19 | Batch 550 | Loss: 0.7206 | LR: 2.15e-04
2026-04-28 07:13:35,850 INFO Epoch 19 | Batch 600 | Loss: 0.6317 | LR: 2.14e-04
2026-04-28 07:14:58,481 INFO Epoch 19 | Batch 650 | Loss: 1.0204 | LR: 2.14e-04
2026-04-28 07:16:22,037 INFO Epoch 19 | Batch 700 | Loss: 0.6458 | LR: 2.14e-04
2026-04-28 07:17:44,095 INFO Epoch 19 | Batch 750 | Loss: 0.9485 | LR: 2.13e-04
2026-04-28 07:19:07,397 INFO Epoch 19 | Batch 800 | Loss: 0.5612 | LR: 2.13e-04
2026-04-28 07:20:31,488 INFO Epoch 19 | Batch 850 | Loss: 0.7702 | LR: 2.13e-04
2026-04-28 07:21:50,116 INFO Epoch 19 | Batch 900 | Loss: 0.6926 | LR: 2.12e-04
2026-04-28 07:23:11,994 INFO Epoch 19 | Batch 950 | Loss: 0.6941 | LR: 2.12e-04
2026-04-28 07:24:34,061 INFO Epoch 19 | Batch 1000 | Loss: 0.5990 | LR: 2.12e-04
2026-04-28 07:25:58,090 INFO Epoch 19 | Batch 1050 | Loss: 0.5997 | LR: 2.11e-04
2026-04-28 07:27:18,739 INFO Epoch 19 | Batch 1100 | Loss: 0.6350 | LR: 2.11e-04
2026-04-28 07:28:38,923 INFO Epoch 19 | Batch 1150 | Loss: 0.9102 | LR: 2.11e-04
2026-04-28 07:30:02,303 INFO Epoch 19 | Batch 1200 | Loss: 0.5570 | LR: 2.10e-04
2026-04-28 07:31:20,838 INFO Epoch 19 | Train: 0.7161 | Dev CER: 0.1335 | Dev WER: 0.3868 | Time: 2061s | Peak: 30.8 GB
2026-04-28 07:31:20,838 INFO   New best CER: 0.1335
2026-04-28 07:31:25,918 INFO Epoch 20 | Batch 0 | Loss: 0.5055 | LR: 2.10e-04
2026-04-28 07:32:49,465 INFO Epoch 20 | Batch 50 | Loss: 0.6542 | LR: 2.10e-04
2026-04-28 07:34:04,367 INFO Epoch 20 | Batch 100 | Loss: 0.4051 | LR: 2.09e-04
2026-04-28 07:35:28,156 INFO Epoch 20 | Batch 150 | Loss: 0.7675 | LR: 2.09e-04
2026-04-28 07:36:49,409 INFO Epoch 20 | Batch 200 | Loss: 0.6999 | LR: 2.09e-04
2026-04-28 07:38:10,499 INFO Epoch 20 | Batch 250 | Loss: 0.7933 | LR: 2.08e-04
2026-04-28 07:39:33,383 INFO Epoch 20 | Batch 300 | Loss: 0.4728 | LR: 2.08e-04
2026-04-28 07:40:54,635 INFO Epoch 20 | Batch 350 | Loss: 0.7871 | LR: 2.07e-04
2026-04-28 07:42:20,021 INFO Epoch 20 | Batch 400 | Loss: 0.7426 | LR: 2.07e-04
2026-04-28 07:43:46,343 INFO Epoch 20 | Batch 450 | Loss: 0.6838 | LR: 2.07e-04
2026-04-28 07:45:12,651 INFO Epoch 20 | Batch 500 | Loss: 0.6556 | LR: 2.06e-04
2026-04-28 07:46:34,007 INFO Epoch 20 | Batch 550 | Loss: 0.5640 | LR: 2.06e-04
2026-04-28 07:47:55,195 INFO Epoch 20 | Batch 600 | Loss: 1.1406 | LR: 2.06e-04
2026-04-28 07:49:17,920 INFO Epoch 20 | Batch 650 | Loss: 0.5870 | LR: 2.05e-04
2026-04-28 07:50:41,250 INFO Epoch 20 | Batch 700 | Loss: 1.0263 | LR: 2.05e-04
2026-04-28 07:52:03,785 INFO Epoch 20 | Batch 750 | Loss: 0.5765 | LR: 2.05e-04
2026-04-28 07:53:26,101 INFO Epoch 20 | Batch 800 | Loss: 0.8696 | LR: 2.04e-04
2026-04-28 07:54:48,554 INFO Epoch 20 | Batch 850 | Loss: 0.6524 | LR: 2.04e-04
2026-04-28 07:56:10,151 INFO Epoch 20 | Batch 900 | Loss: 0.5199 | LR: 2.04e-04
2026-04-28 07:57:29,710 INFO Epoch 20 | Batch 950 | Loss: 0.6390 | LR: 2.03e-04
2026-04-28 07:58:49,612 INFO Epoch 20 | Batch 1000 | Loss: 0.9120 | LR: 2.03e-04
2026-04-28 08:00:13,379 INFO Epoch 20 | Batch 1050 | Loss: 0.6552 | LR: 2.02e-04
2026-04-28 08:01:38,548 INFO Epoch 20 | Batch 1100 | Loss: 0.9525 | LR: 2.02e-04
2026-04-28 08:03:03,275 INFO Epoch 20 | Batch 1150 | Loss: 0.9594 | LR: 2.02e-04
2026-04-28 08:04:24,290 INFO Epoch 20 | Batch 1200 | Loss: 0.4453 | LR: 2.01e-04
2026-04-28 08:05:43,684 INFO Epoch 20 | Train: 0.7080 | Dev CER: 0.1284 | Dev WER: 0.3770 | Time: 2062s | Peak: 30.8 GB
2026-04-28 08:05:43,684 INFO   New best CER: 0.1284
2026-04-28 08:05:47,977 INFO Epoch 21 | Batch 0 | Loss: 0.6963 | LR: 2.01e-04
2026-04-28 08:07:12,444 INFO Epoch 21 | Batch 50 | Loss: 0.7585 | LR: 2.01e-04
2026-04-28 08:08:33,028 INFO Epoch 21 | Batch 100 | Loss: 0.7787 | LR: 2.00e-04
2026-04-28 08:09:57,784 INFO Epoch 21 | Batch 150 | Loss: 0.6132 | LR: 2.00e-04
2026-04-28 08:11:18,139 INFO Epoch 21 | Batch 200 | Loss: 0.5179 | LR: 2.00e-04
2026-04-28 08:12:36,977 INFO Epoch 21 | Batch 250 | Loss: 0.6246 | LR: 1.99e-04
2026-04-28 08:13:59,111 INFO Epoch 21 | Batch 300 | Loss: 0.6323 | LR: 1.99e-04
2026-04-28 08:15:19,219 INFO Epoch 21 | Batch 350 | Loss: 0.5458 | LR: 1.99e-04
2026-04-28 08:16:45,053 INFO Epoch 21 | Batch 400 | Loss: 0.6327 | LR: 1.98e-04
2026-04-28 08:18:11,389 INFO Epoch 21 | Batch 450 | Loss: 0.5007 | LR: 1.98e-04
2026-04-28 08:19:33,095 INFO Epoch 21 | Batch 500 | Loss: 0.7784 | LR: 1.97e-04
2026-04-28 08:20:55,642 INFO Epoch 21 | Batch 550 | Loss: 0.5937 | LR: 1.97e-04
2026-04-28 08:22:17,478 INFO Epoch 21 | Batch 600 | Loss: 0.5312 | LR: 1.97e-04
2026-04-28 08:23:40,563 INFO Epoch 21 | Batch 650 | Loss: 0.8180 | LR: 1.96e-04
2026-04-28 08:25:00,945 INFO Epoch 21 | Batch 700 | Loss: 0.9809 | LR: 1.96e-04
2026-04-28 08:26:22,765 INFO Epoch 21 | Batch 750 | Loss: 0.5769 | LR: 1.96e-04
2026-04-28 08:27:44,262 INFO Epoch 21 | Batch 800 | Loss: 0.9250 | LR: 1.95e-04
2026-04-28 08:29:07,159 INFO Epoch 21 | Batch 850 | Loss: 0.5248 | LR: 1.95e-04
2026-04-28 08:30:28,231 INFO Epoch 21 | Batch 900 | Loss: 0.9973 | LR: 1.94e-04
2026-04-28 08:31:51,129 INFO Epoch 21 | Batch 950 | Loss: 0.5878 | LR: 1.94e-04
2026-04-28 08:33:14,861 INFO Epoch 21 | Batch 1000 | Loss: 0.4415 | LR: 1.94e-04
2026-04-28 08:34:36,933 INFO Epoch 21 | Batch 1050 | Loss: 0.6239 | LR: 1.93e-04
2026-04-28 08:35:59,787 INFO Epoch 21 | Batch 1100 | Loss: 0.6568 | LR: 1.93e-04
2026-04-28 08:37:24,738 INFO Epoch 21 | Batch 1150 | Loss: 0.6412 | LR: 1.93e-04
2026-04-28 08:38:46,508 INFO Epoch 21 | Batch 1200 | Loss: 1.0645 | LR: 1.92e-04
2026-04-28 08:40:05,272 INFO Epoch 21 | Train: 0.6889 | Dev CER: 0.1245 | Dev WER: 0.3663 | Time: 2061s | Peak: 30.8 GB
2026-04-28 08:40:05,272 INFO   New best CER: 0.1245
2026-04-28 08:40:09,551 INFO Epoch 22 | Batch 0 | Loss: 0.9247 | LR: 1.92e-04
2026-04-28 08:41:31,519 INFO Epoch 22 | Batch 50 | Loss: 0.4937 | LR: 1.92e-04
2026-04-28 08:42:54,635 INFO Epoch 22 | Batch 100 | Loss: 0.4959 | LR: 1.91e-04
2026-04-28 08:44:19,853 INFO Epoch 22 | Batch 150 | Loss: 0.9805 | LR: 1.91e-04
2026-04-28 08:45:42,423 INFO Epoch 22 | Batch 200 | Loss: 0.7909 | LR: 1.91e-04
2026-04-28 08:47:03,890 INFO Epoch 22 | Batch 250 | Loss: 0.4904 | LR: 1.90e-04
2026-04-28 08:48:23,207 INFO Epoch 22 | Batch 300 | Loss: 0.6747 | LR: 1.90e-04
2026-04-28 08:49:48,012 INFO Epoch 22 | Batch 350 | Loss: 0.8293 | LR: 1.89e-04
2026-04-28 08:51:12,149 INFO Epoch 22 | Batch 400 | Loss: 0.5602 | LR: 1.89e-04
2026-04-28 08:52:35,186 INFO Epoch 22 | Batch 450 | Loss: 0.5075 | LR: 1.89e-04
2026-04-28 08:53:55,315 INFO Epoch 22 | Batch 500 | Loss: 0.4704 | LR: 1.88e-04
2026-04-28 08:55:16,596 INFO Epoch 22 | Batch 550 | Loss: 0.6647 | LR: 1.88e-04
2026-04-28 08:56:37,401 INFO Epoch 22 | Batch 600 | Loss: 0.6706 | LR: 1.88e-04
2026-04-28 08:58:02,462 INFO Epoch 22 | Batch 650 | Loss: 0.6768 | LR: 1.87e-04
2026-04-28 08:59:21,985 INFO Epoch 22 | Batch 700 | Loss: 0.4819 | LR: 1.87e-04
2026-04-28 09:00:43,008 INFO Epoch 22 | Batch 750 | Loss: 0.7225 | LR: 1.86e-04
2026-04-28 09:02:08,530 INFO Epoch 22 | Batch 800 | Loss: 0.6676 | LR: 1.86e-04
2026-04-28 09:03:31,783 INFO Epoch 22 | Batch 850 | Loss: 0.6727 | LR: 1.86e-04
2026-04-28 09:04:55,737 INFO Epoch 22 | Batch 900 | Loss: 0.8086 | LR: 1.85e-04
2026-04-28 09:06:12,772 INFO Epoch 22 | Batch 950 | Loss: 0.8216 | LR: 1.85e-04
2026-04-28 09:07:36,128 INFO Epoch 22 | Batch 1000 | Loss: 0.5183 | LR: 1.85e-04
2026-04-28 09:09:00,861 INFO Epoch 22 | Batch 1050 | Loss: 0.6004 | LR: 1.84e-04
2026-04-28 09:10:25,095 INFO Epoch 22 | Batch 1100 | Loss: 0.7149 | LR: 1.84e-04
2026-04-28 09:11:49,360 INFO Epoch 22 | Batch 1150 | Loss: 0.6332 | LR: 1.83e-04
2026-04-28 09:13:11,233 INFO Epoch 22 | Batch 1200 | Loss: 0.8594 | LR: 1.83e-04
2026-04-28 09:14:28,279 INFO Epoch 22 | Train: 0.6793 | Dev CER: 0.1217 | Dev WER: 0.3546 | Time: 2062s | Peak: 30.8 GB
2026-04-28 09:14:28,279 INFO   New best CER: 0.1217
2026-04-28 09:14:33,144 INFO Epoch 23 | Batch 0 | Loss: 0.7084 | LR: 1.83e-04
2026-04-28 09:15:57,300 INFO Epoch 23 | Batch 50 | Loss: 0.7142 | LR: 1.82e-04
2026-04-28 09:17:20,911 INFO Epoch 23 | Batch 100 | Loss: 0.5140 | LR: 1.82e-04
2026-04-28 09:18:41,795 INFO Epoch 23 | Batch 150 | Loss: 0.7387 | LR: 1.82e-04
2026-04-28 09:20:06,435 INFO Epoch 23 | Batch 200 | Loss: 0.4463 | LR: 1.81e-04
2026-04-28 09:21:22,823 INFO Epoch 23 | Batch 250 | Loss: 0.7851 | LR: 1.81e-04
2026-04-28 09:22:48,232 INFO Epoch 23 | Batch 300 | Loss: 0.5632 | LR: 1.80e-04
2026-04-28 09:24:09,776 INFO Epoch 23 | Batch 350 | Loss: 0.7134 | LR: 1.80e-04
2026-04-28 09:25:32,635 INFO Epoch 23 | Batch 400 | Loss: 0.8374 | LR: 1.80e-04
2026-04-28 09:26:56,623 INFO Epoch 23 | Batch 450 | Loss: 0.5014 | LR: 1.79e-04
2026-04-28 09:28:15,744 INFO Epoch 23 | Batch 500 | Loss: 0.7896 | LR: 1.79e-04
2026-04-28 09:29:39,303 INFO Epoch 23 | Batch 550 | Loss: 0.7127 | LR: 1.79e-04
2026-04-28 09:31:04,410 INFO Epoch 23 | Batch 600 | Loss: 0.5287 | LR: 1.78e-04
2026-04-28 09:32:28,260 INFO Epoch 23 | Batch 650 | Loss: 0.9904 | LR: 1.78e-04
2026-04-28 09:33:48,861 INFO Epoch 23 | Batch 700 | Loss: 0.8520 | LR: 1.77e-04
2026-04-28 09:35:11,588 INFO Epoch 23 | Batch 750 | Loss: 1.0756 | LR: 1.77e-04
2026-04-28 09:36:36,026 INFO Epoch 23 | Batch 800 | Loss: 0.5291 | LR: 1.77e-04
2026-04-28 09:38:00,214 INFO Epoch 23 | Batch 850 | Loss: 0.6300 | LR: 1.76e-04
2026-04-28 09:39:23,204 INFO Epoch 23 | Batch 900 | Loss: 0.4818 | LR: 1.76e-04
2026-04-28 09:40:45,900 INFO Epoch 23 | Batch 950 | Loss: 0.7989 | LR: 1.76e-04
2026-04-28 09:42:10,048 INFO Epoch 23 | Batch 1000 | Loss: 0.7388 | LR: 1.75e-04
2026-04-28 09:43:29,711 INFO Epoch 23 | Batch 1050 | Loss: 0.5481 | LR: 1.75e-04
2026-04-28 09:44:50,702 INFO Epoch 23 | Batch 1100 | Loss: 0.5919 | LR: 1.74e-04
2026-04-28 09:46:12,882 INFO Epoch 23 | Batch 1150 | Loss: 0.5469 | LR: 1.74e-04
2026-04-28 09:47:35,556 INFO Epoch 23 | Batch 1200 | Loss: 0.5969 | LR: 1.74e-04
2026-04-28 09:48:52,043 INFO Epoch 23 | Train: 0.6604 | Dev CER: 0.1208 | Dev WER: 0.3513 | Time: 2063s | Peak: 30.8 GB
2026-04-28 09:48:52,043 INFO   New best CER: 0.1208
2026-04-28 09:48:56,905 INFO Epoch 24 | Batch 0 | Loss: 0.4990 | LR: 1.73e-04
2026-04-28 09:50:18,566 INFO Epoch 24 | Batch 50 | Loss: 0.6273 | LR: 1.73e-04
2026-04-28 09:51:43,747 INFO Epoch 24 | Batch 100 | Loss: 0.6438 | LR: 1.73e-04
2026-04-28 09:53:05,732 INFO Epoch 24 | Batch 150 | Loss: 0.6938 | LR: 1.72e-04
2026-04-28 09:54:30,738 INFO Epoch 24 | Batch 200 | Loss: 0.5716 | LR: 1.72e-04
2026-04-28 09:55:52,889 INFO Epoch 24 | Batch 250 | Loss: 0.4671 | LR: 1.71e-04
2026-04-28 09:57:17,277 INFO Epoch 24 | Batch 300 | Loss: 0.5151 | LR: 1.71e-04
2026-04-28 09:58:41,308 INFO Epoch 24 | Batch 350 | Loss: 0.5076 | LR: 1.71e-04
2026-04-28 10:00:02,446 INFO Epoch 24 | Batch 400 | Loss: 0.4014 | LR: 1.70e-04
2026-04-28 10:01:23,575 INFO Epoch 24 | Batch 450 | Loss: 0.6414 | LR: 1.70e-04
2026-04-28 10:02:43,071 INFO Epoch 24 | Batch 500 | Loss: 0.7396 | LR: 1.70e-04
2026-04-28 10:04:04,327 INFO Epoch 24 | Batch 550 | Loss: 0.5727 | LR: 1.69e-04
2026-04-28 10:05:24,917 INFO Epoch 24 | Batch 600 | Loss: 0.8277 | LR: 1.69e-04
2026-04-28 10:06:49,427 INFO Epoch 24 | Batch 650 | Loss: 0.6446 | LR: 1.68e-04
2026-04-28 10:08:12,601 INFO Epoch 24 | Batch 700 | Loss: 0.7189 | LR: 1.68e-04
2026-04-28 10:09:33,849 INFO Epoch 24 | Batch 750 | Loss: 0.9757 | LR: 1.68e-04
2026-04-28 10:10:55,666 INFO Epoch 24 | Batch 800 | Loss: 0.7210 | LR: 1.67e-04
2026-04-28 10:12:20,251 INFO Epoch 24 | Batch 850 | Loss: 0.5836 | LR: 1.67e-04
2026-04-28 10:13:42,957 INFO Epoch 24 | Batch 900 | Loss: 0.6787 | LR: 1.66e-04
2026-04-28 10:15:01,412 INFO Epoch 24 | Batch 950 | Loss: 1.1042 | LR: 1.66e-04
2026-04-28 10:16:22,855 INFO Epoch 24 | Batch 1000 | Loss: 0.8314 | LR: 1.66e-04
2026-04-28 10:17:42,414 INFO Epoch 24 | Batch 1050 | Loss: 0.4882 | LR: 1.65e-04
2026-04-28 10:19:07,701 INFO Epoch 24 | Batch 1100 | Loss: 0.4297 | LR: 1.65e-04
2026-04-28 10:20:32,772 INFO Epoch 24 | Batch 1150 | Loss: 0.7434 | LR: 1.65e-04
2026-04-28 10:21:54,372 INFO Epoch 24 | Batch 1200 | Loss: 0.6410 | LR: 1.64e-04
2026-04-28 10:23:16,203 INFO Epoch 24 | Train: 0.6493 | Dev CER: 0.1187 | Dev WER: 0.3480 | Time: 2064s | Peak: 30.8 GB
2026-04-28 10:23:16,204 INFO   New best CER: 0.1187
2026-04-28 10:23:20,816 INFO Epoch 25 | Batch 0 | Loss: 0.4538 | LR: 1.64e-04
2026-04-28 10:24:43,060 INFO Epoch 25 | Batch 50 | Loss: 0.8992 | LR: 1.63e-04
2026-04-28 10:26:02,236 INFO Epoch 25 | Batch 100 | Loss: 0.5582 | LR: 1.63e-04
2026-04-28 10:27:22,636 INFO Epoch 25 | Batch 150 | Loss: 0.6267 | LR: 1.63e-04
2026-04-28 10:28:44,549 INFO Epoch 25 | Batch 200 | Loss: 0.5812 | LR: 1.62e-04
2026-04-28 10:30:06,112 INFO Epoch 25 | Batch 250 | Loss: 1.0344 | LR: 1.62e-04
2026-04-28 10:31:29,317 INFO Epoch 25 | Batch 300 | Loss: 0.5333 | LR: 1.62e-04
2026-04-28 10:32:52,485 INFO Epoch 25 | Batch 350 | Loss: 0.6526 | LR: 1.61e-04
2026-04-28 10:34:14,160 INFO Epoch 25 | Batch 400 | Loss: 0.5118 | LR: 1.61e-04
2026-04-28 10:35:38,640 INFO Epoch 25 | Batch 450 | Loss: 0.6063 | LR: 1.60e-04
2026-04-28 10:37:03,697 INFO Epoch 25 | Batch 500 | Loss: 0.7022 | LR: 1.60e-04
2026-04-28 10:38:28,318 INFO Epoch 25 | Batch 550 | Loss: 0.7617 | LR: 1.60e-04
2026-04-28 10:39:49,327 INFO Epoch 25 | Batch 600 | Loss: 0.7310 | LR: 1.59e-04
2026-04-28 10:41:12,382 INFO Epoch 25 | Batch 650 | Loss: 0.5067 | LR: 1.59e-04
2026-04-28 10:42:34,737 INFO Epoch 25 | Batch 700 | Loss: 0.6372 | LR: 1.58e-04
2026-04-28 10:43:56,111 INFO Epoch 25 | Batch 750 | Loss: 0.6258 | LR: 1.58e-04
2026-04-28 10:45:20,467 INFO Epoch 25 | Batch 800 | Loss: 0.6502 | LR: 1.58e-04
2026-04-28 10:46:44,682 INFO Epoch 25 | Batch 850 | Loss: 0.6288 | LR: 1.57e-04
2026-04-28 10:48:06,745 INFO Epoch 25 | Batch 900 | Loss: 0.6856 | LR: 1.57e-04
2026-04-28 10:49:24,962 INFO Epoch 25 | Batch 950 | Loss: 0.8270 | LR: 1.57e-04
2026-04-28 10:50:45,976 INFO Epoch 25 | Batch 1000 | Loss: 0.4921 | LR: 1.56e-04
2026-04-28 10:52:11,215 INFO Epoch 25 | Batch 1050 | Loss: 0.5462 | LR: 1.56e-04
2026-04-28 10:53:35,788 INFO Epoch 25 | Batch 1100 | Loss: 0.8477 | LR: 1.55e-04
2026-04-28 10:54:59,064 INFO Epoch 25 | Batch 1150 | Loss: 0.3163 | LR: 1.55e-04
2026-04-28 10:56:21,278 INFO Epoch 25 | Batch 1200 | Loss: 0.6175 | LR: 1.55e-04
2026-04-28 10:57:40,426 INFO Epoch 25 | Train: 0.6387 | Dev CER: 0.1161 | Dev WER: 0.3444 | Time: 2064s | Peak: 30.8 GB
2026-04-28 10:57:40,426 INFO   New best CER: 0.1161
2026-04-28 10:57:45,061 INFO Epoch 26 | Batch 0 | Loss: 0.5245 | LR: 1.54e-04
2026-04-28 10:59:09,388 INFO Epoch 26 | Batch 50 | Loss: 0.7514 | LR: 1.54e-04
2026-04-28 11:00:31,303 INFO Epoch 26 | Batch 100 | Loss: 0.4869 | LR: 1.54e-04
2026-04-28 11:01:53,754 INFO Epoch 26 | Batch 150 | Loss: 0.5534 | LR: 1.53e-04
2026-04-28 11:03:17,669 INFO Epoch 26 | Batch 200 | Loss: 0.4514 | LR: 1.53e-04
2026-04-28 11:04:39,866 INFO Epoch 26 | Batch 250 | Loss: 0.6315 | LR: 1.52e-04
2026-04-28 11:06:03,746 INFO Epoch 26 | Batch 300 | Loss: 0.5164 | LR: 1.52e-04
2026-04-28 11:07:25,878 INFO Epoch 26 | Batch 350 | Loss: 0.7178 | LR: 1.52e-04
2026-04-28 11:08:49,295 INFO Epoch 26 | Batch 400 | Loss: 0.6821 | LR: 1.51e-04
2026-04-28 11:10:15,463 INFO Epoch 26 | Batch 450 | Loss: 0.9060 | LR: 1.51e-04
2026-04-28 11:11:41,174 INFO Epoch 26 | Batch 500 | Loss: 0.3619 | LR: 1.50e-04
2026-04-28 11:13:04,367 INFO Epoch 26 | Batch 550 | Loss: 0.6617 | LR: 1.50e-04
2026-04-28 11:14:29,204 INFO Epoch 26 | Batch 600 | Loss: 0.5268 | LR: 1.50e-04
2026-04-28 11:15:51,045 INFO Epoch 26 | Batch 650 | Loss: 0.7424 | LR: 1.49e-04
2026-04-28 11:17:12,331 INFO Epoch 26 | Batch 700 | Loss: 0.7321 | LR: 1.49e-04
2026-04-28 11:18:37,139 INFO Epoch 26 | Batch 750 | Loss: 0.6913 | LR: 1.49e-04
2026-04-28 11:19:59,696 INFO Epoch 26 | Batch 800 | Loss: 0.5616 | LR: 1.48e-04
2026-04-28 11:21:23,382 INFO Epoch 26 | Batch 850 | Loss: 0.5542 | LR: 1.48e-04
2026-04-28 11:22:41,730 INFO Epoch 26 | Batch 900 | Loss: 0.4333 | LR: 1.47e-04
2026-04-28 11:24:00,971 INFO Epoch 26 | Batch 950 | Loss: 0.7002 | LR: 1.47e-04
2026-04-28 11:25:22,400 INFO Epoch 26 | Batch 1000 | Loss: 0.3881 | LR: 1.47e-04
2026-04-28 11:26:45,687 INFO Epoch 26 | Batch 1050 | Loss: 0.4612 | LR: 1.46e-04
2026-04-28 11:28:05,548 INFO Epoch 26 | Batch 1100 | Loss: 0.6368 | LR: 1.46e-04
2026-04-28 11:29:26,359 INFO Epoch 26 | Batch 1150 | Loss: 0.5229 | LR: 1.45e-04
2026-04-28 11:30:46,174 INFO Epoch 26 | Batch 1200 | Loss: 0.4461 | LR: 1.45e-04
2026-04-28 11:32:04,910 INFO Epoch 26 | Train: 0.6357 | Dev CER: 0.1150 | Dev WER: 0.3402 | Time: 2064s | Peak: 30.8 GB
2026-04-28 11:32:04,910 INFO   New best CER: 0.1150
2026-04-28 11:32:09,615 INFO Epoch 27 | Batch 0 | Loss: 0.5474 | LR: 1.45e-04
2026-04-28 11:33:34,114 INFO Epoch 27 | Batch 50 | Loss: 0.5844 | LR: 1.44e-04
2026-04-28 11:34:55,216 INFO Epoch 27 | Batch 100 | Loss: 0.4245 | LR: 1.44e-04
2026-04-28 11:36:18,012 INFO Epoch 27 | Batch 150 | Loss: 0.8318 | LR: 1.44e-04
2026-04-28 11:37:40,177 INFO Epoch 27 | Batch 200 | Loss: 0.5216 | LR: 1.43e-04
2026-04-28 11:39:04,767 INFO Epoch 27 | Batch 250 | Loss: 0.5688 | LR: 1.43e-04
2026-04-28 11:40:24,076 INFO Epoch 27 | Batch 300 | Loss: 0.5488 | LR: 1.42e-04
2026-04-28 11:41:45,882 INFO Epoch 27 | Batch 350 | Loss: 0.8181 | LR: 1.42e-04
2026-04-28 11:43:07,809 INFO Epoch 27 | Batch 400 | Loss: 0.5802 | LR: 1.42e-04
2026-04-28 11:44:33,787 INFO Epoch 27 | Batch 450 | Loss: 0.8140 | LR: 1.41e-04
2026-04-28 11:45:58,801 INFO Epoch 27 | Batch 500 | Loss: 0.4636 | LR: 1.41e-04
2026-04-28 11:47:24,639 INFO Epoch 27 | Batch 550 | Loss: 0.7978 | LR: 1.41e-04
2026-04-28 11:48:47,305 INFO Epoch 27 | Batch 600 | Loss: 0.6586 | LR: 1.40e-04
2026-04-28 11:50:07,987 INFO Epoch 27 | Batch 650 | Loss: 0.5292 | LR: 1.40e-04
2026-04-28 11:51:27,110 INFO Epoch 27 | Batch 700 | Loss: 0.6665 | LR: 1.39e-04
2026-04-28 11:52:49,082 INFO Epoch 27 | Batch 750 | Loss: 0.6472 | LR: 1.39e-04
2026-04-28 11:54:09,740 INFO Epoch 27 | Batch 800 | Loss: 0.5407 | LR: 1.39e-04
2026-04-28 11:55:31,630 INFO Epoch 27 | Batch 850 | Loss: 0.7187 | LR: 1.38e-04
2026-04-28 11:56:52,879 INFO Epoch 27 | Batch 900 | Loss: 0.6367 | LR: 1.38e-04
2026-04-28 11:58:16,028 INFO Epoch 27 | Batch 950 | Loss: 0.8546 | LR: 1.37e-04
2026-04-28 11:59:37,546 INFO Epoch 27 | Batch 1000 | Loss: 0.5282 | LR: 1.37e-04
2026-04-28 12:01:00,916 INFO Epoch 27 | Batch 1050 | Loss: 0.4585 | LR: 1.37e-04
2026-04-28 12:02:22,173 INFO Epoch 27 | Batch 1100 | Loss: 0.3589 | LR: 1.36e-04
2026-04-28 12:03:44,759 INFO Epoch 27 | Batch 1150 | Loss: 0.5178 | LR: 1.36e-04
2026-04-28 12:05:08,681 INFO Epoch 27 | Batch 1200 | Loss: 0.6329 | LR: 1.36e-04
2026-04-28 12:06:28,689 INFO Epoch 27 | Train: 0.6258 | Dev CER: 0.1121 | Dev WER: 0.3331 | Time: 2063s | Peak: 30.8 GB
2026-04-28 12:06:28,690 INFO   New best CER: 0.1121
2026-04-28 12:06:33,341 INFO Epoch 28 | Batch 0 | Loss: 0.4992 | LR: 1.35e-04
2026-04-28 12:07:53,785 INFO Epoch 28 | Batch 50 | Loss: 0.4972 | LR: 1.35e-04
2026-04-28 12:09:15,655 INFO Epoch 28 | Batch 100 | Loss: 0.6253 | LR: 1.35e-04
2026-04-28 12:10:39,553 INFO Epoch 28 | Batch 150 | Loss: 0.4942 | LR: 1.34e-04
2026-04-28 12:11:58,560 INFO Epoch 28 | Batch 200 | Loss: 0.5854 | LR: 1.34e-04
2026-04-28 12:13:20,693 INFO Epoch 28 | Batch 250 | Loss: 0.6547 | LR: 1.33e-04
2026-04-28 12:14:41,453 INFO Epoch 28 | Batch 300 | Loss: 0.6492 | LR: 1.33e-04
2026-04-28 12:16:01,411 INFO Epoch 28 | Batch 350 | Loss: 0.5395 | LR: 1.33e-04
2026-04-28 12:17:24,669 INFO Epoch 28 | Batch 400 | Loss: 0.4763 | LR: 1.32e-04
2026-04-28 12:18:50,619 INFO Epoch 28 | Batch 450 | Loss: 0.8102 | LR: 1.32e-04
2026-04-28 12:20:12,496 INFO Epoch 28 | Batch 500 | Loss: 0.5623 | LR: 1.31e-04
2026-04-28 12:21:37,441 INFO Epoch 28 | Batch 550 | Loss: 0.6494 | LR: 1.31e-04
2026-04-28 12:23:01,544 INFO Epoch 28 | Batch 600 | Loss: 0.7655 | LR: 1.31e-04
2026-04-28 12:24:23,042 INFO Epoch 28 | Batch 650 | Loss: 0.6228 | LR: 1.30e-04
2026-04-28 12:25:42,451 INFO Epoch 28 | Batch 700 | Loss: 0.6422 | LR: 1.30e-04
2026-04-28 12:27:05,903 INFO Epoch 28 | Batch 750 | Loss: 0.5813 | LR: 1.30e-04
2026-04-28 12:28:33,198 INFO Epoch 28 | Batch 800 | Loss: 0.6803 | LR: 1.29e-04
2026-04-28 12:29:55,839 INFO Epoch 28 | Batch 850 | Loss: 0.6486 | LR: 1.29e-04
2026-04-28 12:31:17,983 INFO Epoch 28 | Batch 900 | Loss: 0.5073 | LR: 1.28e-04
2026-04-28 12:32:40,072 INFO Epoch 28 | Batch 950 | Loss: 0.7075 | LR: 1.28e-04
2026-04-28 12:34:02,165 INFO Epoch 28 | Batch 1000 | Loss: 0.4937 | LR: 1.28e-04
2026-04-28 12:35:24,947 INFO Epoch 28 | Batch 1050 | Loss: 0.7587 | LR: 1.27e-04
2026-04-28 12:36:47,392 INFO Epoch 28 | Batch 1100 | Loss: 0.5241 | LR: 1.27e-04
2026-04-28 12:38:09,741 INFO Epoch 28 | Batch 1150 | Loss: 0.4676 | LR: 1.26e-04
2026-04-28 12:39:32,480 INFO Epoch 28 | Batch 1200 | Loss: 0.5975 | LR: 1.26e-04
2026-04-28 12:40:53,024 INFO Epoch 28 | Train: 0.6175 | Dev CER: 0.1113 | Dev WER: 0.3277 | Time: 2064s | Peak: 30.8 GB
2026-04-28 12:40:53,024 INFO   New best CER: 0.1113
2026-04-28 12:40:57,785 INFO Epoch 29 | Batch 0 | Loss: 0.5788 | LR: 1.26e-04
2026-04-28 12:42:23,460 INFO Epoch 29 | Batch 50 | Loss: 0.7963 | LR: 1.25e-04
2026-04-28 12:43:42,080 INFO Epoch 29 | Batch 100 | Loss: 0.6279 | LR: 1.25e-04
2026-04-28 12:45:03,698 INFO Epoch 29 | Batch 150 | Loss: 0.4932 | LR: 1.25e-04
2026-04-28 12:46:26,775 INFO Epoch 29 | Batch 200 | Loss: 0.5342 | LR: 1.24e-04
2026-04-28 12:47:46,877 INFO Epoch 29 | Batch 250 | Loss: 0.6448 | LR: 1.24e-04
2026-04-28 12:49:06,591 INFO Epoch 29 | Batch 300 | Loss: 0.5682 | LR: 1.24e-04
2026-04-28 12:50:31,221 INFO Epoch 29 | Batch 350 | Loss: 0.6177 | LR: 1.23e-04
2026-04-28 12:51:52,023 INFO Epoch 29 | Batch 400 | Loss: 0.5344 | LR: 1.23e-04
2026-04-28 12:53:14,494 INFO Epoch 29 | Batch 450 | Loss: 0.5651 | LR: 1.22e-04
2026-04-28 12:54:33,491 INFO Epoch 29 | Batch 500 | Loss: 0.7996 | LR: 1.22e-04
2026-04-28 12:55:56,946 INFO Epoch 29 | Batch 550 | Loss: 0.4391 | LR: 1.22e-04
2026-04-28 12:57:21,679 INFO Epoch 29 | Batch 600 | Loss: 0.8210 | LR: 1.21e-04
2026-04-28 12:58:44,218 INFO Epoch 29 | Batch 650 | Loss: 0.6940 | LR: 1.21e-04
2026-04-28 13:00:04,855 INFO Epoch 29 | Batch 700 | Loss: 0.6269 | LR: 1.21e-04
2026-04-28 13:01:25,951 INFO Epoch 29 | Batch 750 | Loss: 0.3243 | LR: 1.20e-04
2026-04-28 13:02:52,433 INFO Epoch 29 | Batch 800 | Loss: 0.5646 | LR: 1.20e-04
2026-04-28 13:04:17,367 INFO Epoch 29 | Batch 850 | Loss: 0.4546 | LR: 1.19e-04
2026-04-28 13:05:42,487 INFO Epoch 29 | Batch 900 | Loss: 0.6038 | LR: 1.19e-04
2026-04-28 13:07:03,524 INFO Epoch 29 | Batch 950 | Loss: 0.5604 | LR: 1.19e-04
2026-04-28 13:08:26,458 INFO Epoch 29 | Batch 1000 | Loss: 0.6864 | LR: 1.18e-04
2026-04-28 13:09:51,596 INFO Epoch 29 | Batch 1050 | Loss: 0.5720 | LR: 1.18e-04
2026-04-28 13:11:12,785 INFO Epoch 29 | Batch 1100 | Loss: 0.5408 | LR: 1.17e-04
2026-04-28 13:12:35,851 INFO Epoch 29 | Batch 1150 | Loss: 0.5904 | LR: 1.17e-04
2026-04-28 13:13:58,224 INFO Epoch 29 | Batch 1200 | Loss: 0.4806 | LR: 1.17e-04
2026-04-28 13:15:17,278 INFO Epoch 29 | Train: 0.6055 | Dev CER: 0.1101 | Dev WER: 0.3257 | Time: 2064s | Peak: 30.8 GB
2026-04-28 13:15:17,278 INFO   New best CER: 0.1101
2026-04-28 13:15:22,147 INFO Epoch 30 | Batch 0 | Loss: 0.6327 | LR: 1.16e-04
2026-04-28 13:16:40,995 INFO Epoch 30 | Batch 50 | Loss: 0.6103 | LR: 1.16e-04
2026-04-28 13:18:04,783 INFO Epoch 30 | Batch 100 | Loss: 0.4991 | LR: 1.16e-04
2026-04-28 13:19:29,325 INFO Epoch 30 | Batch 150 | Loss: 0.5603 | LR: 1.15e-04
2026-04-28 13:20:53,292 INFO Epoch 30 | Batch 200 | Loss: 0.4140 | LR: 1.15e-04
2026-04-28 13:22:14,393 INFO Epoch 30 | Batch 250 | Loss: 0.4853 | LR: 1.15e-04
2026-04-28 13:23:39,064 INFO Epoch 30 | Batch 300 | Loss: 0.3610 | LR: 1.14e-04
2026-04-28 13:25:02,804 INFO Epoch 30 | Batch 350 | Loss: 0.5706 | LR: 1.14e-04
2026-04-28 13:26:25,439 INFO Epoch 30 | Batch 400 | Loss: 0.5447 | LR: 1.13e-04
2026-04-28 13:27:49,555 INFO Epoch 30 | Batch 450 | Loss: 0.7189 | LR: 1.13e-04
2026-04-28 13:29:12,632 INFO Epoch 30 | Batch 500 | Loss: 0.5041 | LR: 1.13e-04
2026-04-28 13:30:35,159 INFO Epoch 30 | Batch 550 | Loss: 0.6641 | LR: 1.12e-04
2026-04-28 13:31:55,679 INFO Epoch 30 | Batch 600 | Loss: 0.6003 | LR: 1.12e-04
2026-04-28 13:33:16,514 INFO Epoch 30 | Batch 650 | Loss: 0.7190 | LR: 1.12e-04
2026-04-28 13:34:39,570 INFO Epoch 30 | Batch 700 | Loss: 0.6325 | LR: 1.11e-04
2026-04-28 13:35:59,903 INFO Epoch 30 | Batch 750 | Loss: 0.3806 | LR: 1.11e-04
2026-04-28 13:37:20,596 INFO Epoch 30 | Batch 800 | Loss: 0.4390 | LR: 1.10e-04
2026-04-28 13:38:40,686 INFO Epoch 30 | Batch 850 | Loss: 0.5299 | LR: 1.10e-04
2026-04-28 13:40:01,626 INFO Epoch 30 | Batch 900 | Loss: 0.4546 | LR: 1.10e-04
2026-04-28 13:41:28,955 INFO Epoch 30 | Batch 950 | Loss: 0.6137 | LR: 1.09e-04
2026-04-28 13:42:51,141 INFO Epoch 30 | Batch 1000 | Loss: 0.5727 | LR: 1.09e-04
2026-04-28 13:44:18,032 INFO Epoch 30 | Batch 1050 | Loss: 0.3944 | LR: 1.09e-04
2026-04-28 13:45:37,039 INFO Epoch 30 | Batch 1100 | Loss: 0.6566 | LR: 1.08e-04
2026-04-28 13:47:01,235 INFO Epoch 30 | Batch 1150 | Loss: 0.5499 | LR: 1.08e-04
2026-04-28 13:48:24,504 INFO Epoch 30 | Batch 1200 | Loss: 0.5359 | LR: 1.08e-04
2026-04-28 13:49:42,652 INFO Epoch 30 | Train: 0.6006 | Dev CER: 0.1084 | Dev WER: 0.3223 | Time: 2065s | Peak: 30.8 GB
2026-04-28 13:49:42,652 INFO   New best CER: 0.1084
2026-04-28 13:49:47,371 INFO Epoch 31 | Batch 0 | Loss: 0.4414 | LR: 1.07e-04
2026-04-28 13:51:09,286 INFO Epoch 31 | Batch 50 | Loss: 0.9346 | LR: 1.07e-04
2026-04-28 13:52:30,360 INFO Epoch 31 | Batch 100 | Loss: 0.6837 | LR: 1.07e-04
2026-04-28 13:53:51,481 INFO Epoch 31 | Batch 150 | Loss: 0.4607 | LR: 1.06e-04
2026-04-28 13:55:14,189 INFO Epoch 31 | Batch 200 | Loss: 0.4127 | LR: 1.06e-04
2026-04-28 13:56:35,162 INFO Epoch 31 | Batch 250 | Loss: 0.4809 | LR: 1.05e-04
2026-04-28 13:57:58,126 INFO Epoch 31 | Batch 300 | Loss: 0.5070 | LR: 1.05e-04
2026-04-28 13:59:22,836 INFO Epoch 31 | Batch 350 | Loss: 0.4633 | LR: 1.05e-04
2026-04-28 14:00:44,410 INFO Epoch 31 | Batch 400 | Loss: 0.6260 | LR: 1.04e-04
2026-04-28 14:02:05,309 INFO Epoch 31 | Batch 450 | Loss: 0.7337 | LR: 1.04e-04
2026-04-28 14:03:27,099 INFO Epoch 31 | Batch 500 | Loss: 0.5310 | LR: 1.04e-04
2026-04-28 14:04:48,585 INFO Epoch 31 | Batch 550 | Loss: 0.4281 | LR: 1.03e-04
2026-04-28 14:06:11,544 INFO Epoch 31 | Batch 600 | Loss: 0.5662 | LR: 1.03e-04
2026-04-28 14:07:35,598 INFO Epoch 31 | Batch 650 | Loss: 0.5898 | LR: 1.02e-04
2026-04-28 14:08:58,887 INFO Epoch 31 | Batch 700 | Loss: 0.4899 | LR: 1.02e-04
2026-04-28 14:10:22,703 INFO Epoch 31 | Batch 750 | Loss: 0.5381 | LR: 1.02e-04
2026-04-28 14:11:46,885 INFO Epoch 31 | Batch 800 | Loss: 0.6104 | LR: 1.01e-04
2026-04-28 14:13:12,837 INFO Epoch 31 | Batch 850 | Loss: 0.9764 | LR: 1.01e-04
2026-04-28 14:14:32,663 INFO Epoch 31 | Batch 900 | Loss: 0.5378 | LR: 1.01e-04
2026-04-28 14:15:56,971 INFO Epoch 31 | Batch 950 | Loss: 0.4008 | LR: 1.00e-04
2026-04-28 14:17:21,524 INFO Epoch 31 | Batch 1000 | Loss: 0.7180 | LR: 9.99e-05
2026-04-28 14:18:45,872 INFO Epoch 31 | Batch 1050 | Loss: 0.5316 | LR: 9.95e-05
2026-04-28 14:20:04,852 INFO Epoch 31 | Batch 1100 | Loss: 0.5288 | LR: 9.92e-05
2026-04-28 14:21:25,853 INFO Epoch 31 | Batch 1150 | Loss: 0.9352 | LR: 9.88e-05
2026-04-28 14:22:48,102 INFO Epoch 31 | Batch 1200 | Loss: 0.8925 | LR: 9.85e-05
2026-04-28 14:24:07,626 INFO Epoch 31 | Train: 0.5909 | Dev CER: 0.1087 | Dev WER: 0.3212 | Time: 2064s | Peak: 30.8 GB
2026-04-28 14:24:12,218 INFO Epoch 32 | Batch 0 | Loss: 0.4782 | LR: 9.82e-05
2026-04-28 14:25:37,730 INFO Epoch 32 | Batch 50 | Loss: 0.6703 | LR: 9.78e-05
2026-04-28 14:26:59,406 INFO Epoch 32 | Batch 100 | Loss: 0.4197 | LR: 9.75e-05
2026-04-28 14:28:22,269 INFO Epoch 32 | Batch 150 | Loss: 0.6205 | LR: 9.71e-05
2026-04-28 14:29:45,364 INFO Epoch 32 | Batch 200 | Loss: 0.4766 | LR: 9.68e-05
2026-04-28 14:31:13,518 INFO Epoch 32 | Batch 250 | Loss: 0.5506 | LR: 9.64e-05
2026-04-28 14:32:36,784 INFO Epoch 32 | Batch 300 | Loss: 0.4698 | LR: 9.60e-05
2026-04-28 14:33:56,583 INFO Epoch 32 | Batch 350 | Loss: 0.4867 | LR: 9.57e-05
2026-04-28 14:35:18,426 INFO Epoch 32 | Batch 400 | Loss: 0.4999 | LR: 9.53e-05
2026-04-28 14:36:39,121 INFO Epoch 32 | Batch 450 | Loss: 0.5422 | LR: 9.50e-05
2026-04-28 14:38:02,858 INFO Epoch 32 | Batch 500 | Loss: 0.4159 | LR: 9.46e-05
2026-04-28 14:39:24,474 INFO Epoch 32 | Batch 550 | Loss: 0.6147 | LR: 9.42e-05
2026-04-28 14:40:45,117 INFO Epoch 32 | Batch 600 | Loss: 0.6104 | LR: 9.39e-05
2026-04-28 14:42:03,157 INFO Epoch 32 | Batch 650 | Loss: 0.5907 | LR: 9.35e-05
2026-04-28 14:43:24,231 INFO Epoch 32 | Batch 700 | Loss: 0.5481 | LR: 9.32e-05
2026-04-28 14:44:47,515 INFO Epoch 32 | Batch 750 | Loss: 0.7619 | LR: 9.28e-05
2026-04-28 14:46:11,797 INFO Epoch 32 | Batch 800 | Loss: 0.3817 | LR: 9.25e-05
2026-04-28 14:47:38,803 INFO Epoch 32 | Batch 850 | Loss: 0.5241 | LR: 9.21e-05
2026-04-28 14:49:01,672 INFO Epoch 32 | Batch 900 | Loss: 0.2885 | LR: 9.17e-05
2026-04-28 14:50:22,148 INFO Epoch 32 | Batch 950 | Loss: 0.4571 | LR: 9.14e-05
2026-04-28 14:51:43,166 INFO Epoch 32 | Batch 1000 | Loss: 0.3763 | LR: 9.10e-05
2026-04-28 14:53:05,242 INFO Epoch 32 | Batch 1050 | Loss: 0.5406 | LR: 9.07e-05
2026-04-28 14:54:24,365 INFO Epoch 32 | Batch 1100 | Loss: 0.5542 | LR: 9.03e-05
2026-04-28 14:55:47,734 INFO Epoch 32 | Batch 1150 | Loss: 0.8800 | LR: 9.00e-05
2026-04-28 14:57:11,210 INFO Epoch 32 | Batch 1200 | Loss: 0.5546 | LR: 8.96e-05
2026-04-28 14:58:32,738 INFO Epoch 32 | Train: 0.5793 | Dev CER: 0.1059 | Dev WER: 0.3165 | Time: 2065s | Peak: 30.8 GB
2026-04-28 14:58:32,738 INFO   New best CER: 0.1059
2026-04-28 14:58:37,291 INFO Epoch 33 | Batch 0 | Loss: 0.5115 | LR: 8.94e-05
2026-04-28 15:00:00,519 INFO Epoch 33 | Batch 50 | Loss: 0.5256 | LR: 8.90e-05
2026-04-28 15:01:25,171 INFO Epoch 33 | Batch 100 | Loss: 0.5381 | LR: 8.87e-05
2026-04-28 15:02:46,544 INFO Epoch 33 | Batch 150 | Loss: 0.4852 | LR: 8.83e-05
2026-04-28 15:04:10,067 INFO Epoch 33 | Batch 200 | Loss: 1.1302 | LR: 8.80e-05
2026-04-28 15:05:31,407 INFO Epoch 33 | Batch 250 | Loss: 0.5671 | LR: 8.76e-05
2026-04-28 15:06:53,122 INFO Epoch 33 | Batch 300 | Loss: 0.9301 | LR: 8.73e-05
2026-04-28 15:08:11,372 INFO Epoch 33 | Batch 350 | Loss: 0.7937 | LR: 8.69e-05
2026-04-28 15:09:36,508 INFO Epoch 33 | Batch 400 | Loss: 0.4662 | LR: 8.66e-05
2026-04-28 15:11:00,389 INFO Epoch 33 | Batch 450 | Loss: 0.4815 | LR: 8.62e-05
2026-04-28 15:12:25,374 INFO Epoch 33 | Batch 500 | Loss: 0.6938 | LR: 8.59e-05
2026-04-28 15:13:45,960 INFO Epoch 33 | Batch 550 | Loss: 0.4582 | LR: 8.55e-05
2026-04-28 15:15:11,007 INFO Epoch 33 | Batch 600 | Loss: 0.5644 | LR: 8.52e-05
2026-04-28 15:16:30,863 INFO Epoch 33 | Batch 650 | Loss: 0.5928 | LR: 8.48e-05
2026-04-28 15:17:53,263 INFO Epoch 33 | Batch 700 | Loss: 0.6885 | LR: 8.45e-05
2026-04-28 15:19:14,298 INFO Epoch 33 | Batch 750 | Loss: 0.3246 | LR: 8.41e-05
2026-04-28 15:20:34,879 INFO Epoch 33 | Batch 800 | Loss: 0.4393 | LR: 8.38e-05
2026-04-28 15:21:57,186 INFO Epoch 33 | Batch 850 | Loss: 0.4639 | LR: 8.34e-05
2026-04-28 15:23:18,833 INFO Epoch 33 | Batch 900 | Loss: 0.4716 | LR: 8.31e-05
2026-04-28 15:24:42,203 INFO Epoch 33 | Batch 950 | Loss: 0.6299 | LR: 8.27e-05
2026-04-28 15:26:07,585 INFO Epoch 33 | Batch 1000 | Loss: 0.7507 | LR: 8.24e-05
2026-04-28 15:27:29,925 INFO Epoch 33 | Batch 1050 | Loss: 0.6849 | LR: 8.21e-05
2026-04-28 15:28:52,042 INFO Epoch 33 | Batch 1100 | Loss: 0.4949 | LR: 8.17e-05
2026-04-28 15:30:15,086 INFO Epoch 33 | Batch 1150 | Loss: 0.5624 | LR: 8.14e-05
2026-04-28 15:31:39,099 INFO Epoch 33 | Batch 1200 | Loss: 0.5933 | LR: 8.10e-05
2026-04-28 15:32:58,055 INFO Epoch 33 | Train: 0.5811 | Dev CER: 0.1056 | Dev WER: 0.3148 | Time: 2065s | Peak: 30.8 GB
2026-04-28 15:32:58,055 INFO   New best CER: 0.1056
2026-04-28 15:33:03,056 INFO Epoch 34 | Batch 0 | Loss: 0.4072 | LR: 8.08e-05
2026-04-28 15:34:26,120 INFO Epoch 34 | Batch 50 | Loss: 0.7177 | LR: 8.04e-05
2026-04-28 15:35:45,645 INFO Epoch 34 | Batch 100 | Loss: 0.6248 | LR: 8.01e-05
2026-04-28 15:37:06,945 INFO Epoch 34 | Batch 150 | Loss: 0.6404 | LR: 7.98e-05
2026-04-28 15:38:31,536 INFO Epoch 34 | Batch 200 | Loss: 0.5413 | LR: 7.94e-05
2026-04-28 15:39:51,659 INFO Epoch 34 | Batch 250 | Loss: 0.3619 | LR: 7.91e-05
2026-04-28 15:41:16,766 INFO Epoch 34 | Batch 300 | Loss: 0.8482 | LR: 7.87e-05
2026-04-28 15:42:36,803 INFO Epoch 34 | Batch 350 | Loss: 0.5123 | LR: 7.84e-05
2026-04-28 15:43:54,980 INFO Epoch 34 | Batch 400 | Loss: 0.5851 | LR: 7.81e-05
2026-04-28 15:45:20,522 INFO Epoch 34 | Batch 450 | Loss: 0.3357 | LR: 7.77e-05
2026-04-28 15:46:45,290 INFO Epoch 34 | Batch 500 | Loss: 0.5476 | LR: 7.74e-05
2026-04-28 15:48:08,893 INFO Epoch 34 | Batch 550 | Loss: 0.6138 | LR: 7.71e-05
2026-04-28 15:49:33,450 INFO Epoch 34 | Batch 600 | Loss: 1.1912 | LR: 7.67e-05
2026-04-28 15:50:56,401 INFO Epoch 34 | Batch 650 | Loss: 0.5916 | LR: 7.64e-05
2026-04-28 15:52:23,441 INFO Epoch 34 | Batch 700 | Loss: 0.4133 | LR: 7.60e-05
2026-04-28 15:53:45,068 INFO Epoch 34 | Batch 750 | Loss: 0.6067 | LR: 7.57e-05
2026-04-28 15:55:07,473 INFO Epoch 34 | Batch 800 | Loss: 0.2845 | LR: 7.54e-05
2026-04-28 15:56:26,009 INFO Epoch 34 | Batch 850 | Loss: 0.4744 | LR: 7.50e-05
2026-04-28 15:57:49,474 INFO Epoch 34 | Batch 900 | Loss: 0.4534 | LR: 7.47e-05
2026-04-28 15:59:14,058 INFO Epoch 34 | Batch 950 | Loss: 0.7250 | LR: 7.44e-05
2026-04-28 16:00:34,762 INFO Epoch 34 | Batch 1000 | Loss: 0.5731 | LR: 7.40e-05
2026-04-28 16:01:52,418 INFO Epoch 34 | Batch 1050 | Loss: 0.4950 | LR: 7.37e-05
2026-04-28 16:03:15,667 INFO Epoch 34 | Batch 1100 | Loss: 0.5237 | LR: 7.34e-05
2026-04-28 16:04:40,222 INFO Epoch 34 | Batch 1150 | Loss: 0.3623 | LR: 7.31e-05
2026-04-28 16:06:03,636 INFO Epoch 34 | Batch 1200 | Loss: 0.6620 | LR: 7.27e-05
2026-04-28 16:07:23,607 INFO Epoch 34 | Train: 0.5755 | Dev CER: 0.1043 | Dev WER: 0.3105 | Time: 2065s | Peak: 30.8 GB
2026-04-28 16:07:23,607 INFO   New best CER: 0.1043
2026-04-28 16:07:28,125 INFO Epoch 35 | Batch 0 | Loss: 0.4824 | LR: 7.25e-05
2026-04-28 16:08:49,884 INFO Epoch 35 | Batch 50 | Loss: 0.5404 | LR: 7.22e-05
2026-04-28 16:10:08,182 INFO Epoch 35 | Batch 100 | Loss: 0.6177 | LR: 7.18e-05
2026-04-28 16:11:28,811 INFO Epoch 35 | Batch 150 | Loss: 0.7482 | LR: 7.15e-05
2026-04-28 16:12:55,037 INFO Epoch 35 | Batch 200 | Loss: 0.4043 | LR: 7.12e-05
2026-04-28 16:14:17,191 INFO Epoch 35 | Batch 250 | Loss: 0.3987 | LR: 7.08e-05
2026-04-28 16:15:39,160 INFO Epoch 35 | Batch 300 | Loss: 0.4513 | LR: 7.05e-05
2026-04-28 16:17:01,033 INFO Epoch 35 | Batch 350 | Loss: 0.5167 | LR: 7.02e-05
2026-04-28 16:18:22,069 INFO Epoch 35 | Batch 400 | Loss: 0.4748 | LR: 6.99e-05
2026-04-28 16:19:43,993 INFO Epoch 35 | Batch 450 | Loss: 0.5819 | LR: 6.95e-05
2026-04-28 16:21:04,489 INFO Epoch 35 | Batch 500 | Loss: 0.5152 | LR: 6.92e-05
2026-04-28 16:22:27,927 INFO Epoch 35 | Batch 550 | Loss: 0.6119 | LR: 6.89e-05
2026-04-28 16:23:53,606 INFO Epoch 35 | Batch 600 | Loss: 0.4251 | LR: 6.86e-05
2026-04-28 16:25:13,772 INFO Epoch 35 | Batch 650 | Loss: 0.4072 | LR: 6.82e-05
2026-04-28 16:26:34,743 INFO Epoch 35 | Batch 700 | Loss: 0.3947 | LR: 6.79e-05
2026-04-28 16:27:59,981 INFO Epoch 35 | Batch 750 | Loss: 0.2947 | LR: 6.76e-05
2026-04-28 16:29:22,862 INFO Epoch 35 | Batch 800 | Loss: 0.7407 | LR: 6.73e-05
2026-04-28 16:30:44,951 INFO Epoch 35 | Batch 850 | Loss: 0.5531 | LR: 6.70e-05
2026-04-28 16:32:11,000 INFO Epoch 35 | Batch 900 | Loss: 0.6056 | LR: 6.66e-05
2026-04-28 16:33:35,150 INFO Epoch 35 | Batch 950 | Loss: 0.4076 | LR: 6.63e-05
2026-04-28 16:34:56,436 INFO Epoch 35 | Batch 1000 | Loss: 0.4968 | LR: 6.60e-05
2026-04-28 16:36:23,036 INFO Epoch 35 | Batch 1050 | Loss: 0.4618 | LR: 6.57e-05
2026-04-28 16:37:45,017 INFO Epoch 35 | Batch 1100 | Loss: 0.4497 | LR: 6.54e-05
2026-04-28 16:39:09,279 INFO Epoch 35 | Batch 1150 | Loss: 0.4630 | LR: 6.50e-05
2026-04-28 16:40:30,204 INFO Epoch 35 | Batch 1200 | Loss: 0.6875 | LR: 6.47e-05
2026-04-28 16:41:49,341 INFO Epoch 35 | Train: 0.5671 | Dev CER: 0.1025 | Dev WER: 0.3041 | Time: 2065s | Peak: 30.8 GB
2026-04-28 16:41:49,341 INFO   New best CER: 0.1025
2026-04-28 16:41:54,203 INFO Epoch 36 | Batch 0 | Loss: 0.5811 | LR: 6.45e-05
2026-04-28 16:43:16,628 INFO Epoch 36 | Batch 50 | Loss: 0.3731 | LR: 6.42e-05
2026-04-28 16:44:43,029 INFO Epoch 36 | Batch 100 | Loss: 0.6031 | LR: 6.39e-05
2026-04-28 16:46:08,787 INFO Epoch 36 | Batch 150 | Loss: 0.5896 | LR: 6.36e-05
