2026-04-28 14:31:17,066 INFO src.training.train backbone=transformer_causal params=8M seq_len=1024 K=256 Q=256 batch=64
2026-04-28 14:32:05,220 INFO src.training.train step=100 epoch=1 loss=8.8921 grad=0.207 lr=3.00e-05
2026-04-28 14:32:50,523 INFO src.training.train step=200 epoch=1 loss=8.4744 grad=0.145 lr=6.00e-05
2026-04-28 14:33:36,070 INFO src.training.train step=300 epoch=1 loss=8.3477 grad=0.130 lr=9.00e-05
2026-04-28 14:34:21,723 INFO src.training.train step=400 epoch=1 loss=8.3279 grad=0.134 lr=1.20e-04
2026-04-28 14:35:07,450 INFO src.training.train step=500 epoch=1 loss=8.3250 grad=0.129 lr=1.50e-04
2026-04-28 14:35:53,236 INFO src.training.train step=600 epoch=1 loss=8.3246 grad=0.133 lr=1.80e-04
2026-04-28 14:36:39,020 INFO src.training.train step=700 epoch=1 loss=8.3272 grad=0.131 lr=2.10e-04
2026-04-28 14:37:24,787 INFO src.training.train step=800 epoch=2 loss=8.3268 grad=0.128 lr=2.40e-04
2026-04-28 14:38:10,531 INFO src.training.train step=900 epoch=2 loss=8.3274 grad=0.130 lr=2.70e-04
2026-04-28 14:38:56,239 INFO src.training.train step=1000 epoch=2 loss=8.3285 grad=0.128 lr=3.00e-04
2026-04-28 14:39:03,738 INFO src.training.train EVAL step=1000 loss=8.3266 per_query_acc=0.0003 per_seq_acc=0.0000
2026-04-28 14:39:49,461 INFO src.training.train step=1100 epoch=2 loss=8.3277 grad=0.126 lr=3.00e-04
2026-04-28 14:40:35,204 INFO src.training.train step=1200 epoch=2 loss=8.3258 grad=0.120 lr=3.00e-04
2026-04-28 14:41:20,974 INFO src.training.train step=1300 epoch=2 loss=8.3267 grad=0.119 lr=3.00e-04
2026-04-28 14:42:06,783 INFO src.training.train step=1400 epoch=2 loss=8.3236 grad=0.120 lr=3.00e-04
2026-04-28 14:42:52,599 INFO src.training.train step=1500 epoch=2 loss=8.3230 grad=0.114 lr=3.00e-04
2026-04-28 14:43:38,532 INFO src.training.train step=1600 epoch=3 loss=8.3215 grad=0.115 lr=3.00e-04
2026-04-28 14:44:24,498 INFO src.training.train step=1700 epoch=3 loss=8.3195 grad=0.114 lr=3.00e-04
2026-04-28 14:45:10,484 INFO src.training.train step=1800 epoch=3 loss=8.3192 grad=0.113 lr=2.99e-04
2026-04-28 14:45:56,470 INFO src.training.train step=1900 epoch=3 loss=8.3162 grad=0.109 lr=2.99e-04
2026-04-28 14:46:42,456 INFO src.training.train step=2000 epoch=3 loss=8.3099 grad=0.107 lr=2.99e-04
2026-04-28 14:46:49,964 INFO src.training.train EVAL step=2000 loss=8.3117 per_query_acc=0.0039 per_seq_acc=0.0000
2026-04-28 14:47:35,939 INFO src.training.train step=2100 epoch=3 loss=8.3062 grad=0.106 lr=2.99e-04
2026-04-28 14:48:21,925 INFO src.training.train step=2200 epoch=3 loss=8.3067 grad=0.106 lr=2.99e-04
2026-04-28 14:49:07,911 INFO src.training.train step=2300 epoch=3 loss=8.3019 grad=0.101 lr=2.99e-04
2026-04-28 14:49:53,897 INFO src.training.train step=2400 epoch=4 loss=8.2993 grad=0.102 lr=2.98e-04
2026-04-28 14:50:39,883 INFO src.training.train step=2500 epoch=4 loss=8.2945 grad=0.102 lr=2.98e-04
2026-04-28 14:51:25,869 INFO src.training.train step=2600 epoch=4 loss=8.2939 grad=0.099 lr=2.98e-04
2026-04-28 14:52:11,855 INFO src.training.train step=2700 epoch=4 loss=8.2919 grad=0.100 lr=2.97e-04
2026-04-28 14:52:57,840 INFO src.training.train step=2800 epoch=4 loss=8.2860 grad=0.098 lr=2.97e-04
2026-04-28 14:53:43,826 INFO src.training.train step=2900 epoch=4 loss=8.2829 grad=0.099 lr=2.97e-04
2026-04-28 14:54:29,812 INFO src.training.train step=3000 epoch=4 loss=8.2806 grad=0.098 lr=2.97e-04
2026-04-28 14:54:37,342 INFO src.training.train EVAL step=3000 loss=8.2929 per_query_acc=0.0041 per_seq_acc=0.0000
2026-04-28 14:55:23,316 INFO src.training.train step=3100 epoch=4 loss=8.2797 grad=0.099 lr=2.96e-04
2026-04-28 14:56:09,301 INFO src.training.train step=3200 epoch=5 loss=8.2688 grad=0.098 lr=2.96e-04
2026-04-28 14:56:55,287 INFO src.training.train step=3300 epoch=5 loss=8.2678 grad=0.097 lr=2.95e-04
2026-04-28 14:57:41,272 INFO src.training.train step=3400 epoch=5 loss=8.2611 grad=0.103 lr=2.95e-04
2026-04-28 14:58:27,258 INFO src.training.train step=3500 epoch=5 loss=8.2612 grad=0.101 lr=2.95e-04
2026-04-28 14:59:13,244 INFO src.training.train step=3600 epoch=5 loss=8.2588 grad=0.105 lr=2.94e-04
2026-04-28 14:59:59,229 INFO src.training.train step=3700 epoch=5 loss=8.2550 grad=0.106 lr=2.94e-04
2026-04-28 15:00:45,215 INFO src.training.train step=3800 epoch=5 loss=8.2495 grad=0.107 lr=2.93e-04
2026-04-28 15:01:31,201 INFO src.training.train step=3900 epoch=5 loss=8.2437 grad=0.108 lr=2.93e-04
2026-04-28 15:02:17,227 INFO src.training.train step=4000 epoch=6 loss=8.2370 grad=0.108 lr=2.92e-04
2026-04-28 15:02:24,771 INFO src.training.train EVAL step=4000 loss=8.2692 per_query_acc=0.0045 per_seq_acc=0.0000
2026-04-28 15:03:10,750 INFO src.training.train step=4100 epoch=6 loss=8.2303 grad=0.110 lr=2.92e-04
2026-04-28 15:03:56,736 INFO src.training.train step=4200 epoch=6 loss=8.2335 grad=0.123 lr=2.91e-04
2026-04-28 15:04:42,722 INFO src.training.train step=4300 epoch=6 loss=8.2228 grad=0.119 lr=2.91e-04
2026-04-28 15:05:28,708 INFO src.training.train step=4400 epoch=6 loss=8.2249 grad=0.118 lr=2.90e-04
2026-04-28 15:06:14,693 INFO src.training.train step=4500 epoch=6 loss=8.2088 grad=0.119 lr=2.89e-04
2026-04-28 15:07:00,679 INFO src.training.train step=4600 epoch=6 loss=8.2098 grad=0.124 lr=2.89e-04
2026-04-28 15:07:46,665 INFO src.training.train step=4700 epoch=7 loss=8.2057 grad=0.136 lr=2.88e-04
2026-04-28 15:08:32,651 INFO src.training.train step=4800 epoch=7 loss=8.1950 grad=0.135 lr=2.88e-04
2026-04-28 15:09:18,637 INFO src.training.train step=4900 epoch=7 loss=8.1877 grad=0.134 lr=2.87e-04
2026-04-28 15:10:04,622 INFO src.training.train step=5000 epoch=7 loss=8.1872 grad=0.142 lr=2.86e-04
2026-04-28 15:10:12,166 INFO src.training.train EVAL step=5000 loss=8.2334 per_query_acc=0.0048 per_seq_acc=0.0000
2026-04-28 15:10:58,146 INFO src.training.train step=5100 epoch=7 loss=8.1783 grad=0.138 lr=2.85e-04
2026-04-28 15:11:44,131 INFO src.training.train step=5200 epoch=7 loss=8.1731 grad=0.146 lr=2.85e-04
2026-04-28 15:12:30,117 INFO src.training.train step=5300 epoch=7 loss=8.1768 grad=0.151 lr=2.84e-04
2026-04-28 15:13:16,102 INFO src.training.train step=5400 epoch=7 loss=8.1714 grad=0.149 lr=2.83e-04
2026-04-28 15:14:02,088 INFO src.training.train step=5500 epoch=8 loss=8.1593 grad=0.160 lr=2.83e-04
2026-04-28 15:14:48,074 INFO src.training.train step=5600 epoch=8 loss=8.1584 grad=0.153 lr=2.82e-04
2026-04-28 15:15:34,060 INFO src.training.train step=5700 epoch=8 loss=8.1510 grad=0.165 lr=2.81e-04
2026-04-28 15:16:20,046 INFO src.training.train step=5800 epoch=8 loss=8.1411 grad=0.162 lr=2.80e-04
2026-04-28 15:17:06,031 INFO src.training.train step=5900 epoch=8 loss=8.1352 grad=0.152 lr=2.79e-04
2026-04-28 15:17:52,017 INFO src.training.train step=6000 epoch=8 loss=8.1287 grad=0.159 lr=2.79e-04
2026-04-28 15:17:59,546 INFO src.training.train EVAL step=6000 loss=8.1939 per_query_acc=0.0054 per_seq_acc=0.0000
2026-04-28 15:18:45,521 INFO src.training.train step=6100 epoch=8 loss=8.1358 grad=0.161 lr=2.78e-04
2026-04-28 15:19:31,506 INFO src.training.train step=6200 epoch=8 loss=8.1241 grad=0.164 lr=2.77e-04
2026-04-28 15:20:17,492 INFO src.training.train step=6300 epoch=9 loss=8.1184 grad=0.171 lr=2.76e-04
2026-04-28 15:21:03,478 INFO src.training.train step=6400 epoch=9 loss=8.1073 grad=0.167 lr=2.75e-04
2026-04-28 15:21:49,464 INFO src.training.train step=6500 epoch=9 loss=8.1106 grad=0.168 lr=2.74e-04
2026-04-28 15:22:35,450 INFO src.training.train step=6600 epoch=9 loss=8.1070 grad=0.169 lr=2.73e-04
2026-04-28 15:23:21,435 INFO src.training.train step=6700 epoch=9 loss=8.0923 grad=0.175 lr=2.72e-04
2026-04-28 15:24:07,421 INFO src.training.train step=6800 epoch=9 loss=8.0864 grad=0.181 lr=2.71e-04
2026-04-28 15:24:53,407 INFO src.training.train step=6900 epoch=9 loss=8.0905 grad=0.177 lr=2.70e-04
2026-04-28 15:25:39,393 INFO src.training.train step=7000 epoch=9 loss=8.0778 grad=0.183 lr=2.70e-04
2026-04-28 15:25:46,925 INFO src.training.train EVAL step=7000 loss=8.1620 per_query_acc=0.0056 per_seq_acc=0.0000
2026-04-28 15:26:32,896 INFO src.training.train step=7100 epoch=10 loss=8.0643 grad=0.185 lr=2.69e-04
2026-04-28 15:27:18,882 INFO src.training.train step=7200 epoch=10 loss=8.0726 grad=0.181 lr=2.68e-04
2026-04-28 15:28:04,868 INFO src.training.train step=7300 epoch=10 loss=8.0643 grad=0.188 lr=2.67e-04
2026-04-28 15:28:50,854 INFO src.training.train step=7400 epoch=10 loss=8.0635 grad=0.182 lr=2.65e-04
2026-04-28 15:29:36,840 INFO src.training.train step=7500 epoch=10 loss=8.0632 grad=0.187 lr=2.64e-04
2026-04-28 15:30:22,825 INFO src.training.train step=7600 epoch=10 loss=8.0638 grad=0.188 lr=2.63e-04
2026-04-28 15:31:08,811 INFO src.training.train step=7700 epoch=10 loss=8.0477 grad=0.190 lr=2.62e-04
2026-04-28 15:31:54,797 INFO src.training.train step=7800 epoch=10 loss=8.0515 grad=0.186 lr=2.61e-04
2026-04-28 15:32:40,822 INFO src.training.train step=7900 epoch=11 loss=8.0376 grad=0.189 lr=2.60e-04
2026-04-28 15:33:26,808 INFO src.training.train step=8000 epoch=11 loss=8.0401 grad=0.200 lr=2.59e-04
2026-04-28 15:33:34,334 INFO src.training.train EVAL step=8000 loss=8.1342 per_query_acc=0.0060 per_seq_acc=0.0000
2026-04-28 15:34:20,311 INFO src.training.train step=8100 epoch=11 loss=8.0375 grad=0.197 lr=2.58e-04
2026-04-28 15:35:06,298 INFO src.training.train step=8200 epoch=11 loss=8.0240 grad=0.200 lr=2.57e-04
2026-04-28 15:35:52,283 INFO src.training.train step=8300 epoch=11 loss=8.0311 grad=0.195 lr=2.56e-04
2026-04-28 15:36:38,269 INFO src.training.train step=8400 epoch=11 loss=8.0247 grad=0.195 lr=2.54e-04
2026-04-28 15:37:24,255 INFO src.training.train step=8500 epoch=11 loss=8.0216 grad=0.203 lr=2.53e-04
2026-04-28 15:38:10,240 INFO src.training.train step=8600 epoch=12 loss=8.0174 grad=0.200 lr=2.52e-04
2026-04-28 15:38:56,226 INFO src.training.train step=8700 epoch=12 loss=8.0102 grad=0.200 lr=2.51e-04
2026-04-28 15:39:42,210 INFO src.training.train step=8800 epoch=12 loss=8.0071 grad=0.206 lr=2.50e-04
2026-04-28 15:40:28,178 INFO src.training.train step=8900 epoch=12 loss=8.0031 grad=0.216 lr=2.49e-04
2026-04-28 15:41:14,163 INFO src.training.train step=9000 epoch=12 loss=8.0026 grad=0.199 lr=2.47e-04
2026-04-28 15:41:21,694 INFO src.training.train EVAL step=9000 loss=8.1087 per_query_acc=0.0059 per_seq_acc=0.0000
2026-04-28 15:42:07,666 INFO src.training.train step=9100 epoch=12 loss=7.9931 grad=0.210 lr=2.46e-04
2026-04-28 15:42:53,653 INFO src.training.train step=9200 epoch=12 loss=7.9930 grad=0.209 lr=2.45e-04
2026-04-28 15:43:39,638 INFO src.training.train step=9300 epoch=12 loss=7.9890 grad=0.214 lr=2.44e-04
2026-04-28 15:44:25,624 INFO src.training.train step=9400 epoch=13 loss=7.9782 grad=0.209 lr=2.42e-04
2026-04-28 15:45:11,611 INFO src.training.train step=9500 epoch=13 loss=7.9849 grad=0.211 lr=2.41e-04
2026-04-28 15:45:57,596 INFO src.training.train step=9600 epoch=13 loss=7.9798 grad=0.217 lr=2.40e-04
2026-04-28 15:46:43,581 INFO src.training.train step=9700 epoch=13 loss=7.9779 grad=0.213 lr=2.38e-04
2026-04-28 15:47:29,568 INFO src.training.train step=9800 epoch=13 loss=7.9670 grad=0.208 lr=2.37e-04
2026-04-28 15:48:15,553 INFO src.training.train step=9900 epoch=13 loss=7.9669 grad=0.212 lr=2.36e-04
2026-04-28 15:49:01,539 INFO src.training.train step=10000 epoch=13 loss=7.9711 grad=0.220 lr=2.34e-04
2026-04-28 15:49:09,085 INFO src.training.train EVAL step=10000 loss=8.0868 per_query_acc=0.0062 per_seq_acc=0.0000
2026-04-28 15:49:55,062 INFO src.training.train step=10100 epoch=13 loss=7.9615 grad=0.215 lr=2.33e-04
2026-04-28 15:50:41,049 INFO src.training.train step=10200 epoch=14 loss=7.9599 grad=0.218 lr=2.32e-04
2026-04-28 15:51:27,034 INFO src.training.train step=10300 epoch=14 loss=7.9425 grad=0.220 lr=2.30e-04
2026-04-28 15:52:13,020 INFO src.training.train step=10400 epoch=14 loss=7.9564 grad=0.226 lr=2.29e-04
2026-04-28 15:52:59,006 INFO src.training.train step=10500 epoch=14 loss=7.9520 grad=0.215 lr=2.28e-04
2026-04-28 15:53:44,991 INFO src.training.train step=10600 epoch=14 loss=7.9313 grad=0.223 lr=2.26e-04
2026-04-28 15:54:30,977 INFO src.training.train step=10700 epoch=14 loss=7.9345 grad=0.220 lr=2.25e-04
2026-04-28 15:55:16,963 INFO src.training.train step=10800 epoch=14 loss=7.9409 grad=0.218 lr=2.23e-04
2026-04-28 15:56:02,949 INFO src.training.train step=10900 epoch=14 loss=7.9344 grad=0.230 lr=2.22e-04
2026-04-28 15:56:48,934 INFO src.training.train step=11000 epoch=15 loss=7.9262 grad=0.229 lr=2.21e-04
2026-04-28 15:56:56,477 INFO src.training.train EVAL step=11000 loss=8.0661 per_query_acc=0.0061 per_seq_acc=0.0000
2026-04-28 15:57:42,458 INFO src.training.train step=11100 epoch=15 loss=7.9328 grad=0.231 lr=2.19e-04
2026-04-28 15:58:28,444 INFO src.training.train step=11200 epoch=15 loss=7.9285 grad=0.234 lr=2.18e-04
2026-04-28 15:59:14,429 INFO src.training.train step=11300 epoch=15 loss=7.9247 grad=0.229 lr=2.16e-04
2026-04-28 16:00:00,415 INFO src.training.train step=11400 epoch=15 loss=7.9224 grad=0.229 lr=2.15e-04
2026-04-28 16:00:46,401 INFO src.training.train step=11500 epoch=15 loss=7.9271 grad=0.228 lr=2.13e-04
2026-04-28 16:01:32,387 INFO src.training.train step=11600 epoch=15 loss=7.9082 grad=0.234 lr=2.12e-04
2026-04-28 16:02:18,372 INFO src.training.train step=11700 epoch=15 loss=7.9172 grad=0.227 lr=2.10e-04
2026-04-28 16:03:04,398 INFO src.training.train step=11800 epoch=16 loss=7.9041 grad=0.228 lr=2.09e-04
2026-04-28 16:03:50,384 INFO src.training.train step=11900 epoch=16 loss=7.9066 grad=0.242 lr=2.07e-04
2026-04-28 16:04:36,369 INFO src.training.train step=12000 epoch=16 loss=7.9135 grad=0.232 lr=2.06e-04
2026-04-28 16:04:43,915 INFO src.training.train EVAL step=12000 loss=8.0475 per_query_acc=0.0060 per_seq_acc=0.0000
2026-04-28 16:05:29,893 INFO src.training.train step=12100 epoch=16 loss=7.8935 grad=0.234 lr=2.04e-04
2026-04-28 16:06:15,878 INFO src.training.train step=12200 epoch=16 loss=7.9098 grad=0.223 lr=2.03e-04
2026-04-28 16:07:01,864 INFO src.training.train step=12300 epoch=16 loss=7.9031 grad=0.245 lr=2.01e-04
2026-04-28 16:07:47,850 INFO src.training.train step=12400 epoch=16 loss=7.8899 grad=0.234 lr=2.00e-04
2026-04-28 16:08:33,836 INFO src.training.train step=12500 epoch=17 loss=7.8882 grad=0.233 lr=1.98e-04
2026-04-28 16:09:19,822 INFO src.training.train step=12600 epoch=17 loss=7.8810 grad=0.234 lr=1.97e-04
2026-04-28 16:10:05,807 INFO src.training.train step=12700 epoch=17 loss=7.8856 grad=0.235 lr=1.95e-04
2026-04-28 16:10:51,793 INFO src.training.train step=12800 epoch=17 loss=7.8943 grad=0.236 lr=1.94e-04
2026-04-28 16:11:37,779 INFO src.training.train step=12900 epoch=17 loss=7.8814 grad=0.241 lr=1.92e-04
2026-04-28 16:12:23,765 INFO src.training.train step=13000 epoch=17 loss=7.8740 grad=0.236 lr=1.90e-04
2026-04-28 16:12:31,312 INFO src.training.train EVAL step=13000 loss=8.0327 per_query_acc=0.0060 per_seq_acc=0.0000
2026-04-28 16:13:17,288 INFO src.training.train step=13100 epoch=17 loss=7.8759 grad=0.233 lr=1.89e-04
2026-04-28 16:14:03,274 INFO src.training.train step=13200 epoch=17 loss=7.8772 grad=0.240 lr=1.87e-04
2026-04-28 16:14:49,260 INFO src.training.train step=13300 epoch=18 loss=7.8691 grad=0.234 lr=1.86e-04
2026-04-28 16:15:35,246 INFO src.training.train step=13400 epoch=18 loss=7.8775 grad=0.243 lr=1.84e-04
2026-04-28 16:16:21,231 INFO src.training.train step=13500 epoch=18 loss=7.8747 grad=0.241 lr=1.83e-04
2026-04-28 16:17:07,217 INFO src.training.train step=13600 epoch=18 loss=7.8657 grad=0.245 lr=1.81e-04
2026-04-28 16:17:53,203 INFO src.training.train step=13700 epoch=18 loss=7.8626 grad=0.241 lr=1.79e-04
2026-04-28 16:18:39,189 INFO src.training.train step=13800 epoch=18 loss=7.8587 grad=0.241 lr=1.78e-04
2026-04-28 16:19:25,174 INFO src.training.train step=13900 epoch=18 loss=7.8630 grad=0.240 lr=1.76e-04
2026-04-28 16:20:11,160 INFO src.training.train step=14000 epoch=18 loss=7.8514 grad=0.246 lr=1.75e-04
2026-04-28 16:20:18,704 INFO src.training.train EVAL step=14000 loss=8.0199 per_query_acc=0.0061 per_seq_acc=0.0000
2026-04-28 16:21:04,684 INFO src.training.train step=14100 epoch=19 loss=7.8557 grad=0.246 lr=1.73e-04
2026-04-28 16:21:50,670 INFO src.training.train step=14200 epoch=19 loss=7.8356 grad=0.242 lr=1.71e-04
2026-04-28 16:22:36,655 INFO src.training.train step=14300 epoch=19 loss=7.8493 grad=0.236 lr=1.70e-04
2026-04-28 16:23:22,642 INFO src.training.train step=14400 epoch=19 loss=7.8515 grad=0.249 lr=1.68e-04
2026-04-28 16:24:08,627 INFO src.training.train step=14500 epoch=19 loss=7.8449 grad=0.246 lr=1.67e-04
2026-04-28 16:24:54,613 INFO src.training.train step=14600 epoch=19 loss=7.8423 grad=0.250 lr=1.65e-04
2026-04-28 16:25:40,599 INFO src.training.train step=14700 epoch=19 loss=7.8414 grad=0.239 lr=1.63e-04
2026-04-28 16:26:26,585 INFO src.training.train step=14800 epoch=19 loss=7.8429 grad=0.253 lr=1.62e-04
2026-04-28 16:27:12,571 INFO src.training.train step=14900 epoch=20 loss=7.8234 grad=0.243 lr=1.60e-04
2026-04-28 16:27:58,556 INFO src.training.train step=15000 epoch=20 loss=7.8382 grad=0.249 lr=1.59e-04
2026-04-28 16:28:06,107 INFO src.training.train EVAL step=15000 loss=8.0090 per_query_acc=0.0061 per_seq_acc=0.0000
2026-04-28 16:28:52,100 INFO src.training.train step=15100 epoch=20 loss=7.8395 grad=0.252 lr=1.57e-04
2026-04-28 16:29:38,086 INFO src.training.train step=15200 epoch=20 loss=7.8424 grad=0.248 lr=1.55e-04
2026-04-28 16:30:24,071 INFO src.training.train step=15300 epoch=20 loss=7.8348 grad=0.245 lr=1.54e-04
2026-04-28 16:31:10,057 INFO src.training.train step=15400 epoch=20 loss=7.8343 grad=0.248 lr=1.52e-04
2026-04-28 16:31:56,043 INFO src.training.train step=15500 epoch=20 loss=7.8232 grad=0.251 lr=1.50e-04
2026-04-28 16:32:42,029 INFO src.training.train step=15600 epoch=20 loss=7.8300 grad=0.247 lr=1.49e-04
2026-04-28 16:33:28,054 INFO src.training.train step=15700 epoch=21 loss=7.8224 grad=0.245 lr=1.47e-04
2026-04-28 16:34:14,040 INFO src.training.train step=15800 epoch=21 loss=7.8241 grad=0.252 lr=1.46e-04
2026-04-28 16:35:00,027 INFO src.training.train step=15900 epoch=21 loss=7.8298 grad=0.251 lr=1.44e-04
2026-04-28 16:35:46,012 INFO src.training.train step=16000 epoch=21 loss=7.8131 grad=0.251 lr=1.42e-04
2026-04-28 16:35:53,572 INFO src.training.train EVAL step=16000 loss=8.0016 per_query_acc=0.0061 per_seq_acc=0.0000
2026-04-28 16:36:39,555 INFO src.training.train step=16100 epoch=21 loss=7.8232 grad=0.243 lr=1.41e-04
2026-04-28 16:37:25,542 INFO src.training.train step=16200 epoch=21 loss=7.8275 grad=0.251 lr=1.39e-04
2026-04-28 16:38:11,528 INFO src.training.train step=16300 epoch=21 loss=7.8149 grad=0.255 lr=1.38e-04
2026-04-28 16:38:57,513 INFO src.training.train step=16400 epoch=22 loss=7.8244 grad=0.252 lr=1.36e-04
2026-04-28 16:39:43,498 INFO src.training.train step=16500 epoch=22 loss=7.8118 grad=0.251 lr=1.34e-04
2026-04-28 16:40:29,484 INFO src.training.train step=16600 epoch=22 loss=7.8076 grad=0.248 lr=1.33e-04
2026-04-28 16:41:15,470 INFO src.training.train step=16700 epoch=22 loss=7.8106 grad=0.252 lr=1.31e-04
2026-04-28 16:42:01,456 INFO src.training.train step=16800 epoch=22 loss=7.8191 grad=0.255 lr=1.30e-04
2026-04-28 16:42:47,442 INFO src.training.train step=16900 epoch=22 loss=7.8088 grad=0.251 lr=1.28e-04
2026-04-28 16:43:33,427 INFO src.training.train step=17000 epoch=22 loss=7.8091 grad=0.256 lr=1.26e-04
2026-04-28 16:43:40,979 INFO src.training.train EVAL step=17000 loss=7.9937 per_query_acc=0.0060 per_seq_acc=0.0000
2026-04-28 16:44:26,971 INFO src.training.train step=17100 epoch=22 loss=7.8094 grad=0.253 lr=1.25e-04
2026-04-28 16:45:12,957 INFO src.training.train step=17200 epoch=23 loss=7.8071 grad=0.251 lr=1.23e-04
2026-04-28 16:45:58,942 INFO src.training.train step=17300 epoch=23 loss=7.8129 grad=0.254 lr=1.22e-04
2026-04-28 16:46:44,928 INFO src.training.train step=17400 epoch=23 loss=7.8069 grad=0.257 lr=1.20e-04
2026-04-28 16:47:30,914 INFO src.training.train step=17500 epoch=23 loss=7.8010 grad=0.251 lr=1.18e-04
2026-04-28 16:48:16,899 INFO src.training.train step=17600 epoch=23 loss=7.7987 grad=0.253 lr=1.17e-04
2026-04-28 16:49:02,885 INFO src.training.train step=17700 epoch=23 loss=7.7946 grad=0.257 lr=1.15e-04
2026-04-28 16:49:48,871 INFO src.training.train step=17800 epoch=23 loss=7.8073 grad=0.255 lr=1.14e-04
2026-04-28 16:50:34,856 INFO src.training.train step=17900 epoch=23 loss=7.7915 grad=0.264 lr=1.12e-04
2026-04-28 16:51:20,842 INFO src.training.train step=18000 epoch=24 loss=7.7923 grad=0.252 lr=1.11e-04
2026-04-28 16:51:28,389 INFO src.training.train EVAL step=18000 loss=7.9888 per_query_acc=0.0060 per_seq_acc=0.0000
2026-04-28 16:52:14,365 INFO src.training.train step=18100 epoch=24 loss=7.7868 grad=0.258 lr=1.09e-04
2026-04-28 16:53:00,352 INFO src.training.train step=18200 epoch=24 loss=7.7908 grad=0.252 lr=1.07e-04
2026-04-28 16:53:46,337 INFO src.training.train step=18300 epoch=24 loss=7.7988 grad=0.257 lr=1.06e-04
2026-04-28 16:54:32,322 INFO src.training.train step=18400 epoch=24 loss=7.7837 grad=0.254 lr=1.04e-04
2026-04-28 16:55:18,308 INFO src.training.train step=18500 epoch=24 loss=7.7771 grad=0.254 lr=1.03e-04
2026-04-28 16:56:04,294 INFO src.training.train step=18600 epoch=24 loss=7.7877 grad=0.251 lr=1.01e-04
2026-04-28 16:56:50,279 INFO src.training.train step=18700 epoch=24 loss=7.7850 grad=0.262 lr=9.97e-05
2026-04-28 16:57:36,265 INFO src.training.train step=18800 epoch=25 loss=7.7707 grad=0.257 lr=9.82e-05
2026-04-28 16:58:22,251 INFO src.training.train step=18900 epoch=25 loss=7.7893 grad=0.258 lr=9.67e-05
2026-04-28 16:59:08,237 INFO src.training.train step=19000 epoch=25 loss=7.7890 grad=0.255 lr=9.52e-05
2026-04-28 16:59:15,786 INFO src.training.train EVAL step=19000 loss=7.9847 per_query_acc=0.0061 per_seq_acc=0.0000
2026-04-28 17:00:01,760 INFO src.training.train step=19100 epoch=25 loss=7.7922 grad=0.261 lr=9.37e-05
2026-04-28 17:00:47,746 INFO src.training.train step=19200 epoch=25 loss=7.7808 grad=0.260 lr=9.22e-05
2026-04-28 17:01:33,731 INFO src.training.train step=19300 epoch=25 loss=7.7901 grad=0.254 lr=9.07e-05
2026-04-28 17:02:19,718 INFO src.training.train step=19400 epoch=25 loss=7.7709 grad=0.255 lr=8.92e-05
2026-04-28 17:03:05,704 INFO src.training.train step=19500 epoch=25 loss=7.7800 grad=0.254 lr=8.77e-05
2026-04-28 17:03:51,729 INFO src.training.train step=19600 epoch=26 loss=7.7743 grad=0.252 lr=8.63e-05
2026-04-28 17:04:37,715 INFO src.training.train step=19700 epoch=26 loss=7.7794 grad=0.261 lr=8.48e-05
2026-04-28 17:05:23,700 INFO src.training.train step=19800 epoch=26 loss=7.7789 grad=0.255 lr=8.34e-05
2026-04-28 17:06:09,686 INFO src.training.train step=19900 epoch=26 loss=7.7701 grad=0.257 lr=8.19e-05
2026-04-28 17:06:55,672 INFO src.training.train step=20000 epoch=26 loss=7.7752 grad=0.257 lr=8.05e-05
2026-04-28 17:07:03,223 INFO src.training.train EVAL step=20000 loss=7.9819 per_query_acc=0.0059 per_seq_acc=0.0000
2026-04-28 17:07:49,215 INFO src.training.train step=20100 epoch=26 loss=7.7809 grad=0.258 lr=7.90e-05
2026-04-28 17:08:35,201 INFO src.training.train step=20200 epoch=26 loss=7.7717 grad=0.256 lr=7.76e-05
2026-04-28 17:09:21,186 INFO src.training.train step=20300 epoch=27 loss=7.7747 grad=0.263 lr=7.62e-05
2026-04-28 17:10:07,172 INFO src.training.train step=20400 epoch=27 loss=7.7665 grad=0.262 lr=7.48e-05
2026-04-28 17:10:53,158 INFO src.training.train step=20500 epoch=27 loss=7.7677 grad=0.262 lr=7.34e-05
2026-04-28 17:11:39,144 INFO src.training.train step=20600 epoch=27 loss=7.7754 grad=0.262 lr=7.20e-05
2026-04-28 17:12:25,130 INFO src.training.train step=20700 epoch=27 loss=7.7782 grad=0.260 lr=7.07e-05
2026-04-28 17:13:11,115 INFO src.training.train step=20800 epoch=27 loss=7.7674 grad=0.256 lr=6.93e-05
2026-04-28 17:13:57,101 INFO src.training.train step=20900 epoch=27 loss=7.7701 grad=0.253 lr=6.79e-05
2026-04-28 17:14:43,087 INFO src.training.train step=21000 epoch=27 loss=7.7648 grad=0.255 lr=6.66e-05
2026-04-28 17:14:50,633 INFO src.training.train EVAL step=21000 loss=7.9784 per_query_acc=0.0060 per_seq_acc=0.0000
2026-04-28 17:15:36,610 INFO src.training.train step=21100 epoch=28 loss=7.7607 grad=0.255 lr=6.53e-05
2026-04-28 17:16:22,596 INFO src.training.train step=21200 epoch=28 loss=7.7699 grad=0.260 lr=6.39e-05
2026-04-28 17:17:08,581 INFO src.training.train step=21300 epoch=28 loss=7.7785 grad=0.261 lr=6.26e-05
2026-04-28 17:17:54,567 INFO src.training.train step=21400 epoch=28 loss=7.7663 grad=0.260 lr=6.13e-05
2026-04-28 17:18:40,553 INFO src.training.train step=21500 epoch=28 loss=7.7645 grad=0.262 lr=6.00e-05
2026-04-28 17:19:26,538 INFO src.training.train step=21600 epoch=28 loss=7.7546 grad=0.264 lr=5.87e-05
2026-04-28 17:20:12,524 INFO src.training.train step=21700 epoch=28 loss=7.7708 grad=0.255 lr=5.75e-05
2026-04-28 17:20:58,510 INFO src.training.train step=21800 epoch=28 loss=7.7552 grad=0.259 lr=5.62e-05
2026-04-28 17:21:44,495 INFO src.training.train step=21900 epoch=29 loss=7.7596 grad=0.258 lr=5.50e-05
2026-04-28 17:22:30,481 INFO src.training.train step=22000 epoch=29 loss=7.7523 grad=0.258 lr=5.37e-05
2026-04-28 17:22:37,998 INFO src.training.train EVAL step=22000 loss=7.9772 per_query_acc=0.0060 per_seq_acc=0.0000
2026-04-28 17:23:23,984 INFO src.training.train step=22100 epoch=29 loss=7.7624 grad=0.256 lr=5.25e-05
2026-04-28 17:24:09,970 INFO src.training.train step=22200 epoch=29 loss=7.7637 grad=0.262 lr=5.13e-05
2026-04-28 17:24:55,956 INFO src.training.train step=22300 epoch=29 loss=7.7539 grad=0.254 lr=5.01e-05
2026-04-28 17:25:41,941 INFO src.training.train step=22400 epoch=29 loss=7.7531 grad=0.267 lr=4.89e-05
2026-04-28 17:26:27,907 INFO src.training.train step=22500 epoch=29 loss=7.7533 grad=0.255 lr=4.77e-05
2026-04-28 17:27:13,873 INFO src.training.train step=22600 epoch=29 loss=7.7511 grad=0.260 lr=4.65e-05
2026-04-28 17:27:59,839 INFO src.training.train step=22700 epoch=30 loss=7.7435 grad=0.259 lr=4.54e-05
2026-04-28 17:28:45,804 INFO src.training.train step=22800 epoch=30 loss=7.7646 grad=0.256 lr=4.42e-05
2026-04-28 17:29:31,771 INFO src.training.train step=22900 epoch=30 loss=7.7585 grad=0.258 lr=4.31e-05
2026-04-28 17:30:17,755 INFO src.training.train step=23000 epoch=30 loss=7.7633 grad=0.269 lr=4.20e-05
2026-04-28 17:30:25,269 INFO src.training.train EVAL step=23000 loss=7.9756 per_query_acc=0.0060 per_seq_acc=0.0000
2026-04-28 17:31:11,240 INFO src.training.train step=23100 epoch=30 loss=7.7499 grad=0.257 lr=4.09e-05
2026-04-28 17:31:57,225 INFO src.training.train step=23200 epoch=30 loss=7.7585 grad=0.259 lr=3.98e-05
2026-04-28 17:32:43,135 INFO src.training.train step=23300 epoch=30 loss=7.7474 grad=0.261 lr=3.87e-05
2026-04-28 17:33:29,057 INFO src.training.train step=23400 epoch=30 loss=7.7498 grad=0.263 lr=3.76e-05
2026-04-28 17:34:15,083 INFO src.training.train step=23500 epoch=31 loss=7.7486 grad=0.256 lr=3.66e-05
2026-04-28 17:35:01,068 INFO src.training.train step=23600 epoch=31 loss=7.7563 grad=0.260 lr=3.55e-05
2026-04-28 17:35:47,055 INFO src.training.train step=23700 epoch=31 loss=7.7635 grad=0.258 lr=3.45e-05
2026-04-28 17:36:33,040 INFO src.training.train step=23800 epoch=31 loss=7.7474 grad=0.256 lr=3.35e-05
2026-04-28 17:37:18,986 INFO src.training.train step=23900 epoch=31 loss=7.7553 grad=0.262 lr=3.25e-05
2026-04-28 17:38:04,888 INFO src.training.train step=24000 epoch=31 loss=7.7575 grad=0.265 lr=3.15e-05
2026-04-28 17:38:12,402 INFO src.training.train EVAL step=24000 loss=7.9748 per_query_acc=0.0059 per_seq_acc=0.0000
2026-04-28 17:38:58,294 INFO src.training.train step=24100 epoch=31 loss=7.7511 grad=0.258 lr=3.05e-05
2026-04-28 17:39:44,245 INFO src.training.train step=24200 epoch=32 loss=7.7583 grad=0.261 lr=2.96e-05
2026-04-28 17:40:30,150 INFO src.training.train step=24300 epoch=32 loss=7.7460 grad=0.259 lr=2.86e-05
2026-04-28 17:41:16,034 INFO src.training.train step=24400 epoch=32 loss=7.7436 grad=0.259 lr=2.77e-05
2026-04-28 17:42:01,919 INFO src.training.train step=24500 epoch=32 loss=7.7511 grad=0.261 lr=2.68e-05
2026-04-28 17:42:47,884 INFO src.training.train step=24600 epoch=32 loss=7.7537 grad=0.261 lr=2.59e-05
2026-04-28 17:43:33,823 INFO src.training.train step=24700 epoch=32 loss=7.7479 grad=0.258 lr=2.50e-05
2026-04-28 17:44:19,755 INFO src.training.train step=24800 epoch=32 loss=7.7526 grad=0.256 lr=2.41e-05
2026-04-28 17:45:05,742 INFO src.training.train step=24900 epoch=32 loss=7.7488 grad=0.256 lr=2.32e-05
2026-04-28 17:45:51,628 INFO src.training.train step=25000 epoch=33 loss=7.7498 grad=0.259 lr=2.24e-05
2026-04-28 17:45:59,138 INFO src.training.train EVAL step=25000 loss=7.9741 per_query_acc=0.0060 per_seq_acc=0.0000
2026-04-28 17:46:45,110 INFO src.training.train step=25100 epoch=33 loss=7.7503 grad=0.261 lr=2.16e-05
2026-04-28 17:47:31,035 INFO src.training.train step=25200 epoch=33 loss=7.7580 grad=0.260 lr=2.08e-05
2026-04-28 17:48:16,962 INFO src.training.train step=25300 epoch=33 loss=7.7410 grad=0.255 lr=2.00e-05
2026-04-28 17:49:02,888 INFO src.training.train step=25400 epoch=33 loss=7.7391 grad=0.265 lr=1.92e-05
2026-04-28 17:49:48,834 INFO src.training.train step=25500 epoch=33 loss=7.7374 grad=0.261 lr=1.84e-05
2026-04-28 17:50:34,820 INFO src.training.train step=25600 epoch=33 loss=7.7569 grad=0.258 lr=1.77e-05
2026-04-28 17:51:20,807 INFO src.training.train step=25700 epoch=33 loss=7.7373 grad=0.264 lr=1.69e-05
2026-04-28 17:52:06,792 INFO src.training.train step=25800 epoch=34 loss=7.7406 grad=0.257 lr=1.62e-05
2026-04-28 17:52:52,777 INFO src.training.train step=25900 epoch=34 loss=7.7327 grad=0.258 lr=1.55e-05
2026-04-28 17:53:38,764 INFO src.training.train step=26000 epoch=34 loss=7.7480 grad=0.262 lr=1.48e-05
2026-04-28 17:53:46,301 INFO src.training.train EVAL step=26000 loss=7.9737 per_query_acc=0.0060 per_seq_acc=0.0000
2026-04-28 17:53:46,301 INFO src.training.train EARLY STOP: 20 evals without per_query_acc improvement (best=0.0054 at step 6000, per_seq_acc=0.0000)
2026-04-28 17:53:53,837 INFO src.training.train DONE: {
  "backbone": "transformer_causal",
  "seq_len": 1024,
  "n_kv_pairs": 256,
  "n_queries": 256,
  "vocab_size": 8192,
  "n_parameters": 8548096,
  "steps_taken": 26000,
  "epochs_taken": 34,
  "early_stopped": true,
  "best_per_seq_acc": 0.0,
  "best_per_query_acc": 0.005377604166666667,
  "best_step": 6000,
  "final_per_seq_acc": 0.0,
  "final_per_query_acc": 0.005983072916666667,
  "final_loss": 7.973742787679036,
  "wall_sec": 12153.991650819778,
  "seed": 42
}
