2026-04-17 00:48:39,953 INFO Loading LibriSpeech split=train.100 from HuggingFace...
2026-04-17 00:48:40,138 INFO HTTP Request: HEAD https://huggingface.co/datasets/openslr/librispeech_asr/resolve/main/README.md "HTTP/1.1 307 Temporary Redirect"
2026-04-17 00:48:40,144 INFO HTTP Request: HEAD https://huggingface.co/api/resolve-cache/datasets/openslr/librispeech_asr/71cacbfb7e2354c4226d01e70d77d5fca3d04ba1/README.md "HTTP/1.1 200 OK"
2026-04-17 00:48:40,286 INFO HTTP Request: HEAD https://huggingface.co/datasets/openslr/librispeech_asr/resolve/71cacbfb7e2354c4226d01e70d77d5fca3d04ba1/librispeech_asr.py "HTTP/1.1 404 Not Found"
2026-04-17 00:48:40,659 INFO HTTP Request: HEAD https://s3.amazonaws.com/datasets.huggingface.co/datasets/datasets/openslr/librispeech_asr/openslr/librispeech_asr.py "HTTP/1.1 404 Not Found"
2026-04-17 00:48:40,814 INFO HTTP Request: GET https://huggingface.co/api/datasets/openslr/librispeech_asr/revision/71cacbfb7e2354c4226d01e70d77d5fca3d04ba1 "HTTP/1.1 200 OK"
2026-04-17 00:48:40,956 INFO HTTP Request: HEAD https://huggingface.co/datasets/openslr/librispeech_asr/resolve/71cacbfb7e2354c4226d01e70d77d5fca3d04ba1/.huggingface.yaml "HTTP/1.1 404 Not Found"
2026-04-17 00:48:40,957 WARNING Warning: You are sending unauthenticated requests to the HF Hub. Please set a HF_TOKEN to enable higher rate limits and faster downloads.
2026-04-17 00:48:41,158 INFO HTTP Request: GET https://datasets-server.huggingface.co/info?dataset=openslr/librispeech_asr "HTTP/1.1 200 OK"
2026-04-17 00:48:41,303 INFO HTTP Request: GET https://huggingface.co/api/datasets/openslr/librispeech_asr/tree/71cacbfb7e2354c4226d01e70d77d5fca3d04ba1/clean%2Ftest?recursive=true&expand=false "HTTP/1.1 200 OK"
2026-04-17 00:48:41,452 INFO HTTP Request: GET https://huggingface.co/api/datasets/openslr/librispeech_asr/tree/71cacbfb7e2354c4226d01e70d77d5fca3d04ba1/clean?recursive=false&expand=false "HTTP/1.1 200 OK"
2026-04-17 00:48:41,610 INFO HTTP Request: GET https://huggingface.co/api/datasets/openslr/librispeech_asr/tree/71cacbfb7e2354c4226d01e70d77d5fca3d04ba1/clean%2Ftrain.100?recursive=true&expand=false "HTTP/1.1 200 OK"
2026-04-17 00:48:41,760 INFO HTTP Request: GET https://huggingface.co/api/datasets/openslr/librispeech_asr/tree/71cacbfb7e2354c4226d01e70d77d5fca3d04ba1/clean%2Ftrain.360?recursive=true&expand=false "HTTP/1.1 200 OK"
2026-04-17 00:48:41,922 INFO HTTP Request: GET https://huggingface.co/api/datasets/openslr/librispeech_asr/tree/71cacbfb7e2354c4226d01e70d77d5fca3d04ba1/clean%2Fvalidation?recursive=true&expand=false "HTTP/1.1 200 OK"
2026-04-17 00:48:42,069 INFO HTTP Request: HEAD https://huggingface.co/datasets/openslr/librispeech_asr/resolve/71cacbfb7e2354c4226d01e70d77d5fca3d04ba1/dataset_infos.json "HTTP/1.1 404 Not Found"
2026-04-17 00:50:11,714 INFO Loaded 28538 utterances from train.100 (skipped 1 outside [0.5s, 20.0s])
2026-04-17 00:50:11,965 INFO Loading LibriSpeech split=validation from HuggingFace...
2026-04-17 00:50:12,148 INFO HTTP Request: HEAD https://huggingface.co/datasets/openslr/librispeech_asr/resolve/main/README.md "HTTP/1.1 307 Temporary Redirect"
2026-04-17 00:50:12,152 INFO HTTP Request: HEAD https://huggingface.co/api/resolve-cache/datasets/openslr/librispeech_asr/71cacbfb7e2354c4226d01e70d77d5fca3d04ba1/README.md "HTTP/1.1 200 OK"
2026-04-17 00:50:12,292 INFO HTTP Request: HEAD https://huggingface.co/datasets/openslr/librispeech_asr/resolve/71cacbfb7e2354c4226d01e70d77d5fca3d04ba1/librispeech_asr.py "HTTP/1.1 404 Not Found"
2026-04-17 00:50:12,676 INFO HTTP Request: HEAD https://s3.amazonaws.com/datasets.huggingface.co/datasets/datasets/openslr/librispeech_asr/openslr/librispeech_asr.py "HTTP/1.1 404 Not Found"
2026-04-17 00:50:12,841 INFO HTTP Request: HEAD https://huggingface.co/datasets/openslr/librispeech_asr/resolve/71cacbfb7e2354c4226d01e70d77d5fca3d04ba1/.huggingface.yaml "HTTP/1.1 404 Not Found"
2026-04-17 00:50:13,036 INFO HTTP Request: GET https://datasets-server.huggingface.co/info?dataset=openslr/librispeech_asr "HTTP/1.1 200 OK"
2026-04-17 00:50:13,204 INFO HTTP Request: HEAD https://huggingface.co/datasets/openslr/librispeech_asr/resolve/71cacbfb7e2354c4226d01e70d77d5fca3d04ba1/dataset_infos.json "HTTP/1.1 404 Not Found"
2026-04-17 00:50:18,197 INFO Loaded 2642 utterances from validation (skipped 61 outside [0.5s, 20.0s])
2026-04-17 00:50:18,197 INFO Loading LibriSpeech split=test from HuggingFace...
2026-04-17 00:50:18,371 INFO HTTP Request: HEAD https://huggingface.co/datasets/openslr/librispeech_asr/resolve/main/README.md "HTTP/1.1 307 Temporary Redirect"
2026-04-17 00:50:18,377 INFO HTTP Request: HEAD https://huggingface.co/api/resolve-cache/datasets/openslr/librispeech_asr/71cacbfb7e2354c4226d01e70d77d5fca3d04ba1/README.md "HTTP/1.1 200 OK"
2026-04-17 00:50:18,517 INFO HTTP Request: HEAD https://huggingface.co/datasets/openslr/librispeech_asr/resolve/71cacbfb7e2354c4226d01e70d77d5fca3d04ba1/librispeech_asr.py "HTTP/1.1 404 Not Found"
2026-04-17 00:50:18,950 INFO HTTP Request: HEAD https://s3.amazonaws.com/datasets.huggingface.co/datasets/datasets/openslr/librispeech_asr/openslr/librispeech_asr.py "HTTP/1.1 404 Not Found"
2026-04-17 00:50:19,110 INFO HTTP Request: HEAD https://huggingface.co/datasets/openslr/librispeech_asr/resolve/71cacbfb7e2354c4226d01e70d77d5fca3d04ba1/.huggingface.yaml "HTTP/1.1 404 Not Found"
2026-04-17 00:50:19,320 INFO HTTP Request: GET https://datasets-server.huggingface.co/info?dataset=openslr/librispeech_asr "HTTP/1.1 200 OK"
2026-04-17 00:50:19,522 INFO HTTP Request: HEAD https://huggingface.co/datasets/openslr/librispeech_asr/resolve/71cacbfb7e2354c4226d01e70d77d5fca3d04ba1/dataset_infos.json "HTTP/1.1 404 Not Found"
2026-04-17 00:50:24,494 INFO Loaded 2528 utterances from test (skipped 92 outside [0.5s, 20.0s])
2026-04-17 00:50:24,637 INFO Backbone: rwkv6_trap_var | Params: 7.74M
2026-04-17 00:50:24,637 INFO   Frontend: 1.90M | Encoder: 5.83M | Head: 8.0K
2026-04-17 00:50:27,538 INFO Epoch 1 | Batch 0 | Loss: 4.1274 | LR: 3.00e-07
2026-04-17 00:50:32,224 INFO Epoch 1 | Batch 50 | Loss: 2.9446 | LR: 1.53e-05
2026-04-17 00:50:37,049 INFO Epoch 1 | Batch 100 | Loss: 2.9257 | LR: 3.03e-05
2026-04-17 00:50:41,540 INFO Epoch 1 | Batch 150 | Loss: 2.8762 | LR: 4.53e-05
2026-04-17 00:50:46,012 INFO Epoch 1 | Batch 200 | Loss: 2.8411 | LR: 6.03e-05
2026-04-17 00:50:50,564 INFO Epoch 1 | Batch 250 | Loss: 2.8530 | LR: 7.53e-05
2026-04-17 00:50:55,088 INFO Epoch 1 | Batch 300 | Loss: 2.8475 | LR: 9.03e-05
2026-04-17 00:50:59,581 INFO Epoch 1 | Batch 350 | Loss: 2.8518 | LR: 1.05e-04
2026-04-17 00:51:04,050 INFO Epoch 1 | Batch 400 | Loss: 2.8665 | LR: 1.20e-04
2026-04-17 00:51:08,583 INFO Epoch 1 | Batch 450 | Loss: 2.7053 | LR: 1.35e-04
2026-04-17 00:51:13,167 INFO Epoch 1 | Batch 500 | Loss: 2.6620 | LR: 1.50e-04
2026-04-17 00:51:17,569 INFO Epoch 1 | Batch 550 | Loss: 2.6429 | LR: 1.65e-04
2026-04-17 00:51:21,965 INFO Epoch 1 | Batch 600 | Loss: 2.6499 | LR: 1.80e-04
2026-04-17 00:51:26,459 INFO Epoch 1 | Batch 650 | Loss: 2.4464 | LR: 1.95e-04
2026-04-17 00:51:31,008 INFO Epoch 1 | Batch 700 | Loss: 2.4909 | LR: 2.10e-04
2026-04-17 00:51:35,521 INFO Epoch 1 | Batch 750 | Loss: 2.4107 | LR: 2.25e-04
2026-04-17 00:51:40,103 INFO Epoch 1 | Batch 800 | Loss: 2.5814 | LR: 2.40e-04
2026-04-17 00:51:44,644 INFO Epoch 1 | Batch 850 | Loss: 2.2661 | LR: 2.55e-04
2026-04-17 00:51:49,245 INFO Epoch 1 | Batch 900 | Loss: 2.3492 | LR: 2.70e-04
2026-04-17 00:51:53,760 INFO Epoch 1 | Batch 950 | Loss: 2.2290 | LR: 2.85e-04
2026-04-17 00:51:58,312 INFO Epoch 1 | Batch 1000 | Loss: 2.0439 | LR: 3.00e-04
2026-04-17 00:52:02,774 INFO Epoch 1 | Batch 1050 | Loss: 2.1614 | LR: 3.00e-04
2026-04-17 00:52:07,172 INFO Epoch 1 | Batch 1100 | Loss: 2.1679 | LR: 3.00e-04
2026-04-17 00:52:11,666 INFO Epoch 1 | Batch 1150 | Loss: 2.2980 | LR: 3.00e-04
2026-04-17 00:52:16,360 INFO Epoch 1 | Batch 1200 | Loss: 2.1614 | LR: 3.00e-04
2026-04-17 00:52:25,148 INFO Epoch 1 | Train: 2.5580 | Dev CER: 0.5164 | Dev WER: 0.9689 | Time: 120s | Peak: 6.5 GB
2026-04-17 00:52:25,148 INFO   New best CER: 0.5164
2026-04-17 00:52:27,691 INFO Epoch 2 | Batch 0 | Loss: 1.9886 | LR: 3.00e-04
2026-04-17 00:52:32,666 INFO Epoch 2 | Batch 50 | Loss: 2.2244 | LR: 3.00e-04
2026-04-17 00:52:37,620 INFO Epoch 2 | Batch 100 | Loss: 2.1764 | LR: 3.00e-04
2026-04-17 00:52:42,390 INFO Epoch 2 | Batch 150 | Loss: 2.0718 | LR: 3.00e-04
2026-04-17 00:52:47,121 INFO Epoch 2 | Batch 200 | Loss: 1.9755 | LR: 3.00e-04
2026-04-17 00:52:52,069 INFO Epoch 2 | Batch 250 | Loss: 1.6791 | LR: 3.00e-04
2026-04-17 00:52:56,756 INFO Epoch 2 | Batch 300 | Loss: 1.8582 | LR: 3.00e-04
2026-04-17 00:53:01,462 INFO Epoch 2 | Batch 350 | Loss: 1.8627 | LR: 3.00e-04
2026-04-17 00:53:06,198 INFO Epoch 2 | Batch 400 | Loss: 1.6672 | LR: 3.00e-04
2026-04-17 00:53:10,983 INFO Epoch 2 | Batch 450 | Loss: 1.7584 | LR: 3.00e-04
2026-04-17 00:53:15,689 INFO Epoch 2 | Batch 500 | Loss: 1.7232 | LR: 3.00e-04
2026-04-17 00:53:20,436 INFO Epoch 2 | Batch 550 | Loss: 1.9672 | LR: 3.00e-04
2026-04-17 00:53:25,244 INFO Epoch 2 | Batch 600 | Loss: 1.7918 | LR: 3.00e-04
2026-04-17 00:53:29,837 INFO Epoch 2 | Batch 650 | Loss: 1.9317 | LR: 3.00e-04
2026-04-17 00:53:34,292 INFO Epoch 2 | Batch 700 | Loss: 2.2156 | LR: 3.00e-04
2026-04-17 00:53:38,636 INFO Epoch 2 | Batch 750 | Loss: 1.7600 | LR: 2.99e-04
2026-04-17 00:53:43,002 INFO Epoch 2 | Batch 800 | Loss: 1.5078 | LR: 2.99e-04
2026-04-17 00:53:47,883 INFO Epoch 2 | Batch 850 | Loss: 1.8537 | LR: 2.99e-04
2026-04-17 00:53:52,628 INFO Epoch 2 | Batch 900 | Loss: 1.6756 | LR: 2.99e-04
2026-04-17 00:53:57,547 INFO Epoch 2 | Batch 950 | Loss: 1.5479 | LR: 2.99e-04
2026-04-17 00:54:02,271 INFO Epoch 2 | Batch 1000 | Loss: 2.2923 | LR: 2.99e-04
2026-04-17 00:54:07,108 INFO Epoch 2 | Batch 1050 | Loss: 1.7495 | LR: 2.99e-04
2026-04-17 00:54:11,923 INFO Epoch 2 | Batch 1100 | Loss: 1.6231 | LR: 2.99e-04
2026-04-17 00:54:16,666 INFO Epoch 2 | Batch 1150 | Loss: 1.4800 | LR: 2.99e-04
2026-04-17 00:54:21,447 INFO Epoch 2 | Batch 1200 | Loss: 1.5828 | LR: 2.99e-04
2026-04-17 00:54:30,644 INFO Epoch 2 | Train: 1.7945 | Dev CER: 0.3615 | Dev WER: 0.8125 | Time: 125s | Peak: 6.5 GB
2026-04-17 00:54:30,644 INFO   New best CER: 0.3615
2026-04-17 00:54:33,366 INFO Epoch 3 | Batch 0 | Loss: 1.4689 | LR: 2.99e-04
2026-04-17 00:54:38,204 INFO Epoch 3 | Batch 50 | Loss: 1.5870 | LR: 2.99e-04
2026-04-17 00:54:42,978 INFO Epoch 3 | Batch 100 | Loss: 1.5392 | LR: 2.99e-04
2026-04-17 00:54:47,837 INFO Epoch 3 | Batch 150 | Loss: 1.4953 | LR: 2.99e-04
2026-04-17 00:54:52,532 INFO Epoch 3 | Batch 200 | Loss: 1.6331 | LR: 2.98e-04
2026-04-17 00:54:57,312 INFO Epoch 3 | Batch 250 | Loss: 1.2420 | LR: 2.98e-04
2026-04-17 00:55:02,015 INFO Epoch 3 | Batch 300 | Loss: 1.6416 | LR: 2.98e-04
2026-04-17 00:55:06,701 INFO Epoch 3 | Batch 350 | Loss: 1.2645 | LR: 2.98e-04
2026-04-17 00:55:11,356 INFO Epoch 3 | Batch 400 | Loss: 1.3738 | LR: 2.98e-04
2026-04-17 00:55:16,134 INFO Epoch 3 | Batch 450 | Loss: 1.8667 | LR: 2.98e-04
2026-04-17 00:55:21,019 INFO Epoch 3 | Batch 500 | Loss: 1.4555 | LR: 2.98e-04
2026-04-17 00:55:25,785 INFO Epoch 3 | Batch 550 | Loss: 1.4440 | LR: 2.98e-04
2026-04-17 00:55:30,571 INFO Epoch 3 | Batch 600 | Loss: 1.6903 | LR: 2.98e-04
2026-04-17 00:55:35,189 INFO Epoch 3 | Batch 650 | Loss: 1.4992 | LR: 2.97e-04
2026-04-17 00:55:39,898 INFO Epoch 3 | Batch 700 | Loss: 1.6479 | LR: 2.97e-04
2026-04-17 00:55:44,613 INFO Epoch 3 | Batch 750 | Loss: 1.9038 | LR: 2.97e-04
2026-04-17 00:55:49,235 INFO Epoch 3 | Batch 800 | Loss: 1.5627 | LR: 2.97e-04
2026-04-17 00:55:53,968 INFO Epoch 3 | Batch 850 | Loss: 1.5527 | LR: 2.97e-04
2026-04-17 00:55:58,829 INFO Epoch 3 | Batch 900 | Loss: 1.7019 | LR: 2.97e-04
2026-04-17 00:56:03,654 INFO Epoch 3 | Batch 950 | Loss: 1.7566 | LR: 2.97e-04
2026-04-17 00:56:08,374 INFO Epoch 3 | Batch 1000 | Loss: 1.3533 | LR: 2.97e-04
2026-04-17 00:56:13,264 INFO Epoch 3 | Batch 1050 | Loss: 1.4677 | LR: 2.96e-04
2026-04-17 00:56:17,992 INFO Epoch 3 | Batch 1100 | Loss: 1.2864 | LR: 2.96e-04
2026-04-17 00:56:22,678 INFO Epoch 3 | Batch 1150 | Loss: 1.8556 | LR: 2.96e-04
2026-04-17 00:56:27,318 INFO Epoch 3 | Batch 1200 | Loss: 1.6567 | LR: 2.96e-04
2026-04-17 00:56:36,465 INFO Epoch 3 | Train: 1.5019 | Dev CER: 0.3014 | Dev WER: 0.7336 | Time: 125s | Peak: 6.5 GB
2026-04-17 00:56:36,465 INFO   New best CER: 0.3014
2026-04-17 00:56:38,963 INFO Epoch 4 | Batch 0 | Loss: 1.2608 | LR: 2.96e-04
2026-04-17 00:56:43,739 INFO Epoch 4 | Batch 50 | Loss: 1.6215 | LR: 2.96e-04
2026-04-17 00:56:48,402 INFO Epoch 4 | Batch 100 | Loss: 1.2445 | LR: 2.96e-04
2026-04-17 00:56:53,355 INFO Epoch 4 | Batch 150 | Loss: 1.8097 | LR: 2.95e-04
2026-04-17 00:56:58,175 INFO Epoch 4 | Batch 200 | Loss: 1.5059 | LR: 2.95e-04
2026-04-17 00:57:02,959 INFO Epoch 4 | Batch 250 | Loss: 1.4118 | LR: 2.95e-04
2026-04-17 00:57:07,719 INFO Epoch 4 | Batch 300 | Loss: 1.3693 | LR: 2.95e-04
2026-04-17 00:57:12,576 INFO Epoch 4 | Batch 350 | Loss: 1.8261 | LR: 2.95e-04
2026-04-17 00:57:17,303 INFO Epoch 4 | Batch 400 | Loss: 1.4834 | LR: 2.95e-04
2026-04-17 00:57:22,185 INFO Epoch 4 | Batch 450 | Loss: 1.3640 | LR: 2.94e-04
2026-04-17 00:57:26,951 INFO Epoch 4 | Batch 500 | Loss: 1.5392 | LR: 2.94e-04
2026-04-17 00:57:31,712 INFO Epoch 4 | Batch 550 | Loss: 1.2427 | LR: 2.94e-04
2026-04-17 00:57:36,627 INFO Epoch 4 | Batch 600 | Loss: 1.4805 | LR: 2.94e-04
2026-04-17 00:57:41,407 INFO Epoch 4 | Batch 650 | Loss: 1.3615 | LR: 2.94e-04
2026-04-17 00:57:46,152 INFO Epoch 4 | Batch 700 | Loss: 1.1450 | LR: 2.93e-04
2026-04-17 00:57:50,799 INFO Epoch 4 | Batch 750 | Loss: 1.3761 | LR: 2.93e-04
2026-04-17 00:57:55,465 INFO Epoch 4 | Batch 800 | Loss: 1.2108 | LR: 2.93e-04
2026-04-17 00:58:00,077 INFO Epoch 4 | Batch 850 | Loss: 1.6324 | LR: 2.93e-04
2026-04-17 00:58:04,741 INFO Epoch 4 | Batch 900 | Loss: 1.4168 | LR: 2.93e-04
2026-04-17 00:58:09,390 INFO Epoch 4 | Batch 950 | Loss: 1.3606 | LR: 2.92e-04
2026-04-17 00:58:14,262 INFO Epoch 4 | Batch 1000 | Loss: 1.2053 | LR: 2.92e-04
2026-04-17 00:58:19,064 INFO Epoch 4 | Batch 1050 | Loss: 1.4199 | LR: 2.92e-04
2026-04-17 00:58:23,893 INFO Epoch 4 | Batch 1100 | Loss: 1.2150 | LR: 2.92e-04
2026-04-17 00:58:28,678 INFO Epoch 4 | Batch 1150 | Loss: 1.5460 | LR: 2.92e-04
2026-04-17 00:58:33,386 INFO Epoch 4 | Batch 1200 | Loss: 1.6586 | LR: 2.91e-04
2026-04-17 00:58:42,781 INFO Epoch 4 | Train: 1.3601 | Dev CER: 0.2652 | Dev WER: 0.6692 | Time: 126s | Peak: 6.5 GB
2026-04-17 00:58:42,781 INFO   New best CER: 0.2652
2026-04-17 00:58:45,009 INFO Epoch 5 | Batch 0 | Loss: 1.0194 | LR: 2.91e-04
2026-04-17 00:58:49,779 INFO Epoch 5 | Batch 50 | Loss: 1.2450 | LR: 2.91e-04
2026-04-17 00:58:54,499 INFO Epoch 5 | Batch 100 | Loss: 1.3382 | LR: 2.91e-04
2026-04-17 00:58:59,313 INFO Epoch 5 | Batch 150 | Loss: 1.2585 | LR: 2.91e-04
2026-04-17 00:59:03,868 INFO Epoch 5 | Batch 200 | Loss: 1.1333 | LR: 2.90e-04
2026-04-17 00:59:08,633 INFO Epoch 5 | Batch 250 | Loss: 1.8637 | LR: 2.90e-04
2026-04-17 00:59:13,174 INFO Epoch 5 | Batch 300 | Loss: 1.0400 | LR: 2.90e-04
2026-04-17 00:59:17,925 INFO Epoch 5 | Batch 350 | Loss: 1.0787 | LR: 2.90e-04
2026-04-17 00:59:22,556 INFO Epoch 5 | Batch 400 | Loss: 0.9932 | LR: 2.89e-04
2026-04-17 00:59:27,252 INFO Epoch 5 | Batch 450 | Loss: 1.3167 | LR: 2.89e-04
2026-04-17 00:59:32,102 INFO Epoch 5 | Batch 500 | Loss: 1.1945 | LR: 2.89e-04
2026-04-17 00:59:36,838 INFO Epoch 5 | Batch 550 | Loss: 1.2972 | LR: 2.89e-04
2026-04-17 00:59:41,617 INFO Epoch 5 | Batch 600 | Loss: 1.4157 | LR: 2.88e-04
2026-04-17 00:59:46,315 INFO Epoch 5 | Batch 650 | Loss: 1.5494 | LR: 2.88e-04
2026-04-17 00:59:51,028 INFO Epoch 5 | Batch 700 | Loss: 1.1997 | LR: 2.88e-04
2026-04-17 00:59:55,703 INFO Epoch 5 | Batch 750 | Loss: 1.1147 | LR: 2.88e-04
2026-04-17 01:00:00,419 INFO Epoch 5 | Batch 800 | Loss: 1.1286 | LR: 2.87e-04
2026-04-17 01:00:05,151 INFO Epoch 5 | Batch 850 | Loss: 1.1869 | LR: 2.87e-04
2026-04-17 01:00:09,965 INFO Epoch 5 | Batch 900 | Loss: 1.2902 | LR: 2.87e-04
2026-04-17 01:00:14,607 INFO Epoch 5 | Batch 950 | Loss: 1.7000 | LR: 2.87e-04
2026-04-17 01:00:19,356 INFO Epoch 5 | Batch 1000 | Loss: 1.4294 | LR: 2.86e-04
2026-04-17 01:00:24,055 INFO Epoch 5 | Batch 1050 | Loss: 1.1623 | LR: 2.86e-04
2026-04-17 01:00:28,819 INFO Epoch 5 | Batch 1100 | Loss: 1.2804 | LR: 2.86e-04
2026-04-17 01:00:33,558 INFO Epoch 5 | Batch 1150 | Loss: 1.5145 | LR: 2.86e-04
2026-04-17 01:00:38,268 INFO Epoch 5 | Batch 1200 | Loss: 1.2492 | LR: 2.85e-04
2026-04-17 01:00:47,365 INFO Epoch 5 | Train: 1.2505 | Dev CER: 0.2366 | Dev WER: 0.6234 | Time: 124s | Peak: 6.5 GB
2026-04-17 01:00:47,365 INFO   New best CER: 0.2366
2026-04-17 01:00:49,703 INFO Epoch 6 | Batch 0 | Loss: 1.2024 | LR: 2.85e-04
2026-04-17 01:00:54,294 INFO Epoch 6 | Batch 50 | Loss: 1.7186 | LR: 2.85e-04
2026-04-17 01:00:59,108 INFO Epoch 6 | Batch 100 | Loss: 1.3890 | LR: 2.84e-04
2026-04-17 01:01:03,775 INFO Epoch 6 | Batch 150 | Loss: 1.2866 | LR: 2.84e-04
2026-04-17 01:01:08,415 INFO Epoch 6 | Batch 200 | Loss: 1.3200 | LR: 2.84e-04
2026-04-17 01:01:13,096 INFO Epoch 6 | Batch 250 | Loss: 0.9702 | LR: 2.84e-04
2026-04-17 01:01:17,692 INFO Epoch 6 | Batch 300 | Loss: 0.9714 | LR: 2.83e-04
2026-04-17 01:01:22,399 INFO Epoch 6 | Batch 350 | Loss: 1.1379 | LR: 2.83e-04
2026-04-17 01:01:27,157 INFO Epoch 6 | Batch 400 | Loss: 0.9938 | LR: 2.83e-04
2026-04-17 01:01:31,860 INFO Epoch 6 | Batch 450 | Loss: 1.8718 | LR: 2.82e-04
2026-04-17 01:01:36,545 INFO Epoch 6 | Batch 500 | Loss: 0.9769 | LR: 2.82e-04
2026-04-17 01:01:41,394 INFO Epoch 6 | Batch 550 | Loss: 1.0834 | LR: 2.82e-04
2026-04-17 01:01:46,078 INFO Epoch 6 | Batch 600 | Loss: 1.1446 | LR: 2.81e-04
2026-04-17 01:01:50,832 INFO Epoch 6 | Batch 650 | Loss: 1.3332 | LR: 2.81e-04
2026-04-17 01:01:55,560 INFO Epoch 6 | Batch 700 | Loss: 1.3734 | LR: 2.81e-04
2026-04-17 01:02:00,217 INFO Epoch 6 | Batch 750 | Loss: 1.2280 | LR: 2.81e-04
2026-04-17 01:02:05,011 INFO Epoch 6 | Batch 800 | Loss: 1.1309 | LR: 2.80e-04
2026-04-17 01:02:09,883 INFO Epoch 6 | Batch 850 | Loss: 1.2461 | LR: 2.80e-04
2026-04-17 01:02:14,651 INFO Epoch 6 | Batch 900 | Loss: 0.9536 | LR: 2.80e-04
2026-04-17 01:02:19,411 INFO Epoch 6 | Batch 950 | Loss: 1.5858 | LR: 2.79e-04
2026-04-17 01:02:24,239 INFO Epoch 6 | Batch 1000 | Loss: 1.1037 | LR: 2.79e-04
2026-04-17 01:02:29,154 INFO Epoch 6 | Batch 1050 | Loss: 1.3432 | LR: 2.79e-04
2026-04-17 01:02:33,891 INFO Epoch 6 | Batch 1100 | Loss: 1.3535 | LR: 2.78e-04
2026-04-17 01:02:38,509 INFO Epoch 6 | Batch 1150 | Loss: 1.0951 | LR: 2.78e-04
2026-04-17 01:02:43,273 INFO Epoch 6 | Batch 1200 | Loss: 1.0139 | LR: 2.78e-04
2026-04-17 01:02:52,449 INFO Epoch 6 | Train: 1.1714 | Dev CER: 0.2202 | Dev WER: 0.5891 | Time: 124s | Peak: 6.5 GB
2026-04-17 01:02:52,449 INFO   New best CER: 0.2202
2026-04-17 01:02:54,681 INFO Epoch 7 | Batch 0 | Loss: 1.2828 | LR: 2.77e-04
2026-04-17 01:02:59,447 INFO Epoch 7 | Batch 50 | Loss: 1.3754 | LR: 2.77e-04
2026-04-17 01:03:04,243 INFO Epoch 7 | Batch 100 | Loss: 1.0443 | LR: 2.77e-04
2026-04-17 01:03:08,915 INFO Epoch 7 | Batch 150 | Loss: 1.2282 | LR: 2.76e-04
2026-04-17 01:03:13,709 INFO Epoch 7 | Batch 200 | Loss: 1.0149 | LR: 2.76e-04
2026-04-17 01:03:18,392 INFO Epoch 7 | Batch 250 | Loss: 1.1713 | LR: 2.76e-04
2026-04-17 01:03:23,007 INFO Epoch 7 | Batch 300 | Loss: 1.0346 | LR: 2.75e-04
2026-04-17 01:03:27,939 INFO Epoch 7 | Batch 350 | Loss: 1.3407 | LR: 2.75e-04
2026-04-17 01:03:32,737 INFO Epoch 7 | Batch 400 | Loss: 0.9982 | LR: 2.74e-04
2026-04-17 01:03:37,506 INFO Epoch 7 | Batch 450 | Loss: 1.2658 | LR: 2.74e-04
2026-04-17 01:03:42,245 INFO Epoch 7 | Batch 500 | Loss: 1.3151 | LR: 2.74e-04
2026-04-17 01:03:47,201 INFO Epoch 7 | Batch 550 | Loss: 0.9637 | LR: 2.73e-04
2026-04-17 01:03:51,963 INFO Epoch 7 | Batch 600 | Loss: 1.1247 | LR: 2.73e-04
2026-04-17 01:03:56,748 INFO Epoch 7 | Batch 650 | Loss: 1.2948 | LR: 2.73e-04
2026-04-17 01:04:01,631 INFO Epoch 7 | Batch 700 | Loss: 1.1722 | LR: 2.72e-04
2026-04-17 01:04:06,400 INFO Epoch 7 | Batch 750 | Loss: 1.3536 | LR: 2.72e-04
2026-04-17 01:04:11,197 INFO Epoch 7 | Batch 800 | Loss: 1.5633 | LR: 2.71e-04
2026-04-17 01:04:15,973 INFO Epoch 7 | Batch 850 | Loss: 1.3047 | LR: 2.71e-04
2026-04-17 01:04:20,666 INFO Epoch 7 | Batch 900 | Loss: 1.0546 | LR: 2.71e-04
2026-04-17 01:04:25,394 INFO Epoch 7 | Batch 950 | Loss: 0.9968 | LR: 2.70e-04
2026-04-17 01:04:30,126 INFO Epoch 7 | Batch 1000 | Loss: 0.9396 | LR: 2.70e-04
2026-04-17 01:04:34,883 INFO Epoch 7 | Batch 1050 | Loss: 1.2982 | LR: 2.69e-04
2026-04-17 01:04:39,683 INFO Epoch 7 | Batch 1100 | Loss: 1.5274 | LR: 2.69e-04
2026-04-17 01:04:44,390 INFO Epoch 7 | Batch 1150 | Loss: 1.0236 | LR: 2.69e-04
2026-04-17 01:04:49,349 INFO Epoch 7 | Batch 1200 | Loss: 0.7535 | LR: 2.68e-04
2026-04-17 01:04:58,968 INFO Epoch 7 | Train: 1.1229 | Dev CER: 0.2102 | Dev WER: 0.5648 | Time: 126s | Peak: 6.5 GB
2026-04-17 01:04:58,968 INFO   New best CER: 0.2102
2026-04-17 01:05:01,166 INFO Epoch 8 | Batch 0 | Loss: 1.0239 | LR: 2.68e-04
2026-04-17 01:05:05,835 INFO Epoch 8 | Batch 50 | Loss: 1.1648 | LR: 2.68e-04
2026-04-17 01:05:10,653 INFO Epoch 8 | Batch 100 | Loss: 1.1183 | LR: 2.67e-04
2026-04-17 01:05:15,203 INFO Epoch 8 | Batch 150 | Loss: 1.3157 | LR: 2.67e-04
2026-04-17 01:05:19,944 INFO Epoch 8 | Batch 200 | Loss: 1.0407 | LR: 2.66e-04
2026-04-17 01:05:24,588 INFO Epoch 8 | Batch 250 | Loss: 1.2841 | LR: 2.66e-04
2026-04-17 01:05:29,373 INFO Epoch 8 | Batch 300 | Loss: 0.9423 | LR: 2.66e-04
2026-04-17 01:05:34,141 INFO Epoch 8 | Batch 350 | Loss: 1.3056 | LR: 2.65e-04
2026-04-17 01:05:39,030 INFO Epoch 8 | Batch 400 | Loss: 0.9269 | LR: 2.65e-04
2026-04-17 01:05:43,738 INFO Epoch 8 | Batch 450 | Loss: 1.2241 | LR: 2.64e-04
2026-04-17 01:05:48,557 INFO Epoch 8 | Batch 500 | Loss: 0.9956 | LR: 2.64e-04
2026-04-17 01:05:53,249 INFO Epoch 8 | Batch 550 | Loss: 1.0101 | LR: 2.63e-04
2026-04-17 01:05:57,988 INFO Epoch 8 | Batch 600 | Loss: 0.8863 | LR: 2.63e-04
2026-04-17 01:06:02,609 INFO Epoch 8 | Batch 650 | Loss: 1.0169 | LR: 2.63e-04
2026-04-17 01:06:07,206 INFO Epoch 8 | Batch 700 | Loss: 0.9067 | LR: 2.62e-04
2026-04-17 01:06:12,062 INFO Epoch 8 | Batch 750 | Loss: 0.8571 | LR: 2.62e-04
2026-04-17 01:06:16,908 INFO Epoch 8 | Batch 800 | Loss: 1.0852 | LR: 2.61e-04
2026-04-17 01:06:21,635 INFO Epoch 8 | Batch 850 | Loss: 0.7803 | LR: 2.61e-04
2026-04-17 01:06:26,423 INFO Epoch 8 | Batch 900 | Loss: 1.2189 | LR: 2.60e-04
2026-04-17 01:06:31,209 INFO Epoch 8 | Batch 950 | Loss: 1.0862 | LR: 2.60e-04
2026-04-17 01:06:35,891 INFO Epoch 8 | Batch 1000 | Loss: 0.8822 | LR: 2.60e-04
2026-04-17 01:06:40,475 INFO Epoch 8 | Batch 1050 | Loss: 0.9681 | LR: 2.59e-04
2026-04-17 01:06:45,430 INFO Epoch 8 | Batch 1100 | Loss: 0.9691 | LR: 2.59e-04
2026-04-17 01:06:50,246 INFO Epoch 8 | Batch 1150 | Loss: 0.8960 | LR: 2.58e-04
2026-04-17 01:06:54,970 INFO Epoch 8 | Batch 1200 | Loss: 0.8954 | LR: 2.58e-04
2026-04-17 01:07:04,174 INFO Epoch 8 | Train: 1.0693 | Dev CER: 0.1943 | Dev WER: 0.5378 | Time: 125s | Peak: 6.5 GB
2026-04-17 01:07:04,174 INFO   New best CER: 0.1943
2026-04-17 01:07:06,373 INFO Epoch 9 | Batch 0 | Loss: 0.9963 | LR: 2.57e-04
2026-04-17 01:07:11,124 INFO Epoch 9 | Batch 50 | Loss: 1.0830 | LR: 2.57e-04
2026-04-17 01:07:15,805 INFO Epoch 9 | Batch 100 | Loss: 0.9307 | LR: 2.56e-04
2026-04-17 01:07:20,538 INFO Epoch 9 | Batch 150 | Loss: 1.0987 | LR: 2.56e-04
2026-04-17 01:07:25,237 INFO Epoch 9 | Batch 200 | Loss: 0.9957 | LR: 2.56e-04
2026-04-17 01:07:30,035 INFO Epoch 9 | Batch 250 | Loss: 1.0961 | LR: 2.55e-04
2026-04-17 01:07:34,636 INFO Epoch 9 | Batch 300 | Loss: 0.9848 | LR: 2.55e-04
2026-04-17 01:07:39,361 INFO Epoch 9 | Batch 350 | Loss: 1.2669 | LR: 2.54e-04
2026-04-17 01:07:44,066 INFO Epoch 9 | Batch 400 | Loss: 0.8958 | LR: 2.54e-04
2026-04-17 01:07:48,874 INFO Epoch 9 | Batch 450 | Loss: 0.7984 | LR: 2.53e-04
2026-04-17 01:07:53,674 INFO Epoch 9 | Batch 500 | Loss: 0.8395 | LR: 2.53e-04
2026-04-17 01:07:58,418 INFO Epoch 9 | Batch 550 | Loss: 0.8261 | LR: 2.52e-04
2026-04-17 01:08:03,117 INFO Epoch 9 | Batch 600 | Loss: 0.8851 | LR: 2.52e-04
2026-04-17 01:08:07,946 INFO Epoch 9 | Batch 650 | Loss: 1.1278 | LR: 2.51e-04
2026-04-17 01:08:12,868 INFO Epoch 9 | Batch 700 | Loss: 0.8066 | LR: 2.51e-04
2026-04-17 01:08:17,658 INFO Epoch 9 | Batch 750 | Loss: 0.9693 | LR: 2.50e-04
2026-04-17 01:08:22,413 INFO Epoch 9 | Batch 800 | Loss: 1.0331 | LR: 2.50e-04
2026-04-17 01:08:27,073 INFO Epoch 9 | Batch 850 | Loss: 1.2167 | LR: 2.49e-04
2026-04-17 01:08:31,893 INFO Epoch 9 | Batch 900 | Loss: 1.2095 | LR: 2.49e-04
2026-04-17 01:08:36,661 INFO Epoch 9 | Batch 950 | Loss: 1.0278 | LR: 2.48e-04
2026-04-17 01:08:41,457 INFO Epoch 9 | Batch 1000 | Loss: 0.9628 | LR: 2.48e-04
2026-04-17 01:08:46,250 INFO Epoch 9 | Batch 1050 | Loss: 1.1711 | LR: 2.47e-04
2026-04-17 01:08:50,981 INFO Epoch 9 | Batch 1100 | Loss: 0.8689 | LR: 2.47e-04
2026-04-17 01:08:55,826 INFO Epoch 9 | Batch 1150 | Loss: 0.8218 | LR: 2.46e-04
2026-04-17 01:09:00,632 INFO Epoch 9 | Batch 1200 | Loss: 1.0188 | LR: 2.46e-04
2026-04-17 01:09:09,935 INFO Epoch 9 | Train: 1.0375 | Dev CER: 0.1871 | Dev WER: 0.5226 | Time: 125s | Peak: 6.5 GB
2026-04-17 01:09:09,936 INFO   New best CER: 0.1871
2026-04-17 01:09:12,168 INFO Epoch 10 | Batch 0 | Loss: 1.0099 | LR: 2.46e-04
2026-04-17 01:09:16,777 INFO Epoch 10 | Batch 50 | Loss: 1.0388 | LR: 2.45e-04
2026-04-17 01:09:21,509 INFO Epoch 10 | Batch 100 | Loss: 0.8872 | LR: 2.45e-04
2026-04-17 01:09:26,355 INFO Epoch 10 | Batch 150 | Loss: 0.9392 | LR: 2.44e-04
2026-04-17 01:09:31,153 INFO Epoch 10 | Batch 200 | Loss: 1.0007 | LR: 2.44e-04
2026-04-17 01:09:35,862 INFO Epoch 10 | Batch 250 | Loss: 0.8769 | LR: 2.43e-04
2026-04-17 01:09:40,629 INFO Epoch 10 | Batch 300 | Loss: 0.8321 | LR: 2.43e-04
2026-04-17 01:09:45,572 INFO Epoch 10 | Batch 350 | Loss: 0.8243 | LR: 2.42e-04
2026-04-17 01:09:50,298 INFO Epoch 10 | Batch 400 | Loss: 0.6915 | LR: 2.41e-04
2026-04-17 01:09:55,045 INFO Epoch 10 | Batch 450 | Loss: 1.0798 | LR: 2.41e-04
2026-04-17 01:09:59,629 INFO Epoch 10 | Batch 500 | Loss: 0.8009 | LR: 2.40e-04
2026-04-17 01:10:04,335 INFO Epoch 10 | Batch 550 | Loss: 0.9450 | LR: 2.40e-04
2026-04-17 01:10:09,154 INFO Epoch 10 | Batch 600 | Loss: 1.0999 | LR: 2.39e-04
2026-04-17 01:10:13,864 INFO Epoch 10 | Batch 650 | Loss: 0.9950 | LR: 2.39e-04
2026-04-17 01:10:18,811 INFO Epoch 10 | Batch 700 | Loss: 1.4818 | LR: 2.38e-04
2026-04-17 01:10:23,578 INFO Epoch 10 | Batch 750 | Loss: 0.6703 | LR: 2.38e-04
2026-04-17 01:10:28,429 INFO Epoch 10 | Batch 800 | Loss: 1.6220 | LR: 2.37e-04
2026-04-17 01:10:33,231 INFO Epoch 10 | Batch 850 | Loss: 0.8175 | LR: 2.37e-04
2026-04-17 01:10:38,096 INFO Epoch 10 | Batch 900 | Loss: 0.8317 | LR: 2.36e-04
2026-04-17 01:10:42,874 INFO Epoch 10 | Batch 950 | Loss: 0.9206 | LR: 2.36e-04
2026-04-17 01:10:47,620 INFO Epoch 10 | Batch 1000 | Loss: 0.8634 | LR: 2.35e-04
2026-04-17 01:10:52,470 INFO Epoch 10 | Batch 1050 | Loss: 0.8876 | LR: 2.35e-04
2026-04-17 01:10:57,178 INFO Epoch 10 | Batch 1100 | Loss: 0.8152 | LR: 2.34e-04
2026-04-17 01:11:02,013 INFO Epoch 10 | Batch 1150 | Loss: 0.8549 | LR: 2.34e-04
2026-04-17 01:11:06,720 INFO Epoch 10 | Batch 1200 | Loss: 0.8926 | LR: 2.33e-04
2026-04-17 01:11:15,839 INFO Epoch 10 | Train: 0.9944 | Dev CER: 0.1766 | Dev WER: 0.4985 | Time: 125s | Peak: 6.5 GB
2026-04-17 01:11:15,839 INFO   New best CER: 0.1766
2026-04-17 01:11:18,382 INFO Epoch 11 | Batch 0 | Loss: 0.9833 | LR: 2.33e-04
2026-04-17 01:11:23,018 INFO Epoch 11 | Batch 50 | Loss: 0.9447 | LR: 2.32e-04
2026-04-17 01:11:27,731 INFO Epoch 11 | Batch 100 | Loss: 0.6960 | LR: 2.32e-04
2026-04-17 01:11:31,884 INFO Epoch 11 | Batch 150 | Loss: 0.7053 | LR: 2.31e-04
2026-04-17 01:11:36,539 INFO Epoch 11 | Batch 200 | Loss: 1.2378 | LR: 2.30e-04
2026-04-17 01:11:41,340 INFO Epoch 11 | Batch 250 | Loss: 1.0494 | LR: 2.30e-04
2026-04-17 01:11:45,991 INFO Epoch 11 | Batch 300 | Loss: 1.1352 | LR: 2.29e-04
2026-04-17 01:11:50,719 INFO Epoch 11 | Batch 350 | Loss: 1.1191 | LR: 2.29e-04
2026-04-17 01:11:55,312 INFO Epoch 11 | Batch 400 | Loss: 0.6563 | LR: 2.28e-04
2026-04-17 01:11:59,812 INFO Epoch 11 | Batch 450 | Loss: 0.7103 | LR: 2.28e-04
2026-04-17 01:12:04,274 INFO Epoch 11 | Batch 500 | Loss: 0.9621 | LR: 2.27e-04
2026-04-17 01:12:08,752 INFO Epoch 11 | Batch 550 | Loss: 0.9704 | LR: 2.27e-04
2026-04-17 01:12:13,200 INFO Epoch 11 | Batch 600 | Loss: 0.9328 | LR: 2.26e-04
2026-04-17 01:12:17,638 INFO Epoch 11 | Batch 650 | Loss: 1.3644 | LR: 2.25e-04
2026-04-17 01:12:21,945 INFO Epoch 11 | Batch 700 | Loss: 0.9337 | LR: 2.25e-04
2026-04-17 01:12:26,434 INFO Epoch 11 | Batch 750 | Loss: 0.9138 | LR: 2.24e-04
2026-04-17 01:12:30,767 INFO Epoch 11 | Batch 800 | Loss: 1.0617 | LR: 2.24e-04
2026-04-17 01:12:35,178 INFO Epoch 11 | Batch 850 | Loss: 0.9031 | LR: 2.23e-04
2026-04-17 01:12:39,552 INFO Epoch 11 | Batch 900 | Loss: 0.8438 | LR: 2.23e-04
2026-04-17 01:12:43,888 INFO Epoch 11 | Batch 950 | Loss: 0.6411 | LR: 2.22e-04
2026-04-17 01:12:48,151 INFO Epoch 11 | Batch 1000 | Loss: 0.8127 | LR: 2.21e-04
2026-04-17 01:12:52,450 INFO Epoch 11 | Batch 1050 | Loss: 0.9982 | LR: 2.21e-04
2026-04-17 01:12:56,735 INFO Epoch 11 | Batch 1100 | Loss: 0.8975 | LR: 2.20e-04
2026-04-17 01:13:01,137 INFO Epoch 11 | Batch 1150 | Loss: 1.0480 | LR: 2.20e-04
2026-04-17 01:13:05,552 INFO Epoch 11 | Batch 1200 | Loss: 0.7301 | LR: 2.19e-04
2026-04-17 01:13:14,590 INFO Epoch 11 | Train: 0.9627 | Dev CER: 0.1688 | Dev WER: 0.4820 | Time: 118s | Peak: 6.5 GB
2026-04-17 01:13:14,590 INFO   New best CER: 0.1688
2026-04-17 01:13:16,843 INFO Epoch 12 | Batch 0 | Loss: 0.8466 | LR: 2.19e-04
2026-04-17 01:13:21,171 INFO Epoch 12 | Batch 50 | Loss: 1.8509 | LR: 2.18e-04
2026-04-17 01:13:25,422 INFO Epoch 12 | Batch 100 | Loss: 1.5905 | LR: 2.18e-04
2026-04-17 01:13:29,779 INFO Epoch 12 | Batch 150 | Loss: 0.8960 | LR: 2.17e-04
2026-04-17 01:13:34,170 INFO Epoch 12 | Batch 200 | Loss: 0.7084 | LR: 2.16e-04
2026-04-17 01:13:38,437 INFO Epoch 12 | Batch 250 | Loss: 0.8761 | LR: 2.16e-04
2026-04-17 01:13:42,892 INFO Epoch 12 | Batch 300 | Loss: 0.6863 | LR: 2.15e-04
2026-04-17 01:13:47,267 INFO Epoch 12 | Batch 350 | Loss: 1.0926 | LR: 2.15e-04
2026-04-17 01:13:51,560 INFO Epoch 12 | Batch 400 | Loss: 0.8966 | LR: 2.14e-04
2026-04-17 01:13:55,965 INFO Epoch 12 | Batch 450 | Loss: 0.8633 | LR: 2.13e-04
2026-04-17 01:14:00,352 INFO Epoch 12 | Batch 500 | Loss: 0.7880 | LR: 2.13e-04
2026-04-17 01:14:04,593 INFO Epoch 12 | Batch 550 | Loss: 1.1477 | LR: 2.12e-04
2026-04-17 01:14:09,089 INFO Epoch 12 | Batch 600 | Loss: 0.8542 | LR: 2.12e-04
2026-04-17 01:14:13,463 INFO Epoch 12 | Batch 650 | Loss: 1.0579 | LR: 2.11e-04
2026-04-17 01:14:17,731 INFO Epoch 12 | Batch 700 | Loss: 1.0334 | LR: 2.11e-04
2026-04-17 01:14:22,110 INFO Epoch 12 | Batch 750 | Loss: 0.6068 | LR: 2.10e-04
2026-04-17 01:14:26,471 INFO Epoch 12 | Batch 800 | Loss: 0.7904 | LR: 2.09e-04
2026-04-17 01:14:31,014 INFO Epoch 12 | Batch 850 | Loss: 0.8840 | LR: 2.09e-04
2026-04-17 01:14:35,244 INFO Epoch 12 | Batch 900 | Loss: 0.9940 | LR: 2.08e-04
2026-04-17 01:14:39,492 INFO Epoch 12 | Batch 950 | Loss: 1.1159 | LR: 2.08e-04
2026-04-17 01:14:43,774 INFO Epoch 12 | Batch 1000 | Loss: 1.0409 | LR: 2.07e-04
2026-04-17 01:14:48,136 INFO Epoch 12 | Batch 1050 | Loss: 0.9192 | LR: 2.06e-04
2026-04-17 01:14:52,472 INFO Epoch 12 | Batch 1100 | Loss: 0.8450 | LR: 2.06e-04
2026-04-17 01:14:56,824 INFO Epoch 12 | Batch 1150 | Loss: 0.8579 | LR: 2.05e-04
2026-04-17 01:15:01,234 INFO Epoch 12 | Batch 1200 | Loss: 1.1144 | LR: 2.04e-04
2026-04-17 01:15:10,298 INFO Epoch 12 | Train: 0.9436 | Dev CER: 0.1650 | Dev WER: 0.4700 | Time: 115s | Peak: 6.5 GB
2026-04-17 01:15:10,298 INFO   New best CER: 0.1650
2026-04-17 01:15:12,515 INFO Epoch 13 | Batch 0 | Loss: 0.9448 | LR: 2.04e-04
2026-04-17 01:15:16,913 INFO Epoch 13 | Batch 50 | Loss: 0.7482 | LR: 2.03e-04
2026-04-17 01:15:21,374 INFO Epoch 13 | Batch 100 | Loss: 0.7726 | LR: 2.03e-04
2026-04-17 01:15:25,758 INFO Epoch 13 | Batch 150 | Loss: 0.7285 | LR: 2.02e-04
2026-04-17 01:15:30,112 INFO Epoch 13 | Batch 200 | Loss: 0.7782 | LR: 2.02e-04
2026-04-17 01:15:34,492 INFO Epoch 13 | Batch 250 | Loss: 0.9920 | LR: 2.01e-04
2026-04-17 01:15:38,749 INFO Epoch 13 | Batch 300 | Loss: 0.7912 | LR: 2.00e-04
2026-04-17 01:15:43,136 INFO Epoch 13 | Batch 350 | Loss: 1.0458 | LR: 2.00e-04
2026-04-17 01:15:47,435 INFO Epoch 13 | Batch 400 | Loss: 0.8669 | LR: 1.99e-04
2026-04-17 01:15:51,658 INFO Epoch 13 | Batch 450 | Loss: 0.8779 | LR: 1.99e-04
2026-04-17 01:15:55,875 INFO Epoch 13 | Batch 500 | Loss: 0.7070 | LR: 1.98e-04
2026-04-17 01:16:00,343 INFO Epoch 13 | Batch 550 | Loss: 0.7365 | LR: 1.97e-04
2026-04-17 01:16:04,785 INFO Epoch 13 | Batch 600 | Loss: 0.7920 | LR: 1.97e-04
2026-04-17 01:16:09,205 INFO Epoch 13 | Batch 650 | Loss: 0.9703 | LR: 1.96e-04
2026-04-17 01:16:13,541 INFO Epoch 13 | Batch 700 | Loss: 0.9538 | LR: 1.95e-04
2026-04-17 01:16:18,005 INFO Epoch 13 | Batch 750 | Loss: 0.9323 | LR: 1.95e-04
2026-04-17 01:16:22,431 INFO Epoch 13 | Batch 800 | Loss: 0.7924 | LR: 1.94e-04
2026-04-17 01:16:26,740 INFO Epoch 13 | Batch 850 | Loss: 1.2830 | LR: 1.94e-04
2026-04-17 01:16:31,086 INFO Epoch 13 | Batch 900 | Loss: 1.0120 | LR: 1.93e-04
2026-04-17 01:16:35,431 INFO Epoch 13 | Batch 950 | Loss: 0.9012 | LR: 1.92e-04
2026-04-17 01:16:39,824 INFO Epoch 13 | Batch 1000 | Loss: 0.8247 | LR: 1.92e-04
2026-04-17 01:16:44,093 INFO Epoch 13 | Batch 1050 | Loss: 0.6979 | LR: 1.91e-04
2026-04-17 01:16:48,562 INFO Epoch 13 | Batch 1100 | Loss: 1.4735 | LR: 1.90e-04
2026-04-17 01:16:53,126 INFO Epoch 13 | Batch 1150 | Loss: 1.0192 | LR: 1.90e-04
2026-04-17 01:16:57,463 INFO Epoch 13 | Batch 1200 | Loss: 1.3014 | LR: 1.89e-04
2026-04-17 01:17:06,293 INFO Epoch 13 | Train: 0.9112 | Dev CER: 0.1575 | Dev WER: 0.4582 | Time: 115s | Peak: 6.5 GB
2026-04-17 01:17:06,293 INFO   New best CER: 0.1575
2026-04-17 01:17:08,533 INFO Epoch 14 | Batch 0 | Loss: 0.9490 | LR: 1.89e-04
2026-04-17 01:17:12,918 INFO Epoch 14 | Batch 50 | Loss: 1.1825 | LR: 1.88e-04
2026-04-17 01:17:17,261 INFO Epoch 14 | Batch 100 | Loss: 0.8387 | LR: 1.87e-04
2026-04-17 01:17:21,591 INFO Epoch 14 | Batch 150 | Loss: 0.7902 | LR: 1.87e-04
2026-04-17 01:17:25,941 INFO Epoch 14 | Batch 200 | Loss: 0.8974 | LR: 1.86e-04
2026-04-17 01:17:30,227 INFO Epoch 14 | Batch 250 | Loss: 1.0126 | LR: 1.86e-04
2026-04-17 01:17:34,653 INFO Epoch 14 | Batch 300 | Loss: 0.7425 | LR: 1.85e-04
2026-04-17 01:17:39,088 INFO Epoch 14 | Batch 350 | Loss: 0.9512 | LR: 1.84e-04
2026-04-17 01:17:43,389 INFO Epoch 14 | Batch 400 | Loss: 0.8736 | LR: 1.84e-04
2026-04-17 01:17:47,824 INFO Epoch 14 | Batch 450 | Loss: 1.0253 | LR: 1.83e-04
2026-04-17 01:17:51,968 INFO Epoch 14 | Batch 500 | Loss: 0.8994 | LR: 1.82e-04
2026-04-17 01:17:56,225 INFO Epoch 14 | Batch 550 | Loss: 0.8890 | LR: 1.82e-04
2026-04-17 01:18:00,471 INFO Epoch 14 | Batch 600 | Loss: 1.0557 | LR: 1.81e-04
2026-04-17 01:18:04,793 INFO Epoch 14 | Batch 650 | Loss: 0.8012 | LR: 1.81e-04
2026-04-17 01:18:09,214 INFO Epoch 14 | Batch 700 | Loss: 0.9162 | LR: 1.80e-04
2026-04-17 01:18:13,557 INFO Epoch 14 | Batch 750 | Loss: 0.7664 | LR: 1.79e-04
2026-04-17 01:18:17,887 INFO Epoch 14 | Batch 800 | Loss: 0.8600 | LR: 1.79e-04
2026-04-17 01:18:22,314 INFO Epoch 14 | Batch 850 | Loss: 0.7514 | LR: 1.78e-04
2026-04-17 01:18:26,733 INFO Epoch 14 | Batch 900 | Loss: 0.8465 | LR: 1.77e-04
2026-04-17 01:18:31,095 INFO Epoch 14 | Batch 950 | Loss: 0.9335 | LR: 1.77e-04
2026-04-17 01:18:35,522 INFO Epoch 14 | Batch 1000 | Loss: 0.7701 | LR: 1.76e-04
2026-04-17 01:18:39,787 INFO Epoch 14 | Batch 1050 | Loss: 0.9665 | LR: 1.75e-04
2026-04-17 01:18:44,208 INFO Epoch 14 | Batch 1100 | Loss: 0.7896 | LR: 1.75e-04
2026-04-17 01:18:48,429 INFO Epoch 14 | Batch 1150 | Loss: 0.8788 | LR: 1.74e-04
2026-04-17 01:18:52,845 INFO Epoch 14 | Batch 1200 | Loss: 0.9251 | LR: 1.73e-04
2026-04-17 01:19:01,733 INFO Epoch 14 | Train: 0.8991 | Dev CER: 0.1536 | Dev WER: 0.4444 | Time: 115s | Peak: 6.5 GB
2026-04-17 01:19:01,733 INFO   New best CER: 0.1536
2026-04-17 01:19:04,199 INFO Epoch 15 | Batch 0 | Loss: 0.7749 | LR: 1.73e-04
2026-04-17 01:19:08,568 INFO Epoch 15 | Batch 50 | Loss: 0.8636 | LR: 1.72e-04
2026-04-17 01:19:12,894 INFO Epoch 15 | Batch 100 | Loss: 0.6971 | LR: 1.72e-04
2026-04-17 01:19:17,272 INFO Epoch 15 | Batch 150 | Loss: 0.6997 | LR: 1.71e-04
2026-04-17 01:19:21,654 INFO Epoch 15 | Batch 200 | Loss: 0.9822 | LR: 1.70e-04
2026-04-17 01:19:25,971 INFO Epoch 15 | Batch 250 | Loss: 0.7425 | LR: 1.70e-04
2026-04-17 01:19:30,383 INFO Epoch 15 | Batch 300 | Loss: 0.9149 | LR: 1.69e-04
2026-04-17 01:19:34,840 INFO Epoch 15 | Batch 350 | Loss: 0.7332 | LR: 1.68e-04
2026-04-17 01:19:39,173 INFO Epoch 15 | Batch 400 | Loss: 0.7585 | LR: 1.68e-04
2026-04-17 01:19:43,638 INFO Epoch 15 | Batch 450 | Loss: 0.6683 | LR: 1.67e-04
2026-04-17 01:19:47,961 INFO Epoch 15 | Batch 500 | Loss: 0.9778 | LR: 1.67e-04
2026-04-17 01:19:52,398 INFO Epoch 15 | Batch 550 | Loss: 0.7336 | LR: 1.66e-04
2026-04-17 01:19:56,629 INFO Epoch 15 | Batch 600 | Loss: 0.6532 | LR: 1.65e-04
2026-04-17 01:20:01,090 INFO Epoch 15 | Batch 650 | Loss: 0.6659 | LR: 1.65e-04
2026-04-17 01:20:05,377 INFO Epoch 15 | Batch 700 | Loss: 0.8002 | LR: 1.64e-04
2026-04-17 01:20:09,748 INFO Epoch 15 | Batch 750 | Loss: 0.8588 | LR: 1.63e-04
2026-04-17 01:20:14,091 INFO Epoch 15 | Batch 800 | Loss: 0.8520 | LR: 1.63e-04
2026-04-17 01:20:18,459 INFO Epoch 15 | Batch 850 | Loss: 0.6932 | LR: 1.62e-04
2026-04-17 01:20:22,792 INFO Epoch 15 | Batch 900 | Loss: 0.9906 | LR: 1.61e-04
2026-04-17 01:20:27,255 INFO Epoch 15 | Batch 950 | Loss: 0.9184 | LR: 1.61e-04
2026-04-17 01:20:31,673 INFO Epoch 15 | Batch 1000 | Loss: 0.7725 | LR: 1.60e-04
2026-04-17 01:20:36,013 INFO Epoch 15 | Batch 1050 | Loss: 0.7116 | LR: 1.59e-04
2026-04-17 01:20:40,330 INFO Epoch 15 | Batch 1100 | Loss: 0.8985 | LR: 1.59e-04
2026-04-17 01:20:44,750 INFO Epoch 15 | Batch 1150 | Loss: 0.9138 | LR: 1.58e-04
2026-04-17 01:20:48,893 INFO Epoch 15 | Batch 1200 | Loss: 1.0061 | LR: 1.57e-04
2026-04-17 01:20:57,841 INFO Epoch 15 | Train: 0.8762 | Dev CER: 0.1509 | Dev WER: 0.4394 | Time: 115s | Peak: 6.5 GB
2026-04-17 01:20:57,841 INFO   New best CER: 0.1509
2026-04-17 01:21:00,113 INFO Epoch 16 | Batch 0 | Loss: 0.7723 | LR: 1.57e-04
2026-04-17 01:21:04,474 INFO Epoch 16 | Batch 50 | Loss: 0.7732 | LR: 1.56e-04
2026-04-17 01:21:08,836 INFO Epoch 16 | Batch 100 | Loss: 1.0849 | LR: 1.56e-04
2026-04-17 01:21:13,247 INFO Epoch 16 | Batch 150 | Loss: 0.7360 | LR: 1.55e-04
2026-04-17 01:21:17,389 INFO Epoch 16 | Batch 200 | Loss: 0.6175 | LR: 1.54e-04
2026-04-17 01:21:21,683 INFO Epoch 16 | Batch 250 | Loss: 0.9174 | LR: 1.54e-04
2026-04-17 01:21:26,111 INFO Epoch 16 | Batch 300 | Loss: 0.9594 | LR: 1.53e-04
2026-04-17 01:21:30,497 INFO Epoch 16 | Batch 350 | Loss: 0.7653 | LR: 1.52e-04
2026-04-17 01:21:34,873 INFO Epoch 16 | Batch 400 | Loss: 0.6743 | LR: 1.52e-04
2026-04-17 01:21:39,209 INFO Epoch 16 | Batch 450 | Loss: 0.8129 | LR: 1.51e-04
2026-04-17 01:21:43,620 INFO Epoch 16 | Batch 500 | Loss: 0.8451 | LR: 1.50e-04
2026-04-17 01:21:48,014 INFO Epoch 16 | Batch 550 | Loss: 0.7862 | LR: 1.50e-04
2026-04-17 01:21:52,341 INFO Epoch 16 | Batch 600 | Loss: 1.0100 | LR: 1.49e-04
2026-04-17 01:21:56,593 INFO Epoch 16 | Batch 650 | Loss: 0.8166 | LR: 1.49e-04
2026-04-17 01:22:00,637 INFO Epoch 16 | Batch 700 | Loss: 1.0335 | LR: 1.48e-04
2026-04-17 01:22:04,731 INFO Epoch 16 | Batch 750 | Loss: 0.9320 | LR: 1.47e-04
2026-04-17 01:22:08,818 INFO Epoch 16 | Batch 800 | Loss: 0.7394 | LR: 1.47e-04
2026-04-17 01:22:12,832 INFO Epoch 16 | Batch 850 | Loss: 0.6820 | LR: 1.46e-04
2026-04-17 01:22:16,853 INFO Epoch 16 | Batch 900 | Loss: 1.1735 | LR: 1.45e-04
2026-04-17 01:22:21,060 INFO Epoch 16 | Batch 950 | Loss: 0.7416 | LR: 1.45e-04
2026-04-17 01:22:25,308 INFO Epoch 16 | Batch 1000 | Loss: 0.7818 | LR: 1.44e-04
2026-04-17 01:22:29,507 INFO Epoch 16 | Batch 1050 | Loss: 0.7290 | LR: 1.43e-04
2026-04-17 01:22:33,638 INFO Epoch 16 | Batch 1100 | Loss: 0.7715 | LR: 1.43e-04
2026-04-17 01:22:37,914 INFO Epoch 16 | Batch 1150 | Loss: 0.8010 | LR: 1.42e-04
2026-04-17 01:22:42,251 INFO Epoch 16 | Batch 1200 | Loss: 0.6881 | LR: 1.41e-04
2026-04-17 01:22:51,165 INFO Epoch 16 | Train: 0.8608 | Dev CER: 0.1457 | Dev WER: 0.4270 | Time: 113s | Peak: 6.5 GB
2026-04-17 01:22:51,165 INFO   New best CER: 0.1457
2026-04-17 01:22:53,649 INFO Epoch 17 | Batch 0 | Loss: 0.6430 | LR: 1.41e-04
2026-04-17 01:22:58,001 INFO Epoch 17 | Batch 50 | Loss: 0.9656 | LR: 1.40e-04
2026-04-17 01:23:02,382 INFO Epoch 17 | Batch 100 | Loss: 0.8354 | LR: 1.40e-04
2026-04-17 01:23:06,870 INFO Epoch 17 | Batch 150 | Loss: 0.8542 | LR: 1.39e-04
2026-04-17 01:23:11,162 INFO Epoch 17 | Batch 200 | Loss: 0.8411 | LR: 1.38e-04
2026-04-17 01:23:15,287 INFO Epoch 17 | Batch 250 | Loss: 0.6787 | LR: 1.38e-04
2026-04-17 01:23:19,427 INFO Epoch 17 | Batch 300 | Loss: 0.8220 | LR: 1.37e-04
2026-04-17 01:23:23,707 INFO Epoch 17 | Batch 350 | Loss: 0.6724 | LR: 1.36e-04
2026-04-17 01:23:27,988 INFO Epoch 17 | Batch 400 | Loss: 0.8003 | LR: 1.36e-04
2026-04-17 01:23:32,138 INFO Epoch 17 | Batch 450 | Loss: 1.0063 | LR: 1.35e-04
2026-04-17 01:23:36,326 INFO Epoch 17 | Batch 500 | Loss: 0.8569 | LR: 1.34e-04
2026-04-17 01:23:40,521 INFO Epoch 17 | Batch 550 | Loss: 0.8008 | LR: 1.34e-04
2026-04-17 01:23:44,708 INFO Epoch 17 | Batch 600 | Loss: 0.7334 | LR: 1.33e-04
2026-04-17 01:23:48,925 INFO Epoch 17 | Batch 650 | Loss: 0.8420 | LR: 1.32e-04
2026-04-17 01:23:53,167 INFO Epoch 17 | Batch 700 | Loss: 0.6827 | LR: 1.32e-04
2026-04-17 01:23:57,311 INFO Epoch 17 | Batch 750 | Loss: 0.7581 | LR: 1.31e-04
2026-04-17 01:24:01,521 INFO Epoch 17 | Batch 800 | Loss: 0.6789 | LR: 1.31e-04
2026-04-17 01:24:05,676 INFO Epoch 17 | Batch 850 | Loss: 0.9266 | LR: 1.30e-04
2026-04-17 01:24:09,864 INFO Epoch 17 | Batch 900 | Loss: 0.5924 | LR: 1.29e-04
2026-04-17 01:24:13,931 INFO Epoch 17 | Batch 950 | Loss: 0.7989 | LR: 1.29e-04
2026-04-17 01:24:18,200 INFO Epoch 17 | Batch 1000 | Loss: 0.8608 | LR: 1.28e-04
2026-04-17 01:24:22,421 INFO Epoch 17 | Batch 1050 | Loss: 0.6830 | LR: 1.27e-04
2026-04-17 01:24:26,712 INFO Epoch 17 | Batch 1100 | Loss: 0.7195 | LR: 1.27e-04
2026-04-17 01:24:30,897 INFO Epoch 17 | Batch 1150 | Loss: 0.9588 | LR: 1.26e-04
2026-04-17 01:24:35,056 INFO Epoch 17 | Batch 1200 | Loss: 0.8941 | LR: 1.25e-04
2026-04-17 01:24:43,773 INFO Epoch 17 | Train: 0.8413 | Dev CER: 0.1427 | Dev WER: 0.4179 | Time: 112s | Peak: 6.5 GB
2026-04-17 01:24:43,774 INFO   New best CER: 0.1427
2026-04-17 01:24:46,023 INFO Epoch 18 | Batch 0 | Loss: 1.1123 | LR: 1.25e-04
2026-04-17 01:24:50,438 INFO Epoch 18 | Batch 50 | Loss: 0.7230 | LR: 1.24e-04
2026-04-17 01:24:54,794 INFO Epoch 18 | Batch 100 | Loss: 0.7328 | LR: 1.24e-04
2026-04-17 01:24:59,105 INFO Epoch 18 | Batch 150 | Loss: 0.9586 | LR: 1.23e-04
2026-04-17 01:25:03,577 INFO Epoch 18 | Batch 200 | Loss: 1.0378 | LR: 1.22e-04
2026-04-17 01:25:07,908 INFO Epoch 18 | Batch 250 | Loss: 0.6345 | LR: 1.22e-04
2026-04-17 01:25:12,399 INFO Epoch 18 | Batch 300 | Loss: 0.7149 | LR: 1.21e-04
2026-04-17 01:25:16,755 INFO Epoch 18 | Batch 350 | Loss: 0.6114 | LR: 1.20e-04
2026-04-17 01:25:21,134 INFO Epoch 18 | Batch 400 | Loss: 0.7972 | LR: 1.20e-04
2026-04-17 01:25:25,417 INFO Epoch 18 | Batch 450 | Loss: 0.6940 | LR: 1.19e-04
2026-04-17 01:25:29,771 INFO Epoch 18 | Batch 500 | Loss: 0.7026 | LR: 1.19e-04
2026-04-17 01:25:34,072 INFO Epoch 18 | Batch 550 | Loss: 0.6148 | LR: 1.18e-04
2026-04-17 01:25:38,481 INFO Epoch 18 | Batch 600 | Loss: 0.5304 | LR: 1.17e-04
2026-04-17 01:25:42,827 INFO Epoch 18 | Batch 650 | Loss: 1.1691 | LR: 1.17e-04
2026-04-17 01:25:47,132 INFO Epoch 18 | Batch 700 | Loss: 0.6665 | LR: 1.16e-04
2026-04-17 01:25:51,479 INFO Epoch 18 | Batch 750 | Loss: 0.8118 | LR: 1.15e-04
2026-04-17 01:25:55,803 INFO Epoch 18 | Batch 800 | Loss: 1.0543 | LR: 1.15e-04
2026-04-17 01:26:00,235 INFO Epoch 18 | Batch 850 | Loss: 0.9708 | LR: 1.14e-04
2026-04-17 01:26:04,573 INFO Epoch 18 | Batch 900 | Loss: 0.7029 | LR: 1.13e-04
2026-04-17 01:26:08,895 INFO Epoch 18 | Batch 950 | Loss: 0.8346 | LR: 1.13e-04
2026-04-17 01:26:13,270 INFO Epoch 18 | Batch 1000 | Loss: 0.8315 | LR: 1.12e-04
2026-04-17 01:26:17,523 INFO Epoch 18 | Batch 1050 | Loss: 0.8527 | LR: 1.12e-04
2026-04-17 01:26:21,875 INFO Epoch 18 | Batch 1100 | Loss: 0.9658 | LR: 1.11e-04
2026-04-17 01:26:26,235 INFO Epoch 18 | Batch 1150 | Loss: 1.2717 | LR: 1.10e-04
2026-04-17 01:26:30,485 INFO Epoch 18 | Batch 1200 | Loss: 0.7186 | LR: 1.10e-04
2026-04-17 01:26:39,509 INFO Epoch 18 | Train: 0.8211 | Dev CER: 0.1394 | Dev WER: 0.4098 | Time: 115s | Peak: 6.5 GB
2026-04-17 01:26:39,509 INFO   New best CER: 0.1394
2026-04-17 01:26:41,740 INFO Epoch 19 | Batch 0 | Loss: 1.0948 | LR: 1.09e-04
2026-04-17 01:26:45,972 INFO Epoch 19 | Batch 50 | Loss: 0.5773 | LR: 1.09e-04
2026-04-17 01:26:50,287 INFO Epoch 19 | Batch 100 | Loss: 0.7773 | LR: 1.08e-04
2026-04-17 01:26:54,617 INFO Epoch 19 | Batch 150 | Loss: 0.4813 | LR: 1.07e-04
2026-04-17 01:26:58,946 INFO Epoch 19 | Batch 200 | Loss: 0.6632 | LR: 1.07e-04
2026-04-17 01:27:03,351 INFO Epoch 19 | Batch 250 | Loss: 0.7797 | LR: 1.06e-04
2026-04-17 01:27:07,741 INFO Epoch 19 | Batch 300 | Loss: 0.8139 | LR: 1.06e-04
2026-04-17 01:27:12,155 INFO Epoch 19 | Batch 350 | Loss: 1.1246 | LR: 1.05e-04
2026-04-17 01:27:16,401 INFO Epoch 19 | Batch 400 | Loss: 0.8343 | LR: 1.04e-04
2026-04-17 01:27:20,817 INFO Epoch 19 | Batch 450 | Loss: 0.9512 | LR: 1.04e-04
2026-04-17 01:27:25,069 INFO Epoch 19 | Batch 500 | Loss: 1.1561 | LR: 1.03e-04
2026-04-17 01:27:29,345 INFO Epoch 19 | Batch 550 | Loss: 0.7747 | LR: 1.02e-04
2026-04-17 01:27:33,714 INFO Epoch 19 | Batch 600 | Loss: 0.7502 | LR: 1.02e-04
2026-04-17 01:27:38,076 INFO Epoch 19 | Batch 650 | Loss: 1.0851 | LR: 1.01e-04
2026-04-17 01:27:42,556 INFO Epoch 19 | Batch 700 | Loss: 0.7192 | LR: 1.01e-04
2026-04-17 01:27:46,851 INFO Epoch 19 | Batch 750 | Loss: 1.0034 | LR: 1.00e-04
2026-04-17 01:27:51,232 INFO Epoch 19 | Batch 800 | Loss: 0.6740 | LR: 9.94e-05
2026-04-17 01:27:55,669 INFO Epoch 19 | Batch 850 | Loss: 0.8398 | LR: 9.88e-05
2026-04-17 01:27:59,989 INFO Epoch 19 | Batch 900 | Loss: 0.7787 | LR: 9.81e-05
2026-04-17 01:28:04,374 INFO Epoch 19 | Batch 950 | Loss: 0.7668 | LR: 9.75e-05
2026-04-17 01:28:08,827 INFO Epoch 19 | Batch 1000 | Loss: 0.7217 | LR: 9.69e-05
2026-04-17 01:28:13,280 INFO Epoch 19 | Batch 1050 | Loss: 0.7089 | LR: 9.63e-05
2026-04-17 01:28:17,456 INFO Epoch 19 | Batch 1100 | Loss: 0.7292 | LR: 9.57e-05
2026-04-17 01:28:21,540 INFO Epoch 19 | Batch 1150 | Loss: 1.0183 | LR: 9.51e-05
2026-04-17 01:28:25,688 INFO Epoch 19 | Batch 1200 | Loss: 0.6168 | LR: 9.45e-05
2026-04-17 01:28:34,594 INFO Epoch 19 | Train: 0.8128 | Dev CER: 0.1372 | Dev WER: 0.4051 | Time: 115s | Peak: 6.5 GB
2026-04-17 01:28:34,594 INFO   New best CER: 0.1372
2026-04-17 01:28:36,847 INFO Epoch 20 | Batch 0 | Loss: 0.6107 | LR: 9.41e-05
2026-04-17 01:28:41,221 INFO Epoch 20 | Batch 50 | Loss: 0.7455 | LR: 9.35e-05
2026-04-17 01:28:45,690 INFO Epoch 20 | Batch 100 | Loss: 0.4852 | LR: 9.29e-05
2026-04-17 01:28:49,962 INFO Epoch 20 | Batch 150 | Loss: 0.9166 | LR: 9.23e-05
2026-04-17 01:28:54,381 INFO Epoch 20 | Batch 200 | Loss: 0.7331 | LR: 9.17e-05
2026-04-17 01:28:58,650 INFO Epoch 20 | Batch 250 | Loss: 0.8870 | LR: 9.11e-05
2026-04-17 01:29:03,061 INFO Epoch 20 | Batch 300 | Loss: 0.5786 | LR: 9.05e-05
2026-04-17 01:29:07,431 INFO Epoch 20 | Batch 350 | Loss: 0.9453 | LR: 8.99e-05
2026-04-17 01:29:11,828 INFO Epoch 20 | Batch 400 | Loss: 0.8161 | LR: 8.93e-05
2026-04-17 01:29:16,159 INFO Epoch 20 | Batch 450 | Loss: 0.8023 | LR: 8.87e-05
2026-04-17 01:29:20,359 INFO Epoch 20 | Batch 500 | Loss: 0.7114 | LR: 8.81e-05
2026-04-17 01:29:24,622 INFO Epoch 20 | Batch 550 | Loss: 0.6566 | LR: 8.75e-05
2026-04-17 01:29:28,979 INFO Epoch 20 | Batch 600 | Loss: 1.2777 | LR: 8.69e-05
2026-04-17 01:29:33,348 INFO Epoch 20 | Batch 650 | Loss: 0.6570 | LR: 8.63e-05
2026-04-17 01:29:37,499 INFO Epoch 20 | Batch 700 | Loss: 1.1630 | LR: 8.57e-05
2026-04-17 01:29:41,682 INFO Epoch 20 | Batch 750 | Loss: 0.6981 | LR: 8.52e-05
2026-04-17 01:29:45,878 INFO Epoch 20 | Batch 800 | Loss: 0.9828 | LR: 8.46e-05
2026-04-17 01:29:50,267 INFO Epoch 20 | Batch 850 | Loss: 0.7590 | LR: 8.40e-05
2026-04-17 01:29:54,616 INFO Epoch 20 | Batch 900 | Loss: 0.6403 | LR: 8.34e-05
2026-04-17 01:29:58,885 INFO Epoch 20 | Batch 950 | Loss: 0.7234 | LR: 8.28e-05
2026-04-17 01:30:03,253 INFO Epoch 20 | Batch 1000 | Loss: 0.9886 | LR: 8.22e-05
2026-04-17 01:30:07,663 INFO Epoch 20 | Batch 1050 | Loss: 0.7738 | LR: 8.17e-05
2026-04-17 01:30:11,866 INFO Epoch 20 | Batch 1100 | Loss: 1.0622 | LR: 8.11e-05
2026-04-17 01:30:16,147 INFO Epoch 20 | Batch 1150 | Loss: 1.0360 | LR: 8.05e-05
2026-04-17 01:30:20,322 INFO Epoch 20 | Batch 1200 | Loss: 0.5230 | LR: 7.99e-05
2026-04-17 01:30:29,165 INFO Epoch 20 | Train: 0.8059 | Dev CER: 0.1355 | Dev WER: 0.3980 | Time: 114s | Peak: 6.5 GB
2026-04-17 01:30:29,165 INFO   New best CER: 0.1355
2026-04-17 01:30:31,488 INFO Epoch 21 | Batch 0 | Loss: 0.8410 | LR: 7.95e-05
2026-04-17 01:30:35,738 INFO Epoch 21 | Batch 50 | Loss: 0.8664 | LR: 7.90e-05
2026-04-17 01:30:39,806 INFO Epoch 21 | Batch 100 | Loss: 0.8563 | LR: 7.84e-05
2026-04-17 01:30:44,006 INFO Epoch 21 | Batch 150 | Loss: 0.6975 | LR: 7.78e-05
2026-04-17 01:30:48,255 INFO Epoch 21 | Batch 200 | Loss: 0.5936 | LR: 7.72e-05
2026-04-17 01:30:52,418 INFO Epoch 21 | Batch 250 | Loss: 0.7393 | LR: 7.67e-05
2026-04-17 01:30:56,590 INFO Epoch 21 | Batch 300 | Loss: 0.7006 | LR: 7.61e-05
2026-04-17 01:31:00,808 INFO Epoch 21 | Batch 350 | Loss: 0.6296 | LR: 7.56e-05
2026-04-17 01:31:05,028 INFO Epoch 21 | Batch 400 | Loss: 0.7004 | LR: 7.50e-05
2026-04-17 01:31:09,162 INFO Epoch 21 | Batch 450 | Loss: 0.6277 | LR: 7.44e-05
2026-04-17 01:31:13,362 INFO Epoch 21 | Batch 500 | Loss: 0.8912 | LR: 7.39e-05
2026-04-17 01:31:17,573 INFO Epoch 21 | Batch 550 | Loss: 0.7002 | LR: 7.33e-05
2026-04-17 01:31:21,713 INFO Epoch 21 | Batch 600 | Loss: 0.6541 | LR: 7.28e-05
2026-04-17 01:31:25,975 INFO Epoch 21 | Batch 650 | Loss: 0.8856 | LR: 7.22e-05
2026-04-17 01:31:30,145 INFO Epoch 21 | Batch 700 | Loss: 1.0867 | LR: 7.16e-05
2026-04-17 01:31:34,261 INFO Epoch 21 | Batch 750 | Loss: 0.6390 | LR: 7.11e-05
2026-04-17 01:31:38,500 INFO Epoch 21 | Batch 800 | Loss: 1.0666 | LR: 7.05e-05
2026-04-17 01:31:42,675 INFO Epoch 21 | Batch 850 | Loss: 0.6024 | LR: 7.00e-05
2026-04-17 01:31:46,995 INFO Epoch 21 | Batch 900 | Loss: 1.1080 | LR: 6.94e-05
2026-04-17 01:31:51,237 INFO Epoch 21 | Batch 950 | Loss: 0.6519 | LR: 6.89e-05
2026-04-17 01:31:55,647 INFO Epoch 21 | Batch 1000 | Loss: 0.5355 | LR: 6.84e-05
2026-04-17 01:31:59,964 INFO Epoch 21 | Batch 1050 | Loss: 0.7382 | LR: 6.78e-05
2026-04-17 01:32:04,305 INFO Epoch 21 | Batch 1100 | Loss: 0.7835 | LR: 6.73e-05
2026-04-17 01:32:08,696 INFO Epoch 21 | Batch 1150 | Loss: 0.7115 | LR: 6.67e-05
2026-04-17 01:32:13,040 INFO Epoch 21 | Batch 1200 | Loss: 1.1736 | LR: 6.62e-05
2026-04-17 01:32:21,655 INFO Epoch 21 | Train: 0.7866 | Dev CER: 0.1342 | Dev WER: 0.3954 | Time: 112s | Peak: 6.5 GB
2026-04-17 01:32:21,655 INFO   New best CER: 0.1342
2026-04-17 01:32:24,123 INFO Epoch 22 | Batch 0 | Loss: 1.0135 | LR: 6.58e-05
2026-04-17 01:32:28,535 INFO Epoch 22 | Batch 50 | Loss: 0.5453 | LR: 6.53e-05
2026-04-17 01:32:32,949 INFO Epoch 22 | Batch 100 | Loss: 0.5980 | LR: 6.47e-05
2026-04-17 01:32:37,231 INFO Epoch 22 | Batch 150 | Loss: 1.0887 | LR: 6.42e-05
2026-04-17 01:32:41,476 INFO Epoch 22 | Batch 200 | Loss: 0.8550 | LR: 6.37e-05
2026-04-17 01:32:45,895 INFO Epoch 22 | Batch 250 | Loss: 0.6179 | LR: 6.31e-05
2026-04-17 01:32:50,182 INFO Epoch 22 | Batch 300 | Loss: 0.8105 | LR: 6.26e-05
2026-04-17 01:32:54,538 INFO Epoch 22 | Batch 350 | Loss: 0.9329 | LR: 6.21e-05
2026-04-17 01:32:58,872 INFO Epoch 22 | Batch 400 | Loss: 0.6771 | LR: 6.16e-05
2026-04-17 01:33:03,314 INFO Epoch 22 | Batch 450 | Loss: 0.5878 | LR: 6.10e-05
2026-04-17 01:33:07,739 INFO Epoch 22 | Batch 500 | Loss: 0.5457 | LR: 6.05e-05
2026-04-17 01:33:12,146 INFO Epoch 22 | Batch 550 | Loss: 0.7421 | LR: 6.00e-05
2026-04-17 01:33:16,568 INFO Epoch 22 | Batch 600 | Loss: 0.8099 | LR: 5.95e-05
2026-04-17 01:33:20,948 INFO Epoch 22 | Batch 650 | Loss: 0.8187 | LR: 5.90e-05
2026-04-17 01:33:25,364 INFO Epoch 22 | Batch 700 | Loss: 0.5705 | LR: 5.85e-05
2026-04-17 01:33:29,586 INFO Epoch 22 | Batch 750 | Loss: 0.8018 | LR: 5.79e-05
2026-04-17 01:33:33,897 INFO Epoch 22 | Batch 800 | Loss: 0.8345 | LR: 5.74e-05
2026-04-17 01:33:38,238 INFO Epoch 22 | Batch 850 | Loss: 0.7827 | LR: 5.69e-05
2026-04-17 01:33:42,554 INFO Epoch 22 | Batch 900 | Loss: 0.8986 | LR: 5.64e-05
2026-04-17 01:33:46,839 INFO Epoch 22 | Batch 950 | Loss: 0.9062 | LR: 5.59e-05
2026-04-17 01:33:51,154 INFO Epoch 22 | Batch 1000 | Loss: 0.5943 | LR: 5.54e-05
2026-04-17 01:33:55,526 INFO Epoch 22 | Batch 1050 | Loss: 0.6806 | LR: 5.49e-05
2026-04-17 01:33:59,986 INFO Epoch 22 | Batch 1100 | Loss: 0.8195 | LR: 5.44e-05
2026-04-17 01:34:04,269 INFO Epoch 22 | Batch 1150 | Loss: 0.7796 | LR: 5.39e-05
2026-04-17 01:34:08,728 INFO Epoch 22 | Batch 1200 | Loss: 0.9678 | LR: 5.34e-05
2026-04-17 01:34:17,634 INFO Epoch 22 | Train: 0.7792 | Dev CER: 0.1314 | Dev WER: 0.3911 | Time: 115s | Peak: 6.5 GB
2026-04-17 01:34:17,634 INFO   New best CER: 0.1314
2026-04-17 01:34:19,827 INFO Epoch 23 | Batch 0 | Loss: 0.8307 | LR: 5.31e-05
2026-04-17 01:34:24,280 INFO Epoch 23 | Batch 50 | Loss: 0.8229 | LR: 5.26e-05
2026-04-17 01:34:28,689 INFO Epoch 23 | Batch 100 | Loss: 0.6378 | LR: 5.21e-05
2026-04-17 01:34:33,066 INFO Epoch 23 | Batch 150 | Loss: 0.8500 | LR: 5.16e-05
2026-04-17 01:34:37,472 INFO Epoch 23 | Batch 200 | Loss: 0.5800 | LR: 5.11e-05
2026-04-17 01:34:41,733 INFO Epoch 23 | Batch 250 | Loss: 0.8963 | LR: 5.06e-05
2026-04-17 01:34:45,739 INFO Epoch 23 | Batch 300 | Loss: 0.6503 | LR: 5.01e-05
2026-04-17 01:34:49,874 INFO Epoch 23 | Batch 350 | Loss: 0.8504 | LR: 4.97e-05
2026-04-17 01:34:54,013 INFO Epoch 23 | Batch 400 | Loss: 0.9320 | LR: 4.92e-05
2026-04-17 01:34:58,023 INFO Epoch 23 | Batch 450 | Loss: 0.5815 | LR: 4.87e-05
2026-04-17 01:35:02,214 INFO Epoch 23 | Batch 500 | Loss: 0.8767 | LR: 4.82e-05
2026-04-17 01:35:06,372 INFO Epoch 23 | Batch 550 | Loss: 0.8299 | LR: 4.77e-05
2026-04-17 01:35:10,545 INFO Epoch 23 | Batch 600 | Loss: 0.6765 | LR: 4.73e-05
2026-04-17 01:35:14,697 INFO Epoch 23 | Batch 650 | Loss: 1.1449 | LR: 4.68e-05
2026-04-17 01:35:18,869 INFO Epoch 23 | Batch 700 | Loss: 0.9683 | LR: 4.63e-05
2026-04-17 01:35:22,997 INFO Epoch 23 | Batch 750 | Loss: 1.1174 | LR: 4.59e-05
2026-04-17 01:35:27,159 INFO Epoch 23 | Batch 800 | Loss: 0.6083 | LR: 4.54e-05
2026-04-17 01:35:31,458 INFO Epoch 23 | Batch 850 | Loss: 0.7457 | LR: 4.49e-05
2026-04-17 01:35:35,596 INFO Epoch 23 | Batch 900 | Loss: 0.5671 | LR: 4.45e-05
2026-04-17 01:35:39,908 INFO Epoch 23 | Batch 950 | Loss: 0.8494 | LR: 4.40e-05
2026-04-17 01:35:44,165 INFO Epoch 23 | Batch 1000 | Loss: 0.8534 | LR: 4.36e-05
2026-04-17 01:35:48,468 INFO Epoch 23 | Batch 1050 | Loss: 0.6483 | LR: 4.31e-05
2026-04-17 01:35:52,790 INFO Epoch 23 | Batch 1100 | Loss: 0.6922 | LR: 4.27e-05
2026-04-17 01:35:57,054 INFO Epoch 23 | Batch 1150 | Loss: 0.6533 | LR: 4.22e-05
2026-04-17 01:36:01,450 INFO Epoch 23 | Batch 1200 | Loss: 0.7288 | LR: 4.18e-05
2026-04-17 01:36:10,132 INFO Epoch 23 | Train: 0.7619 | Dev CER: 0.1312 | Dev WER: 0.3881 | Time: 112s | Peak: 6.5 GB
2026-04-17 01:36:10,132 INFO   New best CER: 0.1312
2026-04-17 01:36:12,543 INFO Epoch 24 | Batch 0 | Loss: 0.6214 | LR: 4.14e-05
2026-04-17 01:36:16,935 INFO Epoch 24 | Batch 50 | Loss: 0.7122 | LR: 4.10e-05
2026-04-17 01:36:21,209 INFO Epoch 24 | Batch 100 | Loss: 0.7479 | LR: 4.06e-05
2026-04-17 01:36:25,511 INFO Epoch 24 | Batch 150 | Loss: 0.7365 | LR: 4.01e-05
2026-04-17 01:36:30,004 INFO Epoch 24 | Batch 200 | Loss: 0.6488 | LR: 3.97e-05
2026-04-17 01:36:34,318 INFO Epoch 24 | Batch 250 | Loss: 0.5861 | LR: 3.92e-05
2026-04-17 01:36:38,604 INFO Epoch 24 | Batch 300 | Loss: 0.6378 | LR: 3.88e-05
2026-04-17 01:36:42,910 INFO Epoch 24 | Batch 350 | Loss: 0.6390 | LR: 3.84e-05
2026-04-17 01:36:47,120 INFO Epoch 24 | Batch 400 | Loss: 0.5307 | LR: 3.80e-05
2026-04-17 01:36:51,412 INFO Epoch 24 | Batch 450 | Loss: 0.7060 | LR: 3.75e-05
2026-04-17 01:36:55,655 INFO Epoch 24 | Batch 500 | Loss: 0.8360 | LR: 3.71e-05
2026-04-17 01:36:59,990 INFO Epoch 24 | Batch 550 | Loss: 0.6460 | LR: 3.67e-05
2026-04-17 01:37:04,270 INFO Epoch 24 | Batch 600 | Loss: 0.9332 | LR: 3.63e-05
2026-04-17 01:37:08,401 INFO Epoch 24 | Batch 650 | Loss: 0.7211 | LR: 3.58e-05
2026-04-17 01:37:12,820 INFO Epoch 24 | Batch 700 | Loss: 0.8689 | LR: 3.54e-05
2026-04-17 01:37:17,293 INFO Epoch 24 | Batch 750 | Loss: 1.0329 | LR: 3.50e-05
2026-04-17 01:37:21,427 INFO Epoch 24 | Batch 800 | Loss: 0.8153 | LR: 3.46e-05
2026-04-17 01:37:25,468 INFO Epoch 24 | Batch 850 | Loss: 0.7164 | LR: 3.42e-05
2026-04-17 01:37:29,705 INFO Epoch 24 | Batch 900 | Loss: 0.7735 | LR: 3.38e-05
2026-04-17 01:37:33,807 INFO Epoch 24 | Batch 950 | Loss: 1.2116 | LR: 3.34e-05
2026-04-17 01:37:38,033 INFO Epoch 24 | Batch 1000 | Loss: 0.9557 | LR: 3.30e-05
2026-04-17 01:37:42,182 INFO Epoch 24 | Batch 1050 | Loss: 0.5884 | LR: 3.26e-05
2026-04-17 01:37:46,368 INFO Epoch 24 | Batch 1100 | Loss: 0.5169 | LR: 3.22e-05
2026-04-17 01:37:50,639 INFO Epoch 24 | Batch 1150 | Loss: 0.8362 | LR: 3.18e-05
2026-04-17 01:37:55,025 INFO Epoch 24 | Batch 1200 | Loss: 0.7912 | LR: 3.14e-05
2026-04-17 01:38:03,866 INFO Epoch 24 | Train: 0.7535 | Dev CER: 0.1299 | Dev WER: 0.3852 | Time: 113s | Peak: 6.5 GB
2026-04-17 01:38:03,866 INFO   New best CER: 0.1299
2026-04-17 01:38:06,290 INFO Epoch 25 | Batch 0 | Loss: 0.5583 | LR: 3.11e-05
2026-04-17 01:38:10,611 INFO Epoch 25 | Batch 50 | Loss: 0.9833 | LR: 3.07e-05
2026-04-17 01:38:14,862 INFO Epoch 25 | Batch 100 | Loss: 0.6365 | LR: 3.03e-05
2026-04-17 01:38:19,092 INFO Epoch 25 | Batch 150 | Loss: 0.7004 | LR: 2.99e-05
2026-04-17 01:38:23,388 INFO Epoch 25 | Batch 200 | Loss: 0.7163 | LR: 2.95e-05
2026-04-17 01:38:27,758 INFO Epoch 25 | Batch 250 | Loss: 1.1656 | LR: 2.92e-05
2026-04-17 01:38:32,159 INFO Epoch 25 | Batch 300 | Loss: 0.6499 | LR: 2.88e-05
2026-04-17 01:38:36,573 INFO Epoch 25 | Batch 350 | Loss: 0.7893 | LR: 2.84e-05
2026-04-17 01:38:40,935 INFO Epoch 25 | Batch 400 | Loss: 0.6450 | LR: 2.80e-05
2026-04-17 01:38:45,263 INFO Epoch 25 | Batch 450 | Loss: 0.7286 | LR: 2.77e-05
2026-04-17 01:38:49,584 INFO Epoch 25 | Batch 500 | Loss: 0.8524 | LR: 2.73e-05
2026-04-17 01:38:53,975 INFO Epoch 25 | Batch 550 | Loss: 0.8738 | LR: 2.69e-05
2026-04-17 01:38:58,225 INFO Epoch 25 | Batch 600 | Loss: 0.8882 | LR: 2.66e-05
2026-04-17 01:39:02,420 INFO Epoch 25 | Batch 650 | Loss: 0.6928 | LR: 2.62e-05
2026-04-17 01:39:06,821 INFO Epoch 25 | Batch 700 | Loss: 0.7690 | LR: 2.58e-05
2026-04-17 01:39:11,046 INFO Epoch 25 | Batch 750 | Loss: 0.7229 | LR: 2.55e-05
2026-04-17 01:39:15,430 INFO Epoch 25 | Batch 800 | Loss: 0.7100 | LR: 2.51e-05
2026-04-17 01:39:19,868 INFO Epoch 25 | Batch 850 | Loss: 0.7225 | LR: 2.48e-05
2026-04-17 01:39:24,082 INFO Epoch 25 | Batch 900 | Loss: 0.9539 | LR: 2.44e-05
2026-04-17 01:39:28,373 INFO Epoch 25 | Batch 950 | Loss: 0.9614 | LR: 2.41e-05
2026-04-17 01:39:32,628 INFO Epoch 25 | Batch 1000 | Loss: 0.6648 | LR: 2.37e-05
2026-04-17 01:39:36,970 INFO Epoch 25 | Batch 1050 | Loss: 0.6452 | LR: 2.34e-05
2026-04-17 01:39:41,367 INFO Epoch 25 | Batch 1100 | Loss: 0.9540 | LR: 2.30e-05
2026-04-17 01:39:45,768 INFO Epoch 25 | Batch 1150 | Loss: 0.4253 | LR: 2.27e-05
2026-04-17 01:39:50,156 INFO Epoch 25 | Batch 1200 | Loss: 0.7547 | LR: 2.24e-05
2026-04-17 01:39:58,710 INFO Epoch 25 | Train: 0.7463 | Dev CER: 0.1283 | Dev WER: 0.3825 | Time: 114s | Peak: 6.5 GB
2026-04-17 01:39:58,710 INFO   New best CER: 0.1283
2026-04-17 01:40:01,148 INFO Epoch 26 | Batch 0 | Loss: 0.5802 | LR: 2.21e-05
2026-04-17 01:40:05,547 INFO Epoch 26 | Batch 50 | Loss: 0.8618 | LR: 2.18e-05
2026-04-17 01:40:10,009 INFO Epoch 26 | Batch 100 | Loss: 0.6853 | LR: 2.15e-05
2026-04-17 01:40:14,348 INFO Epoch 26 | Batch 150 | Loss: 0.6562 | LR: 2.11e-05
2026-04-17 01:40:18,766 INFO Epoch 26 | Batch 200 | Loss: 0.5547 | LR: 2.08e-05
2026-04-17 01:40:23,260 INFO Epoch 26 | Batch 250 | Loss: 0.6908 | LR: 2.05e-05
2026-04-17 01:40:27,741 INFO Epoch 26 | Batch 300 | Loss: 0.6406 | LR: 2.02e-05
2026-04-17 01:40:31,945 INFO Epoch 26 | Batch 350 | Loss: 0.8329 | LR: 1.98e-05
2026-04-17 01:40:36,441 INFO Epoch 26 | Batch 400 | Loss: 0.7853 | LR: 1.95e-05
2026-04-17 01:40:40,758 INFO Epoch 26 | Batch 450 | Loss: 0.9799 | LR: 1.92e-05
2026-04-17 01:40:45,064 INFO Epoch 26 | Batch 500 | Loss: 0.4348 | LR: 1.89e-05
2026-04-17 01:40:49,288 INFO Epoch 26 | Batch 550 | Loss: 0.7568 | LR: 1.86e-05
2026-04-17 01:40:53,487 INFO Epoch 26 | Batch 600 | Loss: 0.6218 | LR: 1.83e-05
2026-04-17 01:40:57,796 INFO Epoch 26 | Batch 650 | Loss: 0.8059 | LR: 1.80e-05
2026-04-17 01:41:02,120 INFO Epoch 26 | Batch 700 | Loss: 0.8338 | LR: 1.77e-05
2026-04-17 01:41:06,542 INFO Epoch 26 | Batch 750 | Loss: 0.7868 | LR: 1.74e-05
2026-04-17 01:41:10,891 INFO Epoch 26 | Batch 800 | Loss: 0.6571 | LR: 1.71e-05
2026-04-17 01:41:15,300 INFO Epoch 26 | Batch 850 | Loss: 0.6879 | LR: 1.68e-05
2026-04-17 01:41:19,649 INFO Epoch 26 | Batch 900 | Loss: 0.5181 | LR: 1.65e-05
2026-04-17 01:41:23,933 INFO Epoch 26 | Batch 950 | Loss: 0.8024 | LR: 1.62e-05
2026-04-17 01:41:28,258 INFO Epoch 26 | Batch 1000 | Loss: 0.5066 | LR: 1.59e-05
2026-04-17 01:41:32,733 INFO Epoch 26 | Batch 1050 | Loss: 0.6117 | LR: 1.57e-05
2026-04-17 01:41:36,953 INFO Epoch 26 | Batch 1100 | Loss: 0.7463 | LR: 1.54e-05
2026-04-17 01:41:41,085 INFO Epoch 26 | Batch 1150 | Loss: 0.6012 | LR: 1.51e-05
2026-04-17 01:41:45,253 INFO Epoch 26 | Batch 1200 | Loss: 0.5271 | LR: 1.48e-05
2026-04-17 01:41:53,803 INFO Epoch 26 | Train: 0.7483 | Dev CER: 0.1278 | Dev WER: 0.3796 | Time: 114s | Peak: 6.5 GB
2026-04-17 01:41:53,803 INFO   New best CER: 0.1278
2026-04-17 01:41:56,237 INFO Epoch 27 | Batch 0 | Loss: 0.5964 | LR: 1.46e-05
2026-04-17 01:42:00,634 INFO Epoch 27 | Batch 50 | Loss: 0.7285 | LR: 1.44e-05
2026-04-17 01:42:04,909 INFO Epoch 27 | Batch 100 | Loss: 0.5152 | LR: 1.41e-05
2026-04-17 01:42:09,313 INFO Epoch 27 | Batch 150 | Loss: 0.9754 | LR: 1.38e-05
2026-04-17 01:42:13,563 INFO Epoch 27 | Batch 200 | Loss: 0.6620 | LR: 1.36e-05
2026-04-17 01:42:17,982 INFO Epoch 27 | Batch 250 | Loss: 0.6762 | LR: 1.33e-05
2026-04-17 01:42:22,206 INFO Epoch 27 | Batch 300 | Loss: 0.6722 | LR: 1.31e-05
2026-04-17 01:42:26,694 INFO Epoch 27 | Batch 350 | Loss: 0.9786 | LR: 1.28e-05
2026-04-17 01:42:31,109 INFO Epoch 27 | Batch 400 | Loss: 0.6693 | LR: 1.25e-05
2026-04-17 01:42:35,433 INFO Epoch 27 | Batch 450 | Loss: 0.9188 | LR: 1.23e-05
2026-04-17 01:42:39,647 INFO Epoch 27 | Batch 500 | Loss: 0.6061 | LR: 1.20e-05
2026-04-17 01:42:43,792 INFO Epoch 27 | Batch 550 | Loss: 0.8919 | LR: 1.18e-05
2026-04-17 01:42:48,003 INFO Epoch 27 | Batch 600 | Loss: 0.7789 | LR: 1.16e-05
2026-04-17 01:42:52,245 INFO Epoch 27 | Batch 650 | Loss: 0.6344 | LR: 1.13e-05
2026-04-17 01:42:56,482 INFO Epoch 27 | Batch 700 | Loss: 0.7977 | LR: 1.11e-05
2026-04-17 01:43:00,569 INFO Epoch 27 | Batch 750 | Loss: 0.7824 | LR: 1.09e-05
2026-04-17 01:43:04,697 INFO Epoch 27 | Batch 800 | Loss: 0.6401 | LR: 1.06e-05
2026-04-17 01:43:08,828 INFO Epoch 27 | Batch 850 | Loss: 0.8167 | LR: 1.04e-05
2026-04-17 01:43:12,961 INFO Epoch 27 | Batch 900 | Loss: 0.6955 | LR: 1.02e-05
2026-04-17 01:43:17,142 INFO Epoch 27 | Batch 950 | Loss: 0.9752 | LR: 9.95e-06
2026-04-17 01:43:21,216 INFO Epoch 27 | Batch 1000 | Loss: 0.6203 | LR: 9.72e-06
2026-04-17 01:43:25,369 INFO Epoch 27 | Batch 1050 | Loss: 0.5397 | LR: 9.51e-06
2026-04-17 01:43:29,502 INFO Epoch 27 | Batch 1100 | Loss: 0.4327 | LR: 9.29e-06
2026-04-17 01:43:33,708 INFO Epoch 27 | Batch 1150 | Loss: 0.6427 | LR: 9.08e-06
2026-04-17 01:43:37,895 INFO Epoch 27 | Batch 1200 | Loss: 0.7410 | LR: 8.87e-06
2026-04-17 01:43:46,398 INFO Epoch 27 | Train: 0.7422 | Dev CER: 0.1267 | Dev WER: 0.3778 | Time: 112s | Peak: 6.5 GB
2026-04-17 01:43:46,398 INFO   New best CER: 0.1267
2026-04-17 01:43:48,864 INFO Epoch 28 | Batch 0 | Loss: 0.6693 | LR: 8.72e-06
2026-04-17 01:43:53,142 INFO Epoch 28 | Batch 50 | Loss: 0.6097 | LR: 8.52e-06
2026-04-17 01:43:57,241 INFO Epoch 28 | Batch 100 | Loss: 0.7732 | LR: 8.31e-06
2026-04-17 01:44:01,424 INFO Epoch 28 | Batch 150 | Loss: 0.6086 | LR: 8.11e-06
2026-04-17 01:44:05,567 INFO Epoch 28 | Batch 200 | Loss: 0.6544 | LR: 7.92e-06
2026-04-17 01:44:09,679 INFO Epoch 28 | Batch 250 | Loss: 0.8026 | LR: 7.72e-06
2026-04-17 01:44:13,771 INFO Epoch 28 | Batch 300 | Loss: 0.7683 | LR: 7.53e-06
2026-04-17 01:44:17,895 INFO Epoch 28 | Batch 350 | Loss: 0.6495 | LR: 7.34e-06
2026-04-17 01:44:22,155 INFO Epoch 28 | Batch 400 | Loss: 0.5898 | LR: 7.16e-06
2026-04-17 01:44:26,346 INFO Epoch 28 | Batch 450 | Loss: 0.9468 | LR: 6.97e-06
2026-04-17 01:44:30,449 INFO Epoch 28 | Batch 500 | Loss: 0.6624 | LR: 6.79e-06
2026-04-17 01:44:34,773 INFO Epoch 28 | Batch 550 | Loss: 0.7782 | LR: 6.61e-06
2026-04-17 01:44:38,973 INFO Epoch 28 | Batch 600 | Loss: 0.8946 | LR: 6.44e-06
2026-04-17 01:44:43,223 INFO Epoch 28 | Batch 650 | Loss: 0.7584 | LR: 6.27e-06
2026-04-17 01:44:47,431 INFO Epoch 28 | Batch 700 | Loss: 0.7236 | LR: 6.10e-06
2026-04-17 01:44:51,735 INFO Epoch 28 | Batch 750 | Loss: 0.7212 | LR: 5.93e-06
2026-04-17 01:44:55,994 INFO Epoch 28 | Batch 800 | Loss: 0.8564 | LR: 5.76e-06
2026-04-17 01:45:00,161 INFO Epoch 28 | Batch 850 | Loss: 0.7715 | LR: 5.60e-06
2026-04-17 01:45:04,456 INFO Epoch 28 | Batch 900 | Loss: 0.6203 | LR: 5.44e-06
2026-04-17 01:45:08,739 INFO Epoch 28 | Batch 950 | Loss: 0.8809 | LR: 5.29e-06
2026-04-17 01:45:13,043 INFO Epoch 28 | Batch 1000 | Loss: 0.5886 | LR: 5.13e-06
2026-04-17 01:45:17,559 INFO Epoch 28 | Batch 1050 | Loss: 0.8000 | LR: 4.98e-06
2026-04-17 01:45:22,043 INFO Epoch 28 | Batch 1100 | Loss: 0.6739 | LR: 4.84e-06
2026-04-17 01:45:26,250 INFO Epoch 28 | Batch 1150 | Loss: 0.5613 | LR: 4.69e-06
2026-04-17 01:45:30,945 INFO Epoch 28 | Batch 1200 | Loss: 0.6915 | LR: 4.55e-06
2026-04-17 01:45:39,738 INFO Epoch 28 | Train: 0.7399 | Dev CER: 0.1264 | Dev WER: 0.3770 | Time: 113s | Peak: 6.5 GB
2026-04-17 01:45:39,738 INFO   New best CER: 0.1264
2026-04-17 01:45:42,182 INFO Epoch 29 | Batch 0 | Loss: 0.6969 | LR: 4.45e-06
2026-04-17 01:45:46,520 INFO Epoch 29 | Batch 50 | Loss: 0.9419 | LR: 4.31e-06
2026-04-17 01:45:50,848 INFO Epoch 29 | Batch 100 | Loss: 0.8320 | LR: 4.17e-06
2026-04-17 01:45:55,212 INFO Epoch 29 | Batch 150 | Loss: 0.5984 | LR: 4.04e-06
2026-04-17 01:45:59,649 INFO Epoch 29 | Batch 200 | Loss: 0.6341 | LR: 3.91e-06
2026-04-17 01:46:04,074 INFO Epoch 29 | Batch 250 | Loss: 0.7128 | LR: 3.79e-06
2026-04-17 01:46:08,400 INFO Epoch 29 | Batch 300 | Loss: 0.6559 | LR: 3.66e-06
2026-04-17 01:46:12,810 INFO Epoch 29 | Batch 350 | Loss: 0.7439 | LR: 3.54e-06
2026-04-17 01:46:17,183 INFO Epoch 29 | Batch 400 | Loss: 0.6370 | LR: 3.42e-06
2026-04-17 01:46:21,382 INFO Epoch 29 | Batch 450 | Loss: 0.6651 | LR: 3.31e-06
2026-04-17 01:46:25,685 INFO Epoch 29 | Batch 500 | Loss: 0.9792 | LR: 3.20e-06
2026-04-17 01:46:30,174 INFO Epoch 29 | Batch 550 | Loss: 0.5384 | LR: 3.09e-06
2026-04-17 01:46:34,457 INFO Epoch 29 | Batch 600 | Loss: 0.9118 | LR: 2.98e-06
2026-04-17 01:46:38,639 INFO Epoch 29 | Batch 650 | Loss: 0.8391 | LR: 2.88e-06
2026-04-17 01:46:42,781 INFO Epoch 29 | Batch 700 | Loss: 0.7401 | LR: 2.77e-06
2026-04-17 01:46:46,935 INFO Epoch 29 | Batch 750 | Loss: 0.4122 | LR: 2.68e-06
2026-04-17 01:46:51,039 INFO Epoch 29 | Batch 800 | Loss: 0.7002 | LR: 2.58e-06
2026-04-17 01:46:55,227 INFO Epoch 29 | Batch 850 | Loss: 0.5475 | LR: 2.49e-06
2026-04-17 01:46:59,452 INFO Epoch 29 | Batch 900 | Loss: 0.7268 | LR: 2.40e-06
2026-04-17 01:47:03,623 INFO Epoch 29 | Batch 950 | Loss: 0.7127 | LR: 2.31e-06
2026-04-17 01:47:07,873 INFO Epoch 29 | Batch 1000 | Loss: 0.7938 | LR: 2.22e-06
2026-04-17 01:47:12,099 INFO Epoch 29 | Batch 1050 | Loss: 0.7065 | LR: 2.14e-06
2026-04-17 01:47:16,356 INFO Epoch 29 | Batch 1100 | Loss: 0.7296 | LR: 2.06e-06
2026-04-17 01:47:20,792 INFO Epoch 29 | Batch 1150 | Loss: 0.7301 | LR: 1.99e-06
2026-04-17 01:47:25,219 INFO Epoch 29 | Batch 1200 | Loss: 0.5754 | LR: 1.91e-06
2026-04-17 01:47:34,079 INFO Epoch 29 | Train: 0.7356 | Dev CER: 0.1265 | Dev WER: 0.3764 | Time: 114s | Peak: 6.5 GB
2026-04-17 01:47:36,416 INFO Epoch 30 | Batch 0 | Loss: 0.8108 | LR: 1.86e-06
2026-04-17 01:47:40,733 INFO Epoch 30 | Batch 50 | Loss: 0.7341 | LR: 1.80e-06
2026-04-17 01:47:45,052 INFO Epoch 30 | Batch 100 | Loss: 0.6103 | LR: 1.73e-06
2026-04-17 01:47:49,478 INFO Epoch 30 | Batch 150 | Loss: 0.7010 | LR: 1.67e-06
2026-04-17 01:47:53,925 INFO Epoch 30 | Batch 200 | Loss: 0.5313 | LR: 1.61e-06
2026-04-17 01:47:58,410 INFO Epoch 30 | Batch 250 | Loss: 0.6788 | LR: 1.55e-06
2026-04-17 01:48:02,766 INFO Epoch 30 | Batch 300 | Loss: 0.5134 | LR: 1.50e-06
2026-04-17 01:48:07,048 INFO Epoch 30 | Batch 350 | Loss: 0.7158 | LR: 1.44e-06
2026-04-17 01:48:11,204 INFO Epoch 30 | Batch 400 | Loss: 0.6527 | LR: 1.39e-06
2026-04-17 01:48:15,349 INFO Epoch 30 | Batch 450 | Loss: 0.8722 | LR: 1.35e-06
2026-04-17 01:48:19,491 INFO Epoch 30 | Batch 500 | Loss: 0.5852 | LR: 1.31e-06
2026-04-17 01:48:23,807 INFO Epoch 30 | Batch 550 | Loss: 0.8414 | LR: 1.27e-06
2026-04-17 01:48:28,015 INFO Epoch 30 | Batch 600 | Loss: 0.7416 | LR: 1.23e-06
2026-04-17 01:48:32,337 INFO Epoch 30 | Batch 650 | Loss: 0.8592 | LR: 1.19e-06
2026-04-17 01:48:36,835 INFO Epoch 30 | Batch 700 | Loss: 0.7525 | LR: 1.16e-06
2026-04-17 01:48:41,146 INFO Epoch 30 | Batch 750 | Loss: 0.5140 | LR: 1.13e-06
2026-04-17 01:48:45,608 INFO Epoch 30 | Batch 800 | Loss: 0.5703 | LR: 1.11e-06
2026-04-17 01:48:49,871 INFO Epoch 30 | Batch 850 | Loss: 0.6633 | LR: 1.08e-06
2026-04-17 01:48:54,191 INFO Epoch 30 | Batch 900 | Loss: 0.6316 | LR: 1.06e-06
2026-04-17 01:48:58,594 INFO Epoch 30 | Batch 950 | Loss: 0.7066 | LR: 1.05e-06
2026-04-17 01:49:03,051 INFO Epoch 30 | Batch 1000 | Loss: 0.7389 | LR: 1.03e-06
2026-04-17 01:49:07,429 INFO Epoch 30 | Batch 1050 | Loss: 0.5297 | LR: 1.02e-06
2026-04-17 01:49:11,733 INFO Epoch 30 | Batch 1100 | Loss: 0.7635 | LR: 1.01e-06
2026-04-17 01:49:16,046 INFO Epoch 30 | Batch 1150 | Loss: 0.6502 | LR: 1.00e-06
2026-04-17 01:49:20,502 INFO Epoch 30 | Batch 1200 | Loss: 0.6508 | LR: 1.00e-06
2026-04-17 01:49:29,265 INFO Epoch 30 | Train: 0.7368 | Dev CER: 0.1261 | Dev WER: 0.3758 | Time: 115s | Peak: 6.5 GB
2026-04-17 01:49:29,265 INFO   New best CER: 0.1261
2026-04-17 01:50:45,180 INFO Done. Best dev CER: 0.1261 | Test CER: 0.1259
