2026-04-23 09:45:27,655 INFO Loading LibriSpeech split=train.100 from HuggingFace...
2026-04-23 09:45:27,829 INFO HTTP Request: HEAD https://huggingface.co/datasets/openslr/librispeech_asr/resolve/main/README.md "HTTP/1.1 307 Temporary Redirect"
2026-04-23 09:45:27,829 WARNING Warning: You are sending unauthenticated requests to the HF Hub. Please set a HF_TOKEN to enable higher rate limits and faster downloads.
2026-04-23 09:45:27,848 INFO HTTP Request: HEAD https://huggingface.co/api/resolve-cache/datasets/openslr/librispeech_asr/71cacbfb7e2354c4226d01e70d77d5fca3d04ba1/README.md "HTTP/1.1 200 OK"
2026-04-23 09:45:27,983 INFO HTTP Request: HEAD https://huggingface.co/datasets/openslr/librispeech_asr/resolve/71cacbfb7e2354c4226d01e70d77d5fca3d04ba1/librispeech_asr.py "HTTP/1.1 404 Not Found"
2026-04-23 09:45:28,391 INFO HTTP Request: HEAD https://s3.amazonaws.com/datasets.huggingface.co/datasets/datasets/openslr/librispeech_asr/openslr/librispeech_asr.py "HTTP/1.1 404 Not Found"
2026-04-23 09:45:28,528 INFO HTTP Request: GET https://huggingface.co/api/datasets/openslr/librispeech_asr/revision/71cacbfb7e2354c4226d01e70d77d5fca3d04ba1 "HTTP/1.1 200 OK"
2026-04-23 09:45:28,662 INFO HTTP Request: HEAD https://huggingface.co/datasets/openslr/librispeech_asr/resolve/71cacbfb7e2354c4226d01e70d77d5fca3d04ba1/.huggingface.yaml "HTTP/1.1 404 Not Found"
2026-04-23 09:45:28,856 INFO HTTP Request: GET https://datasets-server.huggingface.co/info?dataset=openslr/librispeech_asr "HTTP/1.1 200 OK"
2026-04-23 09:45:28,994 INFO HTTP Request: GET https://huggingface.co/api/datasets/openslr/librispeech_asr/tree/71cacbfb7e2354c4226d01e70d77d5fca3d04ba1/clean%2Ftest?recursive=true&expand=false "HTTP/1.1 200 OK"
2026-04-23 09:45:29,128 INFO HTTP Request: GET https://huggingface.co/api/datasets/openslr/librispeech_asr/tree/71cacbfb7e2354c4226d01e70d77d5fca3d04ba1/clean?recursive=false&expand=false "HTTP/1.1 200 OK"
2026-04-23 09:45:29,270 INFO HTTP Request: GET https://huggingface.co/api/datasets/openslr/librispeech_asr/tree/71cacbfb7e2354c4226d01e70d77d5fca3d04ba1/clean%2Ftrain.100?recursive=true&expand=false "HTTP/1.1 200 OK"
2026-04-23 09:45:29,412 INFO HTTP Request: GET https://huggingface.co/api/datasets/openslr/librispeech_asr/tree/71cacbfb7e2354c4226d01e70d77d5fca3d04ba1/clean%2Ftrain.360?recursive=true&expand=false "HTTP/1.1 200 OK"
2026-04-23 09:45:29,569 INFO HTTP Request: GET https://huggingface.co/api/datasets/openslr/librispeech_asr/tree/71cacbfb7e2354c4226d01e70d77d5fca3d04ba1/clean%2Fvalidation?recursive=true&expand=false "HTTP/1.1 200 OK"
2026-04-23 09:45:29,706 INFO HTTP Request: HEAD https://huggingface.co/datasets/openslr/librispeech_asr/resolve/71cacbfb7e2354c4226d01e70d77d5fca3d04ba1/dataset_infos.json "HTTP/1.1 404 Not Found"
2026-04-23 09:46:47,009 INFO Loaded 28538 utterances from train.100 (skipped 1 outside [0.5s, 20.0s])
2026-04-23 09:46:47,081 INFO Loading LibriSpeech split=validation from HuggingFace...
2026-04-23 09:46:47,264 INFO HTTP Request: HEAD https://huggingface.co/datasets/openslr/librispeech_asr/resolve/main/README.md "HTTP/1.1 307 Temporary Redirect"
2026-04-23 09:46:47,286 INFO HTTP Request: HEAD https://huggingface.co/api/resolve-cache/datasets/openslr/librispeech_asr/71cacbfb7e2354c4226d01e70d77d5fca3d04ba1/README.md "HTTP/1.1 200 OK"
2026-04-23 09:46:47,436 INFO HTTP Request: HEAD https://huggingface.co/datasets/openslr/librispeech_asr/resolve/71cacbfb7e2354c4226d01e70d77d5fca3d04ba1/librispeech_asr.py "HTTP/1.1 404 Not Found"
2026-04-23 09:46:47,802 INFO HTTP Request: HEAD https://s3.amazonaws.com/datasets.huggingface.co/datasets/datasets/openslr/librispeech_asr/openslr/librispeech_asr.py "HTTP/1.1 404 Not Found"
2026-04-23 09:46:47,950 INFO HTTP Request: HEAD https://huggingface.co/datasets/openslr/librispeech_asr/resolve/71cacbfb7e2354c4226d01e70d77d5fca3d04ba1/.huggingface.yaml "HTTP/1.1 404 Not Found"
2026-04-23 09:46:48,135 INFO HTTP Request: GET https://datasets-server.huggingface.co/info?dataset=openslr/librispeech_asr "HTTP/1.1 200 OK"
2026-04-23 09:46:48,303 INFO HTTP Request: HEAD https://huggingface.co/datasets/openslr/librispeech_asr/resolve/71cacbfb7e2354c4226d01e70d77d5fca3d04ba1/dataset_infos.json "HTTP/1.1 404 Not Found"
2026-04-23 09:46:52,537 INFO Loaded 2642 utterances from validation (skipped 61 outside [0.5s, 20.0s])
2026-04-23 09:46:52,542 INFO Loading LibriSpeech split=test from HuggingFace...
2026-04-23 09:46:52,675 INFO HTTP Request: HEAD https://huggingface.co/datasets/openslr/librispeech_asr/resolve/main/README.md "HTTP/1.1 307 Temporary Redirect"
2026-04-23 09:46:52,697 INFO HTTP Request: HEAD https://huggingface.co/api/resolve-cache/datasets/openslr/librispeech_asr/71cacbfb7e2354c4226d01e70d77d5fca3d04ba1/README.md "HTTP/1.1 200 OK"
2026-04-23 09:46:52,829 INFO HTTP Request: HEAD https://huggingface.co/datasets/openslr/librispeech_asr/resolve/71cacbfb7e2354c4226d01e70d77d5fca3d04ba1/librispeech_asr.py "HTTP/1.1 404 Not Found"
2026-04-23 09:46:53,169 INFO HTTP Request: HEAD https://s3.amazonaws.com/datasets.huggingface.co/datasets/datasets/openslr/librispeech_asr/openslr/librispeech_asr.py "HTTP/1.1 404 Not Found"
2026-04-23 09:46:53,318 INFO HTTP Request: HEAD https://huggingface.co/datasets/openslr/librispeech_asr/resolve/71cacbfb7e2354c4226d01e70d77d5fca3d04ba1/.huggingface.yaml "HTTP/1.1 404 Not Found"
2026-04-23 09:46:58,475 INFO HTTP Request: GET https://datasets-server.huggingface.co/info?dataset=openslr/librispeech_asr "HTTP/1.1 200 OK"
2026-04-23 09:46:58,657 INFO HTTP Request: HEAD https://huggingface.co/datasets/openslr/librispeech_asr/resolve/71cacbfb7e2354c4226d01e70d77d5fca3d04ba1/dataset_infos.json "HTTP/1.1 404 Not Found"
2026-04-23 09:47:02,880 INFO Loaded 2528 utterances from test (skipped 92 outside [0.5s, 20.0s])
2026-04-23 09:47:03,163 INFO Backbone: rwkv6_lucid_convshift_multidil_symmetric_v2 | Params: 7.76M
2026-04-23 09:47:03,163 INFO   Frontend: 1.90M | Encoder: 5.84M | Head: 8.0K
2026-04-23 09:47:06,655 INFO Epoch 1 | Batch 0 | Loss: 4.2244 | LR: 3.00e-07
2026-04-23 09:47:13,102 INFO Epoch 1 | Batch 50 | Loss: 2.9703 | LR: 1.53e-05
2026-04-23 09:47:19,569 INFO Epoch 1 | Batch 100 | Loss: 2.9344 | LR: 3.03e-05
2026-04-23 09:47:25,686 INFO Epoch 1 | Batch 150 | Loss: 2.8800 | LR: 4.53e-05
2026-04-23 09:47:31,743 INFO Epoch 1 | Batch 200 | Loss: 2.8439 | LR: 6.03e-05
2026-04-23 09:47:37,901 INFO Epoch 1 | Batch 250 | Loss: 2.8509 | LR: 7.53e-05
2026-04-23 09:47:43,880 INFO Epoch 1 | Batch 300 | Loss: 2.8471 | LR: 9.03e-05
2026-04-23 09:47:49,577 INFO Epoch 1 | Batch 350 | Loss: 2.8482 | LR: 1.05e-04
2026-04-23 09:47:54,588 INFO Epoch 1 | Batch 400 | Loss: 2.8768 | LR: 1.20e-04
2026-04-23 09:47:59,442 INFO Epoch 1 | Batch 450 | Loss: 2.7991 | LR: 1.35e-04
2026-04-23 09:48:05,386 INFO Epoch 1 | Batch 500 | Loss: 2.8092 | LR: 1.50e-04
2026-04-23 09:48:11,593 INFO Epoch 1 | Batch 550 | Loss: 2.6643 | LR: 1.65e-04
2026-04-23 09:48:17,861 INFO Epoch 1 | Batch 600 | Loss: 2.7305 | LR: 1.80e-04
2026-04-23 09:48:24,175 INFO Epoch 1 | Batch 650 | Loss: 2.4756 | LR: 1.95e-04
2026-04-23 09:48:30,470 INFO Epoch 1 | Batch 700 | Loss: 2.4746 | LR: 2.10e-04
2026-04-23 09:48:36,825 INFO Epoch 1 | Batch 750 | Loss: 2.4184 | LR: 2.25e-04
2026-04-23 09:48:43,118 INFO Epoch 1 | Batch 800 | Loss: 2.6571 | LR: 2.40e-04
2026-04-23 09:48:49,431 INFO Epoch 1 | Batch 850 | Loss: 2.3136 | LR: 2.55e-04
2026-04-23 09:48:55,708 INFO Epoch 1 | Batch 900 | Loss: 2.3757 | LR: 2.70e-04
2026-04-23 09:49:01,981 INFO Epoch 1 | Batch 950 | Loss: 2.2481 | LR: 2.85e-04
2026-04-23 09:49:08,242 INFO Epoch 1 | Batch 1000 | Loss: 2.0697 | LR: 3.00e-04
2026-04-23 09:49:14,546 INFO Epoch 1 | Batch 1050 | Loss: 2.1499 | LR: 3.00e-04
2026-04-23 09:49:20,719 INFO Epoch 1 | Batch 1100 | Loss: 2.1937 | LR: 3.00e-04
2026-04-23 09:49:26,227 INFO Epoch 1 | Batch 1150 | Loss: 2.2511 | LR: 3.00e-04
2026-04-23 09:49:31,901 INFO Epoch 1 | Batch 1200 | Loss: 2.1692 | LR: 3.00e-04
2026-04-23 09:49:50,255 INFO Epoch 1 | Train: 2.5738 | Dev CER: 0.5064 | Dev WER: 0.9658 | Time: 166s | Peak: 5.7 GB
2026-04-23 09:49:50,256 INFO   New best CER: 0.5064
2026-04-23 09:49:53,507 INFO Epoch 2 | Batch 0 | Loss: 1.9507 | LR: 3.00e-04
2026-04-23 09:49:59,718 INFO Epoch 2 | Batch 50 | Loss: 2.2427 | LR: 3.00e-04
2026-04-23 09:50:05,966 INFO Epoch 2 | Batch 100 | Loss: 2.1593 | LR: 3.00e-04
2026-04-23 09:50:12,229 INFO Epoch 2 | Batch 150 | Loss: 2.0772 | LR: 3.00e-04
2026-04-23 09:50:18,509 INFO Epoch 2 | Batch 200 | Loss: 1.9287 | LR: 3.00e-04
2026-04-23 09:50:24,795 INFO Epoch 2 | Batch 250 | Loss: 1.6810 | LR: 3.00e-04
2026-04-23 09:50:31,095 INFO Epoch 2 | Batch 300 | Loss: 1.8742 | LR: 3.00e-04
2026-04-23 09:50:37,360 INFO Epoch 2 | Batch 350 | Loss: 1.8482 | LR: 3.00e-04
2026-04-23 09:50:43,660 INFO Epoch 2 | Batch 400 | Loss: 1.6624 | LR: 3.00e-04
2026-04-23 09:50:49,885 INFO Epoch 2 | Batch 450 | Loss: 1.7212 | LR: 3.00e-04
2026-04-23 09:50:56,116 INFO Epoch 2 | Batch 500 | Loss: 1.6887 | LR: 3.00e-04
2026-04-23 09:51:02,365 INFO Epoch 2 | Batch 550 | Loss: 1.9242 | LR: 3.00e-04
2026-04-23 09:51:08,626 INFO Epoch 2 | Batch 600 | Loss: 1.7509 | LR: 3.00e-04
2026-04-23 09:51:14,919 INFO Epoch 2 | Batch 650 | Loss: 1.8862 | LR: 3.00e-04
2026-04-23 09:51:21,185 INFO Epoch 2 | Batch 700 | Loss: 2.1681 | LR: 3.00e-04
2026-04-23 09:51:27,409 INFO Epoch 2 | Batch 750 | Loss: 1.7299 | LR: 2.99e-04
2026-04-23 09:51:33,621 INFO Epoch 2 | Batch 800 | Loss: 1.4983 | LR: 2.99e-04
2026-04-23 09:51:39,835 INFO Epoch 2 | Batch 850 | Loss: 1.7786 | LR: 2.99e-04
2026-04-23 09:51:46,042 INFO Epoch 2 | Batch 900 | Loss: 1.6498 | LR: 2.99e-04
2026-04-23 09:51:52,289 INFO Epoch 2 | Batch 950 | Loss: 1.5214 | LR: 2.99e-04
2026-04-23 09:51:58,570 INFO Epoch 2 | Batch 1000 | Loss: 2.2581 | LR: 2.99e-04
2026-04-23 09:52:04,852 INFO Epoch 2 | Batch 1050 | Loss: 1.6794 | LR: 2.99e-04
2026-04-23 09:52:11,088 INFO Epoch 2 | Batch 1100 | Loss: 1.5447 | LR: 2.99e-04
2026-04-23 09:52:17,373 INFO Epoch 2 | Batch 1150 | Loss: 1.4538 | LR: 2.99e-04
2026-04-23 09:52:23,601 INFO Epoch 2 | Batch 1200 | Loss: 1.5120 | LR: 2.99e-04
2026-04-23 09:52:40,802 INFO Epoch 2 | Train: 1.7541 | Dev CER: 0.3417 | Dev WER: 0.7740 | Time: 170s | Peak: 5.7 GB
2026-04-23 09:52:40,802 INFO   New best CER: 0.3417
2026-04-23 09:52:44,073 INFO Epoch 3 | Batch 0 | Loss: 1.4439 | LR: 2.99e-04
2026-04-23 09:52:50,348 INFO Epoch 3 | Batch 50 | Loss: 1.4682 | LR: 2.99e-04
2026-04-23 09:52:56,534 INFO Epoch 3 | Batch 100 | Loss: 1.4650 | LR: 2.99e-04
2026-04-23 09:53:02,781 INFO Epoch 3 | Batch 150 | Loss: 1.4178 | LR: 2.99e-04
2026-04-23 09:53:09,003 INFO Epoch 3 | Batch 200 | Loss: 1.5552 | LR: 2.98e-04
2026-04-23 09:53:15,202 INFO Epoch 3 | Batch 250 | Loss: 1.1701 | LR: 2.98e-04
2026-04-23 09:53:21,366 INFO Epoch 3 | Batch 300 | Loss: 1.5947 | LR: 2.98e-04
2026-04-23 09:53:27,505 INFO Epoch 3 | Batch 350 | Loss: 1.1795 | LR: 2.98e-04
2026-04-23 09:53:33,675 INFO Epoch 3 | Batch 400 | Loss: 1.2812 | LR: 2.98e-04
2026-04-23 09:53:39,916 INFO Epoch 3 | Batch 450 | Loss: 1.7808 | LR: 2.98e-04
2026-04-23 09:53:45,991 INFO Epoch 3 | Batch 500 | Loss: 1.3742 | LR: 2.98e-04
2026-04-23 09:53:52,044 INFO Epoch 3 | Batch 550 | Loss: 1.3278 | LR: 2.98e-04
2026-04-23 09:53:58,036 INFO Epoch 3 | Batch 600 | Loss: 1.5992 | LR: 2.98e-04
2026-04-23 09:54:03,999 INFO Epoch 3 | Batch 650 | Loss: 1.4194 | LR: 2.97e-04
2026-04-23 09:54:09,959 INFO Epoch 3 | Batch 700 | Loss: 1.5903 | LR: 2.97e-04
2026-04-23 09:54:15,994 INFO Epoch 3 | Batch 750 | Loss: 1.8093 | LR: 2.97e-04
2026-04-23 09:54:22,090 INFO Epoch 3 | Batch 800 | Loss: 1.4893 | LR: 2.97e-04
2026-04-23 09:54:28,200 INFO Epoch 3 | Batch 850 | Loss: 1.4577 | LR: 2.97e-04
2026-04-23 09:54:34,189 INFO Epoch 3 | Batch 900 | Loss: 1.6632 | LR: 2.97e-04
2026-04-23 09:54:40,205 INFO Epoch 3 | Batch 950 | Loss: 1.7147 | LR: 2.97e-04
2026-04-23 09:54:46,193 INFO Epoch 3 | Batch 1000 | Loss: 1.2774 | LR: 2.97e-04
2026-04-23 09:54:52,257 INFO Epoch 3 | Batch 1050 | Loss: 1.2977 | LR: 2.96e-04
2026-04-23 09:54:58,185 INFO Epoch 3 | Batch 1100 | Loss: 1.1848 | LR: 2.96e-04
2026-04-23 09:55:04,198 INFO Epoch 3 | Batch 1150 | Loss: 1.7250 | LR: 2.96e-04
2026-04-23 09:55:10,188 INFO Epoch 3 | Batch 1200 | Loss: 1.5747 | LR: 2.96e-04
2026-04-23 09:55:26,797 INFO Epoch 3 | Train: 1.4157 | Dev CER: 0.2719 | Dev WER: 0.6777 | Time: 165s | Peak: 5.7 GB
2026-04-23 09:55:26,797 INFO   New best CER: 0.2719
2026-04-23 09:55:29,715 INFO Epoch 4 | Batch 0 | Loss: 1.1564 | LR: 2.96e-04
2026-04-23 09:55:35,097 INFO Epoch 4 | Batch 50 | Loss: 1.5028 | LR: 2.96e-04
2026-04-23 09:55:41,326 INFO Epoch 4 | Batch 100 | Loss: 1.1735 | LR: 2.96e-04
2026-04-23 09:55:47,661 INFO Epoch 4 | Batch 150 | Loss: 1.7359 | LR: 2.95e-04
2026-04-23 09:55:53,899 INFO Epoch 4 | Batch 200 | Loss: 1.3626 | LR: 2.95e-04
2026-04-23 09:56:00,170 INFO Epoch 4 | Batch 250 | Loss: 1.3458 | LR: 2.95e-04
2026-04-23 09:56:06,433 INFO Epoch 4 | Batch 300 | Loss: 1.2375 | LR: 2.95e-04
2026-04-23 09:56:12,734 INFO Epoch 4 | Batch 350 | Loss: 1.7801 | LR: 2.95e-04
2026-04-23 09:56:18,956 INFO Epoch 4 | Batch 400 | Loss: 1.3658 | LR: 2.95e-04
2026-04-23 09:56:25,184 INFO Epoch 4 | Batch 450 | Loss: 1.2732 | LR: 2.94e-04
2026-04-23 09:56:30,925 INFO Epoch 4 | Batch 500 | Loss: 1.4147 | LR: 2.94e-04
2026-04-23 09:56:35,708 INFO Epoch 4 | Batch 550 | Loss: 1.0860 | LR: 2.94e-04
2026-04-23 09:56:40,681 INFO Epoch 4 | Batch 600 | Loss: 1.3454 | LR: 2.94e-04
2026-04-23 09:56:45,550 INFO Epoch 4 | Batch 650 | Loss: 1.2621 | LR: 2.94e-04
2026-04-23 09:56:50,499 INFO Epoch 4 | Batch 700 | Loss: 1.0567 | LR: 2.93e-04
2026-04-23 09:56:56,338 INFO Epoch 4 | Batch 750 | Loss: 1.2582 | LR: 2.93e-04
2026-04-23 09:57:02,338 INFO Epoch 4 | Batch 800 | Loss: 1.1282 | LR: 2.93e-04
2026-04-23 09:57:08,551 INFO Epoch 4 | Batch 850 | Loss: 1.5118 | LR: 2.93e-04
2026-04-23 09:57:14,882 INFO Epoch 4 | Batch 900 | Loss: 1.2559 | LR: 2.93e-04
2026-04-23 09:57:21,183 INFO Epoch 4 | Batch 950 | Loss: 1.2606 | LR: 2.92e-04
2026-04-23 09:57:27,558 INFO Epoch 4 | Batch 1000 | Loss: 1.1276 | LR: 2.92e-04
2026-04-23 09:57:33,844 INFO Epoch 4 | Batch 1050 | Loss: 1.3163 | LR: 2.92e-04
2026-04-23 09:57:40,086 INFO Epoch 4 | Batch 1100 | Loss: 1.1281 | LR: 2.92e-04
2026-04-23 09:57:46,316 INFO Epoch 4 | Batch 1150 | Loss: 1.3657 | LR: 2.92e-04
2026-04-23 09:57:52,571 INFO Epoch 4 | Batch 1200 | Loss: 1.5953 | LR: 2.91e-04
2026-04-23 09:58:09,313 INFO Epoch 4 | Train: 1.2459 | Dev CER: 0.2356 | Dev WER: 0.6063 | Time: 162s | Peak: 5.7 GB
2026-04-23 09:58:09,313 INFO   New best CER: 0.2356
2026-04-23 09:58:12,436 INFO Epoch 5 | Batch 0 | Loss: 0.9347 | LR: 2.91e-04
2026-04-23 09:58:18,548 INFO Epoch 5 | Batch 50 | Loss: 1.1287 | LR: 2.91e-04
2026-04-23 09:58:24,812 INFO Epoch 5 | Batch 100 | Loss: 1.2492 | LR: 2.91e-04
2026-04-23 09:58:30,959 INFO Epoch 5 | Batch 150 | Loss: 1.1707 | LR: 2.91e-04
2026-04-23 09:58:37,181 INFO Epoch 5 | Batch 200 | Loss: 0.9722 | LR: 2.90e-04
2026-04-23 09:58:43,440 INFO Epoch 5 | Batch 250 | Loss: 1.8190 | LR: 2.90e-04
2026-04-23 09:58:49,682 INFO Epoch 5 | Batch 300 | Loss: 0.9347 | LR: 2.90e-04
2026-04-23 09:58:55,916 INFO Epoch 5 | Batch 350 | Loss: 0.9802 | LR: 2.90e-04
2026-04-23 09:59:02,148 INFO Epoch 5 | Batch 400 | Loss: 0.8877 | LR: 2.89e-04
2026-04-23 09:59:08,342 INFO Epoch 5 | Batch 450 | Loss: 1.1545 | LR: 2.89e-04
2026-04-23 09:59:14,504 INFO Epoch 5 | Batch 500 | Loss: 1.0407 | LR: 2.89e-04
2026-04-23 09:59:20,647 INFO Epoch 5 | Batch 550 | Loss: 1.1702 | LR: 2.89e-04
2026-04-23 09:59:26,960 INFO Epoch 5 | Batch 600 | Loss: 1.2969 | LR: 2.88e-04
2026-04-23 09:59:33,142 INFO Epoch 5 | Batch 650 | Loss: 1.4424 | LR: 2.88e-04
2026-04-23 09:59:39,341 INFO Epoch 5 | Batch 700 | Loss: 1.0910 | LR: 2.88e-04
2026-04-23 09:59:45,642 INFO Epoch 5 | Batch 750 | Loss: 1.0131 | LR: 2.88e-04
2026-04-23 09:59:51,856 INFO Epoch 5 | Batch 800 | Loss: 0.9746 | LR: 2.87e-04
2026-04-23 09:59:58,151 INFO Epoch 5 | Batch 850 | Loss: 1.0948 | LR: 2.87e-04
2026-04-23 10:00:04,362 INFO Epoch 5 | Batch 900 | Loss: 1.2003 | LR: 2.87e-04
2026-04-23 10:00:10,671 INFO Epoch 5 | Batch 950 | Loss: 1.4941 | LR: 2.87e-04
2026-04-23 10:00:16,908 INFO Epoch 5 | Batch 1000 | Loss: 1.2685 | LR: 2.86e-04
2026-04-23 10:00:23,125 INFO Epoch 5 | Batch 1050 | Loss: 1.0385 | LR: 2.86e-04
2026-04-23 10:00:29,415 INFO Epoch 5 | Batch 1100 | Loss: 1.1456 | LR: 2.86e-04
2026-04-23 10:00:35,636 INFO Epoch 5 | Batch 1150 | Loss: 1.3604 | LR: 2.86e-04
2026-04-23 10:00:41,888 INFO Epoch 5 | Batch 1200 | Loss: 1.1150 | LR: 2.85e-04
2026-04-23 10:00:56,795 INFO Epoch 5 | Train: 1.1182 | Dev CER: 0.2062 | Dev WER: 0.5518 | Time: 167s | Peak: 5.7 GB
2026-04-23 10:00:56,796 INFO   New best CER: 0.2062
2026-04-23 10:00:59,810 INFO Epoch 6 | Batch 0 | Loss: 1.0263 | LR: 2.85e-04
2026-04-23 10:01:06,065 INFO Epoch 6 | Batch 50 | Loss: 1.6397 | LR: 2.85e-04
2026-04-23 10:01:12,400 INFO Epoch 6 | Batch 100 | Loss: 1.2503 | LR: 2.84e-04
2026-04-23 10:01:18,650 INFO Epoch 6 | Batch 150 | Loss: 1.1425 | LR: 2.84e-04
2026-04-23 10:01:24,936 INFO Epoch 6 | Batch 200 | Loss: 1.1756 | LR: 2.84e-04
2026-04-23 10:01:31,139 INFO Epoch 6 | Batch 250 | Loss: 0.8252 | LR: 2.84e-04
2026-04-23 10:01:37,336 INFO Epoch 6 | Batch 300 | Loss: 0.8136 | LR: 2.83e-04
2026-04-23 10:01:43,536 INFO Epoch 6 | Batch 350 | Loss: 0.9687 | LR: 2.83e-04
2026-04-23 10:01:49,702 INFO Epoch 6 | Batch 400 | Loss: 0.8598 | LR: 2.83e-04
2026-04-23 10:01:55,726 INFO Epoch 6 | Batch 450 | Loss: 1.7678 | LR: 2.82e-04
2026-04-23 10:02:01,870 INFO Epoch 6 | Batch 500 | Loss: 0.8504 | LR: 2.82e-04
2026-04-23 10:02:07,996 INFO Epoch 6 | Batch 550 | Loss: 0.9191 | LR: 2.82e-04
2026-04-23 10:02:14,080 INFO Epoch 6 | Batch 600 | Loss: 1.0201 | LR: 2.81e-04
2026-04-23 10:02:20,169 INFO Epoch 6 | Batch 650 | Loss: 1.2176 | LR: 2.81e-04
2026-04-23 10:02:26,197 INFO Epoch 6 | Batch 700 | Loss: 1.3067 | LR: 2.81e-04
2026-04-23 10:02:32,255 INFO Epoch 6 | Batch 750 | Loss: 1.0727 | LR: 2.81e-04
2026-04-23 10:02:38,389 INFO Epoch 6 | Batch 800 | Loss: 1.0048 | LR: 2.80e-04
2026-04-23 10:02:44,640 INFO Epoch 6 | Batch 850 | Loss: 1.0790 | LR: 2.80e-04
2026-04-23 10:02:50,913 INFO Epoch 6 | Batch 900 | Loss: 0.7901 | LR: 2.80e-04
2026-04-23 10:02:56,890 INFO Epoch 6 | Batch 950 | Loss: 1.4342 | LR: 2.79e-04
2026-04-23 10:03:03,107 INFO Epoch 6 | Batch 1000 | Loss: 0.9663 | LR: 2.79e-04
2026-04-23 10:03:09,310 INFO Epoch 6 | Batch 1050 | Loss: 1.2085 | LR: 2.79e-04
2026-04-23 10:03:15,553 INFO Epoch 6 | Batch 1100 | Loss: 1.1841 | LR: 2.78e-04
2026-04-23 10:03:21,537 INFO Epoch 6 | Batch 1150 | Loss: 0.9759 | LR: 2.78e-04
2026-04-23 10:03:27,490 INFO Epoch 6 | Batch 1200 | Loss: 0.9014 | LR: 2.78e-04
2026-04-23 10:03:46,095 INFO Epoch 6 | Train: 1.0269 | Dev CER: 0.1881 | Dev WER: 0.5097 | Time: 169s | Peak: 5.7 GB
2026-04-23 10:03:46,095 INFO   New best CER: 0.1881
2026-04-23 10:03:49,120 INFO Epoch 7 | Batch 0 | Loss: 1.1122 | LR: 2.77e-04
2026-04-23 10:03:55,384 INFO Epoch 7 | Batch 50 | Loss: 1.2344 | LR: 2.77e-04
2026-04-23 10:04:01,753 INFO Epoch 7 | Batch 100 | Loss: 0.8901 | LR: 2.77e-04
2026-04-23 10:04:08,011 INFO Epoch 7 | Batch 150 | Loss: 1.0882 | LR: 2.76e-04
2026-04-23 10:04:14,249 INFO Epoch 7 | Batch 200 | Loss: 0.8228 | LR: 2.76e-04
2026-04-23 10:04:20,550 INFO Epoch 7 | Batch 250 | Loss: 1.0666 | LR: 2.76e-04
2026-04-23 10:04:26,808 INFO Epoch 7 | Batch 300 | Loss: 0.8675 | LR: 2.75e-04
2026-04-23 10:04:33,077 INFO Epoch 7 | Batch 350 | Loss: 1.1968 | LR: 2.75e-04
2026-04-23 10:04:39,314 INFO Epoch 7 | Batch 400 | Loss: 0.8388 | LR: 2.74e-04
2026-04-23 10:04:45,557 INFO Epoch 7 | Batch 450 | Loss: 1.1215 | LR: 2.74e-04
2026-04-23 10:04:51,867 INFO Epoch 7 | Batch 500 | Loss: 1.1656 | LR: 2.74e-04
2026-04-23 10:04:58,119 INFO Epoch 7 | Batch 550 | Loss: 0.7920 | LR: 2.73e-04
2026-04-23 10:05:04,407 INFO Epoch 7 | Batch 600 | Loss: 0.9750 | LR: 2.73e-04
2026-04-23 10:05:10,673 INFO Epoch 7 | Batch 650 | Loss: 1.1034 | LR: 2.73e-04
2026-04-23 10:05:16,968 INFO Epoch 7 | Batch 700 | Loss: 1.0260 | LR: 2.72e-04
2026-04-23 10:05:23,095 INFO Epoch 7 | Batch 750 | Loss: 1.0799 | LR: 2.72e-04
2026-04-23 10:05:29,310 INFO Epoch 7 | Batch 800 | Loss: 1.3837 | LR: 2.71e-04
2026-04-23 10:05:35,479 INFO Epoch 7 | Batch 850 | Loss: 1.1560 | LR: 2.71e-04
2026-04-23 10:05:41,732 INFO Epoch 7 | Batch 900 | Loss: 0.9013 | LR: 2.71e-04
2026-04-23 10:05:48,003 INFO Epoch 7 | Batch 950 | Loss: 0.8841 | LR: 2.70e-04
2026-04-23 10:05:54,288 INFO Epoch 7 | Batch 1000 | Loss: 0.8050 | LR: 2.70e-04
2026-04-23 10:06:00,547 INFO Epoch 7 | Batch 1050 | Loss: 1.1366 | LR: 2.69e-04
2026-04-23 10:06:06,744 INFO Epoch 7 | Batch 1100 | Loss: 1.4187 | LR: 2.69e-04
2026-04-23 10:06:12,886 INFO Epoch 7 | Batch 1150 | Loss: 0.8388 | LR: 2.69e-04
2026-04-23 10:06:19,181 INFO Epoch 7 | Batch 1200 | Loss: 0.6265 | LR: 2.68e-04
2026-04-23 10:06:37,393 INFO Epoch 7 | Train: 0.9704 | Dev CER: 0.1713 | Dev WER: 0.4741 | Time: 171s | Peak: 5.7 GB
2026-04-23 10:06:37,393 INFO   New best CER: 0.1713
2026-04-23 10:06:40,798 INFO Epoch 8 | Batch 0 | Loss: 0.8303 | LR: 2.68e-04
2026-04-23 10:06:47,072 INFO Epoch 8 | Batch 50 | Loss: 0.9746 | LR: 2.68e-04
2026-04-23 10:06:53,339 INFO Epoch 8 | Batch 100 | Loss: 0.9928 | LR: 2.67e-04
2026-04-23 10:06:59,591 INFO Epoch 8 | Batch 150 | Loss: 1.1614 | LR: 2.67e-04
2026-04-23 10:07:05,877 INFO Epoch 8 | Batch 200 | Loss: 0.9215 | LR: 2.66e-04
2026-04-23 10:07:12,077 INFO Epoch 8 | Batch 250 | Loss: 1.1001 | LR: 2.66e-04
2026-04-23 10:07:18,360 INFO Epoch 8 | Batch 300 | Loss: 0.8390 | LR: 2.66e-04
2026-04-23 10:07:24,556 INFO Epoch 8 | Batch 350 | Loss: 1.1016 | LR: 2.65e-04
2026-04-23 10:07:30,809 INFO Epoch 8 | Batch 400 | Loss: 0.7479 | LR: 2.65e-04
2026-04-23 10:07:37,009 INFO Epoch 8 | Batch 450 | Loss: 1.0456 | LR: 2.64e-04
2026-04-23 10:07:43,267 INFO Epoch 8 | Batch 500 | Loss: 0.8913 | LR: 2.64e-04
2026-04-23 10:07:48,635 INFO Epoch 8 | Batch 550 | Loss: 0.9177 | LR: 2.63e-04
2026-04-23 10:07:53,447 INFO Epoch 8 | Batch 600 | Loss: 0.7467 | LR: 2.63e-04
2026-04-23 10:07:58,232 INFO Epoch 8 | Batch 650 | Loss: 0.7810 | LR: 2.63e-04
2026-04-23 10:08:03,115 INFO Epoch 8 | Batch 700 | Loss: 0.7562 | LR: 2.62e-04
2026-04-23 10:08:07,863 INFO Epoch 8 | Batch 750 | Loss: 0.7161 | LR: 2.62e-04
2026-04-23 10:08:12,690 INFO Epoch 8 | Batch 800 | Loss: 0.9670 | LR: 2.61e-04
2026-04-23 10:08:18,923 INFO Epoch 8 | Batch 850 | Loss: 0.6086 | LR: 2.61e-04
2026-04-23 10:08:25,228 INFO Epoch 8 | Batch 900 | Loss: 1.0527 | LR: 2.60e-04
2026-04-23 10:08:31,535 INFO Epoch 8 | Batch 950 | Loss: 0.9332 | LR: 2.60e-04
2026-04-23 10:08:37,779 INFO Epoch 8 | Batch 1000 | Loss: 0.7379 | LR: 2.60e-04
2026-04-23 10:08:43,999 INFO Epoch 8 | Batch 1050 | Loss: 0.8209 | LR: 2.59e-04
2026-04-23 10:08:50,148 INFO Epoch 8 | Batch 1100 | Loss: 0.7989 | LR: 2.59e-04
2026-04-23 10:08:56,383 INFO Epoch 8 | Batch 1150 | Loss: 0.6966 | LR: 2.58e-04
2026-04-23 10:09:02,609 INFO Epoch 8 | Batch 1200 | Loss: 0.7787 | LR: 2.58e-04
2026-04-23 10:09:20,802 INFO Epoch 8 | Train: 0.9091 | Dev CER: 0.1600 | Dev WER: 0.4466 | Time: 163s | Peak: 5.7 GB
2026-04-23 10:09:20,802 INFO   New best CER: 0.1600
2026-04-23 10:09:24,170 INFO Epoch 9 | Batch 0 | Loss: 0.8446 | LR: 2.57e-04
2026-04-23 10:09:30,348 INFO Epoch 9 | Batch 50 | Loss: 0.9109 | LR: 2.57e-04
2026-04-23 10:09:36,639 INFO Epoch 9 | Batch 100 | Loss: 0.7716 | LR: 2.56e-04
2026-04-23 10:09:42,917 INFO Epoch 9 | Batch 150 | Loss: 1.0165 | LR: 2.56e-04
2026-04-23 10:09:49,173 INFO Epoch 9 | Batch 200 | Loss: 0.8786 | LR: 2.56e-04
2026-04-23 10:09:55,387 INFO Epoch 9 | Batch 250 | Loss: 0.9359 | LR: 2.55e-04
2026-04-23 10:10:01,603 INFO Epoch 9 | Batch 300 | Loss: 0.8497 | LR: 2.55e-04
2026-04-23 10:10:07,856 INFO Epoch 9 | Batch 350 | Loss: 1.0648 | LR: 2.54e-04
2026-04-23 10:10:14,150 INFO Epoch 9 | Batch 400 | Loss: 0.7853 | LR: 2.54e-04
2026-04-23 10:10:20,406 INFO Epoch 9 | Batch 450 | Loss: 0.6411 | LR: 2.53e-04
2026-04-23 10:10:26,595 INFO Epoch 9 | Batch 500 | Loss: 0.7043 | LR: 2.53e-04
2026-04-23 10:10:32,833 INFO Epoch 9 | Batch 550 | Loss: 0.6464 | LR: 2.52e-04
2026-04-23 10:10:39,098 INFO Epoch 9 | Batch 600 | Loss: 0.7491 | LR: 2.52e-04
2026-04-23 10:10:45,305 INFO Epoch 9 | Batch 650 | Loss: 0.9946 | LR: 2.51e-04
2026-04-23 10:10:51,478 INFO Epoch 9 | Batch 700 | Loss: 0.6673 | LR: 2.51e-04
2026-04-23 10:10:57,528 INFO Epoch 9 | Batch 750 | Loss: 0.8135 | LR: 2.50e-04
2026-04-23 10:11:03,666 INFO Epoch 9 | Batch 800 | Loss: 0.8455 | LR: 2.50e-04
2026-04-23 10:11:09,616 INFO Epoch 9 | Batch 850 | Loss: 0.9768 | LR: 2.49e-04
2026-04-23 10:11:15,438 INFO Epoch 9 | Batch 900 | Loss: 1.0721 | LR: 2.49e-04
2026-04-23 10:11:21,456 INFO Epoch 9 | Batch 950 | Loss: 0.8944 | LR: 2.48e-04
2026-04-23 10:11:27,532 INFO Epoch 9 | Batch 1000 | Loss: 0.8232 | LR: 2.48e-04
2026-04-23 10:11:33,532 INFO Epoch 9 | Batch 1050 | Loss: 1.0037 | LR: 2.47e-04
2026-04-23 10:11:39,598 INFO Epoch 9 | Batch 1100 | Loss: 0.7093 | LR: 2.47e-04
2026-04-23 10:11:45,578 INFO Epoch 9 | Batch 1150 | Loss: 0.6806 | LR: 2.46e-04
2026-04-23 10:11:51,630 INFO Epoch 9 | Batch 1200 | Loss: 0.8393 | LR: 2.46e-04
2026-04-23 10:12:08,665 INFO Epoch 9 | Train: 0.8717 | Dev CER: 0.1505 | Dev WER: 0.4283 | Time: 167s | Peak: 5.7 GB
2026-04-23 10:12:08,665 INFO   New best CER: 0.1505
2026-04-23 10:12:11,815 INFO Epoch 10 | Batch 0 | Loss: 0.8277 | LR: 2.46e-04
2026-04-23 10:12:18,032 INFO Epoch 10 | Batch 50 | Loss: 0.8559 | LR: 2.45e-04
2026-04-23 10:12:24,350 INFO Epoch 10 | Batch 100 | Loss: 0.7888 | LR: 2.45e-04
2026-04-23 10:12:30,575 INFO Epoch 10 | Batch 150 | Loss: 0.8112 | LR: 2.44e-04
2026-04-23 10:12:36,812 INFO Epoch 10 | Batch 200 | Loss: 0.7899 | LR: 2.44e-04
2026-04-23 10:12:43,013 INFO Epoch 10 | Batch 250 | Loss: 0.6994 | LR: 2.43e-04
2026-04-23 10:12:49,278 INFO Epoch 10 | Batch 300 | Loss: 0.6662 | LR: 2.43e-04
2026-04-23 10:12:55,510 INFO Epoch 10 | Batch 350 | Loss: 0.6512 | LR: 2.42e-04
2026-04-23 10:13:01,586 INFO Epoch 10 | Batch 400 | Loss: 0.5177 | LR: 2.41e-04
2026-04-23 10:13:07,620 INFO Epoch 10 | Batch 450 | Loss: 0.8855 | LR: 2.41e-04
2026-04-23 10:13:13,716 INFO Epoch 10 | Batch 500 | Loss: 0.6721 | LR: 2.40e-04
2026-04-23 10:13:19,802 INFO Epoch 10 | Batch 550 | Loss: 0.7922 | LR: 2.40e-04
2026-04-23 10:13:25,905 INFO Epoch 10 | Batch 600 | Loss: 0.8879 | LR: 2.39e-04
2026-04-23 10:13:31,893 INFO Epoch 10 | Batch 650 | Loss: 0.8405 | LR: 2.39e-04
2026-04-23 10:13:38,004 INFO Epoch 10 | Batch 700 | Loss: 1.3404 | LR: 2.38e-04
2026-04-23 10:13:44,136 INFO Epoch 10 | Batch 750 | Loss: 0.5463 | LR: 2.38e-04
2026-04-23 10:13:50,291 INFO Epoch 10 | Batch 800 | Loss: 1.3907 | LR: 2.37e-04
2026-04-23 10:13:56,495 INFO Epoch 10 | Batch 850 | Loss: 0.6603 | LR: 2.37e-04
2026-04-23 10:14:02,658 INFO Epoch 10 | Batch 900 | Loss: 0.6062 | LR: 2.36e-04
2026-04-23 10:14:08,961 INFO Epoch 10 | Batch 950 | Loss: 0.7370 | LR: 2.36e-04
2026-04-23 10:14:15,189 INFO Epoch 10 | Batch 1000 | Loss: 0.6971 | LR: 2.35e-04
2026-04-23 10:14:20,975 INFO Epoch 10 | Batch 1050 | Loss: 0.6851 | LR: 2.35e-04
2026-04-23 10:14:26,973 INFO Epoch 10 | Batch 1100 | Loss: 0.6621 | LR: 2.34e-04
2026-04-23 10:14:33,215 INFO Epoch 10 | Batch 1150 | Loss: 0.7027 | LR: 2.34e-04
2026-04-23 10:14:39,466 INFO Epoch 10 | Batch 1200 | Loss: 0.7035 | LR: 2.33e-04
2026-04-23 10:14:57,152 INFO Epoch 10 | Train: 0.8247 | Dev CER: 0.1418 | Dev WER: 0.4033 | Time: 168s | Peak: 5.7 GB
2026-04-23 10:14:57,152 INFO   New best CER: 0.1418
2026-04-23 10:15:00,205 INFO Epoch 11 | Batch 0 | Loss: 0.8195 | LR: 2.33e-04
2026-04-23 10:15:06,355 INFO Epoch 11 | Batch 50 | Loss: 0.7661 | LR: 2.32e-04
2026-04-23 10:15:12,190 INFO Epoch 11 | Batch 100 | Loss: 0.5315 | LR: 2.32e-04
2026-04-23 10:15:18,415 INFO Epoch 11 | Batch 150 | Loss: 0.5703 | LR: 2.31e-04
2026-04-23 10:15:24,720 INFO Epoch 11 | Batch 200 | Loss: 1.0543 | LR: 2.30e-04
2026-04-23 10:15:30,929 INFO Epoch 11 | Batch 250 | Loss: 0.8179 | LR: 2.30e-04
2026-04-23 10:15:37,146 INFO Epoch 11 | Batch 300 | Loss: 0.9200 | LR: 2.29e-04
2026-04-23 10:15:43,337 INFO Epoch 11 | Batch 350 | Loss: 0.8778 | LR: 2.29e-04
2026-04-23 10:15:49,526 INFO Epoch 11 | Batch 400 | Loss: 0.4890 | LR: 2.28e-04
2026-04-23 10:15:55,807 INFO Epoch 11 | Batch 450 | Loss: 0.5548 | LR: 2.28e-04
2026-04-23 10:16:01,930 INFO Epoch 11 | Batch 500 | Loss: 0.7337 | LR: 2.27e-04
2026-04-23 10:16:08,196 INFO Epoch 11 | Batch 550 | Loss: 0.8140 | LR: 2.27e-04
2026-04-23 10:16:14,346 INFO Epoch 11 | Batch 600 | Loss: 0.7804 | LR: 2.26e-04
2026-04-23 10:16:20,513 INFO Epoch 11 | Batch 650 | Loss: 1.2025 | LR: 2.25e-04
2026-04-23 10:16:26,680 INFO Epoch 11 | Batch 700 | Loss: 0.7715 | LR: 2.25e-04
2026-04-23 10:16:31,660 INFO Epoch 11 | Batch 750 | Loss: 0.7593 | LR: 2.24e-04
2026-04-23 10:16:37,672 INFO Epoch 11 | Batch 800 | Loss: 0.9295 | LR: 2.24e-04
2026-04-23 10:16:43,860 INFO Epoch 11 | Batch 850 | Loss: 0.7298 | LR: 2.23e-04
2026-04-23 10:16:50,100 INFO Epoch 11 | Batch 900 | Loss: 0.6797 | LR: 2.23e-04
2026-04-23 10:16:56,306 INFO Epoch 11 | Batch 950 | Loss: 0.4639 | LR: 2.22e-04
2026-04-23 10:17:02,525 INFO Epoch 11 | Batch 1000 | Loss: 0.6460 | LR: 2.21e-04
2026-04-23 10:17:08,735 INFO Epoch 11 | Batch 1050 | Loss: 0.8077 | LR: 2.21e-04
2026-04-23 10:17:14,884 INFO Epoch 11 | Batch 1100 | Loss: 0.7566 | LR: 2.20e-04
2026-04-23 10:17:21,001 INFO Epoch 11 | Batch 1150 | Loss: 0.8573 | LR: 2.20e-04
2026-04-23 10:17:27,165 INFO Epoch 11 | Batch 1200 | Loss: 0.5590 | LR: 2.19e-04
2026-04-23 10:17:44,812 INFO Epoch 11 | Train: 0.7896 | Dev CER: 0.1352 | Dev WER: 0.3889 | Time: 167s | Peak: 5.7 GB
2026-04-23 10:17:44,813 INFO   New best CER: 0.1352
2026-04-23 10:17:48,180 INFO Epoch 12 | Batch 0 | Loss: 0.7000 | LR: 2.19e-04
2026-04-23 10:17:54,562 INFO Epoch 12 | Batch 50 | Loss: 1.7908 | LR: 2.18e-04
2026-04-23 10:18:00,937 INFO Epoch 12 | Batch 100 | Loss: 1.3445 | LR: 2.18e-04
2026-04-23 10:18:07,300 INFO Epoch 12 | Batch 150 | Loss: 0.7413 | LR: 2.17e-04
2026-04-23 10:18:13,570 INFO Epoch 12 | Batch 200 | Loss: 0.5245 | LR: 2.16e-04
2026-04-23 10:18:19,807 INFO Epoch 12 | Batch 250 | Loss: 0.7321 | LR: 2.16e-04
2026-04-23 10:18:26,056 INFO Epoch 12 | Batch 300 | Loss: 0.5205 | LR: 2.15e-04
2026-04-23 10:18:32,290 INFO Epoch 12 | Batch 350 | Loss: 0.9123 | LR: 2.15e-04
2026-04-23 10:18:38,544 INFO Epoch 12 | Batch 400 | Loss: 0.7569 | LR: 2.14e-04
2026-04-23 10:18:44,869 INFO Epoch 12 | Batch 450 | Loss: 0.6685 | LR: 2.13e-04
2026-04-23 10:18:51,121 INFO Epoch 12 | Batch 500 | Loss: 0.6095 | LR: 2.13e-04
2026-04-23 10:18:57,396 INFO Epoch 12 | Batch 550 | Loss: 1.0090 | LR: 2.12e-04
2026-04-23 10:19:03,705 INFO Epoch 12 | Batch 600 | Loss: 0.6649 | LR: 2.12e-04
2026-04-23 10:19:09,900 INFO Epoch 12 | Batch 650 | Loss: 0.8640 | LR: 2.11e-04
2026-04-23 10:19:16,045 INFO Epoch 12 | Batch 700 | Loss: 0.7665 | LR: 2.11e-04
2026-04-23 10:19:22,111 INFO Epoch 12 | Batch 750 | Loss: 0.4661 | LR: 2.10e-04
2026-04-23 10:19:28,236 INFO Epoch 12 | Batch 800 | Loss: 0.6465 | LR: 2.09e-04
2026-04-23 10:19:34,269 INFO Epoch 12 | Batch 850 | Loss: 0.7003 | LR: 2.09e-04
2026-04-23 10:19:40,294 INFO Epoch 12 | Batch 900 | Loss: 0.7884 | LR: 2.08e-04
2026-04-23 10:19:46,450 INFO Epoch 12 | Batch 950 | Loss: 0.9527 | LR: 2.08e-04
2026-04-23 10:19:52,544 INFO Epoch 12 | Batch 1000 | Loss: 0.9033 | LR: 2.07e-04
2026-04-23 10:19:58,714 INFO Epoch 12 | Batch 1050 | Loss: 0.7149 | LR: 2.06e-04
2026-04-23 10:20:04,811 INFO Epoch 12 | Batch 1100 | Loss: 0.6777 | LR: 2.06e-04
2026-04-23 10:20:10,970 INFO Epoch 12 | Batch 1150 | Loss: 0.6949 | LR: 2.05e-04
2026-04-23 10:20:17,201 INFO Epoch 12 | Batch 1200 | Loss: 0.9664 | LR: 2.04e-04
2026-04-23 10:20:34,501 INFO Epoch 12 | Train: 0.7691 | Dev CER: 0.1273 | Dev WER: 0.3703 | Time: 169s | Peak: 5.7 GB
2026-04-23 10:20:34,501 INFO   New best CER: 0.1273
2026-04-23 10:20:37,507 INFO Epoch 13 | Batch 0 | Loss: 0.7764 | LR: 2.04e-04
2026-04-23 10:20:42,681 INFO Epoch 13 | Batch 50 | Loss: 0.5866 | LR: 2.03e-04
2026-04-23 10:20:48,874 INFO Epoch 13 | Batch 100 | Loss: 0.5994 | LR: 2.03e-04
2026-04-23 10:20:55,125 INFO Epoch 13 | Batch 150 | Loss: 0.5658 | LR: 2.02e-04
2026-04-23 10:21:01,402 INFO Epoch 13 | Batch 200 | Loss: 0.5938 | LR: 2.02e-04
2026-04-23 10:21:07,605 INFO Epoch 13 | Batch 250 | Loss: 0.8188 | LR: 2.01e-04
2026-04-23 10:21:13,770 INFO Epoch 13 | Batch 300 | Loss: 0.6887 | LR: 2.00e-04
2026-04-23 10:21:20,076 INFO Epoch 13 | Batch 350 | Loss: 0.8894 | LR: 2.00e-04
2026-04-23 10:21:26,403 INFO Epoch 13 | Batch 400 | Loss: 0.6850 | LR: 1.99e-04
2026-04-23 10:21:32,696 INFO Epoch 13 | Batch 450 | Loss: 0.6556 | LR: 1.99e-04
2026-04-23 10:21:39,001 INFO Epoch 13 | Batch 500 | Loss: 0.5655 | LR: 1.98e-04
2026-04-23 10:21:45,228 INFO Epoch 13 | Batch 550 | Loss: 0.6213 | LR: 1.97e-04
2026-04-23 10:21:51,555 INFO Epoch 13 | Batch 600 | Loss: 0.6246 | LR: 1.97e-04
2026-04-23 10:21:57,838 INFO Epoch 13 | Batch 650 | Loss: 0.8078 | LR: 1.96e-04
2026-04-23 10:22:04,114 INFO Epoch 13 | Batch 700 | Loss: 0.7569 | LR: 1.95e-04
2026-04-23 10:22:10,362 INFO Epoch 13 | Batch 750 | Loss: 0.7545 | LR: 1.95e-04
2026-04-23 10:22:16,611 INFO Epoch 13 | Batch 800 | Loss: 0.5784 | LR: 1.94e-04
2026-04-23 10:22:22,815 INFO Epoch 13 | Batch 850 | Loss: 1.1304 | LR: 1.94e-04
2026-04-23 10:22:29,077 INFO Epoch 13 | Batch 900 | Loss: 0.8075 | LR: 1.93e-04
2026-04-23 10:22:35,323 INFO Epoch 13 | Batch 950 | Loss: 0.7326 | LR: 1.92e-04
2026-04-23 10:22:41,534 INFO Epoch 13 | Batch 1000 | Loss: 0.6434 | LR: 1.92e-04
2026-04-23 10:22:47,845 INFO Epoch 13 | Batch 1050 | Loss: 0.5547 | LR: 1.91e-04
2026-04-23 10:22:54,127 INFO Epoch 13 | Batch 1100 | Loss: 1.2736 | LR: 1.90e-04
2026-04-23 10:23:00,434 INFO Epoch 13 | Batch 1150 | Loss: 0.8493 | LR: 1.90e-04
2026-04-23 10:23:06,701 INFO Epoch 13 | Batch 1200 | Loss: 1.0577 | LR: 1.89e-04
2026-04-23 10:23:25,417 INFO Epoch 13 | Train: 0.7338 | Dev CER: 0.1224 | Dev WER: 0.3569 | Time: 170s | Peak: 5.7 GB
2026-04-23 10:23:25,417 INFO   New best CER: 0.1224
2026-04-23 10:23:29,089 INFO Epoch 14 | Batch 0 | Loss: 0.7613 | LR: 1.89e-04
2026-04-23 10:23:35,316 INFO Epoch 14 | Batch 50 | Loss: 0.9461 | LR: 1.88e-04
2026-04-23 10:23:41,472 INFO Epoch 14 | Batch 100 | Loss: 0.6475 | LR: 1.87e-04
2026-04-23 10:23:47,754 INFO Epoch 14 | Batch 150 | Loss: 0.6296 | LR: 1.87e-04
2026-04-23 10:23:53,981 INFO Epoch 14 | Batch 200 | Loss: 0.7010 | LR: 1.86e-04
2026-04-23 10:24:00,252 INFO Epoch 14 | Batch 250 | Loss: 0.8038 | LR: 1.86e-04
2026-04-23 10:24:06,523 INFO Epoch 14 | Batch 300 | Loss: 0.5863 | LR: 1.85e-04
2026-04-23 10:24:12,720 INFO Epoch 14 | Batch 350 | Loss: 0.8034 | LR: 1.84e-04
2026-04-23 10:24:18,888 INFO Epoch 14 | Batch 400 | Loss: 0.7300 | LR: 1.84e-04
2026-04-23 10:24:25,131 INFO Epoch 14 | Batch 450 | Loss: 0.7942 | LR: 1.83e-04
2026-04-23 10:24:31,423 INFO Epoch 14 | Batch 500 | Loss: 0.7460 | LR: 1.82e-04
2026-04-23 10:24:37,659 INFO Epoch 14 | Batch 550 | Loss: 0.7522 | LR: 1.82e-04
2026-04-23 10:24:43,874 INFO Epoch 14 | Batch 600 | Loss: 0.8658 | LR: 1.81e-04
2026-04-23 10:24:50,119 INFO Epoch 14 | Batch 650 | Loss: 0.5940 | LR: 1.81e-04
2026-04-23 10:24:56,442 INFO Epoch 14 | Batch 700 | Loss: 0.7459 | LR: 1.80e-04
2026-04-23 10:25:02,728 INFO Epoch 14 | Batch 750 | Loss: 0.5508 | LR: 1.79e-04
2026-04-23 10:25:09,016 INFO Epoch 14 | Batch 800 | Loss: 0.6661 | LR: 1.79e-04
2026-04-23 10:25:15,353 INFO Epoch 14 | Batch 850 | Loss: 0.6274 | LR: 1.78e-04
2026-04-23 10:25:21,519 INFO Epoch 14 | Batch 900 | Loss: 0.6660 | LR: 1.77e-04
2026-04-23 10:25:27,710 INFO Epoch 14 | Batch 950 | Loss: 0.7573 | LR: 1.77e-04
2026-04-23 10:25:33,991 INFO Epoch 14 | Batch 1000 | Loss: 0.5848 | LR: 1.76e-04
2026-04-23 10:25:40,281 INFO Epoch 14 | Batch 1050 | Loss: 0.7742 | LR: 1.75e-04
2026-04-23 10:25:46,503 INFO Epoch 14 | Batch 1100 | Loss: 0.6002 | LR: 1.75e-04
2026-04-23 10:25:52,638 INFO Epoch 14 | Batch 1150 | Loss: 0.7138 | LR: 1.74e-04
2026-04-23 10:25:58,822 INFO Epoch 14 | Batch 1200 | Loss: 0.7506 | LR: 1.73e-04
2026-04-23 10:26:13,370 INFO Epoch 14 | Train: 0.7207 | Dev CER: 0.1195 | Dev WER: 0.3488 | Time: 167s | Peak: 5.7 GB
2026-04-23 10:26:13,370 INFO   New best CER: 0.1195
2026-04-23 10:26:16,650 INFO Epoch 15 | Batch 0 | Loss: 0.6171 | LR: 1.73e-04
2026-04-23 10:26:22,833 INFO Epoch 15 | Batch 50 | Loss: 0.7332 | LR: 1.72e-04
2026-04-23 10:26:29,098 INFO Epoch 15 | Batch 100 | Loss: 0.5099 | LR: 1.72e-04
2026-04-23 10:26:35,286 INFO Epoch 15 | Batch 150 | Loss: 0.5673 | LR: 1.71e-04
2026-04-23 10:26:41,394 INFO Epoch 15 | Batch 200 | Loss: 0.8264 | LR: 1.70e-04
2026-04-23 10:26:47,465 INFO Epoch 15 | Batch 250 | Loss: 0.5964 | LR: 1.70e-04
2026-04-23 10:26:53,662 INFO Epoch 15 | Batch 300 | Loss: 0.7374 | LR: 1.69e-04
2026-04-23 10:26:59,912 INFO Epoch 15 | Batch 350 | Loss: 0.5916 | LR: 1.68e-04
2026-04-23 10:27:06,232 INFO Epoch 15 | Batch 400 | Loss: 0.5936 | LR: 1.68e-04
2026-04-23 10:27:12,522 INFO Epoch 15 | Batch 450 | Loss: 0.4850 | LR: 1.67e-04
2026-04-23 10:27:18,791 INFO Epoch 15 | Batch 500 | Loss: 0.7740 | LR: 1.67e-04
2026-04-23 10:27:25,019 INFO Epoch 15 | Batch 550 | Loss: 0.5520 | LR: 1.66e-04
2026-04-23 10:27:31,365 INFO Epoch 15 | Batch 600 | Loss: 0.4860 | LR: 1.65e-04
2026-04-23 10:27:37,632 INFO Epoch 15 | Batch 650 | Loss: 0.5110 | LR: 1.65e-04
2026-04-23 10:27:43,939 INFO Epoch 15 | Batch 700 | Loss: 0.6415 | LR: 1.64e-04
2026-04-23 10:27:50,187 INFO Epoch 15 | Batch 750 | Loss: 0.6688 | LR: 1.63e-04
2026-04-23 10:27:56,347 INFO Epoch 15 | Batch 800 | Loss: 0.6276 | LR: 1.63e-04
2026-04-23 10:28:02,468 INFO Epoch 15 | Batch 850 | Loss: 0.5171 | LR: 1.62e-04
2026-04-23 10:28:08,621 INFO Epoch 15 | Batch 900 | Loss: 0.7704 | LR: 1.61e-04
2026-04-23 10:28:14,760 INFO Epoch 15 | Batch 950 | Loss: 0.7401 | LR: 1.61e-04
2026-04-23 10:28:20,993 INFO Epoch 15 | Batch 1000 | Loss: 0.5670 | LR: 1.60e-04
2026-04-23 10:28:27,344 INFO Epoch 15 | Batch 1050 | Loss: 0.5515 | LR: 1.59e-04
2026-04-23 10:28:33,596 INFO Epoch 15 | Batch 1100 | Loss: 0.6908 | LR: 1.59e-04
2026-04-23 10:28:39,819 INFO Epoch 15 | Batch 1150 | Loss: 0.7322 | LR: 1.58e-04
2026-04-23 10:28:46,073 INFO Epoch 15 | Batch 1200 | Loss: 0.8345 | LR: 1.57e-04
2026-04-23 10:29:05,217 INFO Epoch 15 | Train: 0.6974 | Dev CER: 0.1145 | Dev WER: 0.3329 | Time: 171s | Peak: 5.7 GB
2026-04-23 10:29:05,217 INFO   New best CER: 0.1145
2026-04-23 10:29:08,422 INFO Epoch 16 | Batch 0 | Loss: 0.6261 | LR: 1.57e-04
2026-04-23 10:29:14,459 INFO Epoch 16 | Batch 50 | Loss: 0.6093 | LR: 1.56e-04
2026-04-23 10:29:20,710 INFO Epoch 16 | Batch 100 | Loss: 0.7713 | LR: 1.56e-04
2026-04-23 10:29:26,927 INFO Epoch 16 | Batch 150 | Loss: 0.5426 | LR: 1.55e-04
2026-04-23 10:29:33,248 INFO Epoch 16 | Batch 200 | Loss: 0.4239 | LR: 1.54e-04
2026-04-23 10:29:39,569 INFO Epoch 16 | Batch 250 | Loss: 0.7184 | LR: 1.54e-04
2026-04-23 10:29:45,572 INFO Epoch 16 | Batch 300 | Loss: 0.7811 | LR: 1.53e-04
2026-04-23 10:29:51,757 INFO Epoch 16 | Batch 350 | Loss: 0.5766 | LR: 1.52e-04
2026-04-23 10:29:57,934 INFO Epoch 16 | Batch 400 | Loss: 0.5030 | LR: 1.52e-04
2026-04-23 10:30:04,137 INFO Epoch 16 | Batch 450 | Loss: 0.6429 | LR: 1.51e-04
2026-04-23 10:30:10,289 INFO Epoch 16 | Batch 500 | Loss: 0.6519 | LR: 1.50e-04
2026-04-23 10:30:16,438 INFO Epoch 16 | Batch 550 | Loss: 0.5360 | LR: 1.50e-04
2026-04-23 10:30:22,311 INFO Epoch 16 | Batch 600 | Loss: 0.7355 | LR: 1.49e-04
2026-04-23 10:30:28,367 INFO Epoch 16 | Batch 650 | Loss: 0.6701 | LR: 1.49e-04
2026-04-23 10:30:34,577 INFO Epoch 16 | Batch 700 | Loss: 0.8029 | LR: 1.48e-04
2026-04-23 10:30:40,749 INFO Epoch 16 | Batch 750 | Loss: 0.7153 | LR: 1.47e-04
2026-04-23 10:30:46,912 INFO Epoch 16 | Batch 800 | Loss: 0.5808 | LR: 1.47e-04
2026-04-23 10:30:53,039 INFO Epoch 16 | Batch 850 | Loss: 0.5064 | LR: 1.46e-04
2026-04-23 10:30:59,206 INFO Epoch 16 | Batch 900 | Loss: 0.9800 | LR: 1.45e-04
2026-04-23 10:31:05,352 INFO Epoch 16 | Batch 950 | Loss: 0.5566 | LR: 1.45e-04
2026-04-23 10:31:11,534 INFO Epoch 16 | Batch 1000 | Loss: 0.6240 | LR: 1.44e-04
2026-04-23 10:31:17,694 INFO Epoch 16 | Batch 1050 | Loss: 0.5674 | LR: 1.43e-04
2026-04-23 10:31:23,795 INFO Epoch 16 | Batch 1100 | Loss: 0.5852 | LR: 1.43e-04
2026-04-23 10:31:29,810 INFO Epoch 16 | Batch 1150 | Loss: 0.6227 | LR: 1.42e-04
2026-04-23 10:31:35,892 INFO Epoch 16 | Batch 1200 | Loss: 0.5534 | LR: 1.41e-04
2026-04-23 10:31:52,311 INFO Epoch 16 | Train: 0.6801 | Dev CER: 0.1107 | Dev WER: 0.3244 | Time: 166s | Peak: 5.7 GB
2026-04-23 10:31:52,311 INFO   New best CER: 0.1107
2026-04-23 10:31:55,631 INFO Epoch 17 | Batch 0 | Loss: 0.5231 | LR: 1.41e-04
2026-04-23 10:32:01,784 INFO Epoch 17 | Batch 50 | Loss: 0.7379 | LR: 1.40e-04
2026-04-23 10:32:07,849 INFO Epoch 17 | Batch 100 | Loss: 0.6275 | LR: 1.40e-04
2026-04-23 10:32:14,090 INFO Epoch 17 | Batch 150 | Loss: 0.7226 | LR: 1.39e-04
2026-04-23 10:32:20,235 INFO Epoch 17 | Batch 200 | Loss: 0.6117 | LR: 1.38e-04
2026-04-23 10:32:26,427 INFO Epoch 17 | Batch 250 | Loss: 0.5103 | LR: 1.38e-04
2026-04-23 10:32:32,692 INFO Epoch 17 | Batch 300 | Loss: 0.6216 | LR: 1.37e-04
2026-04-23 10:32:38,962 INFO Epoch 17 | Batch 350 | Loss: 0.4454 | LR: 1.36e-04
2026-04-23 10:32:45,235 INFO Epoch 17 | Batch 400 | Loss: 0.6146 | LR: 1.36e-04
2026-04-23 10:32:51,469 INFO Epoch 17 | Batch 450 | Loss: 0.7793 | LR: 1.35e-04
2026-04-23 10:32:57,666 INFO Epoch 17 | Batch 500 | Loss: 0.6756 | LR: 1.34e-04
2026-04-23 10:33:03,808 INFO Epoch 17 | Batch 550 | Loss: 0.6387 | LR: 1.34e-04
2026-04-23 10:33:10,010 INFO Epoch 17 | Batch 600 | Loss: 0.5351 | LR: 1.33e-04
2026-04-23 10:33:16,266 INFO Epoch 17 | Batch 650 | Loss: 0.7093 | LR: 1.32e-04
2026-04-23 10:33:22,453 INFO Epoch 17 | Batch 700 | Loss: 0.5193 | LR: 1.32e-04
2026-04-23 10:33:28,411 INFO Epoch 17 | Batch 750 | Loss: 0.6016 | LR: 1.31e-04
2026-04-23 10:33:34,153 INFO Epoch 17 | Batch 800 | Loss: 0.5264 | LR: 1.31e-04
2026-04-23 10:33:40,036 INFO Epoch 17 | Batch 850 | Loss: 0.7219 | LR: 1.30e-04
2026-04-23 10:33:46,013 INFO Epoch 17 | Batch 900 | Loss: 0.4421 | LR: 1.29e-04
2026-04-23 10:33:52,103 INFO Epoch 17 | Batch 950 | Loss: 0.6456 | LR: 1.29e-04
2026-04-23 10:33:58,173 INFO Epoch 17 | Batch 1000 | Loss: 0.6698 | LR: 1.28e-04
2026-04-23 10:34:04,347 INFO Epoch 17 | Batch 1050 | Loss: 0.5330 | LR: 1.27e-04
2026-04-23 10:34:10,481 INFO Epoch 17 | Batch 1100 | Loss: 0.5675 | LR: 1.27e-04
2026-04-23 10:34:16,607 INFO Epoch 17 | Batch 1150 | Loss: 0.7629 | LR: 1.26e-04
2026-04-23 10:34:22,732 INFO Epoch 17 | Batch 1200 | Loss: 0.6775 | LR: 1.25e-04
2026-04-23 10:34:41,247 INFO Epoch 17 | Train: 0.6606 | Dev CER: 0.1098 | Dev WER: 0.3218 | Time: 168s | Peak: 5.7 GB
2026-04-23 10:34:41,247 INFO   New best CER: 0.1098
2026-04-23 10:34:44,491 INFO Epoch 18 | Batch 0 | Loss: 0.9154 | LR: 1.25e-04
2026-04-23 10:34:50,669 INFO Epoch 18 | Batch 50 | Loss: 0.5561 | LR: 1.24e-04
2026-04-23 10:34:56,862 INFO Epoch 18 | Batch 100 | Loss: 0.5596 | LR: 1.24e-04
2026-04-23 10:35:03,158 INFO Epoch 18 | Batch 150 | Loss: 0.7174 | LR: 1.23e-04
2026-04-23 10:35:09,268 INFO Epoch 18 | Batch 200 | Loss: 0.8264 | LR: 1.22e-04
2026-04-23 10:35:15,471 INFO Epoch 18 | Batch 250 | Loss: 0.4732 | LR: 1.22e-04
2026-04-23 10:35:21,559 INFO Epoch 18 | Batch 300 | Loss: 0.5689 | LR: 1.21e-04
2026-04-23 10:35:27,771 INFO Epoch 18 | Batch 350 | Loss: 0.4520 | LR: 1.20e-04
2026-04-23 10:35:34,023 INFO Epoch 18 | Batch 400 | Loss: 0.6185 | LR: 1.20e-04
2026-04-23 10:35:40,286 INFO Epoch 18 | Batch 450 | Loss: 0.5234 | LR: 1.19e-04
2026-04-23 10:35:46,542 INFO Epoch 18 | Batch 500 | Loss: 0.5392 | LR: 1.19e-04
2026-04-23 10:35:52,766 INFO Epoch 18 | Batch 550 | Loss: 0.4194 | LR: 1.18e-04
2026-04-23 10:35:59,052 INFO Epoch 18 | Batch 600 | Loss: 0.3558 | LR: 1.17e-04
2026-04-23 10:36:05,178 INFO Epoch 18 | Batch 650 | Loss: 1.0081 | LR: 1.17e-04
2026-04-23 10:36:11,526 INFO Epoch 18 | Batch 700 | Loss: 0.5150 | LR: 1.16e-04
2026-04-23 10:36:17,696 INFO Epoch 18 | Batch 750 | Loss: 0.6380 | LR: 1.15e-04
2026-04-23 10:36:23,835 INFO Epoch 18 | Batch 800 | Loss: 0.8388 | LR: 1.15e-04
2026-04-23 10:36:30,053 INFO Epoch 18 | Batch 850 | Loss: 0.7314 | LR: 1.14e-04
2026-04-23 10:36:36,288 INFO Epoch 18 | Batch 900 | Loss: 0.5110 | LR: 1.13e-04
2026-04-23 10:36:42,571 INFO Epoch 18 | Batch 950 | Loss: 0.6913 | LR: 1.13e-04
2026-04-23 10:36:48,741 INFO Epoch 18 | Batch 1000 | Loss: 0.6643 | LR: 1.12e-04
2026-04-23 10:36:55,009 INFO Epoch 18 | Batch 1050 | Loss: 0.6435 | LR: 1.12e-04
2026-04-23 10:37:01,240 INFO Epoch 18 | Batch 1100 | Loss: 0.7649 | LR: 1.11e-04
2026-04-23 10:37:07,340 INFO Epoch 18 | Batch 1150 | Loss: 1.0806 | LR: 1.10e-04
2026-04-23 10:37:13,644 INFO Epoch 18 | Batch 1200 | Loss: 0.5475 | LR: 1.10e-04
2026-04-23 10:37:30,725 INFO Epoch 18 | Train: 0.6410 | Dev CER: 0.1056 | Dev WER: 0.3079 | Time: 169s | Peak: 5.7 GB
2026-04-23 10:37:30,725 INFO   New best CER: 0.1056
2026-04-23 10:37:34,443 INFO Epoch 19 | Batch 0 | Loss: 0.8400 | LR: 1.09e-04
2026-04-23 10:37:40,657 INFO Epoch 19 | Batch 50 | Loss: 0.3955 | LR: 1.09e-04
2026-04-23 10:37:47,077 INFO Epoch 19 | Batch 100 | Loss: 0.5705 | LR: 1.08e-04
2026-04-23 10:37:53,432 INFO Epoch 19 | Batch 150 | Loss: 0.3666 | LR: 1.07e-04
2026-04-23 10:37:59,660 INFO Epoch 19 | Batch 200 | Loss: 0.5309 | LR: 1.07e-04
2026-04-23 10:38:05,769 INFO Epoch 19 | Batch 250 | Loss: 0.5797 | LR: 1.06e-04
2026-04-23 10:38:11,897 INFO Epoch 19 | Batch 300 | Loss: 0.6138 | LR: 1.06e-04
2026-04-23 10:38:18,021 INFO Epoch 19 | Batch 350 | Loss: 0.9279 | LR: 1.05e-04
2026-04-23 10:38:24,123 INFO Epoch 19 | Batch 400 | Loss: 0.6387 | LR: 1.04e-04
2026-04-23 10:38:30,333 INFO Epoch 19 | Batch 450 | Loss: 0.8019 | LR: 1.04e-04
2026-04-23 10:38:36,483 INFO Epoch 19 | Batch 500 | Loss: 0.9887 | LR: 1.03e-04
2026-04-23 10:38:42,597 INFO Epoch 19 | Batch 550 | Loss: 0.6008 | LR: 1.02e-04
2026-04-23 10:38:48,708 INFO Epoch 19 | Batch 600 | Loss: 0.5682 | LR: 1.02e-04
2026-04-23 10:38:54,885 INFO Epoch 19 | Batch 650 | Loss: 0.8980 | LR: 1.01e-04
2026-04-23 10:39:00,930 INFO Epoch 19 | Batch 700 | Loss: 0.5631 | LR: 1.01e-04
2026-04-23 10:39:07,087 INFO Epoch 19 | Batch 750 | Loss: 0.8311 | LR: 1.00e-04
2026-04-23 10:39:12,981 INFO Epoch 19 | Batch 800 | Loss: 0.4647 | LR: 9.94e-05
2026-04-23 10:39:18,682 INFO Epoch 19 | Batch 850 | Loss: 0.6785 | LR: 9.88e-05
2026-04-23 10:39:24,388 INFO Epoch 19 | Batch 900 | Loss: 0.5898 | LR: 9.81e-05
2026-04-23 10:39:30,159 INFO Epoch 19 | Batch 950 | Loss: 0.6126 | LR: 9.75e-05
2026-04-23 10:39:35,916 INFO Epoch 19 | Batch 1000 | Loss: 0.5410 | LR: 9.69e-05
2026-04-23 10:39:41,657 INFO Epoch 19 | Batch 1050 | Loss: 0.4817 | LR: 9.63e-05
2026-04-23 10:39:47,539 INFO Epoch 19 | Batch 1100 | Loss: 0.5299 | LR: 9.57e-05
2026-04-23 10:39:53,595 INFO Epoch 19 | Batch 1150 | Loss: 0.8362 | LR: 9.51e-05
2026-04-23 10:39:59,892 INFO Epoch 19 | Batch 1200 | Loss: 0.5026 | LR: 9.45e-05
2026-04-23 10:40:18,241 INFO Epoch 19 | Train: 0.6314 | Dev CER: 0.1027 | Dev WER: 0.3013 | Time: 167s | Peak: 5.7 GB
2026-04-23 10:40:18,241 INFO   New best CER: 0.1027
2026-04-23 10:40:21,674 INFO Epoch 20 | Batch 0 | Loss: 0.4447 | LR: 9.41e-05
2026-04-23 10:40:28,068 INFO Epoch 20 | Batch 50 | Loss: 0.5861 | LR: 9.35e-05
2026-04-23 10:40:34,260 INFO Epoch 20 | Batch 100 | Loss: 0.3381 | LR: 9.29e-05
2026-04-23 10:40:40,605 INFO Epoch 20 | Batch 150 | Loss: 0.6737 | LR: 9.23e-05
2026-04-23 10:40:46,914 INFO Epoch 20 | Batch 200 | Loss: 0.6275 | LR: 9.17e-05
2026-04-23 10:40:53,170 INFO Epoch 20 | Batch 250 | Loss: 0.6884 | LR: 9.11e-05
2026-04-23 10:40:59,478 INFO Epoch 20 | Batch 300 | Loss: 0.3815 | LR: 9.05e-05
2026-04-23 10:41:05,727 INFO Epoch 20 | Batch 350 | Loss: 0.7028 | LR: 8.99e-05
2026-04-23 10:41:12,061 INFO Epoch 20 | Batch 400 | Loss: 0.6698 | LR: 8.93e-05
2026-04-23 10:41:18,371 INFO Epoch 20 | Batch 450 | Loss: 0.5609 | LR: 8.87e-05
2026-04-23 10:41:24,703 INFO Epoch 20 | Batch 500 | Loss: 0.5967 | LR: 8.81e-05
2026-04-23 10:41:30,931 INFO Epoch 20 | Batch 550 | Loss: 0.5032 | LR: 8.75e-05
2026-04-23 10:41:37,169 INFO Epoch 20 | Batch 600 | Loss: 1.0229 | LR: 8.69e-05
2026-04-23 10:41:43,352 INFO Epoch 20 | Batch 650 | Loss: 0.5063 | LR: 8.63e-05
2026-04-23 10:41:49,565 INFO Epoch 20 | Batch 700 | Loss: 0.9646 | LR: 8.57e-05
2026-04-23 10:41:55,844 INFO Epoch 20 | Batch 750 | Loss: 0.5088 | LR: 8.52e-05
2026-04-23 10:42:02,039 INFO Epoch 20 | Batch 800 | Loss: 0.7832 | LR: 8.46e-05
2026-04-23 10:42:08,229 INFO Epoch 20 | Batch 850 | Loss: 0.5453 | LR: 8.40e-05
2026-04-23 10:42:14,357 INFO Epoch 20 | Batch 900 | Loss: 0.4602 | LR: 8.34e-05
2026-04-23 10:42:20,401 INFO Epoch 20 | Batch 950 | Loss: 0.5851 | LR: 8.28e-05
2026-04-23 10:42:26,474 INFO Epoch 20 | Batch 1000 | Loss: 0.8233 | LR: 8.22e-05
2026-04-23 10:42:32,630 INFO Epoch 20 | Batch 1050 | Loss: 0.5679 | LR: 8.17e-05
2026-04-23 10:42:38,823 INFO Epoch 20 | Batch 1100 | Loss: 0.8802 | LR: 8.11e-05
2026-04-23 10:42:44,970 INFO Epoch 20 | Batch 1150 | Loss: 0.8128 | LR: 8.05e-05
2026-04-23 10:42:51,054 INFO Epoch 20 | Batch 1200 | Loss: 0.3556 | LR: 7.99e-05
2026-04-23 10:43:10,043 INFO Epoch 20 | Train: 0.6232 | Dev CER: 0.1009 | Dev WER: 0.2953 | Time: 171s | Peak: 5.7 GB
2026-04-23 10:43:10,043 INFO   New best CER: 0.1009
2026-04-23 10:43:13,852 INFO Epoch 21 | Batch 0 | Loss: 0.5936 | LR: 7.95e-05
2026-04-23 10:43:20,147 INFO Epoch 21 | Batch 50 | Loss: 0.6868 | LR: 7.90e-05
2026-04-23 10:43:26,400 INFO Epoch 21 | Batch 100 | Loss: 0.6319 | LR: 7.84e-05
2026-04-23 10:43:32,642 INFO Epoch 21 | Batch 150 | Loss: 0.5560 | LR: 7.78e-05
2026-04-23 10:43:38,887 INFO Epoch 21 | Batch 200 | Loss: 0.4640 | LR: 7.72e-05
2026-04-23 10:43:45,101 INFO Epoch 21 | Batch 250 | Loss: 0.5721 | LR: 7.67e-05
2026-04-23 10:43:51,378 INFO Epoch 21 | Batch 300 | Loss: 0.5285 | LR: 7.61e-05
2026-04-23 10:43:57,579 INFO Epoch 21 | Batch 350 | Loss: 0.4752 | LR: 7.56e-05
2026-04-23 10:44:03,941 INFO Epoch 21 | Batch 400 | Loss: 0.5492 | LR: 7.50e-05
2026-04-23 10:44:10,271 INFO Epoch 21 | Batch 450 | Loss: 0.4468 | LR: 7.44e-05
2026-04-23 10:44:16,493 INFO Epoch 21 | Batch 500 | Loss: 0.7095 | LR: 7.39e-05
2026-04-23 10:44:22,715 INFO Epoch 21 | Batch 550 | Loss: 0.5245 | LR: 7.33e-05
2026-04-23 10:44:28,919 INFO Epoch 21 | Batch 600 | Loss: 0.4562 | LR: 7.28e-05
2026-04-23 10:44:35,179 INFO Epoch 21 | Batch 650 | Loss: 0.7138 | LR: 7.22e-05
2026-04-23 10:44:41,410 INFO Epoch 21 | Batch 700 | Loss: 0.8635 | LR: 7.16e-05
2026-04-23 10:44:47,675 INFO Epoch 21 | Batch 750 | Loss: 0.4773 | LR: 7.11e-05
2026-04-23 10:44:53,901 INFO Epoch 21 | Batch 800 | Loss: 0.8457 | LR: 7.05e-05
2026-04-23 10:45:00,145 INFO Epoch 21 | Batch 850 | Loss: 0.4484 | LR: 7.00e-05
2026-04-23 10:45:06,348 INFO Epoch 21 | Batch 900 | Loss: 0.8573 | LR: 6.94e-05
2026-04-23 10:45:12,633 INFO Epoch 21 | Batch 950 | Loss: 0.4654 | LR: 6.89e-05
2026-04-23 10:45:18,985 INFO Epoch 21 | Batch 1000 | Loss: 0.3499 | LR: 6.84e-05
2026-04-23 10:45:25,277 INFO Epoch 21 | Batch 1050 | Loss: 0.5369 | LR: 6.78e-05
2026-04-23 10:45:31,509 INFO Epoch 21 | Batch 1100 | Loss: 0.6006 | LR: 6.73e-05
2026-04-23 10:45:37,734 INFO Epoch 21 | Batch 1150 | Loss: 0.5752 | LR: 6.67e-05
2026-04-23 10:45:43,954 INFO Epoch 21 | Batch 1200 | Loss: 0.9739 | LR: 6.62e-05
2026-04-23 10:46:01,377 INFO Epoch 21 | Train: 0.6045 | Dev CER: 0.0997 | Dev WER: 0.2938 | Time: 170s | Peak: 5.7 GB
2026-04-23 10:46:01,377 INFO   New best CER: 0.0997
2026-04-23 10:46:04,463 INFO Epoch 22 | Batch 0 | Loss: 0.8100 | LR: 6.58e-05
2026-04-23 10:46:10,768 INFO Epoch 22 | Batch 50 | Loss: 0.3870 | LR: 6.53e-05
2026-04-23 10:46:17,058 INFO Epoch 22 | Batch 100 | Loss: 0.4371 | LR: 6.47e-05
2026-04-23 10:46:23,380 INFO Epoch 22 | Batch 150 | Loss: 0.8639 | LR: 6.42e-05
2026-04-23 10:46:29,700 INFO Epoch 22 | Batch 200 | Loss: 0.7126 | LR: 6.37e-05
2026-04-23 10:46:35,822 INFO Epoch 22 | Batch 250 | Loss: 0.4325 | LR: 6.31e-05
2026-04-23 10:46:42,009 INFO Epoch 22 | Batch 300 | Loss: 0.5984 | LR: 6.26e-05
2026-04-23 10:46:48,323 INFO Epoch 22 | Batch 350 | Loss: 0.7807 | LR: 6.21e-05
2026-04-23 10:46:54,603 INFO Epoch 22 | Batch 400 | Loss: 0.4890 | LR: 6.16e-05
2026-04-23 10:47:00,919 INFO Epoch 22 | Batch 450 | Loss: 0.4113 | LR: 6.10e-05
2026-04-23 10:47:07,198 INFO Epoch 22 | Batch 500 | Loss: 0.3971 | LR: 6.05e-05
2026-04-23 10:47:13,482 INFO Epoch 22 | Batch 550 | Loss: 0.5375 | LR: 6.00e-05
2026-04-23 10:47:19,746 INFO Epoch 22 | Batch 600 | Loss: 0.5507 | LR: 5.95e-05
2026-04-23 10:47:26,074 INFO Epoch 22 | Batch 650 | Loss: 0.5935 | LR: 5.90e-05
2026-04-23 10:47:32,270 INFO Epoch 22 | Batch 700 | Loss: 0.4103 | LR: 5.85e-05
2026-04-23 10:47:38,533 INFO Epoch 22 | Batch 750 | Loss: 0.6366 | LR: 5.79e-05
2026-04-23 10:47:44,880 INFO Epoch 22 | Batch 800 | Loss: 0.5726 | LR: 5.74e-05
2026-04-23 10:47:51,158 INFO Epoch 22 | Batch 850 | Loss: 0.6270 | LR: 5.69e-05
2026-04-23 10:47:57,444 INFO Epoch 22 | Batch 900 | Loss: 0.7221 | LR: 5.64e-05
2026-04-23 10:48:03,632 INFO Epoch 22 | Batch 950 | Loss: 0.7181 | LR: 5.59e-05
2026-04-23 10:48:09,854 INFO Epoch 22 | Batch 1000 | Loss: 0.4710 | LR: 5.54e-05
2026-04-23 10:48:16,170 INFO Epoch 22 | Batch 1050 | Loss: 0.5195 | LR: 5.49e-05
2026-04-23 10:48:21,228 INFO Epoch 22 | Batch 1100 | Loss: 0.6392 | LR: 5.44e-05
2026-04-23 10:48:27,543 INFO Epoch 22 | Batch 1150 | Loss: 0.5346 | LR: 5.39e-05
2026-04-23 10:48:33,419 INFO Epoch 22 | Batch 1200 | Loss: 0.7770 | LR: 5.34e-05
2026-04-23 10:48:51,566 INFO Epoch 22 | Train: 0.5967 | Dev CER: 0.0977 | Dev WER: 0.2879 | Time: 170s | Peak: 5.7 GB
2026-04-23 10:48:51,566 INFO   New best CER: 0.0977
2026-04-23 10:48:54,994 INFO Epoch 23 | Batch 0 | Loss: 0.6351 | LR: 5.31e-05
2026-04-23 10:49:00,535 INFO Epoch 23 | Batch 50 | Loss: 0.6313 | LR: 5.26e-05
2026-04-23 10:49:06,969 INFO Epoch 23 | Batch 100 | Loss: 0.4583 | LR: 5.21e-05
2026-04-23 10:49:13,059 INFO Epoch 23 | Batch 150 | Loss: 0.6507 | LR: 5.16e-05
2026-04-23 10:49:19,074 INFO Epoch 23 | Batch 200 | Loss: 0.3996 | LR: 5.11e-05
2026-04-23 10:49:25,316 INFO Epoch 23 | Batch 250 | Loss: 0.7118 | LR: 5.06e-05
2026-04-23 10:49:31,697 INFO Epoch 23 | Batch 300 | Loss: 0.4618 | LR: 5.01e-05
2026-04-23 10:49:38,018 INFO Epoch 23 | Batch 350 | Loss: 0.6835 | LR: 4.97e-05
2026-04-23 10:49:44,346 INFO Epoch 23 | Batch 400 | Loss: 0.7518 | LR: 4.92e-05
2026-04-23 10:49:50,734 INFO Epoch 23 | Batch 450 | Loss: 0.4400 | LR: 4.87e-05
2026-04-23 10:49:56,968 INFO Epoch 23 | Batch 500 | Loss: 0.6695 | LR: 4.82e-05
2026-04-23 10:50:03,179 INFO Epoch 23 | Batch 550 | Loss: 0.6346 | LR: 4.77e-05
2026-04-23 10:50:09,498 INFO Epoch 23 | Batch 600 | Loss: 0.5136 | LR: 4.73e-05
2026-04-23 10:50:15,782 INFO Epoch 23 | Batch 650 | Loss: 0.8748 | LR: 4.68e-05
2026-04-23 10:50:22,056 INFO Epoch 23 | Batch 700 | Loss: 0.7649 | LR: 4.63e-05
2026-04-23 10:50:28,307 INFO Epoch 23 | Batch 750 | Loss: 0.9098 | LR: 4.59e-05
2026-04-23 10:50:34,589 INFO Epoch 23 | Batch 800 | Loss: 0.4635 | LR: 4.54e-05
2026-04-23 10:50:40,907 INFO Epoch 23 | Batch 850 | Loss: 0.5621 | LR: 4.49e-05
2026-04-23 10:50:47,113 INFO Epoch 23 | Batch 900 | Loss: 0.4188 | LR: 4.45e-05
2026-04-23 10:50:53,348 INFO Epoch 23 | Batch 950 | Loss: 0.6900 | LR: 4.40e-05
2026-04-23 10:50:59,682 INFO Epoch 23 | Batch 1000 | Loss: 0.6655 | LR: 4.36e-05
2026-04-23 10:51:05,892 INFO Epoch 23 | Batch 1050 | Loss: 0.4646 | LR: 4.31e-05
2026-04-23 10:51:12,167 INFO Epoch 23 | Batch 1100 | Loss: 0.4944 | LR: 4.27e-05
2026-04-23 10:51:18,433 INFO Epoch 23 | Batch 1150 | Loss: 0.4723 | LR: 4.22e-05
2026-04-23 10:51:24,732 INFO Epoch 23 | Batch 1200 | Loss: 0.5307 | LR: 4.18e-05
2026-04-23 10:51:44,595 INFO Epoch 23 | Train: 0.5797 | Dev CER: 0.0966 | Dev WER: 0.2852 | Time: 172s | Peak: 5.7 GB
2026-04-23 10:51:44,595 INFO   New best CER: 0.0966
2026-04-23 10:51:47,827 INFO Epoch 24 | Batch 0 | Loss: 0.4201 | LR: 4.14e-05
2026-04-23 10:51:54,172 INFO Epoch 24 | Batch 50 | Loss: 0.5961 | LR: 4.10e-05
2026-04-23 10:52:00,515 INFO Epoch 24 | Batch 100 | Loss: 0.5640 | LR: 4.06e-05
2026-04-23 10:52:06,813 INFO Epoch 24 | Batch 150 | Loss: 0.5575 | LR: 4.01e-05
2026-04-23 10:52:13,149 INFO Epoch 24 | Batch 200 | Loss: 0.4783 | LR: 3.97e-05
2026-04-23 10:52:19,376 INFO Epoch 24 | Batch 250 | Loss: 0.4171 | LR: 3.92e-05
2026-04-23 10:52:25,649 INFO Epoch 24 | Batch 300 | Loss: 0.4528 | LR: 3.88e-05
2026-04-23 10:52:31,921 INFO Epoch 24 | Batch 350 | Loss: 0.4346 | LR: 3.84e-05
2026-04-23 10:52:38,145 INFO Epoch 24 | Batch 400 | Loss: 0.3545 | LR: 3.80e-05
2026-04-23 10:52:44,354 INFO Epoch 24 | Batch 450 | Loss: 0.5502 | LR: 3.75e-05
2026-04-23 10:52:50,475 INFO Epoch 24 | Batch 500 | Loss: 0.6673 | LR: 3.71e-05
2026-04-23 10:52:56,687 INFO Epoch 24 | Batch 550 | Loss: 0.4825 | LR: 3.67e-05
2026-04-23 10:53:02,922 INFO Epoch 24 | Batch 600 | Loss: 0.7281 | LR: 3.63e-05
2026-04-23 10:53:09,218 INFO Epoch 24 | Batch 650 | Loss: 0.5818 | LR: 3.58e-05
2026-04-23 10:53:15,488 INFO Epoch 24 | Batch 700 | Loss: 0.6941 | LR: 3.54e-05
2026-04-23 10:53:21,777 INFO Epoch 24 | Batch 750 | Loss: 0.8806 | LR: 3.50e-05
2026-04-23 10:53:28,081 INFO Epoch 24 | Batch 800 | Loss: 0.6355 | LR: 3.46e-05
2026-04-23 10:53:34,388 INFO Epoch 24 | Batch 850 | Loss: 0.5495 | LR: 3.42e-05
2026-04-23 10:53:40,597 INFO Epoch 24 | Batch 900 | Loss: 0.5771 | LR: 3.38e-05
2026-04-23 10:53:46,733 INFO Epoch 24 | Batch 950 | Loss: 0.9969 | LR: 3.34e-05
2026-04-23 10:53:52,924 INFO Epoch 24 | Batch 1000 | Loss: 0.7488 | LR: 3.30e-05
2026-04-23 10:53:59,123 INFO Epoch 24 | Batch 1050 | Loss: 0.4395 | LR: 3.26e-05
2026-04-23 10:54:05,352 INFO Epoch 24 | Batch 1100 | Loss: 0.3547 | LR: 3.22e-05
2026-04-23 10:54:11,646 INFO Epoch 24 | Batch 1150 | Loss: 0.6567 | LR: 3.18e-05
2026-04-23 10:54:17,864 INFO Epoch 24 | Batch 1200 | Loss: 0.5535 | LR: 3.14e-05
2026-04-23 10:54:36,660 INFO Epoch 24 | Train: 0.5719 | Dev CER: 0.0958 | Dev WER: 0.2838 | Time: 172s | Peak: 5.7 GB
2026-04-23 10:54:36,660 INFO   New best CER: 0.0958
2026-04-23 10:54:40,371 INFO Epoch 25 | Batch 0 | Loss: 0.4049 | LR: 3.11e-05
2026-04-23 10:54:46,648 INFO Epoch 25 | Batch 50 | Loss: 0.7970 | LR: 3.07e-05
2026-04-23 10:54:52,889 INFO Epoch 25 | Batch 100 | Loss: 0.4950 | LR: 3.03e-05
2026-04-23 10:54:59,147 INFO Epoch 25 | Batch 150 | Loss: 0.5364 | LR: 2.99e-05
2026-04-23 10:55:05,563 INFO Epoch 25 | Batch 200 | Loss: 0.5434 | LR: 2.95e-05
2026-04-23 10:55:11,808 INFO Epoch 25 | Batch 250 | Loss: 0.9321 | LR: 2.92e-05
2026-04-23 10:55:18,039 INFO Epoch 25 | Batch 300 | Loss: 0.4702 | LR: 2.88e-05
2026-04-23 10:55:24,269 INFO Epoch 25 | Batch 350 | Loss: 0.5859 | LR: 2.84e-05
2026-04-23 10:55:30,481 INFO Epoch 25 | Batch 400 | Loss: 0.4155 | LR: 2.80e-05
2026-04-23 10:55:36,778 INFO Epoch 25 | Batch 450 | Loss: 0.5484 | LR: 2.77e-05
2026-04-23 10:55:43,103 INFO Epoch 25 | Batch 500 | Loss: 0.6291 | LR: 2.73e-05
2026-04-23 10:55:49,630 INFO Epoch 25 | Batch 550 | Loss: 0.6841 | LR: 2.69e-05
2026-04-23 10:55:55,873 INFO Epoch 25 | Batch 600 | Loss: 0.6629 | LR: 2.66e-05
2026-04-23 10:56:02,153 INFO Epoch 25 | Batch 650 | Loss: 0.4478 | LR: 2.62e-05
2026-04-23 10:56:08,477 INFO Epoch 25 | Batch 700 | Loss: 0.5739 | LR: 2.58e-05
2026-04-23 10:56:14,715 INFO Epoch 25 | Batch 750 | Loss: 0.5507 | LR: 2.55e-05
2026-04-23 10:56:21,003 INFO Epoch 25 | Batch 800 | Loss: 0.5866 | LR: 2.51e-05
2026-04-23 10:56:27,326 INFO Epoch 25 | Batch 850 | Loss: 0.5408 | LR: 2.48e-05
2026-04-23 10:56:33,602 INFO Epoch 25 | Batch 900 | Loss: 0.6523 | LR: 2.44e-05
2026-04-23 10:56:39,787 INFO Epoch 25 | Batch 950 | Loss: 0.7722 | LR: 2.41e-05
2026-04-23 10:56:46,096 INFO Epoch 25 | Batch 1000 | Loss: 0.4313 | LR: 2.37e-05
2026-04-23 10:56:52,428 INFO Epoch 25 | Batch 1050 | Loss: 0.4840 | LR: 2.34e-05
2026-04-23 10:56:58,643 INFO Epoch 25 | Batch 1100 | Loss: 0.7597 | LR: 2.30e-05
2026-04-23 10:57:04,875 INFO Epoch 25 | Batch 1150 | Loss: 0.2507 | LR: 2.27e-05
2026-04-23 10:57:10,999 INFO Epoch 25 | Batch 1200 | Loss: 0.5648 | LR: 2.24e-05
2026-04-23 10:57:29,110 INFO Epoch 25 | Train: 0.5657 | Dev CER: 0.0944 | Dev WER: 0.2805 | Time: 172s | Peak: 5.7 GB
2026-04-23 10:57:29,110 INFO   New best CER: 0.0944
2026-04-23 10:57:32,184 INFO Epoch 26 | Batch 0 | Loss: 0.4391 | LR: 2.21e-05
2026-04-23 10:57:38,367 INFO Epoch 26 | Batch 50 | Loss: 0.6922 | LR: 2.18e-05
2026-04-23 10:57:44,657 INFO Epoch 26 | Batch 100 | Loss: 0.4444 | LR: 2.15e-05
2026-04-23 10:57:50,965 INFO Epoch 26 | Batch 150 | Loss: 0.5100 | LR: 2.11e-05
2026-04-23 10:57:57,154 INFO Epoch 26 | Batch 200 | Loss: 0.3713 | LR: 2.08e-05
2026-04-23 10:58:03,210 INFO Epoch 26 | Batch 250 | Loss: 0.5368 | LR: 2.05e-05
2026-04-23 10:58:09,385 INFO Epoch 26 | Batch 300 | Loss: 0.4805 | LR: 2.02e-05
2026-04-23 10:58:15,689 INFO Epoch 26 | Batch 350 | Loss: 0.6101 | LR: 1.98e-05
2026-04-23 10:58:21,841 INFO Epoch 26 | Batch 400 | Loss: 0.6485 | LR: 1.95e-05
2026-04-23 10:58:28,066 INFO Epoch 26 | Batch 450 | Loss: 0.8243 | LR: 1.92e-05
2026-04-23 10:58:34,223 INFO Epoch 26 | Batch 500 | Loss: 0.3268 | LR: 1.89e-05
2026-04-23 10:58:40,394 INFO Epoch 26 | Batch 550 | Loss: 0.5912 | LR: 1.86e-05
2026-04-23 10:58:46,598 INFO Epoch 26 | Batch 600 | Loss: 0.4494 | LR: 1.83e-05
2026-04-23 10:58:52,743 INFO Epoch 26 | Batch 650 | Loss: 0.6229 | LR: 1.80e-05
2026-04-23 10:58:58,857 INFO Epoch 26 | Batch 700 | Loss: 0.6511 | LR: 1.77e-05
2026-04-23 10:59:05,011 INFO Epoch 26 | Batch 750 | Loss: 0.6103 | LR: 1.74e-05
2026-04-23 10:59:11,127 INFO Epoch 26 | Batch 800 | Loss: 0.5035 | LR: 1.71e-05
2026-04-23 10:59:17,321 INFO Epoch 26 | Batch 850 | Loss: 0.5219 | LR: 1.68e-05
2026-04-23 10:59:23,421 INFO Epoch 26 | Batch 900 | Loss: 0.3635 | LR: 1.65e-05
2026-04-23 10:59:29,522 INFO Epoch 26 | Batch 950 | Loss: 0.6218 | LR: 1.62e-05
2026-04-23 10:59:35,682 INFO Epoch 26 | Batch 1000 | Loss: 0.3605 | LR: 1.59e-05
2026-04-23 10:59:41,812 INFO Epoch 26 | Batch 1050 | Loss: 0.4068 | LR: 1.57e-05
2026-04-23 10:59:47,930 INFO Epoch 26 | Batch 1100 | Loss: 0.5613 | LR: 1.54e-05
2026-04-23 10:59:54,076 INFO Epoch 26 | Batch 1150 | Loss: 0.4562 | LR: 1.51e-05
2026-04-23 11:00:00,171 INFO Epoch 26 | Batch 1200 | Loss: 0.3857 | LR: 1.48e-05
2026-04-23 11:00:18,661 INFO Epoch 26 | Train: 0.5666 | Dev CER: 0.0941 | Dev WER: 0.2777 | Time: 169s | Peak: 5.7 GB
2026-04-23 11:00:18,661 INFO   New best CER: 0.0941
2026-04-23 11:00:21,767 INFO Epoch 27 | Batch 0 | Loss: 0.4712 | LR: 1.46e-05
2026-04-23 11:00:28,048 INFO Epoch 27 | Batch 50 | Loss: 0.5341 | LR: 1.44e-05
2026-04-23 11:00:34,263 INFO Epoch 27 | Batch 100 | Loss: 0.3745 | LR: 1.41e-05
2026-04-23 11:00:40,556 INFO Epoch 27 | Batch 150 | Loss: 0.7760 | LR: 1.38e-05
2026-04-23 11:00:46,796 INFO Epoch 27 | Batch 200 | Loss: 0.4575 | LR: 1.36e-05
2026-04-23 11:00:53,099 INFO Epoch 27 | Batch 250 | Loss: 0.5288 | LR: 1.33e-05
2026-04-23 11:00:59,236 INFO Epoch 27 | Batch 300 | Loss: 0.5417 | LR: 1.31e-05
2026-04-23 11:01:05,418 INFO Epoch 27 | Batch 350 | Loss: 0.7400 | LR: 1.28e-05
2026-04-23 11:01:11,592 INFO Epoch 27 | Batch 400 | Loss: 0.5000 | LR: 1.25e-05
2026-04-23 11:01:17,860 INFO Epoch 27 | Batch 450 | Loss: 0.6859 | LR: 1.23e-05
2026-04-23 11:01:24,106 INFO Epoch 27 | Batch 500 | Loss: 0.4032 | LR: 1.20e-05
2026-04-23 11:01:30,406 INFO Epoch 27 | Batch 550 | Loss: 0.7200 | LR: 1.18e-05
2026-04-23 11:01:36,684 INFO Epoch 27 | Batch 600 | Loss: 0.5604 | LR: 1.16e-05
2026-04-23 11:01:42,871 INFO Epoch 27 | Batch 650 | Loss: 0.5075 | LR: 1.13e-05
2026-04-23 11:01:49,290 INFO Epoch 27 | Batch 700 | Loss: 0.5985 | LR: 1.11e-05
2026-04-23 11:01:55,512 INFO Epoch 27 | Batch 750 | Loss: 0.5915 | LR: 1.09e-05
2026-04-23 11:02:01,704 INFO Epoch 27 | Batch 800 | Loss: 0.4928 | LR: 1.06e-05
2026-04-23 11:02:07,980 INFO Epoch 27 | Batch 850 | Loss: 0.5912 | LR: 1.04e-05
2026-04-23 11:02:14,242 INFO Epoch 27 | Batch 900 | Loss: 0.5723 | LR: 1.02e-05
2026-04-23 11:02:20,542 INFO Epoch 27 | Batch 950 | Loss: 0.7973 | LR: 9.95e-06
2026-04-23 11:02:26,786 INFO Epoch 27 | Batch 1000 | Loss: 0.4528 | LR: 9.72e-06
2026-04-23 11:02:33,055 INFO Epoch 27 | Batch 1050 | Loss: 0.3986 | LR: 9.51e-06
2026-04-23 11:02:39,305 INFO Epoch 27 | Batch 1100 | Loss: 0.2975 | LR: 9.29e-06
2026-04-23 11:02:45,590 INFO Epoch 27 | Batch 1150 | Loss: 0.4909 | LR: 9.08e-06
2026-04-23 11:02:51,915 INFO Epoch 27 | Batch 1200 | Loss: 0.5936 | LR: 8.87e-06
2026-04-23 11:03:06,925 INFO Epoch 27 | Train: 0.5621 | Dev CER: 0.0929 | Dev WER: 0.2738 | Time: 168s | Peak: 5.7 GB
2026-04-23 11:03:06,925 INFO   New best CER: 0.0929
2026-04-23 11:03:10,076 INFO Epoch 28 | Batch 0 | Loss: 0.4734 | LR: 8.72e-06
2026-04-23 11:03:16,353 INFO Epoch 28 | Batch 50 | Loss: 0.4535 | LR: 8.52e-06
2026-04-23 11:03:22,653 INFO Epoch 28 | Batch 100 | Loss: 0.5638 | LR: 8.31e-06
2026-04-23 11:03:28,978 INFO Epoch 28 | Batch 150 | Loss: 0.4507 | LR: 8.11e-06
2026-04-23 11:03:35,172 INFO Epoch 28 | Batch 200 | Loss: 0.5125 | LR: 7.92e-06
2026-04-23 11:03:41,419 INFO Epoch 28 | Batch 250 | Loss: 0.6059 | LR: 7.72e-06
2026-04-23 11:03:47,609 INFO Epoch 28 | Batch 300 | Loss: 0.5682 | LR: 7.53e-06
2026-04-23 11:03:53,869 INFO Epoch 28 | Batch 350 | Loss: 0.4848 | LR: 7.34e-06
2026-04-23 11:04:00,195 INFO Epoch 28 | Batch 400 | Loss: 0.4270 | LR: 7.16e-06
2026-04-23 11:04:06,554 INFO Epoch 28 | Batch 450 | Loss: 0.7630 | LR: 6.97e-06
2026-04-23 11:04:12,775 INFO Epoch 28 | Batch 500 | Loss: 0.5203 | LR: 6.79e-06
2026-04-23 11:04:19,014 INFO Epoch 28 | Batch 550 | Loss: 0.5911 | LR: 6.61e-06
2026-04-23 11:04:25,276 INFO Epoch 28 | Batch 600 | Loss: 0.7135 | LR: 6.44e-06
2026-04-23 11:04:31,514 INFO Epoch 28 | Batch 650 | Loss: 0.5484 | LR: 6.27e-06
2026-04-23 11:04:37,641 INFO Epoch 28 | Batch 700 | Loss: 0.5692 | LR: 6.10e-06
2026-04-23 11:04:43,803 INFO Epoch 28 | Batch 750 | Loss: 0.5068 | LR: 5.93e-06
2026-04-23 11:04:50,012 INFO Epoch 28 | Batch 800 | Loss: 0.6342 | LR: 5.76e-06
2026-04-23 11:04:56,149 INFO Epoch 28 | Batch 850 | Loss: 0.5964 | LR: 5.60e-06
2026-04-23 11:05:02,327 INFO Epoch 28 | Batch 900 | Loss: 0.4663 | LR: 5.44e-06
2026-04-23 11:05:08,514 INFO Epoch 28 | Batch 950 | Loss: 0.6342 | LR: 5.29e-06
2026-04-23 11:05:14,667 INFO Epoch 28 | Batch 1000 | Loss: 0.4157 | LR: 5.13e-06
2026-04-23 11:05:20,840 INFO Epoch 28 | Batch 1050 | Loss: 0.6366 | LR: 4.98e-06
2026-04-23 11:05:26,964 INFO Epoch 28 | Batch 1100 | Loss: 0.4728 | LR: 4.84e-06
2026-04-23 11:05:33,113 INFO Epoch 28 | Batch 1150 | Loss: 0.3768 | LR: 4.69e-06
2026-04-23 11:05:39,320 INFO Epoch 28 | Batch 1200 | Loss: 0.5123 | LR: 4.55e-06
2026-04-23 11:05:57,907 INFO Epoch 28 | Train: 0.5595 | Dev CER: 0.0932 | Dev WER: 0.2733 | Time: 170s | Peak: 5.7 GB
2026-04-23 11:06:01,278 INFO Epoch 29 | Batch 0 | Loss: 0.5313 | LR: 4.45e-06
2026-04-23 11:06:07,555 INFO Epoch 29 | Batch 50 | Loss: 0.6935 | LR: 4.31e-06
2026-04-23 11:06:13,652 INFO Epoch 29 | Batch 100 | Loss: 0.5892 | LR: 4.17e-06
2026-04-23 11:06:19,931 INFO Epoch 29 | Batch 150 | Loss: 0.4249 | LR: 4.04e-06
2026-04-23 11:06:26,211 INFO Epoch 29 | Batch 200 | Loss: 0.4847 | LR: 3.91e-06
2026-04-23 11:06:32,401 INFO Epoch 29 | Batch 250 | Loss: 0.6222 | LR: 3.79e-06
2026-04-23 11:06:38,537 INFO Epoch 29 | Batch 300 | Loss: 0.5156 | LR: 3.66e-06
2026-04-23 11:06:44,830 INFO Epoch 29 | Batch 350 | Loss: 0.6021 | LR: 3.54e-06
2026-04-23 11:06:51,065 INFO Epoch 29 | Batch 400 | Loss: 0.4288 | LR: 3.42e-06
2026-04-23 11:06:57,275 INFO Epoch 29 | Batch 450 | Loss: 0.4571 | LR: 3.31e-06
2026-04-23 11:07:03,405 INFO Epoch 29 | Batch 500 | Loss: 0.7569 | LR: 3.20e-06
2026-04-23 11:07:09,634 INFO Epoch 29 | Batch 550 | Loss: 0.3631 | LR: 3.09e-06
2026-04-23 11:07:15,910 INFO Epoch 29 | Batch 600 | Loss: 0.7281 | LR: 2.98e-06
2026-04-23 11:07:22,107 INFO Epoch 29 | Batch 650 | Loss: 0.6434 | LR: 2.88e-06
2026-04-23 11:07:28,368 INFO Epoch 29 | Batch 700 | Loss: 0.5461 | LR: 2.77e-06
2026-04-23 11:07:34,596 INFO Epoch 29 | Batch 750 | Loss: 0.2428 | LR: 2.68e-06
2026-04-23 11:07:40,886 INFO Epoch 29 | Batch 800 | Loss: 0.4745 | LR: 2.58e-06
2026-04-23 11:07:47,127 INFO Epoch 29 | Batch 850 | Loss: 0.4033 | LR: 2.49e-06
2026-04-23 11:07:53,362 INFO Epoch 29 | Batch 900 | Loss: 0.5347 | LR: 2.40e-06
2026-04-23 11:07:59,570 INFO Epoch 29 | Batch 950 | Loss: 0.5285 | LR: 2.31e-06
2026-04-23 11:08:06,077 INFO Epoch 29 | Batch 1000 | Loss: 0.6283 | LR: 2.22e-06
2026-04-23 11:08:12,382 INFO Epoch 29 | Batch 1050 | Loss: 0.5251 | LR: 2.14e-06
2026-04-23 11:08:18,609 INFO Epoch 29 | Batch 1100 | Loss: 0.4769 | LR: 2.06e-06
2026-04-23 11:08:24,887 INFO Epoch 29 | Batch 1150 | Loss: 0.5314 | LR: 1.99e-06
2026-04-23 11:08:31,122 INFO Epoch 29 | Batch 1200 | Loss: 0.3954 | LR: 1.91e-06
2026-04-23 11:08:48,701 INFO Epoch 29 | Train: 0.5544 | Dev CER: 0.0930 | Dev WER: 0.2735 | Time: 170s | Peak: 5.7 GB
2026-04-23 11:08:52,636 INFO Epoch 30 | Batch 0 | Loss: 0.6170 | LR: 1.86e-06
2026-04-23 11:08:58,881 INFO Epoch 30 | Batch 50 | Loss: 0.5508 | LR: 1.80e-06
2026-04-23 11:09:05,191 INFO Epoch 30 | Batch 100 | Loss: 0.4195 | LR: 1.73e-06
2026-04-23 11:09:11,575 INFO Epoch 30 | Batch 150 | Loss: 0.5059 | LR: 1.67e-06
2026-04-23 11:09:17,888 INFO Epoch 30 | Batch 200 | Loss: 0.3956 | LR: 1.61e-06
2026-04-23 11:09:24,122 INFO Epoch 30 | Batch 250 | Loss: 0.4635 | LR: 1.55e-06
2026-04-23 11:09:30,459 INFO Epoch 30 | Batch 300 | Loss: 0.3400 | LR: 1.50e-06
2026-04-23 11:09:36,721 INFO Epoch 30 | Batch 350 | Loss: 0.5135 | LR: 1.44e-06
2026-04-23 11:09:42,959 INFO Epoch 30 | Batch 400 | Loss: 0.5294 | LR: 1.39e-06
2026-04-23 11:09:49,253 INFO Epoch 30 | Batch 450 | Loss: 0.6734 | LR: 1.35e-06
2026-04-23 11:09:55,512 INFO Epoch 30 | Batch 500 | Loss: 0.4633 | LR: 1.31e-06
2026-04-23 11:10:01,797 INFO Epoch 30 | Batch 550 | Loss: 0.6522 | LR: 1.27e-06
2026-04-23 11:10:08,013 INFO Epoch 30 | Batch 600 | Loss: 0.5592 | LR: 1.23e-06
2026-04-23 11:10:14,236 INFO Epoch 30 | Batch 650 | Loss: 0.6824 | LR: 1.19e-06
2026-04-23 11:10:20,480 INFO Epoch 30 | Batch 700 | Loss: 0.6085 | LR: 1.16e-06
2026-04-23 11:10:26,721 INFO Epoch 30 | Batch 750 | Loss: 0.3495 | LR: 1.13e-06
2026-04-23 11:10:32,976 INFO Epoch 30 | Batch 800 | Loss: 0.4283 | LR: 1.11e-06
2026-04-23 11:10:39,211 INFO Epoch 30 | Batch 850 | Loss: 0.4933 | LR: 1.08e-06
2026-04-23 11:10:45,386 INFO Epoch 30 | Batch 900 | Loss: 0.4148 | LR: 1.06e-06
2026-04-23 11:10:51,697 INFO Epoch 30 | Batch 950 | Loss: 0.5537 | LR: 1.05e-06
2026-04-23 11:10:57,888 INFO Epoch 30 | Batch 1000 | Loss: 0.5213 | LR: 1.03e-06
2026-04-23 11:11:04,158 INFO Epoch 30 | Batch 1050 | Loss: 0.3338 | LR: 1.02e-06
2026-04-23 11:11:10,321 INFO Epoch 30 | Batch 1100 | Loss: 0.5779 | LR: 1.01e-06
2026-04-23 11:11:16,534 INFO Epoch 30 | Batch 1150 | Loss: 0.5270 | LR: 1.00e-06
2026-04-23 11:11:22,763 INFO Epoch 30 | Batch 1200 | Loss: 0.4595 | LR: 1.00e-06
2026-04-23 11:11:40,775 INFO Epoch 30 | Train: 0.5559 | Dev CER: 0.0929 | Dev WER: 0.2732 | Time: 172s | Peak: 5.7 GB
2026-04-23 11:11:40,775 INFO   New best CER: 0.0929
2026-04-23 11:11:55,633 INFO Done. Best dev CER: 0.0929 | Test CER: 0.0921
