2026-04-23 01:07:23,548 INFO Loading LibriSpeech split=train.100 from HuggingFace...
2026-04-23 01:07:23,769 INFO HTTP Request: HEAD https://huggingface.co/datasets/openslr/librispeech_asr/resolve/main/README.md "HTTP/1.1 307 Temporary Redirect"
2026-04-23 01:07:23,770 WARNING Warning: You are sending unauthenticated requests to the HF Hub. Please set a HF_TOKEN to enable higher rate limits and faster downloads.
2026-04-23 01:07:23,775 INFO HTTP Request: HEAD https://huggingface.co/api/resolve-cache/datasets/openslr/librispeech_asr/71cacbfb7e2354c4226d01e70d77d5fca3d04ba1/README.md "HTTP/1.1 200 OK"
2026-04-23 01:07:23,969 INFO HTTP Request: HEAD https://huggingface.co/datasets/openslr/librispeech_asr/resolve/71cacbfb7e2354c4226d01e70d77d5fca3d04ba1/librispeech_asr.py "HTTP/1.1 404 Not Found"
2026-04-23 01:07:24,551 INFO HTTP Request: HEAD https://s3.amazonaws.com/datasets.huggingface.co/datasets/datasets/openslr/librispeech_asr/openslr/librispeech_asr.py "HTTP/1.1 404 Not Found"
2026-04-23 01:07:24,866 INFO HTTP Request: GET https://huggingface.co/api/datasets/openslr/librispeech_asr/revision/71cacbfb7e2354c4226d01e70d77d5fca3d04ba1 "HTTP/1.1 200 OK"
2026-04-23 01:07:25,066 INFO HTTP Request: HEAD https://huggingface.co/datasets/openslr/librispeech_asr/resolve/71cacbfb7e2354c4226d01e70d77d5fca3d04ba1/.huggingface.yaml "HTTP/1.1 404 Not Found"
2026-04-23 01:07:25,297 INFO HTTP Request: GET https://datasets-server.huggingface.co/info?dataset=openslr/librispeech_asr "HTTP/1.1 200 OK"
2026-04-23 01:07:25,504 INFO HTTP Request: GET https://huggingface.co/api/datasets/openslr/librispeech_asr/tree/71cacbfb7e2354c4226d01e70d77d5fca3d04ba1/clean%2Ftest?recursive=true&expand=false "HTTP/1.1 200 OK"
2026-04-23 01:07:25,704 INFO HTTP Request: GET https://huggingface.co/api/datasets/openslr/librispeech_asr/tree/71cacbfb7e2354c4226d01e70d77d5fca3d04ba1/clean?recursive=false&expand=false "HTTP/1.1 200 OK"
2026-04-23 01:07:25,939 INFO HTTP Request: GET https://huggingface.co/api/datasets/openslr/librispeech_asr/tree/71cacbfb7e2354c4226d01e70d77d5fca3d04ba1/clean%2Ftrain.100?recursive=true&expand=false "HTTP/1.1 200 OK"
2026-04-23 01:07:26,157 INFO HTTP Request: GET https://huggingface.co/api/datasets/openslr/librispeech_asr/tree/71cacbfb7e2354c4226d01e70d77d5fca3d04ba1/clean%2Ftrain.360?recursive=true&expand=false "HTTP/1.1 200 OK"
2026-04-23 01:07:26,382 INFO HTTP Request: GET https://huggingface.co/api/datasets/openslr/librispeech_asr/tree/71cacbfb7e2354c4226d01e70d77d5fca3d04ba1/clean%2Fvalidation?recursive=true&expand=false "HTTP/1.1 200 OK"
2026-04-23 01:07:26,584 INFO HTTP Request: HEAD https://huggingface.co/datasets/openslr/librispeech_asr/resolve/71cacbfb7e2354c4226d01e70d77d5fca3d04ba1/dataset_infos.json "HTTP/1.1 404 Not Found"
2026-04-23 01:08:57,409 INFO Loaded 28538 utterances from train.100 (skipped 1 outside [0.5s, 20.0s])
2026-04-23 01:08:57,970 INFO Loading LibriSpeech split=validation from HuggingFace...
2026-04-23 01:08:58,186 INFO HTTP Request: HEAD https://huggingface.co/datasets/openslr/librispeech_asr/resolve/main/README.md "HTTP/1.1 307 Temporary Redirect"
2026-04-23 01:08:58,192 INFO HTTP Request: HEAD https://huggingface.co/api/resolve-cache/datasets/openslr/librispeech_asr/71cacbfb7e2354c4226d01e70d77d5fca3d04ba1/README.md "HTTP/1.1 200 OK"
2026-04-23 01:08:58,387 INFO HTTP Request: HEAD https://huggingface.co/datasets/openslr/librispeech_asr/resolve/71cacbfb7e2354c4226d01e70d77d5fca3d04ba1/librispeech_asr.py "HTTP/1.1 404 Not Found"
2026-04-23 01:08:58,995 INFO HTTP Request: HEAD https://s3.amazonaws.com/datasets.huggingface.co/datasets/datasets/openslr/librispeech_asr/openslr/librispeech_asr.py "HTTP/1.1 404 Not Found"
2026-04-23 01:08:59,214 INFO HTTP Request: HEAD https://huggingface.co/datasets/openslr/librispeech_asr/resolve/71cacbfb7e2354c4226d01e70d77d5fca3d04ba1/.huggingface.yaml "HTTP/1.1 404 Not Found"
2026-04-23 01:08:59,522 INFO HTTP Request: GET https://datasets-server.huggingface.co/info?dataset=openslr/librispeech_asr "HTTP/1.1 200 OK"
2026-04-23 01:08:59,744 INFO HTTP Request: HEAD https://huggingface.co/datasets/openslr/librispeech_asr/resolve/71cacbfb7e2354c4226d01e70d77d5fca3d04ba1/dataset_infos.json "HTTP/1.1 404 Not Found"
2026-04-23 01:09:04,839 INFO Loaded 2642 utterances from validation (skipped 61 outside [0.5s, 20.0s])
2026-04-23 01:09:04,840 INFO Loading LibriSpeech split=test from HuggingFace...
2026-04-23 01:09:05,057 INFO HTTP Request: HEAD https://huggingface.co/datasets/openslr/librispeech_asr/resolve/main/README.md "HTTP/1.1 307 Temporary Redirect"
2026-04-23 01:09:05,063 INFO HTTP Request: HEAD https://huggingface.co/api/resolve-cache/datasets/openslr/librispeech_asr/71cacbfb7e2354c4226d01e70d77d5fca3d04ba1/README.md "HTTP/1.1 200 OK"
2026-04-23 01:09:05,268 INFO HTTP Request: HEAD https://huggingface.co/datasets/openslr/librispeech_asr/resolve/71cacbfb7e2354c4226d01e70d77d5fca3d04ba1/librispeech_asr.py "HTTP/1.1 404 Not Found"
2026-04-23 01:09:05,851 INFO HTTP Request: HEAD https://s3.amazonaws.com/datasets.huggingface.co/datasets/datasets/openslr/librispeech_asr/openslr/librispeech_asr.py "HTTP/1.1 404 Not Found"
2026-04-23 01:09:06,071 INFO HTTP Request: HEAD https://huggingface.co/datasets/openslr/librispeech_asr/resolve/71cacbfb7e2354c4226d01e70d77d5fca3d04ba1/.huggingface.yaml "HTTP/1.1 404 Not Found"
2026-04-23 01:09:06,366 INFO HTTP Request: GET https://datasets-server.huggingface.co/info?dataset=openslr/librispeech_asr "HTTP/1.1 200 OK"
2026-04-23 01:09:06,603 INFO HTTP Request: HEAD https://huggingface.co/datasets/openslr/librispeech_asr/resolve/71cacbfb7e2354c4226d01e70d77d5fca3d04ba1/dataset_infos.json "HTTP/1.1 404 Not Found"
2026-04-23 01:09:11,516 INFO Loaded 2528 utterances from test (skipped 92 outside [0.5s, 20.0s])
2026-04-23 01:09:11,935 INFO Backbone: rwkv6_rse_convshift_multidil_symmetric_v2 | Params: 7.83M
2026-04-23 01:09:11,935 INFO   Frontend: 1.90M | Encoder: 5.92M | Head: 8.0K
2026-04-23 01:09:16,605 INFO Epoch 1 | Batch 0 | Loss: 4.2684 | LR: 3.00e-07
2026-04-23 01:09:25,560 INFO Epoch 1 | Batch 50 | Loss: 2.9626 | LR: 1.53e-05
2026-04-23 01:09:34,183 INFO Epoch 1 | Batch 100 | Loss: 2.9274 | LR: 3.03e-05
2026-04-23 01:09:43,284 INFO Epoch 1 | Batch 150 | Loss: 2.8756 | LR: 4.53e-05
2026-04-23 01:09:52,045 INFO Epoch 1 | Batch 200 | Loss: 2.8426 | LR: 6.03e-05
2026-04-23 01:10:00,817 INFO Epoch 1 | Batch 250 | Loss: 2.8534 | LR: 7.53e-05
2026-04-23 01:10:09,721 INFO Epoch 1 | Batch 300 | Loss: 2.8487 | LR: 9.03e-05
2026-04-23 01:10:18,663 INFO Epoch 1 | Batch 350 | Loss: 2.8531 | LR: 1.05e-04
2026-04-23 01:10:27,461 INFO Epoch 1 | Batch 400 | Loss: 2.8887 | LR: 1.20e-04
2026-04-23 01:10:36,223 INFO Epoch 1 | Batch 450 | Loss: 2.8037 | LR: 1.35e-04
2026-04-23 01:10:44,951 INFO Epoch 1 | Batch 500 | Loss: 2.7498 | LR: 1.50e-04
2026-04-23 01:10:53,849 INFO Epoch 1 | Batch 550 | Loss: 2.6720 | LR: 1.65e-04
2026-04-23 01:11:02,724 INFO Epoch 1 | Batch 600 | Loss: 2.7014 | LR: 1.80e-04
2026-04-23 01:11:11,478 INFO Epoch 1 | Batch 650 | Loss: 2.5054 | LR: 1.95e-04
2026-04-23 01:11:20,256 INFO Epoch 1 | Batch 700 | Loss: 2.5540 | LR: 2.10e-04
2026-04-23 01:11:28,971 INFO Epoch 1 | Batch 750 | Loss: 2.4716 | LR: 2.25e-04
2026-04-23 01:11:37,909 INFO Epoch 1 | Batch 800 | Loss: 2.6000 | LR: 2.40e-04
2026-04-23 01:11:46,727 INFO Epoch 1 | Batch 850 | Loss: 2.3346 | LR: 2.55e-04
2026-04-23 01:11:55,549 INFO Epoch 1 | Batch 900 | Loss: 2.4039 | LR: 2.70e-04
2026-04-23 01:12:04,438 INFO Epoch 1 | Batch 950 | Loss: 2.2603 | LR: 2.85e-04
2026-04-23 01:12:13,316 INFO Epoch 1 | Batch 1000 | Loss: 2.1039 | LR: 3.00e-04
2026-04-23 01:12:22,041 INFO Epoch 1 | Batch 1050 | Loss: 2.2004 | LR: 3.00e-04
2026-04-23 01:12:30,889 INFO Epoch 1 | Batch 1100 | Loss: 2.2369 | LR: 3.00e-04
2026-04-23 01:12:39,540 INFO Epoch 1 | Batch 1150 | Loss: 2.3526 | LR: 3.00e-04
2026-04-23 01:12:48,247 INFO Epoch 1 | Batch 1200 | Loss: 2.1896 | LR: 3.00e-04
2026-04-23 01:13:03,886 INFO Epoch 1 | Train: 2.6008 | Dev CER: 0.5278 | Dev WER: 0.9918 | Time: 231s | Peak: 21.7 GB
2026-04-23 01:13:03,886 INFO   New best CER: 0.5278
2026-04-23 01:13:07,364 INFO Epoch 2 | Batch 0 | Loss: 1.9857 | LR: 3.00e-04
2026-04-23 01:13:16,139 INFO Epoch 2 | Batch 50 | Loss: 2.2926 | LR: 3.00e-04
2026-04-23 01:13:24,823 INFO Epoch 2 | Batch 100 | Loss: 2.1890 | LR: 3.00e-04
2026-04-23 01:13:33,592 INFO Epoch 2 | Batch 150 | Loss: 2.0777 | LR: 3.00e-04
2026-04-23 01:13:42,452 INFO Epoch 2 | Batch 200 | Loss: 1.9380 | LR: 3.00e-04
2026-04-23 01:13:51,297 INFO Epoch 2 | Batch 250 | Loss: 1.6971 | LR: 3.00e-04
2026-04-23 01:13:59,998 INFO Epoch 2 | Batch 300 | Loss: 1.9117 | LR: 3.00e-04
2026-04-23 01:14:08,807 INFO Epoch 2 | Batch 350 | Loss: 1.8923 | LR: 3.00e-04
2026-04-23 01:14:17,551 INFO Epoch 2 | Batch 400 | Loss: 1.6796 | LR: 3.00e-04
2026-04-23 01:14:26,281 INFO Epoch 2 | Batch 450 | Loss: 1.7446 | LR: 3.00e-04
2026-04-23 01:14:35,085 INFO Epoch 2 | Batch 500 | Loss: 1.7518 | LR: 3.00e-04
2026-04-23 01:14:43,809 INFO Epoch 2 | Batch 550 | Loss: 1.9853 | LR: 3.00e-04
2026-04-23 01:14:52,516 INFO Epoch 2 | Batch 600 | Loss: 1.7910 | LR: 3.00e-04
2026-04-23 01:15:01,158 INFO Epoch 2 | Batch 650 | Loss: 1.9117 | LR: 3.00e-04
2026-04-23 01:15:09,922 INFO Epoch 2 | Batch 700 | Loss: 2.2153 | LR: 3.00e-04
2026-04-23 01:15:18,720 INFO Epoch 2 | Batch 750 | Loss: 1.7645 | LR: 2.99e-04
2026-04-23 01:15:27,492 INFO Epoch 2 | Batch 800 | Loss: 1.4915 | LR: 2.99e-04
2026-04-23 01:15:36,265 INFO Epoch 2 | Batch 850 | Loss: 1.8015 | LR: 2.99e-04
2026-04-23 01:15:45,024 INFO Epoch 2 | Batch 900 | Loss: 1.6692 | LR: 2.99e-04
2026-04-23 01:15:53,607 INFO Epoch 2 | Batch 950 | Loss: 1.5095 | LR: 2.99e-04
2026-04-23 01:16:02,278 INFO Epoch 2 | Batch 1000 | Loss: 2.2663 | LR: 2.99e-04
2026-04-23 01:16:11,037 INFO Epoch 2 | Batch 1050 | Loss: 1.7012 | LR: 2.99e-04
2026-04-23 01:16:19,823 INFO Epoch 2 | Batch 1100 | Loss: 1.6074 | LR: 2.99e-04
2026-04-23 01:16:28,570 INFO Epoch 2 | Batch 1150 | Loss: 1.4775 | LR: 2.99e-04
2026-04-23 01:16:37,409 INFO Epoch 2 | Batch 1200 | Loss: 1.5413 | LR: 2.99e-04
2026-04-23 01:16:53,169 INFO Epoch 2 | Train: 1.7871 | Dev CER: 0.3437 | Dev WER: 0.7870 | Time: 228s | Peak: 21.7 GB
2026-04-23 01:16:53,169 INFO   New best CER: 0.3437
2026-04-23 01:16:56,761 INFO Epoch 3 | Batch 0 | Loss: 1.4486 | LR: 2.99e-04
2026-04-23 01:17:05,548 INFO Epoch 3 | Batch 50 | Loss: 1.5059 | LR: 2.99e-04
2026-04-23 01:17:14,311 INFO Epoch 3 | Batch 100 | Loss: 1.4462 | LR: 2.99e-04
2026-04-23 01:17:23,026 INFO Epoch 3 | Batch 150 | Loss: 1.4180 | LR: 2.99e-04
2026-04-23 01:17:31,822 INFO Epoch 3 | Batch 200 | Loss: 1.5747 | LR: 2.98e-04
2026-04-23 01:17:40,605 INFO Epoch 3 | Batch 250 | Loss: 1.1823 | LR: 2.98e-04
2026-04-23 01:17:49,357 INFO Epoch 3 | Batch 300 | Loss: 1.6289 | LR: 2.98e-04
2026-04-23 01:17:58,229 INFO Epoch 3 | Batch 350 | Loss: 1.2318 | LR: 2.98e-04
2026-04-23 01:18:06,968 INFO Epoch 3 | Batch 400 | Loss: 1.2836 | LR: 2.98e-04
2026-04-23 01:18:15,654 INFO Epoch 3 | Batch 450 | Loss: 1.8181 | LR: 2.98e-04
2026-04-23 01:18:24,484 INFO Epoch 3 | Batch 500 | Loss: 1.3866 | LR: 2.98e-04
2026-04-23 01:18:33,133 INFO Epoch 3 | Batch 550 | Loss: 1.3518 | LR: 2.98e-04
2026-04-23 01:18:41,947 INFO Epoch 3 | Batch 600 | Loss: 1.6078 | LR: 2.98e-04
2026-04-23 01:18:50,787 INFO Epoch 3 | Batch 650 | Loss: 1.4630 | LR: 2.97e-04
2026-04-23 01:18:59,705 INFO Epoch 3 | Batch 700 | Loss: 1.5742 | LR: 2.97e-04
2026-04-23 01:19:08,534 INFO Epoch 3 | Batch 750 | Loss: 1.8542 | LR: 2.97e-04
2026-04-23 01:19:17,265 INFO Epoch 3 | Batch 800 | Loss: 1.5122 | LR: 2.97e-04
2026-04-23 01:19:25,960 INFO Epoch 3 | Batch 850 | Loss: 1.4807 | LR: 2.97e-04
2026-04-23 01:19:34,703 INFO Epoch 3 | Batch 900 | Loss: 1.6418 | LR: 2.97e-04
2026-04-23 01:19:43,490 INFO Epoch 3 | Batch 950 | Loss: 1.7027 | LR: 2.97e-04
2026-04-23 01:19:52,165 INFO Epoch 3 | Batch 1000 | Loss: 1.2779 | LR: 2.97e-04
2026-04-23 01:20:00,883 INFO Epoch 3 | Batch 1050 | Loss: 1.3292 | LR: 2.96e-04
2026-04-23 01:20:09,655 INFO Epoch 3 | Batch 1100 | Loss: 1.1944 | LR: 2.96e-04
2026-04-23 01:20:18,417 INFO Epoch 3 | Batch 1150 | Loss: 1.7409 | LR: 2.96e-04
2026-04-23 01:20:27,289 INFO Epoch 3 | Batch 1200 | Loss: 1.6016 | LR: 2.96e-04
2026-04-23 01:20:43,210 INFO Epoch 3 | Train: 1.4368 | Dev CER: 0.2765 | Dev WER: 0.6854 | Time: 229s | Peak: 21.7 GB
2026-04-23 01:20:43,211 INFO   New best CER: 0.2765
2026-04-23 01:20:46,552 INFO Epoch 4 | Batch 0 | Loss: 1.1653 | LR: 2.96e-04
2026-04-23 01:20:55,219 INFO Epoch 4 | Batch 50 | Loss: 1.5101 | LR: 2.96e-04
2026-04-23 01:21:04,054 INFO Epoch 4 | Batch 100 | Loss: 1.1867 | LR: 2.96e-04
2026-04-23 01:21:12,786 INFO Epoch 4 | Batch 150 | Loss: 1.7605 | LR: 2.95e-04
2026-04-23 01:21:21,651 INFO Epoch 4 | Batch 200 | Loss: 1.3994 | LR: 2.95e-04
2026-04-23 01:21:30,498 INFO Epoch 4 | Batch 250 | Loss: 1.2971 | LR: 2.95e-04
2026-04-23 01:21:39,338 INFO Epoch 4 | Batch 300 | Loss: 1.2647 | LR: 2.95e-04
2026-04-23 01:21:48,010 INFO Epoch 4 | Batch 350 | Loss: 1.7147 | LR: 2.95e-04
2026-04-23 01:21:56,922 INFO Epoch 4 | Batch 400 | Loss: 1.3636 | LR: 2.95e-04
2026-04-23 01:22:05,835 INFO Epoch 4 | Batch 450 | Loss: 1.2723 | LR: 2.94e-04
2026-04-23 01:22:14,538 INFO Epoch 4 | Batch 500 | Loss: 1.4678 | LR: 2.94e-04
2026-04-23 01:22:23,576 INFO Epoch 4 | Batch 550 | Loss: 1.0995 | LR: 2.94e-04
2026-04-23 01:22:32,289 INFO Epoch 4 | Batch 600 | Loss: 1.3672 | LR: 2.94e-04
2026-04-23 01:22:40,935 INFO Epoch 4 | Batch 650 | Loss: 1.2794 | LR: 2.94e-04
2026-04-23 01:22:49,731 INFO Epoch 4 | Batch 700 | Loss: 1.0685 | LR: 2.93e-04
2026-04-23 01:22:58,519 INFO Epoch 4 | Batch 750 | Loss: 1.2711 | LR: 2.93e-04
2026-04-23 01:23:07,311 INFO Epoch 4 | Batch 800 | Loss: 1.0872 | LR: 2.93e-04
2026-04-23 01:23:16,024 INFO Epoch 4 | Batch 850 | Loss: 1.5247 | LR: 2.93e-04
2026-04-23 01:23:24,837 INFO Epoch 4 | Batch 900 | Loss: 1.3045 | LR: 2.93e-04
2026-04-23 01:23:33,657 INFO Epoch 4 | Batch 950 | Loss: 1.2661 | LR: 2.92e-04
2026-04-23 01:23:42,296 INFO Epoch 4 | Batch 1000 | Loss: 1.1182 | LR: 2.92e-04
2026-04-23 01:23:51,065 INFO Epoch 4 | Batch 1050 | Loss: 1.3326 | LR: 2.92e-04
2026-04-23 01:23:59,826 INFO Epoch 4 | Batch 1100 | Loss: 1.1274 | LR: 2.92e-04
2026-04-23 01:24:08,748 INFO Epoch 4 | Batch 1150 | Loss: 1.4129 | LR: 2.92e-04
2026-04-23 01:24:17,536 INFO Epoch 4 | Batch 1200 | Loss: 1.5535 | LR: 2.91e-04
2026-04-23 01:24:33,554 INFO Epoch 4 | Train: 1.2623 | Dev CER: 0.2339 | Dev WER: 0.6097 | Time: 230s | Peak: 21.7 GB
2026-04-23 01:24:33,554 INFO   New best CER: 0.2339
2026-04-23 01:24:36,858 INFO Epoch 5 | Batch 0 | Loss: 0.9418 | LR: 2.91e-04
2026-04-23 01:24:45,651 INFO Epoch 5 | Batch 50 | Loss: 1.1062 | LR: 2.91e-04
2026-04-23 01:24:54,336 INFO Epoch 5 | Batch 100 | Loss: 1.2525 | LR: 2.91e-04
2026-04-23 01:25:03,033 INFO Epoch 5 | Batch 150 | Loss: 1.2120 | LR: 2.91e-04
2026-04-23 01:25:11,726 INFO Epoch 5 | Batch 200 | Loss: 0.9770 | LR: 2.90e-04
2026-04-23 01:25:20,396 INFO Epoch 5 | Batch 250 | Loss: 1.7984 | LR: 2.90e-04
2026-04-23 01:25:29,214 INFO Epoch 5 | Batch 300 | Loss: 0.9676 | LR: 2.90e-04
2026-04-23 01:25:37,968 INFO Epoch 5 | Batch 350 | Loss: 0.9670 | LR: 2.90e-04
2026-04-23 01:25:46,638 INFO Epoch 5 | Batch 400 | Loss: 0.8976 | LR: 2.89e-04
2026-04-23 01:25:55,475 INFO Epoch 5 | Batch 450 | Loss: 1.1941 | LR: 2.89e-04
2026-04-23 01:26:04,434 INFO Epoch 5 | Batch 500 | Loss: 1.1227 | LR: 2.89e-04
2026-04-23 01:26:13,375 INFO Epoch 5 | Batch 550 | Loss: 1.1751 | LR: 2.89e-04
2026-04-23 01:26:22,041 INFO Epoch 5 | Batch 600 | Loss: 1.2764 | LR: 2.88e-04
2026-04-23 01:26:30,855 INFO Epoch 5 | Batch 650 | Loss: 1.4520 | LR: 2.88e-04
2026-04-23 01:26:39,732 INFO Epoch 5 | Batch 700 | Loss: 1.1014 | LR: 2.88e-04
2026-04-23 01:26:48,472 INFO Epoch 5 | Batch 750 | Loss: 1.0055 | LR: 2.88e-04
2026-04-23 01:26:57,183 INFO Epoch 5 | Batch 800 | Loss: 0.9745 | LR: 2.87e-04
2026-04-23 01:27:05,819 INFO Epoch 5 | Batch 850 | Loss: 1.0930 | LR: 2.87e-04
2026-04-23 01:27:14,525 INFO Epoch 5 | Batch 900 | Loss: 1.1882 | LR: 2.87e-04
2026-04-23 01:27:23,282 INFO Epoch 5 | Batch 950 | Loss: 1.5061 | LR: 2.87e-04
2026-04-23 01:27:32,126 INFO Epoch 5 | Batch 1000 | Loss: 1.2963 | LR: 2.86e-04
2026-04-23 01:27:40,927 INFO Epoch 5 | Batch 1050 | Loss: 1.0758 | LR: 2.86e-04
2026-04-23 01:27:49,711 INFO Epoch 5 | Batch 1100 | Loss: 1.1569 | LR: 2.86e-04
2026-04-23 01:27:58,495 INFO Epoch 5 | Batch 1150 | Loss: 1.4551 | LR: 2.86e-04
2026-04-23 01:28:07,295 INFO Epoch 5 | Batch 1200 | Loss: 1.1544 | LR: 2.85e-04
2026-04-23 01:28:23,204 INFO Epoch 5 | Train: 1.1362 | Dev CER: 0.2074 | Dev WER: 0.5609 | Time: 229s | Peak: 21.7 GB
2026-04-23 01:28:23,204 INFO   New best CER: 0.2074
2026-04-23 01:28:26,859 INFO Epoch 6 | Batch 0 | Loss: 1.1005 | LR: 2.85e-04
2026-04-23 01:28:35,775 INFO Epoch 6 | Batch 50 | Loss: 1.6015 | LR: 2.85e-04
2026-04-23 01:28:44,459 INFO Epoch 6 | Batch 100 | Loss: 1.2870 | LR: 2.84e-04
2026-04-23 01:28:53,351 INFO Epoch 6 | Batch 150 | Loss: 1.1839 | LR: 2.84e-04
2026-04-23 01:29:02,147 INFO Epoch 6 | Batch 200 | Loss: 1.2260 | LR: 2.84e-04
2026-04-23 01:29:11,049 INFO Epoch 6 | Batch 250 | Loss: 0.8386 | LR: 2.84e-04
2026-04-23 01:29:19,841 INFO Epoch 6 | Batch 300 | Loss: 0.8646 | LR: 2.83e-04
2026-04-23 01:29:28,581 INFO Epoch 6 | Batch 350 | Loss: 0.9798 | LR: 2.83e-04
2026-04-23 01:29:37,314 INFO Epoch 6 | Batch 400 | Loss: 0.8801 | LR: 2.83e-04
2026-04-23 01:29:46,077 INFO Epoch 6 | Batch 450 | Loss: 1.7756 | LR: 2.82e-04
2026-04-23 01:29:54,809 INFO Epoch 6 | Batch 500 | Loss: 0.8927 | LR: 2.82e-04
2026-04-23 01:30:03,452 INFO Epoch 6 | Batch 550 | Loss: 0.9368 | LR: 2.82e-04
2026-04-23 01:30:12,276 INFO Epoch 6 | Batch 600 | Loss: 0.9902 | LR: 2.81e-04
2026-04-23 01:30:21,021 INFO Epoch 6 | Batch 650 | Loss: 1.2329 | LR: 2.81e-04
2026-04-23 01:30:29,826 INFO Epoch 6 | Batch 700 | Loss: 1.2892 | LR: 2.81e-04
2026-04-23 01:30:38,699 INFO Epoch 6 | Batch 750 | Loss: 1.1020 | LR: 2.81e-04
2026-04-23 01:30:47,423 INFO Epoch 6 | Batch 800 | Loss: 1.0068 | LR: 2.80e-04
2026-04-23 01:30:56,293 INFO Epoch 6 | Batch 850 | Loss: 1.0962 | LR: 2.80e-04
2026-04-23 01:31:05,043 INFO Epoch 6 | Batch 900 | Loss: 0.8273 | LR: 2.80e-04
2026-04-23 01:31:13,849 INFO Epoch 6 | Batch 950 | Loss: 1.4398 | LR: 2.79e-04
2026-04-23 01:31:22,562 INFO Epoch 6 | Batch 1000 | Loss: 0.9895 | LR: 2.79e-04
2026-04-23 01:31:31,338 INFO Epoch 6 | Batch 1050 | Loss: 1.2485 | LR: 2.79e-04
2026-04-23 01:31:40,178 INFO Epoch 6 | Batch 1100 | Loss: 1.2061 | LR: 2.78e-04
2026-04-23 01:31:49,035 INFO Epoch 6 | Batch 1150 | Loss: 0.9911 | LR: 2.78e-04
2026-04-23 01:31:57,799 INFO Epoch 6 | Batch 1200 | Loss: 0.9147 | LR: 2.78e-04
2026-04-23 01:32:13,652 INFO Epoch 6 | Train: 1.0480 | Dev CER: 0.1898 | Dev WER: 0.5215 | Time: 229s | Peak: 21.7 GB
2026-04-23 01:32:13,652 INFO   New best CER: 0.1898
2026-04-23 01:32:17,087 INFO Epoch 7 | Batch 0 | Loss: 1.1334 | LR: 2.77e-04
2026-04-23 01:32:25,906 INFO Epoch 7 | Batch 50 | Loss: 1.1894 | LR: 2.77e-04
2026-04-23 01:32:34,658 INFO Epoch 7 | Batch 100 | Loss: 0.8917 | LR: 2.77e-04
2026-04-23 01:32:43,482 INFO Epoch 7 | Batch 150 | Loss: 1.0699 | LR: 2.76e-04
2026-04-23 01:32:52,365 INFO Epoch 7 | Batch 200 | Loss: 0.8951 | LR: 2.76e-04
2026-04-23 01:33:01,095 INFO Epoch 7 | Batch 250 | Loss: 1.0509 | LR: 2.76e-04
2026-04-23 01:33:09,990 INFO Epoch 7 | Batch 300 | Loss: 0.9092 | LR: 2.75e-04
2026-04-23 01:33:18,766 INFO Epoch 7 | Batch 350 | Loss: 1.1606 | LR: 2.75e-04
2026-04-23 01:33:27,646 INFO Epoch 7 | Batch 400 | Loss: 0.8620 | LR: 2.74e-04
2026-04-23 01:33:36,413 INFO Epoch 7 | Batch 450 | Loss: 1.0987 | LR: 2.74e-04
2026-04-23 01:33:45,234 INFO Epoch 7 | Batch 500 | Loss: 1.1905 | LR: 2.74e-04
2026-04-23 01:33:53,975 INFO Epoch 7 | Batch 550 | Loss: 0.7975 | LR: 2.73e-04
2026-04-23 01:34:02,660 INFO Epoch 7 | Batch 600 | Loss: 0.9868 | LR: 2.73e-04
2026-04-23 01:34:11,449 INFO Epoch 7 | Batch 650 | Loss: 1.1380 | LR: 2.73e-04
2026-04-23 01:34:20,205 INFO Epoch 7 | Batch 700 | Loss: 1.0809 | LR: 2.72e-04
2026-04-23 01:34:28,989 INFO Epoch 7 | Batch 750 | Loss: 1.1447 | LR: 2.72e-04
2026-04-23 01:34:37,762 INFO Epoch 7 | Batch 800 | Loss: 1.3851 | LR: 2.71e-04
2026-04-23 01:34:46,605 INFO Epoch 7 | Batch 850 | Loss: 1.1912 | LR: 2.71e-04
2026-04-23 01:34:55,390 INFO Epoch 7 | Batch 900 | Loss: 0.9056 | LR: 2.71e-04
2026-04-23 01:35:04,240 INFO Epoch 7 | Batch 950 | Loss: 0.8780 | LR: 2.70e-04
2026-04-23 01:35:12,977 INFO Epoch 7 | Batch 1000 | Loss: 0.7745 | LR: 2.70e-04
2026-04-23 01:35:21,817 INFO Epoch 7 | Batch 1050 | Loss: 1.2292 | LR: 2.69e-04
2026-04-23 01:35:30,653 INFO Epoch 7 | Batch 1100 | Loss: 1.4463 | LR: 2.69e-04
2026-04-23 01:35:39,546 INFO Epoch 7 | Batch 1150 | Loss: 0.9017 | LR: 2.69e-04
2026-04-23 01:35:48,261 INFO Epoch 7 | Batch 1200 | Loss: 0.6693 | LR: 2.68e-04
2026-04-23 01:36:04,138 INFO Epoch 7 | Train: 0.9910 | Dev CER: 0.1752 | Dev WER: 0.4877 | Time: 230s | Peak: 21.7 GB
2026-04-23 01:36:04,138 INFO   New best CER: 0.1752
2026-04-23 01:36:07,617 INFO Epoch 8 | Batch 0 | Loss: 0.8519 | LR: 2.68e-04
2026-04-23 01:36:16,408 INFO Epoch 8 | Batch 50 | Loss: 1.0086 | LR: 2.68e-04
2026-04-23 01:36:25,176 INFO Epoch 8 | Batch 100 | Loss: 1.0116 | LR: 2.67e-04
2026-04-23 01:36:33,974 INFO Epoch 8 | Batch 150 | Loss: 1.1890 | LR: 2.67e-04
2026-04-23 01:36:42,652 INFO Epoch 8 | Batch 200 | Loss: 0.9576 | LR: 2.66e-04
2026-04-23 01:36:51,585 INFO Epoch 8 | Batch 250 | Loss: 1.1476 | LR: 2.66e-04
2026-04-23 01:37:00,270 INFO Epoch 8 | Batch 300 | Loss: 0.8434 | LR: 2.66e-04
2026-04-23 01:37:09,148 INFO Epoch 8 | Batch 350 | Loss: 1.1504 | LR: 2.65e-04
2026-04-23 01:37:17,863 INFO Epoch 8 | Batch 400 | Loss: 0.7377 | LR: 2.65e-04
2026-04-23 01:37:26,696 INFO Epoch 8 | Batch 450 | Loss: 1.0887 | LR: 2.64e-04
2026-04-23 01:37:35,313 INFO Epoch 8 | Batch 500 | Loss: 0.8882 | LR: 2.64e-04
2026-04-23 01:37:44,079 INFO Epoch 8 | Batch 550 | Loss: 0.9386 | LR: 2.63e-04
2026-04-23 01:37:52,920 INFO Epoch 8 | Batch 600 | Loss: 0.7472 | LR: 2.63e-04
2026-04-23 01:38:01,744 INFO Epoch 8 | Batch 650 | Loss: 0.8207 | LR: 2.63e-04
2026-04-23 01:38:10,467 INFO Epoch 8 | Batch 700 | Loss: 0.7700 | LR: 2.62e-04
2026-04-23 01:38:19,314 INFO Epoch 8 | Batch 750 | Loss: 0.7342 | LR: 2.62e-04
2026-04-23 01:38:28,138 INFO Epoch 8 | Batch 800 | Loss: 0.9370 | LR: 2.61e-04
2026-04-23 01:38:36,801 INFO Epoch 8 | Batch 850 | Loss: 0.6494 | LR: 2.61e-04
2026-04-23 01:38:45,632 INFO Epoch 8 | Batch 900 | Loss: 1.0773 | LR: 2.60e-04
2026-04-23 01:38:54,372 INFO Epoch 8 | Batch 950 | Loss: 1.0145 | LR: 2.60e-04
2026-04-23 01:39:03,287 INFO Epoch 8 | Batch 1000 | Loss: 0.7760 | LR: 2.60e-04
2026-04-23 01:39:12,157 INFO Epoch 8 | Batch 1050 | Loss: 0.7653 | LR: 2.59e-04
2026-04-23 01:39:20,976 INFO Epoch 8 | Batch 1100 | Loss: 0.8413 | LR: 2.59e-04
2026-04-23 01:39:29,789 INFO Epoch 8 | Batch 1150 | Loss: 0.7496 | LR: 2.58e-04
2026-04-23 01:39:38,636 INFO Epoch 8 | Batch 1200 | Loss: 0.7610 | LR: 2.58e-04
2026-04-23 01:39:54,478 INFO Epoch 8 | Train: 0.9314 | Dev CER: 0.1638 | Dev WER: 0.4600 | Time: 230s | Peak: 21.7 GB
2026-04-23 01:39:54,478 INFO   New best CER: 0.1638
2026-04-23 01:39:57,821 INFO Epoch 9 | Batch 0 | Loss: 0.8777 | LR: 2.57e-04
2026-04-23 01:40:06,655 INFO Epoch 9 | Batch 50 | Loss: 0.9262 | LR: 2.57e-04
2026-04-23 01:40:15,432 INFO Epoch 9 | Batch 100 | Loss: 0.7734 | LR: 2.56e-04
2026-04-23 01:40:24,157 INFO Epoch 9 | Batch 150 | Loss: 1.0157 | LR: 2.56e-04
2026-04-23 01:40:33,025 INFO Epoch 9 | Batch 200 | Loss: 0.8750 | LR: 2.56e-04
2026-04-23 01:40:41,887 INFO Epoch 9 | Batch 250 | Loss: 0.9417 | LR: 2.55e-04
2026-04-23 01:40:50,777 INFO Epoch 9 | Batch 300 | Loss: 0.8203 | LR: 2.55e-04
2026-04-23 01:40:59,599 INFO Epoch 9 | Batch 350 | Loss: 1.1115 | LR: 2.54e-04
2026-04-23 01:41:08,403 INFO Epoch 9 | Batch 400 | Loss: 0.7991 | LR: 2.54e-04
2026-04-23 01:41:17,181 INFO Epoch 9 | Batch 450 | Loss: 0.6875 | LR: 2.53e-04
2026-04-23 01:41:26,107 INFO Epoch 9 | Batch 500 | Loss: 0.7296 | LR: 2.53e-04
2026-04-23 01:41:35,000 INFO Epoch 9 | Batch 550 | Loss: 0.6522 | LR: 2.52e-04
2026-04-23 01:41:43,823 INFO Epoch 9 | Batch 600 | Loss: 0.7600 | LR: 2.52e-04
2026-04-23 01:41:52,495 INFO Epoch 9 | Batch 650 | Loss: 0.9741 | LR: 2.51e-04
2026-04-23 01:42:01,269 INFO Epoch 9 | Batch 700 | Loss: 0.6547 | LR: 2.51e-04
2026-04-23 01:42:10,090 INFO Epoch 9 | Batch 750 | Loss: 0.8387 | LR: 2.50e-04
2026-04-23 01:42:18,848 INFO Epoch 9 | Batch 800 | Loss: 0.9124 | LR: 2.50e-04
2026-04-23 01:42:27,716 INFO Epoch 9 | Batch 850 | Loss: 1.0406 | LR: 2.49e-04
2026-04-23 01:42:36,399 INFO Epoch 9 | Batch 900 | Loss: 1.0477 | LR: 2.49e-04
2026-04-23 01:42:45,016 INFO Epoch 9 | Batch 950 | Loss: 0.9084 | LR: 2.48e-04
2026-04-23 01:42:53,752 INFO Epoch 9 | Batch 1000 | Loss: 0.8186 | LR: 2.48e-04
2026-04-23 01:43:02,652 INFO Epoch 9 | Batch 1050 | Loss: 1.0417 | LR: 2.47e-04
2026-04-23 01:43:11,461 INFO Epoch 9 | Batch 1100 | Loss: 0.7039 | LR: 2.47e-04
2026-04-23 01:43:20,291 INFO Epoch 9 | Batch 1150 | Loss: 0.6889 | LR: 2.46e-04
2026-04-23 01:43:29,012 INFO Epoch 9 | Batch 1200 | Loss: 0.8598 | LR: 2.46e-04
2026-04-23 01:43:44,763 INFO Epoch 9 | Train: 0.8939 | Dev CER: 0.1538 | Dev WER: 0.4387 | Time: 230s | Peak: 21.7 GB
2026-04-23 01:43:44,763 INFO   New best CER: 0.1538
2026-04-23 01:43:48,072 INFO Epoch 10 | Batch 0 | Loss: 0.8278 | LR: 2.46e-04
2026-04-23 01:43:56,944 INFO Epoch 10 | Batch 50 | Loss: 0.8766 | LR: 2.45e-04
2026-04-23 01:44:05,583 INFO Epoch 10 | Batch 100 | Loss: 0.7828 | LR: 2.45e-04
2026-04-23 01:44:14,406 INFO Epoch 10 | Batch 150 | Loss: 0.8506 | LR: 2.44e-04
2026-04-23 01:44:23,212 INFO Epoch 10 | Batch 200 | Loss: 0.8240 | LR: 2.44e-04
2026-04-23 01:44:32,058 INFO Epoch 10 | Batch 250 | Loss: 0.6909 | LR: 2.43e-04
2026-04-23 01:44:40,809 INFO Epoch 10 | Batch 300 | Loss: 0.6533 | LR: 2.43e-04
2026-04-23 01:44:49,542 INFO Epoch 10 | Batch 350 | Loss: 0.6737 | LR: 2.42e-04
2026-04-23 01:44:58,365 INFO Epoch 10 | Batch 400 | Loss: 0.5482 | LR: 2.41e-04
2026-04-23 01:45:07,168 INFO Epoch 10 | Batch 450 | Loss: 0.9522 | LR: 2.41e-04
2026-04-23 01:45:16,063 INFO Epoch 10 | Batch 500 | Loss: 0.6802 | LR: 2.40e-04
2026-04-23 01:45:24,921 INFO Epoch 10 | Batch 550 | Loss: 0.7890 | LR: 2.40e-04
2026-04-23 01:45:33,776 INFO Epoch 10 | Batch 600 | Loss: 0.9677 | LR: 2.39e-04
2026-04-23 01:45:42,748 INFO Epoch 10 | Batch 650 | Loss: 0.8522 | LR: 2.39e-04
2026-04-23 01:45:51,443 INFO Epoch 10 | Batch 700 | Loss: 1.2999 | LR: 2.38e-04
2026-04-23 01:46:00,343 INFO Epoch 10 | Batch 750 | Loss: 0.5636 | LR: 2.38e-04
2026-04-23 01:46:09,059 INFO Epoch 10 | Batch 800 | Loss: 1.4152 | LR: 2.37e-04
2026-04-23 01:46:17,997 INFO Epoch 10 | Batch 850 | Loss: 0.6758 | LR: 2.37e-04
2026-04-23 01:46:26,827 INFO Epoch 10 | Batch 900 | Loss: 0.6246 | LR: 2.36e-04
2026-04-23 01:46:35,544 INFO Epoch 10 | Batch 950 | Loss: 0.7786 | LR: 2.36e-04
2026-04-23 01:46:44,272 INFO Epoch 10 | Batch 1000 | Loss: 0.6994 | LR: 2.35e-04
2026-04-23 01:46:53,075 INFO Epoch 10 | Batch 1050 | Loss: 0.6986 | LR: 2.35e-04
2026-04-23 01:47:01,956 INFO Epoch 10 | Batch 1100 | Loss: 0.6126 | LR: 2.34e-04
2026-04-23 01:47:10,607 INFO Epoch 10 | Batch 1150 | Loss: 0.7218 | LR: 2.34e-04
2026-04-23 01:47:19,425 INFO Epoch 10 | Batch 1200 | Loss: 0.7424 | LR: 2.33e-04
2026-04-23 01:47:35,161 INFO Epoch 10 | Train: 0.8487 | Dev CER: 0.1435 | Dev WER: 0.4163 | Time: 230s | Peak: 21.7 GB
2026-04-23 01:47:35,161 INFO   New best CER: 0.1435
2026-04-23 01:47:38,483 INFO Epoch 11 | Batch 0 | Loss: 0.8182 | LR: 2.33e-04
2026-04-23 01:47:47,313 INFO Epoch 11 | Batch 50 | Loss: 0.7970 | LR: 2.32e-04
2026-04-23 01:47:56,182 INFO Epoch 11 | Batch 100 | Loss: 0.5804 | LR: 2.32e-04
2026-04-23 01:48:04,893 INFO Epoch 11 | Batch 150 | Loss: 0.5678 | LR: 2.31e-04
2026-04-23 01:48:13,695 INFO Epoch 11 | Batch 200 | Loss: 1.0871 | LR: 2.30e-04
2026-04-23 01:48:22,590 INFO Epoch 11 | Batch 250 | Loss: 0.8724 | LR: 2.30e-04
2026-04-23 01:48:31,504 INFO Epoch 11 | Batch 300 | Loss: 0.9599 | LR: 2.29e-04
2026-04-23 01:48:40,387 INFO Epoch 11 | Batch 350 | Loss: 0.9281 | LR: 2.29e-04
2026-04-23 01:48:49,244 INFO Epoch 11 | Batch 400 | Loss: 0.5131 | LR: 2.28e-04
2026-04-23 01:48:57,990 INFO Epoch 11 | Batch 450 | Loss: 0.5385 | LR: 2.28e-04
2026-04-23 01:49:06,884 INFO Epoch 11 | Batch 500 | Loss: 0.7927 | LR: 2.27e-04
2026-04-23 01:49:15,478 INFO Epoch 11 | Batch 550 | Loss: 0.8406 | LR: 2.27e-04
2026-04-23 01:49:24,276 INFO Epoch 11 | Batch 600 | Loss: 0.7894 | LR: 2.26e-04
2026-04-23 01:49:33,170 INFO Epoch 11 | Batch 650 | Loss: 1.2133 | LR: 2.25e-04
2026-04-23 01:49:42,069 INFO Epoch 11 | Batch 700 | Loss: 0.7629 | LR: 2.25e-04
2026-04-23 01:49:50,853 INFO Epoch 11 | Batch 750 | Loss: 0.7764 | LR: 2.24e-04
2026-04-23 01:49:59,603 INFO Epoch 11 | Batch 800 | Loss: 0.9387 | LR: 2.24e-04
2026-04-23 01:50:08,459 INFO Epoch 11 | Batch 850 | Loss: 0.7614 | LR: 2.23e-04
2026-04-23 01:50:17,101 INFO Epoch 11 | Batch 900 | Loss: 0.6713 | LR: 2.23e-04
2026-04-23 01:50:25,911 INFO Epoch 11 | Batch 950 | Loss: 0.4766 | LR: 2.22e-04
2026-04-23 01:50:34,587 INFO Epoch 11 | Batch 1000 | Loss: 0.6568 | LR: 2.21e-04
2026-04-23 01:50:43,273 INFO Epoch 11 | Batch 1050 | Loss: 0.8092 | LR: 2.21e-04
2026-04-23 01:50:52,178 INFO Epoch 11 | Batch 1100 | Loss: 0.7591 | LR: 2.20e-04
2026-04-23 01:51:01,063 INFO Epoch 11 | Batch 1150 | Loss: 0.8857 | LR: 2.20e-04
2026-04-23 01:51:09,871 INFO Epoch 11 | Batch 1200 | Loss: 0.5944 | LR: 2.19e-04
2026-04-23 01:51:25,771 INFO Epoch 11 | Train: 0.8140 | Dev CER: 0.1369 | Dev WER: 0.3968 | Time: 230s | Peak: 21.7 GB
2026-04-23 01:51:25,771 INFO   New best CER: 0.1369
2026-04-23 01:51:28,963 INFO Epoch 12 | Batch 0 | Loss: 0.7182 | LR: 2.19e-04
2026-04-23 01:51:37,734 INFO Epoch 12 | Batch 50 | Loss: 1.7319 | LR: 2.18e-04
2026-04-23 01:51:46,424 INFO Epoch 12 | Batch 100 | Loss: 1.4381 | LR: 2.18e-04
2026-04-23 01:51:55,131 INFO Epoch 12 | Batch 150 | Loss: 0.7503 | LR: 2.17e-04
2026-04-23 01:52:04,058 INFO Epoch 12 | Batch 200 | Loss: 0.5605 | LR: 2.16e-04
2026-04-23 01:52:13,009 INFO Epoch 12 | Batch 250 | Loss: 0.7237 | LR: 2.16e-04
2026-04-23 01:52:21,869 INFO Epoch 12 | Batch 300 | Loss: 0.5449 | LR: 2.15e-04
2026-04-23 01:52:30,655 INFO Epoch 12 | Batch 350 | Loss: 0.9116 | LR: 2.15e-04
2026-04-23 01:52:39,524 INFO Epoch 12 | Batch 400 | Loss: 0.7982 | LR: 2.14e-04
2026-04-23 01:52:48,193 INFO Epoch 12 | Batch 450 | Loss: 0.7219 | LR: 2.13e-04
2026-04-23 01:52:56,963 INFO Epoch 12 | Batch 500 | Loss: 0.6627 | LR: 2.13e-04
2026-04-23 01:53:05,724 INFO Epoch 12 | Batch 550 | Loss: 1.0180 | LR: 2.12e-04
2026-04-23 01:53:14,465 INFO Epoch 12 | Batch 600 | Loss: 0.7153 | LR: 2.12e-04
2026-04-23 01:53:23,287 INFO Epoch 12 | Batch 650 | Loss: 0.8807 | LR: 2.11e-04
2026-04-23 01:53:31,982 INFO Epoch 12 | Batch 700 | Loss: 0.8101 | LR: 2.11e-04
2026-04-23 01:53:40,822 INFO Epoch 12 | Batch 750 | Loss: 0.4378 | LR: 2.10e-04
2026-04-23 01:53:49,577 INFO Epoch 12 | Batch 800 | Loss: 0.6549 | LR: 2.09e-04
2026-04-23 01:53:58,400 INFO Epoch 12 | Batch 850 | Loss: 0.7234 | LR: 2.09e-04
2026-04-23 01:54:07,363 INFO Epoch 12 | Batch 900 | Loss: 0.8200 | LR: 2.08e-04
2026-04-23 01:54:16,204 INFO Epoch 12 | Batch 950 | Loss: 0.9884 | LR: 2.08e-04
2026-04-23 01:54:25,052 INFO Epoch 12 | Batch 1000 | Loss: 0.9042 | LR: 2.07e-04
2026-04-23 01:54:33,757 INFO Epoch 12 | Batch 1050 | Loss: 0.7696 | LR: 2.06e-04
2026-04-23 01:54:42,536 INFO Epoch 12 | Batch 1100 | Loss: 0.7258 | LR: 2.06e-04
2026-04-23 01:54:51,322 INFO Epoch 12 | Batch 1150 | Loss: 0.7348 | LR: 2.05e-04
2026-04-23 01:55:00,112 INFO Epoch 12 | Batch 1200 | Loss: 0.9240 | LR: 2.04e-04
2026-04-23 01:55:15,948 INFO Epoch 12 | Train: 0.7933 | Dev CER: 0.1313 | Dev WER: 0.3811 | Time: 230s | Peak: 21.7 GB
2026-04-23 01:55:15,949 INFO   New best CER: 0.1313
2026-04-23 01:55:19,199 INFO Epoch 13 | Batch 0 | Loss: 0.8415 | LR: 2.04e-04
2026-04-23 01:55:28,028 INFO Epoch 13 | Batch 50 | Loss: 0.6085 | LR: 2.03e-04
2026-04-23 01:55:36,846 INFO Epoch 13 | Batch 100 | Loss: 0.6022 | LR: 2.03e-04
2026-04-23 01:55:45,729 INFO Epoch 13 | Batch 150 | Loss: 0.5560 | LR: 2.02e-04
2026-04-23 01:55:54,572 INFO Epoch 13 | Batch 200 | Loss: 0.6257 | LR: 2.02e-04
2026-04-23 01:56:03,396 INFO Epoch 13 | Batch 250 | Loss: 0.8305 | LR: 2.01e-04
2026-04-23 01:56:12,338 INFO Epoch 13 | Batch 300 | Loss: 0.6484 | LR: 2.00e-04
2026-04-23 01:56:21,081 INFO Epoch 13 | Batch 350 | Loss: 0.9142 | LR: 2.00e-04
2026-04-23 01:56:29,936 INFO Epoch 13 | Batch 400 | Loss: 0.7030 | LR: 1.99e-04
2026-04-23 01:56:38,789 INFO Epoch 13 | Batch 450 | Loss: 0.6534 | LR: 1.99e-04
2026-04-23 01:56:47,466 INFO Epoch 13 | Batch 500 | Loss: 0.5661 | LR: 1.98e-04
2026-04-23 01:56:56,319 INFO Epoch 13 | Batch 550 | Loss: 0.6234 | LR: 1.97e-04
2026-04-23 01:57:05,115 INFO Epoch 13 | Batch 600 | Loss: 0.6191 | LR: 1.97e-04
2026-04-23 01:57:13,927 INFO Epoch 13 | Batch 650 | Loss: 0.8382 | LR: 1.96e-04
2026-04-23 01:57:22,598 INFO Epoch 13 | Batch 700 | Loss: 0.8215 | LR: 1.95e-04
2026-04-23 01:57:31,340 INFO Epoch 13 | Batch 750 | Loss: 0.7772 | LR: 1.95e-04
2026-04-23 01:57:40,197 INFO Epoch 13 | Batch 800 | Loss: 0.5657 | LR: 1.94e-04
2026-04-23 01:57:48,956 INFO Epoch 13 | Batch 850 | Loss: 1.1521 | LR: 1.94e-04
2026-04-23 01:57:57,820 INFO Epoch 13 | Batch 900 | Loss: 0.8719 | LR: 1.93e-04
2026-04-23 01:58:06,500 INFO Epoch 13 | Batch 950 | Loss: 0.7396 | LR: 1.92e-04
2026-04-23 01:58:15,470 INFO Epoch 13 | Batch 1000 | Loss: 0.7112 | LR: 1.92e-04
2026-04-23 01:58:24,317 INFO Epoch 13 | Batch 1050 | Loss: 0.5915 | LR: 1.91e-04
2026-04-23 01:58:33,069 INFO Epoch 13 | Batch 1100 | Loss: 1.2891 | LR: 1.90e-04
2026-04-23 01:58:41,831 INFO Epoch 13 | Batch 1150 | Loss: 0.8566 | LR: 1.90e-04
2026-04-23 01:58:50,576 INFO Epoch 13 | Batch 1200 | Loss: 1.0798 | LR: 1.89e-04
2026-04-23 01:59:06,159 INFO Epoch 13 | Train: 0.7609 | Dev CER: 0.1273 | Dev WER: 0.3724 | Time: 230s | Peak: 21.7 GB
2026-04-23 01:59:06,159 INFO   New best CER: 0.1273
2026-04-23 01:59:09,655 INFO Epoch 14 | Batch 0 | Loss: 0.7767 | LR: 1.89e-04
2026-04-23 01:59:18,620 INFO Epoch 14 | Batch 50 | Loss: 0.9899 | LR: 1.88e-04
2026-04-23 01:59:27,459 INFO Epoch 14 | Batch 100 | Loss: 0.6643 | LR: 1.87e-04
2026-04-23 01:59:36,260 INFO Epoch 14 | Batch 150 | Loss: 0.6547 | LR: 1.87e-04
2026-04-23 01:59:44,939 INFO Epoch 14 | Batch 200 | Loss: 0.7031 | LR: 1.86e-04
2026-04-23 01:59:53,659 INFO Epoch 14 | Batch 250 | Loss: 0.8616 | LR: 1.86e-04
2026-04-23 02:00:02,476 INFO Epoch 14 | Batch 300 | Loss: 0.5874 | LR: 1.85e-04
2026-04-23 02:00:11,308 INFO Epoch 14 | Batch 350 | Loss: 0.8211 | LR: 1.84e-04
2026-04-23 02:00:20,297 INFO Epoch 14 | Batch 400 | Loss: 0.7182 | LR: 1.84e-04
2026-04-23 02:00:29,165 INFO Epoch 14 | Batch 450 | Loss: 0.8020 | LR: 1.83e-04
2026-04-23 02:00:37,891 INFO Epoch 14 | Batch 500 | Loss: 0.7427 | LR: 1.82e-04
2026-04-23 02:00:46,702 INFO Epoch 14 | Batch 550 | Loss: 0.7630 | LR: 1.82e-04
2026-04-23 02:00:55,557 INFO Epoch 14 | Batch 600 | Loss: 0.8820 | LR: 1.81e-04
2026-04-23 02:01:04,328 INFO Epoch 14 | Batch 650 | Loss: 0.6412 | LR: 1.81e-04
2026-04-23 02:01:13,040 INFO Epoch 14 | Batch 700 | Loss: 0.7976 | LR: 1.80e-04
2026-04-23 02:01:21,800 INFO Epoch 14 | Batch 750 | Loss: 0.5688 | LR: 1.79e-04
2026-04-23 02:01:30,532 INFO Epoch 14 | Batch 800 | Loss: 0.6912 | LR: 1.79e-04
2026-04-23 02:01:39,220 INFO Epoch 14 | Batch 850 | Loss: 0.6445 | LR: 1.78e-04
2026-04-23 02:01:48,071 INFO Epoch 14 | Batch 900 | Loss: 0.6858 | LR: 1.77e-04
2026-04-23 02:01:56,871 INFO Epoch 14 | Batch 950 | Loss: 0.7752 | LR: 1.77e-04
2026-04-23 02:02:05,593 INFO Epoch 14 | Batch 1000 | Loss: 0.6299 | LR: 1.76e-04
2026-04-23 02:02:14,466 INFO Epoch 14 | Batch 1050 | Loss: 0.7794 | LR: 1.75e-04
2026-04-23 02:02:23,300 INFO Epoch 14 | Batch 1100 | Loss: 0.6177 | LR: 1.75e-04
2026-04-23 02:02:31,954 INFO Epoch 14 | Batch 1150 | Loss: 0.7320 | LR: 1.74e-04
2026-04-23 02:02:40,641 INFO Epoch 14 | Batch 1200 | Loss: 0.7647 | LR: 1.73e-04
2026-04-23 02:02:56,550 INFO Epoch 14 | Train: 0.7462 | Dev CER: 0.1232 | Dev WER: 0.3599 | Time: 230s | Peak: 21.7 GB
2026-04-23 02:02:56,550 INFO   New best CER: 0.1232
2026-04-23 02:02:59,777 INFO Epoch 15 | Batch 0 | Loss: 0.6294 | LR: 1.73e-04
2026-04-23 02:03:08,553 INFO Epoch 15 | Batch 50 | Loss: 0.7107 | LR: 1.72e-04
2026-04-23 02:03:17,184 INFO Epoch 15 | Batch 100 | Loss: 0.5331 | LR: 1.72e-04
2026-04-23 02:03:25,856 INFO Epoch 15 | Batch 150 | Loss: 0.5902 | LR: 1.71e-04
2026-04-23 02:03:34,736 INFO Epoch 15 | Batch 200 | Loss: 0.8268 | LR: 1.70e-04
2026-04-23 02:03:43,584 INFO Epoch 15 | Batch 250 | Loss: 0.6244 | LR: 1.70e-04
2026-04-23 02:03:52,504 INFO Epoch 15 | Batch 300 | Loss: 0.7355 | LR: 1.69e-04
2026-04-23 02:04:01,397 INFO Epoch 15 | Batch 350 | Loss: 0.5926 | LR: 1.68e-04
2026-04-23 02:04:10,173 INFO Epoch 15 | Batch 400 | Loss: 0.6366 | LR: 1.68e-04
2026-04-23 02:04:18,977 INFO Epoch 15 | Batch 450 | Loss: 0.5004 | LR: 1.67e-04
2026-04-23 02:04:27,810 INFO Epoch 15 | Batch 500 | Loss: 0.8072 | LR: 1.67e-04
2026-04-23 02:04:36,641 INFO Epoch 15 | Batch 550 | Loss: 0.5646 | LR: 1.66e-04
2026-04-23 02:04:45,523 INFO Epoch 15 | Batch 600 | Loss: 0.5025 | LR: 1.65e-04
2026-04-23 02:04:54,340 INFO Epoch 15 | Batch 650 | Loss: 0.5339 | LR: 1.65e-04
2026-04-23 02:05:03,093 INFO Epoch 15 | Batch 700 | Loss: 0.6746 | LR: 1.64e-04
2026-04-23 02:05:11,828 INFO Epoch 15 | Batch 750 | Loss: 0.7182 | LR: 1.63e-04
2026-04-23 02:05:20,682 INFO Epoch 15 | Batch 800 | Loss: 0.7002 | LR: 1.63e-04
2026-04-23 02:05:29,466 INFO Epoch 15 | Batch 850 | Loss: 0.5546 | LR: 1.62e-04
2026-04-23 02:05:38,309 INFO Epoch 15 | Batch 900 | Loss: 0.8386 | LR: 1.61e-04
2026-04-23 02:05:47,196 INFO Epoch 15 | Batch 950 | Loss: 0.7602 | LR: 1.61e-04
2026-04-23 02:05:55,994 INFO Epoch 15 | Batch 1000 | Loss: 0.5840 | LR: 1.60e-04
2026-04-23 02:06:04,713 INFO Epoch 15 | Batch 1050 | Loss: 0.5380 | LR: 1.59e-04
2026-04-23 02:06:13,391 INFO Epoch 15 | Batch 1100 | Loss: 0.7239 | LR: 1.59e-04
2026-04-23 02:06:22,192 INFO Epoch 15 | Batch 1150 | Loss: 0.7668 | LR: 1.58e-04
2026-04-23 02:06:31,084 INFO Epoch 15 | Batch 1200 | Loss: 0.8590 | LR: 1.57e-04
2026-04-23 02:06:47,003 INFO Epoch 15 | Train: 0.7240 | Dev CER: 0.1191 | Dev WER: 0.3497 | Time: 230s | Peak: 21.7 GB
2026-04-23 02:06:47,003 INFO   New best CER: 0.1191
2026-04-23 02:06:50,253 INFO Epoch 16 | Batch 0 | Loss: 0.6603 | LR: 1.57e-04
2026-04-23 02:06:59,120 INFO Epoch 16 | Batch 50 | Loss: 0.6579 | LR: 1.56e-04
2026-04-23 02:07:07,876 INFO Epoch 16 | Batch 100 | Loss: 0.8518 | LR: 1.56e-04
2026-04-23 02:07:16,832 INFO Epoch 16 | Batch 150 | Loss: 0.5803 | LR: 1.55e-04
2026-04-23 02:07:25,614 INFO Epoch 16 | Batch 200 | Loss: 0.4773 | LR: 1.54e-04
2026-04-23 02:07:34,407 INFO Epoch 16 | Batch 250 | Loss: 0.7579 | LR: 1.54e-04
2026-04-23 02:07:43,372 INFO Epoch 16 | Batch 300 | Loss: 0.8206 | LR: 1.53e-04
2026-04-23 02:07:52,139 INFO Epoch 16 | Batch 350 | Loss: 0.6010 | LR: 1.52e-04
2026-04-23 02:08:01,096 INFO Epoch 16 | Batch 400 | Loss: 0.5583 | LR: 1.52e-04
2026-04-23 02:08:09,898 INFO Epoch 16 | Batch 450 | Loss: 0.6780 | LR: 1.51e-04
2026-04-23 02:08:18,647 INFO Epoch 16 | Batch 500 | Loss: 0.6634 | LR: 1.50e-04
2026-04-23 02:08:27,486 INFO Epoch 16 | Batch 550 | Loss: 0.5507 | LR: 1.50e-04
2026-04-23 02:08:36,241 INFO Epoch 16 | Batch 600 | Loss: 0.7678 | LR: 1.49e-04
2026-04-23 02:08:44,976 INFO Epoch 16 | Batch 650 | Loss: 0.6823 | LR: 1.49e-04
2026-04-23 02:08:53,819 INFO Epoch 16 | Batch 700 | Loss: 0.8794 | LR: 1.48e-04
2026-04-23 02:09:02,466 INFO Epoch 16 | Batch 750 | Loss: 0.7519 | LR: 1.47e-04
2026-04-23 02:09:11,170 INFO Epoch 16 | Batch 800 | Loss: 0.6263 | LR: 1.47e-04
2026-04-23 02:09:20,084 INFO Epoch 16 | Batch 850 | Loss: 0.5028 | LR: 1.46e-04
2026-04-23 02:09:28,882 INFO Epoch 16 | Batch 900 | Loss: 1.0064 | LR: 1.45e-04
2026-04-23 02:09:37,754 INFO Epoch 16 | Batch 950 | Loss: 0.5948 | LR: 1.45e-04
2026-04-23 02:09:46,540 INFO Epoch 16 | Batch 1000 | Loss: 0.6404 | LR: 1.44e-04
2026-04-23 02:09:55,258 INFO Epoch 16 | Batch 1050 | Loss: 0.5835 | LR: 1.43e-04
2026-04-23 02:10:04,116 INFO Epoch 16 | Batch 1100 | Loss: 0.6041 | LR: 1.43e-04
2026-04-23 02:10:12,893 INFO Epoch 16 | Batch 1150 | Loss: 0.6624 | LR: 1.42e-04
2026-04-23 02:10:21,597 INFO Epoch 16 | Batch 1200 | Loss: 0.5680 | LR: 1.41e-04
2026-04-23 02:10:37,663 INFO Epoch 16 | Train: 0.7069 | Dev CER: 0.1141 | Dev WER: 0.3395 | Time: 230s | Peak: 21.7 GB
2026-04-23 02:10:37,663 INFO   New best CER: 0.1141
2026-04-23 02:10:40,939 INFO Epoch 17 | Batch 0 | Loss: 0.5300 | LR: 1.41e-04
2026-04-23 02:10:49,657 INFO Epoch 17 | Batch 50 | Loss: 0.7780 | LR: 1.40e-04
2026-04-23 02:10:58,491 INFO Epoch 17 | Batch 100 | Loss: 0.6785 | LR: 1.40e-04
2026-04-23 02:11:07,221 INFO Epoch 17 | Batch 150 | Loss: 0.7459 | LR: 1.39e-04
2026-04-23 02:11:16,056 INFO Epoch 17 | Batch 200 | Loss: 0.6127 | LR: 1.38e-04
2026-04-23 02:11:24,855 INFO Epoch 17 | Batch 250 | Loss: 0.4998 | LR: 1.38e-04
2026-04-23 02:11:33,701 INFO Epoch 17 | Batch 300 | Loss: 0.6404 | LR: 1.37e-04
2026-04-23 02:11:42,399 INFO Epoch 17 | Batch 350 | Loss: 0.4867 | LR: 1.36e-04
2026-04-23 02:11:51,234 INFO Epoch 17 | Batch 400 | Loss: 0.6321 | LR: 1.36e-04
2026-04-23 02:11:59,944 INFO Epoch 17 | Batch 450 | Loss: 0.8240 | LR: 1.35e-04
2026-04-23 02:12:08,781 INFO Epoch 17 | Batch 500 | Loss: 0.7059 | LR: 1.34e-04
2026-04-23 02:12:17,581 INFO Epoch 17 | Batch 550 | Loss: 0.6375 | LR: 1.34e-04
2026-04-23 02:12:26,371 INFO Epoch 17 | Batch 600 | Loss: 0.5678 | LR: 1.33e-04
2026-04-23 02:12:35,198 INFO Epoch 17 | Batch 650 | Loss: 0.7181 | LR: 1.32e-04
2026-04-23 02:12:43,954 INFO Epoch 17 | Batch 700 | Loss: 0.5416 | LR: 1.32e-04
2026-04-23 02:12:52,676 INFO Epoch 17 | Batch 750 | Loss: 0.6369 | LR: 1.31e-04
2026-04-23 02:13:01,291 INFO Epoch 17 | Batch 800 | Loss: 0.5357 | LR: 1.31e-04
2026-04-23 02:13:10,208 INFO Epoch 17 | Batch 850 | Loss: 0.7476 | LR: 1.30e-04
2026-04-23 02:13:18,976 INFO Epoch 17 | Batch 900 | Loss: 0.4843 | LR: 1.29e-04
2026-04-23 02:13:27,917 INFO Epoch 17 | Batch 950 | Loss: 0.6654 | LR: 1.29e-04
2026-04-23 02:13:36,778 INFO Epoch 17 | Batch 1000 | Loss: 0.6937 | LR: 1.28e-04
2026-04-23 02:13:45,584 INFO Epoch 17 | Batch 1050 | Loss: 0.5431 | LR: 1.27e-04
2026-04-23 02:13:54,341 INFO Epoch 17 | Batch 1100 | Loss: 0.5859 | LR: 1.27e-04
2026-04-23 02:14:03,213 INFO Epoch 17 | Batch 1150 | Loss: 0.7643 | LR: 1.26e-04
2026-04-23 02:14:12,196 INFO Epoch 17 | Batch 1200 | Loss: 0.7097 | LR: 1.25e-04
2026-04-23 02:14:27,829 INFO Epoch 17 | Train: 0.6873 | Dev CER: 0.1122 | Dev WER: 0.3321 | Time: 229s | Peak: 21.7 GB
2026-04-23 02:14:27,829 INFO   New best CER: 0.1122
2026-04-23 02:14:31,219 INFO Epoch 18 | Batch 0 | Loss: 0.9245 | LR: 1.25e-04
2026-04-23 02:14:39,941 INFO Epoch 18 | Batch 50 | Loss: 0.5563 | LR: 1.24e-04
2026-04-23 02:14:48,801 INFO Epoch 18 | Batch 100 | Loss: 0.5707 | LR: 1.24e-04
2026-04-23 02:14:57,515 INFO Epoch 18 | Batch 150 | Loss: 0.7949 | LR: 1.23e-04
2026-04-23 02:15:06,305 INFO Epoch 18 | Batch 200 | Loss: 0.8982 | LR: 1.22e-04
2026-04-23 02:15:15,122 INFO Epoch 18 | Batch 250 | Loss: 0.5082 | LR: 1.22e-04
2026-04-23 02:15:23,991 INFO Epoch 18 | Batch 300 | Loss: 0.5696 | LR: 1.21e-04
2026-04-23 02:15:32,729 INFO Epoch 18 | Batch 350 | Loss: 0.4195 | LR: 1.20e-04
2026-04-23 02:15:41,552 INFO Epoch 18 | Batch 400 | Loss: 0.6389 | LR: 1.20e-04
2026-04-23 02:15:50,210 INFO Epoch 18 | Batch 450 | Loss: 0.5736 | LR: 1.19e-04
2026-04-23 02:15:58,974 INFO Epoch 18 | Batch 500 | Loss: 0.5589 | LR: 1.19e-04
2026-04-23 02:16:07,710 INFO Epoch 18 | Batch 550 | Loss: 0.4611 | LR: 1.18e-04
2026-04-23 02:16:16,514 INFO Epoch 18 | Batch 600 | Loss: 0.4062 | LR: 1.17e-04
2026-04-23 02:16:25,324 INFO Epoch 18 | Batch 650 | Loss: 1.0099 | LR: 1.17e-04
2026-04-23 02:16:34,053 INFO Epoch 18 | Batch 700 | Loss: 0.5088 | LR: 1.16e-04
2026-04-23 02:16:42,787 INFO Epoch 18 | Batch 750 | Loss: 0.6836 | LR: 1.15e-04
2026-04-23 02:16:51,685 INFO Epoch 18 | Batch 800 | Loss: 0.8914 | LR: 1.15e-04
2026-04-23 02:17:00,478 INFO Epoch 18 | Batch 850 | Loss: 0.7543 | LR: 1.14e-04
2026-04-23 02:17:09,235 INFO Epoch 18 | Batch 900 | Loss: 0.5551 | LR: 1.13e-04
2026-04-23 02:17:18,079 INFO Epoch 18 | Batch 950 | Loss: 0.6582 | LR: 1.13e-04
2026-04-23 02:17:26,876 INFO Epoch 18 | Batch 1000 | Loss: 0.7000 | LR: 1.12e-04
2026-04-23 02:17:35,650 INFO Epoch 18 | Batch 1050 | Loss: 0.6770 | LR: 1.12e-04
2026-04-23 02:17:44,388 INFO Epoch 18 | Batch 1100 | Loss: 0.8319 | LR: 1.11e-04
2026-04-23 02:17:53,242 INFO Epoch 18 | Batch 1150 | Loss: 1.1217 | LR: 1.10e-04
2026-04-23 02:18:01,992 INFO Epoch 18 | Batch 1200 | Loss: 0.5627 | LR: 1.10e-04
2026-04-23 02:18:17,987 INFO Epoch 18 | Train: 0.6678 | Dev CER: 0.1095 | Dev WER: 0.3200 | Time: 229s | Peak: 21.7 GB
2026-04-23 02:18:17,987 INFO   New best CER: 0.1095
2026-04-23 02:18:21,546 INFO Epoch 19 | Batch 0 | Loss: 0.8245 | LR: 1.09e-04
2026-04-23 02:18:30,400 INFO Epoch 19 | Batch 50 | Loss: 0.4289 | LR: 1.09e-04
2026-04-23 02:18:39,178 INFO Epoch 19 | Batch 100 | Loss: 0.5933 | LR: 1.08e-04
2026-04-23 02:18:47,993 INFO Epoch 19 | Batch 150 | Loss: 0.3704 | LR: 1.07e-04
2026-04-23 02:18:56,882 INFO Epoch 19 | Batch 200 | Loss: 0.5476 | LR: 1.07e-04
2026-04-23 02:19:05,813 INFO Epoch 19 | Batch 250 | Loss: 0.5918 | LR: 1.06e-04
2026-04-23 02:19:14,651 INFO Epoch 19 | Batch 300 | Loss: 0.6367 | LR: 1.06e-04
2026-04-23 02:19:23,422 INFO Epoch 19 | Batch 350 | Loss: 0.9871 | LR: 1.05e-04
2026-04-23 02:19:32,262 INFO Epoch 19 | Batch 400 | Loss: 0.6918 | LR: 1.04e-04
2026-04-23 02:19:40,909 INFO Epoch 19 | Batch 450 | Loss: 0.8244 | LR: 1.04e-04
2026-04-23 02:19:49,628 INFO Epoch 19 | Batch 500 | Loss: 0.9967 | LR: 1.03e-04
2026-04-23 02:19:58,436 INFO Epoch 19 | Batch 550 | Loss: 0.6069 | LR: 1.02e-04
2026-04-23 02:20:07,135 INFO Epoch 19 | Batch 600 | Loss: 0.5915 | LR: 1.02e-04
2026-04-23 02:20:15,902 INFO Epoch 19 | Batch 650 | Loss: 1.0197 | LR: 1.01e-04
2026-04-23 02:20:24,620 INFO Epoch 19 | Batch 700 | Loss: 0.6029 | LR: 1.01e-04
2026-04-23 02:20:33,470 INFO Epoch 19 | Batch 750 | Loss: 0.8474 | LR: 1.00e-04
2026-04-23 02:20:42,242 INFO Epoch 19 | Batch 800 | Loss: 0.5077 | LR: 9.94e-05
2026-04-23 02:20:50,924 INFO Epoch 19 | Batch 850 | Loss: 0.6739 | LR: 9.88e-05
2026-04-23 02:20:59,720 INFO Epoch 19 | Batch 900 | Loss: 0.6269 | LR: 9.81e-05
2026-04-23 02:21:08,476 INFO Epoch 19 | Batch 950 | Loss: 0.6237 | LR: 9.75e-05
2026-04-23 02:21:17,175 INFO Epoch 19 | Batch 1000 | Loss: 0.5717 | LR: 9.69e-05
2026-04-23 02:21:25,931 INFO Epoch 19 | Batch 1050 | Loss: 0.4923 | LR: 9.63e-05
2026-04-23 02:21:34,736 INFO Epoch 19 | Batch 1100 | Loss: 0.5711 | LR: 9.57e-05
2026-04-23 02:21:43,570 INFO Epoch 19 | Batch 1150 | Loss: 0.8460 | LR: 9.51e-05
2026-04-23 02:21:52,295 INFO Epoch 19 | Batch 1200 | Loss: 0.5257 | LR: 9.45e-05
2026-04-23 02:22:08,744 INFO Epoch 19 | Train: 0.6593 | Dev CER: 0.1083 | Dev WER: 0.3160 | Time: 230s | Peak: 21.7 GB
2026-04-23 02:22:08,744 INFO   New best CER: 0.1083
2026-04-23 02:22:12,424 INFO Epoch 20 | Batch 0 | Loss: 0.4716 | LR: 9.41e-05
2026-04-23 02:22:21,432 INFO Epoch 20 | Batch 50 | Loss: 0.5933 | LR: 9.35e-05
2026-04-23 02:22:30,450 INFO Epoch 20 | Batch 100 | Loss: 0.3356 | LR: 9.29e-05
2026-04-23 02:22:39,131 INFO Epoch 20 | Batch 150 | Loss: 0.6686 | LR: 9.23e-05
2026-04-23 02:22:48,122 INFO Epoch 20 | Batch 200 | Loss: 0.6315 | LR: 9.17e-05
2026-04-23 02:22:57,036 INFO Epoch 20 | Batch 250 | Loss: 0.7166 | LR: 9.11e-05
2026-04-23 02:23:05,828 INFO Epoch 20 | Batch 300 | Loss: 0.4195 | LR: 9.05e-05
2026-04-23 02:23:14,675 INFO Epoch 20 | Batch 350 | Loss: 0.7399 | LR: 8.99e-05
2026-04-23 02:23:23,331 INFO Epoch 20 | Batch 400 | Loss: 0.6964 | LR: 8.93e-05
2026-04-23 02:23:31,985 INFO Epoch 20 | Batch 450 | Loss: 0.6004 | LR: 8.87e-05
2026-04-23 02:23:40,640 INFO Epoch 20 | Batch 500 | Loss: 0.5914 | LR: 8.81e-05
2026-04-23 02:23:49,456 INFO Epoch 20 | Batch 550 | Loss: 0.4834 | LR: 8.75e-05
2026-04-23 02:23:58,193 INFO Epoch 20 | Batch 600 | Loss: 1.1570 | LR: 8.69e-05
2026-04-23 02:24:06,911 INFO Epoch 20 | Batch 650 | Loss: 0.5265 | LR: 8.63e-05
2026-04-23 02:24:15,702 INFO Epoch 20 | Batch 700 | Loss: 0.9702 | LR: 8.57e-05
2026-04-23 02:24:24,437 INFO Epoch 20 | Batch 750 | Loss: 0.5135 | LR: 8.52e-05
2026-04-23 02:24:33,244 INFO Epoch 20 | Batch 800 | Loss: 0.8157 | LR: 8.46e-05
2026-04-23 02:24:42,103 INFO Epoch 20 | Batch 850 | Loss: 0.6077 | LR: 8.40e-05
2026-04-23 02:24:50,968 INFO Epoch 20 | Batch 900 | Loss: 0.4697 | LR: 8.34e-05
2026-04-23 02:24:59,781 INFO Epoch 20 | Batch 950 | Loss: 0.5952 | LR: 8.28e-05
2026-04-23 02:25:08,669 INFO Epoch 20 | Batch 1000 | Loss: 0.8435 | LR: 8.22e-05
2026-04-23 02:25:17,412 INFO Epoch 20 | Batch 1050 | Loss: 0.6119 | LR: 8.17e-05
2026-04-23 02:25:26,206 INFO Epoch 20 | Batch 1100 | Loss: 0.9028 | LR: 8.11e-05
2026-04-23 02:25:35,004 INFO Epoch 20 | Batch 1150 | Loss: 0.8950 | LR: 8.05e-05
2026-04-23 02:25:43,825 INFO Epoch 20 | Batch 1200 | Loss: 0.3929 | LR: 7.99e-05
2026-04-23 02:25:59,827 INFO Epoch 20 | Train: 0.6515 | Dev CER: 0.1054 | Dev WER: 0.3107 | Time: 230s | Peak: 21.7 GB
2026-04-23 02:25:59,828 INFO   New best CER: 0.1054
2026-04-23 02:26:03,595 INFO Epoch 21 | Batch 0 | Loss: 0.6312 | LR: 7.95e-05
2026-04-23 02:26:12,307 INFO Epoch 21 | Batch 50 | Loss: 0.7685 | LR: 7.90e-05
2026-04-23 02:26:21,152 INFO Epoch 21 | Batch 100 | Loss: 0.7090 | LR: 7.84e-05
2026-04-23 02:26:29,859 INFO Epoch 21 | Batch 150 | Loss: 0.5448 | LR: 7.78e-05
2026-04-23 02:26:38,715 INFO Epoch 21 | Batch 200 | Loss: 0.4671 | LR: 7.72e-05
2026-04-23 02:26:47,553 INFO Epoch 21 | Batch 250 | Loss: 0.5764 | LR: 7.67e-05
2026-04-23 02:26:56,319 INFO Epoch 21 | Batch 300 | Loss: 0.5579 | LR: 7.61e-05
2026-04-23 02:27:05,212 INFO Epoch 21 | Batch 350 | Loss: 0.4822 | LR: 7.56e-05
2026-04-23 02:27:13,943 INFO Epoch 21 | Batch 400 | Loss: 0.5441 | LR: 7.50e-05
2026-04-23 02:27:22,608 INFO Epoch 21 | Batch 450 | Loss: 0.4945 | LR: 7.44e-05
2026-04-23 02:27:31,467 INFO Epoch 21 | Batch 500 | Loss: 0.7529 | LR: 7.39e-05
2026-04-23 02:27:40,244 INFO Epoch 21 | Batch 550 | Loss: 0.5720 | LR: 7.33e-05
2026-04-23 02:27:49,030 INFO Epoch 21 | Batch 600 | Loss: 0.4871 | LR: 7.28e-05
2026-04-23 02:27:57,821 INFO Epoch 21 | Batch 650 | Loss: 0.7194 | LR: 7.22e-05
2026-04-23 02:28:06,704 INFO Epoch 21 | Batch 700 | Loss: 0.8759 | LR: 7.16e-05
2026-04-23 02:28:15,553 INFO Epoch 21 | Batch 750 | Loss: 0.5157 | LR: 7.11e-05
2026-04-23 02:28:24,497 INFO Epoch 21 | Batch 800 | Loss: 0.8897 | LR: 7.05e-05
2026-04-23 02:28:33,325 INFO Epoch 21 | Batch 850 | Loss: 0.4589 | LR: 7.00e-05
2026-04-23 02:28:42,118 INFO Epoch 21 | Batch 900 | Loss: 0.9228 | LR: 6.94e-05
2026-04-23 02:28:50,945 INFO Epoch 21 | Batch 950 | Loss: 0.5124 | LR: 6.89e-05
2026-04-23 02:28:59,771 INFO Epoch 21 | Batch 1000 | Loss: 0.3765 | LR: 6.84e-05
2026-04-23 02:29:08,569 INFO Epoch 21 | Batch 1050 | Loss: 0.5768 | LR: 6.78e-05
2026-04-23 02:29:17,361 INFO Epoch 21 | Batch 1100 | Loss: 0.6179 | LR: 6.73e-05
2026-04-23 02:29:26,075 INFO Epoch 21 | Batch 1150 | Loss: 0.5705 | LR: 6.67e-05
2026-04-23 02:29:34,896 INFO Epoch 21 | Batch 1200 | Loss: 1.0070 | LR: 6.62e-05
2026-04-23 02:29:51,225 INFO Epoch 21 | Train: 0.6326 | Dev CER: 0.1043 | Dev WER: 0.3080 | Time: 230s | Peak: 21.7 GB
2026-04-23 02:29:51,225 INFO   New best CER: 0.1043
2026-04-23 02:29:55,020 INFO Epoch 22 | Batch 0 | Loss: 0.8696 | LR: 6.58e-05
2026-04-23 02:30:03,880 INFO Epoch 22 | Batch 50 | Loss: 0.4218 | LR: 6.53e-05
2026-04-23 02:30:12,661 INFO Epoch 22 | Batch 100 | Loss: 0.4674 | LR: 6.47e-05
2026-04-23 02:30:21,366 INFO Epoch 22 | Batch 150 | Loss: 0.9220 | LR: 6.42e-05
2026-04-23 02:30:30,258 INFO Epoch 22 | Batch 200 | Loss: 0.7232 | LR: 6.37e-05
2026-04-23 02:30:39,007 INFO Epoch 22 | Batch 250 | Loss: 0.4553 | LR: 6.31e-05
2026-04-23 02:30:47,729 INFO Epoch 22 | Batch 300 | Loss: 0.6271 | LR: 6.26e-05
2026-04-23 02:30:56,533 INFO Epoch 22 | Batch 350 | Loss: 0.7772 | LR: 6.21e-05
2026-04-23 02:31:05,300 INFO Epoch 22 | Batch 400 | Loss: 0.4975 | LR: 6.16e-05
2026-04-23 02:31:14,066 INFO Epoch 22 | Batch 450 | Loss: 0.4080 | LR: 6.10e-05
2026-04-23 02:31:22,986 INFO Epoch 22 | Batch 500 | Loss: 0.4099 | LR: 6.05e-05
2026-04-23 02:31:31,847 INFO Epoch 22 | Batch 550 | Loss: 0.5561 | LR: 6.00e-05
2026-04-23 02:31:40,581 INFO Epoch 22 | Batch 600 | Loss: 0.6460 | LR: 5.95e-05
2026-04-23 02:31:49,278 INFO Epoch 22 | Batch 650 | Loss: 0.6063 | LR: 5.90e-05
2026-04-23 02:31:58,160 INFO Epoch 22 | Batch 700 | Loss: 0.4355 | LR: 5.85e-05
2026-04-23 02:32:06,951 INFO Epoch 22 | Batch 750 | Loss: 0.6447 | LR: 5.79e-05
2026-04-23 02:32:15,578 INFO Epoch 22 | Batch 800 | Loss: 0.5947 | LR: 5.74e-05
2026-04-23 02:32:24,392 INFO Epoch 22 | Batch 850 | Loss: 0.5970 | LR: 5.69e-05
2026-04-23 02:32:33,141 INFO Epoch 22 | Batch 900 | Loss: 0.7704 | LR: 5.64e-05
2026-04-23 02:32:42,062 INFO Epoch 22 | Batch 950 | Loss: 0.7832 | LR: 5.59e-05
2026-04-23 02:32:50,912 INFO Epoch 22 | Batch 1000 | Loss: 0.4766 | LR: 5.54e-05
2026-04-23 02:32:59,714 INFO Epoch 22 | Batch 1050 | Loss: 0.5480 | LR: 5.49e-05
2026-04-23 02:33:08,456 INFO Epoch 22 | Batch 1100 | Loss: 0.6648 | LR: 5.44e-05
2026-04-23 02:33:17,183 INFO Epoch 22 | Batch 1150 | Loss: 0.5675 | LR: 5.39e-05
2026-04-23 02:33:25,958 INFO Epoch 22 | Batch 1200 | Loss: 0.8344 | LR: 5.34e-05
2026-04-23 02:33:42,217 INFO Epoch 22 | Train: 0.6252 | Dev CER: 0.1012 | Dev WER: 0.2993 | Time: 230s | Peak: 21.7 GB
2026-04-23 02:33:42,217 INFO   New best CER: 0.1012
2026-04-23 02:33:45,759 INFO Epoch 23 | Batch 0 | Loss: 0.6404 | LR: 5.31e-05
2026-04-23 02:33:54,749 INFO Epoch 23 | Batch 50 | Loss: 0.6677 | LR: 5.26e-05
2026-04-23 02:34:03,582 INFO Epoch 23 | Batch 100 | Loss: 0.4938 | LR: 5.21e-05
2026-04-23 02:34:12,464 INFO Epoch 23 | Batch 150 | Loss: 0.6649 | LR: 5.16e-05
2026-04-23 02:34:21,162 INFO Epoch 23 | Batch 200 | Loss: 0.4089 | LR: 5.11e-05
2026-04-23 02:34:30,114 INFO Epoch 23 | Batch 250 | Loss: 0.7507 | LR: 5.06e-05
2026-04-23 02:34:38,805 INFO Epoch 23 | Batch 300 | Loss: 0.5105 | LR: 5.01e-05
2026-04-23 02:34:47,559 INFO Epoch 23 | Batch 350 | Loss: 0.6494 | LR: 4.97e-05
2026-04-23 02:34:56,332 INFO Epoch 23 | Batch 400 | Loss: 0.7831 | LR: 4.92e-05
2026-04-23 02:35:05,056 INFO Epoch 23 | Batch 450 | Loss: 0.4537 | LR: 4.87e-05
2026-04-23 02:35:13,898 INFO Epoch 23 | Batch 500 | Loss: 0.7509 | LR: 4.82e-05
2026-04-23 02:35:22,610 INFO Epoch 23 | Batch 550 | Loss: 0.6701 | LR: 4.77e-05
2026-04-23 02:35:31,412 INFO Epoch 23 | Batch 600 | Loss: 0.5142 | LR: 4.73e-05
2026-04-23 02:35:40,170 INFO Epoch 23 | Batch 650 | Loss: 0.9308 | LR: 4.68e-05
2026-04-23 02:35:49,017 INFO Epoch 23 | Batch 700 | Loss: 0.7941 | LR: 4.63e-05
2026-04-23 02:35:57,749 INFO Epoch 23 | Batch 750 | Loss: 0.9845 | LR: 4.59e-05
2026-04-23 02:36:06,548 INFO Epoch 23 | Batch 800 | Loss: 0.4812 | LR: 4.54e-05
2026-04-23 02:36:15,400 INFO Epoch 23 | Batch 850 | Loss: 0.5817 | LR: 4.49e-05
2026-04-23 02:36:24,306 INFO Epoch 23 | Batch 900 | Loss: 0.4484 | LR: 4.45e-05
2026-04-23 02:36:33,036 INFO Epoch 23 | Batch 950 | Loss: 0.7182 | LR: 4.40e-05
2026-04-23 02:36:41,961 INFO Epoch 23 | Batch 1000 | Loss: 0.6788 | LR: 4.36e-05
2026-04-23 02:36:50,879 INFO Epoch 23 | Batch 1050 | Loss: 0.5216 | LR: 4.31e-05
2026-04-23 02:36:59,711 INFO Epoch 23 | Batch 1100 | Loss: 0.4954 | LR: 4.27e-05
2026-04-23 02:37:08,469 INFO Epoch 23 | Batch 1150 | Loss: 0.4944 | LR: 4.22e-05
2026-04-23 02:37:17,339 INFO Epoch 23 | Batch 1200 | Loss: 0.5845 | LR: 4.18e-05
2026-04-23 02:37:33,655 INFO Epoch 23 | Train: 0.6081 | Dev CER: 0.1005 | Dev WER: 0.2984 | Time: 231s | Peak: 21.7 GB
2026-04-23 02:37:33,655 INFO   New best CER: 0.1005
2026-04-23 02:37:37,024 INFO Epoch 24 | Batch 0 | Loss: 0.4408 | LR: 4.14e-05
2026-04-23 02:37:46,199 INFO Epoch 24 | Batch 50 | Loss: 0.5710 | LR: 4.10e-05
2026-04-23 02:37:54,902 INFO Epoch 24 | Batch 100 | Loss: 0.5924 | LR: 4.06e-05
2026-04-23 02:38:03,769 INFO Epoch 24 | Batch 150 | Loss: 0.5969 | LR: 4.01e-05
2026-04-23 02:38:12,472 INFO Epoch 24 | Batch 200 | Loss: 0.5179 | LR: 3.97e-05
2026-04-23 02:38:21,220 INFO Epoch 24 | Batch 250 | Loss: 0.4407 | LR: 3.92e-05
2026-04-23 02:38:29,999 INFO Epoch 24 | Batch 300 | Loss: 0.4778 | LR: 3.88e-05
2026-04-23 02:38:38,752 INFO Epoch 24 | Batch 350 | Loss: 0.4734 | LR: 3.84e-05
2026-04-23 02:38:47,613 INFO Epoch 24 | Batch 400 | Loss: 0.3847 | LR: 3.80e-05
2026-04-23 02:38:56,537 INFO Epoch 24 | Batch 450 | Loss: 0.5620 | LR: 3.75e-05
2026-04-23 02:39:05,479 INFO Epoch 24 | Batch 500 | Loss: 0.6719 | LR: 3.71e-05
2026-04-23 02:39:14,386 INFO Epoch 24 | Batch 550 | Loss: 0.4938 | LR: 3.67e-05
2026-04-23 02:39:23,256 INFO Epoch 24 | Batch 600 | Loss: 0.7530 | LR: 3.63e-05
2026-04-23 02:39:32,085 INFO Epoch 24 | Batch 650 | Loss: 0.6212 | LR: 3.58e-05
2026-04-23 02:39:40,916 INFO Epoch 24 | Batch 700 | Loss: 0.6748 | LR: 3.54e-05
2026-04-23 02:39:49,775 INFO Epoch 24 | Batch 750 | Loss: 0.9286 | LR: 3.50e-05
2026-04-23 02:39:58,625 INFO Epoch 24 | Batch 800 | Loss: 0.6541 | LR: 3.46e-05
2026-04-23 02:40:07,428 INFO Epoch 24 | Batch 850 | Loss: 0.5356 | LR: 3.42e-05
2026-04-23 02:40:16,288 INFO Epoch 24 | Batch 900 | Loss: 0.5984 | LR: 3.38e-05
2026-04-23 02:40:25,296 INFO Epoch 24 | Batch 950 | Loss: 1.0898 | LR: 3.34e-05
2026-04-23 02:40:34,183 INFO Epoch 24 | Batch 1000 | Loss: 0.7414 | LR: 3.30e-05
2026-04-23 02:40:43,130 INFO Epoch 24 | Batch 1050 | Loss: 0.4753 | LR: 3.26e-05
2026-04-23 02:40:51,974 INFO Epoch 24 | Batch 1100 | Loss: 0.3720 | LR: 3.22e-05
2026-04-23 02:41:00,655 INFO Epoch 24 | Batch 1150 | Loss: 0.6876 | LR: 3.18e-05
2026-04-23 02:41:09,489 INFO Epoch 24 | Batch 1200 | Loss: 0.6078 | LR: 3.14e-05
2026-04-23 02:41:26,051 INFO Epoch 24 | Train: 0.6000 | Dev CER: 0.0989 | Dev WER: 0.2942 | Time: 232s | Peak: 21.7 GB
2026-04-23 02:41:26,051 INFO   New best CER: 0.0989
2026-04-23 02:41:30,118 INFO Epoch 25 | Batch 0 | Loss: 0.4208 | LR: 3.11e-05
2026-04-23 02:41:38,919 INFO Epoch 25 | Batch 50 | Loss: 0.7809 | LR: 3.07e-05
2026-04-23 02:41:47,989 INFO Epoch 25 | Batch 100 | Loss: 0.5209 | LR: 3.03e-05
2026-04-23 02:41:56,848 INFO Epoch 25 | Batch 150 | Loss: 0.5713 | LR: 2.99e-05
2026-04-23 02:42:05,686 INFO Epoch 25 | Batch 200 | Loss: 0.5482 | LR: 2.95e-05
2026-04-23 02:42:14,398 INFO Epoch 25 | Batch 250 | Loss: 0.9918 | LR: 2.92e-05
2026-04-23 02:42:23,124 INFO Epoch 25 | Batch 300 | Loss: 0.5340 | LR: 2.88e-05
2026-04-23 02:42:31,833 INFO Epoch 25 | Batch 350 | Loss: 0.6154 | LR: 2.84e-05
2026-04-23 02:42:40,724 INFO Epoch 25 | Batch 400 | Loss: 0.4756 | LR: 2.80e-05
2026-04-23 02:42:49,438 INFO Epoch 25 | Batch 450 | Loss: 0.5773 | LR: 2.77e-05
2026-04-23 02:42:58,109 INFO Epoch 25 | Batch 500 | Loss: 0.6945 | LR: 2.73e-05
2026-04-23 02:43:06,880 INFO Epoch 25 | Batch 550 | Loss: 0.7259 | LR: 2.69e-05
2026-04-23 02:43:15,748 INFO Epoch 25 | Batch 600 | Loss: 0.6733 | LR: 2.66e-05
2026-04-23 02:43:24,606 INFO Epoch 25 | Batch 650 | Loss: 0.4565 | LR: 2.62e-05
2026-04-23 02:43:33,404 INFO Epoch 25 | Batch 700 | Loss: 0.5980 | LR: 2.58e-05
2026-04-23 02:43:42,270 INFO Epoch 25 | Batch 750 | Loss: 0.5730 | LR: 2.55e-05
2026-04-23 02:43:51,032 INFO Epoch 25 | Batch 800 | Loss: 0.5968 | LR: 2.51e-05
2026-04-23 02:43:59,742 INFO Epoch 25 | Batch 850 | Loss: 0.5731 | LR: 2.48e-05
2026-04-23 02:44:08,586 INFO Epoch 25 | Batch 900 | Loss: 0.6961 | LR: 2.44e-05
2026-04-23 02:44:17,532 INFO Epoch 25 | Batch 950 | Loss: 0.7995 | LR: 2.41e-05
2026-04-23 02:44:26,298 INFO Epoch 25 | Batch 1000 | Loss: 0.4558 | LR: 2.37e-05
2026-04-23 02:44:34,916 INFO Epoch 25 | Batch 1050 | Loss: 0.5176 | LR: 2.34e-05
2026-04-23 02:44:43,640 INFO Epoch 25 | Batch 1100 | Loss: 0.7904 | LR: 2.30e-05
2026-04-23 02:44:52,309 INFO Epoch 25 | Batch 1150 | Loss: 0.2641 | LR: 2.27e-05
2026-04-23 02:45:01,022 INFO Epoch 25 | Batch 1200 | Loss: 0.5914 | LR: 2.24e-05
2026-04-23 02:45:17,007 INFO Epoch 25 | Train: 0.5937 | Dev CER: 0.0986 | Dev WER: 0.2927 | Time: 230s | Peak: 21.7 GB
2026-04-23 02:45:17,007 INFO   New best CER: 0.0986
2026-04-23 02:45:20,946 INFO Epoch 26 | Batch 0 | Loss: 0.4534 | LR: 2.21e-05
2026-04-23 02:45:29,705 INFO Epoch 26 | Batch 50 | Loss: 0.7133 | LR: 2.18e-05
2026-04-23 02:45:38,447 INFO Epoch 26 | Batch 100 | Loss: 0.4674 | LR: 2.15e-05
2026-04-23 02:45:47,308 INFO Epoch 26 | Batch 150 | Loss: 0.5447 | LR: 2.11e-05
2026-04-23 02:45:56,031 INFO Epoch 26 | Batch 200 | Loss: 0.4135 | LR: 2.08e-05
2026-04-23 02:46:04,812 INFO Epoch 26 | Batch 250 | Loss: 0.5715 | LR: 2.05e-05
2026-04-23 02:46:13,564 INFO Epoch 26 | Batch 300 | Loss: 0.5056 | LR: 2.02e-05
2026-04-23 02:46:22,443 INFO Epoch 26 | Batch 350 | Loss: 0.6603 | LR: 1.98e-05
2026-04-23 02:46:31,153 INFO Epoch 26 | Batch 400 | Loss: 0.6559 | LR: 1.95e-05
2026-04-23 02:46:39,837 INFO Epoch 26 | Batch 450 | Loss: 0.8372 | LR: 1.92e-05
2026-04-23 02:46:48,523 INFO Epoch 26 | Batch 500 | Loss: 0.3452 | LR: 1.89e-05
2026-04-23 02:46:57,365 INFO Epoch 26 | Batch 550 | Loss: 0.6147 | LR: 1.86e-05
2026-04-23 02:47:06,056 INFO Epoch 26 | Batch 600 | Loss: 0.4880 | LR: 1.83e-05
2026-04-23 02:47:14,941 INFO Epoch 26 | Batch 650 | Loss: 0.6422 | LR: 1.80e-05
2026-04-23 02:47:23,793 INFO Epoch 26 | Batch 700 | Loss: 0.6740 | LR: 1.77e-05
2026-04-23 02:47:32,505 INFO Epoch 26 | Batch 750 | Loss: 0.6754 | LR: 1.74e-05
2026-04-23 02:47:41,299 INFO Epoch 26 | Batch 800 | Loss: 0.5137 | LR: 1.71e-05
2026-04-23 02:47:50,057 INFO Epoch 26 | Batch 850 | Loss: 0.5454 | LR: 1.68e-05
2026-04-23 02:47:58,880 INFO Epoch 26 | Batch 900 | Loss: 0.3947 | LR: 1.65e-05
2026-04-23 02:48:07,729 INFO Epoch 26 | Batch 950 | Loss: 0.6572 | LR: 1.62e-05
2026-04-23 02:48:16,526 INFO Epoch 26 | Batch 1000 | Loss: 0.3699 | LR: 1.59e-05
2026-04-23 02:48:25,236 INFO Epoch 26 | Batch 1050 | Loss: 0.4496 | LR: 1.57e-05
2026-04-23 02:48:34,066 INFO Epoch 26 | Batch 1100 | Loss: 0.5990 | LR: 1.54e-05
2026-04-23 02:48:43,036 INFO Epoch 26 | Batch 1150 | Loss: 0.4768 | LR: 1.51e-05
2026-04-23 02:48:51,836 INFO Epoch 26 | Batch 1200 | Loss: 0.4017 | LR: 1.48e-05
2026-04-23 02:49:08,056 INFO Epoch 26 | Train: 0.5947 | Dev CER: 0.0982 | Dev WER: 0.2925 | Time: 230s | Peak: 21.7 GB
2026-04-23 02:49:08,056 INFO   New best CER: 0.0982
2026-04-23 02:49:11,883 INFO Epoch 27 | Batch 0 | Loss: 0.5043 | LR: 1.46e-05
2026-04-23 02:49:20,577 INFO Epoch 27 | Batch 50 | Loss: 0.5550 | LR: 1.44e-05
2026-04-23 02:49:29,414 INFO Epoch 27 | Batch 100 | Loss: 0.3627 | LR: 1.41e-05
2026-04-23 02:49:38,287 INFO Epoch 27 | Batch 150 | Loss: 0.7871 | LR: 1.38e-05
2026-04-23 02:49:47,155 INFO Epoch 27 | Batch 200 | Loss: 0.5009 | LR: 1.36e-05
2026-04-23 02:49:55,924 INFO Epoch 27 | Batch 250 | Loss: 0.5702 | LR: 1.33e-05
2026-04-23 02:50:04,786 INFO Epoch 27 | Batch 300 | Loss: 0.5360 | LR: 1.31e-05
2026-04-23 02:50:13,628 INFO Epoch 27 | Batch 350 | Loss: 0.7893 | LR: 1.28e-05
2026-04-23 02:50:22,425 INFO Epoch 27 | Batch 400 | Loss: 0.5412 | LR: 1.25e-05
2026-04-23 02:50:31,187 INFO Epoch 27 | Batch 450 | Loss: 0.7447 | LR: 1.23e-05
2026-04-23 02:50:39,935 INFO Epoch 27 | Batch 500 | Loss: 0.4006 | LR: 1.20e-05
2026-04-23 02:50:48,728 INFO Epoch 27 | Batch 550 | Loss: 0.7398 | LR: 1.18e-05
2026-04-23 02:50:57,485 INFO Epoch 27 | Batch 600 | Loss: 0.6063 | LR: 1.16e-05
2026-04-23 02:51:06,266 INFO Epoch 27 | Batch 650 | Loss: 0.4912 | LR: 1.13e-05
2026-04-23 02:51:15,156 INFO Epoch 27 | Batch 700 | Loss: 0.6380 | LR: 1.11e-05
2026-04-23 02:51:24,035 INFO Epoch 27 | Batch 750 | Loss: 0.6481 | LR: 1.09e-05
2026-04-23 02:51:32,956 INFO Epoch 27 | Batch 800 | Loss: 0.5210 | LR: 1.06e-05
2026-04-23 02:51:41,815 INFO Epoch 27 | Batch 850 | Loss: 0.6899 | LR: 1.04e-05
2026-04-23 02:51:50,727 INFO Epoch 27 | Batch 900 | Loss: 0.5657 | LR: 1.02e-05
2026-04-23 02:51:59,600 INFO Epoch 27 | Batch 950 | Loss: 0.8177 | LR: 9.95e-06
2026-04-23 02:52:08,415 INFO Epoch 27 | Batch 1000 | Loss: 0.4825 | LR: 9.72e-06
2026-04-23 02:52:17,227 INFO Epoch 27 | Batch 1050 | Loss: 0.4283 | LR: 9.51e-06
2026-04-23 02:52:26,137 INFO Epoch 27 | Batch 1100 | Loss: 0.3206 | LR: 9.29e-06
2026-04-23 02:52:34,906 INFO Epoch 27 | Batch 1150 | Loss: 0.5048 | LR: 9.08e-06
2026-04-23 02:52:43,650 INFO Epoch 27 | Batch 1200 | Loss: 0.6074 | LR: 8.87e-06
2026-04-23 02:52:59,808 INFO Epoch 27 | Train: 0.5901 | Dev CER: 0.0977 | Dev WER: 0.2879 | Time: 231s | Peak: 21.7 GB
2026-04-23 02:52:59,808 INFO   New best CER: 0.0977
2026-04-23 02:53:03,634 INFO Epoch 28 | Batch 0 | Loss: 0.4948 | LR: 8.72e-06
2026-04-23 02:53:12,496 INFO Epoch 28 | Batch 50 | Loss: 0.4585 | LR: 8.52e-06
2026-04-23 02:53:21,200 INFO Epoch 28 | Batch 100 | Loss: 0.6170 | LR: 8.31e-06
2026-04-23 02:53:29,904 INFO Epoch 28 | Batch 150 | Loss: 0.4636 | LR: 8.11e-06
2026-04-23 02:53:38,781 INFO Epoch 28 | Batch 200 | Loss: 0.5531 | LR: 7.92e-06
2026-04-23 02:53:47,516 INFO Epoch 28 | Batch 250 | Loss: 0.6492 | LR: 7.72e-06
2026-04-23 02:53:56,300 INFO Epoch 28 | Batch 300 | Loss: 0.6122 | LR: 7.53e-06
2026-04-23 02:54:05,182 INFO Epoch 28 | Batch 350 | Loss: 0.4942 | LR: 7.34e-06
2026-04-23 02:54:13,977 INFO Epoch 28 | Batch 400 | Loss: 0.4497 | LR: 7.16e-06
2026-04-23 02:54:22,640 INFO Epoch 28 | Batch 450 | Loss: 0.7992 | LR: 6.97e-06
2026-04-23 02:54:31,339 INFO Epoch 28 | Batch 500 | Loss: 0.5494 | LR: 6.79e-06
2026-04-23 02:54:40,018 INFO Epoch 28 | Batch 550 | Loss: 0.6037 | LR: 6.61e-06
2026-04-23 02:54:48,820 INFO Epoch 28 | Batch 600 | Loss: 0.7180 | LR: 6.44e-06
2026-04-23 02:54:57,523 INFO Epoch 28 | Batch 650 | Loss: 0.5822 | LR: 6.27e-06
2026-04-23 02:55:06,345 INFO Epoch 28 | Batch 700 | Loss: 0.6196 | LR: 6.10e-06
2026-04-23 02:55:15,075 INFO Epoch 28 | Batch 750 | Loss: 0.5544 | LR: 5.93e-06
2026-04-23 02:55:23,646 INFO Epoch 28 | Batch 800 | Loss: 0.6779 | LR: 5.76e-06
2026-04-23 02:55:32,453 INFO Epoch 28 | Batch 850 | Loss: 0.6259 | LR: 5.60e-06
2026-04-23 02:55:41,317 INFO Epoch 28 | Batch 900 | Loss: 0.4685 | LR: 5.44e-06
2026-04-23 02:55:50,217 INFO Epoch 28 | Batch 950 | Loss: 0.6706 | LR: 5.29e-06
2026-04-23 02:55:59,015 INFO Epoch 28 | Batch 1000 | Loss: 0.4480 | LR: 5.13e-06
2026-04-23 02:56:07,890 INFO Epoch 28 | Batch 1050 | Loss: 0.6902 | LR: 4.98e-06
2026-04-23 02:56:16,636 INFO Epoch 28 | Batch 1100 | Loss: 0.4955 | LR: 4.84e-06
2026-04-23 02:56:25,548 INFO Epoch 28 | Batch 1150 | Loss: 0.4119 | LR: 4.69e-06
2026-04-23 02:56:34,423 INFO Epoch 28 | Batch 1200 | Loss: 0.5217 | LR: 4.55e-06
2026-04-23 02:56:50,512 INFO Epoch 28 | Train: 0.5874 | Dev CER: 0.0976 | Dev WER: 0.2884 | Time: 230s | Peak: 21.7 GB
2026-04-23 02:56:50,512 INFO   New best CER: 0.0976
2026-04-23 02:56:54,521 INFO Epoch 29 | Batch 0 | Loss: 0.5636 | LR: 4.45e-06
2026-04-23 02:57:03,146 INFO Epoch 29 | Batch 50 | Loss: 0.7286 | LR: 4.31e-06
2026-04-23 02:57:11,920 INFO Epoch 29 | Batch 100 | Loss: 0.6074 | LR: 4.17e-06
2026-04-23 02:57:20,722 INFO Epoch 29 | Batch 150 | Loss: 0.4615 | LR: 4.04e-06
2026-04-23 02:57:29,459 INFO Epoch 29 | Batch 200 | Loss: 0.5108 | LR: 3.91e-06
2026-04-23 02:57:38,189 INFO Epoch 29 | Batch 250 | Loss: 0.5760 | LR: 3.79e-06
2026-04-23 02:57:46,937 INFO Epoch 29 | Batch 300 | Loss: 0.5518 | LR: 3.66e-06
2026-04-23 02:57:55,638 INFO Epoch 29 | Batch 350 | Loss: 0.6100 | LR: 3.54e-06
2026-04-23 02:58:04,500 INFO Epoch 29 | Batch 400 | Loss: 0.4849 | LR: 3.42e-06
2026-04-23 02:58:13,234 INFO Epoch 29 | Batch 450 | Loss: 0.5174 | LR: 3.31e-06
2026-04-23 02:58:22,094 INFO Epoch 29 | Batch 500 | Loss: 0.7966 | LR: 3.20e-06
2026-04-23 02:58:30,768 INFO Epoch 29 | Batch 550 | Loss: 0.4261 | LR: 3.09e-06
2026-04-23 02:58:39,615 INFO Epoch 29 | Batch 600 | Loss: 0.7628 | LR: 2.98e-06
2026-04-23 02:58:48,447 INFO Epoch 29 | Batch 650 | Loss: 0.6503 | LR: 2.88e-06
2026-04-23 02:58:57,235 INFO Epoch 29 | Batch 700 | Loss: 0.5732 | LR: 2.77e-06
2026-04-23 02:59:06,170 INFO Epoch 29 | Batch 750 | Loss: 0.3081 | LR: 2.68e-06
2026-04-23 02:59:14,820 INFO Epoch 29 | Batch 800 | Loss: 0.5580 | LR: 2.58e-06
2026-04-23 02:59:23,607 INFO Epoch 29 | Batch 850 | Loss: 0.4116 | LR: 2.49e-06
2026-04-23 02:59:32,255 INFO Epoch 29 | Batch 900 | Loss: 0.5756 | LR: 2.40e-06
2026-04-23 02:59:41,162 INFO Epoch 29 | Batch 950 | Loss: 0.5547 | LR: 2.31e-06
2026-04-23 02:59:49,954 INFO Epoch 29 | Batch 1000 | Loss: 0.6583 | LR: 2.22e-06
2026-04-23 02:59:58,629 INFO Epoch 29 | Batch 1050 | Loss: 0.5486 | LR: 2.14e-06
2026-04-23 03:00:07,584 INFO Epoch 29 | Batch 1100 | Loss: 0.5087 | LR: 2.06e-06
2026-04-23 03:00:16,409 INFO Epoch 29 | Batch 1150 | Loss: 0.5616 | LR: 1.99e-06
2026-04-23 03:00:25,375 INFO Epoch 29 | Batch 1200 | Loss: 0.4438 | LR: 1.91e-06
2026-04-23 03:00:41,456 INFO Epoch 29 | Train: 0.5825 | Dev CER: 0.0973 | Dev WER: 0.2877 | Time: 230s | Peak: 21.7 GB
2026-04-23 03:00:41,456 INFO   New best CER: 0.0973
2026-04-23 03:00:45,418 INFO Epoch 30 | Batch 0 | Loss: 0.6633 | LR: 1.86e-06
2026-04-23 03:00:54,307 INFO Epoch 30 | Batch 50 | Loss: 0.5764 | LR: 1.80e-06
2026-04-23 03:01:03,033 INFO Epoch 30 | Batch 100 | Loss: 0.4630 | LR: 1.73e-06
2026-04-23 03:01:11,768 INFO Epoch 30 | Batch 150 | Loss: 0.5678 | LR: 1.67e-06
2026-04-23 03:01:20,603 INFO Epoch 30 | Batch 200 | Loss: 0.4016 | LR: 1.61e-06
2026-04-23 03:01:29,460 INFO Epoch 30 | Batch 250 | Loss: 0.4876 | LR: 1.55e-06
2026-04-23 03:01:38,147 INFO Epoch 30 | Batch 300 | Loss: 0.4049 | LR: 1.50e-06
2026-04-23 03:01:46,879 INFO Epoch 30 | Batch 350 | Loss: 0.5481 | LR: 1.44e-06
2026-04-23 03:01:55,613 INFO Epoch 30 | Batch 400 | Loss: 0.5539 | LR: 1.39e-06
2026-04-23 03:02:04,357 INFO Epoch 30 | Batch 450 | Loss: 0.6929 | LR: 1.35e-06
2026-04-23 03:02:13,176 INFO Epoch 30 | Batch 500 | Loss: 0.4648 | LR: 1.31e-06
2026-04-23 03:02:21,965 INFO Epoch 30 | Batch 550 | Loss: 0.6690 | LR: 1.27e-06
2026-04-23 03:02:30,863 INFO Epoch 30 | Batch 600 | Loss: 0.5765 | LR: 1.23e-06
2026-04-23 03:02:39,729 INFO Epoch 30 | Batch 650 | Loss: 0.6876 | LR: 1.19e-06
2026-04-23 03:02:48,566 INFO Epoch 30 | Batch 700 | Loss: 0.6047 | LR: 1.16e-06
2026-04-23 03:02:57,479 INFO Epoch 30 | Batch 750 | Loss: 0.3800 | LR: 1.13e-06
2026-04-23 03:03:06,411 INFO Epoch 30 | Batch 800 | Loss: 0.4149 | LR: 1.11e-06
2026-04-23 03:03:15,403 INFO Epoch 30 | Batch 850 | Loss: 0.5291 | LR: 1.08e-06
2026-04-23 03:03:24,247 INFO Epoch 30 | Batch 900 | Loss: 0.4304 | LR: 1.06e-06
2026-04-23 03:03:32,900 INFO Epoch 30 | Batch 950 | Loss: 0.5637 | LR: 1.05e-06
2026-04-23 03:03:41,734 INFO Epoch 30 | Batch 1000 | Loss: 0.5813 | LR: 1.03e-06
2026-04-23 03:03:50,330 INFO Epoch 30 | Batch 1050 | Loss: 0.3740 | LR: 1.02e-06
2026-04-23 03:03:59,288 INFO Epoch 30 | Batch 1100 | Loss: 0.6158 | LR: 1.01e-06
2026-04-23 03:04:07,954 INFO Epoch 30 | Batch 1150 | Loss: 0.5331 | LR: 1.00e-06
2026-04-23 03:04:16,714 INFO Epoch 30 | Batch 1200 | Loss: 0.4964 | LR: 1.00e-06
2026-04-23 03:04:33,153 INFO Epoch 30 | Train: 0.5848 | Dev CER: 0.0973 | Dev WER: 0.2874 | Time: 231s | Peak: 21.7 GB
2026-04-23 03:04:33,153 INFO   New best CER: 0.0973
2026-04-23 03:06:36,014 INFO Done. Best dev CER: 0.0973 | Test CER: 0.0961
