2026-04-28 10:47:42,318 INFO src.training.train backbone=mamba2_lucid_c params=9M seq_len=256 K=64 Q=64 batch=64
2026-04-28 10:47:56,052 INFO src.training.train step=100 epoch=1 loss=8.9322 grad=0.363 lr=3.00e-05
2026-04-28 10:48:08,612 INFO src.training.train step=200 epoch=1 loss=8.5268 grad=0.287 lr=6.00e-05
2026-04-28 10:48:21,323 INFO src.training.train step=300 epoch=1 loss=8.3615 grad=0.271 lr=9.00e-05
2026-04-28 10:48:33,886 INFO src.training.train step=400 epoch=1 loss=8.3349 grad=0.266 lr=1.20e-04
2026-04-28 10:48:46,520 INFO src.training.train step=500 epoch=1 loss=8.3279 grad=0.263 lr=1.50e-04
2026-04-28 10:48:59,141 INFO src.training.train step=600 epoch=1 loss=8.3310 grad=0.266 lr=1.80e-04
2026-04-28 10:49:11,759 INFO src.training.train step=700 epoch=1 loss=8.3227 grad=0.277 lr=2.10e-04
2026-04-28 10:49:24,341 INFO src.training.train step=800 epoch=2 loss=8.1514 grad=0.598 lr=2.40e-04
2026-04-28 10:49:37,000 INFO src.training.train step=900 epoch=2 loss=7.5853 grad=0.875 lr=2.70e-04
2026-04-28 10:49:49,620 INFO src.training.train step=1000 epoch=2 loss=6.9563 grad=1.425 lr=3.00e-04
2026-04-28 10:49:51,593 INFO src.training.train EVAL step=1000 loss=7.5687 per_query_acc=0.0021 per_seq_acc=0.0000
2026-04-28 10:50:04,232 INFO src.training.train step=1100 epoch=2 loss=6.3865 grad=1.022 lr=3.00e-04
2026-04-28 10:50:16,884 INFO src.training.train step=1200 epoch=2 loss=5.8041 grad=2.554 lr=3.00e-04
2026-04-28 10:50:29,484 INFO src.training.train step=1300 epoch=2 loss=5.2039 grad=3.401 lr=3.00e-04
2026-04-28 10:50:42,104 INFO src.training.train step=1400 epoch=2 loss=4.4470 grad=3.042 lr=3.00e-04
2026-04-28 10:50:54,848 INFO src.training.train step=1500 epoch=2 loss=3.7074 grad=3.298 lr=3.00e-04
2026-04-28 10:51:07,527 INFO src.training.train step=1600 epoch=3 loss=2.9457 grad=2.626 lr=3.00e-04
2026-04-28 10:51:20,187 INFO src.training.train step=1700 epoch=3 loss=2.2243 grad=4.997 lr=3.00e-04
2026-04-28 10:51:32,847 INFO src.training.train step=1800 epoch=3 loss=1.5114 grad=4.241 lr=2.99e-04
2026-04-28 10:51:45,462 INFO src.training.train step=1900 epoch=3 loss=0.9189 grad=2.797 lr=2.99e-04
2026-04-28 10:51:58,098 INFO src.training.train step=2000 epoch=3 loss=0.5211 grad=2.367 lr=2.99e-04
2026-04-28 10:52:00,067 INFO src.training.train EVAL step=2000 loss=0.6783 per_query_acc=0.8910 per_seq_acc=0.0010
2026-04-28 10:52:12,794 INFO src.training.train step=2100 epoch=3 loss=0.3009 grad=2.623 lr=2.99e-04
2026-04-28 10:52:25,487 INFO src.training.train step=2200 epoch=3 loss=0.1751 grad=1.493 lr=2.99e-04
2026-04-28 10:52:38,180 INFO src.training.train step=2300 epoch=3 loss=0.1126 grad=0.927 lr=2.99e-04
2026-04-28 10:52:50,818 INFO src.training.train step=2400 epoch=4 loss=0.0685 grad=0.685 lr=2.98e-04
2026-04-28 10:53:03,499 INFO src.training.train step=2500 epoch=4 loss=0.0432 grad=0.694 lr=2.98e-04
2026-04-28 10:53:16,100 INFO src.training.train step=2600 epoch=4 loss=0.0300 grad=0.459 lr=2.98e-04
2026-04-28 10:53:28,838 INFO src.training.train step=2700 epoch=4 loss=0.0255 grad=0.545 lr=2.97e-04
2026-04-28 10:53:41,503 INFO src.training.train step=2800 epoch=4 loss=0.0152 grad=0.296 lr=2.97e-04
2026-04-28 10:53:54,155 INFO src.training.train step=2900 epoch=4 loss=0.0139 grad=0.326 lr=2.97e-04
2026-04-28 10:54:06,754 INFO src.training.train step=3000 epoch=4 loss=0.0091 grad=0.216 lr=2.97e-04
2026-04-28 10:54:08,722 INFO src.training.train EVAL step=3000 loss=0.0016 per_query_acc=0.9999 per_seq_acc=0.9950
2026-04-28 10:54:08,722 INFO src.training.train EARLY STOP: per_seq_acc 0.9950 ≥ threshold 0.9900 at step 3000
2026-04-28 10:54:10,685 INFO src.training.train DONE: {
  "backbone": "mamba2_lucid_c",
  "seq_len": 256,
  "n_kv_pairs": 64,
  "n_queries": 64,
  "vocab_size": 8192,
  "n_parameters": 9559744,
  "steps_taken": 3000,
  "epochs_taken": 4,
  "early_stopped": true,
  "best_per_seq_acc": 0.995,
  "best_per_query_acc": 0.999921875,
  "best_step": 3000,
  "final_per_seq_acc": 0.995,
  "final_per_query_acc": 0.999921875,
  "final_loss": 0.0015949849585692088,
  "wall_sec": 387.9086825847626,
  "seed": 42
}
