2026-04-28 12:12:13,660 INFO src.training.train backbone=linear_attn_causal params=8M seq_len=256 K=64 Q=64 batch=64
2026-04-28 12:12:28,188 INFO src.training.train step=100 epoch=1 loss=8.9594 grad=0.342 lr=3.00e-05
2026-04-28 12:12:41,644 INFO src.training.train step=200 epoch=1 loss=8.5367 grad=0.279 lr=6.00e-05
2026-04-28 12:12:55,097 INFO src.training.train step=300 epoch=1 loss=8.3638 grad=0.267 lr=9.00e-05
2026-04-28 12:13:08,549 INFO src.training.train step=400 epoch=1 loss=8.3345 grad=0.261 lr=1.20e-04
2026-04-28 12:13:22,001 INFO src.training.train step=500 epoch=1 loss=8.3305 grad=0.260 lr=1.50e-04
2026-04-28 12:13:35,457 INFO src.training.train step=600 epoch=1 loss=8.3345 grad=0.261 lr=1.80e-04
2026-04-28 12:13:48,914 INFO src.training.train step=700 epoch=1 loss=8.3324 grad=0.258 lr=2.10e-04
2026-04-28 12:14:02,367 INFO src.training.train step=800 epoch=2 loss=8.3371 grad=0.255 lr=2.40e-04
2026-04-28 12:14:15,824 INFO src.training.train step=900 epoch=2 loss=8.3341 grad=0.254 lr=2.70e-04
2026-04-28 12:14:29,285 INFO src.training.train step=1000 epoch=2 loss=8.3381 grad=0.249 lr=3.00e-04
2026-04-28 12:14:31,544 INFO src.training.train EVAL step=1000 loss=8.3352 per_query_acc=0.0003 per_seq_acc=0.0000
2026-04-28 12:14:45,003 INFO src.training.train step=1100 epoch=2 loss=8.3377 grad=0.243 lr=3.00e-04
2026-04-28 12:14:58,463 INFO src.training.train step=1200 epoch=2 loss=8.3318 grad=0.245 lr=3.00e-04
2026-04-28 12:15:11,922 INFO src.training.train step=1300 epoch=2 loss=8.3326 grad=0.237 lr=3.00e-04
2026-04-28 12:15:25,388 INFO src.training.train step=1400 epoch=2 loss=8.3297 grad=0.231 lr=3.00e-04
2026-04-28 12:15:38,853 INFO src.training.train step=1500 epoch=2 loss=8.3318 grad=0.231 lr=3.00e-04
2026-04-28 12:15:52,312 INFO src.training.train step=1600 epoch=3 loss=8.3242 grad=0.225 lr=3.00e-04
2026-04-28 12:16:05,770 INFO src.training.train step=1700 epoch=3 loss=8.3154 grad=0.221 lr=3.00e-04
2026-04-28 12:16:19,234 INFO src.training.train step=1800 epoch=3 loss=8.3046 grad=0.228 lr=2.99e-04
2026-04-28 12:16:32,698 INFO src.training.train step=1900 epoch=3 loss=8.2860 grad=0.246 lr=2.99e-04
2026-04-28 12:16:46,162 INFO src.training.train step=2000 epoch=3 loss=8.2458 grad=0.249 lr=2.99e-04
2026-04-28 12:16:48,408 INFO src.training.train EVAL step=2000 loss=8.2706 per_query_acc=0.0046 per_seq_acc=0.0000
2026-04-28 12:17:01,872 INFO src.training.train step=2100 epoch=3 loss=8.2203 grad=0.281 lr=2.99e-04
2026-04-28 12:17:15,336 INFO src.training.train step=2200 epoch=3 loss=8.1802 grad=0.280 lr=2.99e-04
2026-04-28 12:17:28,798 INFO src.training.train step=2300 epoch=3 loss=8.1329 grad=0.300 lr=2.99e-04
2026-04-28 12:17:42,260 INFO src.training.train step=2400 epoch=4 loss=8.1020 grad=0.298 lr=2.98e-04
2026-04-28 12:17:55,725 INFO src.training.train step=2500 epoch=4 loss=8.0657 grad=0.313 lr=2.98e-04
2026-04-28 12:18:09,188 INFO src.training.train step=2600 epoch=4 loss=8.0411 grad=0.313 lr=2.98e-04
2026-04-28 12:18:22,651 INFO src.training.train step=2700 epoch=4 loss=8.0090 grad=0.317 lr=2.97e-04
2026-04-28 12:18:36,115 INFO src.training.train step=2800 epoch=4 loss=7.9775 grad=0.322 lr=2.97e-04
2026-04-28 12:18:49,579 INFO src.training.train step=2900 epoch=4 loss=7.9513 grad=0.337 lr=2.97e-04
2026-04-28 12:19:03,043 INFO src.training.train step=3000 epoch=4 loss=7.9408 grad=0.337 lr=2.97e-04
2026-04-28 12:19:05,288 INFO src.training.train EVAL step=3000 loss=7.9890 per_query_acc=0.0060 per_seq_acc=0.0000
2026-04-28 12:19:18,754 INFO src.training.train step=3100 epoch=4 loss=7.9259 grad=0.337 lr=2.96e-04
2026-04-28 12:19:32,220 INFO src.training.train step=3200 epoch=5 loss=7.9072 grad=0.351 lr=2.96e-04
2026-04-28 12:19:45,691 INFO src.training.train step=3300 epoch=5 loss=7.8703 grad=0.352 lr=2.95e-04
2026-04-28 12:19:59,161 INFO src.training.train step=3400 epoch=5 loss=7.8488 grad=0.373 lr=2.95e-04
2026-04-28 12:20:12,632 INFO src.training.train step=3500 epoch=5 loss=7.8190 grad=0.358 lr=2.95e-04
2026-04-28 12:20:26,106 INFO src.training.train step=3600 epoch=5 loss=7.8076 grad=0.363 lr=2.94e-04
2026-04-28 12:20:39,583 INFO src.training.train step=3700 epoch=5 loss=7.7688 grad=0.365 lr=2.94e-04
2026-04-28 12:20:53,065 INFO src.training.train step=3800 epoch=5 loss=7.7632 grad=0.373 lr=2.93e-04
2026-04-28 12:21:06,539 INFO src.training.train step=3900 epoch=5 loss=7.7168 grad=0.376 lr=2.93e-04
2026-04-28 12:21:20,033 INFO src.training.train step=4000 epoch=6 loss=7.7219 grad=0.384 lr=2.92e-04
2026-04-28 12:21:22,284 INFO src.training.train EVAL step=4000 loss=7.8403 per_query_acc=0.0065 per_seq_acc=0.0000
2026-04-28 12:21:35,764 INFO src.training.train step=4100 epoch=6 loss=7.6717 grad=0.385 lr=2.92e-04
2026-04-28 12:21:49,242 INFO src.training.train step=4200 epoch=6 loss=7.6603 grad=0.397 lr=2.91e-04
2026-04-28 12:22:02,719 INFO src.training.train step=4300 epoch=6 loss=7.6564 grad=0.410 lr=2.91e-04
2026-04-28 12:22:16,204 INFO src.training.train step=4400 epoch=6 loss=7.6015 grad=0.407 lr=2.90e-04
2026-04-28 12:22:29,683 INFO src.training.train step=4500 epoch=6 loss=7.6032 grad=0.408 lr=2.89e-04
2026-04-28 12:22:43,157 INFO src.training.train step=4600 epoch=6 loss=7.5950 grad=0.417 lr=2.89e-04
2026-04-28 12:22:56,628 INFO src.training.train step=4700 epoch=7 loss=7.5727 grad=0.414 lr=2.88e-04
2026-04-28 12:23:10,100 INFO src.training.train step=4800 epoch=7 loss=7.5301 grad=0.421 lr=2.88e-04
2026-04-28 12:23:23,566 INFO src.training.train step=4900 epoch=7 loss=7.4990 grad=0.436 lr=2.87e-04
2026-04-28 12:23:37,038 INFO src.training.train step=5000 epoch=7 loss=7.4881 grad=0.438 lr=2.86e-04
2026-04-28 12:23:39,287 INFO src.training.train EVAL step=5000 loss=7.7345 per_query_acc=0.0071 per_seq_acc=0.0000
2026-04-28 12:23:52,761 INFO src.training.train step=5100 epoch=7 loss=7.4686 grad=0.443 lr=2.85e-04
2026-04-28 12:24:06,236 INFO src.training.train step=5200 epoch=7 loss=7.4984 grad=0.454 lr=2.85e-04
2026-04-28 12:24:19,712 INFO src.training.train step=5300 epoch=7 loss=7.4591 grad=0.446 lr=2.84e-04
2026-04-28 12:24:33,182 INFO src.training.train step=5400 epoch=7 loss=7.4499 grad=0.452 lr=2.83e-04
2026-04-28 12:24:46,653 INFO src.training.train step=5500 epoch=8 loss=7.4302 grad=0.460 lr=2.83e-04
2026-04-28 12:25:00,124 INFO src.training.train step=5600 epoch=8 loss=7.3860 grad=0.461 lr=2.82e-04
2026-04-28 12:25:13,596 INFO src.training.train step=5700 epoch=8 loss=7.3709 grad=0.467 lr=2.81e-04
2026-04-28 12:25:27,060 INFO src.training.train step=5800 epoch=8 loss=7.4025 grad=0.481 lr=2.80e-04
2026-04-28 12:25:40,526 INFO src.training.train step=5900 epoch=8 loss=7.3284 grad=0.487 lr=2.79e-04
2026-04-28 12:25:53,994 INFO src.training.train step=6000 epoch=8 loss=7.3373 grad=0.487 lr=2.79e-04
2026-04-28 12:25:56,242 INFO src.training.train EVAL step=6000 loss=7.6468 per_query_acc=0.0079 per_seq_acc=0.0000
2026-04-28 12:26:09,711 INFO src.training.train step=6100 epoch=8 loss=7.3168 grad=0.490 lr=2.78e-04
2026-04-28 12:26:23,178 INFO src.training.train step=6200 epoch=8 loss=7.3139 grad=0.494 lr=2.77e-04
2026-04-28 12:26:36,645 INFO src.training.train step=6300 epoch=9 loss=7.2842 grad=0.500 lr=2.76e-04
2026-04-28 12:26:50,113 INFO src.training.train step=6400 epoch=9 loss=7.2701 grad=0.501 lr=2.75e-04
2026-04-28 12:27:03,576 INFO src.training.train step=6500 epoch=9 loss=7.2554 grad=0.511 lr=2.74e-04
2026-04-28 12:27:17,044 INFO src.training.train step=6600 epoch=9 loss=7.2182 grad=0.539 lr=2.73e-04
2026-04-28 12:27:30,514 INFO src.training.train step=6700 epoch=9 loss=7.2097 grad=0.524 lr=2.72e-04
2026-04-28 12:27:43,982 INFO src.training.train step=6800 epoch=9 loss=7.1922 grad=0.527 lr=2.71e-04
2026-04-28 12:27:57,452 INFO src.training.train step=6900 epoch=9 loss=7.1983 grad=0.537 lr=2.70e-04
2026-04-28 12:28:10,925 INFO src.training.train step=7000 epoch=9 loss=7.1858 grad=0.543 lr=2.70e-04
2026-04-28 12:28:13,173 INFO src.training.train EVAL step=7000 loss=7.5434 per_query_acc=0.0092 per_seq_acc=0.0000
2026-04-28 12:28:26,648 INFO src.training.train step=7100 epoch=10 loss=7.1755 grad=0.538 lr=2.69e-04
2026-04-28 12:28:40,125 INFO src.training.train step=7200 epoch=10 loss=7.1225 grad=0.549 lr=2.68e-04
2026-04-28 12:28:53,601 INFO src.training.train step=7300 epoch=10 loss=7.0943 grad=0.558 lr=2.67e-04
2026-04-28 12:29:07,082 INFO src.training.train step=7400 epoch=10 loss=7.0794 grad=0.565 lr=2.65e-04
2026-04-28 12:29:20,563 INFO src.training.train step=7500 epoch=10 loss=7.0858 grad=0.587 lr=2.64e-04
2026-04-28 12:29:34,040 INFO src.training.train step=7600 epoch=10 loss=7.0552 grad=0.592 lr=2.63e-04
2026-04-28 12:29:47,521 INFO src.training.train step=7700 epoch=10 loss=7.0470 grad=0.599 lr=2.62e-04
2026-04-28 12:30:01,000 INFO src.training.train step=7800 epoch=10 loss=6.9681 grad=0.602 lr=2.61e-04
2026-04-28 12:30:14,499 INFO src.training.train step=7900 epoch=11 loss=6.9899 grad=0.618 lr=2.60e-04
2026-04-28 12:30:27,981 INFO src.training.train step=8000 epoch=11 loss=6.9574 grad=0.631 lr=2.59e-04
2026-04-28 12:30:30,231 INFO src.training.train EVAL step=8000 loss=7.4119 per_query_acc=0.0117 per_seq_acc=0.0000
2026-04-28 12:30:43,712 INFO src.training.train step=8100 epoch=11 loss=6.9448 grad=0.640 lr=2.58e-04
2026-04-28 12:30:57,192 INFO src.training.train step=8200 epoch=11 loss=6.9065 grad=0.667 lr=2.57e-04
2026-04-28 12:31:10,669 INFO src.training.train step=8300 epoch=11 loss=6.8532 grad=0.668 lr=2.56e-04
2026-04-28 12:31:24,144 INFO src.training.train step=8400 epoch=11 loss=6.8452 grad=0.681 lr=2.54e-04
2026-04-28 12:31:37,625 INFO src.training.train step=8500 epoch=11 loss=6.8253 grad=0.719 lr=2.53e-04
2026-04-28 12:31:51,112 INFO src.training.train step=8600 epoch=12 loss=6.8127 grad=0.756 lr=2.52e-04
2026-04-28 12:32:04,593 INFO src.training.train step=8700 epoch=12 loss=6.7777 grad=0.753 lr=2.51e-04
2026-04-28 12:32:18,074 INFO src.training.train step=8800 epoch=12 loss=6.7363 grad=0.793 lr=2.50e-04
2026-04-28 12:32:31,552 INFO src.training.train step=8900 epoch=12 loss=6.7269 grad=0.766 lr=2.49e-04
2026-04-28 12:32:45,037 INFO src.training.train step=9000 epoch=12 loss=6.7061 grad=0.824 lr=2.47e-04
2026-04-28 12:32:47,289 INFO src.training.train EVAL step=9000 loss=7.2163 per_query_acc=0.0158 per_seq_acc=0.0000
2026-04-28 12:33:00,770 INFO src.training.train step=9100 epoch=12 loss=6.7166 grad=0.882 lr=2.46e-04
2026-04-28 12:33:14,250 INFO src.training.train step=9200 epoch=12 loss=6.6980 grad=0.855 lr=2.45e-04
2026-04-28 12:33:27,725 INFO src.training.train step=9300 epoch=12 loss=6.6845 grad=0.957 lr=2.44e-04
2026-04-28 12:33:41,204 INFO src.training.train step=9400 epoch=13 loss=6.6432 grad=0.959 lr=2.42e-04
2026-04-28 12:33:54,684 INFO src.training.train step=9500 epoch=13 loss=6.5955 grad=0.977 lr=2.41e-04
2026-04-28 12:34:08,159 INFO src.training.train step=9600 epoch=13 loss=6.5571 grad=0.978 lr=2.40e-04
2026-04-28 12:34:21,640 INFO src.training.train step=9700 epoch=13 loss=6.5848 grad=1.019 lr=2.38e-04
2026-04-28 12:34:35,122 INFO src.training.train step=9800 epoch=13 loss=6.5515 grad=1.003 lr=2.37e-04
2026-04-28 12:34:48,600 INFO src.training.train step=9900 epoch=13 loss=6.5274 grad=1.107 lr=2.36e-04
2026-04-28 12:35:02,089 INFO src.training.train step=10000 epoch=13 loss=6.5052 grad=1.153 lr=2.34e-04
2026-04-28 12:35:04,346 INFO src.training.train EVAL step=10000 loss=6.9647 per_query_acc=0.0232 per_seq_acc=0.0000
2026-04-28 12:35:17,835 INFO src.training.train step=10100 epoch=13 loss=6.5020 grad=1.135 lr=2.33e-04
2026-04-28 12:35:31,328 INFO src.training.train step=10200 epoch=14 loss=6.4542 grad=1.163 lr=2.32e-04
2026-04-28 12:35:44,818 INFO src.training.train step=10300 epoch=14 loss=6.4581 grad=1.165 lr=2.30e-04
2026-04-28 12:35:58,308 INFO src.training.train step=10400 epoch=14 loss=6.4528 grad=1.259 lr=2.29e-04
2026-04-28 12:36:11,791 INFO src.training.train step=10500 epoch=14 loss=6.4154 grad=1.213 lr=2.28e-04
2026-04-28 12:36:25,277 INFO src.training.train step=10600 epoch=14 loss=6.3836 grad=1.268 lr=2.26e-04
2026-04-28 12:36:38,761 INFO src.training.train step=10700 epoch=14 loss=6.3897 grad=1.311 lr=2.25e-04
2026-04-28 12:36:52,245 INFO src.training.train step=10800 epoch=14 loss=6.3981 grad=1.187 lr=2.23e-04
2026-04-28 12:37:05,730 INFO src.training.train step=10900 epoch=14 loss=6.3596 grad=1.181 lr=2.22e-04
2026-04-28 12:37:19,214 INFO src.training.train step=11000 epoch=15 loss=6.3971 grad=1.313 lr=2.21e-04
2026-04-28 12:37:21,468 INFO src.training.train EVAL step=11000 loss=6.7306 per_query_acc=0.0335 per_seq_acc=0.0000
2026-04-28 12:37:34,951 INFO src.training.train step=11100 epoch=15 loss=6.3289 grad=1.290 lr=2.19e-04
2026-04-28 12:37:48,432 INFO src.training.train step=11200 epoch=15 loss=6.2817 grad=1.306 lr=2.18e-04
2026-04-28 12:38:01,908 INFO src.training.train step=11300 epoch=15 loss=6.2828 grad=1.226 lr=2.16e-04
2026-04-28 12:38:15,388 INFO src.training.train step=11400 epoch=15 loss=6.3035 grad=1.320 lr=2.15e-04
2026-04-28 12:38:28,870 INFO src.training.train step=11500 epoch=15 loss=6.2679 grad=1.382 lr=2.13e-04
2026-04-28 12:38:42,346 INFO src.training.train step=11600 epoch=15 loss=6.2532 grad=1.297 lr=2.12e-04
2026-04-28 12:38:55,821 INFO src.training.train step=11700 epoch=15 loss=6.1767 grad=1.321 lr=2.10e-04
2026-04-28 12:39:09,314 INFO src.training.train step=11800 epoch=16 loss=6.2251 grad=1.385 lr=2.09e-04
2026-04-28 12:39:22,790 INFO src.training.train step=11900 epoch=16 loss=6.2160 grad=1.312 lr=2.07e-04
2026-04-28 12:39:36,267 INFO src.training.train step=12000 epoch=16 loss=6.1875 grad=1.262 lr=2.06e-04
2026-04-28 12:39:38,516 INFO src.training.train EVAL step=12000 loss=6.5623 per_query_acc=0.0433 per_seq_acc=0.0000
2026-04-28 12:39:51,989 INFO src.training.train step=12100 epoch=16 loss=6.1721 grad=1.269 lr=2.04e-04
2026-04-28 12:40:05,462 INFO src.training.train step=12200 epoch=16 loss=6.1551 grad=1.301 lr=2.03e-04
2026-04-28 12:40:18,932 INFO src.training.train step=12300 epoch=16 loss=6.1645 grad=1.352 lr=2.01e-04
2026-04-28 12:40:32,408 INFO src.training.train step=12400 epoch=16 loss=6.1384 grad=1.402 lr=2.00e-04
2026-04-28 12:40:45,885 INFO src.training.train step=12500 epoch=17 loss=6.1158 grad=1.311 lr=1.98e-04
2026-04-28 12:40:59,360 INFO src.training.train step=12600 epoch=17 loss=6.1006 grad=1.341 lr=1.97e-04
2026-04-28 12:41:12,833 INFO src.training.train step=12700 epoch=17 loss=6.0674 grad=1.395 lr=1.95e-04
2026-04-28 12:41:26,300 INFO src.training.train step=12800 epoch=17 loss=6.0723 grad=1.348 lr=1.94e-04
2026-04-28 12:41:39,771 INFO src.training.train step=12900 epoch=17 loss=6.0719 grad=1.307 lr=1.92e-04
2026-04-28 12:41:53,246 INFO src.training.train step=13000 epoch=17 loss=6.0733 grad=1.373 lr=1.90e-04
2026-04-28 12:41:55,497 INFO src.training.train EVAL step=13000 loss=6.4625 per_query_acc=0.0487 per_seq_acc=0.0000
2026-04-28 12:42:08,978 INFO src.training.train step=13100 epoch=17 loss=6.1037 grad=1.384 lr=1.89e-04
2026-04-28 12:42:22,454 INFO src.training.train step=13200 epoch=17 loss=6.0898 grad=1.300 lr=1.87e-04
2026-04-28 12:42:35,931 INFO src.training.train step=13300 epoch=18 loss=6.0895 grad=1.372 lr=1.86e-04
2026-04-28 12:42:49,404 INFO src.training.train step=13400 epoch=18 loss=6.0201 grad=1.366 lr=1.84e-04
2026-04-28 12:43:02,873 INFO src.training.train step=13500 epoch=18 loss=6.0016 grad=1.413 lr=1.83e-04
2026-04-28 12:43:16,341 INFO src.training.train step=13600 epoch=18 loss=6.0012 grad=1.329 lr=1.81e-04
2026-04-28 12:43:29,811 INFO src.training.train step=13700 epoch=18 loss=6.0300 grad=1.419 lr=1.79e-04
2026-04-28 12:43:43,284 INFO src.training.train step=13800 epoch=18 loss=6.0291 grad=1.380 lr=1.78e-04
2026-04-28 12:43:56,755 INFO src.training.train step=13900 epoch=18 loss=5.9753 grad=1.285 lr=1.76e-04
2026-04-28 12:44:10,230 INFO src.training.train step=14000 epoch=18 loss=6.0054 grad=1.307 lr=1.75e-04
2026-04-28 12:44:12,478 INFO src.training.train EVAL step=14000 loss=6.3670 per_query_acc=0.0531 per_seq_acc=0.0000
2026-04-28 12:44:25,950 INFO src.training.train step=14100 epoch=19 loss=5.9775 grad=1.368 lr=1.73e-04
2026-04-28 12:44:39,421 INFO src.training.train step=14200 epoch=19 loss=5.9873 grad=1.372 lr=1.71e-04
2026-04-28 12:44:52,892 INFO src.training.train step=14300 epoch=19 loss=5.9797 grad=1.407 lr=1.70e-04
2026-04-28 12:45:06,360 INFO src.training.train step=14400 epoch=19 loss=5.9809 grad=1.358 lr=1.68e-04
2026-04-28 12:45:19,825 INFO src.training.train step=14500 epoch=19 loss=5.9194 grad=1.368 lr=1.67e-04
2026-04-28 12:45:33,294 INFO src.training.train step=14600 epoch=19 loss=5.9561 grad=1.412 lr=1.65e-04
2026-04-28 12:45:46,774 INFO src.training.train step=14700 epoch=19 loss=5.9384 grad=1.391 lr=1.63e-04
2026-04-28 12:46:00,248 INFO src.training.train step=14800 epoch=19 loss=5.9519 grad=1.374 lr=1.62e-04
2026-04-28 12:46:13,714 INFO src.training.train step=14900 epoch=20 loss=5.9410 grad=1.311 lr=1.60e-04
2026-04-28 12:46:27,186 INFO src.training.train step=15000 epoch=20 loss=5.9320 grad=1.379 lr=1.59e-04
2026-04-28 12:46:29,435 INFO src.training.train EVAL step=15000 loss=6.3162 per_query_acc=0.0559 per_seq_acc=0.0000
2026-04-28 12:46:42,911 INFO src.training.train step=15100 epoch=20 loss=5.8777 grad=1.398 lr=1.57e-04
2026-04-28 12:46:56,385 INFO src.training.train step=15200 epoch=20 loss=5.9168 grad=1.430 lr=1.55e-04
2026-04-28 12:47:09,861 INFO src.training.train step=15300 epoch=20 loss=5.9425 grad=1.445 lr=1.54e-04
2026-04-28 12:47:23,340 INFO src.training.train step=15400 epoch=20 loss=5.8969 grad=1.427 lr=1.52e-04
2026-04-28 12:47:36,819 INFO src.training.train step=15500 epoch=20 loss=5.9139 grad=1.363 lr=1.50e-04
2026-04-28 12:47:50,296 INFO src.training.train step=15600 epoch=20 loss=5.8266 grad=1.361 lr=1.49e-04
2026-04-28 12:48:03,789 INFO src.training.train step=15700 epoch=21 loss=5.8987 grad=1.421 lr=1.47e-04
2026-04-28 12:48:17,266 INFO src.training.train step=15800 epoch=21 loss=5.8659 grad=1.481 lr=1.46e-04
2026-04-28 12:48:30,738 INFO src.training.train step=15900 epoch=21 loss=5.8764 grad=1.422 lr=1.44e-04
2026-04-28 12:48:44,215 INFO src.training.train step=16000 epoch=21 loss=5.8494 grad=1.386 lr=1.42e-04
2026-04-28 12:48:46,465 INFO src.training.train EVAL step=16000 loss=6.2683 per_query_acc=0.0591 per_seq_acc=0.0000
2026-04-28 12:48:59,943 INFO src.training.train step=16100 epoch=21 loss=5.8282 grad=1.430 lr=1.41e-04
2026-04-28 12:49:13,417 INFO src.training.train step=16200 epoch=21 loss=5.8459 grad=1.486 lr=1.39e-04
2026-04-28 12:49:26,892 INFO src.training.train step=16300 epoch=21 loss=5.8172 grad=1.358 lr=1.38e-04
2026-04-28 12:49:40,372 INFO src.training.train step=16400 epoch=22 loss=5.8088 grad=1.370 lr=1.36e-04
2026-04-28 12:49:53,852 INFO src.training.train step=16500 epoch=22 loss=5.7901 grad=1.429 lr=1.34e-04
2026-04-28 12:50:07,326 INFO src.training.train step=16600 epoch=22 loss=5.7786 grad=1.464 lr=1.33e-04
2026-04-28 12:50:20,807 INFO src.training.train step=16700 epoch=22 loss=5.7902 grad=1.450 lr=1.31e-04
2026-04-28 12:50:34,286 INFO src.training.train step=16800 epoch=22 loss=5.8296 grad=1.497 lr=1.30e-04
2026-04-28 12:50:47,770 INFO src.training.train step=16900 epoch=22 loss=5.7927 grad=1.433 lr=1.28e-04
2026-04-28 12:51:01,254 INFO src.training.train step=17000 epoch=22 loss=5.7940 grad=1.436 lr=1.26e-04
2026-04-28 12:51:03,504 INFO src.training.train EVAL step=17000 loss=6.2213 per_query_acc=0.0616 per_seq_acc=0.0000
2026-04-28 12:51:16,984 INFO src.training.train step=17100 epoch=22 loss=5.7945 grad=1.445 lr=1.25e-04
2026-04-28 12:51:30,460 INFO src.training.train step=17200 epoch=23 loss=5.8144 grad=1.472 lr=1.23e-04
2026-04-28 12:51:43,935 INFO src.training.train step=17300 epoch=23 loss=5.7639 grad=1.479 lr=1.22e-04
2026-04-28 12:51:57,410 INFO src.training.train step=17400 epoch=23 loss=5.7565 grad=1.423 lr=1.20e-04
2026-04-28 12:52:10,881 INFO src.training.train step=17500 epoch=23 loss=5.7950 grad=1.464 lr=1.18e-04
2026-04-28 12:52:24,354 INFO src.training.train step=17600 epoch=23 loss=5.7837 grad=1.407 lr=1.17e-04
2026-04-28 12:52:37,827 INFO src.training.train step=17700 epoch=23 loss=5.7790 grad=1.450 lr=1.15e-04
2026-04-28 12:52:51,298 INFO src.training.train step=17800 epoch=23 loss=5.7654 grad=1.482 lr=1.14e-04
2026-04-28 12:53:04,773 INFO src.training.train step=17900 epoch=23 loss=5.7600 grad=1.406 lr=1.12e-04
2026-04-28 12:53:18,243 INFO src.training.train step=18000 epoch=24 loss=5.7226 grad=1.391 lr=1.11e-04
2026-04-28 12:53:20,492 INFO src.training.train EVAL step=18000 loss=6.2020 per_query_acc=0.0625 per_seq_acc=0.0000
2026-04-28 12:53:33,965 INFO src.training.train step=18100 epoch=24 loss=5.7645 grad=1.513 lr=1.09e-04
2026-04-28 12:53:47,439 INFO src.training.train step=18200 epoch=24 loss=5.7525 grad=1.477 lr=1.07e-04
2026-04-28 12:54:00,910 INFO src.training.train step=18300 epoch=24 loss=5.7492 grad=1.438 lr=1.06e-04
2026-04-28 12:54:14,381 INFO src.training.train step=18400 epoch=24 loss=5.7161 grad=1.479 lr=1.04e-04
2026-04-28 12:54:27,854 INFO src.training.train step=18500 epoch=24 loss=5.7293 grad=1.532 lr=1.03e-04
2026-04-28 12:54:41,324 INFO src.training.train step=18600 epoch=24 loss=5.7566 grad=1.439 lr=1.01e-04
2026-04-28 12:54:54,791 INFO src.training.train step=18700 epoch=24 loss=5.7418 grad=1.466 lr=9.97e-05
2026-04-28 12:55:08,258 INFO src.training.train step=18800 epoch=25 loss=5.7538 grad=1.420 lr=9.82e-05
2026-04-28 12:55:21,728 INFO src.training.train step=18900 epoch=25 loss=5.7049 grad=1.419 lr=9.67e-05
2026-04-28 12:55:35,197 INFO src.training.train step=19000 epoch=25 loss=5.6995 grad=1.456 lr=9.52e-05
2026-04-28 12:55:37,445 INFO src.training.train EVAL step=19000 loss=6.1786 per_query_acc=0.0641 per_seq_acc=0.0000
2026-04-28 12:55:50,916 INFO src.training.train step=19100 epoch=25 loss=5.7108 grad=1.444 lr=9.37e-05
2026-04-28 12:56:04,389 INFO src.training.train step=19200 epoch=25 loss=5.7443 grad=1.494 lr=9.22e-05
2026-04-28 12:56:17,860 INFO src.training.train step=19300 epoch=25 loss=5.7306 grad=1.521 lr=9.07e-05
2026-04-28 12:56:31,329 INFO src.training.train step=19400 epoch=25 loss=5.7345 grad=1.501 lr=8.92e-05
2026-04-28 12:56:44,797 INFO src.training.train step=19500 epoch=25 loss=5.6562 grad=1.392 lr=8.77e-05
2026-04-28 12:56:58,279 INFO src.training.train step=19600 epoch=26 loss=5.7229 grad=1.514 lr=8.63e-05
2026-04-28 12:57:11,743 INFO src.training.train step=19700 epoch=26 loss=5.6629 grad=1.554 lr=8.48e-05
2026-04-28 12:57:25,202 INFO src.training.train step=19800 epoch=26 loss=5.7155 grad=1.396 lr=8.34e-05
2026-04-28 12:57:38,668 INFO src.training.train step=19900 epoch=26 loss=5.6776 grad=1.469 lr=8.19e-05
2026-04-28 12:57:52,131 INFO src.training.train step=20000 epoch=26 loss=5.6824 grad=1.476 lr=8.05e-05
2026-04-28 12:57:54,394 INFO src.training.train EVAL step=20000 loss=6.1635 per_query_acc=0.0641 per_seq_acc=0.0000
2026-04-28 12:58:07,856 INFO src.training.train step=20100 epoch=26 loss=5.6779 grad=1.508 lr=7.90e-05
2026-04-28 12:58:21,322 INFO src.training.train step=20200 epoch=26 loss=5.6317 grad=1.457 lr=7.76e-05
2026-04-28 12:58:34,788 INFO src.training.train step=20300 epoch=27 loss=5.6374 grad=1.477 lr=7.62e-05
2026-04-28 12:58:48,253 INFO src.training.train step=20400 epoch=27 loss=5.6796 grad=1.559 lr=7.48e-05
2026-04-28 12:59:01,718 INFO src.training.train step=20500 epoch=27 loss=5.6255 grad=1.498 lr=7.34e-05
2026-04-28 12:59:15,188 INFO src.training.train step=20600 epoch=27 loss=5.6700 grad=1.421 lr=7.20e-05
2026-04-28 12:59:28,657 INFO src.training.train step=20700 epoch=27 loss=5.6753 grad=1.479 lr=7.07e-05
2026-04-28 12:59:42,123 INFO src.training.train step=20800 epoch=27 loss=5.6749 grad=1.472 lr=6.93e-05
2026-04-28 12:59:55,587 INFO src.training.train step=20900 epoch=27 loss=5.6371 grad=1.473 lr=6.79e-05
2026-04-28 13:00:09,054 INFO src.training.train step=21000 epoch=27 loss=5.6483 grad=1.454 lr=6.66e-05
2026-04-28 13:00:11,303 INFO src.training.train EVAL step=21000 loss=6.1493 per_query_acc=0.0651 per_seq_acc=0.0000
2026-04-28 13:00:24,770 INFO src.training.train step=21100 epoch=28 loss=5.6655 grad=1.432 lr=6.53e-05
2026-04-28 13:00:38,233 INFO src.training.train step=21200 epoch=28 loss=5.5762 grad=1.419 lr=6.39e-05
2026-04-28 13:00:51,698 INFO src.training.train step=21300 epoch=28 loss=5.5982 grad=1.416 lr=6.26e-05
2026-04-28 13:01:05,169 INFO src.training.train step=21400 epoch=28 loss=5.6408 grad=1.404 lr=6.13e-05
2026-04-28 13:01:18,640 INFO src.training.train step=21500 epoch=28 loss=5.6238 grad=1.500 lr=6.00e-05
2026-04-28 13:01:32,107 INFO src.training.train step=21600 epoch=28 loss=5.6335 grad=1.486 lr=5.87e-05
2026-04-28 13:01:45,575 INFO src.training.train step=21700 epoch=28 loss=5.6221 grad=1.401 lr=5.75e-05
2026-04-28 13:01:59,042 INFO src.training.train step=21800 epoch=28 loss=5.6387 grad=1.430 lr=5.62e-05
2026-04-28 13:02:12,515 INFO src.training.train step=21900 epoch=29 loss=5.5902 grad=1.454 lr=5.50e-05
2026-04-28 13:02:25,984 INFO src.training.train step=22000 epoch=29 loss=5.6472 grad=1.477 lr=5.37e-05
2026-04-28 13:02:28,230 INFO src.training.train EVAL step=22000 loss=6.1388 per_query_acc=0.0656 per_seq_acc=0.0000
2026-04-28 13:02:41,694 INFO src.training.train step=22100 epoch=29 loss=5.6409 grad=1.475 lr=5.25e-05
2026-04-28 13:02:55,159 INFO src.training.train step=22200 epoch=29 loss=5.5801 grad=1.452 lr=5.13e-05
2026-04-28 13:03:08,629 INFO src.training.train step=22300 epoch=29 loss=5.6019 grad=1.435 lr=5.01e-05
2026-04-28 13:03:22,098 INFO src.training.train step=22400 epoch=29 loss=5.6046 grad=1.519 lr=4.89e-05
2026-04-28 13:03:35,567 INFO src.training.train step=22500 epoch=29 loss=5.6298 grad=1.461 lr=4.77e-05
2026-04-28 13:03:49,034 INFO src.training.train step=22600 epoch=29 loss=5.5638 grad=1.468 lr=4.65e-05
2026-04-28 13:04:02,507 INFO src.training.train step=22700 epoch=30 loss=5.6523 grad=1.460 lr=4.54e-05
2026-04-28 13:04:15,979 INFO src.training.train step=22800 epoch=30 loss=5.6205 grad=1.434 lr=4.42e-05
2026-04-28 13:04:29,453 INFO src.training.train step=22900 epoch=30 loss=5.5764 grad=1.481 lr=4.31e-05
2026-04-28 13:04:42,928 INFO src.training.train step=23000 epoch=30 loss=5.6244 grad=1.480 lr=4.20e-05
2026-04-28 13:04:45,179 INFO src.training.train EVAL step=23000 loss=6.1313 per_query_acc=0.0662 per_seq_acc=0.0000
2026-04-28 13:04:58,655 INFO src.training.train step=23100 epoch=30 loss=5.6223 grad=1.462 lr=4.09e-05
2026-04-28 13:05:12,126 INFO src.training.train step=23200 epoch=30 loss=5.6103 grad=1.491 lr=3.98e-05
2026-04-28 13:05:25,597 INFO src.training.train step=23300 epoch=30 loss=5.6241 grad=1.468 lr=3.87e-05
2026-04-28 13:05:39,069 INFO src.training.train step=23400 epoch=30 loss=5.5608 grad=1.477 lr=3.76e-05
2026-04-28 13:05:52,551 INFO src.training.train step=23500 epoch=31 loss=5.6316 grad=1.474 lr=3.66e-05
2026-04-28 13:06:06,019 INFO src.training.train step=23600 epoch=31 loss=5.6197 grad=1.563 lr=3.55e-05
2026-04-28 13:06:19,484 INFO src.training.train step=23700 epoch=31 loss=5.5882 grad=1.422 lr=3.45e-05
2026-04-28 13:06:32,949 INFO src.training.train step=23800 epoch=31 loss=5.5808 grad=1.487 lr=3.35e-05
2026-04-28 13:06:46,411 INFO src.training.train step=23900 epoch=31 loss=5.5740 grad=1.489 lr=3.25e-05
2026-04-28 13:06:59,876 INFO src.training.train step=24000 epoch=31 loss=5.5816 grad=1.463 lr=3.15e-05
2026-04-28 13:07:02,123 INFO src.training.train EVAL step=24000 loss=6.1267 per_query_acc=0.0663 per_seq_acc=0.0000
2026-04-28 13:07:15,587 INFO src.training.train step=24100 epoch=31 loss=5.5466 grad=1.451 lr=3.05e-05
2026-04-28 13:07:29,050 INFO src.training.train step=24200 epoch=32 loss=5.5564 grad=1.416 lr=2.96e-05
2026-04-28 13:07:42,513 INFO src.training.train step=24300 epoch=32 loss=5.5256 grad=1.405 lr=2.86e-05
2026-04-28 13:07:55,974 INFO src.training.train step=24400 epoch=32 loss=5.5069 grad=1.545 lr=2.77e-05
2026-04-28 13:08:09,437 INFO src.training.train step=24500 epoch=32 loss=5.5559 grad=1.538 lr=2.68e-05
2026-04-28 13:08:22,899 INFO src.training.train step=24600 epoch=32 loss=5.5882 grad=1.478 lr=2.59e-05
2026-04-28 13:08:36,362 INFO src.training.train step=24700 epoch=32 loss=5.5586 grad=1.472 lr=2.50e-05
2026-04-28 13:08:49,824 INFO src.training.train step=24800 epoch=32 loss=5.5758 grad=1.462 lr=2.41e-05
2026-04-28 13:09:03,287 INFO src.training.train step=24900 epoch=32 loss=5.5701 grad=1.467 lr=2.32e-05
2026-04-28 13:09:16,754 INFO src.training.train step=25000 epoch=33 loss=5.5973 grad=1.473 lr=2.24e-05
2026-04-28 13:09:19,001 INFO src.training.train EVAL step=25000 loss=6.1203 per_query_acc=0.0669 per_seq_acc=0.0000
2026-04-28 13:09:32,464 INFO src.training.train step=25100 epoch=33 loss=5.5329 grad=1.441 lr=2.16e-05
2026-04-28 13:09:45,929 INFO src.training.train step=25200 epoch=33 loss=5.5288 grad=1.401 lr=2.08e-05
2026-04-28 13:09:59,394 INFO src.training.train step=25300 epoch=33 loss=5.5777 grad=1.411 lr=2.00e-05
2026-04-28 13:10:12,861 INFO src.training.train step=25400 epoch=33 loss=5.5619 grad=1.421 lr=1.92e-05
2026-04-28 13:10:26,325 INFO src.training.train step=25500 epoch=33 loss=5.5457 grad=1.449 lr=1.84e-05
2026-04-28 13:10:39,787 INFO src.training.train step=25600 epoch=33 loss=5.5486 grad=1.446 lr=1.77e-05
2026-04-28 13:10:53,251 INFO src.training.train step=25700 epoch=33 loss=5.5602 grad=1.424 lr=1.69e-05
2026-04-28 13:11:06,713 INFO src.training.train step=25800 epoch=34 loss=5.5508 grad=1.417 lr=1.62e-05
2026-04-28 13:11:20,179 INFO src.training.train step=25900 epoch=34 loss=5.5533 grad=1.466 lr=1.55e-05
2026-04-28 13:11:33,644 INFO src.training.train step=26000 epoch=34 loss=5.5856 grad=1.437 lr=1.48e-05
2026-04-28 13:11:35,892 INFO src.training.train EVAL step=26000 loss=6.1177 per_query_acc=0.0671 per_seq_acc=0.0000
2026-04-28 13:11:49,363 INFO src.training.train step=26100 epoch=34 loss=5.5679 grad=1.545 lr=1.41e-05
2026-04-28 13:12:02,835 INFO src.training.train step=26200 epoch=34 loss=5.5426 grad=1.566 lr=1.35e-05
2026-04-28 13:12:16,309 INFO src.training.train step=26300 epoch=34 loss=5.5674 grad=1.496 lr=1.28e-05
2026-04-28 13:12:29,773 INFO src.training.train step=26400 epoch=34 loss=5.5891 grad=1.522 lr=1.22e-05
2026-04-28 13:12:43,237 INFO src.training.train step=26500 epoch=34 loss=5.5644 grad=1.423 lr=1.16e-05
2026-04-28 13:12:56,704 INFO src.training.train step=26600 epoch=35 loss=5.5771 grad=1.440 lr=1.10e-05
2026-04-28 13:13:10,179 INFO src.training.train step=26700 epoch=35 loss=5.5562 grad=1.434 lr=1.05e-05
2026-04-28 13:13:23,653 INFO src.training.train step=26800 epoch=35 loss=5.5373 grad=1.426 lr=9.89e-06
2026-04-28 13:13:37,123 INFO src.training.train step=26900 epoch=35 loss=5.5338 grad=1.439 lr=9.35e-06
2026-04-28 13:13:50,589 INFO src.training.train step=27000 epoch=35 loss=5.5815 grad=1.417 lr=8.83e-06
2026-04-28 13:13:52,837 INFO src.training.train EVAL step=27000 loss=6.1146 per_query_acc=0.0673 per_seq_acc=0.0000
2026-04-28 13:14:06,303 INFO src.training.train step=27100 epoch=35 loss=5.5613 grad=1.426 lr=8.32e-06
2026-04-28 13:14:19,770 INFO src.training.train step=27200 epoch=35 loss=5.5416 grad=1.403 lr=7.82e-06
2026-04-28 13:14:33,235 INFO src.training.train step=27300 epoch=35 loss=5.5000 grad=1.433 lr=7.35e-06
2026-04-28 13:14:46,720 INFO src.training.train step=27400 epoch=36 loss=5.5356 grad=1.438 lr=6.89e-06
2026-04-28 13:15:00,193 INFO src.training.train step=27500 epoch=36 loss=5.5638 grad=1.424 lr=6.45e-06
2026-04-28 13:15:13,658 INFO src.training.train step=27600 epoch=36 loss=5.5593 grad=1.422 lr=6.02e-06
2026-04-28 13:15:27,129 INFO src.training.train step=27700 epoch=36 loss=5.5490 grad=1.400 lr=5.62e-06
2026-04-28 13:15:40,598 INFO src.training.train step=27800 epoch=36 loss=5.5019 grad=1.416 lr=5.23e-06
2026-04-28 13:15:54,066 INFO src.training.train step=27900 epoch=36 loss=5.5229 grad=1.442 lr=4.85e-06
2026-04-28 13:16:07,533 INFO src.training.train step=28000 epoch=36 loss=5.5105 grad=1.367 lr=4.50e-06
2026-04-28 13:16:09,783 INFO src.training.train EVAL step=28000 loss=6.1123 per_query_acc=0.0671 per_seq_acc=0.0000
2026-04-28 13:16:23,252 INFO src.training.train step=28100 epoch=37 loss=5.5041 grad=1.417 lr=4.16e-06
2026-04-28 13:16:36,721 INFO src.training.train step=28200 epoch=37 loss=5.5169 grad=1.385 lr=3.83e-06
2026-04-28 13:16:50,196 INFO src.training.train step=28300 epoch=37 loss=5.4501 grad=1.406 lr=3.53e-06
2026-04-28 13:17:03,666 INFO src.training.train step=28400 epoch=37 loss=5.5169 grad=1.433 lr=3.24e-06
2026-04-28 13:17:17,137 INFO src.training.train step=28500 epoch=37 loss=5.5369 grad=1.418 lr=2.97e-06
2026-04-28 13:17:30,611 INFO src.training.train step=28600 epoch=37 loss=5.5240 grad=1.398 lr=2.72e-06
2026-04-28 13:17:44,083 INFO src.training.train step=28700 epoch=37 loss=5.5459 grad=1.481 lr=2.48e-06
2026-04-28 13:17:57,556 INFO src.training.train step=28800 epoch=37 loss=5.5491 grad=1.448 lr=2.26e-06
2026-04-28 13:18:11,029 INFO src.training.train step=28900 epoch=38 loss=5.5643 grad=1.461 lr=2.06e-06
2026-04-28 13:18:24,502 INFO src.training.train step=29000 epoch=38 loss=5.5060 grad=1.492 lr=1.88e-06
2026-04-28 13:18:26,751 INFO src.training.train EVAL step=29000 loss=6.1121 per_query_acc=0.0673 per_seq_acc=0.0000
2026-04-28 13:18:40,226 INFO src.training.train step=29100 epoch=38 loss=5.5215 grad=1.431 lr=1.71e-06
2026-04-28 13:18:53,706 INFO src.training.train step=29200 epoch=38 loss=5.5328 grad=1.411 lr=1.56e-06
2026-04-28 13:19:07,188 INFO src.training.train step=29300 epoch=38 loss=5.5737 grad=1.420 lr=1.43e-06
2026-04-28 13:19:20,665 INFO src.training.train step=29400 epoch=38 loss=5.5437 grad=1.427 lr=1.32e-06
2026-04-28 13:19:34,140 INFO src.training.train step=29500 epoch=38 loss=5.5172 grad=1.484 lr=1.22e-06
2026-04-28 13:19:47,617 INFO src.training.train step=29600 epoch=38 loss=5.5314 grad=1.442 lr=1.14e-06
2026-04-28 13:20:01,100 INFO src.training.train step=29700 epoch=39 loss=5.5072 grad=1.392 lr=1.08e-06
2026-04-28 13:20:14,573 INFO src.training.train step=29800 epoch=39 loss=5.5555 grad=1.521 lr=1.04e-06
2026-04-28 13:20:28,045 INFO src.training.train step=29900 epoch=39 loss=5.5683 grad=1.437 lr=1.01e-06
2026-04-28 13:20:41,523 INFO src.training.train step=30000 epoch=39 loss=5.5307 grad=1.442 lr=1.00e-06
2026-04-28 13:20:43,772 INFO src.training.train EVAL step=30000 loss=6.1115 per_query_acc=0.0672 per_seq_acc=0.0000
2026-04-28 13:20:43,773 INFO src.training.train EARLY STOP: 5 evals without per_query_acc improvement (best=0.0669 at step 25000, per_seq_acc=0.0000)
2026-04-28 13:20:46,021 INFO src.training.train DONE: {
  "backbone": "linear_attn_causal",
  "seq_len": 256,
  "n_kv_pairs": 64,
  "n_queries": 64,
  "vocab_size": 8192,
  "n_parameters": 8548096,
  "steps_taken": 30000,
  "epochs_taken": 39,
  "early_stopped": true,
  "best_per_seq_acc": 0.0,
  "best_per_query_acc": 0.06690625,
  "best_step": 25000,
  "final_per_seq_acc": 0.0,
  "final_per_query_acc": 0.06715625,
  "final_loss": 6.111508666992187,
  "wall_sec": 4111.739723682404,
  "seed": 42
}
