2026-04-23 01:48:21,895 INFO Loading LibriSpeech split=train.100 from HuggingFace...
2026-04-23 01:48:22,060 INFO HTTP Request: HEAD https://huggingface.co/datasets/openslr/librispeech_asr/resolve/main/README.md "HTTP/1.1 307 Temporary Redirect"
2026-04-23 01:48:22,060 WARNING Warning: You are sending unauthenticated requests to the HF Hub. Please set a HF_TOKEN to enable higher rate limits and faster downloads.
2026-04-23 01:48:22,072 INFO HTTP Request: HEAD https://huggingface.co/api/resolve-cache/datasets/openslr/librispeech_asr/71cacbfb7e2354c4226d01e70d77d5fca3d04ba1/README.md "HTTP/1.1 200 OK"
2026-04-23 01:48:22,215 INFO HTTP Request: HEAD https://huggingface.co/datasets/openslr/librispeech_asr/resolve/71cacbfb7e2354c4226d01e70d77d5fca3d04ba1/librispeech_asr.py "HTTP/1.1 404 Not Found"
2026-04-23 01:48:22,581 INFO HTTP Request: HEAD https://s3.amazonaws.com/datasets.huggingface.co/datasets/datasets/openslr/librispeech_asr/openslr/librispeech_asr.py "HTTP/1.1 404 Not Found"
2026-04-23 01:48:22,729 INFO HTTP Request: GET https://huggingface.co/api/datasets/openslr/librispeech_asr/revision/71cacbfb7e2354c4226d01e70d77d5fca3d04ba1 "HTTP/1.1 200 OK"
2026-04-23 01:48:22,853 INFO HTTP Request: HEAD https://huggingface.co/datasets/openslr/librispeech_asr/resolve/71cacbfb7e2354c4226d01e70d77d5fca3d04ba1/.huggingface.yaml "HTTP/1.1 404 Not Found"
2026-04-23 01:48:23,080 INFO HTTP Request: GET https://datasets-server.huggingface.co/info?dataset=openslr/librispeech_asr "HTTP/1.1 200 OK"
2026-04-23 01:48:23,215 INFO HTTP Request: GET https://huggingface.co/api/datasets/openslr/librispeech_asr/tree/71cacbfb7e2354c4226d01e70d77d5fca3d04ba1/clean%2Ftest?recursive=true&expand=false "HTTP/1.1 200 OK"
2026-04-23 01:48:23,343 INFO HTTP Request: GET https://huggingface.co/api/datasets/openslr/librispeech_asr/tree/71cacbfb7e2354c4226d01e70d77d5fca3d04ba1/clean?recursive=false&expand=false "HTTP/1.1 200 OK"
2026-04-23 01:48:23,478 INFO HTTP Request: GET https://huggingface.co/api/datasets/openslr/librispeech_asr/tree/71cacbfb7e2354c4226d01e70d77d5fca3d04ba1/clean%2Ftrain.100?recursive=true&expand=false "HTTP/1.1 200 OK"
2026-04-23 01:48:23,610 INFO HTTP Request: GET https://huggingface.co/api/datasets/openslr/librispeech_asr/tree/71cacbfb7e2354c4226d01e70d77d5fca3d04ba1/clean%2Ftrain.360?recursive=true&expand=false "HTTP/1.1 200 OK"
2026-04-23 01:48:23,755 INFO HTTP Request: GET https://huggingface.co/api/datasets/openslr/librispeech_asr/tree/71cacbfb7e2354c4226d01e70d77d5fca3d04ba1/clean%2Fvalidation?recursive=true&expand=false "HTTP/1.1 200 OK"
2026-04-23 01:48:23,882 INFO HTTP Request: HEAD https://huggingface.co/datasets/openslr/librispeech_asr/resolve/71cacbfb7e2354c4226d01e70d77d5fca3d04ba1/dataset_infos.json "HTTP/1.1 404 Not Found"
2026-04-23 01:49:41,270 INFO Loaded 28538 utterances from train.100 (skipped 1 outside [0.5s, 20.0s])
2026-04-23 01:49:41,342 INFO Loading LibriSpeech split=validation from HuggingFace...
2026-04-23 01:49:41,527 INFO HTTP Request: HEAD https://huggingface.co/datasets/openslr/librispeech_asr/resolve/main/README.md "HTTP/1.1 307 Temporary Redirect"
2026-04-23 01:49:41,546 INFO HTTP Request: HEAD https://huggingface.co/api/resolve-cache/datasets/openslr/librispeech_asr/71cacbfb7e2354c4226d01e70d77d5fca3d04ba1/README.md "HTTP/1.1 200 OK"
2026-04-23 01:49:41,678 INFO HTTP Request: HEAD https://huggingface.co/datasets/openslr/librispeech_asr/resolve/71cacbfb7e2354c4226d01e70d77d5fca3d04ba1/librispeech_asr.py "HTTP/1.1 404 Not Found"
2026-04-23 01:49:42,096 INFO HTTP Request: HEAD https://s3.amazonaws.com/datasets.huggingface.co/datasets/datasets/openslr/librispeech_asr/openslr/librispeech_asr.py "HTTP/1.1 404 Not Found"
2026-04-23 01:49:42,242 INFO HTTP Request: HEAD https://huggingface.co/datasets/openslr/librispeech_asr/resolve/71cacbfb7e2354c4226d01e70d77d5fca3d04ba1/.huggingface.yaml "HTTP/1.1 404 Not Found"
2026-04-23 01:49:42,471 INFO HTTP Request: GET https://datasets-server.huggingface.co/info?dataset=openslr/librispeech_asr "HTTP/1.1 200 OK"
2026-04-23 01:49:42,639 INFO HTTP Request: HEAD https://huggingface.co/datasets/openslr/librispeech_asr/resolve/71cacbfb7e2354c4226d01e70d77d5fca3d04ba1/dataset_infos.json "HTTP/1.1 404 Not Found"
2026-04-23 01:49:46,887 INFO Loaded 2642 utterances from validation (skipped 61 outside [0.5s, 20.0s])
2026-04-23 01:49:46,893 INFO Loading LibriSpeech split=test from HuggingFace...
2026-04-23 01:49:47,024 INFO HTTP Request: HEAD https://huggingface.co/datasets/openslr/librispeech_asr/resolve/main/README.md "HTTP/1.1 307 Temporary Redirect"
2026-04-23 01:49:47,043 INFO HTTP Request: HEAD https://huggingface.co/api/resolve-cache/datasets/openslr/librispeech_asr/71cacbfb7e2354c4226d01e70d77d5fca3d04ba1/README.md "HTTP/1.1 200 OK"
2026-04-23 01:49:47,173 INFO HTTP Request: HEAD https://huggingface.co/datasets/openslr/librispeech_asr/resolve/71cacbfb7e2354c4226d01e70d77d5fca3d04ba1/librispeech_asr.py "HTTP/1.1 404 Not Found"
2026-04-23 01:49:47,545 INFO HTTP Request: HEAD https://s3.amazonaws.com/datasets.huggingface.co/datasets/datasets/openslr/librispeech_asr/openslr/librispeech_asr.py "HTTP/1.1 404 Not Found"
2026-04-23 01:49:47,690 INFO HTTP Request: HEAD https://huggingface.co/datasets/openslr/librispeech_asr/resolve/71cacbfb7e2354c4226d01e70d77d5fca3d04ba1/.huggingface.yaml "HTTP/1.1 404 Not Found"
2026-04-23 01:49:47,851 INFO HTTP Request: GET https://datasets-server.huggingface.co/info?dataset=openslr/librispeech_asr "HTTP/1.1 200 OK"
2026-04-23 01:49:48,024 INFO HTTP Request: HEAD https://huggingface.co/datasets/openslr/librispeech_asr/resolve/71cacbfb7e2354c4226d01e70d77d5fca3d04ba1/dataset_infos.json "HTTP/1.1 404 Not Found"
2026-04-23 01:49:52,252 INFO Loaded 2528 utterances from test (skipped 92 outside [0.5s, 20.0s])
2026-04-23 01:49:52,519 INFO Backbone: rwkv6_convshift_symmetric | Params: 7.74M
2026-04-23 01:49:52,519 INFO   Frontend: 1.90M | Encoder: 5.83M | Head: 8.0K
2026-04-23 01:49:56,052 INFO Epoch 1 | Batch 0 | Loss: 4.0001 | LR: 3.00e-07
2026-04-23 01:50:02,632 INFO Epoch 1 | Batch 50 | Loss: 2.9172 | LR: 1.53e-05
2026-04-23 01:50:09,142 INFO Epoch 1 | Batch 100 | Loss: 2.9163 | LR: 3.03e-05
2026-04-23 01:50:15,464 INFO Epoch 1 | Batch 150 | Loss: 2.8754 | LR: 4.53e-05
2026-04-23 01:50:21,633 INFO Epoch 1 | Batch 200 | Loss: 2.8391 | LR: 6.03e-05
2026-04-23 01:50:27,945 INFO Epoch 1 | Batch 250 | Loss: 2.8502 | LR: 7.53e-05
2026-04-23 01:50:34,141 INFO Epoch 1 | Batch 300 | Loss: 2.8507 | LR: 9.03e-05
2026-04-23 01:50:40,257 INFO Epoch 1 | Batch 350 | Loss: 2.8538 | LR: 1.05e-04
2026-04-23 01:50:46,273 INFO Epoch 1 | Batch 400 | Loss: 2.8540 | LR: 1.20e-04
2026-04-23 01:50:52,288 INFO Epoch 1 | Batch 450 | Loss: 2.7315 | LR: 1.35e-04
2026-04-23 01:50:58,386 INFO Epoch 1 | Batch 500 | Loss: 2.6679 | LR: 1.50e-04
2026-04-23 01:51:04,203 INFO Epoch 1 | Batch 550 | Loss: 2.6301 | LR: 1.65e-04
2026-04-23 01:51:10,057 INFO Epoch 1 | Batch 600 | Loss: 2.6579 | LR: 1.80e-04
2026-04-23 01:51:16,170 INFO Epoch 1 | Batch 650 | Loss: 2.4599 | LR: 1.95e-04
2026-04-23 01:51:22,433 INFO Epoch 1 | Batch 700 | Loss: 2.5119 | LR: 2.10e-04
2026-04-23 01:51:28,603 INFO Epoch 1 | Batch 750 | Loss: 2.4180 | LR: 2.25e-04
2026-04-23 01:51:34,878 INFO Epoch 1 | Batch 800 | Loss: 2.5720 | LR: 2.40e-04
2026-04-23 01:51:41,189 INFO Epoch 1 | Batch 850 | Loss: 2.3078 | LR: 2.55e-04
2026-04-23 01:51:47,575 INFO Epoch 1 | Batch 900 | Loss: 2.3536 | LR: 2.70e-04
2026-04-23 01:51:53,849 INFO Epoch 1 | Batch 950 | Loss: 2.2355 | LR: 2.85e-04
2026-04-23 01:52:00,154 INFO Epoch 1 | Batch 1000 | Loss: 2.0479 | LR: 3.00e-04
2026-04-23 01:52:06,347 INFO Epoch 1 | Batch 1050 | Loss: 2.1554 | LR: 3.00e-04
2026-04-23 01:52:12,435 INFO Epoch 1 | Batch 1100 | Loss: 2.1763 | LR: 3.00e-04
2026-04-23 01:52:18,592 INFO Epoch 1 | Batch 1150 | Loss: 2.2675 | LR: 3.00e-04
2026-04-23 01:52:24,883 INFO Epoch 1 | Batch 1200 | Loss: 2.1743 | LR: 3.00e-04
2026-04-23 01:52:42,981 INFO Epoch 1 | Train: 2.5590 | Dev CER: 0.5066 | Dev WER: 0.9664 | Time: 170s | Peak: 4.7 GB
2026-04-23 01:52:42,981 INFO   New best CER: 0.5066
2026-04-23 01:52:46,354 INFO Epoch 2 | Batch 0 | Loss: 1.9594 | LR: 3.00e-04
2026-04-23 01:52:52,579 INFO Epoch 2 | Batch 50 | Loss: 2.2401 | LR: 3.00e-04
2026-04-23 01:52:58,828 INFO Epoch 2 | Batch 100 | Loss: 2.1462 | LR: 3.00e-04
2026-04-23 01:53:04,903 INFO Epoch 2 | Batch 150 | Loss: 2.0423 | LR: 3.00e-04
2026-04-23 01:53:11,218 INFO Epoch 2 | Batch 200 | Loss: 1.9742 | LR: 3.00e-04
2026-04-23 01:53:17,511 INFO Epoch 2 | Batch 250 | Loss: 1.7115 | LR: 3.00e-04
2026-04-23 01:53:23,574 INFO Epoch 2 | Batch 300 | Loss: 1.9009 | LR: 3.00e-04
2026-04-23 01:53:29,679 INFO Epoch 2 | Batch 350 | Loss: 1.8660 | LR: 3.00e-04
2026-04-23 01:53:35,789 INFO Epoch 2 | Batch 400 | Loss: 1.6742 | LR: 3.00e-04
2026-04-23 01:53:41,922 INFO Epoch 2 | Batch 450 | Loss: 1.7843 | LR: 3.00e-04
2026-04-23 01:53:48,000 INFO Epoch 2 | Batch 500 | Loss: 1.7324 | LR: 3.00e-04
2026-04-23 01:53:54,102 INFO Epoch 2 | Batch 550 | Loss: 1.9747 | LR: 3.00e-04
2026-04-23 01:54:00,220 INFO Epoch 2 | Batch 600 | Loss: 1.8125 | LR: 3.00e-04
2026-04-23 01:54:06,382 INFO Epoch 2 | Batch 650 | Loss: 1.9306 | LR: 3.00e-04
2026-04-23 01:54:12,551 INFO Epoch 2 | Batch 700 | Loss: 2.1956 | LR: 3.00e-04
2026-04-23 01:54:18,585 INFO Epoch 2 | Batch 750 | Loss: 1.7769 | LR: 2.99e-04
2026-04-23 01:54:24,533 INFO Epoch 2 | Batch 800 | Loss: 1.5131 | LR: 2.99e-04
2026-04-23 01:54:30,720 INFO Epoch 2 | Batch 850 | Loss: 1.8663 | LR: 2.99e-04
2026-04-23 01:54:36,756 INFO Epoch 2 | Batch 900 | Loss: 1.6972 | LR: 2.99e-04
2026-04-23 01:54:42,906 INFO Epoch 2 | Batch 950 | Loss: 1.5523 | LR: 2.99e-04
2026-04-23 01:54:48,897 INFO Epoch 2 | Batch 1000 | Loss: 2.2760 | LR: 2.99e-04
2026-04-23 01:54:55,004 INFO Epoch 2 | Batch 1050 | Loss: 1.7486 | LR: 2.99e-04
2026-04-23 01:55:01,134 INFO Epoch 2 | Batch 1100 | Loss: 1.6517 | LR: 2.99e-04
2026-04-23 01:55:06,333 INFO Epoch 2 | Batch 1150 | Loss: 1.4900 | LR: 2.99e-04
2026-04-23 01:55:11,068 INFO Epoch 2 | Batch 1200 | Loss: 1.5911 | LR: 2.99e-04
2026-04-23 01:55:25,093 INFO Epoch 2 | Train: 1.7961 | Dev CER: 0.3512 | Dev WER: 0.8017 | Time: 162s | Peak: 4.7 GB
2026-04-23 01:55:25,093 INFO   New best CER: 0.3512
2026-04-23 01:55:28,405 INFO Epoch 3 | Batch 0 | Loss: 1.4838 | LR: 2.99e-04
2026-04-23 01:55:34,659 INFO Epoch 3 | Batch 50 | Loss: 1.5485 | LR: 2.99e-04
2026-04-23 01:55:40,826 INFO Epoch 3 | Batch 100 | Loss: 1.4900 | LR: 2.99e-04
2026-04-23 01:55:47,039 INFO Epoch 3 | Batch 150 | Loss: 1.5013 | LR: 2.99e-04
2026-04-23 01:55:53,097 INFO Epoch 3 | Batch 200 | Loss: 1.5877 | LR: 2.98e-04
2026-04-23 01:55:59,223 INFO Epoch 3 | Batch 250 | Loss: 1.2212 | LR: 2.98e-04
2026-04-23 01:56:05,536 INFO Epoch 3 | Batch 300 | Loss: 1.6280 | LR: 2.98e-04
2026-04-23 01:56:11,631 INFO Epoch 3 | Batch 350 | Loss: 1.2567 | LR: 2.98e-04
2026-04-23 01:56:17,747 INFO Epoch 3 | Batch 400 | Loss: 1.3580 | LR: 2.98e-04
2026-04-23 01:56:23,878 INFO Epoch 3 | Batch 450 | Loss: 1.9275 | LR: 2.98e-04
2026-04-23 01:56:30,087 INFO Epoch 3 | Batch 500 | Loss: 1.4736 | LR: 2.98e-04
2026-04-23 01:56:36,226 INFO Epoch 3 | Batch 550 | Loss: 1.4022 | LR: 2.98e-04
2026-04-23 01:56:42,424 INFO Epoch 3 | Batch 600 | Loss: 1.6663 | LR: 2.98e-04
2026-04-23 01:56:48,430 INFO Epoch 3 | Batch 650 | Loss: 1.4996 | LR: 2.97e-04
2026-04-23 01:56:54,480 INFO Epoch 3 | Batch 700 | Loss: 1.6210 | LR: 2.97e-04
2026-04-23 01:57:00,556 INFO Epoch 3 | Batch 750 | Loss: 1.8779 | LR: 2.97e-04
2026-04-23 01:57:06,521 INFO Epoch 3 | Batch 800 | Loss: 1.5829 | LR: 2.97e-04
2026-04-23 01:57:12,579 INFO Epoch 3 | Batch 850 | Loss: 1.5537 | LR: 2.97e-04
2026-04-23 01:57:18,740 INFO Epoch 3 | Batch 900 | Loss: 1.6922 | LR: 2.97e-04
2026-04-23 01:57:24,924 INFO Epoch 3 | Batch 950 | Loss: 1.7345 | LR: 2.97e-04
2026-04-23 01:57:31,011 INFO Epoch 3 | Batch 1000 | Loss: 1.3661 | LR: 2.97e-04
2026-04-23 01:57:37,279 INFO Epoch 3 | Batch 1050 | Loss: 1.3934 | LR: 2.96e-04
2026-04-23 01:57:43,319 INFO Epoch 3 | Batch 1100 | Loss: 1.2559 | LR: 2.96e-04
2026-04-23 01:57:49,323 INFO Epoch 3 | Batch 1150 | Loss: 1.8145 | LR: 2.96e-04
2026-04-23 01:57:55,399 INFO Epoch 3 | Batch 1200 | Loss: 1.6465 | LR: 2.96e-04
2026-04-23 01:58:07,491 INFO Epoch 3 | Train: 1.4872 | Dev CER: 0.2908 | Dev WER: 0.7241 | Time: 162s | Peak: 4.7 GB
2026-04-23 01:58:07,491 INFO   New best CER: 0.2908
2026-04-23 01:58:10,755 INFO Epoch 4 | Batch 0 | Loss: 1.2286 | LR: 2.96e-04
2026-04-23 01:58:17,018 INFO Epoch 4 | Batch 50 | Loss: 1.5935 | LR: 2.96e-04
2026-04-23 01:58:23,122 INFO Epoch 4 | Batch 100 | Loss: 1.2710 | LR: 2.96e-04
2026-04-23 01:58:29,442 INFO Epoch 4 | Batch 150 | Loss: 1.8107 | LR: 2.95e-04
2026-04-23 01:58:35,615 INFO Epoch 4 | Batch 200 | Loss: 1.4850 | LR: 2.95e-04
2026-04-23 01:58:41,764 INFO Epoch 4 | Batch 250 | Loss: 1.4036 | LR: 2.95e-04
2026-04-23 01:58:47,906 INFO Epoch 4 | Batch 300 | Loss: 1.3479 | LR: 2.95e-04
2026-04-23 01:58:54,097 INFO Epoch 4 | Batch 350 | Loss: 1.7579 | LR: 2.95e-04
2026-04-23 01:59:00,335 INFO Epoch 4 | Batch 400 | Loss: 1.4544 | LR: 2.95e-04
2026-04-23 01:59:06,529 INFO Epoch 4 | Batch 450 | Loss: 1.3548 | LR: 2.94e-04
2026-04-23 01:59:12,692 INFO Epoch 4 | Batch 500 | Loss: 1.5331 | LR: 2.94e-04
2026-04-23 01:59:18,832 INFO Epoch 4 | Batch 550 | Loss: 1.2140 | LR: 2.94e-04
2026-04-23 01:59:25,080 INFO Epoch 4 | Batch 600 | Loss: 1.4403 | LR: 2.94e-04
2026-04-23 01:59:31,200 INFO Epoch 4 | Batch 650 | Loss: 1.3319 | LR: 2.94e-04
2026-04-23 01:59:37,358 INFO Epoch 4 | Batch 700 | Loss: 1.1335 | LR: 2.93e-04
2026-04-23 01:59:43,412 INFO Epoch 4 | Batch 750 | Loss: 1.3362 | LR: 2.93e-04
2026-04-23 01:59:49,480 INFO Epoch 4 | Batch 800 | Loss: 1.1943 | LR: 2.93e-04
2026-04-23 01:59:55,462 INFO Epoch 4 | Batch 850 | Loss: 1.6085 | LR: 2.93e-04
2026-04-23 02:00:01,517 INFO Epoch 4 | Batch 900 | Loss: 1.3618 | LR: 2.93e-04
2026-04-23 02:00:07,514 INFO Epoch 4 | Batch 950 | Loss: 1.3384 | LR: 2.92e-04
2026-04-23 02:00:13,849 INFO Epoch 4 | Batch 1000 | Loss: 1.1722 | LR: 2.92e-04
2026-04-23 02:00:20,194 INFO Epoch 4 | Batch 1050 | Loss: 1.3710 | LR: 2.92e-04
2026-04-23 02:00:26,478 INFO Epoch 4 | Batch 1100 | Loss: 1.1975 | LR: 2.92e-04
2026-04-23 02:00:32,716 INFO Epoch 4 | Batch 1150 | Loss: 1.4789 | LR: 2.92e-04
2026-04-23 02:00:38,832 INFO Epoch 4 | Batch 1200 | Loss: 1.6380 | LR: 2.91e-04
2026-04-23 02:00:56,374 INFO Epoch 4 | Train: 1.3363 | Dev CER: 0.2562 | Dev WER: 0.6508 | Time: 168s | Peak: 4.7 GB
2026-04-23 02:00:56,374 INFO   New best CER: 0.2562
2026-04-23 02:00:59,616 INFO Epoch 5 | Batch 0 | Loss: 1.0324 | LR: 2.91e-04
2026-04-23 02:01:05,904 INFO Epoch 5 | Batch 50 | Loss: 1.2439 | LR: 2.91e-04
2026-04-23 02:01:12,116 INFO Epoch 5 | Batch 100 | Loss: 1.3206 | LR: 2.91e-04
2026-04-23 02:01:18,396 INFO Epoch 5 | Batch 150 | Loss: 1.2659 | LR: 2.91e-04
2026-04-23 02:01:24,354 INFO Epoch 5 | Batch 200 | Loss: 1.0988 | LR: 2.90e-04
2026-04-23 02:01:30,543 INFO Epoch 5 | Batch 250 | Loss: 1.8508 | LR: 2.90e-04
2026-04-23 02:01:36,461 INFO Epoch 5 | Batch 300 | Loss: 1.0281 | LR: 2.90e-04
2026-04-23 02:01:42,620 INFO Epoch 5 | Batch 350 | Loss: 1.0420 | LR: 2.90e-04
2026-04-23 02:01:48,649 INFO Epoch 5 | Batch 400 | Loss: 0.9311 | LR: 2.89e-04
2026-04-23 02:01:54,803 INFO Epoch 5 | Batch 450 | Loss: 1.3179 | LR: 2.89e-04
2026-04-23 02:02:01,375 INFO Epoch 5 | Batch 500 | Loss: 1.1408 | LR: 2.89e-04
2026-04-23 02:02:07,583 INFO Epoch 5 | Batch 550 | Loss: 1.2340 | LR: 2.89e-04
2026-04-23 02:02:13,819 INFO Epoch 5 | Batch 600 | Loss: 1.4067 | LR: 2.88e-04
2026-04-23 02:02:19,932 INFO Epoch 5 | Batch 650 | Loss: 1.4916 | LR: 2.88e-04
2026-04-23 02:02:25,902 INFO Epoch 5 | Batch 700 | Loss: 1.1625 | LR: 2.88e-04
2026-04-23 02:02:31,852 INFO Epoch 5 | Batch 750 | Loss: 1.0964 | LR: 2.88e-04
2026-04-23 02:02:37,836 INFO Epoch 5 | Batch 800 | Loss: 1.0793 | LR: 2.87e-04
2026-04-23 02:02:43,820 INFO Epoch 5 | Batch 850 | Loss: 1.2124 | LR: 2.87e-04
2026-04-23 02:02:49,916 INFO Epoch 5 | Batch 900 | Loss: 1.2976 | LR: 2.87e-04
2026-04-23 02:02:55,919 INFO Epoch 5 | Batch 950 | Loss: 1.6152 | LR: 2.87e-04
2026-04-23 02:03:02,099 INFO Epoch 5 | Batch 1000 | Loss: 1.4107 | LR: 2.86e-04
2026-04-23 02:03:08,153 INFO Epoch 5 | Batch 1050 | Loss: 1.1474 | LR: 2.86e-04
2026-04-23 02:03:14,223 INFO Epoch 5 | Batch 1100 | Loss: 1.2596 | LR: 2.86e-04
2026-04-23 02:03:20,242 INFO Epoch 5 | Batch 1150 | Loss: 1.5054 | LR: 2.86e-04
2026-04-23 02:03:26,217 INFO Epoch 5 | Batch 1200 | Loss: 1.2048 | LR: 2.85e-04
2026-04-23 02:03:44,481 INFO Epoch 5 | Train: 1.2187 | Dev CER: 0.2293 | Dev WER: 0.6157 | Time: 168s | Peak: 4.7 GB
2026-04-23 02:03:44,481 INFO   New best CER: 0.2293
2026-04-23 02:03:48,127 INFO Epoch 6 | Batch 0 | Loss: 1.1640 | LR: 2.85e-04
2026-04-23 02:03:54,112 INFO Epoch 6 | Batch 50 | Loss: 1.6932 | LR: 2.85e-04
2026-04-23 02:04:00,365 INFO Epoch 6 | Batch 100 | Loss: 1.3383 | LR: 2.84e-04
2026-04-23 02:04:06,463 INFO Epoch 6 | Batch 150 | Loss: 1.2737 | LR: 2.84e-04
2026-04-23 02:04:12,529 INFO Epoch 6 | Batch 200 | Loss: 1.3232 | LR: 2.84e-04
2026-04-23 02:04:18,747 INFO Epoch 6 | Batch 250 | Loss: 0.9467 | LR: 2.84e-04
2026-04-23 02:04:24,789 INFO Epoch 6 | Batch 300 | Loss: 0.9342 | LR: 2.83e-04
2026-04-23 02:04:30,983 INFO Epoch 6 | Batch 350 | Loss: 1.0682 | LR: 2.83e-04
2026-04-23 02:04:37,182 INFO Epoch 6 | Batch 400 | Loss: 0.9851 | LR: 2.83e-04
2026-04-23 02:04:43,333 INFO Epoch 6 | Batch 450 | Loss: 1.8344 | LR: 2.82e-04
2026-04-23 02:04:49,433 INFO Epoch 6 | Batch 500 | Loss: 0.9523 | LR: 2.82e-04
2026-04-23 02:04:55,729 INFO Epoch 6 | Batch 550 | Loss: 1.0130 | LR: 2.82e-04
2026-04-23 02:05:02,220 INFO Epoch 6 | Batch 600 | Loss: 1.1179 | LR: 2.81e-04
2026-04-23 02:05:08,365 INFO Epoch 6 | Batch 650 | Loss: 1.3310 | LR: 2.81e-04
2026-04-23 02:05:14,536 INFO Epoch 6 | Batch 700 | Loss: 1.3652 | LR: 2.81e-04
2026-04-23 02:05:20,558 INFO Epoch 6 | Batch 750 | Loss: 1.1904 | LR: 2.81e-04
2026-04-23 02:05:26,766 INFO Epoch 6 | Batch 800 | Loss: 1.1040 | LR: 2.80e-04
2026-04-23 02:05:33,068 INFO Epoch 6 | Batch 850 | Loss: 1.2077 | LR: 2.80e-04
2026-04-23 02:05:39,298 INFO Epoch 6 | Batch 900 | Loss: 0.9164 | LR: 2.80e-04
2026-04-23 02:05:45,358 INFO Epoch 6 | Batch 950 | Loss: 1.5281 | LR: 2.79e-04
2026-04-23 02:05:51,433 INFO Epoch 6 | Batch 1000 | Loss: 1.0682 | LR: 2.79e-04
2026-04-23 02:05:57,638 INFO Epoch 6 | Batch 1050 | Loss: 1.2989 | LR: 2.79e-04
2026-04-23 02:06:03,647 INFO Epoch 6 | Batch 1100 | Loss: 1.3148 | LR: 2.78e-04
2026-04-23 02:06:09,587 INFO Epoch 6 | Batch 1150 | Loss: 1.0856 | LR: 2.78e-04
2026-04-23 02:06:15,550 INFO Epoch 6 | Batch 1200 | Loss: 1.0126 | LR: 2.78e-04
2026-04-23 02:06:34,096 INFO Epoch 6 | Train: 1.1347 | Dev CER: 0.2087 | Dev WER: 0.5647 | Time: 169s | Peak: 4.7 GB
2026-04-23 02:06:34,096 INFO   New best CER: 0.2087
2026-04-23 02:06:37,582 INFO Epoch 7 | Batch 0 | Loss: 1.2199 | LR: 2.77e-04
2026-04-23 02:06:43,944 INFO Epoch 7 | Batch 50 | Loss: 1.3063 | LR: 2.77e-04
2026-04-23 02:06:50,249 INFO Epoch 7 | Batch 100 | Loss: 1.0152 | LR: 2.77e-04
2026-04-23 02:06:56,317 INFO Epoch 7 | Batch 150 | Loss: 1.1733 | LR: 2.76e-04
2026-04-23 02:07:02,559 INFO Epoch 7 | Batch 200 | Loss: 0.9562 | LR: 2.76e-04
2026-04-23 02:07:08,646 INFO Epoch 7 | Batch 250 | Loss: 1.1544 | LR: 2.76e-04
2026-04-23 02:07:14,667 INFO Epoch 7 | Batch 300 | Loss: 1.0069 | LR: 2.75e-04
2026-04-23 02:07:20,941 INFO Epoch 7 | Batch 350 | Loss: 1.2308 | LR: 2.75e-04
2026-04-23 02:07:27,028 INFO Epoch 7 | Batch 400 | Loss: 0.9246 | LR: 2.74e-04
2026-04-23 02:07:32,462 INFO Epoch 7 | Batch 450 | Loss: 1.2222 | LR: 2.74e-04
2026-04-23 02:07:37,161 INFO Epoch 7 | Batch 500 | Loss: 1.2566 | LR: 2.74e-04
2026-04-23 02:07:43,170 INFO Epoch 7 | Batch 550 | Loss: 0.9428 | LR: 2.73e-04
2026-04-23 02:07:49,294 INFO Epoch 7 | Batch 600 | Loss: 1.0646 | LR: 2.73e-04
2026-04-23 02:07:55,732 INFO Epoch 7 | Batch 650 | Loss: 1.2567 | LR: 2.73e-04
2026-04-23 02:08:01,968 INFO Epoch 7 | Batch 700 | Loss: 1.1749 | LR: 2.72e-04
2026-04-23 02:08:08,141 INFO Epoch 7 | Batch 750 | Loss: 1.2471 | LR: 2.72e-04
2026-04-23 02:08:14,393 INFO Epoch 7 | Batch 800 | Loss: 1.4845 | LR: 2.71e-04
2026-04-23 02:08:20,710 INFO Epoch 7 | Batch 850 | Loss: 1.2515 | LR: 2.71e-04
2026-04-23 02:08:26,806 INFO Epoch 7 | Batch 900 | Loss: 1.0323 | LR: 2.71e-04
2026-04-23 02:08:32,890 INFO Epoch 7 | Batch 950 | Loss: 0.9437 | LR: 2.70e-04
2026-04-23 02:08:39,051 INFO Epoch 7 | Batch 1000 | Loss: 0.9171 | LR: 2.70e-04
2026-04-23 02:08:45,197 INFO Epoch 7 | Batch 1050 | Loss: 1.2340 | LR: 2.69e-04
2026-04-23 02:08:51,430 INFO Epoch 7 | Batch 1100 | Loss: 1.5114 | LR: 2.69e-04
2026-04-23 02:08:57,532 INFO Epoch 7 | Batch 1150 | Loss: 0.9623 | LR: 2.69e-04
2026-04-23 02:09:03,909 INFO Epoch 7 | Batch 1200 | Loss: 0.7183 | LR: 2.68e-04
2026-04-23 02:09:21,032 INFO Epoch 7 | Train: 1.0808 | Dev CER: 0.1990 | Dev WER: 0.5411 | Time: 166s | Peak: 4.7 GB
2026-04-23 02:09:21,033 INFO   New best CER: 0.1990
2026-04-23 02:09:24,450 INFO Epoch 8 | Batch 0 | Loss: 0.9546 | LR: 2.68e-04
2026-04-23 02:09:30,443 INFO Epoch 8 | Batch 50 | Loss: 1.0908 | LR: 2.68e-04
2026-04-23 02:09:36,578 INFO Epoch 8 | Batch 100 | Loss: 1.1336 | LR: 2.67e-04
2026-04-23 02:09:42,439 INFO Epoch 8 | Batch 150 | Loss: 1.2420 | LR: 2.67e-04
2026-04-23 02:09:48,458 INFO Epoch 8 | Batch 200 | Loss: 1.0092 | LR: 2.66e-04
2026-04-23 02:09:54,407 INFO Epoch 8 | Batch 250 | Loss: 1.2133 | LR: 2.66e-04
2026-04-23 02:10:00,468 INFO Epoch 8 | Batch 300 | Loss: 0.9647 | LR: 2.66e-04
2026-04-23 02:10:06,526 INFO Epoch 8 | Batch 350 | Loss: 1.2949 | LR: 2.65e-04
2026-04-23 02:10:12,659 INFO Epoch 8 | Batch 400 | Loss: 0.8716 | LR: 2.65e-04
2026-04-23 02:10:18,566 INFO Epoch 8 | Batch 450 | Loss: 1.2137 | LR: 2.64e-04
2026-04-23 02:10:24,599 INFO Epoch 8 | Batch 500 | Loss: 0.9892 | LR: 2.64e-04
2026-04-23 02:10:30,519 INFO Epoch 8 | Batch 550 | Loss: 1.0064 | LR: 2.63e-04
2026-04-23 02:10:36,570 INFO Epoch 8 | Batch 600 | Loss: 0.8545 | LR: 2.63e-04
2026-04-23 02:10:42,439 INFO Epoch 8 | Batch 650 | Loss: 0.9691 | LR: 2.63e-04
2026-04-23 02:10:48,267 INFO Epoch 8 | Batch 700 | Loss: 0.8596 | LR: 2.62e-04
2026-04-23 02:10:54,328 INFO Epoch 8 | Batch 750 | Loss: 0.8176 | LR: 2.62e-04
2026-04-23 02:11:00,617 INFO Epoch 8 | Batch 800 | Loss: 1.0364 | LR: 2.61e-04
2026-04-23 02:11:06,556 INFO Epoch 8 | Batch 850 | Loss: 0.7428 | LR: 2.61e-04
2026-04-23 02:11:12,597 INFO Epoch 8 | Batch 900 | Loss: 1.1516 | LR: 2.60e-04
2026-04-23 02:11:18,554 INFO Epoch 8 | Batch 950 | Loss: 1.0853 | LR: 2.60e-04
2026-04-23 02:11:24,383 INFO Epoch 8 | Batch 1000 | Loss: 0.8501 | LR: 2.60e-04
2026-04-23 02:11:30,162 INFO Epoch 8 | Batch 1050 | Loss: 0.8933 | LR: 2.59e-04
2026-04-23 02:11:36,367 INFO Epoch 8 | Batch 1100 | Loss: 0.9242 | LR: 2.59e-04
2026-04-23 02:11:42,374 INFO Epoch 8 | Batch 1150 | Loss: 0.8407 | LR: 2.58e-04
2026-04-23 02:11:48,306 INFO Epoch 8 | Batch 1200 | Loss: 0.8604 | LR: 2.58e-04
2026-04-23 02:12:05,765 INFO Epoch 8 | Train: 1.0241 | Dev CER: 0.1838 | Dev WER: 0.5150 | Time: 164s | Peak: 4.7 GB
2026-04-23 02:12:05,765 INFO   New best CER: 0.1838
2026-04-23 02:12:09,674 INFO Epoch 9 | Batch 0 | Loss: 0.9680 | LR: 2.57e-04
2026-04-23 02:12:15,852 INFO Epoch 9 | Batch 50 | Loss: 1.0328 | LR: 2.57e-04
2026-04-23 02:12:21,948 INFO Epoch 9 | Batch 100 | Loss: 0.9118 | LR: 2.56e-04
2026-04-23 02:12:28,087 INFO Epoch 9 | Batch 150 | Loss: 1.0783 | LR: 2.56e-04
2026-04-23 02:12:34,183 INFO Epoch 9 | Batch 200 | Loss: 0.9629 | LR: 2.56e-04
2026-04-23 02:12:40,421 INFO Epoch 9 | Batch 250 | Loss: 1.0758 | LR: 2.55e-04
2026-04-23 02:12:46,420 INFO Epoch 9 | Batch 300 | Loss: 0.9401 | LR: 2.55e-04
2026-04-23 02:12:52,487 INFO Epoch 9 | Batch 350 | Loss: 1.2053 | LR: 2.54e-04
2026-04-23 02:12:58,536 INFO Epoch 9 | Batch 400 | Loss: 0.8775 | LR: 2.54e-04
2026-04-23 02:13:04,689 INFO Epoch 9 | Batch 450 | Loss: 0.7768 | LR: 2.53e-04
2026-04-23 02:13:10,877 INFO Epoch 9 | Batch 500 | Loss: 0.8173 | LR: 2.53e-04
2026-04-23 02:13:16,991 INFO Epoch 9 | Batch 550 | Loss: 0.7529 | LR: 2.52e-04
2026-04-23 02:13:23,056 INFO Epoch 9 | Batch 600 | Loss: 0.8920 | LR: 2.52e-04
2026-04-23 02:13:29,255 INFO Epoch 9 | Batch 650 | Loss: 1.0851 | LR: 2.51e-04
2026-04-23 02:13:35,545 INFO Epoch 9 | Batch 700 | Loss: 0.7515 | LR: 2.51e-04
2026-04-23 02:13:41,677 INFO Epoch 9 | Batch 750 | Loss: 0.9499 | LR: 2.50e-04
2026-04-23 02:13:47,792 INFO Epoch 9 | Batch 800 | Loss: 0.9813 | LR: 2.50e-04
2026-04-23 02:13:53,814 INFO Epoch 9 | Batch 850 | Loss: 1.1356 | LR: 2.49e-04
2026-04-23 02:14:00,006 INFO Epoch 9 | Batch 900 | Loss: 1.1763 | LR: 2.49e-04
2026-04-23 02:14:06,381 INFO Epoch 9 | Batch 950 | Loss: 1.0070 | LR: 2.48e-04
2026-04-23 02:14:12,521 INFO Epoch 9 | Batch 1000 | Loss: 0.9047 | LR: 2.48e-04
2026-04-23 02:14:18,691 INFO Epoch 9 | Batch 1050 | Loss: 1.1482 | LR: 2.47e-04
2026-04-23 02:14:24,725 INFO Epoch 9 | Batch 1100 | Loss: 0.8163 | LR: 2.47e-04
2026-04-23 02:14:30,829 INFO Epoch 9 | Batch 1150 | Loss: 0.7820 | LR: 2.46e-04
2026-04-23 02:14:36,935 INFO Epoch 9 | Batch 1200 | Loss: 0.9447 | LR: 2.46e-04
2026-04-23 02:14:53,317 INFO Epoch 9 | Train: 0.9878 | Dev CER: 0.1750 | Dev WER: 0.4937 | Time: 167s | Peak: 4.7 GB
2026-04-23 02:14:53,317 INFO   New best CER: 0.1750
2026-04-23 02:14:56,605 INFO Epoch 10 | Batch 0 | Loss: 0.9197 | LR: 2.46e-04
2026-04-23 02:15:02,660 INFO Epoch 10 | Batch 50 | Loss: 0.9536 | LR: 2.45e-04
2026-04-23 02:15:08,789 INFO Epoch 10 | Batch 100 | Loss: 0.8675 | LR: 2.45e-04
2026-04-23 02:15:15,064 INFO Epoch 10 | Batch 150 | Loss: 0.9182 | LR: 2.44e-04
2026-04-23 02:15:21,351 INFO Epoch 10 | Batch 200 | Loss: 0.9255 | LR: 2.44e-04
2026-04-23 02:15:27,553 INFO Epoch 10 | Batch 250 | Loss: 0.7865 | LR: 2.43e-04
2026-04-23 02:15:33,743 INFO Epoch 10 | Batch 300 | Loss: 0.8102 | LR: 2.43e-04
2026-04-23 02:15:40,040 INFO Epoch 10 | Batch 350 | Loss: 0.7746 | LR: 2.42e-04
2026-04-23 02:15:46,128 INFO Epoch 10 | Batch 400 | Loss: 0.6411 | LR: 2.41e-04
2026-04-23 02:15:52,272 INFO Epoch 10 | Batch 450 | Loss: 1.0416 | LR: 2.41e-04
2026-04-23 02:15:58,256 INFO Epoch 10 | Batch 500 | Loss: 0.7884 | LR: 2.40e-04
2026-04-23 02:16:04,260 INFO Epoch 10 | Batch 550 | Loss: 0.9350 | LR: 2.40e-04
2026-04-23 02:16:10,434 INFO Epoch 10 | Batch 600 | Loss: 1.0480 | LR: 2.39e-04
2026-04-23 02:16:16,492 INFO Epoch 10 | Batch 650 | Loss: 0.9297 | LR: 2.39e-04
2026-04-23 02:16:22,826 INFO Epoch 10 | Batch 700 | Loss: 1.5107 | LR: 2.38e-04
2026-04-23 02:16:28,963 INFO Epoch 10 | Batch 750 | Loss: 0.6462 | LR: 2.38e-04
2026-04-23 02:16:35,176 INFO Epoch 10 | Batch 800 | Loss: 1.5247 | LR: 2.37e-04
2026-04-23 02:16:41,280 INFO Epoch 10 | Batch 850 | Loss: 0.7587 | LR: 2.37e-04
2026-04-23 02:16:47,450 INFO Epoch 10 | Batch 900 | Loss: 0.7333 | LR: 2.36e-04
2026-04-23 02:16:53,517 INFO Epoch 10 | Batch 950 | Loss: 0.8261 | LR: 2.36e-04
2026-04-23 02:16:59,567 INFO Epoch 10 | Batch 1000 | Loss: 0.7814 | LR: 2.35e-04
2026-04-23 02:17:05,825 INFO Epoch 10 | Batch 1050 | Loss: 0.8089 | LR: 2.35e-04
2026-04-23 02:17:11,985 INFO Epoch 10 | Batch 1100 | Loss: 0.7154 | LR: 2.34e-04
2026-04-23 02:17:18,369 INFO Epoch 10 | Batch 1150 | Loss: 0.8333 | LR: 2.34e-04
2026-04-23 02:17:24,374 INFO Epoch 10 | Batch 1200 | Loss: 0.8428 | LR: 2.33e-04
2026-04-23 02:17:42,816 INFO Epoch 10 | Train: 0.9427 | Dev CER: 0.1637 | Dev WER: 0.4661 | Time: 169s | Peak: 4.7 GB
2026-04-23 02:17:42,816 INFO   New best CER: 0.1637
2026-04-23 02:17:46,786 INFO Epoch 11 | Batch 0 | Loss: 0.9217 | LR: 2.33e-04
2026-04-23 02:17:52,877 INFO Epoch 11 | Batch 50 | Loss: 0.9006 | LR: 2.32e-04
2026-04-23 02:17:59,127 INFO Epoch 11 | Batch 100 | Loss: 0.6577 | LR: 2.32e-04
2026-04-23 02:18:05,331 INFO Epoch 11 | Batch 150 | Loss: 0.6737 | LR: 2.31e-04
2026-04-23 02:18:11,553 INFO Epoch 11 | Batch 200 | Loss: 1.1485 | LR: 2.30e-04
2026-04-23 02:18:17,800 INFO Epoch 11 | Batch 250 | Loss: 0.9743 | LR: 2.30e-04
2026-04-23 02:18:23,908 INFO Epoch 11 | Batch 300 | Loss: 1.0640 | LR: 2.29e-04
2026-04-23 02:18:30,115 INFO Epoch 11 | Batch 350 | Loss: 1.0410 | LR: 2.29e-04
2026-04-23 02:18:36,128 INFO Epoch 11 | Batch 400 | Loss: 0.5933 | LR: 2.28e-04
2026-04-23 02:18:42,445 INFO Epoch 11 | Batch 450 | Loss: 0.6324 | LR: 2.28e-04
2026-04-23 02:18:48,691 INFO Epoch 11 | Batch 500 | Loss: 0.9227 | LR: 2.27e-04
2026-04-23 02:18:54,911 INFO Epoch 11 | Batch 550 | Loss: 0.9401 | LR: 2.27e-04
2026-04-23 02:19:00,952 INFO Epoch 11 | Batch 600 | Loss: 0.9163 | LR: 2.26e-04
2026-04-23 02:19:06,954 INFO Epoch 11 | Batch 650 | Loss: 1.3059 | LR: 2.25e-04
2026-04-23 02:19:12,792 INFO Epoch 11 | Batch 700 | Loss: 0.8692 | LR: 2.25e-04
2026-04-23 02:19:18,818 INFO Epoch 11 | Batch 750 | Loss: 0.8864 | LR: 2.24e-04
2026-04-23 02:19:24,670 INFO Epoch 11 | Batch 800 | Loss: 0.9916 | LR: 2.24e-04
2026-04-23 02:19:30,607 INFO Epoch 11 | Batch 850 | Loss: 0.8463 | LR: 2.23e-04
2026-04-23 02:19:36,518 INFO Epoch 11 | Batch 900 | Loss: 0.7745 | LR: 2.23e-04
2026-04-23 02:19:42,401 INFO Epoch 11 | Batch 950 | Loss: 0.5874 | LR: 2.22e-04
2026-04-23 02:19:48,163 INFO Epoch 11 | Batch 1000 | Loss: 0.7621 | LR: 2.21e-04
2026-04-23 02:19:53,956 INFO Epoch 11 | Batch 1050 | Loss: 0.9626 | LR: 2.21e-04
2026-04-23 02:19:59,725 INFO Epoch 11 | Batch 1100 | Loss: 0.8772 | LR: 2.20e-04
2026-04-23 02:20:05,680 INFO Epoch 11 | Batch 1150 | Loss: 0.9605 | LR: 2.20e-04
2026-04-23 02:20:11,642 INFO Epoch 11 | Batch 1200 | Loss: 0.6798 | LR: 2.19e-04
2026-04-23 02:20:29,282 INFO Epoch 11 | Train: 0.9092 | Dev CER: 0.1608 | Dev WER: 0.4546 | Time: 166s | Peak: 4.7 GB
2026-04-23 02:20:29,283 INFO   New best CER: 0.1608
2026-04-23 02:20:32,754 INFO Epoch 12 | Batch 0 | Loss: 0.7950 | LR: 2.19e-04
2026-04-23 02:20:39,104 INFO Epoch 12 | Batch 50 | Loss: 1.8359 | LR: 2.18e-04
2026-04-23 02:20:45,275 INFO Epoch 12 | Batch 100 | Loss: 1.4844 | LR: 2.18e-04
2026-04-23 02:20:51,613 INFO Epoch 12 | Batch 150 | Loss: 0.8710 | LR: 2.17e-04
2026-04-23 02:20:57,983 INFO Epoch 12 | Batch 200 | Loss: 0.6210 | LR: 2.16e-04
2026-04-23 02:21:04,161 INFO Epoch 12 | Batch 250 | Loss: 0.8440 | LR: 2.16e-04
2026-04-23 02:21:10,610 INFO Epoch 12 | Batch 300 | Loss: 0.6617 | LR: 2.15e-04
2026-04-23 02:21:16,958 INFO Epoch 12 | Batch 350 | Loss: 1.0420 | LR: 2.15e-04
2026-04-23 02:21:23,189 INFO Epoch 12 | Batch 400 | Loss: 0.8779 | LR: 2.14e-04
2026-04-23 02:21:29,558 INFO Epoch 12 | Batch 450 | Loss: 0.8031 | LR: 2.13e-04
2026-04-23 02:21:35,903 INFO Epoch 12 | Batch 500 | Loss: 0.7375 | LR: 2.13e-04
2026-04-23 02:21:41,991 INFO Epoch 12 | Batch 550 | Loss: 1.1015 | LR: 2.12e-04
2026-04-23 02:21:48,426 INFO Epoch 12 | Batch 600 | Loss: 0.7964 | LR: 2.12e-04
2026-04-23 02:21:54,742 INFO Epoch 12 | Batch 650 | Loss: 0.9916 | LR: 2.11e-04
2026-04-23 02:22:00,888 INFO Epoch 12 | Batch 700 | Loss: 0.8907 | LR: 2.11e-04
2026-04-23 02:22:07,173 INFO Epoch 12 | Batch 750 | Loss: 0.5874 | LR: 2.10e-04
2026-04-23 02:22:13,334 INFO Epoch 12 | Batch 800 | Loss: 0.7578 | LR: 2.09e-04
2026-04-23 02:22:19,710 INFO Epoch 12 | Batch 850 | Loss: 0.8205 | LR: 2.09e-04
2026-04-23 02:22:25,700 INFO Epoch 12 | Batch 900 | Loss: 0.9812 | LR: 2.08e-04
2026-04-23 02:22:31,709 INFO Epoch 12 | Batch 950 | Loss: 1.0716 | LR: 2.08e-04
2026-04-23 02:22:37,755 INFO Epoch 12 | Batch 1000 | Loss: 1.0026 | LR: 2.07e-04
2026-04-23 02:22:43,851 INFO Epoch 12 | Batch 1050 | Loss: 0.8477 | LR: 2.06e-04
2026-04-23 02:22:49,970 INFO Epoch 12 | Batch 1100 | Loss: 0.8113 | LR: 2.06e-04
2026-04-23 02:22:56,170 INFO Epoch 12 | Batch 1150 | Loss: 0.8210 | LR: 2.05e-04
2026-04-23 02:23:02,458 INFO Epoch 12 | Batch 1200 | Loss: 1.0341 | LR: 2.04e-04
2026-04-23 02:23:17,213 INFO Epoch 12 | Train: 0.8894 | Dev CER: 0.1517 | Dev WER: 0.4392 | Time: 167s | Peak: 4.7 GB
2026-04-23 02:23:17,213 INFO   New best CER: 0.1517
2026-04-23 02:23:21,156 INFO Epoch 13 | Batch 0 | Loss: 0.9139 | LR: 2.04e-04
2026-04-23 02:23:27,485 INFO Epoch 13 | Batch 50 | Loss: 0.6934 | LR: 2.03e-04
2026-04-23 02:23:33,896 INFO Epoch 13 | Batch 100 | Loss: 0.7173 | LR: 2.03e-04
2026-04-23 02:23:40,249 INFO Epoch 13 | Batch 150 | Loss: 0.6688 | LR: 2.02e-04
2026-04-23 02:23:46,537 INFO Epoch 13 | Batch 200 | Loss: 0.7475 | LR: 2.02e-04
2026-04-23 02:23:52,836 INFO Epoch 13 | Batch 250 | Loss: 0.9284 | LR: 2.01e-04
2026-04-23 02:23:59,006 INFO Epoch 13 | Batch 300 | Loss: 0.7531 | LR: 2.00e-04
2026-04-23 02:24:05,370 INFO Epoch 13 | Batch 350 | Loss: 0.9793 | LR: 2.00e-04
2026-04-23 02:24:11,387 INFO Epoch 13 | Batch 400 | Loss: 0.8251 | LR: 1.99e-04
2026-04-23 02:24:17,279 INFO Epoch 13 | Batch 450 | Loss: 0.7717 | LR: 1.99e-04
2026-04-23 02:24:23,153 INFO Epoch 13 | Batch 500 | Loss: 0.6850 | LR: 1.98e-04
2026-04-23 02:24:29,611 INFO Epoch 13 | Batch 550 | Loss: 0.7211 | LR: 1.97e-04
2026-04-23 02:24:35,835 INFO Epoch 13 | Batch 600 | Loss: 0.7495 | LR: 1.97e-04
2026-04-23 02:24:42,164 INFO Epoch 13 | Batch 650 | Loss: 0.9272 | LR: 1.96e-04
2026-04-23 02:24:48,345 INFO Epoch 13 | Batch 700 | Loss: 0.9304 | LR: 1.95e-04
2026-04-23 02:24:54,630 INFO Epoch 13 | Batch 750 | Loss: 0.8222 | LR: 1.95e-04
2026-04-23 02:25:00,922 INFO Epoch 13 | Batch 800 | Loss: 0.7406 | LR: 1.94e-04
2026-04-23 02:25:07,017 INFO Epoch 13 | Batch 850 | Loss: 1.2552 | LR: 1.94e-04
2026-04-23 02:25:13,137 INFO Epoch 13 | Batch 900 | Loss: 0.9607 | LR: 1.93e-04
2026-04-23 02:25:19,236 INFO Epoch 13 | Batch 950 | Loss: 0.8680 | LR: 1.92e-04
2026-04-23 02:25:25,402 INFO Epoch 13 | Batch 1000 | Loss: 0.7811 | LR: 1.92e-04
2026-04-23 02:25:31,481 INFO Epoch 13 | Batch 1050 | Loss: 0.6692 | LR: 1.91e-04
2026-04-23 02:25:37,765 INFO Epoch 13 | Batch 1100 | Loss: 1.3810 | LR: 1.90e-04
2026-04-23 02:25:44,271 INFO Epoch 13 | Batch 1150 | Loss: 0.9633 | LR: 1.90e-04
2026-04-23 02:25:50,423 INFO Epoch 13 | Batch 1200 | Loss: 1.2286 | LR: 1.89e-04
2026-04-23 02:26:06,559 INFO Epoch 13 | Train: 0.8568 | Dev CER: 0.1497 | Dev WER: 0.4302 | Time: 169s | Peak: 4.7 GB
2026-04-23 02:26:06,559 INFO   New best CER: 0.1497
2026-04-23 02:26:10,382 INFO Epoch 14 | Batch 0 | Loss: 0.8845 | LR: 1.89e-04
2026-04-23 02:26:16,924 INFO Epoch 14 | Batch 50 | Loss: 1.0901 | LR: 1.88e-04
2026-04-23 02:26:23,267 INFO Epoch 14 | Batch 100 | Loss: 0.7531 | LR: 1.87e-04
2026-04-23 02:26:29,590 INFO Epoch 14 | Batch 150 | Loss: 0.7625 | LR: 1.87e-04
2026-04-23 02:26:35,931 INFO Epoch 14 | Batch 200 | Loss: 0.7761 | LR: 1.86e-04
2026-04-23 02:26:42,168 INFO Epoch 14 | Batch 250 | Loss: 0.9469 | LR: 1.86e-04
2026-04-23 02:26:48,647 INFO Epoch 14 | Batch 300 | Loss: 0.6844 | LR: 1.85e-04
2026-04-23 02:26:55,102 INFO Epoch 14 | Batch 350 | Loss: 0.9242 | LR: 1.84e-04
2026-04-23 02:27:01,367 INFO Epoch 14 | Batch 400 | Loss: 0.8139 | LR: 1.84e-04
2026-04-23 02:27:07,777 INFO Epoch 14 | Batch 450 | Loss: 0.9208 | LR: 1.83e-04
2026-04-23 02:27:13,724 INFO Epoch 14 | Batch 500 | Loss: 0.8443 | LR: 1.82e-04
2026-04-23 02:27:19,819 INFO Epoch 14 | Batch 550 | Loss: 0.8690 | LR: 1.82e-04
2026-04-23 02:27:25,837 INFO Epoch 14 | Batch 600 | Loss: 1.0150 | LR: 1.81e-04
2026-04-23 02:27:31,987 INFO Epoch 14 | Batch 650 | Loss: 0.7338 | LR: 1.81e-04
2026-04-23 02:27:38,210 INFO Epoch 14 | Batch 700 | Loss: 0.8574 | LR: 1.80e-04
2026-04-23 02:27:44,367 INFO Epoch 14 | Batch 750 | Loss: 0.6935 | LR: 1.79e-04
2026-04-23 02:27:50,480 INFO Epoch 14 | Batch 800 | Loss: 0.7767 | LR: 1.79e-04
2026-04-23 02:27:56,681 INFO Epoch 14 | Batch 850 | Loss: 0.7190 | LR: 1.78e-04
2026-04-23 02:28:02,938 INFO Epoch 14 | Batch 900 | Loss: 0.7881 | LR: 1.77e-04
2026-04-23 02:28:09,116 INFO Epoch 14 | Batch 950 | Loss: 0.8853 | LR: 1.77e-04
2026-04-23 02:28:15,360 INFO Epoch 14 | Batch 1000 | Loss: 0.7021 | LR: 1.76e-04
2026-04-23 02:28:21,393 INFO Epoch 14 | Batch 1050 | Loss: 0.8741 | LR: 1.75e-04
2026-04-23 02:28:27,616 INFO Epoch 14 | Batch 1100 | Loss: 0.7333 | LR: 1.75e-04
2026-04-23 02:28:33,606 INFO Epoch 14 | Batch 1150 | Loss: 0.8187 | LR: 1.74e-04
2026-04-23 02:28:39,859 INFO Epoch 14 | Batch 1200 | Loss: 0.8656 | LR: 1.73e-04
2026-04-23 02:28:57,690 INFO Epoch 14 | Train: 0.8427 | Dev CER: 0.1421 | Dev WER: 0.4132 | Time: 170s | Peak: 4.7 GB
2026-04-23 02:28:57,691 INFO   New best CER: 0.1421
2026-04-23 02:29:01,400 INFO Epoch 15 | Batch 0 | Loss: 0.7286 | LR: 1.73e-04
2026-04-23 02:29:07,860 INFO Epoch 15 | Batch 50 | Loss: 0.8072 | LR: 1.72e-04
2026-04-23 02:29:14,194 INFO Epoch 15 | Batch 100 | Loss: 0.6188 | LR: 1.72e-04
2026-04-23 02:29:20,593 INFO Epoch 15 | Batch 150 | Loss: 0.6681 | LR: 1.71e-04
2026-04-23 02:29:26,892 INFO Epoch 15 | Batch 200 | Loss: 0.9452 | LR: 1.70e-04
2026-04-23 02:29:32,909 INFO Epoch 15 | Batch 250 | Loss: 0.6771 | LR: 1.70e-04
2026-04-23 02:29:39,022 INFO Epoch 15 | Batch 300 | Loss: 0.8467 | LR: 1.69e-04
2026-04-23 02:29:45,198 INFO Epoch 15 | Batch 350 | Loss: 0.6866 | LR: 1.68e-04
2026-04-23 02:29:51,158 INFO Epoch 15 | Batch 400 | Loss: 0.7040 | LR: 1.68e-04
2026-04-23 02:29:57,297 INFO Epoch 15 | Batch 450 | Loss: 0.5943 | LR: 1.67e-04
2026-04-23 02:30:03,226 INFO Epoch 15 | Batch 500 | Loss: 0.9171 | LR: 1.67e-04
2026-04-23 02:30:09,336 INFO Epoch 15 | Batch 550 | Loss: 0.6658 | LR: 1.66e-04
2026-04-23 02:30:15,195 INFO Epoch 15 | Batch 600 | Loss: 0.5877 | LR: 1.65e-04
2026-04-23 02:30:21,302 INFO Epoch 15 | Batch 650 | Loss: 0.6285 | LR: 1.65e-04
2026-04-23 02:30:27,258 INFO Epoch 15 | Batch 700 | Loss: 0.7824 | LR: 1.64e-04
2026-04-23 02:30:33,332 INFO Epoch 15 | Batch 750 | Loss: 0.8346 | LR: 1.63e-04
2026-04-23 02:30:39,286 INFO Epoch 15 | Batch 800 | Loss: 0.8186 | LR: 1.63e-04
2026-04-23 02:30:45,473 INFO Epoch 15 | Batch 850 | Loss: 0.6633 | LR: 1.62e-04
2026-04-23 02:30:51,615 INFO Epoch 15 | Batch 900 | Loss: 0.9175 | LR: 1.61e-04
2026-04-23 02:30:57,888 INFO Epoch 15 | Batch 950 | Loss: 0.8695 | LR: 1.61e-04
2026-04-23 02:31:04,129 INFO Epoch 15 | Batch 1000 | Loss: 0.7323 | LR: 1.60e-04
2026-04-23 02:31:10,266 INFO Epoch 15 | Batch 1050 | Loss: 0.6516 | LR: 1.59e-04
2026-04-23 02:31:16,369 INFO Epoch 15 | Batch 1100 | Loss: 0.8126 | LR: 1.59e-04
2026-04-23 02:31:22,625 INFO Epoch 15 | Batch 1150 | Loss: 0.8573 | LR: 1.58e-04
2026-04-23 02:31:28,514 INFO Epoch 15 | Batch 1200 | Loss: 0.9454 | LR: 1.57e-04
2026-04-23 02:31:43,854 INFO Epoch 15 | Train: 0.8194 | Dev CER: 0.1394 | Dev WER: 0.4068 | Time: 165s | Peak: 4.7 GB
2026-04-23 02:31:43,854 INFO   New best CER: 0.1394
2026-04-23 02:31:47,898 INFO Epoch 16 | Batch 0 | Loss: 0.7483 | LR: 1.57e-04
2026-04-23 02:31:54,168 INFO Epoch 16 | Batch 50 | Loss: 0.7251 | LR: 1.56e-04
2026-04-23 02:32:00,383 INFO Epoch 16 | Batch 100 | Loss: 0.9892 | LR: 1.56e-04
2026-04-23 02:32:06,957 INFO Epoch 16 | Batch 150 | Loss: 0.6727 | LR: 1.55e-04
2026-04-23 02:32:12,913 INFO Epoch 16 | Batch 200 | Loss: 0.5738 | LR: 1.54e-04
2026-04-23 02:32:19,111 INFO Epoch 16 | Batch 250 | Loss: 0.8728 | LR: 1.54e-04
2026-04-23 02:32:25,479 INFO Epoch 16 | Batch 300 | Loss: 0.8992 | LR: 1.53e-04
2026-04-23 02:32:31,764 INFO Epoch 16 | Batch 350 | Loss: 0.7057 | LR: 1.52e-04
2026-04-23 02:32:37,951 INFO Epoch 16 | Batch 400 | Loss: 0.6327 | LR: 1.52e-04
2026-04-23 02:32:44,094 INFO Epoch 16 | Batch 450 | Loss: 0.7676 | LR: 1.51e-04
2026-04-23 02:32:50,302 INFO Epoch 16 | Batch 500 | Loss: 0.8073 | LR: 1.50e-04
2026-04-23 02:32:56,442 INFO Epoch 16 | Batch 550 | Loss: 0.7086 | LR: 1.50e-04
2026-04-23 02:33:02,573 INFO Epoch 16 | Batch 600 | Loss: 0.9250 | LR: 1.49e-04
2026-04-23 02:33:08,076 INFO Epoch 16 | Batch 650 | Loss: 0.7301 | LR: 1.49e-04
2026-04-23 02:33:13,011 INFO Epoch 16 | Batch 700 | Loss: 0.9868 | LR: 1.48e-04
2026-04-23 02:33:18,098 INFO Epoch 16 | Batch 750 | Loss: 0.8940 | LR: 1.47e-04
2026-04-23 02:33:23,055 INFO Epoch 16 | Batch 800 | Loss: 0.7115 | LR: 1.47e-04
2026-04-23 02:33:27,815 INFO Epoch 16 | Batch 850 | Loss: 0.5939 | LR: 1.46e-04
2026-04-23 02:33:32,710 INFO Epoch 16 | Batch 900 | Loss: 1.0986 | LR: 1.45e-04
2026-04-23 02:33:37,534 INFO Epoch 16 | Batch 950 | Loss: 0.6906 | LR: 1.45e-04
2026-04-23 02:33:43,268 INFO Epoch 16 | Batch 1000 | Loss: 0.7499 | LR: 1.44e-04
2026-04-23 02:33:49,378 INFO Epoch 16 | Batch 1050 | Loss: 0.7146 | LR: 1.43e-04
2026-04-23 02:33:55,394 INFO Epoch 16 | Batch 1100 | Loss: 0.7090 | LR: 1.43e-04
2026-04-23 02:34:01,526 INFO Epoch 16 | Batch 1150 | Loss: 0.7588 | LR: 1.42e-04
2026-04-23 02:34:07,643 INFO Epoch 16 | Batch 1200 | Loss: 0.6018 | LR: 1.41e-04
2026-04-23 02:34:26,917 INFO Epoch 16 | Train: 0.8018 | Dev CER: 0.1370 | Dev WER: 0.4009 | Time: 162s | Peak: 4.7 GB
2026-04-23 02:34:26,918 INFO   New best CER: 0.1370
2026-04-23 02:34:30,572 INFO Epoch 17 | Batch 0 | Loss: 0.5904 | LR: 1.41e-04
2026-04-23 02:34:37,013 INFO Epoch 17 | Batch 50 | Loss: 0.8636 | LR: 1.40e-04
2026-04-23 02:34:43,436 INFO Epoch 17 | Batch 100 | Loss: 0.7802 | LR: 1.40e-04
2026-04-23 02:34:49,810 INFO Epoch 17 | Batch 150 | Loss: 0.8339 | LR: 1.39e-04
2026-04-23 02:34:56,309 INFO Epoch 17 | Batch 200 | Loss: 0.7533 | LR: 1.38e-04
2026-04-23 02:35:02,899 INFO Epoch 17 | Batch 250 | Loss: 0.6161 | LR: 1.38e-04
2026-04-23 02:35:09,225 INFO Epoch 17 | Batch 300 | Loss: 0.7709 | LR: 1.37e-04
2026-04-23 02:35:15,695 INFO Epoch 17 | Batch 350 | Loss: 0.5953 | LR: 1.36e-04
2026-04-23 02:35:22,182 INFO Epoch 17 | Batch 400 | Loss: 0.7185 | LR: 1.36e-04
2026-04-23 02:35:28,559 INFO Epoch 17 | Batch 450 | Loss: 0.8980 | LR: 1.35e-04
2026-04-23 02:35:34,941 INFO Epoch 17 | Batch 500 | Loss: 0.7979 | LR: 1.34e-04
2026-04-23 02:35:41,286 INFO Epoch 17 | Batch 550 | Loss: 0.7292 | LR: 1.34e-04
2026-04-23 02:35:47,688 INFO Epoch 17 | Batch 600 | Loss: 0.6584 | LR: 1.33e-04
2026-04-23 02:35:54,057 INFO Epoch 17 | Batch 650 | Loss: 0.8187 | LR: 1.32e-04
2026-04-23 02:36:00,499 INFO Epoch 17 | Batch 700 | Loss: 0.6272 | LR: 1.32e-04
2026-04-23 02:36:06,831 INFO Epoch 17 | Batch 750 | Loss: 0.7491 | LR: 1.31e-04
2026-04-23 02:36:13,250 INFO Epoch 17 | Batch 800 | Loss: 0.6339 | LR: 1.31e-04
2026-04-23 02:36:19,570 INFO Epoch 17 | Batch 850 | Loss: 0.8711 | LR: 1.30e-04
2026-04-23 02:36:25,947 INFO Epoch 17 | Batch 900 | Loss: 0.5777 | LR: 1.29e-04
2026-04-23 02:36:32,139 INFO Epoch 17 | Batch 950 | Loss: 0.7833 | LR: 1.29e-04
2026-04-23 02:36:38,590 INFO Epoch 17 | Batch 1000 | Loss: 0.7840 | LR: 1.28e-04
2026-04-23 02:36:44,990 INFO Epoch 17 | Batch 1050 | Loss: 0.6352 | LR: 1.27e-04
2026-04-23 02:36:51,495 INFO Epoch 17 | Batch 1100 | Loss: 0.6680 | LR: 1.27e-04
2026-04-23 02:36:57,826 INFO Epoch 17 | Batch 1150 | Loss: 0.8950 | LR: 1.26e-04
2026-04-23 02:37:04,121 INFO Epoch 17 | Batch 1200 | Loss: 0.8138 | LR: 1.25e-04
2026-04-23 02:37:22,533 INFO Epoch 17 | Train: 0.7843 | Dev CER: 0.1350 | Dev WER: 0.3946 | Time: 175s | Peak: 4.7 GB
2026-04-23 02:37:22,533 INFO   New best CER: 0.1350
2026-04-23 02:37:26,314 INFO Epoch 18 | Batch 0 | Loss: 1.0511 | LR: 1.25e-04
2026-04-23 02:37:32,893 INFO Epoch 18 | Batch 50 | Loss: 0.6591 | LR: 1.24e-04
2026-04-23 02:37:39,363 INFO Epoch 18 | Batch 100 | Loss: 0.7018 | LR: 1.24e-04
2026-04-23 02:37:45,503 INFO Epoch 18 | Batch 150 | Loss: 0.8911 | LR: 1.23e-04
2026-04-23 02:37:52,101 INFO Epoch 18 | Batch 200 | Loss: 0.9576 | LR: 1.22e-04
2026-04-23 02:37:58,482 INFO Epoch 18 | Batch 250 | Loss: 0.6051 | LR: 1.22e-04
2026-04-23 02:38:04,995 INFO Epoch 18 | Batch 300 | Loss: 0.6549 | LR: 1.21e-04
2026-04-23 02:38:11,367 INFO Epoch 18 | Batch 350 | Loss: 0.5727 | LR: 1.20e-04
2026-04-23 02:38:17,741 INFO Epoch 18 | Batch 400 | Loss: 0.7577 | LR: 1.20e-04
2026-04-23 02:38:24,273 INFO Epoch 18 | Batch 450 | Loss: 0.6470 | LR: 1.19e-04
2026-04-23 02:38:30,594 INFO Epoch 18 | Batch 500 | Loss: 0.6584 | LR: 1.19e-04
2026-04-23 02:38:36,846 INFO Epoch 18 | Batch 550 | Loss: 0.5794 | LR: 1.18e-04
2026-04-23 02:38:43,258 INFO Epoch 18 | Batch 600 | Loss: 0.4687 | LR: 1.17e-04
2026-04-23 02:38:49,665 INFO Epoch 18 | Batch 650 | Loss: 1.1274 | LR: 1.17e-04
2026-04-23 02:38:56,020 INFO Epoch 18 | Batch 700 | Loss: 0.6011 | LR: 1.16e-04
2026-04-23 02:39:02,347 INFO Epoch 18 | Batch 750 | Loss: 0.7344 | LR: 1.15e-04
2026-04-23 02:39:08,702 INFO Epoch 18 | Batch 800 | Loss: 0.9813 | LR: 1.15e-04
2026-04-23 02:39:15,153 INFO Epoch 18 | Batch 850 | Loss: 0.8788 | LR: 1.14e-04
2026-04-23 02:39:21,533 INFO Epoch 18 | Batch 900 | Loss: 0.6386 | LR: 1.13e-04
2026-04-23 02:39:27,860 INFO Epoch 18 | Batch 950 | Loss: 0.7894 | LR: 1.13e-04
2026-04-23 02:39:34,342 INFO Epoch 18 | Batch 1000 | Loss: 0.8082 | LR: 1.12e-04
2026-04-23 02:39:40,711 INFO Epoch 18 | Batch 1050 | Loss: 0.7758 | LR: 1.12e-04
2026-04-23 02:39:46,861 INFO Epoch 18 | Batch 1100 | Loss: 0.9220 | LR: 1.11e-04
2026-04-23 02:39:52,968 INFO Epoch 18 | Batch 1150 | Loss: 1.2316 | LR: 1.10e-04
2026-04-23 02:39:58,900 INFO Epoch 18 | Batch 1200 | Loss: 0.6706 | LR: 1.10e-04
2026-04-23 02:40:17,299 INFO Epoch 18 | Train: 0.7638 | Dev CER: 0.1306 | Dev WER: 0.3827 | Time: 174s | Peak: 4.7 GB
2026-04-23 02:40:17,299 INFO   New best CER: 0.1306
2026-04-23 02:40:21,133 INFO Epoch 19 | Batch 0 | Loss: 0.9820 | LR: 1.09e-04
2026-04-23 02:40:27,059 INFO Epoch 19 | Batch 50 | Loss: 0.5342 | LR: 1.09e-04
2026-04-23 02:40:33,074 INFO Epoch 19 | Batch 100 | Loss: 0.7332 | LR: 1.08e-04
2026-04-23 02:40:39,095 INFO Epoch 19 | Batch 150 | Loss: 0.4489 | LR: 1.07e-04
2026-04-23 02:40:45,035 INFO Epoch 19 | Batch 200 | Loss: 0.6304 | LR: 1.07e-04
2026-04-23 02:40:51,545 INFO Epoch 19 | Batch 250 | Loss: 0.7279 | LR: 1.06e-04
2026-04-23 02:40:57,980 INFO Epoch 19 | Batch 300 | Loss: 0.7641 | LR: 1.06e-04
2026-04-23 02:41:04,494 INFO Epoch 19 | Batch 350 | Loss: 1.0414 | LR: 1.05e-04
2026-04-23 02:41:10,780 INFO Epoch 19 | Batch 400 | Loss: 0.7916 | LR: 1.04e-04
2026-04-23 02:41:17,260 INFO Epoch 19 | Batch 450 | Loss: 0.8965 | LR: 1.04e-04
2026-04-23 02:41:23,188 INFO Epoch 19 | Batch 500 | Loss: 1.1055 | LR: 1.03e-04
2026-04-23 02:41:29,248 INFO Epoch 19 | Batch 550 | Loss: 0.7338 | LR: 1.02e-04
2026-04-23 02:41:35,426 INFO Epoch 19 | Batch 600 | Loss: 0.6699 | LR: 1.02e-04
2026-04-23 02:41:41,598 INFO Epoch 19 | Batch 650 | Loss: 1.0554 | LR: 1.01e-04
2026-04-23 02:41:48,132 INFO Epoch 19 | Batch 700 | Loss: 0.6800 | LR: 1.01e-04
2026-04-23 02:41:54,305 INFO Epoch 19 | Batch 750 | Loss: 0.9885 | LR: 1.00e-04
2026-04-23 02:42:00,620 INFO Epoch 19 | Batch 800 | Loss: 0.6136 | LR: 9.94e-05
2026-04-23 02:42:06,885 INFO Epoch 19 | Batch 850 | Loss: 0.8010 | LR: 9.88e-05
2026-04-23 02:42:13,002 INFO Epoch 19 | Batch 900 | Loss: 0.7482 | LR: 9.81e-05
2026-04-23 02:42:19,248 INFO Epoch 19 | Batch 950 | Loss: 0.7214 | LR: 9.75e-05
2026-04-23 02:42:25,417 INFO Epoch 19 | Batch 1000 | Loss: 0.6466 | LR: 9.69e-05
2026-04-23 02:42:31,703 INFO Epoch 19 | Batch 1050 | Loss: 0.6093 | LR: 9.63e-05
2026-04-23 02:42:37,825 INFO Epoch 19 | Batch 1100 | Loss: 0.6701 | LR: 9.57e-05
2026-04-23 02:42:43,972 INFO Epoch 19 | Batch 1150 | Loss: 0.9451 | LR: 9.51e-05
2026-04-23 02:42:50,202 INFO Epoch 19 | Batch 1200 | Loss: 0.5610 | LR: 9.45e-05
2026-04-23 02:43:07,171 INFO Epoch 19 | Train: 0.7538 | Dev CER: 0.1257 | Dev WER: 0.3699 | Time: 169s | Peak: 4.7 GB
2026-04-23 02:43:07,171 INFO   New best CER: 0.1257
2026-04-23 02:43:10,414 INFO Epoch 20 | Batch 0 | Loss: 0.5534 | LR: 9.41e-05
2026-04-23 02:43:16,499 INFO Epoch 20 | Batch 50 | Loss: 0.6715 | LR: 9.35e-05
2026-04-23 02:43:22,744 INFO Epoch 20 | Batch 100 | Loss: 0.4327 | LR: 9.29e-05
2026-04-23 02:43:28,862 INFO Epoch 20 | Batch 150 | Loss: 0.7968 | LR: 9.23e-05
2026-04-23 02:43:35,111 INFO Epoch 20 | Batch 200 | Loss: 0.7022 | LR: 9.17e-05
2026-04-23 02:43:41,127 INFO Epoch 20 | Batch 250 | Loss: 0.8261 | LR: 9.11e-05
2026-04-23 02:43:47,354 INFO Epoch 20 | Batch 300 | Loss: 0.5120 | LR: 9.05e-05
2026-04-23 02:43:53,571 INFO Epoch 20 | Batch 350 | Loss: 0.8392 | LR: 8.99e-05
2026-04-23 02:43:59,766 INFO Epoch 20 | Batch 400 | Loss: 0.7522 | LR: 8.93e-05
2026-04-23 02:44:05,953 INFO Epoch 20 | Batch 450 | Loss: 0.7417 | LR: 8.87e-05
2026-04-23 02:44:11,922 INFO Epoch 20 | Batch 500 | Loss: 0.6732 | LR: 8.81e-05
2026-04-23 02:44:17,998 INFO Epoch 20 | Batch 550 | Loss: 0.6156 | LR: 8.75e-05
2026-04-23 02:44:24,173 INFO Epoch 20 | Batch 600 | Loss: 1.2271 | LR: 8.69e-05
2026-04-23 02:44:30,331 INFO Epoch 20 | Batch 650 | Loss: 0.6096 | LR: 8.63e-05
2026-04-23 02:44:36,447 INFO Epoch 20 | Batch 700 | Loss: 1.0434 | LR: 8.57e-05
2026-04-23 02:44:42,654 INFO Epoch 20 | Batch 750 | Loss: 0.6265 | LR: 8.52e-05
2026-04-23 02:44:48,789 INFO Epoch 20 | Batch 800 | Loss: 0.9127 | LR: 8.46e-05
2026-04-23 02:44:55,367 INFO Epoch 20 | Batch 850 | Loss: 0.6705 | LR: 8.40e-05
2026-04-23 02:45:01,553 INFO Epoch 20 | Batch 900 | Loss: 0.5601 | LR: 8.34e-05
2026-04-23 02:45:07,593 INFO Epoch 20 | Batch 950 | Loss: 0.6966 | LR: 8.28e-05
2026-04-23 02:45:13,780 INFO Epoch 20 | Batch 1000 | Loss: 0.9636 | LR: 8.22e-05
2026-04-23 02:45:20,120 INFO Epoch 20 | Batch 1050 | Loss: 0.6869 | LR: 8.17e-05
2026-04-23 02:45:26,110 INFO Epoch 20 | Batch 1100 | Loss: 1.0059 | LR: 8.11e-05
2026-04-23 02:45:32,185 INFO Epoch 20 | Batch 1150 | Loss: 0.9655 | LR: 8.05e-05
2026-04-23 02:45:38,176 INFO Epoch 20 | Batch 1200 | Loss: 0.4728 | LR: 7.99e-05
2026-04-23 02:45:55,651 INFO Epoch 20 | Train: 0.7459 | Dev CER: 0.1236 | Dev WER: 0.3669 | Time: 168s | Peak: 4.7 GB
2026-04-23 02:45:55,652 INFO   New best CER: 0.1236
2026-04-23 02:45:59,645 INFO Epoch 21 | Batch 0 | Loss: 0.7552 | LR: 7.95e-05
2026-04-23 02:46:05,791 INFO Epoch 21 | Batch 50 | Loss: 0.8220 | LR: 7.90e-05
2026-04-23 02:46:11,711 INFO Epoch 21 | Batch 100 | Loss: 0.7840 | LR: 7.84e-05
2026-04-23 02:46:17,737 INFO Epoch 21 | Batch 150 | Loss: 0.6508 | LR: 7.78e-05
2026-04-23 02:46:23,798 INFO Epoch 21 | Batch 200 | Loss: 0.5549 | LR: 7.72e-05
2026-04-23 02:46:29,710 INFO Epoch 21 | Batch 250 | Loss: 0.6737 | LR: 7.67e-05
2026-04-23 02:46:35,711 INFO Epoch 21 | Batch 300 | Loss: 0.6345 | LR: 7.61e-05
2026-04-23 02:46:41,768 INFO Epoch 21 | Batch 350 | Loss: 0.5733 | LR: 7.56e-05
2026-04-23 02:46:47,766 INFO Epoch 21 | Batch 400 | Loss: 0.6512 | LR: 7.50e-05
2026-04-23 02:46:53,651 INFO Epoch 21 | Batch 450 | Loss: 0.5776 | LR: 7.44e-05
2026-04-23 02:46:59,554 INFO Epoch 21 | Batch 500 | Loss: 0.8358 | LR: 7.39e-05
2026-04-23 02:47:05,506 INFO Epoch 21 | Batch 550 | Loss: 0.6432 | LR: 7.33e-05
2026-04-23 02:47:11,445 INFO Epoch 21 | Batch 600 | Loss: 0.5842 | LR: 7.28e-05
2026-04-23 02:47:17,580 INFO Epoch 21 | Batch 650 | Loss: 0.8037 | LR: 7.22e-05
2026-04-23 02:47:23,591 INFO Epoch 21 | Batch 700 | Loss: 1.0199 | LR: 7.16e-05
2026-04-23 02:47:29,508 INFO Epoch 21 | Batch 750 | Loss: 0.5872 | LR: 7.11e-05
2026-04-23 02:47:35,602 INFO Epoch 21 | Batch 800 | Loss: 1.0005 | LR: 7.05e-05
2026-04-23 02:47:41,515 INFO Epoch 21 | Batch 850 | Loss: 0.5526 | LR: 7.00e-05
2026-04-23 02:47:47,463 INFO Epoch 21 | Batch 900 | Loss: 1.0282 | LR: 6.94e-05
2026-04-23 02:47:53,312 INFO Epoch 21 | Batch 950 | Loss: 0.5778 | LR: 6.89e-05
2026-04-23 02:47:59,340 INFO Epoch 21 | Batch 1000 | Loss: 0.4637 | LR: 6.84e-05
2026-04-23 02:48:05,566 INFO Epoch 21 | Batch 1050 | Loss: 0.6495 | LR: 6.78e-05
2026-04-23 02:48:11,590 INFO Epoch 21 | Batch 1100 | Loss: 0.7269 | LR: 6.73e-05
2026-04-23 02:48:17,682 INFO Epoch 21 | Batch 1150 | Loss: 0.6732 | LR: 6.67e-05
2026-04-23 02:48:23,707 INFO Epoch 21 | Batch 1200 | Loss: 1.1037 | LR: 6.62e-05
2026-04-23 02:48:40,862 INFO Epoch 21 | Train: 0.7261 | Dev CER: 0.1219 | Dev WER: 0.3625 | Time: 165s | Peak: 4.7 GB
2026-04-23 02:48:40,862 INFO   New best CER: 0.1219
2026-04-23 02:48:44,804 INFO Epoch 22 | Batch 0 | Loss: 0.9671 | LR: 6.58e-05
2026-04-23 02:48:51,008 INFO Epoch 22 | Batch 50 | Loss: 0.5035 | LR: 6.53e-05
2026-04-23 02:48:57,251 INFO Epoch 22 | Batch 100 | Loss: 0.5415 | LR: 6.47e-05
2026-04-23 02:49:03,285 INFO Epoch 22 | Batch 150 | Loss: 1.0432 | LR: 6.42e-05
2026-04-23 02:49:09,294 INFO Epoch 22 | Batch 200 | Loss: 0.8143 | LR: 6.37e-05
2026-04-23 02:49:15,558 INFO Epoch 22 | Batch 250 | Loss: 0.5651 | LR: 6.31e-05
2026-04-23 02:49:21,571 INFO Epoch 22 | Batch 300 | Loss: 0.7515 | LR: 6.26e-05
2026-04-23 02:49:27,642 INFO Epoch 22 | Batch 350 | Loss: 0.8694 | LR: 6.21e-05
2026-04-23 02:49:33,746 INFO Epoch 22 | Batch 400 | Loss: 0.6130 | LR: 6.16e-05
2026-04-23 02:49:40,012 INFO Epoch 22 | Batch 450 | Loss: 0.5117 | LR: 6.10e-05
2026-04-23 02:49:46,299 INFO Epoch 22 | Batch 500 | Loss: 0.4618 | LR: 6.05e-05
2026-04-23 02:49:52,569 INFO Epoch 22 | Batch 550 | Loss: 0.7102 | LR: 6.00e-05
2026-04-23 02:49:58,839 INFO Epoch 22 | Batch 600 | Loss: 0.7761 | LR: 5.95e-05
2026-04-23 02:50:05,111 INFO Epoch 22 | Batch 650 | Loss: 0.7541 | LR: 5.90e-05
2026-04-23 02:50:11,402 INFO Epoch 22 | Batch 700 | Loss: 0.5143 | LR: 5.85e-05
2026-04-23 02:50:17,404 INFO Epoch 22 | Batch 750 | Loss: 0.7563 | LR: 5.79e-05
2026-04-23 02:50:23,600 INFO Epoch 22 | Batch 800 | Loss: 0.7056 | LR: 5.74e-05
2026-04-23 02:50:28,646 INFO Epoch 22 | Batch 850 | Loss: 0.7517 | LR: 5.69e-05
2026-04-23 02:50:34,284 INFO Epoch 22 | Batch 900 | Loss: 0.8995 | LR: 5.64e-05
2026-04-23 02:50:40,435 INFO Epoch 22 | Batch 950 | Loss: 0.8591 | LR: 5.59e-05
2026-04-23 02:50:46,594 INFO Epoch 22 | Batch 1000 | Loss: 0.5324 | LR: 5.54e-05
2026-04-23 02:50:52,891 INFO Epoch 22 | Batch 1050 | Loss: 0.6584 | LR: 5.49e-05
2026-04-23 02:50:59,235 INFO Epoch 22 | Batch 1100 | Loss: 0.7383 | LR: 5.44e-05
2026-04-23 02:51:05,340 INFO Epoch 22 | Batch 1150 | Loss: 0.6602 | LR: 5.39e-05
2026-04-23 02:51:11,670 INFO Epoch 22 | Batch 1200 | Loss: 0.9037 | LR: 5.34e-05
2026-04-23 02:51:30,333 INFO Epoch 22 | Train: 0.7193 | Dev CER: 0.1204 | Dev WER: 0.3577 | Time: 169s | Peak: 4.7 GB
2026-04-23 02:51:30,334 INFO   New best CER: 0.1204
2026-04-23 02:51:33,824 INFO Epoch 23 | Batch 0 | Loss: 0.7355 | LR: 5.31e-05
2026-04-23 02:51:40,127 INFO Epoch 23 | Batch 50 | Loss: 0.7371 | LR: 5.26e-05
2026-04-23 02:51:46,351 INFO Epoch 23 | Batch 100 | Loss: 0.5527 | LR: 5.21e-05
2026-04-23 02:51:52,540 INFO Epoch 23 | Batch 150 | Loss: 0.7768 | LR: 5.16e-05
2026-04-23 02:51:58,755 INFO Epoch 23 | Batch 200 | Loss: 0.4916 | LR: 5.11e-05
2026-04-23 02:52:04,905 INFO Epoch 23 | Batch 250 | Loss: 0.8557 | LR: 5.06e-05
2026-04-23 02:52:10,824 INFO Epoch 23 | Batch 300 | Loss: 0.5930 | LR: 5.01e-05
2026-04-23 02:52:16,928 INFO Epoch 23 | Batch 350 | Loss: 0.8084 | LR: 4.97e-05
2026-04-23 02:52:23,086 INFO Epoch 23 | Batch 400 | Loss: 0.8870 | LR: 4.92e-05
2026-04-23 02:52:29,071 INFO Epoch 23 | Batch 450 | Loss: 0.5569 | LR: 4.87e-05
2026-04-23 02:52:35,317 INFO Epoch 23 | Batch 500 | Loss: 0.8323 | LR: 4.82e-05
2026-04-23 02:52:41,460 INFO Epoch 23 | Batch 550 | Loss: 0.7621 | LR: 4.77e-05
2026-04-23 02:52:47,625 INFO Epoch 23 | Batch 600 | Loss: 0.6293 | LR: 4.73e-05
2026-04-23 02:52:53,748 INFO Epoch 23 | Batch 650 | Loss: 1.0768 | LR: 4.68e-05
2026-04-23 02:52:59,860 INFO Epoch 23 | Batch 700 | Loss: 0.9145 | LR: 4.63e-05
2026-04-23 02:53:05,948 INFO Epoch 23 | Batch 750 | Loss: 1.0921 | LR: 4.59e-05
2026-04-23 02:53:12,038 INFO Epoch 23 | Batch 800 | Loss: 0.5437 | LR: 4.54e-05
2026-04-23 02:53:18,160 INFO Epoch 23 | Batch 850 | Loss: 0.6844 | LR: 4.49e-05
2026-04-23 02:53:24,070 INFO Epoch 23 | Batch 900 | Loss: 0.5219 | LR: 4.45e-05
2026-04-23 02:53:30,198 INFO Epoch 23 | Batch 950 | Loss: 0.8007 | LR: 4.40e-05
2026-04-23 02:53:35,646 INFO Epoch 23 | Batch 1000 | Loss: 0.7440 | LR: 4.36e-05
2026-04-23 02:53:41,680 INFO Epoch 23 | Batch 1050 | Loss: 0.6325 | LR: 4.31e-05
2026-04-23 02:53:47,823 INFO Epoch 23 | Batch 1100 | Loss: 0.6255 | LR: 4.27e-05
2026-04-23 02:53:53,959 INFO Epoch 23 | Batch 1150 | Loss: 0.5595 | LR: 4.22e-05
2026-04-23 02:54:00,264 INFO Epoch 23 | Batch 1200 | Loss: 0.6411 | LR: 4.18e-05
2026-04-23 02:54:18,550 INFO Epoch 23 | Train: 0.7020 | Dev CER: 0.1184 | Dev WER: 0.3526 | Time: 168s | Peak: 4.7 GB
2026-04-23 02:54:18,550 INFO   New best CER: 0.1184
2026-04-23 02:54:22,335 INFO Epoch 24 | Batch 0 | Loss: 0.5576 | LR: 4.14e-05
2026-04-23 02:54:28,557 INFO Epoch 24 | Batch 50 | Loss: 0.6754 | LR: 4.10e-05
2026-04-23 02:54:34,653 INFO Epoch 24 | Batch 100 | Loss: 0.6888 | LR: 4.06e-05
2026-04-23 02:54:40,774 INFO Epoch 24 | Batch 150 | Loss: 0.7266 | LR: 4.01e-05
2026-04-23 02:54:47,154 INFO Epoch 24 | Batch 200 | Loss: 0.5871 | LR: 3.97e-05
2026-04-23 02:54:53,250 INFO Epoch 24 | Batch 250 | Loss: 0.5455 | LR: 3.92e-05
2026-04-23 02:54:59,311 INFO Epoch 24 | Batch 300 | Loss: 0.5644 | LR: 3.88e-05
2026-04-23 02:55:05,359 INFO Epoch 24 | Batch 350 | Loss: 0.5686 | LR: 3.84e-05
2026-04-23 02:55:11,463 INFO Epoch 24 | Batch 400 | Loss: 0.4571 | LR: 3.80e-05
2026-04-23 02:55:17,534 INFO Epoch 24 | Batch 450 | Loss: 0.6825 | LR: 3.75e-05
2026-04-23 02:55:22,590 INFO Epoch 24 | Batch 500 | Loss: 0.8034 | LR: 3.71e-05
2026-04-23 02:55:27,985 INFO Epoch 24 | Batch 550 | Loss: 0.6061 | LR: 3.67e-05
2026-04-23 02:55:34,180 INFO Epoch 24 | Batch 600 | Loss: 0.8519 | LR: 3.63e-05
2026-04-23 02:55:40,137 INFO Epoch 24 | Batch 650 | Loss: 0.6955 | LR: 3.58e-05
2026-04-23 02:55:46,289 INFO Epoch 24 | Batch 700 | Loss: 0.7749 | LR: 3.54e-05
2026-04-23 02:55:52,564 INFO Epoch 24 | Batch 750 | Loss: 1.0096 | LR: 3.50e-05
2026-04-23 02:55:58,667 INFO Epoch 24 | Batch 800 | Loss: 0.7489 | LR: 3.46e-05
2026-04-23 02:56:04,629 INFO Epoch 24 | Batch 850 | Loss: 0.6656 | LR: 3.42e-05
2026-04-23 02:56:10,859 INFO Epoch 24 | Batch 900 | Loss: 0.7189 | LR: 3.38e-05
2026-04-23 02:56:16,861 INFO Epoch 24 | Batch 950 | Loss: 1.1812 | LR: 3.34e-05
2026-04-23 02:56:23,055 INFO Epoch 24 | Batch 1000 | Loss: 0.8648 | LR: 3.30e-05
2026-04-23 02:56:29,168 INFO Epoch 24 | Batch 1050 | Loss: 0.5446 | LR: 3.26e-05
2026-04-23 02:56:35,304 INFO Epoch 24 | Batch 1100 | Loss: 0.4812 | LR: 3.22e-05
2026-04-23 02:56:41,455 INFO Epoch 24 | Batch 1150 | Loss: 0.7971 | LR: 3.18e-05
2026-04-23 02:56:47,625 INFO Epoch 24 | Batch 1200 | Loss: 0.7237 | LR: 3.14e-05
2026-04-23 02:57:04,242 INFO Epoch 24 | Train: 0.6935 | Dev CER: 0.1173 | Dev WER: 0.3511 | Time: 165s | Peak: 4.7 GB
2026-04-23 02:57:04,242 INFO   New best CER: 0.1173
2026-04-23 02:57:07,780 INFO Epoch 25 | Batch 0 | Loss: 0.4917 | LR: 3.11e-05
2026-04-23 02:57:14,035 INFO Epoch 25 | Batch 50 | Loss: 0.8836 | LR: 3.07e-05
2026-04-23 02:57:20,197 INFO Epoch 25 | Batch 100 | Loss: 0.5768 | LR: 3.03e-05
2026-04-23 02:57:26,309 INFO Epoch 25 | Batch 150 | Loss: 0.6692 | LR: 2.99e-05
2026-04-23 02:57:32,525 INFO Epoch 25 | Batch 200 | Loss: 0.6299 | LR: 2.95e-05
2026-04-23 02:57:38,771 INFO Epoch 25 | Batch 250 | Loss: 1.0937 | LR: 2.92e-05
2026-04-23 02:57:45,060 INFO Epoch 25 | Batch 300 | Loss: 0.6282 | LR: 2.88e-05
2026-04-23 02:57:51,267 INFO Epoch 25 | Batch 350 | Loss: 0.7345 | LR: 2.84e-05
2026-04-23 02:57:57,411 INFO Epoch 25 | Batch 400 | Loss: 0.5623 | LR: 2.80e-05
2026-04-23 02:58:03,552 INFO Epoch 25 | Batch 450 | Loss: 0.6807 | LR: 2.77e-05
2026-04-23 02:58:09,739 INFO Epoch 25 | Batch 500 | Loss: 0.8001 | LR: 2.73e-05
2026-04-23 02:58:16,022 INFO Epoch 25 | Batch 550 | Loss: 0.8201 | LR: 2.69e-05
2026-04-23 02:58:22,047 INFO Epoch 25 | Batch 600 | Loss: 0.7662 | LR: 2.66e-05
2026-04-23 02:58:27,853 INFO Epoch 25 | Batch 650 | Loss: 0.6078 | LR: 2.62e-05
2026-04-23 02:58:34,210 INFO Epoch 25 | Batch 700 | Loss: 0.6776 | LR: 2.58e-05
2026-04-23 02:58:40,320 INFO Epoch 25 | Batch 750 | Loss: 0.6557 | LR: 2.55e-05
2026-04-23 02:58:46,578 INFO Epoch 25 | Batch 800 | Loss: 0.6822 | LR: 2.51e-05
2026-04-23 02:58:52,935 INFO Epoch 25 | Batch 850 | Loss: 0.6816 | LR: 2.48e-05
2026-04-23 02:58:58,986 INFO Epoch 25 | Batch 900 | Loss: 0.8060 | LR: 2.44e-05
2026-04-23 02:59:05,164 INFO Epoch 25 | Batch 950 | Loss: 0.9176 | LR: 2.41e-05
2026-04-23 02:59:11,291 INFO Epoch 25 | Batch 1000 | Loss: 0.5546 | LR: 2.37e-05
2026-04-23 02:59:17,522 INFO Epoch 25 | Batch 1050 | Loss: 0.6017 | LR: 2.34e-05
2026-04-23 02:59:23,793 INFO Epoch 25 | Batch 1100 | Loss: 0.9107 | LR: 2.30e-05
2026-04-23 02:59:30,054 INFO Epoch 25 | Batch 1150 | Loss: 0.3567 | LR: 2.27e-05
2026-04-23 02:59:36,352 INFO Epoch 25 | Batch 1200 | Loss: 0.7062 | LR: 2.24e-05
2026-04-23 02:59:54,487 INFO Epoch 25 | Train: 0.6864 | Dev CER: 0.1167 | Dev WER: 0.3469 | Time: 169s | Peak: 4.7 GB
2026-04-23 02:59:54,487 INFO   New best CER: 0.1167
2026-04-23 02:59:58,292 INFO Epoch 26 | Batch 0 | Loss: 0.5480 | LR: 2.21e-05
2026-04-23 03:00:04,408 INFO Epoch 26 | Batch 50 | Loss: 0.8201 | LR: 2.18e-05
2026-04-23 03:00:10,580 INFO Epoch 26 | Batch 100 | Loss: 0.5893 | LR: 2.15e-05
2026-04-23 03:00:16,724 INFO Epoch 26 | Batch 150 | Loss: 0.6248 | LR: 2.11e-05
2026-04-23 03:00:22,810 INFO Epoch 26 | Batch 200 | Loss: 0.4911 | LR: 2.08e-05
2026-04-23 03:00:28,925 INFO Epoch 26 | Batch 250 | Loss: 0.6258 | LR: 2.05e-05
2026-04-23 03:00:35,026 INFO Epoch 26 | Batch 300 | Loss: 0.6117 | LR: 2.02e-05
2026-04-23 03:00:40,950 INFO Epoch 26 | Batch 350 | Loss: 0.7741 | LR: 1.98e-05
2026-04-23 03:00:47,286 INFO Epoch 26 | Batch 400 | Loss: 0.7559 | LR: 1.95e-05
2026-04-23 03:00:53,473 INFO Epoch 26 | Batch 450 | Loss: 0.9336 | LR: 1.92e-05
2026-04-23 03:00:59,622 INFO Epoch 26 | Batch 500 | Loss: 0.3992 | LR: 1.89e-05
2026-04-23 03:01:05,716 INFO Epoch 26 | Batch 550 | Loss: 0.7243 | LR: 1.86e-05
2026-04-23 03:01:11,691 INFO Epoch 26 | Batch 600 | Loss: 0.5477 | LR: 1.83e-05
2026-04-23 03:01:17,855 INFO Epoch 26 | Batch 650 | Loss: 0.7396 | LR: 1.80e-05
2026-04-23 03:01:23,952 INFO Epoch 26 | Batch 700 | Loss: 0.7744 | LR: 1.77e-05
2026-04-23 03:01:30,177 INFO Epoch 26 | Batch 750 | Loss: 0.7528 | LR: 1.74e-05
2026-04-23 03:01:36,341 INFO Epoch 26 | Batch 800 | Loss: 0.6206 | LR: 1.71e-05
2026-04-23 03:01:42,662 INFO Epoch 26 | Batch 850 | Loss: 0.6471 | LR: 1.68e-05
2026-04-23 03:01:48,850 INFO Epoch 26 | Batch 900 | Loss: 0.4844 | LR: 1.65e-05
2026-04-23 03:01:54,953 INFO Epoch 26 | Batch 950 | Loss: 0.7748 | LR: 1.62e-05
2026-04-23 03:02:01,074 INFO Epoch 26 | Batch 1000 | Loss: 0.4473 | LR: 1.59e-05
2026-04-23 03:02:07,348 INFO Epoch 26 | Batch 1050 | Loss: 0.5262 | LR: 1.57e-05
2026-04-23 03:02:13,291 INFO Epoch 26 | Batch 1100 | Loss: 0.6752 | LR: 1.54e-05
2026-04-23 03:02:19,348 INFO Epoch 26 | Batch 1150 | Loss: 0.5593 | LR: 1.51e-05
2026-04-23 03:02:25,556 INFO Epoch 26 | Batch 1200 | Loss: 0.4997 | LR: 1.48e-05
2026-04-23 03:02:43,992 INFO Epoch 26 | Train: 0.6872 | Dev CER: 0.1157 | Dev WER: 0.3451 | Time: 169s | Peak: 4.7 GB
2026-04-23 03:02:43,992 INFO   New best CER: 0.1157
2026-04-23 03:02:48,053 INFO Epoch 27 | Batch 0 | Loss: 0.5530 | LR: 1.46e-05
2026-04-23 03:02:54,260 INFO Epoch 27 | Batch 50 | Loss: 0.6712 | LR: 1.44e-05
2026-04-23 03:03:00,322 INFO Epoch 27 | Batch 100 | Loss: 0.4554 | LR: 1.41e-05
2026-04-23 03:03:06,514 INFO Epoch 27 | Batch 150 | Loss: 0.9314 | LR: 1.38e-05
2026-04-23 03:03:12,503 INFO Epoch 27 | Batch 200 | Loss: 0.6160 | LR: 1.36e-05
2026-04-23 03:03:18,694 INFO Epoch 27 | Batch 250 | Loss: 0.6578 | LR: 1.33e-05
2026-04-23 03:03:24,652 INFO Epoch 27 | Batch 300 | Loss: 0.5963 | LR: 1.31e-05
2026-04-23 03:03:30,917 INFO Epoch 27 | Batch 350 | Loss: 0.8989 | LR: 1.28e-05
2026-04-23 03:03:37,316 INFO Epoch 27 | Batch 400 | Loss: 0.6228 | LR: 1.25e-05
2026-04-23 03:03:43,396 INFO Epoch 27 | Batch 450 | Loss: 0.8289 | LR: 1.23e-05
2026-04-23 03:03:49,435 INFO Epoch 27 | Batch 500 | Loss: 0.5285 | LR: 1.20e-05
2026-04-23 03:03:55,528 INFO Epoch 27 | Batch 550 | Loss: 0.8463 | LR: 1.18e-05
2026-04-23 03:04:01,763 INFO Epoch 27 | Batch 600 | Loss: 0.7244 | LR: 1.16e-05
2026-04-23 03:04:08,021 INFO Epoch 27 | Batch 650 | Loss: 0.5542 | LR: 1.13e-05
2026-04-23 03:04:14,220 INFO Epoch 27 | Batch 700 | Loss: 0.7074 | LR: 1.11e-05
2026-04-23 03:04:20,272 INFO Epoch 27 | Batch 750 | Loss: 0.7175 | LR: 1.09e-05
2026-04-23 03:04:26,378 INFO Epoch 27 | Batch 800 | Loss: 0.5915 | LR: 1.06e-05
2026-04-23 03:04:32,546 INFO Epoch 27 | Batch 850 | Loss: 0.7597 | LR: 1.04e-05
2026-04-23 03:04:38,600 INFO Epoch 27 | Batch 900 | Loss: 0.6535 | LR: 1.02e-05
2026-04-23 03:04:44,742 INFO Epoch 27 | Batch 950 | Loss: 0.9075 | LR: 9.95e-06
2026-04-23 03:04:50,741 INFO Epoch 27 | Batch 1000 | Loss: 0.5610 | LR: 9.72e-06
2026-04-23 03:04:56,836 INFO Epoch 27 | Batch 1050 | Loss: 0.5232 | LR: 9.51e-06
2026-04-23 03:05:02,918 INFO Epoch 27 | Batch 1100 | Loss: 0.3753 | LR: 9.29e-06
2026-04-23 03:05:09,129 INFO Epoch 27 | Batch 1150 | Loss: 0.5865 | LR: 9.08e-06
2026-04-23 03:05:15,359 INFO Epoch 27 | Batch 1200 | Loss: 0.6814 | LR: 8.87e-06
2026-04-23 03:05:35,305 INFO Epoch 27 | Train: 0.6815 | Dev CER: 0.1159 | Dev WER: 0.3456 | Time: 171s | Peak: 4.7 GB
2026-04-23 03:05:38,993 INFO Epoch 28 | Batch 0 | Loss: 0.5836 | LR: 8.72e-06
2026-04-23 03:05:45,285 INFO Epoch 28 | Batch 50 | Loss: 0.5559 | LR: 8.52e-06
2026-04-23 03:05:51,549 INFO Epoch 28 | Batch 100 | Loss: 0.6995 | LR: 8.31e-06
2026-04-23 03:05:57,847 INFO Epoch 28 | Batch 150 | Loss: 0.5476 | LR: 8.11e-06
2026-04-23 03:06:04,101 INFO Epoch 28 | Batch 200 | Loss: 0.6278 | LR: 7.92e-06
2026-04-23 03:06:10,350 INFO Epoch 28 | Batch 250 | Loss: 0.7393 | LR: 7.72e-06
2026-04-23 03:06:16,586 INFO Epoch 28 | Batch 300 | Loss: 0.6816 | LR: 7.53e-06
2026-04-23 03:06:22,792 INFO Epoch 28 | Batch 350 | Loss: 0.5816 | LR: 7.34e-06
2026-04-23 03:06:29,128 INFO Epoch 28 | Batch 400 | Loss: 0.5218 | LR: 7.16e-06
2026-04-23 03:06:35,299 INFO Epoch 28 | Batch 450 | Loss: 0.8995 | LR: 6.97e-06
2026-04-23 03:06:41,362 INFO Epoch 28 | Batch 500 | Loss: 0.6332 | LR: 6.79e-06
2026-04-23 03:06:47,655 INFO Epoch 28 | Batch 550 | Loss: 0.7059 | LR: 6.61e-06
2026-04-23 03:06:54,049 INFO Epoch 28 | Batch 600 | Loss: 0.8145 | LR: 6.44e-06
2026-04-23 03:07:00,278 INFO Epoch 28 | Batch 650 | Loss: 0.6686 | LR: 6.27e-06
2026-04-23 03:07:06,438 INFO Epoch 28 | Batch 700 | Loss: 0.6962 | LR: 6.10e-06
2026-04-23 03:07:12,710 INFO Epoch 28 | Batch 750 | Loss: 0.6455 | LR: 5.93e-06
2026-04-23 03:07:18,991 INFO Epoch 28 | Batch 800 | Loss: 0.7861 | LR: 5.76e-06
2026-04-23 03:07:25,096 INFO Epoch 28 | Batch 850 | Loss: 0.7042 | LR: 5.60e-06
2026-04-23 03:07:31,275 INFO Epoch 28 | Batch 900 | Loss: 0.5726 | LR: 5.44e-06
2026-04-23 03:07:37,402 INFO Epoch 28 | Batch 950 | Loss: 0.7928 | LR: 5.29e-06
2026-04-23 03:07:43,429 INFO Epoch 28 | Batch 1000 | Loss: 0.5508 | LR: 5.13e-06
2026-04-23 03:07:49,663 INFO Epoch 28 | Batch 1050 | Loss: 0.7633 | LR: 4.98e-06
2026-04-23 03:07:55,905 INFO Epoch 28 | Batch 1100 | Loss: 0.5811 | LR: 4.84e-06
2026-04-23 03:08:01,873 INFO Epoch 28 | Batch 1150 | Loss: 0.4808 | LR: 4.69e-06
2026-04-23 03:08:08,105 INFO Epoch 28 | Batch 1200 | Loss: 0.6272 | LR: 4.55e-06
2026-04-23 03:08:25,288 INFO Epoch 28 | Train: 0.6800 | Dev CER: 0.1152 | Dev WER: 0.3445 | Time: 170s | Peak: 4.7 GB
2026-04-23 03:08:25,288 INFO   New best CER: 0.1152
2026-04-23 03:08:28,574 INFO Epoch 29 | Batch 0 | Loss: 0.6459 | LR: 4.45e-06
2026-04-23 03:08:34,930 INFO Epoch 29 | Batch 50 | Loss: 0.8200 | LR: 4.31e-06
2026-04-23 03:08:41,124 INFO Epoch 29 | Batch 100 | Loss: 0.7538 | LR: 4.17e-06
2026-04-23 03:08:47,382 INFO Epoch 29 | Batch 150 | Loss: 0.5571 | LR: 4.04e-06
2026-04-23 03:08:53,584 INFO Epoch 29 | Batch 200 | Loss: 0.6063 | LR: 3.91e-06
2026-04-23 03:08:58,403 INFO Epoch 29 | Batch 250 | Loss: 0.6664 | LR: 3.79e-06
2026-04-23 03:09:03,117 INFO Epoch 29 | Batch 300 | Loss: 0.6110 | LR: 3.66e-06
2026-04-23 03:09:07,965 INFO Epoch 29 | Batch 350 | Loss: 0.6960 | LR: 3.54e-06
2026-04-23 03:09:13,357 INFO Epoch 29 | Batch 400 | Loss: 0.5778 | LR: 3.42e-06
2026-04-23 03:09:19,457 INFO Epoch 29 | Batch 450 | Loss: 0.5914 | LR: 3.31e-06
2026-04-23 03:09:25,643 INFO Epoch 29 | Batch 500 | Loss: 0.9160 | LR: 3.20e-06
2026-04-23 03:09:32,036 INFO Epoch 29 | Batch 550 | Loss: 0.4871 | LR: 3.09e-06
2026-04-23 03:09:38,191 INFO Epoch 29 | Batch 600 | Loss: 0.8247 | LR: 2.98e-06
2026-04-23 03:09:44,291 INFO Epoch 29 | Batch 650 | Loss: 0.7686 | LR: 2.88e-06
2026-04-23 03:09:50,468 INFO Epoch 29 | Batch 700 | Loss: 0.6998 | LR: 2.77e-06
2026-04-23 03:09:56,597 INFO Epoch 29 | Batch 750 | Loss: 0.3740 | LR: 2.68e-06
2026-04-23 03:10:02,665 INFO Epoch 29 | Batch 800 | Loss: 0.6141 | LR: 2.58e-06
2026-04-23 03:10:09,065 INFO Epoch 29 | Batch 850 | Loss: 0.4924 | LR: 2.49e-06
2026-04-23 03:10:15,249 INFO Epoch 29 | Batch 900 | Loss: 0.6366 | LR: 2.40e-06
2026-04-23 03:10:21,432 INFO Epoch 29 | Batch 950 | Loss: 0.6298 | LR: 2.31e-06
2026-04-23 03:10:27,699 INFO Epoch 29 | Batch 1000 | Loss: 0.7563 | LR: 2.22e-06
2026-04-23 03:10:33,962 INFO Epoch 29 | Batch 1050 | Loss: 0.6377 | LR: 2.14e-06
2026-04-23 03:10:39,979 INFO Epoch 29 | Batch 1100 | Loss: 0.6350 | LR: 2.06e-06
2026-04-23 03:10:46,175 INFO Epoch 29 | Batch 1150 | Loss: 0.6335 | LR: 1.99e-06
2026-04-23 03:10:52,374 INFO Epoch 29 | Batch 1200 | Loss: 0.5079 | LR: 1.91e-06
2026-04-23 03:11:10,203 INFO Epoch 29 | Train: 0.6745 | Dev CER: 0.1151 | Dev WER: 0.3438 | Time: 164s | Peak: 4.7 GB
2026-04-23 03:11:10,203 INFO   New best CER: 0.1151
2026-04-23 03:11:13,650 INFO Epoch 30 | Batch 0 | Loss: 0.7543 | LR: 1.86e-06
2026-04-23 03:11:20,065 INFO Epoch 30 | Batch 50 | Loss: 0.6926 | LR: 1.80e-06
2026-04-23 03:11:26,433 INFO Epoch 30 | Batch 100 | Loss: 0.5407 | LR: 1.73e-06
2026-04-23 03:11:32,922 INFO Epoch 30 | Batch 150 | Loss: 0.6404 | LR: 1.67e-06
2026-04-23 03:11:39,376 INFO Epoch 30 | Batch 200 | Loss: 0.4770 | LR: 1.61e-06
2026-04-23 03:11:45,836 INFO Epoch 30 | Batch 250 | Loss: 0.6235 | LR: 1.55e-06
2026-04-23 03:11:52,119 INFO Epoch 30 | Batch 300 | Loss: 0.4565 | LR: 1.50e-06
2026-04-23 03:11:58,283 INFO Epoch 30 | Batch 350 | Loss: 0.6394 | LR: 1.44e-06
2026-04-23 03:12:04,517 INFO Epoch 30 | Batch 400 | Loss: 0.6015 | LR: 1.39e-06
2026-04-23 03:12:10,658 INFO Epoch 30 | Batch 450 | Loss: 0.8104 | LR: 1.35e-06
2026-04-23 03:12:16,749 INFO Epoch 30 | Batch 500 | Loss: 0.5267 | LR: 1.31e-06
2026-04-23 03:12:23,032 INFO Epoch 30 | Batch 550 | Loss: 0.7506 | LR: 1.27e-06
2026-04-23 03:12:29,149 INFO Epoch 30 | Batch 600 | Loss: 0.7030 | LR: 1.23e-06
2026-04-23 03:12:35,368 INFO Epoch 30 | Batch 650 | Loss: 0.7594 | LR: 1.19e-06
2026-04-23 03:12:41,661 INFO Epoch 30 | Batch 700 | Loss: 0.7050 | LR: 1.16e-06
2026-04-23 03:12:47,571 INFO Epoch 30 | Batch 750 | Loss: 0.4632 | LR: 1.13e-06
2026-04-23 03:12:53,608 INFO Epoch 30 | Batch 800 | Loss: 0.5079 | LR: 1.11e-06
2026-04-23 03:12:59,419 INFO Epoch 30 | Batch 850 | Loss: 0.6071 | LR: 1.08e-06
2026-04-23 03:13:05,378 INFO Epoch 30 | Batch 900 | Loss: 0.5530 | LR: 1.06e-06
2026-04-23 03:13:11,302 INFO Epoch 30 | Batch 950 | Loss: 0.6487 | LR: 1.05e-06
2026-04-23 03:13:17,341 INFO Epoch 30 | Batch 1000 | Loss: 0.7113 | LR: 1.03e-06
2026-04-23 03:13:23,236 INFO Epoch 30 | Batch 1050 | Loss: 0.4818 | LR: 1.02e-06
2026-04-23 03:13:29,317 INFO Epoch 30 | Batch 1100 | Loss: 0.7043 | LR: 1.01e-06
2026-04-23 03:13:35,175 INFO Epoch 30 | Batch 1150 | Loss: 0.6363 | LR: 1.00e-06
2026-04-23 03:13:41,232 INFO Epoch 30 | Batch 1200 | Loss: 0.6287 | LR: 1.00e-06
2026-04-23 03:13:58,157 INFO Epoch 30 | Train: 0.6768 | Dev CER: 0.1152 | Dev WER: 0.3433 | Time: 167s | Peak: 4.7 GB
2026-04-23 03:14:54,566 INFO Done. Best dev CER: 0.1151 | Test CER: 0.1137
