2026-04-20 01:15:58,430 INFO Loading LibriSpeech split=train.100 from HuggingFace...
2026-04-20 01:15:58,648 INFO HTTP Request: HEAD https://huggingface.co/datasets/openslr/librispeech_asr/resolve/main/README.md "HTTP/1.1 307 Temporary Redirect"
2026-04-20 01:15:58,649 WARNING Warning: You are sending unauthenticated requests to the HF Hub. Please set a HF_TOKEN to enable higher rate limits and faster downloads.
2026-04-20 01:15:58,678 INFO HTTP Request: HEAD https://huggingface.co/api/resolve-cache/datasets/openslr/librispeech_asr/71cacbfb7e2354c4226d01e70d77d5fca3d04ba1/README.md "HTTP/1.1 200 OK"
2026-04-20 01:15:58,819 INFO HTTP Request: HEAD https://huggingface.co/datasets/openslr/librispeech_asr/resolve/71cacbfb7e2354c4226d01e70d77d5fca3d04ba1/librispeech_asr.py "HTTP/1.1 404 Not Found"
2026-04-20 01:15:59,247 INFO HTTP Request: HEAD https://s3.amazonaws.com/datasets.huggingface.co/datasets/datasets/openslr/librispeech_asr/openslr/librispeech_asr.py "HTTP/1.1 404 Not Found"
2026-04-20 01:15:59,400 INFO HTTP Request: GET https://huggingface.co/api/datasets/openslr/librispeech_asr/revision/71cacbfb7e2354c4226d01e70d77d5fca3d04ba1 "HTTP/1.1 200 OK"
2026-04-20 01:15:59,552 INFO HTTP Request: HEAD https://huggingface.co/datasets/openslr/librispeech_asr/resolve/71cacbfb7e2354c4226d01e70d77d5fca3d04ba1/.huggingface.yaml "HTTP/1.1 404 Not Found"
2026-04-20 01:15:59,756 INFO HTTP Request: GET https://datasets-server.huggingface.co/info?dataset=openslr/librispeech_asr "HTTP/1.1 200 OK"
2026-04-20 01:15:59,902 INFO HTTP Request: GET https://huggingface.co/api/datasets/openslr/librispeech_asr/tree/71cacbfb7e2354c4226d01e70d77d5fca3d04ba1/clean%2Ftest?recursive=true&expand=false "HTTP/1.1 200 OK"
2026-04-20 01:16:00,043 INFO HTTP Request: GET https://huggingface.co/api/datasets/openslr/librispeech_asr/tree/71cacbfb7e2354c4226d01e70d77d5fca3d04ba1/clean?recursive=false&expand=false "HTTP/1.1 200 OK"
2026-04-20 01:16:00,195 INFO HTTP Request: GET https://huggingface.co/api/datasets/openslr/librispeech_asr/tree/71cacbfb7e2354c4226d01e70d77d5fca3d04ba1/clean%2Ftrain.100?recursive=true&expand=false "HTTP/1.1 200 OK"
2026-04-20 01:16:00,344 INFO HTTP Request: GET https://huggingface.co/api/datasets/openslr/librispeech_asr/tree/71cacbfb7e2354c4226d01e70d77d5fca3d04ba1/clean%2Ftrain.360?recursive=true&expand=false "HTTP/1.1 200 OK"
2026-04-20 01:16:00,513 INFO HTTP Request: GET https://huggingface.co/api/datasets/openslr/librispeech_asr/tree/71cacbfb7e2354c4226d01e70d77d5fca3d04ba1/clean%2Fvalidation?recursive=true&expand=false "HTTP/1.1 200 OK"
2026-04-20 01:16:00,668 INFO HTTP Request: HEAD https://huggingface.co/datasets/openslr/librispeech_asr/resolve/71cacbfb7e2354c4226d01e70d77d5fca3d04ba1/dataset_infos.json "HTTP/1.1 404 Not Found"
2026-04-20 01:17:18,855 INFO Loaded 28538 utterances from train.100 (skipped 1 outside [0.5s, 20.0s])
2026-04-20 01:17:18,928 INFO Loading LibriSpeech split=validation from HuggingFace...
2026-04-20 01:17:19,135 INFO HTTP Request: HEAD https://huggingface.co/datasets/openslr/librispeech_asr/resolve/main/README.md "HTTP/1.1 307 Temporary Redirect"
2026-04-20 01:17:19,165 INFO HTTP Request: HEAD https://huggingface.co/api/resolve-cache/datasets/openslr/librispeech_asr/71cacbfb7e2354c4226d01e70d77d5fca3d04ba1/README.md "HTTP/1.1 200 OK"
2026-04-20 01:17:19,307 INFO HTTP Request: HEAD https://huggingface.co/datasets/openslr/librispeech_asr/resolve/71cacbfb7e2354c4226d01e70d77d5fca3d04ba1/librispeech_asr.py "HTTP/1.1 404 Not Found"
2026-04-20 01:17:19,697 INFO HTTP Request: HEAD https://s3.amazonaws.com/datasets.huggingface.co/datasets/datasets/openslr/librispeech_asr/openslr/librispeech_asr.py "HTTP/1.1 404 Not Found"
2026-04-20 01:17:19,881 INFO HTTP Request: HEAD https://huggingface.co/datasets/openslr/librispeech_asr/resolve/71cacbfb7e2354c4226d01e70d77d5fca3d04ba1/.huggingface.yaml "HTTP/1.1 404 Not Found"
2026-04-20 01:17:20,122 INFO HTTP Request: GET https://datasets-server.huggingface.co/info?dataset=openslr/librispeech_asr "HTTP/1.1 200 OK"
2026-04-20 01:17:20,295 INFO HTTP Request: HEAD https://huggingface.co/datasets/openslr/librispeech_asr/resolve/71cacbfb7e2354c4226d01e70d77d5fca3d04ba1/dataset_infos.json "HTTP/1.1 404 Not Found"
2026-04-20 01:17:24,618 INFO Loaded 2642 utterances from validation (skipped 61 outside [0.5s, 20.0s])
2026-04-20 01:17:24,623 INFO Loading LibriSpeech split=test from HuggingFace...
2026-04-20 01:17:24,763 INFO HTTP Request: HEAD https://huggingface.co/datasets/openslr/librispeech_asr/resolve/main/README.md "HTTP/1.1 307 Temporary Redirect"
2026-04-20 01:17:24,792 INFO HTTP Request: HEAD https://huggingface.co/api/resolve-cache/datasets/openslr/librispeech_asr/71cacbfb7e2354c4226d01e70d77d5fca3d04ba1/README.md "HTTP/1.1 200 OK"
2026-04-20 01:17:24,934 INFO HTTP Request: HEAD https://huggingface.co/datasets/openslr/librispeech_asr/resolve/71cacbfb7e2354c4226d01e70d77d5fca3d04ba1/librispeech_asr.py "HTTP/1.1 404 Not Found"
2026-04-20 01:17:25,343 INFO HTTP Request: HEAD https://s3.amazonaws.com/datasets.huggingface.co/datasets/datasets/openslr/librispeech_asr/openslr/librispeech_asr.py "HTTP/1.1 404 Not Found"
2026-04-20 01:17:25,501 INFO HTTP Request: HEAD https://huggingface.co/datasets/openslr/librispeech_asr/resolve/71cacbfb7e2354c4226d01e70d77d5fca3d04ba1/.huggingface.yaml "HTTP/1.1 404 Not Found"
2026-04-20 01:17:25,687 INFO HTTP Request: GET https://datasets-server.huggingface.co/info?dataset=openslr/librispeech_asr "HTTP/1.1 200 OK"
2026-04-20 01:17:25,855 INFO HTTP Request: HEAD https://huggingface.co/datasets/openslr/librispeech_asr/resolve/71cacbfb7e2354c4226d01e70d77d5fca3d04ba1/dataset_infos.json "HTTP/1.1 404 Not Found"
2026-04-20 01:17:30,162 INFO Loaded 2528 utterances from test (skipped 92 outside [0.5s, 20.0s])
2026-04-20 01:17:30,443 INFO Backbone: rwkv6_qtail | Params: 7.74M
2026-04-20 01:17:30,444 INFO   Frontend: 1.90M | Encoder: 5.82M | Head: 8.0K
2026-04-20 01:17:34,490 INFO Epoch 1 | Batch 0 | Loss: 4.1285 | LR: 3.00e-07
2026-04-20 01:18:02,481 INFO Epoch 1 | Batch 50 | Loss: 2.9449 | LR: 1.53e-05
2026-04-20 01:18:29,758 INFO Epoch 1 | Batch 100 | Loss: 2.9258 | LR: 3.03e-05
2026-04-20 01:19:02,034 INFO Epoch 1 | Batch 150 | Loss: 2.8760 | LR: 4.53e-05
2026-04-20 01:19:34,154 INFO Epoch 1 | Batch 200 | Loss: 2.8413 | LR: 6.03e-05
2026-04-20 01:20:06,846 INFO Epoch 1 | Batch 250 | Loss: 2.8533 | LR: 7.53e-05
2026-04-20 01:20:39,155 INFO Epoch 1 | Batch 300 | Loss: 2.8473 | LR: 9.03e-05
2026-04-20 01:21:12,068 INFO Epoch 1 | Batch 350 | Loss: 2.8526 | LR: 1.05e-04
2026-04-20 01:21:37,914 INFO Epoch 1 | Batch 400 | Loss: 2.8659 | LR: 1.20e-04
2026-04-20 01:22:09,459 INFO Epoch 1 | Batch 450 | Loss: 2.7120 | LR: 1.35e-04
2026-04-20 01:22:42,344 INFO Epoch 1 | Batch 500 | Loss: 2.6799 | LR: 1.50e-04
2026-04-20 01:23:14,568 INFO Epoch 1 | Batch 550 | Loss: 2.6285 | LR: 1.65e-04
2026-04-20 01:23:47,158 INFO Epoch 1 | Batch 600 | Loss: 2.6507 | LR: 1.80e-04
2026-04-20 01:24:19,653 INFO Epoch 1 | Batch 650 | Loss: 2.4598 | LR: 1.95e-04
2026-04-20 01:24:52,179 INFO Epoch 1 | Batch 700 | Loss: 2.4740 | LR: 2.10e-04
2026-04-20 01:25:17,205 INFO Epoch 1 | Batch 750 | Loss: 2.4252 | LR: 2.25e-04
2026-04-20 01:25:50,240 INFO Epoch 1 | Batch 800 | Loss: 2.5864 | LR: 2.40e-04
2026-04-20 01:26:23,032 INFO Epoch 1 | Batch 850 | Loss: 2.2983 | LR: 2.55e-04
2026-04-20 01:26:55,565 INFO Epoch 1 | Batch 900 | Loss: 2.3424 | LR: 2.70e-04
2026-04-20 01:27:28,161 INFO Epoch 1 | Batch 950 | Loss: 2.2169 | LR: 2.85e-04
2026-04-20 01:28:00,545 INFO Epoch 1 | Batch 1000 | Loss: 2.0407 | LR: 3.00e-04
2026-04-20 01:28:28,196 INFO Epoch 1 | Batch 1050 | Loss: 2.1520 | LR: 3.00e-04
2026-04-20 01:28:54,891 INFO Epoch 1 | Batch 1100 | Loss: 2.1647 | LR: 3.00e-04
2026-04-20 01:29:27,480 INFO Epoch 1 | Batch 1150 | Loss: 2.2764 | LR: 3.00e-04
2026-04-20 01:29:59,711 INFO Epoch 1 | Batch 1200 | Loss: 2.1755 | LR: 3.00e-04
2026-04-20 01:30:43,597 INFO Epoch 1 | Train: 2.5575 | Dev CER: 0.5061 | Dev WER: 0.9721 | Time: 792s | Peak: 44.9 GB
2026-04-20 01:30:43,597 INFO   New best CER: 0.5061
2026-04-20 01:30:46,632 INFO Epoch 2 | Batch 0 | Loss: 1.9732 | LR: 3.00e-04
2026-04-20 01:31:19,429 INFO Epoch 2 | Batch 50 | Loss: 2.2213 | LR: 3.00e-04
2026-04-20 01:31:51,830 INFO Epoch 2 | Batch 100 | Loss: 2.1620 | LR: 3.00e-04
2026-04-20 01:32:15,853 INFO Epoch 2 | Batch 150 | Loss: 2.0479 | LR: 3.00e-04
2026-04-20 01:32:48,611 INFO Epoch 2 | Batch 200 | Loss: 1.9496 | LR: 3.00e-04
2026-04-20 01:33:21,709 INFO Epoch 2 | Batch 250 | Loss: 1.6966 | LR: 3.00e-04
2026-04-20 01:33:54,176 INFO Epoch 2 | Batch 300 | Loss: 1.8695 | LR: 3.00e-04
2026-04-20 01:34:26,891 INFO Epoch 2 | Batch 350 | Loss: 1.8591 | LR: 3.00e-04
2026-04-20 01:34:58,900 INFO Epoch 2 | Batch 400 | Loss: 1.6629 | LR: 3.00e-04
2026-04-20 01:35:27,102 INFO Epoch 2 | Batch 450 | Loss: 1.7399 | LR: 3.00e-04
2026-04-20 01:35:56,272 INFO Epoch 2 | Batch 500 | Loss: 1.7162 | LR: 3.00e-04
2026-04-20 01:36:28,492 INFO Epoch 2 | Batch 550 | Loss: 1.9802 | LR: 3.00e-04
2026-04-20 01:37:01,066 INFO Epoch 2 | Batch 600 | Loss: 1.7825 | LR: 3.00e-04
2026-04-20 01:37:33,311 INFO Epoch 2 | Batch 650 | Loss: 1.9162 | LR: 3.00e-04
2026-04-20 01:38:05,816 INFO Epoch 2 | Batch 700 | Loss: 2.1774 | LR: 3.00e-04
2026-04-20 01:38:38,753 INFO Epoch 2 | Batch 750 | Loss: 1.7511 | LR: 2.99e-04
2026-04-20 01:39:03,717 INFO Epoch 2 | Batch 800 | Loss: 1.5240 | LR: 2.99e-04
2026-04-20 01:39:33,422 INFO Epoch 2 | Batch 850 | Loss: 1.8298 | LR: 2.99e-04
2026-04-20 01:40:06,024 INFO Epoch 2 | Batch 900 | Loss: 1.6771 | LR: 2.99e-04
2026-04-20 01:40:38,483 INFO Epoch 2 | Batch 950 | Loss: 1.5645 | LR: 2.99e-04
2026-04-20 01:41:10,672 INFO Epoch 2 | Batch 1000 | Loss: 2.3505 | LR: 2.99e-04
2026-04-20 01:41:43,262 INFO Epoch 2 | Batch 1050 | Loss: 1.7426 | LR: 2.99e-04
2026-04-20 01:42:16,304 INFO Epoch 2 | Batch 1100 | Loss: 1.6149 | LR: 2.99e-04
2026-04-20 01:42:38,551 INFO Epoch 2 | Batch 1150 | Loss: 1.4960 | LR: 2.99e-04
2026-04-20 01:43:10,777 INFO Epoch 2 | Batch 1200 | Loss: 1.5854 | LR: 2.99e-04
2026-04-20 01:43:58,603 INFO Epoch 2 | Train: 1.7912 | Dev CER: 0.3534 | Dev WER: 0.8068 | Time: 794s | Peak: 44.9 GB
2026-04-20 01:43:58,603 INFO   New best CER: 0.3534
2026-04-20 01:44:01,616 INFO Epoch 3 | Batch 0 | Loss: 1.4646 | LR: 2.99e-04
2026-04-20 01:44:34,339 INFO Epoch 3 | Batch 50 | Loss: 1.5681 | LR: 2.99e-04
2026-04-20 01:45:07,074 INFO Epoch 3 | Batch 100 | Loss: 1.5289 | LR: 2.99e-04
2026-04-20 01:45:40,068 INFO Epoch 3 | Batch 150 | Loss: 1.4718 | LR: 2.99e-04
2026-04-20 01:46:04,718 INFO Epoch 3 | Batch 200 | Loss: 1.5848 | LR: 2.98e-04
2026-04-20 01:46:37,373 INFO Epoch 3 | Batch 250 | Loss: 1.2082 | LR: 2.98e-04
2026-04-20 01:47:09,678 INFO Epoch 3 | Batch 300 | Loss: 1.6545 | LR: 2.98e-04
2026-04-20 01:47:42,728 INFO Epoch 3 | Batch 350 | Loss: 1.2752 | LR: 2.98e-04
2026-04-20 01:48:15,162 INFO Epoch 3 | Batch 400 | Loss: 1.3790 | LR: 2.98e-04
2026-04-20 01:48:48,134 INFO Epoch 3 | Batch 450 | Loss: 1.8369 | LR: 2.98e-04
2026-04-20 01:49:18,175 INFO Epoch 3 | Batch 500 | Loss: 1.4645 | LR: 2.98e-04
2026-04-20 01:49:45,060 INFO Epoch 3 | Batch 550 | Loss: 1.4392 | LR: 2.98e-04
2026-04-20 01:50:17,933 INFO Epoch 3 | Batch 600 | Loss: 1.6889 | LR: 2.98e-04
2026-04-20 01:50:50,053 INFO Epoch 3 | Batch 650 | Loss: 1.5045 | LR: 2.97e-04
2026-04-20 01:51:22,440 INFO Epoch 3 | Batch 700 | Loss: 1.6137 | LR: 2.97e-04
2026-04-20 01:51:55,474 INFO Epoch 3 | Batch 750 | Loss: 1.8871 | LR: 2.97e-04
2026-04-20 01:52:28,030 INFO Epoch 3 | Batch 800 | Loss: 1.5537 | LR: 2.97e-04
2026-04-20 01:52:54,518 INFO Epoch 3 | Batch 850 | Loss: 1.5433 | LR: 2.97e-04
2026-04-20 01:53:26,101 INFO Epoch 3 | Batch 900 | Loss: 1.7008 | LR: 2.97e-04
2026-04-20 01:53:58,811 INFO Epoch 3 | Batch 950 | Loss: 1.7264 | LR: 2.97e-04
2026-04-20 01:54:30,851 INFO Epoch 3 | Batch 1000 | Loss: 1.3416 | LR: 2.97e-04
2026-04-20 01:55:03,352 INFO Epoch 3 | Batch 1050 | Loss: 1.4534 | LR: 2.96e-04
2026-04-20 01:55:35,653 INFO Epoch 3 | Batch 1100 | Loss: 1.2775 | LR: 2.96e-04
2026-04-20 01:56:08,193 INFO Epoch 3 | Batch 1150 | Loss: 1.8368 | LR: 2.96e-04
2026-04-20 01:56:30,197 INFO Epoch 3 | Batch 1200 | Loss: 1.6651 | LR: 2.96e-04
2026-04-20 01:57:17,214 INFO Epoch 3 | Train: 1.4960 | Dev CER: 0.2994 | Dev WER: 0.7331 | Time: 798s | Peak: 44.9 GB
2026-04-20 01:57:17,214 INFO   New best CER: 0.2994
2026-04-20 01:57:20,493 INFO Epoch 4 | Batch 0 | Loss: 1.2439 | LR: 2.96e-04
2026-04-20 01:57:53,135 INFO Epoch 4 | Batch 50 | Loss: 1.6038 | LR: 2.96e-04
2026-04-20 01:58:26,178 INFO Epoch 4 | Batch 100 | Loss: 1.2724 | LR: 2.96e-04
2026-04-20 01:58:58,662 INFO Epoch 4 | Batch 150 | Loss: 1.8043 | LR: 2.95e-04
2026-04-20 01:59:31,194 INFO Epoch 4 | Batch 200 | Loss: 1.5173 | LR: 2.95e-04
2026-04-20 01:59:56,145 INFO Epoch 4 | Batch 250 | Loss: 1.4024 | LR: 2.95e-04
2026-04-20 02:00:28,981 INFO Epoch 4 | Batch 300 | Loss: 1.3574 | LR: 2.95e-04
2026-04-20 02:01:01,787 INFO Epoch 4 | Batch 350 | Loss: 1.8000 | LR: 2.95e-04
2026-04-20 02:01:36,109 INFO Epoch 4 | Batch 400 | Loss: 1.4686 | LR: 2.95e-04
2026-04-20 02:02:10,239 INFO Epoch 4 | Batch 450 | Loss: 1.3386 | LR: 2.94e-04
2026-04-20 02:02:43,375 INFO Epoch 4 | Batch 500 | Loss: 1.5212 | LR: 2.94e-04
2026-04-20 02:03:09,331 INFO Epoch 4 | Batch 550 | Loss: 1.2129 | LR: 2.94e-04
2026-04-20 02:03:40,735 INFO Epoch 4 | Batch 600 | Loss: 1.4409 | LR: 2.94e-04
2026-04-20 02:04:12,867 INFO Epoch 4 | Batch 650 | Loss: 1.3307 | LR: 2.94e-04
2026-04-20 02:04:45,528 INFO Epoch 4 | Batch 700 | Loss: 1.1562 | LR: 2.93e-04
2026-04-20 02:05:18,145 INFO Epoch 4 | Batch 750 | Loss: 1.3515 | LR: 2.93e-04
2026-04-20 02:05:50,531 INFO Epoch 4 | Batch 800 | Loss: 1.2046 | LR: 2.93e-04
2026-04-20 02:06:22,011 INFO Epoch 4 | Batch 850 | Loss: 1.6251 | LR: 2.93e-04
2026-04-20 02:06:44,257 INFO Epoch 4 | Batch 900 | Loss: 1.4116 | LR: 2.93e-04
2026-04-20 02:07:16,698 INFO Epoch 4 | Batch 950 | Loss: 1.3641 | LR: 2.92e-04
2026-04-20 02:07:49,599 INFO Epoch 4 | Batch 1000 | Loss: 1.2101 | LR: 2.92e-04
2026-04-20 02:08:22,097 INFO Epoch 4 | Batch 1050 | Loss: 1.3692 | LR: 2.92e-04
2026-04-20 02:08:55,155 INFO Epoch 4 | Batch 1100 | Loss: 1.2406 | LR: 2.92e-04
2026-04-20 02:09:28,122 INFO Epoch 4 | Batch 1150 | Loss: 1.4843 | LR: 2.92e-04
2026-04-20 02:09:58,396 INFO Epoch 4 | Batch 1200 | Loss: 1.6802 | LR: 2.91e-04
2026-04-20 02:10:35,657 INFO Epoch 4 | Train: 1.3547 | Dev CER: 0.2599 | Dev WER: 0.6644 | Time: 798s | Peak: 44.9 GB
2026-04-20 02:10:35,657 INFO   New best CER: 0.2599
2026-04-20 02:10:38,870 INFO Epoch 5 | Batch 0 | Loss: 1.0459 | LR: 2.91e-04
2026-04-20 02:11:11,676 INFO Epoch 5 | Batch 50 | Loss: 1.2483 | LR: 2.91e-04
2026-04-20 02:11:44,129 INFO Epoch 5 | Batch 100 | Loss: 1.3222 | LR: 2.91e-04
2026-04-20 02:12:16,818 INFO Epoch 5 | Batch 150 | Loss: 1.2807 | LR: 2.91e-04
2026-04-20 02:12:49,209 INFO Epoch 5 | Batch 200 | Loss: 1.1265 | LR: 2.90e-04
2026-04-20 02:13:21,573 INFO Epoch 5 | Batch 250 | Loss: 1.8595 | LR: 2.90e-04
2026-04-20 02:13:46,164 INFO Epoch 5 | Batch 300 | Loss: 1.0657 | LR: 2.90e-04
2026-04-20 02:14:18,668 INFO Epoch 5 | Batch 350 | Loss: 1.0747 | LR: 2.90e-04
2026-04-20 02:14:51,424 INFO Epoch 5 | Batch 400 | Loss: 0.9771 | LR: 2.89e-04
2026-04-20 02:15:24,220 INFO Epoch 5 | Batch 450 | Loss: 1.3322 | LR: 2.89e-04
2026-04-20 02:15:57,465 INFO Epoch 5 | Batch 500 | Loss: 1.1668 | LR: 2.89e-04
2026-04-20 02:16:30,504 INFO Epoch 5 | Batch 550 | Loss: 1.2940 | LR: 2.89e-04
2026-04-20 02:16:58,117 INFO Epoch 5 | Batch 600 | Loss: 1.4283 | LR: 2.88e-04
2026-04-20 02:17:26,345 INFO Epoch 5 | Batch 650 | Loss: 1.5258 | LR: 2.88e-04
2026-04-20 02:17:58,890 INFO Epoch 5 | Batch 700 | Loss: 1.2095 | LR: 2.88e-04
2026-04-20 02:18:31,711 INFO Epoch 5 | Batch 750 | Loss: 1.1086 | LR: 2.88e-04
2026-04-20 02:19:04,099 INFO Epoch 5 | Batch 800 | Loss: 1.1224 | LR: 2.87e-04
2026-04-20 02:19:36,847 INFO Epoch 5 | Batch 850 | Loss: 1.2230 | LR: 2.87e-04
2026-04-20 02:20:09,731 INFO Epoch 5 | Batch 900 | Loss: 1.3092 | LR: 2.87e-04
2026-04-20 02:20:33,546 INFO Epoch 5 | Batch 950 | Loss: 1.6965 | LR: 2.87e-04
2026-04-20 02:21:04,587 INFO Epoch 5 | Batch 1000 | Loss: 1.4393 | LR: 2.86e-04
2026-04-20 02:21:36,900 INFO Epoch 5 | Batch 1050 | Loss: 1.1792 | LR: 2.86e-04
2026-04-20 02:22:09,631 INFO Epoch 5 | Batch 1100 | Loss: 1.2917 | LR: 2.86e-04
2026-04-20 02:22:42,364 INFO Epoch 5 | Batch 1150 | Loss: 1.5257 | LR: 2.86e-04
2026-04-20 02:23:15,019 INFO Epoch 5 | Batch 1200 | Loss: 1.2567 | LR: 2.85e-04
2026-04-20 02:23:58,980 INFO Epoch 5 | Train: 1.2451 | Dev CER: 0.2371 | Dev WER: 0.6288 | Time: 803s | Peak: 44.9 GB
2026-04-20 02:23:58,980 INFO   New best CER: 0.2371
2026-04-20 02:24:02,169 INFO Epoch 6 | Batch 0 | Loss: 1.2182 | LR: 2.85e-04
2026-04-20 02:24:34,188 INFO Epoch 6 | Batch 50 | Loss: 1.7307 | LR: 2.85e-04
2026-04-20 02:25:07,082 INFO Epoch 6 | Batch 100 | Loss: 1.3513 | LR: 2.84e-04
2026-04-20 02:25:39,358 INFO Epoch 6 | Batch 150 | Loss: 1.2857 | LR: 2.84e-04
2026-04-20 02:26:11,350 INFO Epoch 6 | Batch 200 | Loss: 1.3324 | LR: 2.84e-04
2026-04-20 02:26:44,368 INFO Epoch 6 | Batch 250 | Loss: 0.9834 | LR: 2.84e-04
2026-04-20 02:27:15,506 INFO Epoch 6 | Batch 300 | Loss: 0.9701 | LR: 2.83e-04
2026-04-20 02:27:40,179 INFO Epoch 6 | Batch 350 | Loss: 1.0884 | LR: 2.83e-04
2026-04-20 02:28:12,597 INFO Epoch 6 | Batch 400 | Loss: 1.0133 | LR: 2.83e-04
2026-04-20 02:28:44,665 INFO Epoch 6 | Batch 450 | Loss: 1.8935 | LR: 2.82e-04
2026-04-20 02:29:16,852 INFO Epoch 6 | Batch 500 | Loss: 0.9815 | LR: 2.82e-04
2026-04-20 02:29:49,576 INFO Epoch 6 | Batch 550 | Loss: 1.0663 | LR: 2.82e-04
2026-04-20 02:30:22,149 INFO Epoch 6 | Batch 600 | Loss: 1.1556 | LR: 2.81e-04
2026-04-20 02:30:50,607 INFO Epoch 6 | Batch 650 | Loss: 1.3505 | LR: 2.81e-04
2026-04-20 02:31:16,810 INFO Epoch 6 | Batch 700 | Loss: 1.3976 | LR: 2.81e-04
2026-04-20 02:31:49,586 INFO Epoch 6 | Batch 750 | Loss: 1.2141 | LR: 2.81e-04
2026-04-20 02:32:21,995 INFO Epoch 6 | Batch 800 | Loss: 1.0977 | LR: 2.80e-04
2026-04-20 02:32:55,376 INFO Epoch 6 | Batch 850 | Loss: 1.2354 | LR: 2.80e-04
2026-04-20 02:33:28,124 INFO Epoch 6 | Batch 900 | Loss: 0.9328 | LR: 2.80e-04
2026-04-20 02:34:00,287 INFO Epoch 6 | Batch 950 | Loss: 1.5522 | LR: 2.79e-04
2026-04-20 02:34:27,119 INFO Epoch 6 | Batch 1000 | Loss: 1.1190 | LR: 2.79e-04
2026-04-20 02:34:57,870 INFO Epoch 6 | Batch 1050 | Loss: 1.3129 | LR: 2.79e-04
2026-04-20 02:35:30,769 INFO Epoch 6 | Batch 1100 | Loss: 1.3456 | LR: 2.78e-04
2026-04-20 02:36:03,023 INFO Epoch 6 | Batch 1150 | Loss: 1.1251 | LR: 2.78e-04
2026-04-20 02:36:35,509 INFO Epoch 6 | Batch 1200 | Loss: 1.0367 | LR: 2.78e-04
2026-04-20 02:37:22,433 INFO Epoch 6 | Train: 1.1666 | Dev CER: 0.2237 | Dev WER: 0.5938 | Time: 803s | Peak: 44.9 GB
2026-04-20 02:37:22,433 INFO   New best CER: 0.2237
2026-04-20 02:37:25,362 INFO Epoch 7 | Batch 0 | Loss: 1.2787 | LR: 2.77e-04
2026-04-20 02:37:52,048 INFO Epoch 7 | Batch 50 | Loss: 1.3237 | LR: 2.77e-04
2026-04-20 02:38:19,670 INFO Epoch 7 | Batch 100 | Loss: 1.0133 | LR: 2.77e-04
2026-04-20 02:38:51,670 INFO Epoch 7 | Batch 150 | Loss: 1.2260 | LR: 2.76e-04
2026-04-20 02:39:24,504 INFO Epoch 7 | Batch 200 | Loss: 0.9694 | LR: 2.76e-04
2026-04-20 02:39:56,783 INFO Epoch 7 | Batch 250 | Loss: 1.1764 | LR: 2.76e-04
2026-04-20 02:40:28,607 INFO Epoch 7 | Batch 300 | Loss: 1.0427 | LR: 2.75e-04
2026-04-20 02:41:01,312 INFO Epoch 7 | Batch 350 | Loss: 1.3245 | LR: 2.75e-04
2026-04-20 02:41:26,968 INFO Epoch 7 | Batch 400 | Loss: 0.9946 | LR: 2.74e-04
2026-04-20 02:41:55,973 INFO Epoch 7 | Batch 450 | Loss: 1.2467 | LR: 2.74e-04
2026-04-20 02:42:28,366 INFO Epoch 7 | Batch 500 | Loss: 1.3358 | LR: 2.74e-04
2026-04-20 02:43:01,407 INFO Epoch 7 | Batch 550 | Loss: 0.9586 | LR: 2.73e-04
2026-04-20 02:43:34,009 INFO Epoch 7 | Batch 600 | Loss: 1.1005 | LR: 2.73e-04
2026-04-20 02:44:06,835 INFO Epoch 7 | Batch 650 | Loss: 1.3023 | LR: 2.73e-04
2026-04-20 02:44:39,236 INFO Epoch 7 | Batch 700 | Loss: 1.1962 | LR: 2.72e-04
2026-04-20 02:45:02,525 INFO Epoch 7 | Batch 750 | Loss: 1.2918 | LR: 2.72e-04
2026-04-20 02:45:35,133 INFO Epoch 7 | Batch 800 | Loss: 1.5258 | LR: 2.71e-04
2026-04-20 02:46:07,650 INFO Epoch 7 | Batch 850 | Loss: 1.2996 | LR: 2.71e-04
2026-04-20 02:46:40,431 INFO Epoch 7 | Batch 900 | Loss: 1.0617 | LR: 2.71e-04
2026-04-20 02:47:12,588 INFO Epoch 7 | Batch 950 | Loss: 0.9837 | LR: 2.70e-04
2026-04-20 02:47:44,543 INFO Epoch 7 | Batch 1000 | Loss: 0.9373 | LR: 2.70e-04
2026-04-20 02:48:15,787 INFO Epoch 7 | Batch 1050 | Loss: 1.3269 | LR: 2.69e-04
2026-04-20 02:48:42,280 INFO Epoch 7 | Batch 1100 | Loss: 1.5616 | LR: 2.69e-04
2026-04-20 02:49:14,712 INFO Epoch 7 | Batch 1150 | Loss: 1.0123 | LR: 2.69e-04
2026-04-20 02:49:47,740 INFO Epoch 7 | Batch 1200 | Loss: 0.7616 | LR: 2.68e-04
2026-04-20 02:50:33,099 INFO Epoch 7 | Train: 1.1183 | Dev CER: 0.2076 | Dev WER: 0.5625 | Time: 790s | Peak: 44.9 GB
2026-04-20 02:50:33,099 INFO   New best CER: 0.2076
2026-04-20 02:50:36,425 INFO Epoch 8 | Batch 0 | Loss: 1.0667 | LR: 2.68e-04
2026-04-20 02:51:09,172 INFO Epoch 8 | Batch 50 | Loss: 1.1529 | LR: 2.68e-04
2026-04-20 02:51:40,147 INFO Epoch 8 | Batch 100 | Loss: 1.1102 | LR: 2.67e-04
2026-04-20 02:52:01,485 INFO Epoch 8 | Batch 150 | Loss: 1.3081 | LR: 2.67e-04
2026-04-20 02:52:24,913 INFO Epoch 8 | Batch 200 | Loss: 1.0596 | LR: 2.66e-04
2026-04-20 02:52:49,215 INFO Epoch 8 | Batch 250 | Loss: 1.3061 | LR: 2.66e-04
2026-04-20 02:53:13,486 INFO Epoch 8 | Batch 300 | Loss: 0.9508 | LR: 2.66e-04
2026-04-20 02:53:32,979 INFO Epoch 8 | Batch 350 | Loss: 1.2922 | LR: 2.65e-04
2026-04-20 02:53:52,599 INFO Epoch 8 | Batch 400 | Loss: 0.9039 | LR: 2.65e-04
2026-04-20 02:54:11,962 INFO Epoch 8 | Batch 450 | Loss: 1.2497 | LR: 2.64e-04
2026-04-20 02:54:31,342 INFO Epoch 8 | Batch 500 | Loss: 1.0188 | LR: 2.64e-04
2026-04-20 02:54:50,543 INFO Epoch 8 | Batch 550 | Loss: 1.0449 | LR: 2.63e-04
2026-04-20 02:55:09,995 INFO Epoch 8 | Batch 600 | Loss: 0.8673 | LR: 2.63e-04
2026-04-20 02:55:29,264 INFO Epoch 8 | Batch 650 | Loss: 1.0041 | LR: 2.63e-04
2026-04-20 02:55:48,637 INFO Epoch 8 | Batch 700 | Loss: 0.9120 | LR: 2.62e-04
2026-04-20 02:56:08,596 INFO Epoch 8 | Batch 750 | Loss: 0.8577 | LR: 2.62e-04
2026-04-20 02:56:28,288 INFO Epoch 8 | Batch 800 | Loss: 1.0561 | LR: 2.61e-04
2026-04-20 02:56:47,606 INFO Epoch 8 | Batch 850 | Loss: 0.7806 | LR: 2.61e-04
2026-04-20 02:57:07,230 INFO Epoch 8 | Batch 900 | Loss: 1.2047 | LR: 2.60e-04
2026-04-20 02:57:26,750 INFO Epoch 8 | Batch 950 | Loss: 1.0993 | LR: 2.60e-04
2026-04-20 02:57:46,228 INFO Epoch 8 | Batch 1000 | Loss: 0.8625 | LR: 2.60e-04
2026-04-20 02:58:05,645 INFO Epoch 8 | Batch 1050 | Loss: 0.9606 | LR: 2.59e-04
2026-04-20 02:58:25,295 INFO Epoch 8 | Batch 1100 | Loss: 0.9555 | LR: 2.59e-04
2026-04-20 02:58:44,844 INFO Epoch 8 | Batch 1150 | Loss: 0.8920 | LR: 2.58e-04
2026-04-20 02:59:04,410 INFO Epoch 8 | Batch 1200 | Loss: 0.9058 | LR: 2.58e-04
2026-04-20 02:59:38,056 INFO Epoch 8 | Train: 1.0636 | Dev CER: 0.1907 | Dev WER: 0.5332 | Time: 544s | Peak: 44.9 GB
2026-04-20 02:59:38,057 INFO   New best CER: 0.1907
2026-04-20 02:59:41,410 INFO Epoch 9 | Batch 0 | Loss: 1.0064 | LR: 2.57e-04
2026-04-20 03:00:00,849 INFO Epoch 9 | Batch 50 | Loss: 1.0680 | LR: 2.57e-04
2026-04-20 03:00:20,327 INFO Epoch 9 | Batch 100 | Loss: 0.9526 | LR: 2.56e-04
2026-04-20 03:00:39,702 INFO Epoch 9 | Batch 150 | Loss: 1.0803 | LR: 2.56e-04
2026-04-20 03:00:59,393 INFO Epoch 9 | Batch 200 | Loss: 0.9708 | LR: 2.56e-04
2026-04-20 03:01:18,954 INFO Epoch 9 | Batch 250 | Loss: 1.1085 | LR: 2.55e-04
2026-04-20 03:01:38,490 INFO Epoch 9 | Batch 300 | Loss: 0.9445 | LR: 2.55e-04
2026-04-20 03:01:57,883 INFO Epoch 9 | Batch 350 | Loss: 1.2544 | LR: 2.54e-04
2026-04-20 03:02:17,386 INFO Epoch 9 | Batch 400 | Loss: 0.8922 | LR: 2.54e-04
2026-04-20 03:02:36,940 INFO Epoch 9 | Batch 450 | Loss: 0.7986 | LR: 2.53e-04
2026-04-20 03:02:56,551 INFO Epoch 9 | Batch 500 | Loss: 0.8457 | LR: 2.53e-04
2026-04-20 03:03:16,011 INFO Epoch 9 | Batch 550 | Loss: 0.8127 | LR: 2.52e-04
2026-04-20 03:03:35,424 INFO Epoch 9 | Batch 600 | Loss: 0.8896 | LR: 2.52e-04
2026-04-20 03:03:54,947 INFO Epoch 9 | Batch 650 | Loss: 1.1289 | LR: 2.51e-04
2026-04-20 03:04:14,628 INFO Epoch 9 | Batch 700 | Loss: 0.8023 | LR: 2.51e-04
2026-04-20 03:04:34,450 INFO Epoch 9 | Batch 750 | Loss: 0.9712 | LR: 2.50e-04
2026-04-20 03:04:53,993 INFO Epoch 9 | Batch 800 | Loss: 1.0271 | LR: 2.50e-04
2026-04-20 03:05:13,266 INFO Epoch 9 | Batch 850 | Loss: 1.2170 | LR: 2.49e-04
2026-04-20 03:05:32,622 INFO Epoch 9 | Batch 900 | Loss: 1.1932 | LR: 2.49e-04
2026-04-20 03:05:51,912 INFO Epoch 9 | Batch 950 | Loss: 1.0212 | LR: 2.48e-04
2026-04-20 03:06:11,534 INFO Epoch 9 | Batch 1000 | Loss: 0.9527 | LR: 2.48e-04
2026-04-20 03:06:30,848 INFO Epoch 9 | Batch 1050 | Loss: 1.1598 | LR: 2.47e-04
2026-04-20 03:06:50,147 INFO Epoch 9 | Batch 1100 | Loss: 0.8567 | LR: 2.47e-04
2026-04-20 03:07:09,484 INFO Epoch 9 | Batch 1150 | Loss: 0.8151 | LR: 2.46e-04
2026-04-20 03:07:29,083 INFO Epoch 9 | Batch 1200 | Loss: 1.0247 | LR: 2.46e-04
2026-04-20 03:08:02,677 INFO Epoch 9 | Train: 1.0303 | Dev CER: 0.1837 | Dev WER: 0.5123 | Time: 504s | Peak: 44.9 GB
2026-04-20 03:08:02,677 INFO   New best CER: 0.1837
2026-04-20 03:08:05,879 INFO Epoch 10 | Batch 0 | Loss: 1.0217 | LR: 2.46e-04
2026-04-20 03:08:25,309 INFO Epoch 10 | Batch 50 | Loss: 1.0235 | LR: 2.45e-04
2026-04-20 03:08:44,688 INFO Epoch 10 | Batch 100 | Loss: 0.8914 | LR: 2.45e-04
2026-04-20 03:09:04,302 INFO Epoch 10 | Batch 150 | Loss: 0.9710 | LR: 2.44e-04
2026-04-20 03:09:23,972 INFO Epoch 10 | Batch 200 | Loss: 0.9556 | LR: 2.44e-04
2026-04-20 03:09:43,480 INFO Epoch 10 | Batch 250 | Loss: 0.8359 | LR: 2.43e-04
2026-04-20 03:10:02,992 INFO Epoch 10 | Batch 300 | Loss: 0.8154 | LR: 2.43e-04
2026-04-20 03:10:22,489 INFO Epoch 10 | Batch 350 | Loss: 0.8619 | LR: 2.42e-04
2026-04-20 03:10:41,858 INFO Epoch 10 | Batch 400 | Loss: 0.6707 | LR: 2.41e-04
2026-04-20 03:11:01,352 INFO Epoch 10 | Batch 450 | Loss: 1.0714 | LR: 2.41e-04
2026-04-20 03:11:20,776 INFO Epoch 10 | Batch 500 | Loss: 0.8026 | LR: 2.40e-04
2026-04-20 03:11:40,175 INFO Epoch 10 | Batch 550 | Loss: 0.9004 | LR: 2.40e-04
2026-04-20 03:11:59,717 INFO Epoch 10 | Batch 600 | Loss: 1.1053 | LR: 2.39e-04
2026-04-20 03:12:18,987 INFO Epoch 10 | Batch 650 | Loss: 1.0047 | LR: 2.39e-04
2026-04-20 03:12:38,881 INFO Epoch 10 | Batch 700 | Loss: 1.4551 | LR: 2.38e-04
2026-04-20 03:12:58,423 INFO Epoch 10 | Batch 750 | Loss: 0.6824 | LR: 2.38e-04
2026-04-20 03:13:18,026 INFO Epoch 10 | Batch 800 | Loss: 1.5846 | LR: 2.37e-04
2026-04-20 03:13:37,596 INFO Epoch 10 | Batch 850 | Loss: 0.8171 | LR: 2.37e-04
2026-04-20 03:13:57,313 INFO Epoch 10 | Batch 900 | Loss: 0.7948 | LR: 2.36e-04
2026-04-20 03:14:16,964 INFO Epoch 10 | Batch 950 | Loss: 0.8873 | LR: 2.36e-04
2026-04-20 03:14:36,220 INFO Epoch 10 | Batch 1000 | Loss: 0.8679 | LR: 2.35e-04
2026-04-20 03:14:55,859 INFO Epoch 10 | Batch 1050 | Loss: 0.8506 | LR: 2.35e-04
2026-04-20 03:15:15,321 INFO Epoch 10 | Batch 1100 | Loss: 0.7953 | LR: 2.34e-04
2026-04-20 03:15:34,827 INFO Epoch 10 | Batch 1150 | Loss: 0.8562 | LR: 2.34e-04
2026-04-20 03:15:54,317 INFO Epoch 10 | Batch 1200 | Loss: 0.8750 | LR: 2.33e-04
2026-04-20 03:16:27,602 INFO Epoch 10 | Train: 0.9868 | Dev CER: 0.1738 | Dev WER: 0.4904 | Time: 504s | Peak: 44.9 GB
2026-04-20 03:16:27,602 INFO   New best CER: 0.1738
2026-04-20 03:16:31,019 INFO Epoch 11 | Batch 0 | Loss: 0.9868 | LR: 2.33e-04
2026-04-20 03:16:50,466 INFO Epoch 11 | Batch 50 | Loss: 0.9012 | LR: 2.32e-04
2026-04-20 03:17:10,090 INFO Epoch 11 | Batch 100 | Loss: 0.6824 | LR: 2.32e-04
2026-04-20 03:17:29,636 INFO Epoch 11 | Batch 150 | Loss: 0.6918 | LR: 2.31e-04
2026-04-20 03:17:49,309 INFO Epoch 11 | Batch 200 | Loss: 1.2110 | LR: 2.30e-04
2026-04-20 03:18:08,966 INFO Epoch 11 | Batch 250 | Loss: 1.0164 | LR: 2.30e-04
2026-04-20 03:18:28,380 INFO Epoch 11 | Batch 300 | Loss: 1.1006 | LR: 2.29e-04
2026-04-20 03:18:47,961 INFO Epoch 11 | Batch 350 | Loss: 1.1142 | LR: 2.29e-04
2026-04-20 03:19:07,357 INFO Epoch 11 | Batch 400 | Loss: 0.6399 | LR: 2.28e-04
2026-04-20 03:19:26,925 INFO Epoch 11 | Batch 450 | Loss: 0.6746 | LR: 2.28e-04
2026-04-20 03:19:46,362 INFO Epoch 11 | Batch 500 | Loss: 0.9765 | LR: 2.27e-04
2026-04-20 03:20:05,606 INFO Epoch 11 | Batch 550 | Loss: 0.9490 | LR: 2.27e-04
2026-04-20 03:20:25,138 INFO Epoch 11 | Batch 600 | Loss: 0.9435 | LR: 2.26e-04
2026-04-20 03:20:44,556 INFO Epoch 11 | Batch 650 | Loss: 1.3551 | LR: 2.25e-04
2026-04-20 03:21:04,065 INFO Epoch 11 | Batch 700 | Loss: 0.9083 | LR: 2.25e-04
2026-04-20 03:21:23,774 INFO Epoch 11 | Batch 750 | Loss: 0.9264 | LR: 2.24e-04
2026-04-20 03:21:43,261 INFO Epoch 11 | Batch 800 | Loss: 1.0705 | LR: 2.24e-04
2026-04-20 03:22:03,161 INFO Epoch 11 | Batch 850 | Loss: 0.9041 | LR: 2.23e-04
2026-04-20 03:22:22,619 INFO Epoch 11 | Batch 900 | Loss: 0.8316 | LR: 2.23e-04
2026-04-20 03:22:42,139 INFO Epoch 11 | Batch 950 | Loss: 0.6534 | LR: 2.22e-04
2026-04-20 03:23:01,477 INFO Epoch 11 | Batch 1000 | Loss: 0.8186 | LR: 2.21e-04
2026-04-20 03:23:21,093 INFO Epoch 11 | Batch 1050 | Loss: 1.0253 | LR: 2.21e-04
2026-04-20 03:23:40,433 INFO Epoch 11 | Batch 1100 | Loss: 0.8816 | LR: 2.20e-04
2026-04-20 03:23:59,731 INFO Epoch 11 | Batch 1150 | Loss: 1.0146 | LR: 2.20e-04
2026-04-20 03:24:19,356 INFO Epoch 11 | Batch 1200 | Loss: 0.7380 | LR: 2.19e-04
2026-04-20 03:24:52,363 INFO Epoch 11 | Train: 0.9552 | Dev CER: 0.1696 | Dev WER: 0.4803 | Time: 504s | Peak: 44.9 GB
2026-04-20 03:24:52,363 INFO   New best CER: 0.1696
2026-04-20 03:24:55,846 INFO Epoch 12 | Batch 0 | Loss: 0.8548 | LR: 2.19e-04
2026-04-20 03:25:15,333 INFO Epoch 12 | Batch 50 | Loss: 1.8651 | LR: 2.18e-04
2026-04-20 03:25:34,601 INFO Epoch 12 | Batch 100 | Loss: 1.5238 | LR: 2.18e-04
2026-04-20 03:25:54,209 INFO Epoch 12 | Batch 150 | Loss: 0.8867 | LR: 2.17e-04
2026-04-20 03:26:13,697 INFO Epoch 12 | Batch 200 | Loss: 0.7105 | LR: 2.16e-04
2026-04-20 03:26:33,082 INFO Epoch 12 | Batch 250 | Loss: 0.8544 | LR: 2.16e-04
2026-04-20 03:26:52,851 INFO Epoch 12 | Batch 300 | Loss: 0.6987 | LR: 2.15e-04
2026-04-20 03:27:12,097 INFO Epoch 12 | Batch 350 | Loss: 1.0796 | LR: 2.15e-04
2026-04-20 03:27:31,700 INFO Epoch 12 | Batch 400 | Loss: 0.9213 | LR: 2.14e-04
2026-04-20 03:27:51,211 INFO Epoch 12 | Batch 450 | Loss: 0.8619 | LR: 2.13e-04
2026-04-20 03:28:10,957 INFO Epoch 12 | Batch 500 | Loss: 0.7828 | LR: 2.13e-04
2026-04-20 03:28:30,241 INFO Epoch 12 | Batch 550 | Loss: 1.1698 | LR: 2.12e-04
2026-04-20 03:28:49,926 INFO Epoch 12 | Batch 600 | Loss: 0.8695 | LR: 2.12e-04
2026-04-20 03:29:09,326 INFO Epoch 12 | Batch 650 | Loss: 1.0641 | LR: 2.11e-04
2026-04-20 03:29:28,637 INFO Epoch 12 | Batch 700 | Loss: 0.9946 | LR: 2.11e-04
2026-04-20 03:29:48,205 INFO Epoch 12 | Batch 750 | Loss: 0.6311 | LR: 2.10e-04
2026-04-20 03:30:07,925 INFO Epoch 12 | Batch 800 | Loss: 0.8044 | LR: 2.09e-04
2026-04-20 03:30:27,622 INFO Epoch 12 | Batch 850 | Loss: 0.8850 | LR: 2.09e-04
2026-04-20 03:30:47,105 INFO Epoch 12 | Batch 900 | Loss: 0.9930 | LR: 2.08e-04
2026-04-20 03:31:06,665 INFO Epoch 12 | Batch 950 | Loss: 1.0956 | LR: 2.08e-04
2026-04-20 03:31:26,121 INFO Epoch 12 | Batch 1000 | Loss: 1.0257 | LR: 2.07e-04
2026-04-20 03:31:45,379 INFO Epoch 12 | Batch 1050 | Loss: 0.9120 | LR: 2.06e-04
2026-04-20 03:32:04,775 INFO Epoch 12 | Batch 1100 | Loss: 0.8417 | LR: 2.06e-04
2026-04-20 03:32:24,345 INFO Epoch 12 | Batch 1150 | Loss: 0.8644 | LR: 2.05e-04
2026-04-20 03:32:43,926 INFO Epoch 12 | Batch 1200 | Loss: 1.1041 | LR: 2.04e-04
2026-04-20 03:33:14,320 INFO Epoch 12 | Train: 0.9378 | Dev CER: 0.1644 | Dev WER: 0.4687 | Time: 501s | Peak: 44.9 GB
2026-04-20 03:33:14,320 INFO   New best CER: 0.1644
2026-04-20 03:33:17,654 INFO Epoch 13 | Batch 0 | Loss: 0.9577 | LR: 2.04e-04
2026-04-20 03:33:37,202 INFO Epoch 13 | Batch 50 | Loss: 0.7280 | LR: 2.03e-04
2026-04-20 03:33:56,753 INFO Epoch 13 | Batch 100 | Loss: 0.7593 | LR: 2.03e-04
2026-04-20 03:34:16,317 INFO Epoch 13 | Batch 150 | Loss: 0.7336 | LR: 2.02e-04
2026-04-20 03:34:35,715 INFO Epoch 13 | Batch 200 | Loss: 0.7780 | LR: 2.02e-04
2026-04-20 03:34:55,210 INFO Epoch 13 | Batch 250 | Loss: 0.9987 | LR: 2.01e-04
2026-04-20 03:35:14,826 INFO Epoch 13 | Batch 300 | Loss: 0.7800 | LR: 2.00e-04
2026-04-20 03:35:34,399 INFO Epoch 13 | Batch 350 | Loss: 1.0373 | LR: 2.00e-04
2026-04-20 03:35:53,958 INFO Epoch 13 | Batch 400 | Loss: 0.8656 | LR: 1.99e-04
2026-04-20 03:36:13,362 INFO Epoch 13 | Batch 450 | Loss: 0.8644 | LR: 1.99e-04
2026-04-20 03:36:32,678 INFO Epoch 13 | Batch 500 | Loss: 0.6981 | LR: 1.98e-04
2026-04-20 03:36:52,311 INFO Epoch 13 | Batch 550 | Loss: 0.7342 | LR: 1.97e-04
2026-04-20 03:37:12,054 INFO Epoch 13 | Batch 600 | Loss: 0.7813 | LR: 1.97e-04
2026-04-20 03:37:31,687 INFO Epoch 13 | Batch 650 | Loss: 0.9673 | LR: 1.96e-04
2026-04-20 03:37:51,231 INFO Epoch 13 | Batch 700 | Loss: 0.9473 | LR: 1.95e-04
2026-04-20 03:38:10,926 INFO Epoch 13 | Batch 750 | Loss: 0.9145 | LR: 1.95e-04
2026-04-20 03:38:30,765 INFO Epoch 13 | Batch 800 | Loss: 0.8127 | LR: 1.94e-04
2026-04-20 03:38:50,135 INFO Epoch 13 | Batch 850 | Loss: 1.2977 | LR: 1.94e-04
2026-04-20 03:39:09,497 INFO Epoch 13 | Batch 900 | Loss: 0.9950 | LR: 1.93e-04
2026-04-20 03:39:28,868 INFO Epoch 13 | Batch 950 | Loss: 0.9058 | LR: 1.92e-04
2026-04-20 03:39:48,406 INFO Epoch 13 | Batch 1000 | Loss: 0.8470 | LR: 1.92e-04
2026-04-20 03:40:07,589 INFO Epoch 13 | Batch 1050 | Loss: 0.7150 | LR: 1.91e-04
2026-04-20 03:40:27,355 INFO Epoch 13 | Batch 1100 | Loss: 1.4594 | LR: 1.90e-04
2026-04-20 03:40:47,300 INFO Epoch 13 | Batch 1150 | Loss: 0.9957 | LR: 1.90e-04
2026-04-20 03:41:06,925 INFO Epoch 13 | Batch 1200 | Loss: 1.2937 | LR: 1.89e-04
2026-04-20 03:41:38,590 INFO Epoch 13 | Train: 0.9054 | Dev CER: 0.1581 | Dev WER: 0.4546 | Time: 504s | Peak: 44.9 GB
2026-04-20 03:41:38,590 INFO   New best CER: 0.1581
2026-04-20 03:41:41,935 INFO Epoch 14 | Batch 0 | Loss: 0.9195 | LR: 1.89e-04
2026-04-20 03:42:01,375 INFO Epoch 14 | Batch 50 | Loss: 1.1928 | LR: 1.88e-04
2026-04-20 03:42:20,790 INFO Epoch 14 | Batch 100 | Loss: 0.8162 | LR: 1.87e-04
2026-04-20 03:42:40,391 INFO Epoch 14 | Batch 150 | Loss: 0.7887 | LR: 1.87e-04
2026-04-20 03:42:59,754 INFO Epoch 14 | Batch 200 | Loss: 0.8764 | LR: 1.86e-04
2026-04-20 03:43:19,118 INFO Epoch 14 | Batch 250 | Loss: 0.9809 | LR: 1.86e-04
2026-04-20 03:43:38,736 INFO Epoch 14 | Batch 300 | Loss: 0.7394 | LR: 1.85e-04
2026-04-20 03:43:58,312 INFO Epoch 14 | Batch 350 | Loss: 0.9435 | LR: 1.84e-04
2026-04-20 03:44:17,990 INFO Epoch 14 | Batch 400 | Loss: 0.8652 | LR: 1.84e-04
2026-04-20 03:44:37,640 INFO Epoch 14 | Batch 450 | Loss: 1.0013 | LR: 1.83e-04
2026-04-20 03:44:56,992 INFO Epoch 14 | Batch 500 | Loss: 0.8828 | LR: 1.82e-04
2026-04-20 03:45:16,338 INFO Epoch 14 | Batch 550 | Loss: 0.9225 | LR: 1.82e-04
2026-04-20 03:45:35,427 INFO Epoch 14 | Batch 600 | Loss: 1.0709 | LR: 1.81e-04
2026-04-20 03:45:54,728 INFO Epoch 14 | Batch 650 | Loss: 0.8018 | LR: 1.81e-04
2026-04-20 03:46:14,286 INFO Epoch 14 | Batch 700 | Loss: 0.9129 | LR: 1.80e-04
2026-04-20 03:46:33,868 INFO Epoch 14 | Batch 750 | Loss: 0.7506 | LR: 1.79e-04
2026-04-20 03:46:53,607 INFO Epoch 14 | Batch 800 | Loss: 0.8257 | LR: 1.79e-04
2026-04-20 03:47:13,500 INFO Epoch 14 | Batch 850 | Loss: 0.7693 | LR: 1.78e-04
2026-04-20 03:47:33,073 INFO Epoch 14 | Batch 900 | Loss: 0.8489 | LR: 1.77e-04
2026-04-20 03:47:52,568 INFO Epoch 14 | Batch 950 | Loss: 0.9434 | LR: 1.77e-04
2026-04-20 03:48:12,382 INFO Epoch 14 | Batch 1000 | Loss: 0.7612 | LR: 1.76e-04
2026-04-20 03:48:32,082 INFO Epoch 14 | Batch 1050 | Loss: 0.9461 | LR: 1.75e-04
2026-04-20 03:48:51,718 INFO Epoch 14 | Batch 1100 | Loss: 0.7844 | LR: 1.75e-04
2026-04-20 03:49:11,019 INFO Epoch 14 | Batch 1150 | Loss: 0.8365 | LR: 1.74e-04
2026-04-20 03:49:30,527 INFO Epoch 14 | Batch 1200 | Loss: 0.9324 | LR: 1.73e-04
2026-04-20 03:50:02,273 INFO Epoch 14 | Train: 0.8924 | Dev CER: 0.1524 | Dev WER: 0.4360 | Time: 503s | Peak: 44.9 GB
2026-04-20 03:50:02,273 INFO   New best CER: 0.1524
2026-04-20 03:50:05,303 INFO Epoch 15 | Batch 0 | Loss: 0.7656 | LR: 1.73e-04
2026-04-20 03:50:24,865 INFO Epoch 15 | Batch 50 | Loss: 0.8756 | LR: 1.72e-04
2026-04-20 03:50:44,383 INFO Epoch 15 | Batch 100 | Loss: 0.6840 | LR: 1.72e-04
2026-04-20 03:51:03,874 INFO Epoch 15 | Batch 150 | Loss: 0.7273 | LR: 1.71e-04
2026-04-20 03:51:23,676 INFO Epoch 15 | Batch 200 | Loss: 0.9676 | LR: 1.70e-04
2026-04-20 03:51:43,153 INFO Epoch 15 | Batch 250 | Loss: 0.7220 | LR: 1.70e-04
2026-04-20 03:52:02,871 INFO Epoch 15 | Batch 300 | Loss: 0.9096 | LR: 1.69e-04
2026-04-20 03:52:22,882 INFO Epoch 15 | Batch 350 | Loss: 0.7383 | LR: 1.68e-04
2026-04-20 03:52:42,312 INFO Epoch 15 | Batch 400 | Loss: 0.7279 | LR: 1.68e-04
2026-04-20 03:53:02,192 INFO Epoch 15 | Batch 450 | Loss: 0.6235 | LR: 1.67e-04
2026-04-20 03:53:21,833 INFO Epoch 15 | Batch 500 | Loss: 0.9670 | LR: 1.67e-04
2026-04-20 03:53:41,691 INFO Epoch 15 | Batch 550 | Loss: 0.7005 | LR: 1.66e-04
2026-04-20 03:54:01,407 INFO Epoch 15 | Batch 600 | Loss: 0.6309 | LR: 1.65e-04
2026-04-20 03:54:21,287 INFO Epoch 15 | Batch 650 | Loss: 0.6623 | LR: 1.65e-04
2026-04-20 03:54:40,769 INFO Epoch 15 | Batch 700 | Loss: 0.7935 | LR: 1.64e-04
2026-04-20 03:55:00,343 INFO Epoch 15 | Batch 750 | Loss: 0.8634 | LR: 1.63e-04
2026-04-20 03:55:19,892 INFO Epoch 15 | Batch 800 | Loss: 0.8632 | LR: 1.63e-04
2026-04-20 03:55:39,592 INFO Epoch 15 | Batch 850 | Loss: 0.6872 | LR: 1.62e-04
2026-04-20 03:55:59,039 INFO Epoch 15 | Batch 900 | Loss: 0.9618 | LR: 1.61e-04
2026-04-20 03:56:18,911 INFO Epoch 15 | Batch 950 | Loss: 0.9134 | LR: 1.61e-04
2026-04-20 03:56:38,829 INFO Epoch 15 | Batch 1000 | Loss: 0.7776 | LR: 1.60e-04
2026-04-20 03:56:58,463 INFO Epoch 15 | Batch 1050 | Loss: 0.7108 | LR: 1.59e-04
2026-04-20 03:57:17,884 INFO Epoch 15 | Batch 1100 | Loss: 0.9117 | LR: 1.59e-04
2026-04-20 03:57:37,551 INFO Epoch 15 | Batch 1150 | Loss: 0.9241 | LR: 1.58e-04
2026-04-20 03:57:56,930 INFO Epoch 15 | Batch 1200 | Loss: 1.0298 | LR: 1.57e-04
2026-04-20 03:58:27,891 INFO Epoch 15 | Train: 0.8700 | Dev CER: 0.1488 | Dev WER: 0.4286 | Time: 505s | Peak: 44.9 GB
2026-04-20 03:58:27,891 INFO   New best CER: 0.1488
2026-04-20 03:58:31,818 INFO Epoch 16 | Batch 0 | Loss: 0.7867 | LR: 1.57e-04
2026-04-20 03:58:51,415 INFO Epoch 16 | Batch 50 | Loss: 0.7712 | LR: 1.56e-04
2026-04-20 03:59:10,908 INFO Epoch 16 | Batch 100 | Loss: 1.0780 | LR: 1.56e-04
2026-04-20 03:59:30,755 INFO Epoch 16 | Batch 150 | Loss: 0.7165 | LR: 1.55e-04
2026-04-20 03:59:50,195 INFO Epoch 16 | Batch 200 | Loss: 0.6067 | LR: 1.54e-04
2026-04-20 04:00:09,927 INFO Epoch 16 | Batch 250 | Loss: 0.9274 | LR: 1.54e-04
2026-04-20 04:00:29,791 INFO Epoch 16 | Batch 300 | Loss: 0.9909 | LR: 1.53e-04
2026-04-20 04:00:49,561 INFO Epoch 16 | Batch 350 | Loss: 0.7657 | LR: 1.52e-04
2026-04-20 04:01:09,326 INFO Epoch 16 | Batch 400 | Loss: 0.6830 | LR: 1.52e-04
2026-04-20 04:01:29,117 INFO Epoch 16 | Batch 450 | Loss: 0.8263 | LR: 1.51e-04
2026-04-20 04:01:48,832 INFO Epoch 16 | Batch 500 | Loss: 0.8301 | LR: 1.50e-04
2026-04-20 04:02:08,668 INFO Epoch 16 | Batch 550 | Loss: 0.7633 | LR: 1.50e-04
2026-04-20 04:02:28,245 INFO Epoch 16 | Batch 600 | Loss: 0.9994 | LR: 1.49e-04
2026-04-20 04:02:47,729 INFO Epoch 16 | Batch 650 | Loss: 0.8013 | LR: 1.49e-04
2026-04-20 04:03:07,279 INFO Epoch 16 | Batch 700 | Loss: 1.0448 | LR: 1.48e-04
2026-04-20 04:03:26,819 INFO Epoch 16 | Batch 750 | Loss: 0.9234 | LR: 1.47e-04
2026-04-20 04:03:46,432 INFO Epoch 16 | Batch 800 | Loss: 0.7163 | LR: 1.47e-04
2026-04-20 04:04:06,146 INFO Epoch 16 | Batch 850 | Loss: 0.6436 | LR: 1.46e-04
2026-04-20 04:04:25,540 INFO Epoch 16 | Batch 900 | Loss: 1.1670 | LR: 1.45e-04
2026-04-20 04:04:45,337 INFO Epoch 16 | Batch 950 | Loss: 0.7137 | LR: 1.45e-04
2026-04-20 04:05:05,170 INFO Epoch 16 | Batch 1000 | Loss: 0.7821 | LR: 1.44e-04
2026-04-20 04:05:24,752 INFO Epoch 16 | Batch 1050 | Loss: 0.7244 | LR: 1.43e-04
2026-04-20 04:05:44,424 INFO Epoch 16 | Batch 1100 | Loss: 0.7434 | LR: 1.43e-04
2026-04-20 04:06:04,131 INFO Epoch 16 | Batch 1150 | Loss: 0.7972 | LR: 1.42e-04
2026-04-20 04:06:23,847 INFO Epoch 16 | Batch 1200 | Loss: 0.6995 | LR: 1.41e-04
2026-04-20 04:06:56,807 INFO Epoch 16 | Train: 0.8539 | Dev CER: 0.1448 | Dev WER: 0.4197 | Time: 508s | Peak: 44.9 GB
2026-04-20 04:06:56,808 INFO   New best CER: 0.1448
2026-04-20 04:07:00,551 INFO Epoch 17 | Batch 0 | Loss: 0.6390 | LR: 1.41e-04
2026-04-20 04:07:19,982 INFO Epoch 17 | Batch 50 | Loss: 0.9923 | LR: 1.40e-04
2026-04-20 04:07:39,596 INFO Epoch 17 | Batch 100 | Loss: 0.8104 | LR: 1.40e-04
2026-04-20 04:07:59,057 INFO Epoch 17 | Batch 150 | Loss: 0.8495 | LR: 1.39e-04
2026-04-20 04:08:18,824 INFO Epoch 17 | Batch 200 | Loss: 0.8078 | LR: 1.38e-04
2026-04-20 04:08:38,413 INFO Epoch 17 | Batch 250 | Loss: 0.6797 | LR: 1.38e-04
2026-04-20 04:08:58,009 INFO Epoch 17 | Batch 300 | Loss: 0.8330 | LR: 1.37e-04
2026-04-20 04:09:17,693 INFO Epoch 17 | Batch 350 | Loss: 0.6406 | LR: 1.36e-04
2026-04-20 04:09:37,661 INFO Epoch 17 | Batch 400 | Loss: 0.7759 | LR: 1.36e-04
2026-04-20 04:09:57,146 INFO Epoch 17 | Batch 450 | Loss: 0.9626 | LR: 1.35e-04
2026-04-20 04:10:16,868 INFO Epoch 17 | Batch 500 | Loss: 0.8517 | LR: 1.34e-04
2026-04-20 04:10:36,480 INFO Epoch 17 | Batch 550 | Loss: 0.7892 | LR: 1.34e-04
2026-04-20 04:10:55,993 INFO Epoch 17 | Batch 600 | Loss: 0.7209 | LR: 1.33e-04
2026-04-20 04:11:15,677 INFO Epoch 17 | Batch 650 | Loss: 0.8601 | LR: 1.32e-04
2026-04-20 04:11:35,424 INFO Epoch 17 | Batch 700 | Loss: 0.7021 | LR: 1.32e-04
2026-04-20 04:11:55,059 INFO Epoch 17 | Batch 750 | Loss: 0.7981 | LR: 1.31e-04
2026-04-20 04:12:14,731 INFO Epoch 17 | Batch 800 | Loss: 0.6929 | LR: 1.31e-04
2026-04-20 04:12:34,407 INFO Epoch 17 | Batch 850 | Loss: 0.9132 | LR: 1.30e-04
2026-04-20 04:12:54,110 INFO Epoch 17 | Batch 900 | Loss: 0.6045 | LR: 1.29e-04
2026-04-20 04:13:13,675 INFO Epoch 17 | Batch 950 | Loss: 0.8257 | LR: 1.29e-04
2026-04-20 04:13:33,630 INFO Epoch 17 | Batch 1000 | Loss: 0.8102 | LR: 1.28e-04
2026-04-20 04:13:53,348 INFO Epoch 17 | Batch 1050 | Loss: 0.6827 | LR: 1.27e-04
2026-04-20 04:14:13,196 INFO Epoch 17 | Batch 1100 | Loss: 0.6926 | LR: 1.27e-04
2026-04-20 04:14:32,816 INFO Epoch 17 | Batch 1150 | Loss: 0.9391 | LR: 1.26e-04
2026-04-20 04:14:52,635 INFO Epoch 17 | Batch 1200 | Loss: 0.8433 | LR: 1.25e-04
2026-04-20 04:15:21,498 INFO Epoch 17 | Train: 0.8343 | Dev CER: 0.1428 | Dev WER: 0.4162 | Time: 504s | Peak: 44.9 GB
2026-04-20 04:15:21,498 INFO   New best CER: 0.1428
2026-04-20 04:15:24,937 INFO Epoch 18 | Batch 0 | Loss: 1.1129 | LR: 1.25e-04
2026-04-20 04:15:44,785 INFO Epoch 18 | Batch 50 | Loss: 0.7233 | LR: 1.24e-04
2026-04-20 04:16:04,574 INFO Epoch 18 | Batch 100 | Loss: 0.7334 | LR: 1.24e-04
2026-04-20 04:16:24,203 INFO Epoch 18 | Batch 150 | Loss: 0.9172 | LR: 1.23e-04
2026-04-20 04:16:44,053 INFO Epoch 18 | Batch 200 | Loss: 1.0043 | LR: 1.22e-04
2026-04-20 04:17:03,876 INFO Epoch 18 | Batch 250 | Loss: 0.6462 | LR: 1.22e-04
2026-04-20 04:17:23,705 INFO Epoch 18 | Batch 300 | Loss: 0.7135 | LR: 1.21e-04
2026-04-20 04:17:43,367 INFO Epoch 18 | Batch 350 | Loss: 0.6379 | LR: 1.20e-04
2026-04-20 04:18:03,149 INFO Epoch 18 | Batch 400 | Loss: 0.8079 | LR: 1.20e-04
2026-04-20 04:18:22,540 INFO Epoch 18 | Batch 450 | Loss: 0.7108 | LR: 1.19e-04
2026-04-20 04:18:42,052 INFO Epoch 18 | Batch 500 | Loss: 0.6880 | LR: 1.19e-04
2026-04-20 04:19:01,368 INFO Epoch 18 | Batch 550 | Loss: 0.5985 | LR: 1.18e-04
2026-04-20 04:19:21,057 INFO Epoch 18 | Batch 600 | Loss: 0.5037 | LR: 1.17e-04
2026-04-20 04:19:40,499 INFO Epoch 18 | Batch 650 | Loss: 1.1778 | LR: 1.17e-04
2026-04-20 04:19:59,994 INFO Epoch 18 | Batch 700 | Loss: 0.6762 | LR: 1.16e-04
2026-04-20 04:20:19,547 INFO Epoch 18 | Batch 750 | Loss: 0.8079 | LR: 1.15e-04
2026-04-20 04:20:39,329 INFO Epoch 18 | Batch 800 | Loss: 1.0071 | LR: 1.15e-04
2026-04-20 04:20:59,053 INFO Epoch 18 | Batch 850 | Loss: 0.9413 | LR: 1.14e-04
2026-04-20 04:21:18,489 INFO Epoch 18 | Batch 900 | Loss: 0.6784 | LR: 1.13e-04
2026-04-20 04:21:38,345 INFO Epoch 18 | Batch 950 | Loss: 0.8588 | LR: 1.13e-04
2026-04-20 04:21:57,851 INFO Epoch 18 | Batch 1000 | Loss: 0.8523 | LR: 1.12e-04
2026-04-20 04:22:17,482 INFO Epoch 18 | Batch 1050 | Loss: 0.8517 | LR: 1.12e-04
2026-04-20 04:22:37,198 INFO Epoch 18 | Batch 1100 | Loss: 0.9458 | LR: 1.11e-04
2026-04-20 04:22:56,635 INFO Epoch 18 | Batch 1150 | Loss: 1.2961 | LR: 1.10e-04
2026-04-20 04:23:16,188 INFO Epoch 18 | Batch 1200 | Loss: 0.7370 | LR: 1.10e-04
2026-04-20 04:23:47,835 INFO Epoch 18 | Train: 0.8153 | Dev CER: 0.1404 | Dev WER: 0.4056 | Time: 506s | Peak: 44.9 GB
2026-04-20 04:23:47,835 INFO   New best CER: 0.1404
2026-04-20 04:23:51,057 INFO Epoch 19 | Batch 0 | Loss: 1.0843 | LR: 1.09e-04
2026-04-20 04:24:10,385 INFO Epoch 19 | Batch 50 | Loss: 0.5774 | LR: 1.09e-04
2026-04-20 04:24:30,096 INFO Epoch 19 | Batch 100 | Loss: 0.7935 | LR: 1.08e-04
2026-04-20 04:24:49,810 INFO Epoch 19 | Batch 150 | Loss: 0.4853 | LR: 1.07e-04
2026-04-20 04:25:09,472 INFO Epoch 19 | Batch 200 | Loss: 0.6573 | LR: 1.07e-04
2026-04-20 04:25:29,196 INFO Epoch 19 | Batch 250 | Loss: 0.7859 | LR: 1.06e-04
2026-04-20 04:25:48,878 INFO Epoch 19 | Batch 300 | Loss: 0.8109 | LR: 1.06e-04
2026-04-20 04:26:08,601 INFO Epoch 19 | Batch 350 | Loss: 1.0819 | LR: 1.05e-04
2026-04-20 04:26:28,134 INFO Epoch 19 | Batch 400 | Loss: 0.8698 | LR: 1.04e-04
2026-04-20 04:26:48,001 INFO Epoch 19 | Batch 450 | Loss: 0.9353 | LR: 1.04e-04
2026-04-20 04:27:07,437 INFO Epoch 19 | Batch 500 | Loss: 1.1432 | LR: 1.03e-04
2026-04-20 04:27:27,003 INFO Epoch 19 | Batch 550 | Loss: 0.7719 | LR: 1.02e-04
2026-04-20 04:27:46,569 INFO Epoch 19 | Batch 600 | Loss: 0.7491 | LR: 1.02e-04
2026-04-20 04:28:06,216 INFO Epoch 19 | Batch 650 | Loss: 1.0821 | LR: 1.01e-04
2026-04-20 04:28:25,950 INFO Epoch 19 | Batch 700 | Loss: 0.7150 | LR: 1.01e-04
2026-04-20 04:28:45,474 INFO Epoch 19 | Batch 750 | Loss: 1.0151 | LR: 1.00e-04
2026-04-20 04:29:04,994 INFO Epoch 19 | Batch 800 | Loss: 0.6427 | LR: 9.94e-05
2026-04-20 04:29:24,726 INFO Epoch 19 | Batch 850 | Loss: 0.8341 | LR: 9.88e-05
2026-04-20 04:29:44,245 INFO Epoch 19 | Batch 900 | Loss: 0.7896 | LR: 9.81e-05
2026-04-20 04:30:03,804 INFO Epoch 19 | Batch 950 | Loss: 0.7448 | LR: 9.75e-05
2026-04-20 04:30:23,331 INFO Epoch 19 | Batch 1000 | Loss: 0.7124 | LR: 9.69e-05
2026-04-20 04:30:43,240 INFO Epoch 19 | Batch 1050 | Loss: 0.7070 | LR: 9.63e-05
2026-04-20 04:31:02,637 INFO Epoch 19 | Batch 1100 | Loss: 0.7371 | LR: 9.57e-05
2026-04-20 04:31:22,274 INFO Epoch 19 | Batch 1150 | Loss: 1.0317 | LR: 9.51e-05
2026-04-20 04:31:41,937 INFO Epoch 19 | Batch 1200 | Loss: 0.5927 | LR: 9.45e-05
2026-04-20 04:32:14,657 INFO Epoch 19 | Train: 0.8053 | Dev CER: 0.1369 | Dev WER: 0.4019 | Time: 506s | Peak: 44.9 GB
2026-04-20 04:32:14,657 INFO   New best CER: 0.1369
2026-04-20 04:32:18,214 INFO Epoch 20 | Batch 0 | Loss: 0.5998 | LR: 9.41e-05
2026-04-20 04:32:37,847 INFO Epoch 20 | Batch 50 | Loss: 0.7247 | LR: 9.35e-05
2026-04-20 04:32:57,641 INFO Epoch 20 | Batch 100 | Loss: 0.4637 | LR: 9.29e-05
2026-04-20 04:33:17,004 INFO Epoch 20 | Batch 150 | Loss: 0.8615 | LR: 9.23e-05
2026-04-20 04:33:36,769 INFO Epoch 20 | Batch 200 | Loss: 0.7285 | LR: 9.17e-05
2026-04-20 04:33:56,186 INFO Epoch 20 | Batch 250 | Loss: 0.8568 | LR: 9.11e-05
2026-04-20 04:34:15,932 INFO Epoch 20 | Batch 300 | Loss: 0.5776 | LR: 9.05e-05
2026-04-20 04:34:35,696 INFO Epoch 20 | Batch 350 | Loss: 0.9134 | LR: 8.99e-05
2026-04-20 04:34:55,407 INFO Epoch 20 | Batch 400 | Loss: 0.8335 | LR: 8.93e-05
2026-04-20 04:35:15,051 INFO Epoch 20 | Batch 450 | Loss: 0.8164 | LR: 8.87e-05
2026-04-20 04:35:34,464 INFO Epoch 20 | Batch 500 | Loss: 0.7090 | LR: 8.81e-05
2026-04-20 04:35:53,970 INFO Epoch 20 | Batch 550 | Loss: 0.6725 | LR: 8.75e-05
2026-04-20 04:36:13,557 INFO Epoch 20 | Batch 600 | Loss: 1.2643 | LR: 8.69e-05
2026-04-20 04:36:33,095 INFO Epoch 20 | Batch 650 | Loss: 0.6499 | LR: 8.63e-05
2026-04-20 04:36:52,797 INFO Epoch 20 | Batch 700 | Loss: 1.1291 | LR: 8.57e-05
2026-04-20 04:37:12,284 INFO Epoch 20 | Batch 750 | Loss: 0.6643 | LR: 8.52e-05
2026-04-20 04:37:31,836 INFO Epoch 20 | Batch 800 | Loss: 0.9801 | LR: 8.46e-05
2026-04-20 04:37:51,610 INFO Epoch 20 | Batch 850 | Loss: 0.7371 | LR: 8.40e-05
2026-04-20 04:38:11,307 INFO Epoch 20 | Batch 900 | Loss: 0.6349 | LR: 8.34e-05
2026-04-20 04:38:30,870 INFO Epoch 20 | Batch 950 | Loss: 0.7311 | LR: 8.28e-05
2026-04-20 04:38:50,506 INFO Epoch 20 | Batch 1000 | Loss: 0.9653 | LR: 8.22e-05
2026-04-20 04:39:10,344 INFO Epoch 20 | Batch 1050 | Loss: 0.7626 | LR: 8.17e-05
2026-04-20 04:39:29,696 INFO Epoch 20 | Batch 1100 | Loss: 1.0540 | LR: 8.11e-05
2026-04-20 04:39:49,496 INFO Epoch 20 | Batch 1150 | Loss: 1.0500 | LR: 8.05e-05
2026-04-20 04:40:09,068 INFO Epoch 20 | Batch 1200 | Loss: 0.5221 | LR: 7.99e-05
2026-04-20 04:40:42,424 INFO Epoch 20 | Train: 0.7982 | Dev CER: 0.1338 | Dev WER: 0.3918 | Time: 507s | Peak: 44.9 GB
2026-04-20 04:40:42,424 INFO   New best CER: 0.1338
2026-04-20 04:40:46,226 INFO Epoch 21 | Batch 0 | Loss: 0.8035 | LR: 7.95e-05
2026-04-20 04:41:05,862 INFO Epoch 21 | Batch 50 | Loss: 0.8715 | LR: 7.90e-05
2026-04-20 04:41:25,368 INFO Epoch 21 | Batch 100 | Loss: 0.8514 | LR: 7.84e-05
2026-04-20 04:41:44,960 INFO Epoch 21 | Batch 150 | Loss: 0.6845 | LR: 7.78e-05
2026-04-20 04:42:04,664 INFO Epoch 21 | Batch 200 | Loss: 0.5935 | LR: 7.72e-05
2026-04-20 04:42:24,272 INFO Epoch 21 | Batch 250 | Loss: 0.7558 | LR: 7.67e-05
2026-04-20 04:42:43,794 INFO Epoch 21 | Batch 300 | Loss: 0.6935 | LR: 7.61e-05
2026-04-20 04:43:03,587 INFO Epoch 21 | Batch 350 | Loss: 0.6262 | LR: 7.56e-05
2026-04-20 04:43:23,136 INFO Epoch 21 | Batch 400 | Loss: 0.7175 | LR: 7.50e-05
2026-04-20 04:43:42,536 INFO Epoch 21 | Batch 450 | Loss: 0.6090 | LR: 7.44e-05
2026-04-20 04:44:02,022 INFO Epoch 21 | Batch 500 | Loss: 0.9035 | LR: 7.39e-05
2026-04-20 04:44:21,527 INFO Epoch 21 | Batch 550 | Loss: 0.6887 | LR: 7.33e-05
2026-04-20 04:44:40,923 INFO Epoch 21 | Batch 600 | Loss: 0.6270 | LR: 7.28e-05
2026-04-20 04:45:00,820 INFO Epoch 21 | Batch 650 | Loss: 0.9032 | LR: 7.22e-05
2026-04-20 04:45:20,513 INFO Epoch 21 | Batch 700 | Loss: 1.0363 | LR: 7.16e-05
2026-04-20 04:45:40,088 INFO Epoch 21 | Batch 750 | Loss: 0.6356 | LR: 7.11e-05
2026-04-20 04:45:59,872 INFO Epoch 21 | Batch 800 | Loss: 1.0699 | LR: 7.05e-05
2026-04-20 04:46:19,492 INFO Epoch 21 | Batch 850 | Loss: 0.6011 | LR: 7.00e-05
2026-04-20 04:46:39,019 INFO Epoch 21 | Batch 900 | Loss: 1.0833 | LR: 6.94e-05
2026-04-20 04:46:58,574 INFO Epoch 21 | Batch 950 | Loss: 0.6308 | LR: 6.89e-05
2026-04-20 04:47:18,397 INFO Epoch 21 | Batch 1000 | Loss: 0.5029 | LR: 6.84e-05
2026-04-20 04:47:37,896 INFO Epoch 21 | Batch 1050 | Loss: 0.7081 | LR: 6.78e-05
2026-04-20 04:47:57,456 INFO Epoch 21 | Batch 1100 | Loss: 0.7821 | LR: 6.73e-05
2026-04-20 04:48:17,083 INFO Epoch 21 | Batch 1150 | Loss: 0.7262 | LR: 6.67e-05
2026-04-20 04:48:36,726 INFO Epoch 21 | Batch 1200 | Loss: 1.2065 | LR: 6.62e-05
2026-04-20 04:49:09,564 INFO Epoch 21 | Train: 0.7801 | Dev CER: 0.1313 | Dev WER: 0.3862 | Time: 506s | Peak: 44.9 GB
2026-04-20 04:49:09,565 INFO   New best CER: 0.1313
2026-04-20 04:49:13,170 INFO Epoch 22 | Batch 0 | Loss: 1.0148 | LR: 6.58e-05
2026-04-20 04:49:32,952 INFO Epoch 22 | Batch 50 | Loss: 0.5498 | LR: 6.53e-05
2026-04-20 04:49:52,651 INFO Epoch 22 | Batch 100 | Loss: 0.6018 | LR: 6.47e-05
2026-04-20 04:50:12,062 INFO Epoch 22 | Batch 150 | Loss: 1.1107 | LR: 6.42e-05
2026-04-20 04:50:31,738 INFO Epoch 22 | Batch 200 | Loss: 0.8686 | LR: 6.37e-05
2026-04-20 04:50:51,330 INFO Epoch 22 | Batch 250 | Loss: 0.6129 | LR: 6.31e-05
2026-04-20 04:51:10,545 INFO Epoch 22 | Batch 300 | Loss: 0.8084 | LR: 6.26e-05
2026-04-20 04:51:30,258 INFO Epoch 22 | Batch 350 | Loss: 0.9354 | LR: 6.21e-05
2026-04-20 04:51:49,679 INFO Epoch 22 | Batch 400 | Loss: 0.6938 | LR: 6.16e-05
2026-04-20 04:52:09,384 INFO Epoch 22 | Batch 450 | Loss: 0.5745 | LR: 6.10e-05
2026-04-20 04:52:29,050 INFO Epoch 22 | Batch 500 | Loss: 0.5492 | LR: 6.05e-05
2026-04-20 04:52:48,694 INFO Epoch 22 | Batch 550 | Loss: 0.7247 | LR: 6.00e-05
2026-04-20 04:53:08,357 INFO Epoch 22 | Batch 600 | Loss: 0.8186 | LR: 5.95e-05
2026-04-20 04:53:27,942 INFO Epoch 22 | Batch 650 | Loss: 0.8242 | LR: 5.90e-05
2026-04-20 04:53:47,663 INFO Epoch 22 | Batch 700 | Loss: 0.6075 | LR: 5.85e-05
2026-04-20 04:54:07,007 INFO Epoch 22 | Batch 750 | Loss: 0.7940 | LR: 5.79e-05
2026-04-20 04:54:26,564 INFO Epoch 22 | Batch 800 | Loss: 0.7939 | LR: 5.74e-05
2026-04-20 04:54:46,155 INFO Epoch 22 | Batch 850 | Loss: 0.7747 | LR: 5.69e-05
2026-04-20 04:55:05,771 INFO Epoch 22 | Batch 900 | Loss: 0.8953 | LR: 5.64e-05
2026-04-20 04:55:25,421 INFO Epoch 22 | Batch 950 | Loss: 0.8831 | LR: 5.59e-05
2026-04-20 04:55:45,087 INFO Epoch 22 | Batch 1000 | Loss: 0.6037 | LR: 5.54e-05
2026-04-20 04:56:04,935 INFO Epoch 22 | Batch 1050 | Loss: 0.6728 | LR: 5.49e-05
2026-04-20 04:56:24,842 INFO Epoch 22 | Batch 1100 | Loss: 0.8271 | LR: 5.44e-05
2026-04-20 04:56:44,357 INFO Epoch 22 | Batch 1150 | Loss: 0.7696 | LR: 5.39e-05
2026-04-20 04:57:04,139 INFO Epoch 22 | Batch 1200 | Loss: 0.9554 | LR: 5.34e-05
2026-04-20 04:57:38,331 INFO Epoch 22 | Train: 0.7728 | Dev CER: 0.1303 | Dev WER: 0.3845 | Time: 508s | Peak: 44.9 GB
2026-04-20 04:57:38,331 INFO   New best CER: 0.1303
2026-04-20 04:57:42,105 INFO Epoch 23 | Batch 0 | Loss: 0.8457 | LR: 5.31e-05
2026-04-20 04:58:01,873 INFO Epoch 23 | Batch 50 | Loss: 0.7860 | LR: 5.26e-05
2026-04-20 04:58:21,709 INFO Epoch 23 | Batch 100 | Loss: 0.6232 | LR: 5.21e-05
2026-04-20 04:58:41,430 INFO Epoch 23 | Batch 150 | Loss: 0.8478 | LR: 5.16e-05
2026-04-20 04:59:01,234 INFO Epoch 23 | Batch 200 | Loss: 0.5532 | LR: 5.11e-05
2026-04-20 04:59:20,999 INFO Epoch 23 | Batch 250 | Loss: 0.8891 | LR: 5.06e-05
2026-04-20 04:59:40,412 INFO Epoch 23 | Batch 300 | Loss: 0.6397 | LR: 5.01e-05
2026-04-20 05:00:00,046 INFO Epoch 23 | Batch 350 | Loss: 0.8457 | LR: 4.97e-05
2026-04-20 05:00:19,775 INFO Epoch 23 | Batch 400 | Loss: 0.9743 | LR: 4.92e-05
2026-04-20 05:00:39,359 INFO Epoch 23 | Batch 450 | Loss: 0.5788 | LR: 4.87e-05
2026-04-20 05:00:59,202 INFO Epoch 23 | Batch 500 | Loss: 0.8524 | LR: 4.82e-05
2026-04-20 05:01:18,848 INFO Epoch 23 | Batch 550 | Loss: 0.8349 | LR: 4.77e-05
2026-04-20 05:01:38,788 INFO Epoch 23 | Batch 600 | Loss: 0.6669 | LR: 4.73e-05
2026-04-20 05:01:58,524 INFO Epoch 23 | Batch 650 | Loss: 1.1318 | LR: 4.68e-05
2026-04-20 05:02:18,036 INFO Epoch 23 | Batch 700 | Loss: 0.9897 | LR: 4.63e-05
2026-04-20 05:02:37,709 INFO Epoch 23 | Batch 750 | Loss: 1.1246 | LR: 4.59e-05
2026-04-20 05:02:57,314 INFO Epoch 23 | Batch 800 | Loss: 0.5902 | LR: 4.54e-05
2026-04-20 05:03:16,923 INFO Epoch 23 | Batch 850 | Loss: 0.7529 | LR: 4.49e-05
2026-04-20 05:03:36,516 INFO Epoch 23 | Batch 900 | Loss: 0.5752 | LR: 4.45e-05
2026-04-20 05:03:56,111 INFO Epoch 23 | Batch 950 | Loss: 0.8182 | LR: 4.40e-05
2026-04-20 05:04:15,889 INFO Epoch 23 | Batch 1000 | Loss: 0.8333 | LR: 4.36e-05
2026-04-20 05:04:35,463 INFO Epoch 23 | Batch 1050 | Loss: 0.6401 | LR: 4.31e-05
2026-04-20 05:04:55,070 INFO Epoch 23 | Batch 1100 | Loss: 0.6905 | LR: 4.27e-05
2026-04-20 05:05:14,465 INFO Epoch 23 | Batch 1150 | Loss: 0.6515 | LR: 4.22e-05
2026-04-20 05:05:34,262 INFO Epoch 23 | Batch 1200 | Loss: 0.7262 | LR: 4.18e-05
2026-04-20 05:06:04,369 INFO Epoch 23 | Train: 0.7550 | Dev CER: 0.1289 | Dev WER: 0.3820 | Time: 505s | Peak: 44.9 GB
2026-04-20 05:06:04,369 INFO   New best CER: 0.1289
2026-04-20 05:06:07,785 INFO Epoch 24 | Batch 0 | Loss: 0.6180 | LR: 4.14e-05
2026-04-20 05:06:27,582 INFO Epoch 24 | Batch 50 | Loss: 0.7119 | LR: 4.10e-05
2026-04-20 05:06:47,078 INFO Epoch 24 | Batch 100 | Loss: 0.7363 | LR: 4.06e-05
2026-04-20 05:07:06,608 INFO Epoch 24 | Batch 150 | Loss: 0.7384 | LR: 4.01e-05
2026-04-20 05:07:26,399 INFO Epoch 24 | Batch 200 | Loss: 0.6372 | LR: 3.97e-05
2026-04-20 05:07:46,056 INFO Epoch 24 | Batch 250 | Loss: 0.5958 | LR: 3.92e-05
2026-04-20 05:08:05,673 INFO Epoch 24 | Batch 300 | Loss: 0.5961 | LR: 3.88e-05
2026-04-20 05:08:25,111 INFO Epoch 24 | Batch 350 | Loss: 0.6099 | LR: 3.84e-05
2026-04-20 05:08:44,691 INFO Epoch 24 | Batch 400 | Loss: 0.5622 | LR: 3.80e-05
2026-04-20 05:09:04,397 INFO Epoch 24 | Batch 450 | Loss: 0.7092 | LR: 3.75e-05
2026-04-20 05:09:24,258 INFO Epoch 24 | Batch 500 | Loss: 0.8140 | LR: 3.71e-05
2026-04-20 05:09:44,170 INFO Epoch 24 | Batch 550 | Loss: 0.6257 | LR: 3.67e-05
2026-04-20 05:10:04,007 INFO Epoch 24 | Batch 600 | Loss: 0.9153 | LR: 3.63e-05
2026-04-20 05:10:23,632 INFO Epoch 24 | Batch 650 | Loss: 0.7513 | LR: 3.58e-05
2026-04-20 05:10:43,345 INFO Epoch 24 | Batch 700 | Loss: 0.8718 | LR: 3.54e-05
2026-04-20 05:11:03,116 INFO Epoch 24 | Batch 750 | Loss: 1.0525 | LR: 3.50e-05
2026-04-20 05:11:22,772 INFO Epoch 24 | Batch 800 | Loss: 0.8209 | LR: 3.46e-05
2026-04-20 05:11:42,394 INFO Epoch 24 | Batch 850 | Loss: 0.7319 | LR: 3.42e-05
2026-04-20 05:12:02,243 INFO Epoch 24 | Batch 900 | Loss: 0.7740 | LR: 3.38e-05
2026-04-20 05:12:21,979 INFO Epoch 24 | Batch 950 | Loss: 1.2316 | LR: 3.34e-05
2026-04-20 05:12:41,810 INFO Epoch 24 | Batch 1000 | Loss: 0.9888 | LR: 3.30e-05
2026-04-20 05:13:01,591 INFO Epoch 24 | Batch 1050 | Loss: 0.5778 | LR: 3.26e-05
2026-04-20 05:13:21,360 INFO Epoch 24 | Batch 1100 | Loss: 0.4908 | LR: 3.22e-05
2026-04-20 05:13:41,053 INFO Epoch 24 | Batch 1150 | Loss: 0.7964 | LR: 3.18e-05
2026-04-20 05:14:00,641 INFO Epoch 24 | Batch 1200 | Loss: 0.7850 | LR: 3.14e-05
2026-04-20 05:14:33,340 INFO Epoch 24 | Train: 0.7468 | Dev CER: 0.1286 | Dev WER: 0.3772 | Time: 508s | Peak: 44.9 GB
2026-04-20 05:14:33,340 INFO   New best CER: 0.1286
2026-04-20 05:14:37,236 INFO Epoch 25 | Batch 0 | Loss: 0.5432 | LR: 3.11e-05
2026-04-20 05:14:56,940 INFO Epoch 25 | Batch 50 | Loss: 0.9522 | LR: 3.07e-05
2026-04-20 05:15:16,613 INFO Epoch 25 | Batch 100 | Loss: 0.6066 | LR: 3.03e-05
2026-04-20 05:15:36,125 INFO Epoch 25 | Batch 150 | Loss: 0.7101 | LR: 2.99e-05
2026-04-20 05:15:55,807 INFO Epoch 25 | Batch 200 | Loss: 0.7236 | LR: 2.95e-05
2026-04-20 05:16:15,429 INFO Epoch 25 | Batch 250 | Loss: 1.1474 | LR: 2.92e-05
2026-04-20 05:16:35,187 INFO Epoch 25 | Batch 300 | Loss: 0.6467 | LR: 2.88e-05
2026-04-20 05:16:54,844 INFO Epoch 25 | Batch 350 | Loss: 0.7871 | LR: 2.84e-05
2026-04-20 05:17:14,699 INFO Epoch 25 | Batch 400 | Loss: 0.6506 | LR: 2.80e-05
2026-04-20 05:17:34,291 INFO Epoch 25 | Batch 450 | Loss: 0.7159 | LR: 2.77e-05
2026-04-20 05:17:53,905 INFO Epoch 25 | Batch 500 | Loss: 0.8596 | LR: 2.73e-05
2026-04-20 05:18:13,673 INFO Epoch 25 | Batch 550 | Loss: 0.8506 | LR: 2.69e-05
2026-04-20 05:18:33,424 INFO Epoch 25 | Batch 600 | Loss: 0.8703 | LR: 2.66e-05
2026-04-20 05:18:52,895 INFO Epoch 25 | Batch 650 | Loss: 0.6603 | LR: 2.62e-05
2026-04-20 05:19:12,666 INFO Epoch 25 | Batch 700 | Loss: 0.7470 | LR: 2.58e-05
2026-04-20 05:19:32,126 INFO Epoch 25 | Batch 750 | Loss: 0.7075 | LR: 2.55e-05
2026-04-20 05:19:51,920 INFO Epoch 25 | Batch 800 | Loss: 0.7111 | LR: 2.51e-05
2026-04-20 05:20:11,757 INFO Epoch 25 | Batch 850 | Loss: 0.7317 | LR: 2.48e-05
2026-04-20 05:20:31,508 INFO Epoch 25 | Batch 900 | Loss: 0.9496 | LR: 2.44e-05
2026-04-20 05:20:50,958 INFO Epoch 25 | Batch 950 | Loss: 0.9384 | LR: 2.41e-05
2026-04-20 05:21:10,610 INFO Epoch 25 | Batch 1000 | Loss: 0.6617 | LR: 2.37e-05
2026-04-20 05:21:30,316 INFO Epoch 25 | Batch 1050 | Loss: 0.6119 | LR: 2.34e-05
2026-04-20 05:21:49,951 INFO Epoch 25 | Batch 1100 | Loss: 0.9409 | LR: 2.30e-05
2026-04-20 05:22:09,613 INFO Epoch 25 | Batch 1150 | Loss: 0.4215 | LR: 2.27e-05
2026-04-20 05:22:29,125 INFO Epoch 25 | Batch 1200 | Loss: 0.7390 | LR: 2.24e-05
2026-04-20 05:22:59,309 INFO Epoch 25 | Train: 0.7401 | Dev CER: 0.1269 | Dev WER: 0.3740 | Time: 505s | Peak: 44.9 GB
2026-04-20 05:22:59,309 INFO   New best CER: 0.1269
2026-04-20 05:23:02,554 INFO Epoch 26 | Batch 0 | Loss: 0.6154 | LR: 2.21e-05
2026-04-20 05:23:22,351 INFO Epoch 26 | Batch 50 | Loss: 0.8488 | LR: 2.18e-05
2026-04-20 05:23:41,963 INFO Epoch 26 | Batch 100 | Loss: 0.6554 | LR: 2.15e-05
2026-04-20 05:24:01,562 INFO Epoch 26 | Batch 150 | Loss: 0.6505 | LR: 2.11e-05
2026-04-20 05:24:21,326 INFO Epoch 26 | Batch 200 | Loss: 0.5517 | LR: 2.08e-05
2026-04-20 05:24:41,211 INFO Epoch 26 | Batch 250 | Loss: 0.7001 | LR: 2.05e-05
2026-04-20 05:25:01,018 INFO Epoch 26 | Batch 300 | Loss: 0.6648 | LR: 2.02e-05
2026-04-20 05:25:20,373 INFO Epoch 26 | Batch 350 | Loss: 0.8422 | LR: 1.98e-05
2026-04-20 05:25:40,078 INFO Epoch 26 | Batch 400 | Loss: 0.7828 | LR: 1.95e-05
2026-04-20 05:25:59,637 INFO Epoch 26 | Batch 450 | Loss: 0.9839 | LR: 1.92e-05
2026-04-20 05:26:18,952 INFO Epoch 26 | Batch 500 | Loss: 0.4455 | LR: 1.89e-05
2026-04-20 05:26:38,625 INFO Epoch 26 | Batch 550 | Loss: 0.7606 | LR: 1.86e-05
2026-04-20 05:26:57,984 INFO Epoch 26 | Batch 600 | Loss: 0.6079 | LR: 1.83e-05
2026-04-20 05:27:17,609 INFO Epoch 26 | Batch 650 | Loss: 0.8105 | LR: 1.80e-05
2026-04-20 05:27:37,419 INFO Epoch 26 | Batch 700 | Loss: 0.8260 | LR: 1.77e-05
2026-04-20 05:27:57,195 INFO Epoch 26 | Batch 750 | Loss: 0.8013 | LR: 1.74e-05
2026-04-20 05:28:17,019 INFO Epoch 26 | Batch 800 | Loss: 0.6644 | LR: 1.71e-05
2026-04-20 05:28:36,608 INFO Epoch 26 | Batch 850 | Loss: 0.6872 | LR: 1.68e-05
2026-04-20 05:28:56,094 INFO Epoch 26 | Batch 900 | Loss: 0.5263 | LR: 1.65e-05
2026-04-20 05:29:15,741 INFO Epoch 26 | Batch 950 | Loss: 0.7845 | LR: 1.62e-05
2026-04-20 05:29:35,300 INFO Epoch 26 | Batch 1000 | Loss: 0.4827 | LR: 1.59e-05
2026-04-20 05:29:55,123 INFO Epoch 26 | Batch 1050 | Loss: 0.5913 | LR: 1.57e-05
2026-04-20 05:30:14,483 INFO Epoch 26 | Batch 1100 | Loss: 0.7415 | LR: 1.54e-05
2026-04-20 05:30:34,127 INFO Epoch 26 | Batch 1150 | Loss: 0.6029 | LR: 1.51e-05
2026-04-20 05:30:53,834 INFO Epoch 26 | Batch 1200 | Loss: 0.5147 | LR: 1.48e-05
2026-04-20 05:31:27,697 INFO Epoch 26 | Train: 0.7408 | Dev CER: 0.1272 | Dev WER: 0.3756 | Time: 508s | Peak: 44.9 GB
2026-04-20 05:31:31,240 INFO Epoch 27 | Batch 0 | Loss: 0.6132 | LR: 1.46e-05
2026-04-20 05:31:50,905 INFO Epoch 27 | Batch 50 | Loss: 0.7381 | LR: 1.44e-05
2026-04-20 05:32:10,399 INFO Epoch 27 | Batch 100 | Loss: 0.5070 | LR: 1.41e-05
2026-04-20 05:32:30,259 INFO Epoch 27 | Batch 150 | Loss: 0.9484 | LR: 1.38e-05
2026-04-20 05:32:49,697 INFO Epoch 27 | Batch 200 | Loss: 0.6745 | LR: 1.36e-05
2026-04-20 05:33:09,504 INFO Epoch 27 | Batch 250 | Loss: 0.6718 | LR: 1.33e-05
2026-04-20 05:33:28,974 INFO Epoch 27 | Batch 300 | Loss: 0.6492 | LR: 1.31e-05
2026-04-20 05:33:48,880 INFO Epoch 27 | Batch 350 | Loss: 0.9482 | LR: 1.28e-05
2026-04-20 05:34:08,648 INFO Epoch 27 | Batch 400 | Loss: 0.6361 | LR: 1.25e-05
2026-04-20 05:34:28,133 INFO Epoch 27 | Batch 450 | Loss: 0.8872 | LR: 1.23e-05
2026-04-20 05:34:47,705 INFO Epoch 27 | Batch 500 | Loss: 0.5829 | LR: 1.20e-05
2026-04-20 05:35:07,449 INFO Epoch 27 | Batch 550 | Loss: 0.8975 | LR: 1.18e-05
2026-04-20 05:35:27,085 INFO Epoch 27 | Batch 600 | Loss: 0.7208 | LR: 1.16e-05
2026-04-20 05:35:46,852 INFO Epoch 27 | Batch 650 | Loss: 0.6466 | LR: 1.13e-05
2026-04-20 05:36:06,592 INFO Epoch 27 | Batch 700 | Loss: 0.7777 | LR: 1.11e-05
2026-04-20 05:36:26,094 INFO Epoch 27 | Batch 750 | Loss: 0.7381 | LR: 1.09e-05
2026-04-20 05:36:45,671 INFO Epoch 27 | Batch 800 | Loss: 0.6266 | LR: 1.06e-05
2026-04-20 05:37:05,216 INFO Epoch 27 | Batch 850 | Loss: 0.8032 | LR: 1.04e-05
2026-04-20 05:37:24,986 INFO Epoch 27 | Batch 900 | Loss: 0.7029 | LR: 1.02e-05
2026-04-20 05:37:44,747 INFO Epoch 27 | Batch 950 | Loss: 0.9424 | LR: 9.95e-06
2026-04-20 05:38:04,074 INFO Epoch 27 | Batch 1000 | Loss: 0.6116 | LR: 9.72e-06
2026-04-20 05:38:23,756 INFO Epoch 27 | Batch 1050 | Loss: 0.5418 | LR: 9.51e-06
2026-04-20 05:38:43,439 INFO Epoch 27 | Batch 1100 | Loss: 0.4185 | LR: 9.29e-06
2026-04-20 05:39:03,130 INFO Epoch 27 | Batch 1150 | Loss: 0.6143 | LR: 9.08e-06
2026-04-20 05:39:23,137 INFO Epoch 27 | Batch 1200 | Loss: 0.7335 | LR: 8.87e-06
2026-04-20 05:39:56,249 INFO Epoch 27 | Train: 0.7352 | Dev CER: 0.1266 | Dev WER: 0.3726 | Time: 508s | Peak: 44.9 GB
2026-04-20 05:39:56,250 INFO   New best CER: 0.1266
2026-04-20 05:40:00,041 INFO Epoch 28 | Batch 0 | Loss: 0.6297 | LR: 8.72e-06
2026-04-20 05:40:19,502 INFO Epoch 28 | Batch 50 | Loss: 0.5948 | LR: 8.52e-06
2026-04-20 05:40:39,361 INFO Epoch 28 | Batch 100 | Loss: 0.7552 | LR: 8.31e-06
2026-04-20 05:40:58,885 INFO Epoch 28 | Batch 150 | Loss: 0.5886 | LR: 8.11e-06
2026-04-20 05:41:18,600 INFO Epoch 28 | Batch 200 | Loss: 0.6608 | LR: 7.92e-06
2026-04-20 05:41:38,170 INFO Epoch 28 | Batch 250 | Loss: 0.7819 | LR: 7.72e-06
2026-04-20 05:41:57,744 INFO Epoch 28 | Batch 300 | Loss: 0.7783 | LR: 7.53e-06
2026-04-20 05:42:17,368 INFO Epoch 28 | Batch 350 | Loss: 0.6338 | LR: 7.34e-06
2026-04-20 05:42:37,141 INFO Epoch 28 | Batch 400 | Loss: 0.5982 | LR: 7.16e-06
2026-04-20 05:42:56,872 INFO Epoch 28 | Batch 450 | Loss: 0.9455 | LR: 6.97e-06
2026-04-20 05:43:16,347 INFO Epoch 28 | Batch 500 | Loss: 0.7015 | LR: 6.79e-06
2026-04-20 05:43:36,089 INFO Epoch 28 | Batch 550 | Loss: 0.7503 | LR: 6.61e-06
2026-04-20 05:43:55,709 INFO Epoch 28 | Batch 600 | Loss: 0.9152 | LR: 6.44e-06
2026-04-20 05:44:15,080 INFO Epoch 28 | Batch 650 | Loss: 0.7213 | LR: 6.27e-06
2026-04-20 05:44:34,690 INFO Epoch 28 | Batch 700 | Loss: 0.7238 | LR: 6.10e-06
2026-04-20 05:44:54,479 INFO Epoch 28 | Batch 750 | Loss: 0.6811 | LR: 5.93e-06
2026-04-20 05:45:14,081 INFO Epoch 28 | Batch 800 | Loss: 0.8510 | LR: 5.76e-06
2026-04-20 05:45:33,774 INFO Epoch 28 | Batch 850 | Loss: 0.7369 | LR: 5.60e-06
2026-04-20 05:45:53,479 INFO Epoch 28 | Batch 900 | Loss: 0.6044 | LR: 5.44e-06
2026-04-20 05:46:13,265 INFO Epoch 28 | Batch 950 | Loss: 0.8905 | LR: 5.29e-06
2026-04-20 05:46:32,805 INFO Epoch 28 | Batch 1000 | Loss: 0.5548 | LR: 5.13e-06
2026-04-20 05:46:52,791 INFO Epoch 28 | Batch 1050 | Loss: 0.8195 | LR: 4.98e-06
2026-04-20 05:47:12,193 INFO Epoch 28 | Batch 1100 | Loss: 0.6585 | LR: 4.84e-06
2026-04-20 05:47:31,599 INFO Epoch 28 | Batch 1150 | Loss: 0.5386 | LR: 4.69e-06
2026-04-20 05:47:51,414 INFO Epoch 28 | Batch 1200 | Loss: 0.6921 | LR: 4.55e-06
2026-04-20 05:48:23,856 INFO Epoch 28 | Train: 0.7336 | Dev CER: 0.1262 | Dev WER: 0.3720 | Time: 507s | Peak: 44.9 GB
2026-04-20 05:48:23,856 INFO   New best CER: 0.1262
2026-04-20 05:48:27,439 INFO Epoch 29 | Batch 0 | Loss: 0.6822 | LR: 4.45e-06
2026-04-20 05:48:46,944 INFO Epoch 29 | Batch 50 | Loss: 0.9050 | LR: 4.31e-06
2026-04-20 05:49:06,658 INFO Epoch 29 | Batch 100 | Loss: 0.8499 | LR: 4.17e-06
2026-04-20 05:49:26,369 INFO Epoch 29 | Batch 150 | Loss: 0.5902 | LR: 4.04e-06
2026-04-20 05:49:46,018 INFO Epoch 29 | Batch 200 | Loss: 0.6318 | LR: 3.91e-06
2026-04-20 05:50:05,578 INFO Epoch 29 | Batch 250 | Loss: 0.7053 | LR: 3.79e-06
2026-04-20 05:50:25,117 INFO Epoch 29 | Batch 300 | Loss: 0.6390 | LR: 3.66e-06
2026-04-20 05:50:44,875 INFO Epoch 29 | Batch 350 | Loss: 0.7453 | LR: 3.54e-06
2026-04-20 05:51:04,590 INFO Epoch 29 | Batch 400 | Loss: 0.6054 | LR: 3.42e-06
2026-04-20 05:51:23,787 INFO Epoch 29 | Batch 450 | Loss: 0.6596 | LR: 3.31e-06
2026-04-20 05:51:43,534 INFO Epoch 29 | Batch 500 | Loss: 0.9866 | LR: 3.20e-06
2026-04-20 05:52:03,348 INFO Epoch 29 | Batch 550 | Loss: 0.5487 | LR: 3.09e-06
2026-04-20 05:52:22,933 INFO Epoch 29 | Batch 600 | Loss: 0.9121 | LR: 2.98e-06
2026-04-20 05:52:42,711 INFO Epoch 29 | Batch 650 | Loss: 0.8087 | LR: 2.88e-06
2026-04-20 05:53:02,228 INFO Epoch 29 | Batch 700 | Loss: 0.7855 | LR: 2.77e-06
2026-04-20 05:53:22,076 INFO Epoch 29 | Batch 750 | Loss: 0.4075 | LR: 2.68e-06
2026-04-20 05:53:41,464 INFO Epoch 29 | Batch 800 | Loss: 0.6958 | LR: 2.58e-06
2026-04-20 05:54:01,030 INFO Epoch 29 | Batch 850 | Loss: 0.5561 | LR: 2.49e-06
2026-04-20 05:54:20,684 INFO Epoch 29 | Batch 900 | Loss: 0.7033 | LR: 2.40e-06
2026-04-20 05:54:40,436 INFO Epoch 29 | Batch 950 | Loss: 0.6983 | LR: 2.31e-06
2026-04-20 05:55:00,066 INFO Epoch 29 | Batch 1000 | Loss: 0.8068 | LR: 2.22e-06
2026-04-20 05:55:19,921 INFO Epoch 29 | Batch 1050 | Loss: 0.7113 | LR: 2.14e-06
2026-04-20 05:55:39,584 INFO Epoch 29 | Batch 1100 | Loss: 0.7044 | LR: 2.06e-06
2026-04-20 05:55:59,237 INFO Epoch 29 | Batch 1150 | Loss: 0.7294 | LR: 1.99e-06
2026-04-20 05:56:19,145 INFO Epoch 29 | Batch 1200 | Loss: 0.5472 | LR: 1.91e-06
2026-04-20 05:56:49,983 INFO Epoch 29 | Train: 0.7286 | Dev CER: 0.1260 | Dev WER: 0.3714 | Time: 506s | Peak: 44.9 GB
2026-04-20 05:56:49,983 INFO   New best CER: 0.1260
2026-04-20 05:56:53,324 INFO Epoch 30 | Batch 0 | Loss: 0.8317 | LR: 1.86e-06
2026-04-20 05:57:12,769 INFO Epoch 30 | Batch 50 | Loss: 0.6985 | LR: 1.80e-06
2026-04-20 05:57:32,705 INFO Epoch 30 | Batch 100 | Loss: 0.5893 | LR: 1.73e-06
2026-04-20 05:57:52,381 INFO Epoch 30 | Batch 150 | Loss: 0.7099 | LR: 1.67e-06
2026-04-20 05:58:11,960 INFO Epoch 30 | Batch 200 | Loss: 0.5264 | LR: 1.61e-06
2026-04-20 05:58:31,731 INFO Epoch 30 | Batch 250 | Loss: 0.6723 | LR: 1.55e-06
2026-04-20 05:58:51,253 INFO Epoch 30 | Batch 300 | Loss: 0.4917 | LR: 1.50e-06
2026-04-20 05:59:10,724 INFO Epoch 30 | Batch 350 | Loss: 0.6960 | LR: 1.44e-06
2026-04-20 05:59:30,151 INFO Epoch 30 | Batch 400 | Loss: 0.6345 | LR: 1.39e-06
2026-04-20 05:59:49,848 INFO Epoch 30 | Batch 450 | Loss: 0.8877 | LR: 1.35e-06
2026-04-20 06:00:09,376 INFO Epoch 30 | Batch 500 | Loss: 0.5794 | LR: 1.31e-06
2026-04-20 06:00:29,097 INFO Epoch 30 | Batch 550 | Loss: 0.7909 | LR: 1.27e-06
2026-04-20 06:00:48,669 INFO Epoch 30 | Batch 600 | Loss: 0.7558 | LR: 1.23e-06
2026-04-20 06:01:08,197 INFO Epoch 30 | Batch 650 | Loss: 0.8050 | LR: 1.19e-06
2026-04-20 06:01:27,930 INFO Epoch 30 | Batch 700 | Loss: 0.7435 | LR: 1.16e-06
2026-04-20 06:01:47,397 INFO Epoch 30 | Batch 750 | Loss: 0.5115 | LR: 1.13e-06
2026-04-20 06:02:07,255 INFO Epoch 30 | Batch 800 | Loss: 0.5605 | LR: 1.11e-06
2026-04-20 06:02:26,782 INFO Epoch 30 | Batch 850 | Loss: 0.6428 | LR: 1.08e-06
2026-04-20 06:02:46,514 INFO Epoch 30 | Batch 900 | Loss: 0.6243 | LR: 1.06e-06
2026-04-20 06:03:06,044 INFO Epoch 30 | Batch 950 | Loss: 0.7178 | LR: 1.05e-06
2026-04-20 06:03:25,956 INFO Epoch 30 | Batch 1000 | Loss: 0.7326 | LR: 1.03e-06
2026-04-20 06:03:45,438 INFO Epoch 30 | Batch 1050 | Loss: 0.5357 | LR: 1.02e-06
2026-04-20 06:04:05,111 INFO Epoch 30 | Batch 1100 | Loss: 0.7476 | LR: 1.01e-06
2026-04-20 06:04:24,520 INFO Epoch 30 | Batch 1150 | Loss: 0.6564 | LR: 1.00e-06
2026-04-20 06:04:44,319 INFO Epoch 30 | Batch 1200 | Loss: 0.6398 | LR: 1.00e-06
2026-04-20 06:05:15,157 INFO Epoch 30 | Train: 0.7292 | Dev CER: 0.1260 | Dev WER: 0.3714 | Time: 505s | Peak: 44.9 GB
2026-04-20 06:06:29,376 INFO Done. Best dev CER: 0.1260 | Test CER: 0.1240
