2026-04-23 11:24:13,720 INFO Loading LibriSpeech split=train.100 from HuggingFace...
2026-04-23 11:24:13,907 INFO HTTP Request: HEAD https://huggingface.co/datasets/openslr/librispeech_asr/resolve/main/README.md "HTTP/1.1 307 Temporary Redirect"
2026-04-23 11:24:13,908 WARNING Warning: You are sending unauthenticated requests to the HF Hub. Please set a HF_TOKEN to enable higher rate limits and faster downloads.
2026-04-23 11:24:13,931 INFO HTTP Request: HEAD https://huggingface.co/api/resolve-cache/datasets/openslr/librispeech_asr/71cacbfb7e2354c4226d01e70d77d5fca3d04ba1/README.md "HTTP/1.1 200 OK"
2026-04-23 11:24:14,069 INFO HTTP Request: HEAD https://huggingface.co/datasets/openslr/librispeech_asr/resolve/71cacbfb7e2354c4226d01e70d77d5fca3d04ba1/librispeech_asr.py "HTTP/1.1 404 Not Found"
2026-04-23 11:24:14,491 INFO HTTP Request: HEAD https://s3.amazonaws.com/datasets.huggingface.co/datasets/datasets/openslr/librispeech_asr/openslr/librispeech_asr.py "HTTP/1.1 404 Not Found"
2026-04-23 11:24:14,641 INFO HTTP Request: GET https://huggingface.co/api/datasets/openslr/librispeech_asr/revision/71cacbfb7e2354c4226d01e70d77d5fca3d04ba1 "HTTP/1.1 200 OK"
2026-04-23 11:24:14,777 INFO HTTP Request: HEAD https://huggingface.co/datasets/openslr/librispeech_asr/resolve/71cacbfb7e2354c4226d01e70d77d5fca3d04ba1/.huggingface.yaml "HTTP/1.1 404 Not Found"
2026-04-23 11:24:14,958 INFO HTTP Request: GET https://datasets-server.huggingface.co/info?dataset=openslr/librispeech_asr "HTTP/1.1 200 OK"
2026-04-23 11:24:15,098 INFO HTTP Request: GET https://huggingface.co/api/datasets/openslr/librispeech_asr/tree/71cacbfb7e2354c4226d01e70d77d5fca3d04ba1/clean%2Ftest?recursive=true&expand=false "HTTP/1.1 200 OK"
2026-04-23 11:24:15,233 INFO HTTP Request: GET https://huggingface.co/api/datasets/openslr/librispeech_asr/tree/71cacbfb7e2354c4226d01e70d77d5fca3d04ba1/clean?recursive=false&expand=false "HTTP/1.1 200 OK"
2026-04-23 11:24:15,378 INFO HTTP Request: GET https://huggingface.co/api/datasets/openslr/librispeech_asr/tree/71cacbfb7e2354c4226d01e70d77d5fca3d04ba1/clean%2Ftrain.100?recursive=true&expand=false "HTTP/1.1 200 OK"
2026-04-23 11:24:15,527 INFO HTTP Request: GET https://huggingface.co/api/datasets/openslr/librispeech_asr/tree/71cacbfb7e2354c4226d01e70d77d5fca3d04ba1/clean%2Ftrain.360?recursive=true&expand=false "HTTP/1.1 200 OK"
2026-04-23 11:24:15,683 INFO HTTP Request: GET https://huggingface.co/api/datasets/openslr/librispeech_asr/tree/71cacbfb7e2354c4226d01e70d77d5fca3d04ba1/clean%2Fvalidation?recursive=true&expand=false "HTTP/1.1 200 OK"
2026-04-23 11:24:15,826 INFO HTTP Request: HEAD https://huggingface.co/datasets/openslr/librispeech_asr/resolve/71cacbfb7e2354c4226d01e70d77d5fca3d04ba1/dataset_infos.json "HTTP/1.1 404 Not Found"
2026-04-23 11:25:32,799 INFO Loaded 28538 utterances from train.100 (skipped 1 outside [0.5s, 20.0s])
2026-04-23 11:25:32,871 INFO Loading LibriSpeech split=validation from HuggingFace...
2026-04-23 11:25:33,061 INFO HTTP Request: HEAD https://huggingface.co/datasets/openslr/librispeech_asr/resolve/main/README.md "HTTP/1.1 307 Temporary Redirect"
2026-04-23 11:25:33,084 INFO HTTP Request: HEAD https://huggingface.co/api/resolve-cache/datasets/openslr/librispeech_asr/71cacbfb7e2354c4226d01e70d77d5fca3d04ba1/README.md "HTTP/1.1 200 OK"
2026-04-23 11:25:33,230 INFO HTTP Request: HEAD https://huggingface.co/datasets/openslr/librispeech_asr/resolve/71cacbfb7e2354c4226d01e70d77d5fca3d04ba1/librispeech_asr.py "HTTP/1.1 404 Not Found"
2026-04-23 11:25:33,572 INFO HTTP Request: HEAD https://s3.amazonaws.com/datasets.huggingface.co/datasets/datasets/openslr/librispeech_asr/openslr/librispeech_asr.py "HTTP/1.1 404 Not Found"
2026-04-23 11:25:33,721 INFO HTTP Request: HEAD https://huggingface.co/datasets/openslr/librispeech_asr/resolve/71cacbfb7e2354c4226d01e70d77d5fca3d04ba1/.huggingface.yaml "HTTP/1.1 404 Not Found"
2026-04-23 11:25:33,907 INFO HTTP Request: GET https://datasets-server.huggingface.co/info?dataset=openslr/librispeech_asr "HTTP/1.1 200 OK"
2026-04-23 11:25:34,071 INFO HTTP Request: HEAD https://huggingface.co/datasets/openslr/librispeech_asr/resolve/71cacbfb7e2354c4226d01e70d77d5fca3d04ba1/dataset_infos.json "HTTP/1.1 404 Not Found"
2026-04-23 11:25:38,309 INFO Loaded 2642 utterances from validation (skipped 61 outside [0.5s, 20.0s])
2026-04-23 11:25:38,315 INFO Loading LibriSpeech split=test from HuggingFace...
2026-04-23 11:25:38,450 INFO HTTP Request: HEAD https://huggingface.co/datasets/openslr/librispeech_asr/resolve/main/README.md "HTTP/1.1 307 Temporary Redirect"
2026-04-23 11:25:38,472 INFO HTTP Request: HEAD https://huggingface.co/api/resolve-cache/datasets/openslr/librispeech_asr/71cacbfb7e2354c4226d01e70d77d5fca3d04ba1/README.md "HTTP/1.1 200 OK"
2026-04-23 11:25:38,606 INFO HTTP Request: HEAD https://huggingface.co/datasets/openslr/librispeech_asr/resolve/71cacbfb7e2354c4226d01e70d77d5fca3d04ba1/librispeech_asr.py "HTTP/1.1 404 Not Found"
2026-04-23 11:25:39,059 INFO HTTP Request: HEAD https://s3.amazonaws.com/datasets.huggingface.co/datasets/datasets/openslr/librispeech_asr/openslr/librispeech_asr.py "HTTP/1.1 404 Not Found"
2026-04-23 11:25:39,210 INFO HTTP Request: HEAD https://huggingface.co/datasets/openslr/librispeech_asr/resolve/71cacbfb7e2354c4226d01e70d77d5fca3d04ba1/.huggingface.yaml "HTTP/1.1 404 Not Found"
2026-04-23 11:25:39,363 INFO HTTP Request: GET https://datasets-server.huggingface.co/info?dataset=openslr/librispeech_asr "HTTP/1.1 200 OK"
2026-04-23 11:25:39,527 INFO HTTP Request: HEAD https://huggingface.co/datasets/openslr/librispeech_asr/resolve/71cacbfb7e2354c4226d01e70d77d5fca3d04ba1/dataset_infos.json "HTTP/1.1 404 Not Found"
2026-04-23 11:25:43,763 INFO Loaded 2528 utterances from test (skipped 92 outside [0.5s, 20.0s])
2026-04-23 11:25:43,994 INFO Backbone: linear_attn_lucid_convshift_multidil_symmetric_v2 | Params: 6.28M
2026-04-23 11:25:43,994 INFO   Frontend: 1.90M | Encoder: 4.36M | Head: 8.0K
2026-04-23 11:25:47,243 INFO Epoch 1 | Batch 0 | Loss: 4.0805 | LR: 3.00e-07
2026-04-23 11:25:54,605 INFO Epoch 1 | Batch 50 | Loss: 2.8703 | LR: 1.53e-05
2026-04-23 11:26:02,098 INFO Epoch 1 | Batch 100 | Loss: 2.8863 | LR: 3.03e-05
2026-04-23 11:26:09,361 INFO Epoch 1 | Batch 150 | Loss: 2.8661 | LR: 4.53e-05
2026-04-23 11:26:16,765 INFO Epoch 1 | Batch 200 | Loss: 2.8315 | LR: 6.03e-05
2026-04-23 11:26:24,059 INFO Epoch 1 | Batch 250 | Loss: 2.8386 | LR: 7.53e-05
2026-04-23 11:26:31,316 INFO Epoch 1 | Batch 300 | Loss: 2.8479 | LR: 9.03e-05
2026-04-23 11:26:38,648 INFO Epoch 1 | Batch 350 | Loss: 2.7909 | LR: 1.05e-04
2026-04-23 11:26:46,042 INFO Epoch 1 | Batch 400 | Loss: 2.8108 | LR: 1.20e-04
2026-04-23 11:26:53,357 INFO Epoch 1 | Batch 450 | Loss: 2.6856 | LR: 1.35e-04
2026-04-23 11:27:00,854 INFO Epoch 1 | Batch 500 | Loss: 2.7048 | LR: 1.50e-04
2026-04-23 11:27:08,087 INFO Epoch 1 | Batch 550 | Loss: 2.6386 | LR: 1.65e-04
2026-04-23 11:27:15,448 INFO Epoch 1 | Batch 600 | Loss: 2.7348 | LR: 1.80e-04
2026-04-23 11:27:22,937 INFO Epoch 1 | Batch 650 | Loss: 2.5170 | LR: 1.95e-04
2026-04-23 11:27:30,397 INFO Epoch 1 | Batch 700 | Loss: 2.5754 | LR: 2.10e-04
2026-04-23 11:27:37,780 INFO Epoch 1 | Batch 750 | Loss: 2.5299 | LR: 2.25e-04
2026-04-23 11:27:44,985 INFO Epoch 1 | Batch 800 | Loss: 2.6754 | LR: 2.40e-04
2026-04-23 11:27:52,173 INFO Epoch 1 | Batch 850 | Loss: 2.4796 | LR: 2.55e-04
2026-04-23 11:27:59,359 INFO Epoch 1 | Batch 900 | Loss: 2.5089 | LR: 2.70e-04
2026-04-23 11:28:06,409 INFO Epoch 1 | Batch 950 | Loss: 2.4141 | LR: 2.85e-04
2026-04-23 11:28:13,771 INFO Epoch 1 | Batch 1000 | Loss: 2.3056 | LR: 3.00e-04
2026-04-23 11:28:21,084 INFO Epoch 1 | Batch 1050 | Loss: 2.4044 | LR: 3.00e-04
2026-04-23 11:28:28,234 INFO Epoch 1 | Batch 1100 | Loss: 2.4009 | LR: 3.00e-04
2026-04-23 11:28:35,587 INFO Epoch 1 | Batch 1150 | Loss: 2.5111 | LR: 3.00e-04
2026-04-23 11:28:42,810 INFO Epoch 1 | Batch 1200 | Loss: 2.4042 | LR: 3.00e-04
2026-04-23 11:28:58,658 INFO Epoch 1 | Train: 2.6378 | Dev CER: 0.6001 | Dev WER: 0.9909 | Time: 194s | Peak: 7.8 GB
2026-04-23 11:28:58,658 INFO   New best CER: 0.6001
2026-04-23 11:29:01,433 INFO Epoch 2 | Batch 0 | Loss: 2.2652 | LR: 3.00e-04
2026-04-23 11:29:08,638 INFO Epoch 2 | Batch 50 | Loss: 2.5021 | LR: 3.00e-04
2026-04-23 11:29:15,896 INFO Epoch 2 | Batch 100 | Loss: 2.4204 | LR: 3.00e-04
2026-04-23 11:29:23,160 INFO Epoch 2 | Batch 150 | Loss: 2.3601 | LR: 3.00e-04
2026-04-23 11:29:30,361 INFO Epoch 2 | Batch 200 | Loss: 2.2461 | LR: 3.00e-04
2026-04-23 11:29:37,613 INFO Epoch 2 | Batch 250 | Loss: 2.0902 | LR: 3.00e-04
2026-04-23 11:29:45,065 INFO Epoch 2 | Batch 300 | Loss: 2.2654 | LR: 3.00e-04
2026-04-23 11:29:52,389 INFO Epoch 2 | Batch 350 | Loss: 2.2516 | LR: 3.00e-04
2026-04-23 11:29:59,792 INFO Epoch 2 | Batch 400 | Loss: 2.0685 | LR: 3.00e-04
2026-04-23 11:30:07,043 INFO Epoch 2 | Batch 450 | Loss: 2.1119 | LR: 3.00e-04
2026-04-23 11:30:14,306 INFO Epoch 2 | Batch 500 | Loss: 2.1250 | LR: 3.00e-04
2026-04-23 11:30:21,653 INFO Epoch 2 | Batch 550 | Loss: 2.2838 | LR: 3.00e-04
2026-04-23 11:30:28,938 INFO Epoch 2 | Batch 600 | Loss: 2.1744 | LR: 3.00e-04
2026-04-23 11:30:36,253 INFO Epoch 2 | Batch 650 | Loss: 2.2453 | LR: 3.00e-04
2026-04-23 11:30:43,491 INFO Epoch 2 | Batch 700 | Loss: 2.4178 | LR: 3.00e-04
2026-04-23 11:30:50,621 INFO Epoch 2 | Batch 750 | Loss: 2.1355 | LR: 2.99e-04
2026-04-23 11:30:57,487 INFO Epoch 2 | Batch 800 | Loss: 1.8932 | LR: 2.99e-04
2026-04-23 11:31:03,341 INFO Epoch 2 | Batch 850 | Loss: 2.1888 | LR: 2.99e-04
2026-04-23 11:31:09,791 INFO Epoch 2 | Batch 900 | Loss: 2.0604 | LR: 2.99e-04
2026-04-23 11:31:15,579 INFO Epoch 2 | Batch 950 | Loss: 1.9153 | LR: 2.99e-04
2026-04-23 11:31:22,850 INFO Epoch 2 | Batch 1000 | Loss: 2.4665 | LR: 2.99e-04
2026-04-23 11:31:30,137 INFO Epoch 2 | Batch 1050 | Loss: 2.0823 | LR: 2.99e-04
2026-04-23 11:31:37,365 INFO Epoch 2 | Batch 1100 | Loss: 1.9838 | LR: 2.99e-04
2026-04-23 11:31:44,553 INFO Epoch 2 | Batch 1150 | Loss: 1.8356 | LR: 2.99e-04
2026-04-23 11:31:51,627 INFO Epoch 2 | Batch 1200 | Loss: 1.9286 | LR: 2.99e-04
2026-04-23 11:32:11,441 INFO Epoch 2 | Train: 2.1335 | Dev CER: 0.4522 | Dev WER: 0.9326 | Time: 192s | Peak: 7.8 GB
2026-04-23 11:32:11,441 INFO   New best CER: 0.4522
2026-04-23 11:32:14,468 INFO Epoch 3 | Batch 0 | Loss: 1.8504 | LR: 2.99e-04
2026-04-23 11:32:22,029 INFO Epoch 3 | Batch 50 | Loss: 1.8815 | LR: 2.99e-04
2026-04-23 11:32:29,649 INFO Epoch 3 | Batch 100 | Loss: 1.8324 | LR: 2.99e-04
2026-04-23 11:32:37,114 INFO Epoch 3 | Batch 150 | Loss: 1.8489 | LR: 2.99e-04
2026-04-23 11:32:44,373 INFO Epoch 3 | Batch 200 | Loss: 1.8995 | LR: 2.98e-04
2026-04-23 11:32:51,662 INFO Epoch 3 | Batch 250 | Loss: 1.5875 | LR: 2.98e-04
2026-04-23 11:32:58,974 INFO Epoch 3 | Batch 300 | Loss: 1.9453 | LR: 2.98e-04
2026-04-23 11:33:06,248 INFO Epoch 3 | Batch 350 | Loss: 1.6139 | LR: 2.98e-04
2026-04-23 11:33:13,558 INFO Epoch 3 | Batch 400 | Loss: 1.6860 | LR: 2.98e-04
2026-04-23 11:33:21,055 INFO Epoch 3 | Batch 450 | Loss: 2.0948 | LR: 2.98e-04
2026-04-23 11:33:28,312 INFO Epoch 3 | Batch 500 | Loss: 1.7470 | LR: 2.98e-04
2026-04-23 11:33:35,745 INFO Epoch 3 | Batch 550 | Loss: 1.7637 | LR: 2.98e-04
2026-04-23 11:33:42,887 INFO Epoch 3 | Batch 600 | Loss: 1.9550 | LR: 2.98e-04
2026-04-23 11:33:50,079 INFO Epoch 3 | Batch 650 | Loss: 1.8010 | LR: 2.97e-04
2026-04-23 11:33:57,198 INFO Epoch 3 | Batch 700 | Loss: 1.8955 | LR: 2.97e-04
2026-04-23 11:34:04,455 INFO Epoch 3 | Batch 750 | Loss: 2.1047 | LR: 2.97e-04
2026-04-23 11:34:11,728 INFO Epoch 3 | Batch 800 | Loss: 1.8437 | LR: 2.97e-04
2026-04-23 11:34:19,082 INFO Epoch 3 | Batch 850 | Loss: 1.8136 | LR: 2.97e-04
2026-04-23 11:34:26,240 INFO Epoch 3 | Batch 900 | Loss: 1.9003 | LR: 2.97e-04
2026-04-23 11:34:33,448 INFO Epoch 3 | Batch 950 | Loss: 1.9585 | LR: 2.97e-04
2026-04-23 11:34:40,648 INFO Epoch 3 | Batch 1000 | Loss: 1.6085 | LR: 2.97e-04
2026-04-23 11:34:48,032 INFO Epoch 3 | Batch 1050 | Loss: 1.7158 | LR: 2.96e-04
2026-04-23 11:34:55,173 INFO Epoch 3 | Batch 1100 | Loss: 1.5816 | LR: 2.96e-04
2026-04-23 11:35:02,538 INFO Epoch 3 | Batch 1150 | Loss: 2.0505 | LR: 2.96e-04
2026-04-23 11:35:09,689 INFO Epoch 3 | Batch 1200 | Loss: 1.8763 | LR: 2.96e-04
2026-04-23 11:35:28,118 INFO Epoch 3 | Train: 1.7877 | Dev CER: 0.3823 | Dev WER: 0.8760 | Time: 196s | Peak: 7.8 GB
2026-04-23 11:35:28,118 INFO   New best CER: 0.3823
2026-04-23 11:35:30,866 INFO Epoch 4 | Batch 0 | Loss: 1.5223 | LR: 2.96e-04
2026-04-23 11:35:38,368 INFO Epoch 4 | Batch 50 | Loss: 1.8442 | LR: 2.96e-04
2026-04-23 11:35:45,710 INFO Epoch 4 | Batch 100 | Loss: 1.5696 | LR: 2.96e-04
2026-04-23 11:35:53,073 INFO Epoch 4 | Batch 150 | Loss: 1.9812 | LR: 2.95e-04
2026-04-23 11:36:00,370 INFO Epoch 4 | Batch 200 | Loss: 1.7224 | LR: 2.95e-04
2026-04-23 11:36:07,768 INFO Epoch 4 | Batch 250 | Loss: 1.6734 | LR: 2.95e-04
2026-04-23 11:36:15,010 INFO Epoch 4 | Batch 300 | Loss: 1.6037 | LR: 2.95e-04
2026-04-23 11:36:22,310 INFO Epoch 4 | Batch 350 | Loss: 2.0163 | LR: 2.95e-04
2026-04-23 11:36:29,503 INFO Epoch 4 | Batch 400 | Loss: 1.6642 | LR: 2.95e-04
2026-04-23 11:36:36,743 INFO Epoch 4 | Batch 450 | Loss: 1.6178 | LR: 2.94e-04
2026-04-23 11:36:44,139 INFO Epoch 4 | Batch 500 | Loss: 1.7419 | LR: 2.94e-04
2026-04-23 11:36:51,248 INFO Epoch 4 | Batch 550 | Loss: 1.4704 | LR: 2.94e-04
2026-04-23 11:36:58,674 INFO Epoch 4 | Batch 600 | Loss: 1.6769 | LR: 2.94e-04
2026-04-23 11:37:06,013 INFO Epoch 4 | Batch 650 | Loss: 1.5777 | LR: 2.94e-04
2026-04-23 11:37:13,452 INFO Epoch 4 | Batch 700 | Loss: 1.3970 | LR: 2.93e-04
2026-04-23 11:37:20,960 INFO Epoch 4 | Batch 750 | Loss: 1.5787 | LR: 2.93e-04
2026-04-23 11:37:28,352 INFO Epoch 4 | Batch 800 | Loss: 1.4526 | LR: 2.93e-04
2026-04-23 11:37:35,805 INFO Epoch 4 | Batch 850 | Loss: 1.8403 | LR: 2.93e-04
2026-04-23 11:37:43,254 INFO Epoch 4 | Batch 900 | Loss: 1.5975 | LR: 2.93e-04
2026-04-23 11:37:50,660 INFO Epoch 4 | Batch 950 | Loss: 1.5794 | LR: 2.92e-04
2026-04-23 11:37:58,258 INFO Epoch 4 | Batch 1000 | Loss: 1.4626 | LR: 2.92e-04
2026-04-23 11:38:05,665 INFO Epoch 4 | Batch 1050 | Loss: 1.6315 | LR: 2.92e-04
2026-04-23 11:38:12,941 INFO Epoch 4 | Batch 1100 | Loss: 1.4631 | LR: 2.92e-04
2026-04-23 11:38:20,182 INFO Epoch 4 | Batch 1150 | Loss: 1.6745 | LR: 2.92e-04
2026-04-23 11:38:27,433 INFO Epoch 4 | Batch 1200 | Loss: 1.8694 | LR: 2.91e-04
2026-04-23 11:38:46,959 INFO Epoch 4 | Train: 1.5935 | Dev CER: 0.3387 | Dev WER: 0.8058 | Time: 198s | Peak: 7.8 GB
2026-04-23 11:38:46,959 INFO   New best CER: 0.3387
2026-04-23 11:38:49,729 INFO Epoch 5 | Batch 0 | Loss: 1.2816 | LR: 2.91e-04
2026-04-23 11:38:56,985 INFO Epoch 5 | Batch 50 | Loss: 1.4561 | LR: 2.91e-04
2026-04-23 11:39:04,292 INFO Epoch 5 | Batch 100 | Loss: 1.5554 | LR: 2.91e-04
2026-04-23 11:39:11,450 INFO Epoch 5 | Batch 150 | Loss: 1.4802 | LR: 2.91e-04
2026-04-23 11:39:18,700 INFO Epoch 5 | Batch 200 | Loss: 1.3580 | LR: 2.90e-04
2026-04-23 11:39:25,870 INFO Epoch 5 | Batch 250 | Loss: 2.0076 | LR: 2.90e-04
2026-04-23 11:39:33,158 INFO Epoch 5 | Batch 300 | Loss: 1.2634 | LR: 2.90e-04
2026-04-23 11:39:40,406 INFO Epoch 5 | Batch 350 | Loss: 1.3216 | LR: 2.90e-04
2026-04-23 11:39:47,749 INFO Epoch 5 | Batch 400 | Loss: 1.2272 | LR: 2.89e-04
2026-04-23 11:39:54,864 INFO Epoch 5 | Batch 450 | Loss: 1.5675 | LR: 2.89e-04
2026-04-23 11:40:01,962 INFO Epoch 5 | Batch 500 | Loss: 1.4169 | LR: 2.89e-04
2026-04-23 11:40:09,014 INFO Epoch 5 | Batch 550 | Loss: 1.5212 | LR: 2.89e-04
2026-04-23 11:40:16,467 INFO Epoch 5 | Batch 600 | Loss: 1.6227 | LR: 2.88e-04
2026-04-23 11:40:23,764 INFO Epoch 5 | Batch 650 | Loss: 1.7259 | LR: 2.88e-04
2026-04-23 11:40:30,910 INFO Epoch 5 | Batch 700 | Loss: 1.4054 | LR: 2.88e-04
2026-04-23 11:40:38,208 INFO Epoch 5 | Batch 750 | Loss: 1.3174 | LR: 2.88e-04
2026-04-23 11:40:45,389 INFO Epoch 5 | Batch 800 | Loss: 1.3213 | LR: 2.87e-04
2026-04-23 11:40:52,816 INFO Epoch 5 | Batch 850 | Loss: 1.4471 | LR: 2.87e-04
2026-04-23 11:41:00,184 INFO Epoch 5 | Batch 900 | Loss: 1.5355 | LR: 2.87e-04
2026-04-23 11:41:07,547 INFO Epoch 5 | Batch 950 | Loss: 1.7716 | LR: 2.87e-04
2026-04-23 11:41:14,720 INFO Epoch 5 | Batch 1000 | Loss: 1.5725 | LR: 2.86e-04
2026-04-23 11:41:21,928 INFO Epoch 5 | Batch 1050 | Loss: 1.3820 | LR: 2.86e-04
2026-04-23 11:41:29,296 INFO Epoch 5 | Batch 1100 | Loss: 1.4442 | LR: 2.86e-04
2026-04-23 11:41:36,546 INFO Epoch 5 | Batch 1150 | Loss: 1.7472 | LR: 2.86e-04
2026-04-23 11:41:43,884 INFO Epoch 5 | Batch 1200 | Loss: 1.4163 | LR: 2.85e-04
2026-04-23 11:42:03,058 INFO Epoch 5 | Train: 1.4539 | Dev CER: 0.3098 | Dev WER: 0.7702 | Time: 196s | Peak: 7.8 GB
2026-04-23 11:42:03,058 INFO   New best CER: 0.3098
2026-04-23 11:42:05,818 INFO Epoch 6 | Batch 0 | Loss: 1.4026 | LR: 2.85e-04
2026-04-23 11:42:13,096 INFO Epoch 6 | Batch 50 | Loss: 1.8678 | LR: 2.85e-04
2026-04-23 11:42:20,567 INFO Epoch 6 | Batch 100 | Loss: 1.5374 | LR: 2.84e-04
2026-04-23 11:42:27,829 INFO Epoch 6 | Batch 150 | Loss: 1.4429 | LR: 2.84e-04
2026-04-23 11:42:35,165 INFO Epoch 6 | Batch 200 | Loss: 1.4970 | LR: 2.84e-04
2026-04-23 11:42:42,446 INFO Epoch 6 | Batch 250 | Loss: 1.1870 | LR: 2.84e-04
2026-04-23 11:42:49,873 INFO Epoch 6 | Batch 300 | Loss: 1.1557 | LR: 2.83e-04
2026-04-23 11:42:57,312 INFO Epoch 6 | Batch 350 | Loss: 1.3038 | LR: 2.83e-04
2026-04-23 11:43:04,887 INFO Epoch 6 | Batch 400 | Loss: 1.2385 | LR: 2.83e-04
2026-04-23 11:43:12,019 INFO Epoch 6 | Batch 450 | Loss: 2.0030 | LR: 2.82e-04
2026-04-23 11:43:18,115 INFO Epoch 6 | Batch 500 | Loss: 1.1870 | LR: 2.82e-04
2026-04-23 11:43:24,306 INFO Epoch 6 | Batch 550 | Loss: 1.2485 | LR: 2.82e-04
2026-04-23 11:43:30,323 INFO Epoch 6 | Batch 600 | Loss: 1.3460 | LR: 2.81e-04
2026-04-23 11:43:36,322 INFO Epoch 6 | Batch 650 | Loss: 1.5184 | LR: 2.81e-04
2026-04-23 11:43:41,909 INFO Epoch 6 | Batch 700 | Loss: 1.5448 | LR: 2.81e-04
2026-04-23 11:43:47,558 INFO Epoch 6 | Batch 750 | Loss: 1.3661 | LR: 2.81e-04
2026-04-23 11:43:53,216 INFO Epoch 6 | Batch 800 | Loss: 1.3396 | LR: 2.80e-04
2026-04-23 11:43:58,823 INFO Epoch 6 | Batch 850 | Loss: 1.4112 | LR: 2.80e-04
2026-04-23 11:44:04,668 INFO Epoch 6 | Batch 900 | Loss: 1.1575 | LR: 2.80e-04
2026-04-23 11:44:11,759 INFO Epoch 6 | Batch 950 | Loss: 1.6954 | LR: 2.79e-04
2026-04-23 11:44:19,307 INFO Epoch 6 | Batch 1000 | Loss: 1.3546 | LR: 2.79e-04
2026-04-23 11:44:26,516 INFO Epoch 6 | Batch 1050 | Loss: 1.5370 | LR: 2.79e-04
2026-04-23 11:44:33,772 INFO Epoch 6 | Batch 1100 | Loss: 1.4907 | LR: 2.78e-04
2026-04-23 11:44:40,931 INFO Epoch 6 | Batch 1150 | Loss: 1.3239 | LR: 2.78e-04
2026-04-23 11:44:48,367 INFO Epoch 6 | Batch 1200 | Loss: 1.2575 | LR: 2.78e-04
2026-04-23 11:45:06,428 INFO Epoch 6 | Train: 1.3545 | Dev CER: 0.2850 | Dev WER: 0.7268 | Time: 183s | Peak: 7.8 GB
2026-04-23 11:45:06,428 INFO   New best CER: 0.2850
2026-04-23 11:45:09,232 INFO Epoch 7 | Batch 0 | Loss: 1.4800 | LR: 2.77e-04
2026-04-23 11:45:16,372 INFO Epoch 7 | Batch 50 | Loss: 1.4957 | LR: 2.77e-04
2026-04-23 11:45:23,686 INFO Epoch 7 | Batch 100 | Loss: 1.2251 | LR: 2.77e-04
2026-04-23 11:45:30,782 INFO Epoch 7 | Batch 150 | Loss: 1.3890 | LR: 2.76e-04
2026-04-23 11:45:37,894 INFO Epoch 7 | Batch 200 | Loss: 1.1666 | LR: 2.76e-04
2026-04-23 11:45:45,040 INFO Epoch 7 | Batch 250 | Loss: 1.3446 | LR: 2.76e-04
2026-04-23 11:45:52,104 INFO Epoch 7 | Batch 300 | Loss: 1.1710 | LR: 2.75e-04
2026-04-23 11:45:59,348 INFO Epoch 7 | Batch 350 | Loss: 1.4730 | LR: 2.75e-04
2026-04-23 11:46:06,656 INFO Epoch 7 | Batch 400 | Loss: 1.1780 | LR: 2.74e-04
2026-04-23 11:46:14,102 INFO Epoch 7 | Batch 450 | Loss: 1.4493 | LR: 2.74e-04
2026-04-23 11:46:21,488 INFO Epoch 7 | Batch 500 | Loss: 1.4629 | LR: 2.74e-04
2026-04-23 11:46:28,769 INFO Epoch 7 | Batch 550 | Loss: 1.1463 | LR: 2.73e-04
2026-04-23 11:46:36,064 INFO Epoch 7 | Batch 600 | Loss: 1.2977 | LR: 2.73e-04
2026-04-23 11:46:43,257 INFO Epoch 7 | Batch 650 | Loss: 1.4434 | LR: 2.73e-04
2026-04-23 11:46:50,573 INFO Epoch 7 | Batch 700 | Loss: 1.3587 | LR: 2.72e-04
2026-04-23 11:46:57,560 INFO Epoch 7 | Batch 750 | Loss: 1.4352 | LR: 2.72e-04
2026-04-23 11:47:04,611 INFO Epoch 7 | Batch 800 | Loss: 1.6341 | LR: 2.71e-04
2026-04-23 11:47:11,755 INFO Epoch 7 | Batch 850 | Loss: 1.4780 | LR: 2.71e-04
2026-04-23 11:47:19,131 INFO Epoch 7 | Batch 900 | Loss: 1.2400 | LR: 2.71e-04
2026-04-23 11:47:26,306 INFO Epoch 7 | Batch 950 | Loss: 1.1643 | LR: 2.70e-04
2026-04-23 11:47:33,518 INFO Epoch 7 | Batch 1000 | Loss: 1.1118 | LR: 2.70e-04
2026-04-23 11:47:40,717 INFO Epoch 7 | Batch 1050 | Loss: 1.4653 | LR: 2.69e-04
2026-04-23 11:47:47,778 INFO Epoch 7 | Batch 1100 | Loss: 1.6507 | LR: 2.69e-04
2026-04-23 11:47:54,740 INFO Epoch 7 | Batch 1150 | Loss: 1.2038 | LR: 2.69e-04
2026-04-23 11:48:02,030 INFO Epoch 7 | Batch 1200 | Loss: 0.9261 | LR: 2.68e-04
2026-04-23 11:48:22,578 INFO Epoch 7 | Train: 1.2903 | Dev CER: 0.2701 | Dev WER: 0.6965 | Time: 196s | Peak: 7.8 GB
2026-04-23 11:48:22,578 INFO   New best CER: 0.2701
2026-04-23 11:48:25,978 INFO Epoch 8 | Batch 0 | Loss: 1.1598 | LR: 2.68e-04
2026-04-23 11:48:33,513 INFO Epoch 8 | Batch 50 | Loss: 1.2888 | LR: 2.68e-04
2026-04-23 11:48:40,919 INFO Epoch 8 | Batch 100 | Loss: 1.2893 | LR: 2.67e-04
2026-04-23 11:48:48,436 INFO Epoch 8 | Batch 150 | Loss: 1.4316 | LR: 2.67e-04
2026-04-23 11:48:55,879 INFO Epoch 8 | Batch 200 | Loss: 1.2411 | LR: 2.66e-04
2026-04-23 11:49:03,332 INFO Epoch 8 | Batch 250 | Loss: 1.4193 | LR: 2.66e-04
2026-04-23 11:49:10,847 INFO Epoch 8 | Batch 300 | Loss: 1.1889 | LR: 2.66e-04
2026-04-23 11:49:17,959 INFO Epoch 8 | Batch 350 | Loss: 1.4579 | LR: 2.65e-04
2026-04-23 11:49:25,427 INFO Epoch 8 | Batch 400 | Loss: 1.0558 | LR: 2.65e-04
2026-04-23 11:49:31,390 INFO Epoch 8 | Batch 450 | Loss: 1.3669 | LR: 2.64e-04
2026-04-23 11:49:37,347 INFO Epoch 8 | Batch 500 | Loss: 1.1716 | LR: 2.64e-04
2026-04-23 11:49:44,593 INFO Epoch 8 | Batch 550 | Loss: 1.2196 | LR: 2.63e-04
2026-04-23 11:49:51,915 INFO Epoch 8 | Batch 600 | Loss: 1.0760 | LR: 2.63e-04
2026-04-23 11:49:59,197 INFO Epoch 8 | Batch 650 | Loss: 1.1581 | LR: 2.63e-04
2026-04-23 11:50:06,599 INFO Epoch 8 | Batch 700 | Loss: 1.0635 | LR: 2.62e-04
2026-04-23 11:50:13,889 INFO Epoch 8 | Batch 750 | Loss: 1.0295 | LR: 2.62e-04
2026-04-23 11:50:21,173 INFO Epoch 8 | Batch 800 | Loss: 1.2241 | LR: 2.61e-04
2026-04-23 11:50:28,618 INFO Epoch 8 | Batch 850 | Loss: 0.9737 | LR: 2.61e-04
2026-04-23 11:50:35,951 INFO Epoch 8 | Batch 900 | Loss: 1.3269 | LR: 2.60e-04
2026-04-23 11:50:43,338 INFO Epoch 8 | Batch 950 | Loss: 1.2687 | LR: 2.60e-04
2026-04-23 11:50:50,649 INFO Epoch 8 | Batch 1000 | Loss: 1.0848 | LR: 2.60e-04
2026-04-23 11:50:57,906 INFO Epoch 8 | Batch 1050 | Loss: 1.1306 | LR: 2.59e-04
2026-04-23 11:51:05,139 INFO Epoch 8 | Batch 1100 | Loss: 1.1252 | LR: 2.59e-04
2026-04-23 11:51:12,491 INFO Epoch 8 | Batch 1150 | Loss: 1.0790 | LR: 2.58e-04
2026-04-23 11:51:19,911 INFO Epoch 8 | Batch 1200 | Loss: 1.0769 | LR: 2.58e-04
2026-04-23 11:51:36,739 INFO Epoch 8 | Train: 1.2260 | Dev CER: 0.2573 | Dev WER: 0.6756 | Time: 194s | Peak: 7.8 GB
2026-04-23 11:51:36,739 INFO   New best CER: 0.2573
2026-04-23 11:51:39,736 INFO Epoch 9 | Batch 0 | Loss: 1.1391 | LR: 2.57e-04
2026-04-23 11:51:47,113 INFO Epoch 9 | Batch 50 | Loss: 1.2225 | LR: 2.57e-04
2026-04-23 11:51:54,810 INFO Epoch 9 | Batch 100 | Loss: 1.1321 | LR: 2.56e-04
2026-04-23 11:52:02,139 INFO Epoch 9 | Batch 150 | Loss: 1.2656 | LR: 2.56e-04
2026-04-23 11:52:09,331 INFO Epoch 9 | Batch 200 | Loss: 1.1488 | LR: 2.56e-04
2026-04-23 11:52:16,494 INFO Epoch 9 | Batch 250 | Loss: 1.2667 | LR: 2.55e-04
2026-04-23 11:52:23,574 INFO Epoch 9 | Batch 300 | Loss: 1.1007 | LR: 2.55e-04
2026-04-23 11:52:30,722 INFO Epoch 9 | Batch 350 | Loss: 1.3555 | LR: 2.54e-04
2026-04-23 11:52:38,102 INFO Epoch 9 | Batch 400 | Loss: 1.1029 | LR: 2.54e-04
2026-04-23 11:52:45,322 INFO Epoch 9 | Batch 450 | Loss: 0.9896 | LR: 2.53e-04
2026-04-23 11:52:52,402 INFO Epoch 9 | Batch 500 | Loss: 1.0285 | LR: 2.53e-04
2026-04-23 11:52:59,630 INFO Epoch 9 | Batch 550 | Loss: 0.9843 | LR: 2.52e-04
2026-04-23 11:53:06,898 INFO Epoch 9 | Batch 600 | Loss: 1.1072 | LR: 2.52e-04
2026-04-23 11:53:14,292 INFO Epoch 9 | Batch 650 | Loss: 1.2666 | LR: 2.51e-04
2026-04-23 11:53:21,593 INFO Epoch 9 | Batch 700 | Loss: 0.9700 | LR: 2.51e-04
2026-04-23 11:53:28,849 INFO Epoch 9 | Batch 750 | Loss: 1.1464 | LR: 2.50e-04
2026-04-23 11:53:36,236 INFO Epoch 9 | Batch 800 | Loss: 1.2123 | LR: 2.50e-04
2026-04-23 11:53:43,410 INFO Epoch 9 | Batch 850 | Loss: 1.2737 | LR: 2.49e-04
2026-04-23 11:53:50,723 INFO Epoch 9 | Batch 900 | Loss: 1.3557 | LR: 2.49e-04
2026-04-23 11:53:58,087 INFO Epoch 9 | Batch 950 | Loss: 1.1762 | LR: 2.48e-04
2026-04-23 11:54:05,507 INFO Epoch 9 | Batch 1000 | Loss: 1.1547 | LR: 2.48e-04
2026-04-23 11:54:12,714 INFO Epoch 9 | Batch 1050 | Loss: 1.3321 | LR: 2.47e-04
2026-04-23 11:54:19,995 INFO Epoch 9 | Batch 1100 | Loss: 1.0118 | LR: 2.47e-04
2026-04-23 11:54:27,106 INFO Epoch 9 | Batch 1150 | Loss: 0.9919 | LR: 2.46e-04
2026-04-23 11:54:34,358 INFO Epoch 9 | Batch 1200 | Loss: 1.1591 | LR: 2.46e-04
2026-04-23 11:54:54,476 INFO Epoch 9 | Train: 1.1849 | Dev CER: 0.2470 | Dev WER: 0.6601 | Time: 197s | Peak: 7.8 GB
2026-04-23 11:54:54,476 INFO   New best CER: 0.2470
2026-04-23 11:54:57,852 INFO Epoch 10 | Batch 0 | Loss: 1.1321 | LR: 2.46e-04
2026-04-23 11:55:04,919 INFO Epoch 10 | Batch 50 | Loss: 1.1893 | LR: 2.45e-04
2026-04-23 11:55:10,616 INFO Epoch 10 | Batch 100 | Loss: 1.0750 | LR: 2.45e-04
2026-04-23 11:55:17,978 INFO Epoch 10 | Batch 150 | Loss: 1.1377 | LR: 2.44e-04
2026-04-23 11:55:25,290 INFO Epoch 10 | Batch 200 | Loss: 1.1411 | LR: 2.44e-04
2026-04-23 11:55:32,533 INFO Epoch 10 | Batch 250 | Loss: 1.0131 | LR: 2.43e-04
2026-04-23 11:55:39,940 INFO Epoch 10 | Batch 300 | Loss: 1.0206 | LR: 2.43e-04
2026-04-23 11:55:47,365 INFO Epoch 10 | Batch 350 | Loss: 0.9756 | LR: 2.42e-04
2026-04-23 11:55:54,612 INFO Epoch 10 | Batch 400 | Loss: 0.8480 | LR: 2.41e-04
2026-04-23 11:56:01,984 INFO Epoch 10 | Batch 450 | Loss: 1.2373 | LR: 2.41e-04
2026-04-23 11:56:09,304 INFO Epoch 10 | Batch 500 | Loss: 0.9648 | LR: 2.40e-04
2026-04-23 11:56:16,628 INFO Epoch 10 | Batch 550 | Loss: 1.1087 | LR: 2.40e-04
2026-04-23 11:56:24,014 INFO Epoch 10 | Batch 600 | Loss: 1.2021 | LR: 2.39e-04
2026-04-23 11:56:31,178 INFO Epoch 10 | Batch 650 | Loss: 1.1400 | LR: 2.39e-04
2026-04-23 11:56:38,618 INFO Epoch 10 | Batch 700 | Loss: 1.6210 | LR: 2.38e-04
2026-04-23 11:56:45,892 INFO Epoch 10 | Batch 750 | Loss: 0.8317 | LR: 2.38e-04
2026-04-23 11:56:53,305 INFO Epoch 10 | Batch 800 | Loss: 1.6943 | LR: 2.37e-04
2026-04-23 11:57:00,512 INFO Epoch 10 | Batch 850 | Loss: 0.9403 | LR: 2.37e-04
2026-04-23 11:57:07,704 INFO Epoch 10 | Batch 900 | Loss: 0.9510 | LR: 2.36e-04
2026-04-23 11:57:15,179 INFO Epoch 10 | Batch 950 | Loss: 1.0392 | LR: 2.36e-04
2026-04-23 11:57:22,389 INFO Epoch 10 | Batch 1000 | Loss: 1.0397 | LR: 2.35e-04
2026-04-23 11:57:29,599 INFO Epoch 10 | Batch 1050 | Loss: 1.0478 | LR: 2.35e-04
2026-04-23 11:57:36,858 INFO Epoch 10 | Batch 1100 | Loss: 0.9442 | LR: 2.34e-04
2026-04-23 11:57:44,145 INFO Epoch 10 | Batch 1150 | Loss: 1.0292 | LR: 2.34e-04
2026-04-23 11:57:51,377 INFO Epoch 10 | Batch 1200 | Loss: 1.0446 | LR: 2.33e-04
2026-04-23 11:58:11,213 INFO Epoch 10 | Train: 1.1354 | Dev CER: 0.2339 | Dev WER: 0.6284 | Time: 196s | Peak: 7.8 GB
2026-04-23 11:58:11,213 INFO   New best CER: 0.2339
2026-04-23 11:58:14,365 INFO Epoch 11 | Batch 0 | Loss: 1.1250 | LR: 2.33e-04
2026-04-23 11:58:21,747 INFO Epoch 11 | Batch 50 | Loss: 1.0544 | LR: 2.32e-04
2026-04-23 11:58:29,049 INFO Epoch 11 | Batch 100 | Loss: 0.8221 | LR: 2.32e-04
2026-04-23 11:58:36,412 INFO Epoch 11 | Batch 150 | Loss: 0.8706 | LR: 2.31e-04
2026-04-23 11:58:43,774 INFO Epoch 11 | Batch 200 | Loss: 1.3824 | LR: 2.30e-04
2026-04-23 11:58:51,006 INFO Epoch 11 | Batch 250 | Loss: 1.1937 | LR: 2.30e-04
2026-04-23 11:58:58,561 INFO Epoch 11 | Batch 300 | Loss: 1.2401 | LR: 2.29e-04
2026-04-23 11:59:05,810 INFO Epoch 11 | Batch 350 | Loss: 1.2433 | LR: 2.29e-04
2026-04-23 11:59:12,912 INFO Epoch 11 | Batch 400 | Loss: 0.7599 | LR: 2.28e-04
2026-04-23 11:59:20,188 INFO Epoch 11 | Batch 450 | Loss: 0.8783 | LR: 2.28e-04
2026-04-23 11:59:27,321 INFO Epoch 11 | Batch 500 | Loss: 1.1114 | LR: 2.27e-04
2026-04-23 11:59:34,713 INFO Epoch 11 | Batch 550 | Loss: 1.1295 | LR: 2.27e-04
2026-04-23 11:59:42,004 INFO Epoch 11 | Batch 600 | Loss: 1.0945 | LR: 2.26e-04
2026-04-23 11:59:49,072 INFO Epoch 11 | Batch 650 | Loss: 1.4288 | LR: 2.25e-04
2026-04-23 11:59:56,209 INFO Epoch 11 | Batch 700 | Loss: 1.0972 | LR: 2.25e-04
2026-04-23 12:00:03,353 INFO Epoch 11 | Batch 750 | Loss: 1.0330 | LR: 2.24e-04
2026-04-23 12:00:10,411 INFO Epoch 11 | Batch 800 | Loss: 1.2172 | LR: 2.24e-04
2026-04-23 12:00:17,529 INFO Epoch 11 | Batch 850 | Loss: 1.0604 | LR: 2.23e-04
2026-04-23 12:00:24,796 INFO Epoch 11 | Batch 900 | Loss: 1.0236 | LR: 2.23e-04
2026-04-23 12:00:32,130 INFO Epoch 11 | Batch 950 | Loss: 0.7736 | LR: 2.22e-04
2026-04-23 12:00:39,620 INFO Epoch 11 | Batch 1000 | Loss: 0.9333 | LR: 2.21e-04
2026-04-23 12:00:47,210 INFO Epoch 11 | Batch 1050 | Loss: 1.1331 | LR: 2.21e-04
2026-04-23 12:00:54,469 INFO Epoch 11 | Batch 1100 | Loss: 1.0260 | LR: 2.20e-04
2026-04-23 12:01:01,770 INFO Epoch 11 | Batch 1150 | Loss: 1.1438 | LR: 2.20e-04
2026-04-23 12:01:09,197 INFO Epoch 11 | Batch 1200 | Loss: 0.8964 | LR: 2.19e-04
2026-04-23 12:01:26,497 INFO Epoch 11 | Train: 1.0986 | Dev CER: 0.2255 | Dev WER: 0.6133 | Time: 195s | Peak: 7.8 GB
2026-04-23 12:01:26,497 INFO   New best CER: 0.2255
2026-04-23 12:01:29,380 INFO Epoch 12 | Batch 0 | Loss: 1.0067 | LR: 2.19e-04
2026-04-23 12:01:36,826 INFO Epoch 12 | Batch 50 | Loss: 1.9987 | LR: 2.18e-04
2026-04-23 12:01:44,355 INFO Epoch 12 | Batch 100 | Loss: 1.6520 | LR: 2.18e-04
2026-04-23 12:01:51,899 INFO Epoch 12 | Batch 150 | Loss: 1.0480 | LR: 2.17e-04
2026-04-23 12:01:59,179 INFO Epoch 12 | Batch 200 | Loss: 0.8038 | LR: 2.16e-04
2026-04-23 12:02:06,386 INFO Epoch 12 | Batch 250 | Loss: 1.0022 | LR: 2.16e-04
2026-04-23 12:02:13,630 INFO Epoch 12 | Batch 300 | Loss: 0.8243 | LR: 2.15e-04
2026-04-23 12:02:20,922 INFO Epoch 12 | Batch 350 | Loss: 1.2275 | LR: 2.15e-04
2026-04-23 12:02:28,114 INFO Epoch 12 | Batch 400 | Loss: 1.0800 | LR: 2.14e-04
2026-04-23 12:02:35,466 INFO Epoch 12 | Batch 450 | Loss: 0.9625 | LR: 2.13e-04
2026-04-23 12:02:42,824 INFO Epoch 12 | Batch 500 | Loss: 0.9008 | LR: 2.13e-04
2026-04-23 12:02:50,116 INFO Epoch 12 | Batch 550 | Loss: 1.2877 | LR: 2.12e-04
2026-04-23 12:02:57,504 INFO Epoch 12 | Batch 600 | Loss: 1.0329 | LR: 2.12e-04
2026-04-23 12:03:04,726 INFO Epoch 12 | Batch 650 | Loss: 1.1591 | LR: 2.11e-04
2026-04-23 12:03:12,162 INFO Epoch 12 | Batch 700 | Loss: 1.0923 | LR: 2.11e-04
2026-04-23 12:03:19,453 INFO Epoch 12 | Batch 750 | Loss: 0.7689 | LR: 2.10e-04
2026-04-23 12:03:26,886 INFO Epoch 12 | Batch 800 | Loss: 0.9648 | LR: 2.09e-04
2026-04-23 12:03:33,211 INFO Epoch 12 | Batch 850 | Loss: 1.0173 | LR: 2.09e-04
2026-04-23 12:03:39,156 INFO Epoch 12 | Batch 900 | Loss: 1.1924 | LR: 2.08e-04
2026-04-23 12:03:45,335 INFO Epoch 12 | Batch 950 | Loss: 1.2392 | LR: 2.08e-04
2026-04-23 12:03:51,237 INFO Epoch 12 | Batch 1000 | Loss: 1.2230 | LR: 2.07e-04
2026-04-23 12:03:57,231 INFO Epoch 12 | Batch 1050 | Loss: 1.1110 | LR: 2.06e-04
2026-04-23 12:04:03,023 INFO Epoch 12 | Batch 1100 | Loss: 0.9744 | LR: 2.06e-04
2026-04-23 12:04:08,889 INFO Epoch 12 | Batch 1150 | Loss: 1.0422 | LR: 2.05e-04
2026-04-23 12:04:14,790 INFO Epoch 12 | Batch 1200 | Loss: 1.2338 | LR: 2.04e-04
2026-04-23 12:04:32,876 INFO Epoch 12 | Train: 1.0757 | Dev CER: 0.2161 | Dev WER: 0.5955 | Time: 186s | Peak: 7.8 GB
2026-04-23 12:04:32,877 INFO   New best CER: 0.2161
2026-04-23 12:04:36,042 INFO Epoch 13 | Batch 0 | Loss: 1.0648 | LR: 2.04e-04
2026-04-23 12:04:43,360 INFO Epoch 13 | Batch 50 | Loss: 0.8470 | LR: 2.03e-04
2026-04-23 12:04:50,693 INFO Epoch 13 | Batch 100 | Loss: 0.8682 | LR: 2.03e-04
2026-04-23 12:04:57,979 INFO Epoch 13 | Batch 150 | Loss: 0.8698 | LR: 2.02e-04
2026-04-23 12:05:05,341 INFO Epoch 13 | Batch 200 | Loss: 0.9032 | LR: 2.02e-04
2026-04-23 12:05:12,569 INFO Epoch 13 | Batch 250 | Loss: 1.0759 | LR: 2.01e-04
2026-04-23 12:05:19,690 INFO Epoch 13 | Batch 300 | Loss: 0.9302 | LR: 2.00e-04
2026-04-23 12:05:26,951 INFO Epoch 13 | Batch 350 | Loss: 1.1690 | LR: 2.00e-04
2026-04-23 12:05:34,254 INFO Epoch 13 | Batch 400 | Loss: 1.0273 | LR: 1.99e-04
2026-04-23 12:05:41,643 INFO Epoch 13 | Batch 450 | Loss: 1.0106 | LR: 1.99e-04
2026-04-23 12:05:49,052 INFO Epoch 13 | Batch 500 | Loss: 0.8830 | LR: 1.98e-04
2026-04-23 12:05:56,239 INFO Epoch 13 | Batch 550 | Loss: 0.8822 | LR: 1.97e-04
2026-04-23 12:06:03,619 INFO Epoch 13 | Batch 600 | Loss: 0.9226 | LR: 1.97e-04
2026-04-23 12:06:10,933 INFO Epoch 13 | Batch 650 | Loss: 1.1091 | LR: 1.96e-04
2026-04-23 12:06:18,386 INFO Epoch 13 | Batch 700 | Loss: 1.0871 | LR: 1.95e-04
2026-04-23 12:06:25,739 INFO Epoch 13 | Batch 750 | Loss: 1.0730 | LR: 1.95e-04
2026-04-23 12:06:33,070 INFO Epoch 13 | Batch 800 | Loss: 0.9363 | LR: 1.94e-04
2026-04-23 12:06:40,276 INFO Epoch 13 | Batch 850 | Loss: 1.3798 | LR: 1.94e-04
2026-04-23 12:06:47,498 INFO Epoch 13 | Batch 900 | Loss: 1.1298 | LR: 1.93e-04
2026-04-23 12:06:54,879 INFO Epoch 13 | Batch 950 | Loss: 1.0257 | LR: 1.92e-04
2026-04-23 12:07:01,963 INFO Epoch 13 | Batch 1000 | Loss: 0.9559 | LR: 1.92e-04
2026-04-23 12:07:09,283 INFO Epoch 13 | Batch 1050 | Loss: 0.8554 | LR: 1.91e-04
2026-04-23 12:07:16,615 INFO Epoch 13 | Batch 1100 | Loss: 1.5146 | LR: 1.90e-04
2026-04-23 12:07:23,988 INFO Epoch 13 | Batch 1150 | Loss: 1.1243 | LR: 1.90e-04
2026-04-23 12:07:31,426 INFO Epoch 13 | Batch 1200 | Loss: 1.3854 | LR: 1.89e-04
2026-04-23 12:07:47,061 INFO Epoch 13 | Train: 1.0409 | Dev CER: 0.2138 | Dev WER: 0.5884 | Time: 194s | Peak: 7.8 GB
2026-04-23 12:07:47,061 INFO   New best CER: 0.2138
2026-04-23 12:07:50,061 INFO Epoch 14 | Batch 0 | Loss: 1.0608 | LR: 1.89e-04
2026-04-23 12:07:57,300 INFO Epoch 14 | Batch 50 | Loss: 1.2253 | LR: 1.88e-04
2026-04-23 12:08:04,561 INFO Epoch 14 | Batch 100 | Loss: 0.9283 | LR: 1.87e-04
2026-04-23 12:08:11,911 INFO Epoch 14 | Batch 150 | Loss: 0.9296 | LR: 1.87e-04
2026-04-23 12:08:19,414 INFO Epoch 14 | Batch 200 | Loss: 1.0053 | LR: 1.86e-04
2026-04-23 12:08:26,824 INFO Epoch 14 | Batch 250 | Loss: 1.1179 | LR: 1.86e-04
2026-04-23 12:08:34,170 INFO Epoch 14 | Batch 300 | Loss: 0.8782 | LR: 1.85e-04
2026-04-23 12:08:41,427 INFO Epoch 14 | Batch 350 | Loss: 1.0732 | LR: 1.84e-04
2026-04-23 12:08:48,686 INFO Epoch 14 | Batch 400 | Loss: 1.0267 | LR: 1.84e-04
2026-04-23 12:08:55,987 INFO Epoch 14 | Batch 450 | Loss: 1.1085 | LR: 1.83e-04
2026-04-23 12:09:03,429 INFO Epoch 14 | Batch 500 | Loss: 1.0421 | LR: 1.82e-04
2026-04-23 12:09:10,745 INFO Epoch 14 | Batch 550 | Loss: 1.0830 | LR: 1.82e-04
2026-04-23 12:09:17,896 INFO Epoch 14 | Batch 600 | Loss: 1.1959 | LR: 1.81e-04
2026-04-23 12:09:25,203 INFO Epoch 14 | Batch 650 | Loss: 0.9086 | LR: 1.81e-04
2026-04-23 12:09:32,664 INFO Epoch 14 | Batch 700 | Loss: 1.0514 | LR: 1.80e-04
2026-04-23 12:09:40,061 INFO Epoch 14 | Batch 750 | Loss: 0.8911 | LR: 1.79e-04
2026-04-23 12:09:47,473 INFO Epoch 14 | Batch 800 | Loss: 0.9976 | LR: 1.79e-04
2026-04-23 12:09:54,919 INFO Epoch 14 | Batch 850 | Loss: 0.9294 | LR: 1.78e-04
2026-04-23 12:10:02,489 INFO Epoch 14 | Batch 900 | Loss: 1.0125 | LR: 1.77e-04
2026-04-23 12:10:09,773 INFO Epoch 14 | Batch 950 | Loss: 1.0465 | LR: 1.77e-04
2026-04-23 12:10:17,214 INFO Epoch 14 | Batch 1000 | Loss: 0.8633 | LR: 1.76e-04
2026-04-23 12:10:24,582 INFO Epoch 14 | Batch 1050 | Loss: 1.1096 | LR: 1.75e-04
2026-04-23 12:10:31,605 INFO Epoch 14 | Batch 1100 | Loss: 0.8635 | LR: 1.75e-04
2026-04-23 12:10:38,848 INFO Epoch 14 | Batch 1150 | Loss: 1.0128 | LR: 1.74e-04
2026-04-23 12:10:46,026 INFO Epoch 14 | Batch 1200 | Loss: 1.0234 | LR: 1.73e-04
2026-04-23 12:11:04,863 INFO Epoch 14 | Train: 1.0240 | Dev CER: 0.2055 | Dev WER: 0.5717 | Time: 197s | Peak: 7.8 GB
2026-04-23 12:11:04,863 INFO   New best CER: 0.2055
2026-04-23 12:11:07,981 INFO Epoch 15 | Batch 0 | Loss: 0.8987 | LR: 1.73e-04
2026-04-23 12:11:15,494 INFO Epoch 15 | Batch 50 | Loss: 0.9922 | LR: 1.72e-04
2026-04-23 12:11:23,107 INFO Epoch 15 | Batch 100 | Loss: 0.8293 | LR: 1.72e-04
2026-04-23 12:11:30,432 INFO Epoch 15 | Batch 150 | Loss: 0.8839 | LR: 1.71e-04
2026-04-23 12:11:37,846 INFO Epoch 15 | Batch 200 | Loss: 1.0816 | LR: 1.70e-04
2026-04-23 12:11:45,044 INFO Epoch 15 | Batch 250 | Loss: 0.8721 | LR: 1.70e-04
2026-04-23 12:11:52,341 INFO Epoch 15 | Batch 300 | Loss: 1.0250 | LR: 1.69e-04
2026-04-23 12:11:59,591 INFO Epoch 15 | Batch 350 | Loss: 0.8599 | LR: 1.68e-04
2026-04-23 12:12:06,847 INFO Epoch 15 | Batch 400 | Loss: 0.8808 | LR: 1.68e-04
2026-04-23 12:12:14,120 INFO Epoch 15 | Batch 450 | Loss: 0.7923 | LR: 1.67e-04
2026-04-23 12:12:21,421 INFO Epoch 15 | Batch 500 | Loss: 1.1114 | LR: 1.67e-04
2026-04-23 12:12:28,604 INFO Epoch 15 | Batch 550 | Loss: 0.8624 | LR: 1.66e-04
2026-04-23 12:12:36,021 INFO Epoch 15 | Batch 600 | Loss: 0.8261 | LR: 1.65e-04
2026-04-23 12:12:43,416 INFO Epoch 15 | Batch 650 | Loss: 0.7828 | LR: 1.65e-04
2026-04-23 12:12:50,790 INFO Epoch 15 | Batch 700 | Loss: 0.9726 | LR: 1.64e-04
2026-04-23 12:12:58,110 INFO Epoch 15 | Batch 750 | Loss: 0.9942 | LR: 1.63e-04
2026-04-23 12:13:05,390 INFO Epoch 15 | Batch 800 | Loss: 0.9931 | LR: 1.63e-04
2026-04-23 12:13:12,766 INFO Epoch 15 | Batch 850 | Loss: 0.8372 | LR: 1.62e-04
2026-04-23 12:13:20,114 INFO Epoch 15 | Batch 900 | Loss: 1.1092 | LR: 1.61e-04
2026-04-23 12:13:27,395 INFO Epoch 15 | Batch 950 | Loss: 1.0137 | LR: 1.61e-04
2026-04-23 12:13:34,825 INFO Epoch 15 | Batch 1000 | Loss: 0.9207 | LR: 1.60e-04
2026-04-23 12:13:42,241 INFO Epoch 15 | Batch 1050 | Loss: 0.9116 | LR: 1.59e-04
2026-04-23 12:13:49,562 INFO Epoch 15 | Batch 1100 | Loss: 1.0130 | LR: 1.59e-04
2026-04-23 12:13:56,816 INFO Epoch 15 | Batch 1150 | Loss: 1.0351 | LR: 1.58e-04
2026-04-23 12:14:04,208 INFO Epoch 15 | Batch 1200 | Loss: 1.1157 | LR: 1.57e-04
2026-04-23 12:14:20,683 INFO Epoch 15 | Train: 1.0002 | Dev CER: 0.2017 | Dev WER: 0.5637 | Time: 195s | Peak: 7.8 GB
2026-04-23 12:14:20,683 INFO   New best CER: 0.2017
2026-04-23 12:14:23,843 INFO Epoch 16 | Batch 0 | Loss: 0.9320 | LR: 1.57e-04
2026-04-23 12:14:30,980 INFO Epoch 16 | Batch 50 | Loss: 0.8902 | LR: 1.56e-04
2026-04-23 12:14:38,260 INFO Epoch 16 | Batch 100 | Loss: 1.1324 | LR: 1.56e-04
2026-04-23 12:14:45,390 INFO Epoch 16 | Batch 150 | Loss: 0.8519 | LR: 1.55e-04
2026-04-23 12:14:52,825 INFO Epoch 16 | Batch 200 | Loss: 0.7425 | LR: 1.54e-04
2026-04-23 12:15:00,351 INFO Epoch 16 | Batch 250 | Loss: 1.0057 | LR: 1.54e-04
2026-04-23 12:15:07,646 INFO Epoch 16 | Batch 300 | Loss: 1.0881 | LR: 1.53e-04
2026-04-23 12:15:14,941 INFO Epoch 16 | Batch 350 | Loss: 0.9082 | LR: 1.52e-04
2026-04-23 12:15:22,064 INFO Epoch 16 | Batch 400 | Loss: 0.8294 | LR: 1.52e-04
2026-04-23 12:15:29,300 INFO Epoch 16 | Batch 450 | Loss: 0.9098 | LR: 1.51e-04
2026-04-23 12:15:36,555 INFO Epoch 16 | Batch 500 | Loss: 0.9653 | LR: 1.50e-04
2026-04-23 12:15:43,829 INFO Epoch 16 | Batch 550 | Loss: 0.8260 | LR: 1.50e-04
2026-04-23 12:15:51,076 INFO Epoch 16 | Batch 600 | Loss: 1.0248 | LR: 1.49e-04
2026-04-23 12:15:58,411 INFO Epoch 16 | Batch 650 | Loss: 0.9551 | LR: 1.49e-04
2026-04-23 12:16:05,731 INFO Epoch 16 | Batch 700 | Loss: 1.1783 | LR: 1.48e-04
2026-04-23 12:16:13,174 INFO Epoch 16 | Batch 750 | Loss: 1.0630 | LR: 1.47e-04
2026-04-23 12:16:20,531 INFO Epoch 16 | Batch 800 | Loss: 0.8776 | LR: 1.47e-04
2026-04-23 12:16:27,718 INFO Epoch 16 | Batch 850 | Loss: 0.8018 | LR: 1.46e-04
2026-04-23 12:16:34,912 INFO Epoch 16 | Batch 900 | Loss: 1.2379 | LR: 1.45e-04
2026-04-23 12:16:42,094 INFO Epoch 16 | Batch 950 | Loss: 0.8295 | LR: 1.45e-04
2026-04-23 12:16:49,526 INFO Epoch 16 | Batch 1000 | Loss: 0.8999 | LR: 1.44e-04
2026-04-23 12:16:56,999 INFO Epoch 16 | Batch 1050 | Loss: 0.8850 | LR: 1.43e-04
2026-04-23 12:17:04,175 INFO Epoch 16 | Batch 1100 | Loss: 0.9128 | LR: 1.43e-04
2026-04-23 12:17:11,475 INFO Epoch 16 | Batch 1150 | Loss: 0.8952 | LR: 1.42e-04
2026-04-23 12:17:18,624 INFO Epoch 16 | Batch 1200 | Loss: 0.8406 | LR: 1.41e-04
2026-04-23 12:17:37,150 INFO Epoch 16 | Train: 0.9816 | Dev CER: 0.1982 | Dev WER: 0.5569 | Time: 196s | Peak: 7.8 GB
2026-04-23 12:17:37,150 INFO   New best CER: 0.1982
2026-04-23 12:17:40,127 INFO Epoch 17 | Batch 0 | Loss: 0.7913 | LR: 1.41e-04
2026-04-23 12:17:47,503 INFO Epoch 17 | Batch 50 | Loss: 1.0960 | LR: 1.40e-04
2026-04-23 12:17:54,934 INFO Epoch 17 | Batch 100 | Loss: 0.9334 | LR: 1.40e-04
2026-04-23 12:18:02,352 INFO Epoch 17 | Batch 150 | Loss: 0.9826 | LR: 1.39e-04
2026-04-23 12:18:09,585 INFO Epoch 17 | Batch 200 | Loss: 0.9537 | LR: 1.38e-04
2026-04-23 12:18:16,997 INFO Epoch 17 | Batch 250 | Loss: 0.8195 | LR: 1.38e-04
2026-04-23 12:18:24,305 INFO Epoch 17 | Batch 300 | Loss: 0.9614 | LR: 1.37e-04
2026-04-23 12:18:31,721 INFO Epoch 17 | Batch 350 | Loss: 0.7796 | LR: 1.36e-04
2026-04-23 12:18:39,140 INFO Epoch 17 | Batch 400 | Loss: 0.9342 | LR: 1.36e-04
2026-04-23 12:18:46,607 INFO Epoch 17 | Batch 450 | Loss: 1.1130 | LR: 1.35e-04
2026-04-23 12:18:53,873 INFO Epoch 17 | Batch 500 | Loss: 1.0238 | LR: 1.34e-04
2026-04-23 12:19:01,083 INFO Epoch 17 | Batch 550 | Loss: 0.9394 | LR: 1.34e-04
2026-04-23 12:19:08,268 INFO Epoch 17 | Batch 600 | Loss: 0.8233 | LR: 1.33e-04
2026-04-23 12:19:15,578 INFO Epoch 17 | Batch 650 | Loss: 0.9839 | LR: 1.32e-04
2026-04-23 12:19:22,744 INFO Epoch 17 | Batch 700 | Loss: 0.8638 | LR: 1.32e-04
2026-04-23 12:19:30,003 INFO Epoch 17 | Batch 750 | Loss: 0.9014 | LR: 1.31e-04
2026-04-23 12:19:37,274 INFO Epoch 17 | Batch 800 | Loss: 0.8608 | LR: 1.31e-04
2026-04-23 12:19:44,441 INFO Epoch 17 | Batch 850 | Loss: 1.0417 | LR: 1.30e-04
2026-04-23 12:19:51,782 INFO Epoch 17 | Batch 900 | Loss: 0.7611 | LR: 1.29e-04
2026-04-23 12:19:58,887 INFO Epoch 17 | Batch 950 | Loss: 0.9744 | LR: 1.29e-04
2026-04-23 12:20:06,077 INFO Epoch 17 | Batch 1000 | Loss: 0.9919 | LR: 1.28e-04
2026-04-23 12:20:13,415 INFO Epoch 17 | Batch 1050 | Loss: 0.8521 | LR: 1.27e-04
2026-04-23 12:20:20,644 INFO Epoch 17 | Batch 1100 | Loss: 0.8289 | LR: 1.27e-04
2026-04-23 12:20:27,881 INFO Epoch 17 | Batch 1150 | Loss: 1.0738 | LR: 1.26e-04
2026-04-23 12:20:34,967 INFO Epoch 17 | Batch 1200 | Loss: 0.9871 | LR: 1.25e-04
2026-04-23 12:20:55,336 INFO Epoch 17 | Train: 0.9620 | Dev CER: 0.1933 | Dev WER: 0.5478 | Time: 198s | Peak: 7.8 GB
2026-04-23 12:20:55,336 INFO   New best CER: 0.1933
2026-04-23 12:20:58,904 INFO Epoch 18 | Batch 0 | Loss: 1.2188 | LR: 1.25e-04
2026-04-23 12:21:06,296 INFO Epoch 18 | Batch 50 | Loss: 0.8361 | LR: 1.24e-04
2026-04-23 12:21:13,760 INFO Epoch 18 | Batch 100 | Loss: 0.8772 | LR: 1.24e-04
2026-04-23 12:21:21,418 INFO Epoch 18 | Batch 150 | Loss: 1.0759 | LR: 1.23e-04
2026-04-23 12:21:28,761 INFO Epoch 18 | Batch 200 | Loss: 1.1658 | LR: 1.22e-04
2026-04-23 12:21:36,244 INFO Epoch 18 | Batch 250 | Loss: 0.7841 | LR: 1.22e-04
2026-04-23 12:21:43,550 INFO Epoch 18 | Batch 300 | Loss: 0.8283 | LR: 1.21e-04
2026-04-23 12:21:51,247 INFO Epoch 18 | Batch 350 | Loss: 0.7393 | LR: 1.20e-04
2026-04-23 12:21:58,752 INFO Epoch 18 | Batch 400 | Loss: 0.9376 | LR: 1.20e-04
2026-04-23 12:22:06,443 INFO Epoch 18 | Batch 450 | Loss: 0.8421 | LR: 1.19e-04
2026-04-23 12:22:14,022 INFO Epoch 18 | Batch 500 | Loss: 0.7976 | LR: 1.19e-04
2026-04-23 12:22:21,594 INFO Epoch 18 | Batch 550 | Loss: 0.7527 | LR: 1.18e-04
2026-04-23 12:22:29,246 INFO Epoch 18 | Batch 600 | Loss: 0.6408 | LR: 1.17e-04
2026-04-23 12:22:36,814 INFO Epoch 18 | Batch 650 | Loss: 1.2564 | LR: 1.17e-04
2026-04-23 12:22:44,465 INFO Epoch 18 | Batch 700 | Loss: 0.8129 | LR: 1.16e-04
2026-04-23 12:22:52,077 INFO Epoch 18 | Batch 750 | Loss: 0.8838 | LR: 1.15e-04
2026-04-23 12:22:59,400 INFO Epoch 18 | Batch 800 | Loss: 1.1302 | LR: 1.15e-04
2026-04-23 12:23:06,921 INFO Epoch 18 | Batch 850 | Loss: 1.0623 | LR: 1.14e-04
2026-04-23 12:23:14,269 INFO Epoch 18 | Batch 900 | Loss: 0.8080 | LR: 1.13e-04
2026-04-23 12:23:21,632 INFO Epoch 18 | Batch 950 | Loss: 0.9569 | LR: 1.13e-04
2026-04-23 12:23:28,737 INFO Epoch 18 | Batch 1000 | Loss: 0.9616 | LR: 1.12e-04
2026-04-23 12:23:36,534 INFO Epoch 18 | Batch 1050 | Loss: 0.9931 | LR: 1.12e-04
2026-04-23 12:23:44,130 INFO Epoch 18 | Batch 1100 | Loss: 1.0881 | LR: 1.11e-04
2026-04-23 12:23:51,542 INFO Epoch 18 | Batch 1150 | Loss: 1.3757 | LR: 1.10e-04
2026-04-23 12:23:59,116 INFO Epoch 18 | Batch 1200 | Loss: 0.8563 | LR: 1.10e-04
2026-04-23 12:24:17,721 INFO Epoch 18 | Train: 0.9415 | Dev CER: 0.1898 | Dev WER: 0.5393 | Time: 202s | Peak: 7.8 GB
2026-04-23 12:24:17,721 INFO   New best CER: 0.1898
2026-04-23 12:24:21,138 INFO Epoch 19 | Batch 0 | Loss: 1.1170 | LR: 1.09e-04
2026-04-23 12:24:28,439 INFO Epoch 19 | Batch 50 | Loss: 0.7009 | LR: 1.09e-04
2026-04-23 12:24:35,939 INFO Epoch 19 | Batch 100 | Loss: 0.9028 | LR: 1.08e-04
2026-04-23 12:24:43,331 INFO Epoch 19 | Batch 150 | Loss: 0.6291 | LR: 1.07e-04
2026-04-23 12:24:50,712 INFO Epoch 19 | Batch 200 | Loss: 0.7984 | LR: 1.07e-04
2026-04-23 12:24:58,125 INFO Epoch 19 | Batch 250 | Loss: 0.9066 | LR: 1.06e-04
2026-04-23 12:25:05,507 INFO Epoch 19 | Batch 300 | Loss: 0.9623 | LR: 1.06e-04
2026-04-23 12:25:12,900 INFO Epoch 19 | Batch 350 | Loss: 1.1963 | LR: 1.05e-04
2026-04-23 12:25:20,310 INFO Epoch 19 | Batch 400 | Loss: 0.9801 | LR: 1.04e-04
2026-04-23 12:25:27,867 INFO Epoch 19 | Batch 450 | Loss: 1.0978 | LR: 1.04e-04
2026-04-23 12:25:35,394 INFO Epoch 19 | Batch 500 | Loss: 1.2430 | LR: 1.03e-04
2026-04-23 12:25:42,792 INFO Epoch 19 | Batch 550 | Loss: 0.9178 | LR: 1.02e-04
2026-04-23 12:25:50,199 INFO Epoch 19 | Batch 600 | Loss: 0.8603 | LR: 1.02e-04
2026-04-23 12:25:57,627 INFO Epoch 19 | Batch 650 | Loss: 1.1998 | LR: 1.01e-04
2026-04-23 12:26:05,130 INFO Epoch 19 | Batch 700 | Loss: 0.8515 | LR: 1.01e-04
2026-04-23 12:26:12,551 INFO Epoch 19 | Batch 750 | Loss: 1.1801 | LR: 1.00e-04
2026-04-23 12:26:19,925 INFO Epoch 19 | Batch 800 | Loss: 0.7937 | LR: 9.94e-05
2026-04-23 12:26:27,358 INFO Epoch 19 | Batch 850 | Loss: 0.9879 | LR: 9.88e-05
2026-04-23 12:26:34,584 INFO Epoch 19 | Batch 900 | Loss: 0.8853 | LR: 9.81e-05
2026-04-23 12:26:41,918 INFO Epoch 19 | Batch 950 | Loss: 0.8537 | LR: 9.75e-05
2026-04-23 12:26:49,176 INFO Epoch 19 | Batch 1000 | Loss: 0.8866 | LR: 9.69e-05
2026-04-23 12:26:56,459 INFO Epoch 19 | Batch 1050 | Loss: 0.8277 | LR: 9.63e-05
2026-04-23 12:27:03,579 INFO Epoch 19 | Batch 1100 | Loss: 0.8950 | LR: 9.57e-05
2026-04-23 12:27:10,794 INFO Epoch 19 | Batch 1150 | Loss: 1.1445 | LR: 9.51e-05
2026-04-23 12:27:18,195 INFO Epoch 19 | Batch 1200 | Loss: 0.7508 | LR: 9.45e-05
2026-04-23 12:27:34,838 INFO Epoch 19 | Train: 0.9312 | Dev CER: 0.1870 | Dev WER: 0.5313 | Time: 197s | Peak: 7.8 GB
2026-04-23 12:27:34,838 INFO   New best CER: 0.1870
2026-04-23 12:27:37,851 INFO Epoch 20 | Batch 0 | Loss: 0.7144 | LR: 9.41e-05
2026-04-23 12:27:45,199 INFO Epoch 20 | Batch 50 | Loss: 0.8342 | LR: 9.35e-05
2026-04-23 12:27:52,244 INFO Epoch 20 | Batch 100 | Loss: 0.6160 | LR: 9.29e-05
2026-04-23 12:27:59,710 INFO Epoch 20 | Batch 150 | Loss: 1.0163 | LR: 9.23e-05
2026-04-23 12:28:07,016 INFO Epoch 20 | Batch 200 | Loss: 0.8725 | LR: 9.17e-05
2026-04-23 12:28:14,306 INFO Epoch 20 | Batch 250 | Loss: 0.9839 | LR: 9.11e-05
2026-04-23 12:28:21,588 INFO Epoch 20 | Batch 300 | Loss: 0.6895 | LR: 9.05e-05
2026-04-23 12:28:28,811 INFO Epoch 20 | Batch 350 | Loss: 1.0109 | LR: 8.99e-05
2026-04-23 12:28:36,265 INFO Epoch 20 | Batch 400 | Loss: 0.9471 | LR: 8.93e-05
2026-04-23 12:28:43,763 INFO Epoch 20 | Batch 450 | Loss: 0.9168 | LR: 8.87e-05
2026-04-23 12:28:51,259 INFO Epoch 20 | Batch 500 | Loss: 0.8555 | LR: 8.81e-05
2026-04-23 12:28:58,517 INFO Epoch 20 | Batch 550 | Loss: 0.7748 | LR: 8.75e-05
2026-04-23 12:29:05,767 INFO Epoch 20 | Batch 600 | Loss: 1.3832 | LR: 8.69e-05
2026-04-23 12:29:13,139 INFO Epoch 20 | Batch 650 | Loss: 0.7938 | LR: 8.63e-05
2026-04-23 12:29:20,490 INFO Epoch 20 | Batch 700 | Loss: 1.2024 | LR: 8.57e-05
2026-04-23 12:29:27,833 INFO Epoch 20 | Batch 750 | Loss: 0.8033 | LR: 8.52e-05
2026-04-23 12:29:35,147 INFO Epoch 20 | Batch 800 | Loss: 1.0659 | LR: 8.46e-05
2026-04-23 12:29:42,260 INFO Epoch 20 | Batch 850 | Loss: 0.8838 | LR: 8.40e-05
2026-04-23 12:29:49,468 INFO Epoch 20 | Batch 900 | Loss: 0.7650 | LR: 8.34e-05
2026-04-23 12:29:56,629 INFO Epoch 20 | Batch 950 | Loss: 0.8381 | LR: 8.28e-05
2026-04-23 12:30:03,763 INFO Epoch 20 | Batch 1000 | Loss: 1.1307 | LR: 8.22e-05
2026-04-23 12:30:11,178 INFO Epoch 20 | Batch 1050 | Loss: 0.9016 | LR: 8.17e-05
2026-04-23 12:30:18,638 INFO Epoch 20 | Batch 1100 | Loss: 1.2146 | LR: 8.11e-05
2026-04-23 12:30:26,044 INFO Epoch 20 | Batch 1150 | Loss: 1.1489 | LR: 8.05e-05
2026-04-23 12:30:33,280 INFO Epoch 20 | Batch 1200 | Loss: 0.6610 | LR: 7.99e-05
2026-04-23 12:30:50,195 INFO Epoch 20 | Train: 0.9225 | Dev CER: 0.1843 | Dev WER: 0.5261 | Time: 195s | Peak: 7.8 GB
2026-04-23 12:30:50,195 INFO   New best CER: 0.1843
2026-04-23 12:30:53,278 INFO Epoch 21 | Batch 0 | Loss: 0.9482 | LR: 7.95e-05
2026-04-23 12:31:00,777 INFO Epoch 21 | Batch 50 | Loss: 0.9377 | LR: 7.90e-05
2026-04-23 12:31:08,146 INFO Epoch 21 | Batch 100 | Loss: 0.9847 | LR: 7.84e-05
2026-04-23 12:31:15,648 INFO Epoch 21 | Batch 150 | Loss: 0.8096 | LR: 7.78e-05
2026-04-23 12:31:22,970 INFO Epoch 21 | Batch 200 | Loss: 0.7413 | LR: 7.72e-05
2026-04-23 12:31:30,271 INFO Epoch 21 | Batch 250 | Loss: 0.8622 | LR: 7.67e-05
2026-04-23 12:31:37,671 INFO Epoch 21 | Batch 300 | Loss: 0.8297 | LR: 7.61e-05
2026-04-23 12:31:45,018 INFO Epoch 21 | Batch 350 | Loss: 0.7064 | LR: 7.56e-05
2026-04-23 12:31:52,649 INFO Epoch 21 | Batch 400 | Loss: 0.8311 | LR: 7.50e-05
2026-04-23 12:32:00,257 INFO Epoch 21 | Batch 450 | Loss: 0.7201 | LR: 7.44e-05
2026-04-23 12:32:07,545 INFO Epoch 21 | Batch 500 | Loss: 1.0301 | LR: 7.39e-05
2026-04-23 12:32:14,780 INFO Epoch 21 | Batch 550 | Loss: 0.8436 | LR: 7.33e-05
2026-04-23 12:32:22,051 INFO Epoch 21 | Batch 600 | Loss: 0.7699 | LR: 7.28e-05
2026-04-23 12:32:29,415 INFO Epoch 21 | Batch 650 | Loss: 1.0135 | LR: 7.22e-05
2026-04-23 12:32:36,683 INFO Epoch 21 | Batch 700 | Loss: 1.1955 | LR: 7.16e-05
2026-04-23 12:32:44,001 INFO Epoch 21 | Batch 750 | Loss: 0.7780 | LR: 7.11e-05
2026-04-23 12:32:51,256 INFO Epoch 21 | Batch 800 | Loss: 1.1027 | LR: 7.05e-05
2026-04-23 12:32:58,608 INFO Epoch 21 | Batch 850 | Loss: 0.7388 | LR: 7.00e-05
2026-04-23 12:33:05,836 INFO Epoch 21 | Batch 900 | Loss: 1.2046 | LR: 6.94e-05
2026-04-23 12:33:13,158 INFO Epoch 21 | Batch 950 | Loss: 0.7948 | LR: 6.89e-05
2026-04-23 12:33:20,455 INFO Epoch 21 | Batch 1000 | Loss: 0.6239 | LR: 6.84e-05
2026-04-23 12:33:27,654 INFO Epoch 21 | Batch 1050 | Loss: 0.8580 | LR: 6.78e-05
2026-04-23 12:33:34,975 INFO Epoch 21 | Batch 1100 | Loss: 0.8927 | LR: 6.73e-05
2026-04-23 12:33:42,397 INFO Epoch 21 | Batch 1150 | Loss: 0.9013 | LR: 6.67e-05
2026-04-23 12:33:49,704 INFO Epoch 21 | Batch 1200 | Loss: 1.2194 | LR: 6.62e-05
2026-04-23 12:34:08,157 INFO Epoch 21 | Train: 0.9047 | Dev CER: 0.1819 | Dev WER: 0.5231 | Time: 197s | Peak: 7.8 GB
2026-04-23 12:34:08,157 INFO   New best CER: 0.1819
2026-04-23 12:34:11,448 INFO Epoch 22 | Batch 0 | Loss: 1.1473 | LR: 6.58e-05
2026-04-23 12:34:18,580 INFO Epoch 22 | Batch 50 | Loss: 0.7082 | LR: 6.53e-05
2026-04-23 12:34:25,654 INFO Epoch 22 | Batch 100 | Loss: 0.7097 | LR: 6.47e-05
2026-04-23 12:34:33,126 INFO Epoch 22 | Batch 150 | Loss: 1.1795 | LR: 6.42e-05
2026-04-23 12:34:40,511 INFO Epoch 22 | Batch 200 | Loss: 0.9947 | LR: 6.37e-05
2026-04-23 12:34:47,767 INFO Epoch 22 | Batch 250 | Loss: 0.7551 | LR: 6.31e-05
2026-04-23 12:34:54,963 INFO Epoch 22 | Batch 300 | Loss: 0.9582 | LR: 6.26e-05
2026-04-23 12:35:02,404 INFO Epoch 22 | Batch 350 | Loss: 1.0469 | LR: 6.21e-05
2026-04-23 12:35:09,817 INFO Epoch 22 | Batch 400 | Loss: 0.7976 | LR: 6.16e-05
2026-04-23 12:35:17,042 INFO Epoch 22 | Batch 450 | Loss: 0.7344 | LR: 6.10e-05
2026-04-23 12:35:24,193 INFO Epoch 22 | Batch 500 | Loss: 0.6703 | LR: 6.05e-05
2026-04-23 12:35:31,376 INFO Epoch 22 | Batch 550 | Loss: 0.8612 | LR: 6.00e-05
2026-04-23 12:35:38,601 INFO Epoch 22 | Batch 600 | Loss: 0.9244 | LR: 5.95e-05
2026-04-23 12:35:46,026 INFO Epoch 22 | Batch 650 | Loss: 0.9780 | LR: 5.90e-05
2026-04-23 12:35:53,125 INFO Epoch 22 | Batch 700 | Loss: 0.7062 | LR: 5.85e-05
2026-04-23 12:36:00,337 INFO Epoch 22 | Batch 750 | Loss: 0.9424 | LR: 5.79e-05
2026-04-23 12:36:07,458 INFO Epoch 22 | Batch 800 | Loss: 0.9219 | LR: 5.74e-05
2026-04-23 12:36:14,201 INFO Epoch 22 | Batch 850 | Loss: 0.9268 | LR: 5.69e-05
2026-04-23 12:36:21,006 INFO Epoch 22 | Batch 900 | Loss: 1.0405 | LR: 5.64e-05
2026-04-23 12:36:27,542 INFO Epoch 22 | Batch 950 | Loss: 1.0329 | LR: 5.59e-05
2026-04-23 12:36:34,398 INFO Epoch 22 | Batch 1000 | Loss: 0.7144 | LR: 5.54e-05
2026-04-23 12:36:41,301 INFO Epoch 22 | Batch 1050 | Loss: 0.8084 | LR: 5.49e-05
2026-04-23 12:36:47,839 INFO Epoch 22 | Batch 1100 | Loss: 0.9008 | LR: 5.44e-05
2026-04-23 12:36:54,523 INFO Epoch 22 | Batch 1150 | Loss: 0.8407 | LR: 5.39e-05
2026-04-23 12:37:01,283 INFO Epoch 22 | Batch 1200 | Loss: 1.0506 | LR: 5.34e-05
2026-04-23 12:37:14,689 INFO Epoch 22 | Train: 0.8979 | Dev CER: 0.1807 | Dev WER: 0.5186 | Time: 186s | Peak: 7.8 GB
2026-04-23 12:37:14,689 INFO   New best CER: 0.1807
2026-04-23 12:37:17,682 INFO Epoch 23 | Batch 0 | Loss: 0.9464 | LR: 5.31e-05
2026-04-23 12:37:25,120 INFO Epoch 23 | Batch 50 | Loss: 0.9549 | LR: 5.26e-05
2026-04-23 12:37:32,471 INFO Epoch 23 | Batch 100 | Loss: 0.7685 | LR: 5.21e-05
2026-04-23 12:37:39,682 INFO Epoch 23 | Batch 150 | Loss: 0.9751 | LR: 5.16e-05
2026-04-23 12:37:47,080 INFO Epoch 23 | Batch 200 | Loss: 0.6574 | LR: 5.11e-05
2026-04-23 12:37:54,167 INFO Epoch 23 | Batch 250 | Loss: 1.0613 | LR: 5.06e-05
2026-04-23 12:38:01,623 INFO Epoch 23 | Batch 300 | Loss: 0.7473 | LR: 5.01e-05
2026-04-23 12:38:08,916 INFO Epoch 23 | Batch 350 | Loss: 0.9717 | LR: 4.97e-05
2026-04-23 12:38:16,215 INFO Epoch 23 | Batch 400 | Loss: 1.0522 | LR: 4.92e-05
2026-04-23 12:38:23,582 INFO Epoch 23 | Batch 450 | Loss: 0.6869 | LR: 4.87e-05
2026-04-23 12:38:30,698 INFO Epoch 23 | Batch 500 | Loss: 0.9785 | LR: 4.82e-05
2026-04-23 12:38:38,053 INFO Epoch 23 | Batch 550 | Loss: 0.9443 | LR: 4.77e-05
2026-04-23 12:38:45,534 INFO Epoch 23 | Batch 600 | Loss: 0.7879 | LR: 4.73e-05
2026-04-23 12:38:52,907 INFO Epoch 23 | Batch 650 | Loss: 1.2211 | LR: 4.68e-05
2026-04-23 12:39:00,022 INFO Epoch 23 | Batch 700 | Loss: 1.0426 | LR: 4.63e-05
2026-04-23 12:39:06,833 INFO Epoch 23 | Batch 750 | Loss: 1.2166 | LR: 4.59e-05
2026-04-23 12:39:13,234 INFO Epoch 23 | Batch 800 | Loss: 0.7171 | LR: 4.54e-05
2026-04-23 12:39:19,175 INFO Epoch 23 | Batch 850 | Loss: 0.8861 | LR: 4.49e-05
2026-04-23 12:39:25,693 INFO Epoch 23 | Batch 900 | Loss: 0.7002 | LR: 4.45e-05
2026-04-23 12:39:33,045 INFO Epoch 23 | Batch 950 | Loss: 0.9424 | LR: 4.40e-05
2026-04-23 12:39:40,519 INFO Epoch 23 | Batch 1000 | Loss: 0.9370 | LR: 4.36e-05
2026-04-23 12:39:47,756 INFO Epoch 23 | Batch 1050 | Loss: 0.7939 | LR: 4.31e-05
2026-04-23 12:39:55,069 INFO Epoch 23 | Batch 1100 | Loss: 0.7932 | LR: 4.27e-05
2026-04-23 12:40:02,437 INFO Epoch 23 | Batch 1150 | Loss: 0.7556 | LR: 4.22e-05
2026-04-23 12:40:09,793 INFO Epoch 23 | Batch 1200 | Loss: 0.8757 | LR: 4.18e-05
2026-04-23 12:40:28,510 INFO Epoch 23 | Train: 0.8798 | Dev CER: 0.1776 | Dev WER: 0.5113 | Time: 193s | Peak: 7.8 GB
2026-04-23 12:40:28,510 INFO   New best CER: 0.1776
2026-04-23 12:40:32,152 INFO Epoch 24 | Batch 0 | Loss: 0.7865 | LR: 4.14e-05
2026-04-23 12:40:39,553 INFO Epoch 24 | Batch 50 | Loss: 0.8321 | LR: 4.10e-05
2026-04-23 12:40:47,039 INFO Epoch 24 | Batch 100 | Loss: 0.8793 | LR: 4.06e-05
2026-04-23 12:40:54,413 INFO Epoch 24 | Batch 150 | Loss: 0.8962 | LR: 4.01e-05
2026-04-23 12:41:02,034 INFO Epoch 24 | Batch 200 | Loss: 0.8072 | LR: 3.97e-05
2026-04-23 12:41:09,294 INFO Epoch 24 | Batch 250 | Loss: 0.7148 | LR: 3.92e-05
2026-04-23 12:41:16,630 INFO Epoch 24 | Batch 300 | Loss: 0.7382 | LR: 3.88e-05
2026-04-23 12:41:23,890 INFO Epoch 24 | Batch 350 | Loss: 0.7328 | LR: 3.84e-05
2026-04-23 12:41:31,046 INFO Epoch 24 | Batch 400 | Loss: 0.6401 | LR: 3.80e-05
2026-04-23 12:41:38,137 INFO Epoch 24 | Batch 450 | Loss: 0.8269 | LR: 3.75e-05
2026-04-23 12:41:45,172 INFO Epoch 24 | Batch 500 | Loss: 0.9491 | LR: 3.71e-05
2026-04-23 12:41:52,272 INFO Epoch 24 | Batch 550 | Loss: 0.7565 | LR: 3.67e-05
2026-04-23 12:41:59,329 INFO Epoch 24 | Batch 600 | Loss: 1.0682 | LR: 3.63e-05
2026-04-23 12:42:06,599 INFO Epoch 24 | Batch 650 | Loss: 0.8455 | LR: 3.58e-05
2026-04-23 12:42:13,757 INFO Epoch 24 | Batch 700 | Loss: 0.9454 | LR: 3.54e-05
2026-04-23 12:42:20,859 INFO Epoch 24 | Batch 750 | Loss: 1.1569 | LR: 3.50e-05
2026-04-23 12:42:28,036 INFO Epoch 24 | Batch 800 | Loss: 0.9458 | LR: 3.46e-05
2026-04-23 12:42:35,393 INFO Epoch 24 | Batch 850 | Loss: 0.8322 | LR: 3.42e-05
2026-04-23 12:42:42,618 INFO Epoch 24 | Batch 900 | Loss: 0.8754 | LR: 3.38e-05
2026-04-23 12:42:49,675 INFO Epoch 24 | Batch 950 | Loss: 1.3156 | LR: 3.34e-05
2026-04-23 12:42:56,809 INFO Epoch 24 | Batch 1000 | Loss: 1.0693 | LR: 3.30e-05
2026-04-23 12:43:03,875 INFO Epoch 24 | Batch 1050 | Loss: 0.6877 | LR: 3.26e-05
2026-04-23 12:43:11,232 INFO Epoch 24 | Batch 1100 | Loss: 0.6658 | LR: 3.22e-05
2026-04-23 12:43:18,638 INFO Epoch 24 | Batch 1150 | Loss: 0.9497 | LR: 3.18e-05
2026-04-23 12:43:25,825 INFO Epoch 24 | Batch 1200 | Loss: 0.8820 | LR: 3.14e-05
2026-04-23 12:43:46,190 INFO Epoch 24 | Train: 0.8716 | Dev CER: 0.1769 | Dev WER: 0.5081 | Time: 197s | Peak: 7.8 GB
2026-04-23 12:43:46,190 INFO   New best CER: 0.1769
2026-04-23 12:43:49,827 INFO Epoch 25 | Batch 0 | Loss: 0.6728 | LR: 3.11e-05
2026-04-23 12:43:57,380 INFO Epoch 25 | Batch 50 | Loss: 1.1022 | LR: 3.07e-05
2026-04-23 12:44:04,818 INFO Epoch 25 | Batch 100 | Loss: 0.7583 | LR: 3.03e-05
2026-04-23 12:44:12,386 INFO Epoch 25 | Batch 150 | Loss: 0.8385 | LR: 2.99e-05
2026-04-23 12:44:19,893 INFO Epoch 25 | Batch 200 | Loss: 0.8616 | LR: 2.95e-05
2026-04-23 12:44:27,388 INFO Epoch 25 | Batch 250 | Loss: 1.2479 | LR: 2.92e-05
2026-04-23 12:44:34,879 INFO Epoch 25 | Batch 300 | Loss: 0.7590 | LR: 2.88e-05
2026-04-23 12:44:42,322 INFO Epoch 25 | Batch 350 | Loss: 0.9160 | LR: 2.84e-05
2026-04-23 12:44:49,720 INFO Epoch 25 | Batch 400 | Loss: 0.7252 | LR: 2.80e-05
2026-04-23 12:44:57,269 INFO Epoch 25 | Batch 450 | Loss: 0.8559 | LR: 2.77e-05
2026-04-23 12:45:04,841 INFO Epoch 25 | Batch 500 | Loss: 1.0095 | LR: 2.73e-05
2026-04-23 12:45:12,357 INFO Epoch 25 | Batch 550 | Loss: 0.9819 | LR: 2.69e-05
2026-04-23 12:45:19,699 INFO Epoch 25 | Batch 600 | Loss: 0.9398 | LR: 2.66e-05
2026-04-23 12:45:27,033 INFO Epoch 25 | Batch 650 | Loss: 0.7880 | LR: 2.62e-05
2026-04-23 12:45:34,469 INFO Epoch 25 | Batch 700 | Loss: 0.8647 | LR: 2.58e-05
2026-04-23 12:45:41,778 INFO Epoch 25 | Batch 750 | Loss: 0.8299 | LR: 2.55e-05
2026-04-23 12:45:49,265 INFO Epoch 25 | Batch 800 | Loss: 0.8633 | LR: 2.51e-05
2026-04-23 12:45:56,684 INFO Epoch 25 | Batch 850 | Loss: 0.8378 | LR: 2.48e-05
2026-04-23 12:46:04,068 INFO Epoch 25 | Batch 900 | Loss: 0.9170 | LR: 2.44e-05
2026-04-23 12:46:11,114 INFO Epoch 25 | Batch 950 | Loss: 1.0865 | LR: 2.41e-05
2026-04-23 12:46:18,259 INFO Epoch 25 | Batch 1000 | Loss: 0.7473 | LR: 2.37e-05
2026-04-23 12:46:25,558 INFO Epoch 25 | Batch 1050 | Loss: 0.7521 | LR: 2.34e-05
2026-04-23 12:46:32,800 INFO Epoch 25 | Batch 1100 | Loss: 1.0384 | LR: 2.30e-05
2026-04-23 12:46:40,072 INFO Epoch 25 | Batch 1150 | Loss: 0.5663 | LR: 2.27e-05
2026-04-23 12:46:47,359 INFO Epoch 25 | Batch 1200 | Loss: 0.9024 | LR: 2.24e-05
2026-04-23 12:47:06,386 INFO Epoch 25 | Train: 0.8650 | Dev CER: 0.1763 | Dev WER: 0.5070 | Time: 200s | Peak: 7.8 GB
2026-04-23 12:47:06,386 INFO   New best CER: 0.1763
2026-04-23 12:47:09,522 INFO Epoch 26 | Batch 0 | Loss: 0.7273 | LR: 2.21e-05
2026-04-23 12:47:16,945 INFO Epoch 26 | Batch 50 | Loss: 0.9736 | LR: 2.18e-05
2026-04-23 12:47:24,256 INFO Epoch 26 | Batch 100 | Loss: 0.7644 | LR: 2.15e-05
2026-04-23 12:47:31,610 INFO Epoch 26 | Batch 150 | Loss: 0.8101 | LR: 2.11e-05
2026-04-23 12:47:39,026 INFO Epoch 26 | Batch 200 | Loss: 0.6755 | LR: 2.08e-05
2026-04-23 12:47:46,346 INFO Epoch 26 | Batch 250 | Loss: 0.8491 | LR: 2.05e-05
2026-04-23 12:47:53,801 INFO Epoch 26 | Batch 300 | Loss: 0.7632 | LR: 2.02e-05
2026-04-23 12:48:01,168 INFO Epoch 26 | Batch 350 | Loss: 0.9869 | LR: 1.98e-05
2026-04-23 12:48:08,529 INFO Epoch 26 | Batch 400 | Loss: 0.9209 | LR: 1.95e-05
2026-04-23 12:48:16,073 INFO Epoch 26 | Batch 450 | Loss: 1.1137 | LR: 1.92e-05
2026-04-23 12:48:23,464 INFO Epoch 26 | Batch 500 | Loss: 0.5545 | LR: 1.89e-05
2026-04-23 12:48:30,859 INFO Epoch 26 | Batch 550 | Loss: 0.8860 | LR: 1.86e-05
2026-04-23 12:48:38,307 INFO Epoch 26 | Batch 600 | Loss: 0.7372 | LR: 1.83e-05
2026-04-23 12:48:45,658 INFO Epoch 26 | Batch 650 | Loss: 0.9423 | LR: 1.80e-05
2026-04-23 12:48:52,986 INFO Epoch 26 | Batch 700 | Loss: 0.9671 | LR: 1.77e-05
2026-04-23 12:49:00,375 INFO Epoch 26 | Batch 750 | Loss: 0.8917 | LR: 1.74e-05
2026-04-23 12:49:07,722 INFO Epoch 26 | Batch 800 | Loss: 0.8219 | LR: 1.71e-05
2026-04-23 12:49:15,094 INFO Epoch 26 | Batch 850 | Loss: 0.7706 | LR: 1.68e-05
2026-04-23 12:49:22,226 INFO Epoch 26 | Batch 900 | Loss: 0.7054 | LR: 1.65e-05
2026-04-23 12:49:29,397 INFO Epoch 26 | Batch 950 | Loss: 0.9060 | LR: 1.62e-05
2026-04-23 12:49:36,596 INFO Epoch 26 | Batch 1000 | Loss: 0.6042 | LR: 1.59e-05
2026-04-23 12:49:43,901 INFO Epoch 26 | Batch 1050 | Loss: 0.6904 | LR: 1.57e-05
2026-04-23 12:49:51,081 INFO Epoch 26 | Batch 1100 | Loss: 0.8979 | LR: 1.54e-05
2026-04-23 12:49:58,317 INFO Epoch 26 | Batch 1150 | Loss: 0.7503 | LR: 1.51e-05
2026-04-23 12:50:05,445 INFO Epoch 26 | Batch 1200 | Loss: 0.7172 | LR: 1.48e-05
2026-04-23 12:50:22,710 INFO Epoch 26 | Train: 0.8668 | Dev CER: 0.1759 | Dev WER: 0.5061 | Time: 196s | Peak: 7.8 GB
2026-04-23 12:50:22,710 INFO   New best CER: 0.1759
2026-04-23 12:50:25,875 INFO Epoch 27 | Batch 0 | Loss: 0.7301 | LR: 1.46e-05
2026-04-23 12:50:33,200 INFO Epoch 27 | Batch 50 | Loss: 0.8331 | LR: 1.44e-05
2026-04-23 12:50:40,415 INFO Epoch 27 | Batch 100 | Loss: 0.6646 | LR: 1.41e-05
2026-04-23 12:50:47,687 INFO Epoch 27 | Batch 150 | Loss: 1.0866 | LR: 1.38e-05
2026-04-23 12:50:54,938 INFO Epoch 27 | Batch 200 | Loss: 0.8111 | LR: 1.36e-05
2026-04-23 12:51:02,298 INFO Epoch 27 | Batch 250 | Loss: 0.8080 | LR: 1.33e-05
2026-04-23 12:51:09,383 INFO Epoch 27 | Batch 300 | Loss: 0.8006 | LR: 1.31e-05
2026-04-23 12:51:16,610 INFO Epoch 27 | Batch 350 | Loss: 1.0268 | LR: 1.28e-05
2026-04-23 12:51:23,799 INFO Epoch 27 | Batch 400 | Loss: 0.7751 | LR: 1.25e-05
2026-04-23 12:51:31,195 INFO Epoch 27 | Batch 450 | Loss: 1.0007 | LR: 1.23e-05
2026-04-23 12:51:38,534 INFO Epoch 27 | Batch 500 | Loss: 0.7083 | LR: 1.20e-05
2026-04-23 12:51:45,880 INFO Epoch 27 | Batch 550 | Loss: 1.0138 | LR: 1.18e-05
2026-04-23 12:51:53,137 INFO Epoch 27 | Batch 600 | Loss: 0.8803 | LR: 1.16e-05
2026-04-23 12:52:00,278 INFO Epoch 27 | Batch 650 | Loss: 0.7802 | LR: 1.13e-05
2026-04-23 12:52:07,375 INFO Epoch 27 | Batch 700 | Loss: 0.9137 | LR: 1.11e-05
2026-04-23 12:52:14,638 INFO Epoch 27 | Batch 750 | Loss: 0.9323 | LR: 1.09e-05
2026-04-23 12:52:21,852 INFO Epoch 27 | Batch 800 | Loss: 0.7825 | LR: 1.06e-05
2026-04-23 12:52:29,086 INFO Epoch 27 | Batch 850 | Loss: 0.9571 | LR: 1.04e-05
2026-04-23 12:52:36,233 INFO Epoch 27 | Batch 900 | Loss: 0.8341 | LR: 1.02e-05
2026-04-23 12:52:43,444 INFO Epoch 27 | Batch 950 | Loss: 1.0757 | LR: 9.95e-06
2026-04-23 12:52:50,570 INFO Epoch 27 | Batch 1000 | Loss: 0.7378 | LR: 9.72e-06
2026-04-23 12:52:57,737 INFO Epoch 27 | Batch 1050 | Loss: 0.6808 | LR: 9.51e-06
2026-04-23 12:53:04,866 INFO Epoch 27 | Batch 1100 | Loss: 0.5691 | LR: 9.29e-06
2026-04-23 12:53:12,020 INFO Epoch 27 | Batch 1150 | Loss: 0.7626 | LR: 9.08e-06
2026-04-23 12:53:19,329 INFO Epoch 27 | Batch 1200 | Loss: 0.8650 | LR: 8.87e-06
2026-04-23 12:53:34,494 INFO Epoch 27 | Train: 0.8609 | Dev CER: 0.1751 | Dev WER: 0.5062 | Time: 191s | Peak: 7.8 GB
2026-04-23 12:53:34,494 INFO   New best CER: 0.1751
2026-04-23 12:53:37,564 INFO Epoch 28 | Batch 0 | Loss: 0.7696 | LR: 8.72e-06
2026-04-23 12:53:44,842 INFO Epoch 28 | Batch 50 | Loss: 0.7576 | LR: 8.52e-06
2026-04-23 12:53:52,123 INFO Epoch 28 | Batch 100 | Loss: 0.8667 | LR: 8.31e-06
2026-04-23 12:53:59,496 INFO Epoch 28 | Batch 150 | Loss: 0.6967 | LR: 8.11e-06
2026-04-23 12:54:06,627 INFO Epoch 28 | Batch 200 | Loss: 0.8179 | LR: 7.92e-06
2026-04-23 12:54:13,964 INFO Epoch 28 | Batch 250 | Loss: 0.9360 | LR: 7.72e-06
2026-04-23 12:54:21,201 INFO Epoch 28 | Batch 300 | Loss: 0.9053 | LR: 7.53e-06
2026-04-23 12:54:28,422 INFO Epoch 28 | Batch 350 | Loss: 0.7456 | LR: 7.34e-06
2026-04-23 12:54:35,762 INFO Epoch 28 | Batch 400 | Loss: 0.7041 | LR: 7.16e-06
2026-04-23 12:54:43,268 INFO Epoch 28 | Batch 450 | Loss: 1.0732 | LR: 6.97e-06
2026-04-23 12:54:50,543 INFO Epoch 28 | Batch 500 | Loss: 0.8228 | LR: 6.79e-06
2026-04-23 12:54:57,824 INFO Epoch 28 | Batch 550 | Loss: 0.9383 | LR: 6.61e-06
2026-04-23 12:55:05,071 INFO Epoch 28 | Batch 600 | Loss: 1.0252 | LR: 6.44e-06
2026-04-23 12:55:12,188 INFO Epoch 28 | Batch 650 | Loss: 0.9097 | LR: 6.27e-06
2026-04-23 12:55:19,209 INFO Epoch 28 | Batch 700 | Loss: 0.8745 | LR: 6.10e-06
2026-04-23 12:55:26,435 INFO Epoch 28 | Batch 750 | Loss: 0.8365 | LR: 5.93e-06
2026-04-23 12:55:33,766 INFO Epoch 28 | Batch 800 | Loss: 0.9498 | LR: 5.76e-06
2026-04-23 12:55:40,940 INFO Epoch 28 | Batch 850 | Loss: 0.8764 | LR: 5.60e-06
2026-04-23 12:55:48,069 INFO Epoch 28 | Batch 900 | Loss: 0.7443 | LR: 5.44e-06
2026-04-23 12:55:55,231 INFO Epoch 28 | Batch 950 | Loss: 1.0110 | LR: 5.29e-06
2026-04-23 12:56:02,363 INFO Epoch 28 | Batch 1000 | Loss: 0.6999 | LR: 5.13e-06
2026-04-23 12:56:09,506 INFO Epoch 28 | Batch 1050 | Loss: 0.9608 | LR: 4.98e-06
2026-04-23 12:56:16,639 INFO Epoch 28 | Batch 1100 | Loss: 0.7704 | LR: 4.84e-06
2026-04-23 12:56:23,819 INFO Epoch 28 | Batch 1150 | Loss: 0.6791 | LR: 4.69e-06
2026-04-23 12:56:30,995 INFO Epoch 28 | Batch 1200 | Loss: 0.8485 | LR: 4.55e-06
2026-04-23 12:56:47,523 INFO Epoch 28 | Train: 0.8596 | Dev CER: 0.1747 | Dev WER: 0.5056 | Time: 193s | Peak: 7.8 GB
2026-04-23 12:56:47,523 INFO   New best CER: 0.1747
2026-04-23 12:56:50,583 INFO Epoch 29 | Batch 0 | Loss: 0.8237 | LR: 4.45e-06
2026-04-23 12:56:57,955 INFO Epoch 29 | Batch 50 | Loss: 1.0273 | LR: 4.31e-06
2026-04-23 12:57:04,986 INFO Epoch 29 | Batch 100 | Loss: 0.9127 | LR: 4.17e-06
2026-04-23 12:57:12,158 INFO Epoch 29 | Batch 150 | Loss: 0.6990 | LR: 4.04e-06
2026-04-23 12:57:19,320 INFO Epoch 29 | Batch 200 | Loss: 0.7910 | LR: 3.91e-06
2026-04-23 12:57:26,752 INFO Epoch 29 | Batch 250 | Loss: 0.8253 | LR: 3.79e-06
2026-04-23 12:57:33,984 INFO Epoch 29 | Batch 300 | Loss: 0.7985 | LR: 3.66e-06
2026-04-23 12:57:41,462 INFO Epoch 29 | Batch 350 | Loss: 0.8940 | LR: 3.54e-06
2026-04-23 12:57:48,708 INFO Epoch 29 | Batch 400 | Loss: 0.7479 | LR: 3.42e-06
2026-04-23 12:57:56,000 INFO Epoch 29 | Batch 450 | Loss: 0.7859 | LR: 3.31e-06
2026-04-23 12:58:03,155 INFO Epoch 29 | Batch 500 | Loss: 1.0974 | LR: 3.20e-06
2026-04-23 12:58:10,490 INFO Epoch 29 | Batch 550 | Loss: 0.6822 | LR: 3.09e-06
2026-04-23 12:58:17,938 INFO Epoch 29 | Batch 600 | Loss: 1.0210 | LR: 2.98e-06
2026-04-23 12:58:25,230 INFO Epoch 29 | Batch 650 | Loss: 0.9833 | LR: 2.88e-06
2026-04-23 12:58:32,384 INFO Epoch 29 | Batch 700 | Loss: 0.8831 | LR: 2.77e-06
2026-04-23 12:58:39,581 INFO Epoch 29 | Batch 750 | Loss: 0.5199 | LR: 2.68e-06
2026-04-23 12:58:46,978 INFO Epoch 29 | Batch 800 | Loss: 0.7968 | LR: 2.58e-06
2026-04-23 12:58:54,277 INFO Epoch 29 | Batch 850 | Loss: 0.6631 | LR: 2.49e-06
2026-04-23 12:59:01,580 INFO Epoch 29 | Batch 900 | Loss: 0.8804 | LR: 2.40e-06
2026-04-23 12:59:08,728 INFO Epoch 29 | Batch 950 | Loss: 0.8337 | LR: 2.31e-06
2026-04-23 12:59:16,113 INFO Epoch 29 | Batch 1000 | Loss: 0.9446 | LR: 2.22e-06
2026-04-23 12:59:23,566 INFO Epoch 29 | Batch 1050 | Loss: 0.8664 | LR: 2.14e-06
2026-04-23 12:59:30,874 INFO Epoch 29 | Batch 1100 | Loss: 0.7930 | LR: 2.06e-06
2026-04-23 12:59:38,224 INFO Epoch 29 | Batch 1150 | Loss: 0.8149 | LR: 1.99e-06
2026-04-23 12:59:45,492 INFO Epoch 29 | Batch 1200 | Loss: 0.6955 | LR: 1.91e-06
2026-04-23 13:00:04,897 INFO Epoch 29 | Train: 0.8543 | Dev CER: 0.1744 | Dev WER: 0.5054 | Time: 197s | Peak: 7.8 GB
2026-04-23 13:00:04,897 INFO   New best CER: 0.1744
2026-04-23 13:00:08,259 INFO Epoch 30 | Batch 0 | Loss: 0.9284 | LR: 1.86e-06
2026-04-23 13:00:15,450 INFO Epoch 30 | Batch 50 | Loss: 0.8855 | LR: 1.80e-06
2026-04-23 13:00:22,786 INFO Epoch 30 | Batch 100 | Loss: 0.7281 | LR: 1.73e-06
2026-04-23 13:00:30,228 INFO Epoch 30 | Batch 150 | Loss: 0.8211 | LR: 1.67e-06
2026-04-23 13:00:37,559 INFO Epoch 30 | Batch 200 | Loss: 0.6831 | LR: 1.61e-06
2026-04-23 13:00:44,700 INFO Epoch 30 | Batch 250 | Loss: 0.8197 | LR: 1.55e-06
2026-04-23 13:00:52,059 INFO Epoch 30 | Batch 300 | Loss: 0.6169 | LR: 1.50e-06
2026-04-23 13:00:59,367 INFO Epoch 30 | Batch 350 | Loss: 0.8354 | LR: 1.44e-06
2026-04-23 13:01:06,645 INFO Epoch 30 | Batch 400 | Loss: 0.7726 | LR: 1.39e-06
2026-04-23 13:01:13,951 INFO Epoch 30 | Batch 450 | Loss: 0.9541 | LR: 1.35e-06
2026-04-23 13:01:21,219 INFO Epoch 30 | Batch 500 | Loss: 0.6811 | LR: 1.31e-06
2026-04-23 13:01:28,458 INFO Epoch 30 | Batch 550 | Loss: 0.9342 | LR: 1.27e-06
2026-04-23 13:01:35,624 INFO Epoch 30 | Batch 600 | Loss: 0.8938 | LR: 1.23e-06
2026-04-23 13:01:42,744 INFO Epoch 30 | Batch 650 | Loss: 0.9754 | LR: 1.19e-06
2026-04-23 13:01:49,979 INFO Epoch 30 | Batch 700 | Loss: 0.9075 | LR: 1.16e-06
2026-04-23 13:01:57,112 INFO Epoch 30 | Batch 750 | Loss: 0.6345 | LR: 1.13e-06
2026-04-23 13:02:04,223 INFO Epoch 30 | Batch 800 | Loss: 0.7056 | LR: 1.11e-06
2026-04-23 13:02:11,320 INFO Epoch 30 | Batch 850 | Loss: 0.7579 | LR: 1.08e-06
2026-04-23 13:02:18,529 INFO Epoch 30 | Batch 900 | Loss: 0.7740 | LR: 1.06e-06
2026-04-23 13:02:25,960 INFO Epoch 30 | Batch 950 | Loss: 0.8988 | LR: 1.05e-06
2026-04-23 13:02:33,138 INFO Epoch 30 | Batch 1000 | Loss: 0.8826 | LR: 1.03e-06
2026-04-23 13:02:40,384 INFO Epoch 30 | Batch 1050 | Loss: 0.6537 | LR: 1.02e-06
2026-04-23 13:02:47,462 INFO Epoch 30 | Batch 1100 | Loss: 0.8864 | LR: 1.01e-06
2026-04-23 13:02:54,797 INFO Epoch 30 | Batch 1150 | Loss: 0.8147 | LR: 1.00e-06
2026-04-23 13:03:02,058 INFO Epoch 30 | Batch 1200 | Loss: 0.7523 | LR: 1.00e-06
2026-04-23 13:03:22,010 INFO Epoch 30 | Train: 0.8559 | Dev CER: 0.1745 | Dev WER: 0.5053 | Time: 197s | Peak: 7.8 GB
2026-04-23 13:04:13,761 INFO Done. Best dev CER: 0.1744 | Test CER: 0.1718
