2026-04-22 16:48:58,276 INFO src.training.train backbone=transformer_causal params=8M seq_len=64 K=16 Q=16 batch=32
2026-04-22 16:49:02,019 INFO src.training.train step=50 epoch=1 loss=8.6634 grad=0.780 lr=3.00e-04
2026-04-22 16:49:05,734 INFO src.training.train step=100 epoch=1 loss=8.4109 grad=0.735 lr=2.25e-04
2026-04-22 16:49:05,837 INFO src.training.train EVAL step=100 loss=8.4124 per_query_acc=0.0002 per_seq_acc=0.0000
2026-04-22 16:49:09,633 INFO src.training.train step=150 epoch=1 loss=8.3900 grad=0.742 lr=7.58e-05
2026-04-22 16:49:13,429 INFO src.training.train step=200 epoch=1 loss=8.3757 grad=0.734 lr=1.00e-06
2026-04-22 16:49:13,526 INFO src.training.train EVAL step=200 loss=8.3667 per_query_acc=0.0001 per_seq_acc=0.0000
2026-04-22 16:49:13,624 INFO src.training.train DONE: {
  "backbone": "transformer_causal",
  "seq_len": 64,
  "n_kv_pairs": 16,
  "n_queries": 16,
  "vocab_size": 8192,
  "n_parameters": 8548096,
  "steps_taken": 200,
  "epochs_taken": 1,
  "early_stopped": false,
  "best_per_seq_acc": 0.0,
  "best_per_query_acc": 0.000244140625,
  "best_step": 100,
  "final_per_seq_acc": 0.0,
  "final_per_query_acc": 0.0001220703125,
  "final_loss": 8.366678655147552,
  "wall_sec": 15.347872018814087,
  "seed": 42
}
2026-04-22 16:49:13,634 INFO debug_run ──────────────────────────────────────────────────────────────────────
2026-04-22 16:49:13,634 INFO debug_run SMOKE SUMMARY (total wall: 185 s)
2026-04-22 16:49:13,635 INFO debug_run ──────────────────────────────────────────────────────────────────────
2026-04-22 16:49:13,635 INFO debug_run   mamba                     OK         params=9.6M best_per_seq=0.000 final_per_query=0.000 loss=8.369
2026-04-22 16:49:13,635 INFO debug_run   mamba2                    OK         params=9.6M best_per_seq=0.000 final_per_query=0.000 loss=8.368
2026-04-22 16:49:13,635 INFO debug_run   rwkv6                     OK         params=10.0M best_per_seq=0.000 final_per_query=0.000 loss=8.378
2026-04-22 16:49:13,635 INFO debug_run   rwkv6_delta               OK         params=10.2M best_per_seq=0.000 final_per_query=0.000 loss=8.376
2026-04-22 16:49:13,635 INFO debug_run   rwkv6_lucid               OK         params=10.0M best_per_seq=0.000 final_per_query=0.000 loss=8.379
2026-04-22 16:49:13,635 INFO debug_run   transformer               OK         params=8.5M best_per_seq=0.000 final_per_query=0.000 loss=8.366
2026-04-22 16:49:13,635 INFO debug_run   transformer_causal        OK         params=8.5M best_per_seq=0.000 final_per_query=0.000 loss=8.367
2026-04-22 16:49:13,635 INFO debug_run summary written to /home/researcher/Master_Thesis_Exps/experiments/synthetics_v1/outputs/_smoke/_summary.json
2026-04-22 16:49:13,635 INFO debug_run SMOKE OK for all 7 backbones
