2026-04-22 13:25:23,781 INFO Loading LibriSpeech split=train.100 from HuggingFace...
2026-04-22 13:25:23,941 INFO HTTP Request: HEAD https://huggingface.co/datasets/openslr/librispeech_asr/resolve/main/README.md "HTTP/1.1 307 Temporary Redirect"
2026-04-22 13:25:23,953 INFO HTTP Request: HEAD https://huggingface.co/api/resolve-cache/datasets/openslr/librispeech_asr/71cacbfb7e2354c4226d01e70d77d5fca3d04ba1/README.md "HTTP/1.1 200 OK"
2026-04-22 13:25:24,077 INFO HTTP Request: HEAD https://huggingface.co/datasets/openslr/librispeech_asr/resolve/71cacbfb7e2354c4226d01e70d77d5fca3d04ba1/librispeech_asr.py "HTTP/1.1 404 Not Found"
2026-04-22 13:25:24,078 WARNING Warning: You are sending unauthenticated requests to the HF Hub. Please set a HF_TOKEN to enable higher rate limits and faster downloads.
2026-04-22 13:25:24,469 INFO HTTP Request: HEAD https://s3.amazonaws.com/datasets.huggingface.co/datasets/datasets/openslr/librispeech_asr/openslr/librispeech_asr.py "HTTP/1.1 404 Not Found"
2026-04-22 13:25:24,633 INFO HTTP Request: GET https://huggingface.co/api/datasets/openslr/librispeech_asr/revision/71cacbfb7e2354c4226d01e70d77d5fca3d04ba1 "HTTP/1.1 200 OK"
2026-04-22 13:25:24,777 INFO HTTP Request: HEAD https://huggingface.co/datasets/openslr/librispeech_asr/resolve/71cacbfb7e2354c4226d01e70d77d5fca3d04ba1/.huggingface.yaml "HTTP/1.1 404 Not Found"
2026-04-22 13:25:24,964 INFO HTTP Request: GET https://datasets-server.huggingface.co/info?dataset=openslr/librispeech_asr "HTTP/1.1 200 OK"
2026-04-22 13:25:25,095 INFO HTTP Request: GET https://huggingface.co/api/datasets/openslr/librispeech_asr/tree/71cacbfb7e2354c4226d01e70d77d5fca3d04ba1/clean%2Ftest?recursive=true&expand=false "HTTP/1.1 200 OK"
2026-04-22 13:25:25,223 INFO HTTP Request: GET https://huggingface.co/api/datasets/openslr/librispeech_asr/tree/71cacbfb7e2354c4226d01e70d77d5fca3d04ba1/clean?recursive=false&expand=false "HTTP/1.1 200 OK"
2026-04-22 13:25:25,359 INFO HTTP Request: GET https://huggingface.co/api/datasets/openslr/librispeech_asr/tree/71cacbfb7e2354c4226d01e70d77d5fca3d04ba1/clean%2Ftrain.100?recursive=true&expand=false "HTTP/1.1 200 OK"
2026-04-22 13:25:26,162 INFO HTTP Request: GET https://huggingface.co/api/datasets/openslr/librispeech_asr/tree/71cacbfb7e2354c4226d01e70d77d5fca3d04ba1/clean%2Ftrain.360?recursive=true&expand=false "HTTP/1.1 200 OK"
2026-04-22 13:25:26,314 INFO HTTP Request: GET https://huggingface.co/api/datasets/openslr/librispeech_asr/tree/71cacbfb7e2354c4226d01e70d77d5fca3d04ba1/clean%2Fvalidation?recursive=true&expand=false "HTTP/1.1 200 OK"
2026-04-22 13:25:26,443 INFO HTTP Request: HEAD https://huggingface.co/datasets/openslr/librispeech_asr/resolve/71cacbfb7e2354c4226d01e70d77d5fca3d04ba1/dataset_infos.json "HTTP/1.1 404 Not Found"
2026-04-22 13:26:44,544 INFO Loaded 28538 utterances from train.100 (skipped 1 outside [0.5s, 20.0s])
2026-04-22 13:26:44,596 INFO Loading LibriSpeech split=validation from HuggingFace...
2026-04-22 13:26:44,797 INFO HTTP Request: HEAD https://huggingface.co/datasets/openslr/librispeech_asr/resolve/main/README.md "HTTP/1.1 307 Temporary Redirect"
2026-04-22 13:26:44,816 INFO HTTP Request: HEAD https://huggingface.co/api/resolve-cache/datasets/openslr/librispeech_asr/71cacbfb7e2354c4226d01e70d77d5fca3d04ba1/README.md "HTTP/1.1 200 OK"
2026-04-22 13:26:44,958 INFO HTTP Request: HEAD https://huggingface.co/datasets/openslr/librispeech_asr/resolve/71cacbfb7e2354c4226d01e70d77d5fca3d04ba1/librispeech_asr.py "HTTP/1.1 404 Not Found"
2026-04-22 13:26:45,323 INFO HTTP Request: HEAD https://s3.amazonaws.com/datasets.huggingface.co/datasets/datasets/openslr/librispeech_asr/openslr/librispeech_asr.py "HTTP/1.1 404 Not Found"
2026-04-22 13:26:45,469 INFO HTTP Request: HEAD https://huggingface.co/datasets/openslr/librispeech_asr/resolve/71cacbfb7e2354c4226d01e70d77d5fca3d04ba1/.huggingface.yaml "HTTP/1.1 404 Not Found"
2026-04-22 13:26:45,655 INFO HTTP Request: GET https://datasets-server.huggingface.co/info?dataset=openslr/librispeech_asr "HTTP/1.1 200 OK"
2026-04-22 13:26:45,857 INFO HTTP Request: HEAD https://huggingface.co/datasets/openslr/librispeech_asr/resolve/71cacbfb7e2354c4226d01e70d77d5fca3d04ba1/dataset_infos.json "HTTP/1.1 404 Not Found"
2026-04-22 13:26:50,130 INFO Loaded 2642 utterances from validation (skipped 61 outside [0.5s, 20.0s])
2026-04-22 13:26:50,136 INFO Loading LibriSpeech split=test from HuggingFace...
2026-04-22 13:26:50,263 INFO HTTP Request: HEAD https://huggingface.co/datasets/openslr/librispeech_asr/resolve/main/README.md "HTTP/1.1 307 Temporary Redirect"
2026-04-22 13:26:50,283 INFO HTTP Request: HEAD https://huggingface.co/api/resolve-cache/datasets/openslr/librispeech_asr/71cacbfb7e2354c4226d01e70d77d5fca3d04ba1/README.md "HTTP/1.1 200 OK"
2026-04-22 13:26:50,415 INFO HTTP Request: HEAD https://huggingface.co/datasets/openslr/librispeech_asr/resolve/71cacbfb7e2354c4226d01e70d77d5fca3d04ba1/librispeech_asr.py "HTTP/1.1 404 Not Found"
2026-04-22 13:26:50,737 INFO HTTP Request: HEAD https://s3.amazonaws.com/datasets.huggingface.co/datasets/datasets/openslr/librispeech_asr/openslr/librispeech_asr.py "HTTP/1.1 404 Not Found"
2026-04-22 13:26:50,885 INFO HTTP Request: HEAD https://huggingface.co/datasets/openslr/librispeech_asr/resolve/71cacbfb7e2354c4226d01e70d77d5fca3d04ba1/.huggingface.yaml "HTTP/1.1 404 Not Found"
2026-04-22 13:26:51,041 INFO HTTP Request: GET https://datasets-server.huggingface.co/info?dataset=openslr/librispeech_asr "HTTP/1.1 200 OK"
2026-04-22 13:26:51,264 INFO HTTP Request: HEAD https://huggingface.co/datasets/openslr/librispeech_asr/resolve/71cacbfb7e2354c4226d01e70d77d5fca3d04ba1/dataset_infos.json "HTTP/1.1 404 Not Found"
2026-04-22 13:26:55,508 INFO Loaded 2528 utterances from test (skipped 92 outside [0.5s, 20.0s])
2026-04-22 13:26:55,764 INFO Backbone: rwkv6_qtail_lowrank_all_convshift_multidil_symmetric | Params: 7.80M
2026-04-22 13:26:55,764 INFO   Frontend: 1.90M | Encoder: 5.89M | Head: 8.0K
2026-04-22 13:26:59,446 INFO Epoch 1 | Batch 0 | Loss: 4.1529 | LR: 3.00e-07
2026-04-22 13:27:07,097 INFO Epoch 1 | Batch 50 | Loss: 2.9544 | LR: 1.53e-05
2026-04-22 13:27:14,577 INFO Epoch 1 | Batch 100 | Loss: 2.9240 | LR: 3.03e-05
2026-04-22 13:27:22,400 INFO Epoch 1 | Batch 150 | Loss: 2.8749 | LR: 4.53e-05
2026-04-22 13:27:29,613 INFO Epoch 1 | Batch 200 | Loss: 2.8435 | LR: 6.03e-05
2026-04-22 13:27:36,938 INFO Epoch 1 | Batch 250 | Loss: 2.8520 | LR: 7.53e-05
2026-04-22 13:27:44,188 INFO Epoch 1 | Batch 300 | Loss: 2.8450 | LR: 9.03e-05
2026-04-22 13:27:51,555 INFO Epoch 1 | Batch 350 | Loss: 2.8514 | LR: 1.05e-04
2026-04-22 13:27:58,930 INFO Epoch 1 | Batch 400 | Loss: 2.8806 | LR: 1.20e-04
2026-04-22 13:28:06,275 INFO Epoch 1 | Batch 450 | Loss: 2.7570 | LR: 1.35e-04
2026-04-22 13:28:13,295 INFO Epoch 1 | Batch 500 | Loss: 2.7022 | LR: 1.50e-04
2026-04-22 13:28:20,613 INFO Epoch 1 | Batch 550 | Loss: 2.6543 | LR: 1.65e-04
2026-04-22 13:28:27,946 INFO Epoch 1 | Batch 600 | Loss: 2.6622 | LR: 1.80e-04
2026-04-22 13:28:35,519 INFO Epoch 1 | Batch 650 | Loss: 2.5053 | LR: 1.95e-04
2026-04-22 13:28:42,858 INFO Epoch 1 | Batch 700 | Loss: 2.5094 | LR: 2.10e-04
2026-04-22 13:28:50,175 INFO Epoch 1 | Batch 750 | Loss: 2.4253 | LR: 2.25e-04
2026-04-22 13:28:57,229 INFO Epoch 1 | Batch 800 | Loss: 2.5993 | LR: 2.40e-04
2026-04-22 13:29:04,825 INFO Epoch 1 | Batch 850 | Loss: 2.3207 | LR: 2.55e-04
2026-04-22 13:29:11,871 INFO Epoch 1 | Batch 900 | Loss: 2.3522 | LR: 2.70e-04
2026-04-22 13:29:19,130 INFO Epoch 1 | Batch 950 | Loss: 2.2469 | LR: 2.85e-04
2026-04-22 13:29:25,938 INFO Epoch 1 | Batch 1000 | Loss: 2.0681 | LR: 3.00e-04
2026-04-22 13:29:33,074 INFO Epoch 1 | Batch 1050 | Loss: 2.1574 | LR: 3.00e-04
2026-04-22 13:29:40,367 INFO Epoch 1 | Batch 1100 | Loss: 2.2246 | LR: 3.00e-04
2026-04-22 13:29:47,706 INFO Epoch 1 | Batch 1150 | Loss: 2.3060 | LR: 3.00e-04
2026-04-22 13:29:55,078 INFO Epoch 1 | Batch 1200 | Loss: 2.1874 | LR: 3.00e-04
2026-04-22 13:30:11,569 INFO Epoch 1 | Train: 2.5762 | Dev CER: 0.5186 | Dev WER: 0.9991 | Time: 195s | Peak: 12.0 GB
2026-04-22 13:30:11,569 INFO   New best CER: 0.5186
2026-04-22 13:30:15,773 INFO Epoch 2 | Batch 0 | Loss: 1.9789 | LR: 3.00e-04
2026-04-22 13:30:23,659 INFO Epoch 2 | Batch 50 | Loss: 2.2642 | LR: 3.00e-04
2026-04-22 13:30:30,864 INFO Epoch 2 | Batch 100 | Loss: 2.1807 | LR: 3.00e-04
2026-04-22 13:30:38,108 INFO Epoch 2 | Batch 150 | Loss: 2.0658 | LR: 3.00e-04
2026-04-22 13:30:45,500 INFO Epoch 2 | Batch 200 | Loss: 1.9305 | LR: 3.00e-04
2026-04-22 13:30:53,163 INFO Epoch 2 | Batch 250 | Loss: 1.7042 | LR: 3.00e-04
2026-04-22 13:31:00,780 INFO Epoch 2 | Batch 300 | Loss: 1.8869 | LR: 3.00e-04
2026-04-22 13:31:08,308 INFO Epoch 2 | Batch 350 | Loss: 1.8711 | LR: 3.00e-04
2026-04-22 13:31:16,327 INFO Epoch 2 | Batch 400 | Loss: 1.6755 | LR: 3.00e-04
2026-04-22 13:31:24,247 INFO Epoch 2 | Batch 450 | Loss: 1.7849 | LR: 3.00e-04
2026-04-22 13:31:31,910 INFO Epoch 2 | Batch 500 | Loss: 1.7446 | LR: 3.00e-04
2026-04-22 13:31:39,585 INFO Epoch 2 | Batch 550 | Loss: 1.9752 | LR: 3.00e-04
2026-04-22 13:31:46,718 INFO Epoch 2 | Batch 600 | Loss: 1.8276 | LR: 3.00e-04
2026-04-22 13:31:54,380 INFO Epoch 2 | Batch 650 | Loss: 1.9189 | LR: 3.00e-04
2026-04-22 13:32:02,165 INFO Epoch 2 | Batch 700 | Loss: 2.2155 | LR: 3.00e-04
2026-04-22 13:32:09,734 INFO Epoch 2 | Batch 750 | Loss: 1.7823 | LR: 2.99e-04
2026-04-22 13:32:17,206 INFO Epoch 2 | Batch 800 | Loss: 1.5277 | LR: 2.99e-04
2026-04-22 13:32:24,845 INFO Epoch 2 | Batch 850 | Loss: 1.8363 | LR: 2.99e-04
2026-04-22 13:32:32,270 INFO Epoch 2 | Batch 900 | Loss: 1.6693 | LR: 2.99e-04
2026-04-22 13:32:39,925 INFO Epoch 2 | Batch 950 | Loss: 1.5521 | LR: 2.99e-04
2026-04-22 13:32:47,453 INFO Epoch 2 | Batch 1000 | Loss: 2.2956 | LR: 2.99e-04
2026-04-22 13:32:55,000 INFO Epoch 2 | Batch 1050 | Loss: 1.7312 | LR: 2.99e-04
2026-04-22 13:33:02,626 INFO Epoch 2 | Batch 1100 | Loss: 1.6425 | LR: 2.99e-04
2026-04-22 13:33:10,230 INFO Epoch 2 | Batch 1150 | Loss: 1.4800 | LR: 2.99e-04
2026-04-22 13:33:17,846 INFO Epoch 2 | Batch 1200 | Loss: 1.5791 | LR: 2.99e-04
2026-04-22 13:33:38,054 INFO Epoch 2 | Train: 1.7985 | Dev CER: 0.3538 | Dev WER: 0.7989 | Time: 206s | Peak: 12.0 GB
2026-04-22 13:33:38,054 INFO   New best CER: 0.3538
2026-04-22 13:33:41,718 INFO Epoch 3 | Batch 0 | Loss: 1.5021 | LR: 2.99e-04
2026-04-22 13:33:49,384 INFO Epoch 3 | Batch 50 | Loss: 1.5548 | LR: 2.99e-04
2026-04-22 13:33:57,095 INFO Epoch 3 | Batch 100 | Loss: 1.5103 | LR: 2.99e-04
2026-04-22 13:34:04,861 INFO Epoch 3 | Batch 150 | Loss: 1.4520 | LR: 2.99e-04
2026-04-22 13:34:12,368 INFO Epoch 3 | Batch 200 | Loss: 1.6003 | LR: 2.98e-04
2026-04-22 13:34:19,947 INFO Epoch 3 | Batch 250 | Loss: 1.2082 | LR: 2.98e-04
2026-04-22 13:34:27,482 INFO Epoch 3 | Batch 300 | Loss: 1.6215 | LR: 2.98e-04
2026-04-22 13:34:34,971 INFO Epoch 3 | Batch 350 | Loss: 1.2564 | LR: 2.98e-04
2026-04-22 13:34:42,540 INFO Epoch 3 | Batch 400 | Loss: 1.3432 | LR: 2.98e-04
2026-04-22 13:34:50,102 INFO Epoch 3 | Batch 450 | Loss: 1.8570 | LR: 2.98e-04
2026-04-22 13:34:57,774 INFO Epoch 3 | Batch 500 | Loss: 1.4273 | LR: 2.98e-04
2026-04-22 13:35:05,328 INFO Epoch 3 | Batch 550 | Loss: 1.4305 | LR: 2.98e-04
2026-04-22 13:35:12,735 INFO Epoch 3 | Batch 600 | Loss: 1.6516 | LR: 2.98e-04
2026-04-22 13:35:20,067 INFO Epoch 3 | Batch 650 | Loss: 1.4943 | LR: 2.97e-04
2026-04-22 13:35:27,567 INFO Epoch 3 | Batch 700 | Loss: 1.6401 | LR: 2.97e-04
2026-04-22 13:35:35,178 INFO Epoch 3 | Batch 750 | Loss: 1.8753 | LR: 2.97e-04
2026-04-22 13:35:42,672 INFO Epoch 3 | Batch 800 | Loss: 1.5651 | LR: 2.97e-04
2026-04-22 13:35:50,275 INFO Epoch 3 | Batch 850 | Loss: 1.5188 | LR: 2.97e-04
2026-04-22 13:35:57,903 INFO Epoch 3 | Batch 900 | Loss: 1.6988 | LR: 2.97e-04
2026-04-22 13:36:05,507 INFO Epoch 3 | Batch 950 | Loss: 1.6952 | LR: 2.97e-04
2026-04-22 13:36:12,926 INFO Epoch 3 | Batch 1000 | Loss: 1.3437 | LR: 2.97e-04
2026-04-22 13:36:20,650 INFO Epoch 3 | Batch 1050 | Loss: 1.4003 | LR: 2.96e-04
2026-04-22 13:36:28,115 INFO Epoch 3 | Batch 1100 | Loss: 1.2752 | LR: 2.96e-04
2026-04-22 13:36:35,784 INFO Epoch 3 | Batch 1150 | Loss: 1.8308 | LR: 2.96e-04
2026-04-22 13:36:43,324 INFO Epoch 3 | Batch 1200 | Loss: 1.6441 | LR: 2.96e-04
2026-04-22 13:37:02,413 INFO Epoch 3 | Train: 1.4876 | Dev CER: 0.2879 | Dev WER: 0.7087 | Time: 204s | Peak: 12.0 GB
2026-04-22 13:37:02,413 INFO   New best CER: 0.2879
2026-04-22 13:37:06,234 INFO Epoch 4 | Batch 0 | Loss: 1.2318 | LR: 2.96e-04
2026-04-22 13:37:13,888 INFO Epoch 4 | Batch 50 | Loss: 1.5686 | LR: 2.96e-04
2026-04-22 13:37:21,595 INFO Epoch 4 | Batch 100 | Loss: 1.2545 | LR: 2.96e-04
2026-04-22 13:37:29,329 INFO Epoch 4 | Batch 150 | Loss: 1.7970 | LR: 2.95e-04
2026-04-22 13:37:37,296 INFO Epoch 4 | Batch 200 | Loss: 1.4587 | LR: 2.95e-04
2026-04-22 13:37:44,891 INFO Epoch 4 | Batch 250 | Loss: 1.4079 | LR: 2.95e-04
2026-04-22 13:37:52,480 INFO Epoch 4 | Batch 300 | Loss: 1.3151 | LR: 2.95e-04
2026-04-22 13:38:00,149 INFO Epoch 4 | Batch 350 | Loss: 1.7818 | LR: 2.95e-04
2026-04-22 13:38:07,620 INFO Epoch 4 | Batch 400 | Loss: 1.4353 | LR: 2.95e-04
2026-04-22 13:38:15,061 INFO Epoch 4 | Batch 450 | Loss: 1.3188 | LR: 2.94e-04
2026-04-22 13:38:22,500 INFO Epoch 4 | Batch 500 | Loss: 1.5532 | LR: 2.94e-04
2026-04-22 13:38:29,801 INFO Epoch 4 | Batch 550 | Loss: 1.2162 | LR: 2.94e-04
2026-04-22 13:38:37,260 INFO Epoch 4 | Batch 600 | Loss: 1.4184 | LR: 2.94e-04
2026-04-22 13:38:44,789 INFO Epoch 4 | Batch 650 | Loss: 1.3120 | LR: 2.94e-04
2026-04-22 13:38:52,374 INFO Epoch 4 | Batch 700 | Loss: 1.1194 | LR: 2.93e-04
2026-04-22 13:38:59,734 INFO Epoch 4 | Batch 750 | Loss: 1.3519 | LR: 2.93e-04
2026-04-22 13:39:07,246 INFO Epoch 4 | Batch 800 | Loss: 1.1860 | LR: 2.93e-04
2026-04-22 13:39:14,819 INFO Epoch 4 | Batch 850 | Loss: 1.5778 | LR: 2.93e-04
2026-04-22 13:39:22,314 INFO Epoch 4 | Batch 900 | Loss: 1.3690 | LR: 2.93e-04
2026-04-22 13:39:29,781 INFO Epoch 4 | Batch 950 | Loss: 1.3354 | LR: 2.92e-04
2026-04-22 13:39:37,375 INFO Epoch 4 | Batch 1000 | Loss: 1.1725 | LR: 2.92e-04
2026-04-22 13:39:44,955 INFO Epoch 4 | Batch 1050 | Loss: 1.3890 | LR: 2.92e-04
2026-04-22 13:39:52,618 INFO Epoch 4 | Batch 1100 | Loss: 1.1912 | LR: 2.92e-04
2026-04-22 13:40:00,152 INFO Epoch 4 | Batch 1150 | Loss: 1.4750 | LR: 2.92e-04
2026-04-22 13:40:07,524 INFO Epoch 4 | Batch 1200 | Loss: 1.6576 | LR: 2.91e-04
2026-04-22 13:40:27,509 INFO Epoch 4 | Train: 1.3348 | Dev CER: 0.2521 | Dev WER: 0.6497 | Time: 205s | Peak: 12.0 GB
2026-04-22 13:40:27,509 INFO   New best CER: 0.2521
2026-04-22 13:40:31,177 INFO Epoch 5 | Batch 0 | Loss: 1.0126 | LR: 2.91e-04
2026-04-22 13:40:38,727 INFO Epoch 5 | Batch 50 | Loss: 1.2185 | LR: 2.91e-04
2026-04-22 13:40:46,251 INFO Epoch 5 | Batch 100 | Loss: 1.3153 | LR: 2.91e-04
2026-04-22 13:40:54,024 INFO Epoch 5 | Batch 150 | Loss: 1.2319 | LR: 2.91e-04
2026-04-22 13:41:01,481 INFO Epoch 5 | Batch 200 | Loss: 1.1228 | LR: 2.90e-04
2026-04-22 13:41:09,085 INFO Epoch 5 | Batch 250 | Loss: 1.8623 | LR: 2.90e-04
2026-04-22 13:41:16,589 INFO Epoch 5 | Batch 300 | Loss: 1.0213 | LR: 2.90e-04
2026-04-22 13:41:24,309 INFO Epoch 5 | Batch 350 | Loss: 1.0678 | LR: 2.90e-04
2026-04-22 13:41:32,068 INFO Epoch 5 | Batch 400 | Loss: 0.9418 | LR: 2.89e-04
2026-04-22 13:41:39,693 INFO Epoch 5 | Batch 450 | Loss: 1.2684 | LR: 2.89e-04
2026-04-22 13:41:47,518 INFO Epoch 5 | Batch 500 | Loss: 1.1617 | LR: 2.89e-04
2026-04-22 13:41:55,194 INFO Epoch 5 | Batch 550 | Loss: 1.2571 | LR: 2.89e-04
2026-04-22 13:42:02,939 INFO Epoch 5 | Batch 600 | Loss: 1.3706 | LR: 2.88e-04
2026-04-22 13:42:10,588 INFO Epoch 5 | Batch 650 | Loss: 1.5373 | LR: 2.88e-04
2026-04-22 13:42:18,227 INFO Epoch 5 | Batch 700 | Loss: 1.1580 | LR: 2.88e-04
2026-04-22 13:42:25,823 INFO Epoch 5 | Batch 750 | Loss: 1.0971 | LR: 2.88e-04
2026-04-22 13:42:33,409 INFO Epoch 5 | Batch 800 | Loss: 1.0569 | LR: 2.87e-04
2026-04-22 13:42:41,110 INFO Epoch 5 | Batch 850 | Loss: 1.2099 | LR: 2.87e-04
2026-04-22 13:42:48,568 INFO Epoch 5 | Batch 900 | Loss: 1.2669 | LR: 2.87e-04
2026-04-22 13:42:55,908 INFO Epoch 5 | Batch 950 | Loss: 1.5896 | LR: 2.87e-04
2026-04-22 13:43:03,411 INFO Epoch 5 | Batch 1000 | Loss: 1.3921 | LR: 2.86e-04
2026-04-22 13:43:10,919 INFO Epoch 5 | Batch 1050 | Loss: 1.1019 | LR: 2.86e-04
2026-04-22 13:43:18,564 INFO Epoch 5 | Batch 1100 | Loss: 1.2285 | LR: 2.86e-04
2026-04-22 13:43:26,233 INFO Epoch 5 | Batch 1150 | Loss: 1.5170 | LR: 2.86e-04
2026-04-22 13:43:33,967 INFO Epoch 5 | Batch 1200 | Loss: 1.1952 | LR: 2.85e-04
2026-04-22 13:43:53,826 INFO Epoch 5 | Train: 1.2179 | Dev CER: 0.2242 | Dev WER: 0.6000 | Time: 206s | Peak: 12.0 GB
2026-04-22 13:43:53,827 INFO   New best CER: 0.2242
2026-04-22 13:43:57,496 INFO Epoch 6 | Batch 0 | Loss: 1.1692 | LR: 2.85e-04
2026-04-22 13:44:05,141 INFO Epoch 6 | Batch 50 | Loss: 1.7138 | LR: 2.85e-04
2026-04-22 13:44:12,873 INFO Epoch 6 | Batch 100 | Loss: 1.3292 | LR: 2.84e-04
2026-04-22 13:44:20,394 INFO Epoch 6 | Batch 150 | Loss: 1.2588 | LR: 2.84e-04
2026-04-22 13:44:27,856 INFO Epoch 6 | Batch 200 | Loss: 1.3087 | LR: 2.84e-04
2026-04-22 13:44:35,376 INFO Epoch 6 | Batch 250 | Loss: 0.9338 | LR: 2.84e-04
2026-04-22 13:44:42,942 INFO Epoch 6 | Batch 300 | Loss: 0.9444 | LR: 2.83e-04
2026-04-22 13:44:50,656 INFO Epoch 6 | Batch 350 | Loss: 1.0665 | LR: 2.83e-04
2026-04-22 13:44:58,372 INFO Epoch 6 | Batch 400 | Loss: 0.9741 | LR: 2.83e-04
2026-04-22 13:45:05,994 INFO Epoch 6 | Batch 450 | Loss: 1.8623 | LR: 2.82e-04
2026-04-22 13:45:13,611 INFO Epoch 6 | Batch 500 | Loss: 0.9796 | LR: 2.82e-04
2026-04-22 13:45:21,217 INFO Epoch 6 | Batch 550 | Loss: 1.0037 | LR: 2.82e-04
2026-04-22 13:45:28,574 INFO Epoch 6 | Batch 600 | Loss: 1.1340 | LR: 2.81e-04
2026-04-22 13:45:36,097 INFO Epoch 6 | Batch 650 | Loss: 1.3354 | LR: 2.81e-04
2026-04-22 13:45:43,640 INFO Epoch 6 | Batch 700 | Loss: 1.3522 | LR: 2.81e-04
2026-04-22 13:45:51,076 INFO Epoch 6 | Batch 750 | Loss: 1.1527 | LR: 2.81e-04
2026-04-22 13:45:58,111 INFO Epoch 6 | Batch 800 | Loss: 1.0956 | LR: 2.80e-04
2026-04-22 13:46:05,392 INFO Epoch 6 | Batch 850 | Loss: 1.2254 | LR: 2.80e-04
2026-04-22 13:46:13,118 INFO Epoch 6 | Batch 900 | Loss: 0.9114 | LR: 2.80e-04
2026-04-22 13:46:20,728 INFO Epoch 6 | Batch 950 | Loss: 1.5368 | LR: 2.79e-04
2026-04-22 13:46:28,239 INFO Epoch 6 | Batch 1000 | Loss: 1.0781 | LR: 2.79e-04
2026-04-22 13:46:35,767 INFO Epoch 6 | Batch 1050 | Loss: 1.3126 | LR: 2.79e-04
2026-04-22 13:46:43,194 INFO Epoch 6 | Batch 1100 | Loss: 1.2986 | LR: 2.78e-04
2026-04-22 13:46:50,204 INFO Epoch 6 | Batch 1150 | Loss: 1.0967 | LR: 2.78e-04
2026-04-22 13:46:56,178 INFO Epoch 6 | Batch 1200 | Loss: 0.9931 | LR: 2.78e-04
2026-04-22 13:47:16,508 INFO Epoch 6 | Train: 1.1336 | Dev CER: 0.2079 | Dev WER: 0.5661 | Time: 202s | Peak: 12.0 GB
2026-04-22 13:47:16,508 INFO   New best CER: 0.2079
2026-04-22 13:47:20,334 INFO Epoch 7 | Batch 0 | Loss: 1.2347 | LR: 2.77e-04
2026-04-22 13:47:28,219 INFO Epoch 7 | Batch 50 | Loss: 1.3027 | LR: 2.77e-04
2026-04-22 13:47:36,080 INFO Epoch 7 | Batch 100 | Loss: 1.0249 | LR: 2.77e-04
2026-04-22 13:47:43,728 INFO Epoch 7 | Batch 150 | Loss: 1.1811 | LR: 2.76e-04
2026-04-22 13:47:51,526 INFO Epoch 7 | Batch 200 | Loss: 0.9815 | LR: 2.76e-04
2026-04-22 13:47:59,255 INFO Epoch 7 | Batch 250 | Loss: 1.1456 | LR: 2.76e-04
2026-04-22 13:48:06,857 INFO Epoch 7 | Batch 300 | Loss: 0.9691 | LR: 2.75e-04
2026-04-22 13:48:14,752 INFO Epoch 7 | Batch 350 | Loss: 1.2475 | LR: 2.75e-04
2026-04-22 13:48:22,659 INFO Epoch 7 | Batch 400 | Loss: 0.9100 | LR: 2.74e-04
2026-04-22 13:48:30,584 INFO Epoch 7 | Batch 450 | Loss: 1.2269 | LR: 2.74e-04
2026-04-22 13:48:36,609 INFO Epoch 7 | Batch 500 | Loss: 1.2663 | LR: 2.74e-04
2026-04-22 13:48:42,636 INFO Epoch 7 | Batch 550 | Loss: 0.9124 | LR: 2.73e-04
2026-04-22 13:48:48,569 INFO Epoch 7 | Batch 600 | Loss: 1.0874 | LR: 2.73e-04
2026-04-22 13:48:54,531 INFO Epoch 7 | Batch 650 | Loss: 1.2595 | LR: 2.73e-04
2026-04-22 13:49:00,605 INFO Epoch 7 | Batch 700 | Loss: 1.1488 | LR: 2.72e-04
2026-04-22 13:49:08,049 INFO Epoch 7 | Batch 750 | Loss: 1.2466 | LR: 2.72e-04
2026-04-22 13:49:15,506 INFO Epoch 7 | Batch 800 | Loss: 1.4562 | LR: 2.71e-04
2026-04-22 13:49:22,810 INFO Epoch 7 | Batch 850 | Loss: 1.2569 | LR: 2.71e-04
2026-04-22 13:49:30,060 INFO Epoch 7 | Batch 900 | Loss: 1.0077 | LR: 2.71e-04
2026-04-22 13:49:37,329 INFO Epoch 7 | Batch 950 | Loss: 0.9285 | LR: 2.70e-04
2026-04-22 13:49:44,766 INFO Epoch 7 | Batch 1000 | Loss: 0.8840 | LR: 2.70e-04
2026-04-22 13:49:52,324 INFO Epoch 7 | Batch 1050 | Loss: 1.3055 | LR: 2.69e-04
2026-04-22 13:49:59,945 INFO Epoch 7 | Batch 1100 | Loss: 1.5274 | LR: 2.69e-04
2026-04-22 13:50:07,559 INFO Epoch 7 | Batch 1150 | Loss: 0.9830 | LR: 2.69e-04
2026-04-22 13:50:15,275 INFO Epoch 7 | Batch 1200 | Loss: 0.7577 | LR: 2.68e-04
2026-04-22 13:50:37,214 INFO Epoch 7 | Train: 1.0804 | Dev CER: 0.1951 | Dev WER: 0.5366 | Time: 200s | Peak: 12.0 GB
2026-04-22 13:50:37,214 INFO   New best CER: 0.1951
2026-04-22 13:50:40,946 INFO Epoch 8 | Batch 0 | Loss: 0.9408 | LR: 2.68e-04
2026-04-22 13:50:48,254 INFO Epoch 8 | Batch 50 | Loss: 1.1186 | LR: 2.68e-04
2026-04-22 13:50:55,943 INFO Epoch 8 | Batch 100 | Loss: 1.0868 | LR: 2.67e-04
2026-04-22 13:51:03,323 INFO Epoch 8 | Batch 150 | Loss: 1.2523 | LR: 2.67e-04
2026-04-22 13:51:10,915 INFO Epoch 8 | Batch 200 | Loss: 1.0246 | LR: 2.66e-04
2026-04-22 13:51:18,367 INFO Epoch 8 | Batch 250 | Loss: 1.2092 | LR: 2.66e-04
2026-04-22 13:51:26,008 INFO Epoch 8 | Batch 300 | Loss: 0.9129 | LR: 2.66e-04
2026-04-22 13:51:33,497 INFO Epoch 8 | Batch 350 | Loss: 1.2685 | LR: 2.65e-04
2026-04-22 13:51:41,204 INFO Epoch 8 | Batch 400 | Loss: 0.8920 | LR: 2.65e-04
2026-04-22 13:51:48,787 INFO Epoch 8 | Batch 450 | Loss: 1.1863 | LR: 2.64e-04
2026-04-22 13:51:56,559 INFO Epoch 8 | Batch 500 | Loss: 0.9661 | LR: 2.64e-04
2026-04-22 13:52:04,246 INFO Epoch 8 | Batch 550 | Loss: 1.0258 | LR: 2.63e-04
2026-04-22 13:52:11,956 INFO Epoch 8 | Batch 600 | Loss: 0.8674 | LR: 2.63e-04
2026-04-22 13:52:19,511 INFO Epoch 8 | Batch 650 | Loss: 0.9713 | LR: 2.63e-04
2026-04-22 13:52:27,034 INFO Epoch 8 | Batch 700 | Loss: 0.8677 | LR: 2.62e-04
2026-04-22 13:52:34,625 INFO Epoch 8 | Batch 750 | Loss: 0.8432 | LR: 2.62e-04
2026-04-22 13:52:42,195 INFO Epoch 8 | Batch 800 | Loss: 1.0348 | LR: 2.61e-04
2026-04-22 13:52:49,724 INFO Epoch 8 | Batch 850 | Loss: 0.7461 | LR: 2.61e-04
2026-04-22 13:52:57,250 INFO Epoch 8 | Batch 900 | Loss: 1.1639 | LR: 2.60e-04
2026-04-22 13:53:04,782 INFO Epoch 8 | Batch 950 | Loss: 1.0429 | LR: 2.60e-04
2026-04-22 13:53:12,131 INFO Epoch 8 | Batch 1000 | Loss: 0.8270 | LR: 2.60e-04
2026-04-22 13:53:19,401 INFO Epoch 8 | Batch 1050 | Loss: 0.9178 | LR: 2.59e-04
2026-04-22 13:53:27,046 INFO Epoch 8 | Batch 1100 | Loss: 0.9167 | LR: 2.59e-04
2026-04-22 13:53:34,679 INFO Epoch 8 | Batch 1150 | Loss: 0.8686 | LR: 2.58e-04
2026-04-22 13:53:42,010 INFO Epoch 8 | Batch 1200 | Loss: 0.8830 | LR: 2.58e-04
2026-04-22 13:54:03,964 INFO Epoch 8 | Train: 1.0232 | Dev CER: 0.1875 | Dev WER: 0.5227 | Time: 206s | Peak: 12.0 GB
2026-04-22 13:54:03,964 INFO   New best CER: 0.1875
2026-04-22 13:54:07,761 INFO Epoch 9 | Batch 0 | Loss: 0.9838 | LR: 2.57e-04
2026-04-22 13:54:15,123 INFO Epoch 9 | Batch 50 | Loss: 1.0115 | LR: 2.57e-04
2026-04-22 13:54:22,776 INFO Epoch 9 | Batch 100 | Loss: 0.9208 | LR: 2.56e-04
2026-04-22 13:54:30,422 INFO Epoch 9 | Batch 150 | Loss: 1.0768 | LR: 2.56e-04
2026-04-22 13:54:38,022 INFO Epoch 9 | Batch 200 | Loss: 0.9675 | LR: 2.56e-04
2026-04-22 13:54:45,421 INFO Epoch 9 | Batch 250 | Loss: 1.0468 | LR: 2.55e-04
2026-04-22 13:54:52,703 INFO Epoch 9 | Batch 300 | Loss: 0.8905 | LR: 2.55e-04
2026-04-22 13:55:00,132 INFO Epoch 9 | Batch 350 | Loss: 1.2141 | LR: 2.54e-04
2026-04-22 13:55:07,556 INFO Epoch 9 | Batch 400 | Loss: 0.8683 | LR: 2.54e-04
2026-04-22 13:55:14,976 INFO Epoch 9 | Batch 450 | Loss: 0.7661 | LR: 2.53e-04
2026-04-22 13:55:22,687 INFO Epoch 9 | Batch 500 | Loss: 0.8189 | LR: 2.53e-04
2026-04-22 13:55:30,299 INFO Epoch 9 | Batch 550 | Loss: 0.7872 | LR: 2.52e-04
2026-04-22 13:55:37,819 INFO Epoch 9 | Batch 600 | Loss: 0.8494 | LR: 2.52e-04
2026-04-22 13:55:45,470 INFO Epoch 9 | Batch 650 | Loss: 1.0928 | LR: 2.51e-04
2026-04-22 13:55:52,907 INFO Epoch 9 | Batch 700 | Loss: 0.7536 | LR: 2.51e-04
2026-04-22 13:56:00,483 INFO Epoch 9 | Batch 750 | Loss: 0.9237 | LR: 2.50e-04
2026-04-22 13:56:07,731 INFO Epoch 9 | Batch 800 | Loss: 0.9536 | LR: 2.50e-04
2026-04-22 13:56:14,920 INFO Epoch 9 | Batch 850 | Loss: 1.1939 | LR: 2.49e-04
2026-04-22 13:56:22,346 INFO Epoch 9 | Batch 900 | Loss: 1.1689 | LR: 2.49e-04
2026-04-22 13:56:29,717 INFO Epoch 9 | Batch 950 | Loss: 0.9790 | LR: 2.48e-04
2026-04-22 13:56:36,916 INFO Epoch 9 | Batch 1000 | Loss: 0.9365 | LR: 2.48e-04
2026-04-22 13:56:44,514 INFO Epoch 9 | Batch 1050 | Loss: 1.1337 | LR: 2.47e-04
2026-04-22 13:56:52,000 INFO Epoch 9 | Batch 1100 | Loss: 0.8190 | LR: 2.47e-04
2026-04-22 13:56:59,503 INFO Epoch 9 | Batch 1150 | Loss: 0.7882 | LR: 2.46e-04
2026-04-22 13:57:06,966 INFO Epoch 9 | Batch 1200 | Loss: 0.9557 | LR: 2.46e-04
2026-04-22 13:57:26,714 INFO Epoch 9 | Train: 0.9875 | Dev CER: 0.1776 | Dev WER: 0.4961 | Time: 202s | Peak: 12.0 GB
2026-04-22 13:57:26,714 INFO   New best CER: 0.1776
2026-04-22 13:57:30,398 INFO Epoch 10 | Batch 0 | Loss: 0.9136 | LR: 2.46e-04
2026-04-22 13:57:37,933 INFO Epoch 10 | Batch 50 | Loss: 0.9623 | LR: 2.45e-04
2026-04-22 13:57:45,496 INFO Epoch 10 | Batch 100 | Loss: 0.8558 | LR: 2.45e-04
2026-04-22 13:57:53,145 INFO Epoch 10 | Batch 150 | Loss: 0.9214 | LR: 2.44e-04
2026-04-22 13:58:00,785 INFO Epoch 10 | Batch 200 | Loss: 0.9265 | LR: 2.44e-04
2026-04-22 13:58:08,309 INFO Epoch 10 | Batch 250 | Loss: 0.7633 | LR: 2.43e-04
2026-04-22 13:58:15,925 INFO Epoch 10 | Batch 300 | Loss: 0.7665 | LR: 2.43e-04
2026-04-22 13:58:23,564 INFO Epoch 10 | Batch 350 | Loss: 0.7534 | LR: 2.42e-04
2026-04-22 13:58:31,067 INFO Epoch 10 | Batch 400 | Loss: 0.6370 | LR: 2.41e-04
2026-04-22 13:58:38,807 INFO Epoch 10 | Batch 450 | Loss: 1.0339 | LR: 2.41e-04
2026-04-22 13:58:46,113 INFO Epoch 10 | Batch 500 | Loss: 0.7947 | LR: 2.40e-04
2026-04-22 13:58:53,376 INFO Epoch 10 | Batch 550 | Loss: 0.9146 | LR: 2.40e-04
2026-04-22 13:59:00,989 INFO Epoch 10 | Batch 600 | Loss: 1.0931 | LR: 2.39e-04
2026-04-22 13:59:08,483 INFO Epoch 10 | Batch 650 | Loss: 0.9618 | LR: 2.39e-04
2026-04-22 13:59:16,136 INFO Epoch 10 | Batch 700 | Loss: 1.4562 | LR: 2.38e-04
2026-04-22 13:59:23,517 INFO Epoch 10 | Batch 750 | Loss: 0.6576 | LR: 2.38e-04
2026-04-22 13:59:31,147 INFO Epoch 10 | Batch 800 | Loss: 1.5003 | LR: 2.37e-04
2026-04-22 13:59:38,725 INFO Epoch 10 | Batch 850 | Loss: 0.7789 | LR: 2.37e-04
2026-04-22 13:59:46,333 INFO Epoch 10 | Batch 900 | Loss: 0.7492 | LR: 2.36e-04
2026-04-22 13:59:53,962 INFO Epoch 10 | Batch 950 | Loss: 0.8349 | LR: 2.36e-04
2026-04-22 14:00:01,501 INFO Epoch 10 | Batch 1000 | Loss: 0.7942 | LR: 2.35e-04
2026-04-22 14:00:09,162 INFO Epoch 10 | Batch 1050 | Loss: 0.8001 | LR: 2.35e-04
2026-04-22 14:00:16,712 INFO Epoch 10 | Batch 1100 | Loss: 0.7442 | LR: 2.34e-04
2026-04-22 14:00:24,442 INFO Epoch 10 | Batch 1150 | Loss: 0.8117 | LR: 2.34e-04
2026-04-22 14:00:31,991 INFO Epoch 10 | Batch 1200 | Loss: 0.8280 | LR: 2.33e-04
2026-04-22 14:00:52,743 INFO Epoch 10 | Train: 0.9408 | Dev CER: 0.1645 | Dev WER: 0.4692 | Time: 205s | Peak: 12.0 GB
2026-04-22 14:00:52,743 INFO   New best CER: 0.1645
2026-04-22 14:00:56,749 INFO Epoch 11 | Batch 0 | Loss: 0.9173 | LR: 2.33e-04
2026-04-22 14:01:04,243 INFO Epoch 11 | Batch 50 | Loss: 0.8764 | LR: 2.32e-04
2026-04-22 14:01:11,947 INFO Epoch 11 | Batch 100 | Loss: 0.6257 | LR: 2.32e-04
2026-04-22 14:01:19,960 INFO Epoch 11 | Batch 150 | Loss: 0.6479 | LR: 2.31e-04
2026-04-22 14:01:27,631 INFO Epoch 11 | Batch 200 | Loss: 1.1532 | LR: 2.30e-04
2026-04-22 14:01:35,348 INFO Epoch 11 | Batch 250 | Loss: 0.9594 | LR: 2.30e-04
2026-04-22 14:01:42,852 INFO Epoch 11 | Batch 300 | Loss: 1.0518 | LR: 2.29e-04
2026-04-22 14:01:50,320 INFO Epoch 11 | Batch 350 | Loss: 1.0653 | LR: 2.29e-04
2026-04-22 14:01:57,841 INFO Epoch 11 | Batch 400 | Loss: 0.5664 | LR: 2.28e-04
2026-04-22 14:02:04,767 INFO Epoch 11 | Batch 450 | Loss: 0.6350 | LR: 2.28e-04
2026-04-22 14:02:11,699 INFO Epoch 11 | Batch 500 | Loss: 0.8830 | LR: 2.27e-04
2026-04-22 14:02:19,053 INFO Epoch 11 | Batch 550 | Loss: 0.9198 | LR: 2.27e-04
2026-04-22 14:02:26,612 INFO Epoch 11 | Batch 600 | Loss: 0.9171 | LR: 2.26e-04
2026-04-22 14:02:34,288 INFO Epoch 11 | Batch 650 | Loss: 1.2936 | LR: 2.25e-04
2026-04-22 14:02:41,780 INFO Epoch 11 | Batch 700 | Loss: 0.8524 | LR: 2.25e-04
2026-04-22 14:02:49,429 INFO Epoch 11 | Batch 750 | Loss: 0.8735 | LR: 2.24e-04
2026-04-22 14:02:57,073 INFO Epoch 11 | Batch 800 | Loss: 1.0334 | LR: 2.24e-04
2026-04-22 14:03:04,769 INFO Epoch 11 | Batch 850 | Loss: 0.8556 | LR: 2.23e-04
2026-04-22 14:03:12,383 INFO Epoch 11 | Batch 900 | Loss: 0.7692 | LR: 2.23e-04
2026-04-22 14:03:19,942 INFO Epoch 11 | Batch 950 | Loss: 0.6081 | LR: 2.22e-04
2026-04-22 14:03:27,477 INFO Epoch 11 | Batch 1000 | Loss: 0.7800 | LR: 2.21e-04
2026-04-22 14:03:35,029 INFO Epoch 11 | Batch 1050 | Loss: 0.9565 | LR: 2.21e-04
2026-04-22 14:03:42,563 INFO Epoch 11 | Batch 1100 | Loss: 0.8535 | LR: 2.20e-04
2026-04-22 14:03:50,157 INFO Epoch 11 | Batch 1150 | Loss: 0.9672 | LR: 2.20e-04
2026-04-22 14:03:57,811 INFO Epoch 11 | Batch 1200 | Loss: 0.6917 | LR: 2.19e-04
2026-04-22 14:04:19,827 INFO Epoch 11 | Train: 0.9084 | Dev CER: 0.1587 | Dev WER: 0.4542 | Time: 206s | Peak: 12.0 GB
2026-04-22 14:04:19,828 INFO   New best CER: 0.1587
2026-04-22 14:04:24,074 INFO Epoch 12 | Batch 0 | Loss: 0.8320 | LR: 2.19e-04
2026-04-22 14:04:31,714 INFO Epoch 12 | Batch 50 | Loss: 1.8264 | LR: 2.18e-04
2026-04-22 14:04:38,954 INFO Epoch 12 | Batch 100 | Loss: 1.4791 | LR: 2.18e-04
2026-04-22 14:04:46,436 INFO Epoch 12 | Batch 150 | Loss: 0.8709 | LR: 2.17e-04
2026-04-22 14:04:54,061 INFO Epoch 12 | Batch 200 | Loss: 0.6144 | LR: 2.16e-04
2026-04-22 14:05:01,564 INFO Epoch 12 | Batch 250 | Loss: 0.8120 | LR: 2.16e-04
2026-04-22 14:05:09,276 INFO Epoch 12 | Batch 300 | Loss: 0.6262 | LR: 2.15e-04
2026-04-22 14:05:16,877 INFO Epoch 12 | Batch 350 | Loss: 1.0047 | LR: 2.15e-04
2026-04-22 14:05:24,410 INFO Epoch 12 | Batch 400 | Loss: 0.8856 | LR: 2.14e-04
2026-04-22 14:05:31,891 INFO Epoch 12 | Batch 450 | Loss: 0.8120 | LR: 2.13e-04
2026-04-22 14:05:39,156 INFO Epoch 12 | Batch 500 | Loss: 0.7471 | LR: 2.13e-04
2026-04-22 14:05:46,510 INFO Epoch 12 | Batch 550 | Loss: 1.1232 | LR: 2.12e-04
2026-04-22 14:05:53,893 INFO Epoch 12 | Batch 600 | Loss: 0.7853 | LR: 2.12e-04
2026-04-22 14:06:01,264 INFO Epoch 12 | Batch 650 | Loss: 0.9809 | LR: 2.11e-04
2026-04-22 14:06:08,621 INFO Epoch 12 | Batch 700 | Loss: 0.9141 | LR: 2.11e-04
2026-04-22 14:06:16,140 INFO Epoch 12 | Batch 750 | Loss: 0.5376 | LR: 2.10e-04
2026-04-22 14:06:23,542 INFO Epoch 12 | Batch 800 | Loss: 0.7495 | LR: 2.09e-04
2026-04-22 14:06:31,040 INFO Epoch 12 | Batch 850 | Loss: 0.8069 | LR: 2.09e-04
2026-04-22 14:06:38,460 INFO Epoch 12 | Batch 900 | Loss: 0.9666 | LR: 2.08e-04
2026-04-22 14:06:45,939 INFO Epoch 12 | Batch 950 | Loss: 1.1037 | LR: 2.08e-04
2026-04-22 14:06:53,371 INFO Epoch 12 | Batch 1000 | Loss: 1.0015 | LR: 2.07e-04
2026-04-22 14:07:01,027 INFO Epoch 12 | Batch 1050 | Loss: 0.8436 | LR: 2.06e-04
2026-04-22 14:07:08,668 INFO Epoch 12 | Batch 1100 | Loss: 0.8339 | LR: 2.06e-04
2026-04-22 14:07:16,210 INFO Epoch 12 | Batch 1150 | Loss: 0.7721 | LR: 2.05e-04
2026-04-22 14:07:23,886 INFO Epoch 12 | Batch 1200 | Loss: 1.0609 | LR: 2.04e-04
2026-04-22 14:07:42,564 INFO Epoch 12 | Train: 0.8870 | Dev CER: 0.1541 | Dev WER: 0.4477 | Time: 202s | Peak: 12.0 GB
2026-04-22 14:07:42,564 INFO   New best CER: 0.1541
2026-04-22 14:07:46,475 INFO Epoch 13 | Batch 0 | Loss: 0.9013 | LR: 2.04e-04
2026-04-22 14:07:53,816 INFO Epoch 13 | Batch 50 | Loss: 0.6768 | LR: 2.03e-04
2026-04-22 14:08:01,168 INFO Epoch 13 | Batch 100 | Loss: 0.7020 | LR: 2.03e-04
2026-04-22 14:08:08,462 INFO Epoch 13 | Batch 150 | Loss: 0.6804 | LR: 2.02e-04
2026-04-22 14:08:15,712 INFO Epoch 13 | Batch 200 | Loss: 0.7223 | LR: 2.02e-04
2026-04-22 14:08:22,946 INFO Epoch 13 | Batch 250 | Loss: 0.9414 | LR: 2.01e-04
2026-04-22 14:08:30,202 INFO Epoch 13 | Batch 300 | Loss: 0.7224 | LR: 2.00e-04
2026-04-22 14:08:37,624 INFO Epoch 13 | Batch 350 | Loss: 0.9792 | LR: 2.00e-04
2026-04-22 14:08:44,745 INFO Epoch 13 | Batch 400 | Loss: 0.8163 | LR: 1.99e-04
2026-04-22 14:08:52,202 INFO Epoch 13 | Batch 450 | Loss: 0.7728 | LR: 1.99e-04
2026-04-22 14:08:59,652 INFO Epoch 13 | Batch 500 | Loss: 0.6502 | LR: 1.98e-04
2026-04-22 14:09:07,311 INFO Epoch 13 | Batch 550 | Loss: 0.6685 | LR: 1.97e-04
2026-04-22 14:09:14,773 INFO Epoch 13 | Batch 600 | Loss: 0.7289 | LR: 1.97e-04
2026-04-22 14:09:22,069 INFO Epoch 13 | Batch 650 | Loss: 0.9270 | LR: 1.96e-04
2026-04-22 14:09:28,753 INFO Epoch 13 | Batch 700 | Loss: 0.9035 | LR: 1.95e-04
2026-04-22 14:09:35,998 INFO Epoch 13 | Batch 750 | Loss: 0.8360 | LR: 1.95e-04
2026-04-22 14:09:43,323 INFO Epoch 13 | Batch 800 | Loss: 0.7446 | LR: 1.94e-04
2026-04-22 14:09:50,622 INFO Epoch 13 | Batch 850 | Loss: 1.2272 | LR: 1.94e-04
2026-04-22 14:09:58,036 INFO Epoch 13 | Batch 900 | Loss: 0.9381 | LR: 1.93e-04
2026-04-22 14:10:05,321 INFO Epoch 13 | Batch 950 | Loss: 0.8487 | LR: 1.92e-04
2026-04-22 14:10:12,726 INFO Epoch 13 | Batch 1000 | Loss: 0.8014 | LR: 1.92e-04
2026-04-22 14:10:20,089 INFO Epoch 13 | Batch 1050 | Loss: 0.6662 | LR: 1.91e-04
2026-04-22 14:10:27,688 INFO Epoch 13 | Batch 1100 | Loss: 1.3424 | LR: 1.90e-04
2026-04-22 14:10:35,093 INFO Epoch 13 | Batch 1150 | Loss: 0.9682 | LR: 1.90e-04
2026-04-22 14:10:42,496 INFO Epoch 13 | Batch 1200 | Loss: 1.2025 | LR: 1.89e-04
2026-04-22 14:11:02,771 INFO Epoch 13 | Train: 0.8545 | Dev CER: 0.1499 | Dev WER: 0.4314 | Time: 200s | Peak: 12.0 GB
2026-04-22 14:11:02,771 INFO   New best CER: 0.1499
2026-04-22 14:11:06,365 INFO Epoch 14 | Batch 0 | Loss: 0.8854 | LR: 1.89e-04
2026-04-22 14:11:13,856 INFO Epoch 14 | Batch 50 | Loss: 1.1033 | LR: 1.88e-04
2026-04-22 14:11:21,541 INFO Epoch 14 | Batch 100 | Loss: 0.7824 | LR: 1.87e-04
2026-04-22 14:11:29,198 INFO Epoch 14 | Batch 150 | Loss: 0.7575 | LR: 1.87e-04
2026-04-22 14:11:36,655 INFO Epoch 14 | Batch 200 | Loss: 0.8171 | LR: 1.86e-04
2026-04-22 14:11:43,904 INFO Epoch 14 | Batch 250 | Loss: 0.9364 | LR: 1.86e-04
2026-04-22 14:11:51,268 INFO Epoch 14 | Batch 300 | Loss: 0.7016 | LR: 1.85e-04
2026-04-22 14:11:58,768 INFO Epoch 14 | Batch 350 | Loss: 0.8813 | LR: 1.84e-04
2026-04-22 14:12:06,202 INFO Epoch 14 | Batch 400 | Loss: 0.8209 | LR: 1.84e-04
2026-04-22 14:12:13,882 INFO Epoch 14 | Batch 450 | Loss: 0.9583 | LR: 1.83e-04
2026-04-22 14:12:21,321 INFO Epoch 14 | Batch 500 | Loss: 0.8635 | LR: 1.82e-04
2026-04-22 14:12:28,738 INFO Epoch 14 | Batch 550 | Loss: 0.8527 | LR: 1.82e-04
2026-04-22 14:12:36,234 INFO Epoch 14 | Batch 600 | Loss: 1.0164 | LR: 1.81e-04
2026-04-22 14:12:43,824 INFO Epoch 14 | Batch 650 | Loss: 0.7449 | LR: 1.81e-04
2026-04-22 14:12:51,464 INFO Epoch 14 | Batch 700 | Loss: 0.8332 | LR: 1.80e-04
2026-04-22 14:12:59,116 INFO Epoch 14 | Batch 750 | Loss: 0.7018 | LR: 1.79e-04
2026-04-22 14:13:06,695 INFO Epoch 14 | Batch 800 | Loss: 0.7791 | LR: 1.79e-04
2026-04-22 14:13:14,424 INFO Epoch 14 | Batch 850 | Loss: 0.7241 | LR: 1.78e-04
2026-04-22 14:13:22,147 INFO Epoch 14 | Batch 900 | Loss: 0.7778 | LR: 1.77e-04
2026-04-22 14:13:29,726 INFO Epoch 14 | Batch 950 | Loss: 0.9134 | LR: 1.77e-04
2026-04-22 14:13:37,282 INFO Epoch 14 | Batch 1000 | Loss: 0.6961 | LR: 1.76e-04
2026-04-22 14:13:45,076 INFO Epoch 14 | Batch 1050 | Loss: 0.8885 | LR: 1.75e-04
2026-04-22 14:13:52,432 INFO Epoch 14 | Batch 1100 | Loss: 0.7031 | LR: 1.75e-04
2026-04-22 14:13:59,682 INFO Epoch 14 | Batch 1150 | Loss: 0.7837 | LR: 1.74e-04
2026-04-22 14:14:07,020 INFO Epoch 14 | Batch 1200 | Loss: 0.8951 | LR: 1.73e-04
2026-04-22 14:14:25,651 INFO Epoch 14 | Train: 0.8414 | Dev CER: 0.1416 | Dev WER: 0.4145 | Time: 202s | Peak: 12.0 GB
2026-04-22 14:14:25,651 INFO   New best CER: 0.1416
2026-04-22 14:14:29,288 INFO Epoch 15 | Batch 0 | Loss: 0.7343 | LR: 1.73e-04
2026-04-22 14:14:36,659 INFO Epoch 15 | Batch 50 | Loss: 0.8333 | LR: 1.72e-04
2026-04-22 14:14:44,000 INFO Epoch 15 | Batch 100 | Loss: 0.6293 | LR: 1.72e-04
2026-04-22 14:14:51,519 INFO Epoch 15 | Batch 150 | Loss: 0.6604 | LR: 1.71e-04
2026-04-22 14:14:58,852 INFO Epoch 15 | Batch 200 | Loss: 0.9131 | LR: 1.70e-04
2026-04-22 14:15:06,213 INFO Epoch 15 | Batch 250 | Loss: 0.6959 | LR: 1.70e-04
2026-04-22 14:15:12,962 INFO Epoch 15 | Batch 300 | Loss: 0.8508 | LR: 1.69e-04
2026-04-22 14:15:19,061 INFO Epoch 15 | Batch 350 | Loss: 0.7010 | LR: 1.68e-04
2026-04-22 14:15:25,045 INFO Epoch 15 | Batch 400 | Loss: 0.7053 | LR: 1.68e-04
2026-04-22 14:15:31,089 INFO Epoch 15 | Batch 450 | Loss: 0.6071 | LR: 1.67e-04
2026-04-22 14:15:37,087 INFO Epoch 15 | Batch 500 | Loss: 0.9291 | LR: 1.67e-04
2026-04-22 14:15:43,149 INFO Epoch 15 | Batch 550 | Loss: 0.6653 | LR: 1.66e-04
2026-04-22 14:15:49,169 INFO Epoch 15 | Batch 600 | Loss: 0.6053 | LR: 1.65e-04
2026-04-22 14:15:56,530 INFO Epoch 15 | Batch 650 | Loss: 0.6014 | LR: 1.65e-04
2026-04-22 14:16:04,179 INFO Epoch 15 | Batch 700 | Loss: 0.7503 | LR: 1.64e-04
2026-04-22 14:16:11,667 INFO Epoch 15 | Batch 750 | Loss: 0.8135 | LR: 1.63e-04
2026-04-22 14:16:19,188 INFO Epoch 15 | Batch 800 | Loss: 0.7894 | LR: 1.63e-04
2026-04-22 14:16:26,714 INFO Epoch 15 | Batch 850 | Loss: 0.6332 | LR: 1.62e-04
2026-04-22 14:16:34,268 INFO Epoch 15 | Batch 900 | Loss: 0.9190 | LR: 1.61e-04
2026-04-22 14:16:41,989 INFO Epoch 15 | Batch 950 | Loss: 0.8633 | LR: 1.61e-04
2026-04-22 14:16:49,508 INFO Epoch 15 | Batch 1000 | Loss: 0.7160 | LR: 1.60e-04
2026-04-22 14:16:56,957 INFO Epoch 15 | Batch 1050 | Loss: 0.6618 | LR: 1.59e-04
2026-04-22 14:17:04,244 INFO Epoch 15 | Batch 1100 | Loss: 0.8325 | LR: 1.59e-04
2026-04-22 14:17:11,633 INFO Epoch 15 | Batch 1150 | Loss: 0.8790 | LR: 1.58e-04
2026-04-22 14:17:18,773 INFO Epoch 15 | Batch 1200 | Loss: 0.9369 | LR: 1.57e-04
2026-04-22 14:17:38,607 INFO Epoch 15 | Train: 0.8177 | Dev CER: 0.1386 | Dev WER: 0.4073 | Time: 192s | Peak: 12.0 GB
2026-04-22 14:17:38,607 INFO   New best CER: 0.1386
2026-04-22 14:17:42,236 INFO Epoch 16 | Batch 0 | Loss: 0.7389 | LR: 1.57e-04
2026-04-22 14:17:49,817 INFO Epoch 16 | Batch 50 | Loss: 0.7195 | LR: 1.56e-04
2026-04-22 14:17:57,500 INFO Epoch 16 | Batch 100 | Loss: 1.0087 | LR: 1.56e-04
2026-04-22 14:18:05,266 INFO Epoch 16 | Batch 150 | Loss: 0.6577 | LR: 1.55e-04
2026-04-22 14:18:12,614 INFO Epoch 16 | Batch 200 | Loss: 0.5769 | LR: 1.54e-04
2026-04-22 14:18:20,089 INFO Epoch 16 | Batch 250 | Loss: 0.8618 | LR: 1.54e-04
2026-04-22 14:18:27,790 INFO Epoch 16 | Batch 300 | Loss: 0.9340 | LR: 1.53e-04
2026-04-22 14:18:35,654 INFO Epoch 16 | Batch 350 | Loss: 0.6980 | LR: 1.52e-04
2026-04-22 14:18:43,302 INFO Epoch 16 | Batch 400 | Loss: 0.6587 | LR: 1.52e-04
2026-04-22 14:18:50,932 INFO Epoch 16 | Batch 450 | Loss: 0.7667 | LR: 1.51e-04
2026-04-22 14:18:58,591 INFO Epoch 16 | Batch 500 | Loss: 0.7835 | LR: 1.50e-04
2026-04-22 14:19:06,174 INFO Epoch 16 | Batch 550 | Loss: 0.7134 | LR: 1.50e-04
2026-04-22 14:19:13,719 INFO Epoch 16 | Batch 600 | Loss: 0.9025 | LR: 1.49e-04
2026-04-22 14:19:21,228 INFO Epoch 16 | Batch 650 | Loss: 0.7718 | LR: 1.49e-04
2026-04-22 14:19:28,837 INFO Epoch 16 | Batch 700 | Loss: 0.9683 | LR: 1.48e-04
2026-04-22 14:19:36,394 INFO Epoch 16 | Batch 750 | Loss: 0.8874 | LR: 1.47e-04
2026-04-22 14:19:43,908 INFO Epoch 16 | Batch 800 | Loss: 0.6763 | LR: 1.47e-04
2026-04-22 14:19:51,428 INFO Epoch 16 | Batch 850 | Loss: 0.5846 | LR: 1.46e-04
2026-04-22 14:19:58,896 INFO Epoch 16 | Batch 900 | Loss: 1.0932 | LR: 1.45e-04
2026-04-22 14:20:06,505 INFO Epoch 16 | Batch 950 | Loss: 0.6685 | LR: 1.45e-04
2026-04-22 14:20:14,151 INFO Epoch 16 | Batch 1000 | Loss: 0.7448 | LR: 1.44e-04
2026-04-22 14:20:21,701 INFO Epoch 16 | Batch 1050 | Loss: 0.7011 | LR: 1.43e-04
2026-04-22 14:20:29,265 INFO Epoch 16 | Batch 1100 | Loss: 0.6994 | LR: 1.43e-04
2026-04-22 14:20:36,904 INFO Epoch 16 | Batch 1150 | Loss: 0.7439 | LR: 1.42e-04
2026-04-22 14:20:44,675 INFO Epoch 16 | Batch 1200 | Loss: 0.6279 | LR: 1.41e-04
2026-04-22 14:21:03,394 INFO Epoch 16 | Train: 0.8007 | Dev CER: 0.1348 | Dev WER: 0.3944 | Time: 204s | Peak: 12.0 GB
2026-04-22 14:21:03,394 INFO   New best CER: 0.1348
2026-04-22 14:21:07,400 INFO Epoch 17 | Batch 0 | Loss: 0.6096 | LR: 1.41e-04
2026-04-22 14:21:15,163 INFO Epoch 17 | Batch 50 | Loss: 0.9113 | LR: 1.40e-04
2026-04-22 14:21:22,758 INFO Epoch 17 | Batch 100 | Loss: 0.7796 | LR: 1.40e-04
2026-04-22 14:21:30,549 INFO Epoch 17 | Batch 150 | Loss: 0.8053 | LR: 1.39e-04
2026-04-22 14:21:38,431 INFO Epoch 17 | Batch 200 | Loss: 0.7640 | LR: 1.38e-04
2026-04-22 14:21:45,921 INFO Epoch 17 | Batch 250 | Loss: 0.6196 | LR: 1.38e-04
2026-04-22 14:21:53,542 INFO Epoch 17 | Batch 300 | Loss: 0.7908 | LR: 1.37e-04
2026-04-22 14:22:01,180 INFO Epoch 17 | Batch 350 | Loss: 0.5965 | LR: 1.36e-04
2026-04-22 14:22:08,824 INFO Epoch 17 | Batch 400 | Loss: 0.7617 | LR: 1.36e-04
2026-04-22 14:22:16,329 INFO Epoch 17 | Batch 450 | Loss: 0.9093 | LR: 1.35e-04
2026-04-22 14:22:23,910 INFO Epoch 17 | Batch 500 | Loss: 0.8261 | LR: 1.34e-04
2026-04-22 14:22:31,406 INFO Epoch 17 | Batch 550 | Loss: 0.7522 | LR: 1.34e-04
2026-04-22 14:22:38,948 INFO Epoch 17 | Batch 600 | Loss: 0.6382 | LR: 1.33e-04
2026-04-22 14:22:46,546 INFO Epoch 17 | Batch 650 | Loss: 0.8305 | LR: 1.32e-04
2026-04-22 14:22:53,973 INFO Epoch 17 | Batch 700 | Loss: 0.6192 | LR: 1.32e-04
2026-04-22 14:23:01,225 INFO Epoch 17 | Batch 750 | Loss: 0.7432 | LR: 1.31e-04
2026-04-22 14:23:08,704 INFO Epoch 17 | Batch 800 | Loss: 0.6211 | LR: 1.31e-04
2026-04-22 14:23:16,086 INFO Epoch 17 | Batch 850 | Loss: 0.8639 | LR: 1.30e-04
2026-04-22 14:23:23,511 INFO Epoch 17 | Batch 900 | Loss: 0.5575 | LR: 1.29e-04
2026-04-22 14:23:30,861 INFO Epoch 17 | Batch 950 | Loss: 0.7450 | LR: 1.29e-04
2026-04-22 14:23:38,269 INFO Epoch 17 | Batch 1000 | Loss: 0.7998 | LR: 1.28e-04
2026-04-22 14:23:45,571 INFO Epoch 17 | Batch 1050 | Loss: 0.6539 | LR: 1.27e-04
2026-04-22 14:23:52,989 INFO Epoch 17 | Batch 1100 | Loss: 0.6728 | LR: 1.27e-04
2026-04-22 14:24:00,437 INFO Epoch 17 | Batch 1150 | Loss: 0.9003 | LR: 1.26e-04
2026-04-22 14:24:07,788 INFO Epoch 17 | Batch 1200 | Loss: 0.8076 | LR: 1.25e-04
2026-04-22 14:24:26,654 INFO Epoch 17 | Train: 0.7817 | Dev CER: 0.1335 | Dev WER: 0.3928 | Time: 202s | Peak: 12.0 GB
2026-04-22 14:24:26,654 INFO   New best CER: 0.1335
2026-04-22 14:24:30,532 INFO Epoch 18 | Batch 0 | Loss: 1.0183 | LR: 1.25e-04
2026-04-22 14:24:38,529 INFO Epoch 18 | Batch 50 | Loss: 0.6732 | LR: 1.24e-04
2026-04-22 14:24:46,404 INFO Epoch 18 | Batch 100 | Loss: 0.6960 | LR: 1.24e-04
2026-04-22 14:24:54,062 INFO Epoch 18 | Batch 150 | Loss: 0.9106 | LR: 1.23e-04
2026-04-22 14:25:01,940 INFO Epoch 18 | Batch 200 | Loss: 0.9519 | LR: 1.22e-04
2026-04-22 14:25:09,646 INFO Epoch 18 | Batch 250 | Loss: 0.6027 | LR: 1.22e-04
2026-04-22 14:25:17,637 INFO Epoch 18 | Batch 300 | Loss: 0.6670 | LR: 1.21e-04
2026-04-22 14:25:25,485 INFO Epoch 18 | Batch 350 | Loss: 0.5585 | LR: 1.20e-04
2026-04-22 14:25:33,467 INFO Epoch 18 | Batch 400 | Loss: 0.7530 | LR: 1.20e-04
2026-04-22 14:25:41,234 INFO Epoch 18 | Batch 450 | Loss: 0.6846 | LR: 1.19e-04
2026-04-22 14:25:49,041 INFO Epoch 18 | Batch 500 | Loss: 0.6146 | LR: 1.19e-04
2026-04-22 14:25:56,704 INFO Epoch 18 | Batch 550 | Loss: 0.5553 | LR: 1.18e-04
2026-04-22 14:26:04,679 INFO Epoch 18 | Batch 600 | Loss: 0.4474 | LR: 1.17e-04
2026-04-22 14:26:12,516 INFO Epoch 18 | Batch 650 | Loss: 1.1244 | LR: 1.17e-04
2026-04-22 14:26:20,153 INFO Epoch 18 | Batch 700 | Loss: 0.6045 | LR: 1.16e-04
2026-04-22 14:26:27,842 INFO Epoch 18 | Batch 750 | Loss: 0.7577 | LR: 1.15e-04
2026-04-22 14:26:35,540 INFO Epoch 18 | Batch 800 | Loss: 0.9954 | LR: 1.15e-04
2026-04-22 14:26:43,356 INFO Epoch 18 | Batch 850 | Loss: 0.8720 | LR: 1.14e-04
2026-04-22 14:26:51,052 INFO Epoch 18 | Batch 900 | Loss: 0.6320 | LR: 1.13e-04
2026-04-22 14:26:58,727 INFO Epoch 18 | Batch 950 | Loss: 0.7685 | LR: 1.13e-04
2026-04-22 14:27:06,408 INFO Epoch 18 | Batch 1000 | Loss: 0.7974 | LR: 1.12e-04
2026-04-22 14:27:14,112 INFO Epoch 18 | Batch 1050 | Loss: 0.7993 | LR: 1.12e-04
2026-04-22 14:27:21,907 INFO Epoch 18 | Batch 1100 | Loss: 0.9006 | LR: 1.11e-04
2026-04-22 14:27:29,629 INFO Epoch 18 | Batch 1150 | Loss: 1.2468 | LR: 1.10e-04
2026-04-22 14:27:37,291 INFO Epoch 18 | Batch 1200 | Loss: 0.6859 | LR: 1.10e-04
2026-04-22 14:27:55,239 INFO Epoch 18 | Train: 0.7606 | Dev CER: 0.1301 | Dev WER: 0.3821 | Time: 208s | Peak: 12.0 GB
2026-04-22 14:27:55,239 INFO   New best CER: 0.1301
2026-04-22 14:27:58,854 INFO Epoch 19 | Batch 0 | Loss: 0.9877 | LR: 1.09e-04
2026-04-22 14:28:06,501 INFO Epoch 19 | Batch 50 | Loss: 0.5321 | LR: 1.09e-04
2026-04-22 14:28:14,300 INFO Epoch 19 | Batch 100 | Loss: 0.7091 | LR: 1.08e-04
2026-04-22 14:28:22,221 INFO Epoch 19 | Batch 150 | Loss: 0.4473 | LR: 1.07e-04
2026-04-22 14:28:29,872 INFO Epoch 19 | Batch 200 | Loss: 0.6058 | LR: 1.07e-04
2026-04-22 14:28:37,228 INFO Epoch 19 | Batch 250 | Loss: 0.7239 | LR: 1.06e-04
2026-04-22 14:28:44,905 INFO Epoch 19 | Batch 300 | Loss: 0.7578 | LR: 1.06e-04
2026-04-22 14:28:52,580 INFO Epoch 19 | Batch 350 | Loss: 1.0284 | LR: 1.05e-04
2026-04-22 14:29:00,032 INFO Epoch 19 | Batch 400 | Loss: 0.8082 | LR: 1.04e-04
2026-04-22 14:29:07,737 INFO Epoch 19 | Batch 450 | Loss: 0.9346 | LR: 1.04e-04
2026-04-22 14:29:14,974 INFO Epoch 19 | Batch 500 | Loss: 1.1085 | LR: 1.03e-04
2026-04-22 14:29:22,469 INFO Epoch 19 | Batch 550 | Loss: 0.7165 | LR: 1.02e-04
2026-04-22 14:29:29,780 INFO Epoch 19 | Batch 600 | Loss: 0.6719 | LR: 1.02e-04
2026-04-22 14:29:37,436 INFO Epoch 19 | Batch 650 | Loss: 1.0548 | LR: 1.01e-04
2026-04-22 14:29:45,072 INFO Epoch 19 | Batch 700 | Loss: 0.6625 | LR: 1.01e-04
2026-04-22 14:29:52,646 INFO Epoch 19 | Batch 750 | Loss: 0.9553 | LR: 1.00e-04
2026-04-22 14:30:00,371 INFO Epoch 19 | Batch 800 | Loss: 0.5956 | LR: 9.94e-05
2026-04-22 14:30:08,005 INFO Epoch 19 | Batch 850 | Loss: 0.7611 | LR: 9.88e-05
2026-04-22 14:30:15,572 INFO Epoch 19 | Batch 900 | Loss: 0.7224 | LR: 9.81e-05
2026-04-22 14:30:23,019 INFO Epoch 19 | Batch 950 | Loss: 0.7329 | LR: 9.75e-05
2026-04-22 14:30:30,460 INFO Epoch 19 | Batch 1000 | Loss: 0.6588 | LR: 9.69e-05
2026-04-22 14:30:37,766 INFO Epoch 19 | Batch 1050 | Loss: 0.6228 | LR: 9.63e-05
2026-04-22 14:30:45,042 INFO Epoch 19 | Batch 1100 | Loss: 0.6661 | LR: 9.57e-05
2026-04-22 14:30:52,408 INFO Epoch 19 | Batch 1150 | Loss: 0.9470 | LR: 9.51e-05
2026-04-22 14:30:59,933 INFO Epoch 19 | Batch 1200 | Loss: 0.5653 | LR: 9.45e-05
2026-04-22 14:31:19,775 INFO Epoch 19 | Train: 0.7520 | Dev CER: 0.1272 | Dev WER: 0.3767 | Time: 204s | Peak: 12.0 GB
2026-04-22 14:31:19,775 INFO   New best CER: 0.1272
2026-04-22 14:31:23,545 INFO Epoch 20 | Batch 0 | Loss: 0.5421 | LR: 9.41e-05
2026-04-22 14:31:30,680 INFO Epoch 20 | Batch 50 | Loss: 0.6772 | LR: 9.35e-05
2026-04-22 14:31:38,107 INFO Epoch 20 | Batch 100 | Loss: 0.4209 | LR: 9.29e-05
2026-04-22 14:31:45,377 INFO Epoch 20 | Batch 150 | Loss: 0.7815 | LR: 9.23e-05
2026-04-22 14:31:52,693 INFO Epoch 20 | Batch 200 | Loss: 0.7141 | LR: 9.17e-05
2026-04-22 14:32:00,084 INFO Epoch 20 | Batch 250 | Loss: 0.8086 | LR: 9.11e-05
2026-04-22 14:32:07,312 INFO Epoch 20 | Batch 300 | Loss: 0.5038 | LR: 9.05e-05
2026-04-22 14:32:14,694 INFO Epoch 20 | Batch 350 | Loss: 0.8433 | LR: 8.99e-05
2026-04-22 14:32:22,049 INFO Epoch 20 | Batch 400 | Loss: 0.7727 | LR: 8.93e-05
2026-04-22 14:32:29,385 INFO Epoch 20 | Batch 450 | Loss: 0.7271 | LR: 8.87e-05
2026-04-22 14:32:36,647 INFO Epoch 20 | Batch 500 | Loss: 0.6864 | LR: 8.81e-05
2026-04-22 14:32:44,015 INFO Epoch 20 | Batch 550 | Loss: 0.6134 | LR: 8.75e-05
2026-04-22 14:32:51,277 INFO Epoch 20 | Batch 600 | Loss: 1.2639 | LR: 8.69e-05
2026-04-22 14:32:58,646 INFO Epoch 20 | Batch 650 | Loss: 0.6096 | LR: 8.63e-05
2026-04-22 14:33:05,917 INFO Epoch 20 | Batch 700 | Loss: 1.0653 | LR: 8.57e-05
2026-04-22 14:33:13,362 INFO Epoch 20 | Batch 750 | Loss: 0.6008 | LR: 8.52e-05
2026-04-22 14:33:20,764 INFO Epoch 20 | Batch 800 | Loss: 0.8908 | LR: 8.46e-05
2026-04-22 14:33:28,120 INFO Epoch 20 | Batch 850 | Loss: 0.7024 | LR: 8.40e-05
2026-04-22 14:33:35,458 INFO Epoch 20 | Batch 900 | Loss: 0.5619 | LR: 8.34e-05
2026-04-22 14:33:42,562 INFO Epoch 20 | Batch 950 | Loss: 0.6825 | LR: 8.28e-05
2026-04-22 14:33:49,839 INFO Epoch 20 | Batch 1000 | Loss: 0.9089 | LR: 8.22e-05
2026-04-22 14:33:57,232 INFO Epoch 20 | Batch 1050 | Loss: 0.7370 | LR: 8.17e-05
2026-04-22 14:34:04,590 INFO Epoch 20 | Batch 1100 | Loss: 1.0313 | LR: 8.11e-05
2026-04-22 14:34:12,160 INFO Epoch 20 | Batch 1150 | Loss: 0.9971 | LR: 8.05e-05
2026-04-22 14:34:20,018 INFO Epoch 20 | Batch 1200 | Loss: 0.4623 | LR: 7.99e-05
2026-04-22 14:34:40,640 INFO Epoch 20 | Train: 0.7443 | Dev CER: 0.1259 | Dev WER: 0.3709 | Time: 200s | Peak: 12.0 GB
2026-04-22 14:34:40,641 INFO   New best CER: 0.1259
2026-04-22 14:34:44,493 INFO Epoch 21 | Batch 0 | Loss: 0.7214 | LR: 7.95e-05
2026-04-22 14:34:52,456 INFO Epoch 21 | Batch 50 | Loss: 0.8599 | LR: 7.90e-05
2026-04-22 14:35:00,313 INFO Epoch 21 | Batch 100 | Loss: 0.8165 | LR: 7.84e-05
2026-04-22 14:35:08,168 INFO Epoch 21 | Batch 150 | Loss: 0.6379 | LR: 7.78e-05
2026-04-22 14:35:16,017 INFO Epoch 21 | Batch 200 | Loss: 0.5342 | LR: 7.72e-05
2026-04-22 14:35:23,781 INFO Epoch 21 | Batch 250 | Loss: 0.6941 | LR: 7.67e-05
2026-04-22 14:35:31,546 INFO Epoch 21 | Batch 300 | Loss: 0.6206 | LR: 7.61e-05
2026-04-22 14:35:38,955 INFO Epoch 21 | Batch 350 | Loss: 0.5678 | LR: 7.56e-05
2026-04-22 14:35:46,423 INFO Epoch 21 | Batch 400 | Loss: 0.6697 | LR: 7.50e-05
2026-04-22 14:35:53,603 INFO Epoch 21 | Batch 450 | Loss: 0.6095 | LR: 7.44e-05
2026-04-22 14:36:01,021 INFO Epoch 21 | Batch 500 | Loss: 0.8120 | LR: 7.39e-05
2026-04-22 14:36:08,425 INFO Epoch 21 | Batch 550 | Loss: 0.6442 | LR: 7.33e-05
2026-04-22 14:36:15,955 INFO Epoch 21 | Batch 600 | Loss: 0.5837 | LR: 7.28e-05
2026-04-22 14:36:23,872 INFO Epoch 21 | Batch 650 | Loss: 0.8353 | LR: 7.22e-05
2026-04-22 14:36:31,462 INFO Epoch 21 | Batch 700 | Loss: 0.9946 | LR: 7.16e-05
2026-04-22 14:36:39,091 INFO Epoch 21 | Batch 750 | Loss: 0.6006 | LR: 7.11e-05
2026-04-22 14:36:46,753 INFO Epoch 21 | Batch 800 | Loss: 0.9659 | LR: 7.05e-05
2026-04-22 14:36:54,607 INFO Epoch 21 | Batch 850 | Loss: 0.5614 | LR: 7.00e-05
2026-04-22 14:37:02,198 INFO Epoch 21 | Batch 900 | Loss: 1.0091 | LR: 6.94e-05
2026-04-22 14:37:09,694 INFO Epoch 21 | Batch 950 | Loss: 0.5879 | LR: 6.89e-05
2026-04-22 14:37:17,440 INFO Epoch 21 | Batch 1000 | Loss: 0.4629 | LR: 6.84e-05
2026-04-22 14:37:25,068 INFO Epoch 21 | Batch 1050 | Loss: 0.6676 | LR: 6.78e-05
2026-04-22 14:37:32,750 INFO Epoch 21 | Batch 1100 | Loss: 0.7000 | LR: 6.73e-05
2026-04-22 14:37:40,464 INFO Epoch 21 | Batch 1150 | Loss: 0.6747 | LR: 6.67e-05
2026-04-22 14:37:48,071 INFO Epoch 21 | Batch 1200 | Loss: 1.1259 | LR: 6.62e-05
2026-04-22 14:38:08,363 INFO Epoch 21 | Train: 0.7257 | Dev CER: 0.1227 | Dev WER: 0.3638 | Time: 207s | Peak: 12.0 GB
2026-04-22 14:38:08,363 INFO   New best CER: 0.1227
2026-04-22 14:38:12,039 INFO Epoch 22 | Batch 0 | Loss: 0.9976 | LR: 6.58e-05
2026-04-22 14:38:19,566 INFO Epoch 22 | Batch 50 | Loss: 0.4960 | LR: 6.53e-05
2026-04-22 14:38:26,980 INFO Epoch 22 | Batch 100 | Loss: 0.5228 | LR: 6.47e-05
2026-04-22 14:38:33,593 INFO Epoch 22 | Batch 150 | Loss: 1.0310 | LR: 6.42e-05
2026-04-22 14:38:40,439 INFO Epoch 22 | Batch 200 | Loss: 0.8113 | LR: 6.37e-05
2026-04-22 14:38:47,788 INFO Epoch 22 | Batch 250 | Loss: 0.5665 | LR: 6.31e-05
2026-04-22 14:38:54,966 INFO Epoch 22 | Batch 300 | Loss: 0.7160 | LR: 6.26e-05
2026-04-22 14:39:02,185 INFO Epoch 22 | Batch 350 | Loss: 0.8758 | LR: 6.21e-05
2026-04-22 14:39:09,486 INFO Epoch 22 | Batch 400 | Loss: 0.6245 | LR: 6.16e-05
2026-04-22 14:39:16,812 INFO Epoch 22 | Batch 450 | Loss: 0.5484 | LR: 6.10e-05
2026-04-22 14:39:24,143 INFO Epoch 22 | Batch 500 | Loss: 0.4824 | LR: 6.05e-05
2026-04-22 14:39:31,651 INFO Epoch 22 | Batch 550 | Loss: 0.6966 | LR: 6.00e-05
2026-04-22 14:39:38,914 INFO Epoch 22 | Batch 600 | Loss: 0.7587 | LR: 5.95e-05
2026-04-22 14:39:45,662 INFO Epoch 22 | Batch 650 | Loss: 0.7505 | LR: 5.90e-05
2026-04-22 14:39:53,012 INFO Epoch 22 | Batch 700 | Loss: 0.4984 | LR: 5.85e-05
2026-04-22 14:40:00,313 INFO Epoch 22 | Batch 750 | Loss: 0.7819 | LR: 5.79e-05
2026-04-22 14:40:07,325 INFO Epoch 22 | Batch 800 | Loss: 0.7435 | LR: 5.74e-05
2026-04-22 14:40:14,589 INFO Epoch 22 | Batch 850 | Loss: 0.7543 | LR: 5.69e-05
2026-04-22 14:40:21,836 INFO Epoch 22 | Batch 900 | Loss: 0.8799 | LR: 5.64e-05
2026-04-22 14:40:29,001 INFO Epoch 22 | Batch 950 | Loss: 0.8436 | LR: 5.59e-05
2026-04-22 14:40:36,296 INFO Epoch 22 | Batch 1000 | Loss: 0.5414 | LR: 5.54e-05
2026-04-22 14:40:43,628 INFO Epoch 22 | Batch 1050 | Loss: 0.6329 | LR: 5.49e-05
2026-04-22 14:40:51,027 INFO Epoch 22 | Batch 1100 | Loss: 0.7480 | LR: 5.44e-05
2026-04-22 14:40:58,339 INFO Epoch 22 | Batch 1150 | Loss: 0.6631 | LR: 5.39e-05
2026-04-22 14:41:05,861 INFO Epoch 22 | Batch 1200 | Loss: 0.9196 | LR: 5.34e-05
2026-04-22 14:41:26,027 INFO Epoch 22 | Train: 0.7185 | Dev CER: 0.1211 | Dev WER: 0.3581 | Time: 197s | Peak: 12.0 GB
2026-04-22 14:41:26,027 INFO   New best CER: 0.1211
2026-04-22 14:41:29,667 INFO Epoch 23 | Batch 0 | Loss: 0.7119 | LR: 5.31e-05
2026-04-22 14:41:37,339 INFO Epoch 23 | Batch 50 | Loss: 0.7734 | LR: 5.26e-05
2026-04-22 14:41:44,774 INFO Epoch 23 | Batch 100 | Loss: 0.5622 | LR: 5.21e-05
2026-04-22 14:41:52,109 INFO Epoch 23 | Batch 150 | Loss: 0.8040 | LR: 5.16e-05
2026-04-22 14:41:59,688 INFO Epoch 23 | Batch 200 | Loss: 0.5047 | LR: 5.11e-05
2026-04-22 14:42:07,498 INFO Epoch 23 | Batch 250 | Loss: 0.8431 | LR: 5.06e-05
2026-04-22 14:42:14,621 INFO Epoch 23 | Batch 300 | Loss: 0.5794 | LR: 5.01e-05
2026-04-22 14:42:21,634 INFO Epoch 23 | Batch 350 | Loss: 0.7977 | LR: 4.97e-05
2026-04-22 14:42:28,825 INFO Epoch 23 | Batch 400 | Loss: 0.8795 | LR: 4.92e-05
2026-04-22 14:42:36,172 INFO Epoch 23 | Batch 450 | Loss: 0.5484 | LR: 4.87e-05
2026-04-22 14:42:43,553 INFO Epoch 23 | Batch 500 | Loss: 0.8336 | LR: 4.82e-05
2026-04-22 14:42:51,152 INFO Epoch 23 | Batch 550 | Loss: 0.7693 | LR: 4.77e-05
2026-04-22 14:42:58,882 INFO Epoch 23 | Batch 600 | Loss: 0.6014 | LR: 4.73e-05
2026-04-22 14:43:06,551 INFO Epoch 23 | Batch 650 | Loss: 1.0665 | LR: 4.68e-05
2026-04-22 14:43:14,197 INFO Epoch 23 | Batch 700 | Loss: 0.9082 | LR: 4.63e-05
2026-04-22 14:43:21,803 INFO Epoch 23 | Batch 750 | Loss: 1.0730 | LR: 4.59e-05
2026-04-22 14:43:29,468 INFO Epoch 23 | Batch 800 | Loss: 0.5463 | LR: 4.54e-05
2026-04-22 14:43:37,118 INFO Epoch 23 | Batch 850 | Loss: 0.6730 | LR: 4.49e-05
2026-04-22 14:43:44,620 INFO Epoch 23 | Batch 900 | Loss: 0.5443 | LR: 4.45e-05
2026-04-22 14:43:52,258 INFO Epoch 23 | Batch 950 | Loss: 0.8111 | LR: 4.40e-05
2026-04-22 14:43:59,865 INFO Epoch 23 | Batch 1000 | Loss: 0.7895 | LR: 4.36e-05
2026-04-22 14:44:07,463 INFO Epoch 23 | Batch 1050 | Loss: 0.6005 | LR: 4.31e-05
2026-04-22 14:44:15,063 INFO Epoch 23 | Batch 1100 | Loss: 0.6531 | LR: 4.27e-05
2026-04-22 14:44:22,564 INFO Epoch 23 | Batch 1150 | Loss: 0.5542 | LR: 4.22e-05
2026-04-22 14:44:30,335 INFO Epoch 23 | Batch 1200 | Loss: 0.6431 | LR: 4.18e-05
2026-04-22 14:44:50,408 INFO Epoch 23 | Train: 0.7003 | Dev CER: 0.1195 | Dev WER: 0.3544 | Time: 204s | Peak: 12.0 GB
2026-04-22 14:44:50,408 INFO   New best CER: 0.1195
2026-04-22 14:44:54,306 INFO Epoch 24 | Batch 0 | Loss: 0.5600 | LR: 4.14e-05
2026-04-22 14:45:02,113 INFO Epoch 24 | Batch 50 | Loss: 0.6766 | LR: 4.10e-05
2026-04-22 14:45:09,819 INFO Epoch 24 | Batch 100 | Loss: 0.6732 | LR: 4.06e-05
2026-04-22 14:45:17,485 INFO Epoch 24 | Batch 150 | Loss: 0.6878 | LR: 4.01e-05
2026-04-22 14:45:25,432 INFO Epoch 24 | Batch 200 | Loss: 0.6086 | LR: 3.97e-05
2026-04-22 14:45:33,157 INFO Epoch 24 | Batch 250 | Loss: 0.5144 | LR: 3.92e-05
2026-04-22 14:45:40,740 INFO Epoch 24 | Batch 300 | Loss: 0.5434 | LR: 3.88e-05
2026-04-22 14:45:48,522 INFO Epoch 24 | Batch 350 | Loss: 0.5622 | LR: 3.84e-05
2026-04-22 14:45:56,476 INFO Epoch 24 | Batch 400 | Loss: 0.4929 | LR: 3.80e-05
2026-04-22 14:46:04,304 INFO Epoch 24 | Batch 450 | Loss: 0.6647 | LR: 3.75e-05
2026-04-22 14:46:12,295 INFO Epoch 24 | Batch 500 | Loss: 0.7636 | LR: 3.71e-05
2026-04-22 14:46:20,250 INFO Epoch 24 | Batch 550 | Loss: 0.5617 | LR: 3.67e-05
2026-04-22 14:46:28,271 INFO Epoch 24 | Batch 600 | Loss: 0.8630 | LR: 3.63e-05
2026-04-22 14:46:35,955 INFO Epoch 24 | Batch 650 | Loss: 0.6920 | LR: 3.58e-05
2026-04-22 14:46:43,598 INFO Epoch 24 | Batch 700 | Loss: 0.7900 | LR: 3.54e-05
2026-04-22 14:46:51,256 INFO Epoch 24 | Batch 750 | Loss: 1.0017 | LR: 3.50e-05
2026-04-22 14:46:58,824 INFO Epoch 24 | Batch 800 | Loss: 0.7484 | LR: 3.46e-05
2026-04-22 14:47:06,390 INFO Epoch 24 | Batch 850 | Loss: 0.6362 | LR: 3.42e-05
2026-04-22 14:47:14,155 INFO Epoch 24 | Batch 900 | Loss: 0.7121 | LR: 3.38e-05
2026-04-22 14:47:21,751 INFO Epoch 24 | Batch 950 | Loss: 1.1675 | LR: 3.34e-05
2026-04-22 14:47:29,378 INFO Epoch 24 | Batch 1000 | Loss: 0.8740 | LR: 3.30e-05
2026-04-22 14:47:36,900 INFO Epoch 24 | Batch 1050 | Loss: 0.5259 | LR: 3.26e-05
2026-04-22 14:47:44,428 INFO Epoch 24 | Batch 1100 | Loss: 0.4789 | LR: 3.22e-05
2026-04-22 14:47:52,074 INFO Epoch 24 | Batch 1150 | Loss: 0.7459 | LR: 3.18e-05
2026-04-22 14:47:59,607 INFO Epoch 24 | Batch 1200 | Loss: 0.7266 | LR: 3.14e-05
2026-04-22 14:48:20,562 INFO Epoch 24 | Train: 0.6919 | Dev CER: 0.1187 | Dev WER: 0.3534 | Time: 209s | Peak: 12.0 GB
2026-04-22 14:48:20,562 INFO   New best CER: 0.1187
2026-04-22 14:48:24,769 INFO Epoch 25 | Batch 0 | Loss: 0.5035 | LR: 3.11e-05
2026-04-22 14:48:32,628 INFO Epoch 25 | Batch 50 | Loss: 0.9077 | LR: 3.07e-05
2026-04-22 14:48:40,366 INFO Epoch 25 | Batch 100 | Loss: 0.5859 | LR: 3.03e-05
2026-04-22 14:48:47,837 INFO Epoch 25 | Batch 150 | Loss: 0.6749 | LR: 2.99e-05
2026-04-22 14:48:55,179 INFO Epoch 25 | Batch 200 | Loss: 0.6572 | LR: 2.95e-05
2026-04-22 14:49:02,552 INFO Epoch 25 | Batch 250 | Loss: 1.1490 | LR: 2.92e-05
2026-04-22 14:49:10,092 INFO Epoch 25 | Batch 300 | Loss: 0.6171 | LR: 2.88e-05
2026-04-22 14:49:17,486 INFO Epoch 25 | Batch 350 | Loss: 0.7058 | LR: 2.84e-05
2026-04-22 14:49:25,085 INFO Epoch 25 | Batch 400 | Loss: 0.5669 | LR: 2.80e-05
2026-04-22 14:49:32,747 INFO Epoch 25 | Batch 450 | Loss: 0.6550 | LR: 2.77e-05
2026-04-22 14:49:40,387 INFO Epoch 25 | Batch 500 | Loss: 0.7638 | LR: 2.73e-05
2026-04-22 14:49:48,041 INFO Epoch 25 | Batch 550 | Loss: 0.8090 | LR: 2.69e-05
2026-04-22 14:49:55,504 INFO Epoch 25 | Batch 600 | Loss: 0.8077 | LR: 2.66e-05
2026-04-22 14:50:02,940 INFO Epoch 25 | Batch 650 | Loss: 0.5714 | LR: 2.62e-05
2026-04-22 14:50:10,591 INFO Epoch 25 | Batch 700 | Loss: 0.6871 | LR: 2.58e-05
2026-04-22 14:50:18,097 INFO Epoch 25 | Batch 750 | Loss: 0.6731 | LR: 2.55e-05
2026-04-22 14:50:25,699 INFO Epoch 25 | Batch 800 | Loss: 0.6833 | LR: 2.51e-05
2026-04-22 14:50:33,391 INFO Epoch 25 | Batch 850 | Loss: 0.6466 | LR: 2.48e-05
2026-04-22 14:50:40,871 INFO Epoch 25 | Batch 900 | Loss: 0.7782 | LR: 2.44e-05
2026-04-22 14:50:48,544 INFO Epoch 25 | Batch 950 | Loss: 0.8893 | LR: 2.41e-05
2026-04-22 14:50:55,874 INFO Epoch 25 | Batch 1000 | Loss: 0.5714 | LR: 2.37e-05
2026-04-22 14:51:03,603 INFO Epoch 25 | Batch 1050 | Loss: 0.5734 | LR: 2.34e-05
2026-04-22 14:51:11,288 INFO Epoch 25 | Batch 1100 | Loss: 0.8828 | LR: 2.30e-05
2026-04-22 14:51:18,922 INFO Epoch 25 | Batch 1150 | Loss: 0.3743 | LR: 2.27e-05
2026-04-22 14:51:26,650 INFO Epoch 25 | Batch 1200 | Loss: 0.7154 | LR: 2.24e-05
2026-04-22 14:51:45,363 INFO Epoch 25 | Train: 0.6858 | Dev CER: 0.1180 | Dev WER: 0.3524 | Time: 204s | Peak: 12.0 GB
2026-04-22 14:51:45,363 INFO   New best CER: 0.1180
2026-04-22 14:51:48,968 INFO Epoch 26 | Batch 0 | Loss: 0.5489 | LR: 2.21e-05
2026-04-22 14:51:56,667 INFO Epoch 26 | Batch 50 | Loss: 0.8078 | LR: 2.18e-05
2026-04-22 14:52:04,443 INFO Epoch 26 | Batch 100 | Loss: 0.5779 | LR: 2.15e-05
2026-04-22 14:52:11,902 INFO Epoch 26 | Batch 150 | Loss: 0.6177 | LR: 2.11e-05
2026-04-22 14:52:19,518 INFO Epoch 26 | Batch 200 | Loss: 0.5025 | LR: 2.08e-05
2026-04-22 14:52:27,035 INFO Epoch 26 | Batch 250 | Loss: 0.6127 | LR: 2.05e-05
2026-04-22 14:52:34,703 INFO Epoch 26 | Batch 300 | Loss: 0.5932 | LR: 2.02e-05
2026-04-22 14:52:42,158 INFO Epoch 26 | Batch 350 | Loss: 0.7498 | LR: 1.98e-05
2026-04-22 14:52:49,768 INFO Epoch 26 | Batch 400 | Loss: 0.7260 | LR: 1.95e-05
2026-04-22 14:52:57,368 INFO Epoch 26 | Batch 450 | Loss: 0.9674 | LR: 1.92e-05
2026-04-22 14:53:04,900 INFO Epoch 26 | Batch 500 | Loss: 0.4150 | LR: 1.89e-05
2026-04-22 14:53:12,451 INFO Epoch 26 | Batch 550 | Loss: 0.7115 | LR: 1.86e-05
2026-04-22 14:53:19,979 INFO Epoch 26 | Batch 600 | Loss: 0.5620 | LR: 1.83e-05
2026-04-22 14:53:27,465 INFO Epoch 26 | Batch 650 | Loss: 0.7452 | LR: 1.80e-05
2026-04-22 14:53:34,699 INFO Epoch 26 | Batch 700 | Loss: 0.7858 | LR: 1.77e-05
2026-04-22 14:53:42,335 INFO Epoch 26 | Batch 750 | Loss: 0.7484 | LR: 1.74e-05
2026-04-22 14:53:49,918 INFO Epoch 26 | Batch 800 | Loss: 0.6114 | LR: 1.71e-05
2026-04-22 14:53:57,589 INFO Epoch 26 | Batch 850 | Loss: 0.6092 | LR: 1.68e-05
2026-04-22 14:54:05,221 INFO Epoch 26 | Batch 900 | Loss: 0.4909 | LR: 1.65e-05
2026-04-22 14:54:12,677 INFO Epoch 26 | Batch 950 | Loss: 0.7458 | LR: 1.62e-05
2026-04-22 14:54:20,277 INFO Epoch 26 | Batch 1000 | Loss: 0.4632 | LR: 1.59e-05
2026-04-22 14:54:28,049 INFO Epoch 26 | Batch 1050 | Loss: 0.5311 | LR: 1.57e-05
2026-04-22 14:54:35,299 INFO Epoch 26 | Batch 1100 | Loss: 0.6747 | LR: 1.54e-05
2026-04-22 14:54:42,668 INFO Epoch 26 | Batch 1150 | Loss: 0.5413 | LR: 1.51e-05
2026-04-22 14:54:49,979 INFO Epoch 26 | Batch 1200 | Loss: 0.4794 | LR: 1.48e-05
2026-04-22 14:55:10,420 INFO Epoch 26 | Train: 0.6867 | Dev CER: 0.1169 | Dev WER: 0.3483 | Time: 204s | Peak: 12.0 GB
2026-04-22 14:55:10,420 INFO   New best CER: 0.1169
2026-04-22 14:55:14,521 INFO Epoch 27 | Batch 0 | Loss: 0.5627 | LR: 1.46e-05
2026-04-22 14:55:22,195 INFO Epoch 27 | Batch 50 | Loss: 0.6524 | LR: 1.44e-05
2026-04-22 14:55:29,682 INFO Epoch 27 | Batch 100 | Loss: 0.4630 | LR: 1.41e-05
2026-04-22 14:55:37,367 INFO Epoch 27 | Batch 150 | Loss: 0.8945 | LR: 1.38e-05
2026-04-22 14:55:44,920 INFO Epoch 27 | Batch 200 | Loss: 0.5954 | LR: 1.36e-05
2026-04-22 14:55:52,517 INFO Epoch 27 | Batch 250 | Loss: 0.6150 | LR: 1.33e-05
2026-04-22 14:56:00,137 INFO Epoch 27 | Batch 300 | Loss: 0.6030 | LR: 1.31e-05
2026-04-22 14:56:07,813 INFO Epoch 27 | Batch 350 | Loss: 0.9208 | LR: 1.28e-05
2026-04-22 14:56:15,330 INFO Epoch 27 | Batch 400 | Loss: 0.6117 | LR: 1.25e-05
2026-04-22 14:56:22,689 INFO Epoch 27 | Batch 450 | Loss: 0.8178 | LR: 1.23e-05
2026-04-22 14:56:30,157 INFO Epoch 27 | Batch 500 | Loss: 0.5376 | LR: 1.20e-05
2026-04-22 14:56:37,610 INFO Epoch 27 | Batch 550 | Loss: 0.8699 | LR: 1.18e-05
2026-04-22 14:56:45,263 INFO Epoch 27 | Batch 600 | Loss: 0.7005 | LR: 1.16e-05
2026-04-22 14:56:52,849 INFO Epoch 27 | Batch 650 | Loss: 0.5690 | LR: 1.13e-05
2026-04-22 14:57:00,505 INFO Epoch 27 | Batch 700 | Loss: 0.7352 | LR: 1.11e-05
2026-04-22 14:57:08,053 INFO Epoch 27 | Batch 750 | Loss: 0.7233 | LR: 1.09e-05
2026-04-22 14:57:15,687 INFO Epoch 27 | Batch 800 | Loss: 0.5951 | LR: 1.06e-05
2026-04-22 14:57:23,235 INFO Epoch 27 | Batch 850 | Loss: 0.7609 | LR: 1.04e-05
2026-04-22 14:57:30,785 INFO Epoch 27 | Batch 900 | Loss: 0.6336 | LR: 1.02e-05
2026-04-22 14:57:38,582 INFO Epoch 27 | Batch 950 | Loss: 0.8887 | LR: 9.95e-06
2026-04-22 14:57:46,082 INFO Epoch 27 | Batch 1000 | Loss: 0.5826 | LR: 9.72e-06
2026-04-22 14:57:53,686 INFO Epoch 27 | Batch 1050 | Loss: 0.5097 | LR: 9.51e-06
2026-04-22 14:58:01,307 INFO Epoch 27 | Batch 1100 | Loss: 0.3845 | LR: 9.29e-06
2026-04-22 14:58:08,911 INFO Epoch 27 | Batch 1150 | Loss: 0.5720 | LR: 9.08e-06
2026-04-22 14:58:16,562 INFO Epoch 27 | Batch 1200 | Loss: 0.7249 | LR: 8.87e-06
2026-04-22 14:58:36,551 INFO Epoch 27 | Train: 0.6808 | Dev CER: 0.1170 | Dev WER: 0.3477 | Time: 206s | Peak: 12.0 GB
2026-04-22 14:58:40,217 INFO Epoch 28 | Batch 0 | Loss: 0.6019 | LR: 8.72e-06
2026-04-22 14:58:47,697 INFO Epoch 28 | Batch 50 | Loss: 0.5631 | LR: 8.52e-06
2026-04-22 14:58:55,137 INFO Epoch 28 | Batch 100 | Loss: 0.6776 | LR: 8.31e-06
2026-04-22 14:59:02,743 INFO Epoch 28 | Batch 150 | Loss: 0.5455 | LR: 8.11e-06
2026-04-22 14:59:10,609 INFO Epoch 28 | Batch 200 | Loss: 0.6297 | LR: 7.92e-06
2026-04-22 14:59:18,290 INFO Epoch 28 | Batch 250 | Loss: 0.7629 | LR: 7.72e-06
2026-04-22 14:59:25,842 INFO Epoch 28 | Batch 300 | Loss: 0.7063 | LR: 7.53e-06
2026-04-22 14:59:33,546 INFO Epoch 28 | Batch 350 | Loss: 0.5735 | LR: 7.34e-06
2026-04-22 14:59:41,232 INFO Epoch 28 | Batch 400 | Loss: 0.5107 | LR: 7.16e-06
2026-04-22 14:59:48,927 INFO Epoch 28 | Batch 450 | Loss: 0.9148 | LR: 6.97e-06
2026-04-22 14:59:56,647 INFO Epoch 28 | Batch 500 | Loss: 0.6143 | LR: 6.79e-06
2026-04-22 15:00:04,411 INFO Epoch 28 | Batch 550 | Loss: 0.7104 | LR: 6.61e-06
2026-04-22 15:00:12,138 INFO Epoch 28 | Batch 600 | Loss: 0.7994 | LR: 6.44e-06
2026-04-22 15:00:20,111 INFO Epoch 28 | Batch 650 | Loss: 0.6727 | LR: 6.27e-06
2026-04-22 15:00:27,731 INFO Epoch 28 | Batch 700 | Loss: 0.6983 | LR: 6.10e-06
2026-04-22 15:00:35,386 INFO Epoch 28 | Batch 750 | Loss: 0.6534 | LR: 5.93e-06
2026-04-22 15:00:43,103 INFO Epoch 28 | Batch 800 | Loss: 0.7776 | LR: 5.76e-06
2026-04-22 15:00:50,539 INFO Epoch 28 | Batch 850 | Loss: 0.7048 | LR: 5.60e-06
2026-04-22 15:00:58,428 INFO Epoch 28 | Batch 900 | Loss: 0.5848 | LR: 5.44e-06
2026-04-22 15:01:06,255 INFO Epoch 28 | Batch 950 | Loss: 0.7860 | LR: 5.29e-06
2026-04-22 15:01:13,784 INFO Epoch 28 | Batch 1000 | Loss: 0.5576 | LR: 5.13e-06
2026-04-22 15:01:21,367 INFO Epoch 28 | Batch 1050 | Loss: 0.7924 | LR: 4.98e-06
2026-04-22 15:01:29,004 INFO Epoch 28 | Batch 1100 | Loss: 0.5586 | LR: 4.84e-06
2026-04-22 15:01:36,274 INFO Epoch 28 | Batch 1150 | Loss: 0.4979 | LR: 4.69e-06
2026-04-22 15:01:43,686 INFO Epoch 28 | Batch 1200 | Loss: 0.6225 | LR: 4.55e-06
2026-04-22 15:02:04,932 INFO Epoch 28 | Train: 0.6796 | Dev CER: 0.1166 | Dev WER: 0.3475 | Time: 208s | Peak: 12.0 GB
2026-04-22 15:02:04,933 INFO   New best CER: 0.1166
2026-04-22 15:02:08,689 INFO Epoch 29 | Batch 0 | Loss: 0.6515 | LR: 4.45e-06
2026-04-22 15:02:16,371 INFO Epoch 29 | Batch 50 | Loss: 0.8724 | LR: 4.31e-06
2026-04-22 15:02:23,912 INFO Epoch 29 | Batch 100 | Loss: 0.7434 | LR: 4.17e-06
2026-04-22 15:02:31,554 INFO Epoch 29 | Batch 150 | Loss: 0.5440 | LR: 4.04e-06
2026-04-22 15:02:39,716 INFO Epoch 29 | Batch 200 | Loss: 0.5904 | LR: 3.91e-06
2026-04-22 15:02:48,107 INFO Epoch 29 | Batch 250 | Loss: 0.6653 | LR: 3.79e-06
2026-04-22 15:02:55,821 INFO Epoch 29 | Batch 300 | Loss: 0.6298 | LR: 3.66e-06
2026-04-22 15:03:03,226 INFO Epoch 29 | Batch 350 | Loss: 0.6844 | LR: 3.54e-06
2026-04-22 15:03:11,055 INFO Epoch 29 | Batch 400 | Loss: 0.5640 | LR: 3.42e-06
2026-04-22 15:03:18,580 INFO Epoch 29 | Batch 450 | Loss: 0.5864 | LR: 3.31e-06
2026-04-22 15:03:26,273 INFO Epoch 29 | Batch 500 | Loss: 0.9058 | LR: 3.20e-06
2026-04-22 15:03:34,165 INFO Epoch 29 | Batch 550 | Loss: 0.4845 | LR: 3.09e-06
2026-04-22 15:03:41,837 INFO Epoch 29 | Batch 600 | Loss: 0.8947 | LR: 2.98e-06
2026-04-22 15:03:49,722 INFO Epoch 29 | Batch 650 | Loss: 0.7653 | LR: 2.88e-06
2026-04-22 15:03:57,517 INFO Epoch 29 | Batch 700 | Loss: 0.6447 | LR: 2.77e-06
2026-04-22 15:04:05,332 INFO Epoch 29 | Batch 750 | Loss: 0.3818 | LR: 2.68e-06
2026-04-22 15:04:13,032 INFO Epoch 29 | Batch 800 | Loss: 0.6367 | LR: 2.58e-06
2026-04-22 15:04:20,808 INFO Epoch 29 | Batch 850 | Loss: 0.4872 | LR: 2.49e-06
2026-04-22 15:04:28,731 INFO Epoch 29 | Batch 900 | Loss: 0.6959 | LR: 2.40e-06
2026-04-22 15:04:36,424 INFO Epoch 29 | Batch 950 | Loss: 0.6452 | LR: 2.31e-06
2026-04-22 15:04:44,164 INFO Epoch 29 | Batch 1000 | Loss: 0.7319 | LR: 2.22e-06
2026-04-22 15:04:52,093 INFO Epoch 29 | Batch 1050 | Loss: 0.6244 | LR: 2.14e-06
2026-04-22 15:04:59,844 INFO Epoch 29 | Batch 1100 | Loss: 0.6573 | LR: 2.06e-06
2026-04-22 15:05:07,656 INFO Epoch 29 | Batch 1150 | Loss: 0.6768 | LR: 1.99e-06
2026-04-22 15:05:15,215 INFO Epoch 29 | Batch 1200 | Loss: 0.5096 | LR: 1.91e-06
2026-04-22 15:05:36,945 INFO Epoch 29 | Train: 0.6745 | Dev CER: 0.1162 | Dev WER: 0.3461 | Time: 211s | Peak: 12.0 GB
2026-04-22 15:05:36,945 INFO   New best CER: 0.1162
2026-04-22 15:05:41,041 INFO Epoch 30 | Batch 0 | Loss: 0.7514 | LR: 1.86e-06
2026-04-22 15:05:48,718 INFO Epoch 30 | Batch 50 | Loss: 0.6688 | LR: 1.80e-06
2026-04-22 15:05:56,482 INFO Epoch 30 | Batch 100 | Loss: 0.5433 | LR: 1.73e-06
2026-04-22 15:06:04,608 INFO Epoch 30 | Batch 150 | Loss: 0.6647 | LR: 1.67e-06
2026-04-22 15:06:12,535 INFO Epoch 30 | Batch 200 | Loss: 0.4933 | LR: 1.61e-06
2026-04-22 15:06:20,433 INFO Epoch 30 | Batch 250 | Loss: 0.6347 | LR: 1.55e-06
2026-04-22 15:06:28,248 INFO Epoch 30 | Batch 300 | Loss: 0.4652 | LR: 1.50e-06
2026-04-22 15:06:36,073 INFO Epoch 30 | Batch 350 | Loss: 0.6353 | LR: 1.44e-06
2026-04-22 15:06:43,954 INFO Epoch 30 | Batch 400 | Loss: 0.5994 | LR: 1.39e-06
2026-04-22 15:06:51,715 INFO Epoch 30 | Batch 450 | Loss: 0.8178 | LR: 1.35e-06
2026-04-22 15:06:59,419 INFO Epoch 30 | Batch 500 | Loss: 0.5267 | LR: 1.31e-06
2026-04-22 15:07:07,348 INFO Epoch 30 | Batch 550 | Loss: 0.7688 | LR: 1.27e-06
2026-04-22 15:07:15,050 INFO Epoch 30 | Batch 600 | Loss: 0.6739 | LR: 1.23e-06
2026-04-22 15:07:22,893 INFO Epoch 30 | Batch 650 | Loss: 0.7882 | LR: 1.19e-06
2026-04-22 15:07:30,772 INFO Epoch 30 | Batch 700 | Loss: 0.7080 | LR: 1.16e-06
2026-04-22 15:07:38,423 INFO Epoch 30 | Batch 750 | Loss: 0.4384 | LR: 1.13e-06
2026-04-22 15:07:46,274 INFO Epoch 30 | Batch 800 | Loss: 0.5120 | LR: 1.11e-06
2026-04-22 15:07:53,939 INFO Epoch 30 | Batch 850 | Loss: 0.6047 | LR: 1.08e-06
2026-04-22 15:08:01,626 INFO Epoch 30 | Batch 900 | Loss: 0.5778 | LR: 1.06e-06
2026-04-22 15:08:09,333 INFO Epoch 30 | Batch 950 | Loss: 0.6748 | LR: 1.05e-06
2026-04-22 15:08:17,095 INFO Epoch 30 | Batch 1000 | Loss: 0.6459 | LR: 1.03e-06
2026-04-22 15:08:24,755 INFO Epoch 30 | Batch 1050 | Loss: 0.4719 | LR: 1.02e-06
2026-04-22 15:08:32,485 INFO Epoch 30 | Batch 1100 | Loss: 0.6874 | LR: 1.01e-06
2026-04-22 15:08:40,143 INFO Epoch 30 | Batch 1150 | Loss: 0.6162 | LR: 1.00e-06
2026-04-22 15:08:47,864 INFO Epoch 30 | Batch 1200 | Loss: 0.5895 | LR: 1.00e-06
2026-04-22 15:09:07,936 INFO Epoch 30 | Train: 0.6756 | Dev CER: 0.1159 | Dev WER: 0.3456 | Time: 210s | Peak: 12.0 GB
2026-04-22 15:09:07,936 INFO   New best CER: 0.1159
2026-04-22 15:10:31,825 INFO Done. Best dev CER: 0.1159 | Test CER: 0.1150
