2026-04-11 22:43:02,016 INFO Loading LibriSpeech split=train.100 from HuggingFace...
2026-04-11 22:43:02,359 INFO HTTP Request: HEAD https://huggingface.co/datasets/openslr/librispeech_asr/resolve/main/README.md "HTTP/1.1 307 Temporary Redirect"
2026-04-11 22:43:02,410 INFO HTTP Request: HEAD https://huggingface.co/api/resolve-cache/datasets/openslr/librispeech_asr/71cacbfb7e2354c4226d01e70d77d5fca3d04ba1/README.md "HTTP/1.1 200 OK"
2026-04-11 22:43:02,594 INFO HTTP Request: HEAD https://huggingface.co/datasets/openslr/librispeech_asr/resolve/71cacbfb7e2354c4226d01e70d77d5fca3d04ba1/librispeech_asr.py "HTTP/1.1 404 Not Found"
2026-04-11 22:43:03,102 INFO HTTP Request: HEAD https://s3.amazonaws.com/datasets.huggingface.co/datasets/datasets/openslr/librispeech_asr/openslr/librispeech_asr.py "HTTP/1.1 404 Not Found"
2026-04-11 22:43:03,523 INFO HTTP Request: GET https://huggingface.co/api/datasets/openslr/librispeech_asr/revision/71cacbfb7e2354c4226d01e70d77d5fca3d04ba1 "HTTP/1.1 200 OK"
2026-04-11 22:43:03,744 INFO HTTP Request: HEAD https://huggingface.co/datasets/openslr/librispeech_asr/resolve/71cacbfb7e2354c4226d01e70d77d5fca3d04ba1/.huggingface.yaml "HTTP/1.1 404 Not Found"
2026-04-11 22:43:04,063 INFO HTTP Request: GET https://datasets-server.huggingface.co/info?dataset=openslr/librispeech_asr "HTTP/1.1 200 OK"
2026-04-11 22:43:04,245 INFO HTTP Request: GET https://huggingface.co/api/datasets/openslr/librispeech_asr/tree/71cacbfb7e2354c4226d01e70d77d5fca3d04ba1/clean%2Ftest?recursive=true&expand=false "HTTP/1.1 200 OK"
2026-04-11 22:43:04,420 INFO HTTP Request: GET https://huggingface.co/api/datasets/openslr/librispeech_asr/tree/71cacbfb7e2354c4226d01e70d77d5fca3d04ba1/clean?recursive=false&expand=false "HTTP/1.1 200 OK"
2026-04-11 22:43:04,603 INFO HTTP Request: GET https://huggingface.co/api/datasets/openslr/librispeech_asr/tree/71cacbfb7e2354c4226d01e70d77d5fca3d04ba1/clean%2Ftrain.100?recursive=true&expand=false "HTTP/1.1 200 OK"
2026-04-11 22:43:04,789 INFO HTTP Request: GET https://huggingface.co/api/datasets/openslr/librispeech_asr/tree/71cacbfb7e2354c4226d01e70d77d5fca3d04ba1/clean%2Ftrain.360?recursive=true&expand=false "HTTP/1.1 200 OK"
2026-04-11 22:43:04,977 INFO HTTP Request: GET https://huggingface.co/api/datasets/openslr/librispeech_asr/tree/71cacbfb7e2354c4226d01e70d77d5fca3d04ba1/clean%2Fvalidation?recursive=true&expand=false "HTTP/1.1 200 OK"
2026-04-11 22:43:05,153 INFO HTTP Request: HEAD https://huggingface.co/datasets/openslr/librispeech_asr/resolve/71cacbfb7e2354c4226d01e70d77d5fca3d04ba1/dataset_infos.json "HTTP/1.1 404 Not Found"
Warning: You are sending unauthenticated requests to the HF Hub. Please set a HF_TOKEN to enable higher rate limits and faster downloads.
2026-04-11 22:43:05,153 WARNING Warning: You are sending unauthenticated requests to the HF Hub. Please set a HF_TOKEN to enable higher rate limits and faster downloads.
2026-04-11 22:45:45,158 INFO Loaded 28538 utterances from train.100 (skipped 1 outside [0.5s, 20.0s])
2026-04-11 22:45:45,307 INFO Loading LibriSpeech split=validation from HuggingFace...
2026-04-11 22:45:45,648 INFO HTTP Request: HEAD https://huggingface.co/datasets/openslr/librispeech_asr/resolve/main/README.md "HTTP/1.1 307 Temporary Redirect"
2026-04-11 22:45:45,701 INFO HTTP Request: HEAD https://huggingface.co/api/resolve-cache/datasets/openslr/librispeech_asr/71cacbfb7e2354c4226d01e70d77d5fca3d04ba1/README.md "HTTP/1.1 200 OK"
2026-04-11 22:45:45,880 INFO HTTP Request: HEAD https://huggingface.co/datasets/openslr/librispeech_asr/resolve/71cacbfb7e2354c4226d01e70d77d5fca3d04ba1/librispeech_asr.py "HTTP/1.1 404 Not Found"
2026-04-11 22:45:46,390 INFO HTTP Request: HEAD https://s3.amazonaws.com/datasets.huggingface.co/datasets/datasets/openslr/librispeech_asr/openslr/librispeech_asr.py "HTTP/1.1 404 Not Found"
2026-04-11 22:45:46,582 INFO HTTP Request: HEAD https://huggingface.co/datasets/openslr/librispeech_asr/resolve/71cacbfb7e2354c4226d01e70d77d5fca3d04ba1/.huggingface.yaml "HTTP/1.1 404 Not Found"
2026-04-11 22:45:46,969 INFO HTTP Request: GET https://datasets-server.huggingface.co/info?dataset=openslr/librispeech_asr "HTTP/1.1 200 OK"
2026-04-11 22:45:47,159 INFO HTTP Request: HEAD https://huggingface.co/datasets/openslr/librispeech_asr/resolve/71cacbfb7e2354c4226d01e70d77d5fca3d04ba1/dataset_infos.json "HTTP/1.1 404 Not Found"
2026-04-11 22:45:56,263 INFO Loaded 2642 utterances from validation (skipped 61 outside [0.5s, 20.0s])
2026-04-11 22:45:56,263 INFO Loading LibriSpeech split=test from HuggingFace...
2026-04-11 22:45:56,583 INFO HTTP Request: HEAD https://huggingface.co/datasets/openslr/librispeech_asr/resolve/main/README.md "HTTP/1.1 307 Temporary Redirect"
2026-04-11 22:45:56,635 INFO HTTP Request: HEAD https://huggingface.co/api/resolve-cache/datasets/openslr/librispeech_asr/71cacbfb7e2354c4226d01e70d77d5fca3d04ba1/README.md "HTTP/1.1 200 OK"
2026-04-11 22:45:56,808 INFO HTTP Request: HEAD https://huggingface.co/datasets/openslr/librispeech_asr/resolve/71cacbfb7e2354c4226d01e70d77d5fca3d04ba1/librispeech_asr.py "HTTP/1.1 404 Not Found"
2026-04-11 22:45:57,313 INFO HTTP Request: HEAD https://s3.amazonaws.com/datasets.huggingface.co/datasets/datasets/openslr/librispeech_asr/openslr/librispeech_asr.py "HTTP/1.1 404 Not Found"
2026-04-11 22:45:57,627 INFO HTTP Request: HEAD https://huggingface.co/datasets/openslr/librispeech_asr/resolve/71cacbfb7e2354c4226d01e70d77d5fca3d04ba1/.huggingface.yaml "HTTP/1.1 404 Not Found"
2026-04-11 22:45:57,949 INFO HTTP Request: GET https://datasets-server.huggingface.co/info?dataset=openslr/librispeech_asr "HTTP/1.1 200 OK"
2026-04-11 22:45:58,136 INFO HTTP Request: HEAD https://huggingface.co/datasets/openslr/librispeech_asr/resolve/71cacbfb7e2354c4226d01e70d77d5fca3d04ba1/dataset_infos.json "HTTP/1.1 404 Not Found"
2026-04-11 22:46:07,285 INFO Loaded 2528 utterances from test (skipped 92 outside [0.5s, 20.0s])
2026-04-11 22:46:07,710 INFO Backbone: rwkv6 | Params: 7.74M
2026-04-11 22:46:07,711 INFO   Frontend: 1.90M | Encoder: 5.82M | Head: 8.0K
2026-04-11 22:46:10,014 INFO Epoch 1 | Batch 0 | Loss: 4.1256 | LR: 3.00e-07
2026-04-11 22:46:54,179 INFO Epoch 1 | Batch 50 | Loss: 2.9481 | LR: 1.53e-05
2026-04-11 22:47:40,175 INFO Epoch 1 | Batch 100 | Loss: 2.9268 | LR: 3.03e-05
2026-04-11 22:48:22,070 INFO Epoch 1 | Batch 150 | Loss: 2.8770 | LR: 4.53e-05
2026-04-11 22:49:05,399 INFO Epoch 1 | Batch 200 | Loss: 2.8438 | LR: 6.03e-05
2026-04-11 22:50:45,712 INFO Epoch 1 | Batch 250 | Loss: 2.8507 | LR: 7.53e-05
2026-04-11 22:52:29,714 INFO Epoch 1 | Batch 300 | Loss: 2.8443 | LR: 9.03e-05
2026-04-11 22:54:00,049 INFO Epoch 1 | Batch 350 | Loss: 2.8541 | LR: 1.05e-04
2026-04-11 22:54:42,141 INFO Epoch 1 | Batch 400 | Loss: 2.8697 | LR: 1.20e-04
2026-04-11 22:55:24,530 INFO Epoch 1 | Batch 450 | Loss: 2.7117 | LR: 1.35e-04
2026-04-11 22:56:07,355 INFO Epoch 1 | Batch 500 | Loss: 2.6828 | LR: 1.50e-04
2026-04-11 22:56:47,731 INFO Epoch 1 | Batch 550 | Loss: 2.6250 | LR: 1.65e-04
2026-04-11 22:57:29,381 INFO Epoch 1 | Batch 600 | Loss: 2.6629 | LR: 1.80e-04
2026-04-11 22:58:12,758 INFO Epoch 1 | Batch 650 | Loss: 2.4696 | LR: 1.95e-04
2026-04-11 22:58:55,107 INFO Epoch 1 | Batch 700 | Loss: 2.4689 | LR: 2.10e-04
2026-04-11 22:59:37,873 INFO Epoch 1 | Batch 750 | Loss: 2.4394 | LR: 2.25e-04
2026-04-11 23:00:18,779 INFO Epoch 1 | Batch 800 | Loss: 2.5887 | LR: 2.40e-04
2026-04-11 23:00:59,853 INFO Epoch 1 | Batch 850 | Loss: 2.2926 | LR: 2.55e-04
2026-04-11 23:01:41,265 INFO Epoch 1 | Batch 900 | Loss: 2.3726 | LR: 2.70e-04
2026-04-11 23:02:21,669 INFO Epoch 1 | Batch 950 | Loss: 2.2370 | LR: 2.85e-04
2026-04-11 23:03:02,802 INFO Epoch 1 | Batch 1000 | Loss: 2.0725 | LR: 3.00e-04
2026-04-11 23:03:44,736 INFO Epoch 1 | Batch 1050 | Loss: 2.1412 | LR: 2.99e-04
2026-04-11 23:04:24,769 INFO Epoch 1 | Batch 1100 | Loss: 2.1811 | LR: 2.97e-04
2026-04-11 23:05:07,334 INFO Epoch 1 | Batch 1150 | Loss: 2.2946 | LR: 2.92e-04
2026-04-11 23:05:49,100 INFO Epoch 1 | Batch 1200 | Loss: 2.1633 | LR: 2.86e-04
2026-04-11 23:06:27,560 INFO Epoch 1 | Train: 2.5673 | Dev CER: 0.5104 | Dev WER: 0.9855 | Time: 1220s | Peak: 6.3 GB
2026-04-11 23:06:27,560 INFO   New best CER: 0.5104
2026-04-11 23:06:30,052 INFO Epoch 2 | Batch 0 | Loss: 1.9908 | LR: 2.81e-04
2026-04-11 23:07:13,257 INFO Epoch 2 | Batch 50 | Loss: 2.2440 | LR: 2.73e-04
2026-04-11 23:07:57,577 INFO Epoch 2 | Batch 100 | Loss: 2.1726 | LR: 2.63e-04
2026-04-11 23:08:41,057 INFO Epoch 2 | Batch 150 | Loss: 2.0785 | LR: 2.52e-04
2026-04-11 23:09:24,109 INFO Epoch 2 | Batch 200 | Loss: 1.9107 | LR: 2.40e-04
2026-04-11 23:10:07,576 INFO Epoch 2 | Batch 250 | Loss: 1.7034 | LR: 2.26e-04
2026-04-11 23:10:52,487 INFO Epoch 2 | Batch 300 | Loss: 1.8773 | LR: 2.12e-04
2026-04-11 23:11:36,349 INFO Epoch 2 | Batch 350 | Loss: 1.8781 | LR: 1.97e-04
2026-04-11 23:12:21,453 INFO Epoch 2 | Batch 400 | Loss: 1.6648 | LR: 1.82e-04
2026-04-11 23:13:04,653 INFO Epoch 2 | Batch 450 | Loss: 1.7590 | LR: 1.66e-04
2026-04-11 23:13:47,716 INFO Epoch 2 | Batch 500 | Loss: 1.7362 | LR: 1.50e-04
2026-04-11 23:14:31,542 INFO Epoch 2 | Batch 550 | Loss: 1.9816 | LR: 1.34e-04
2026-04-11 23:15:15,357 INFO Epoch 2 | Batch 600 | Loss: 1.8159 | LR: 1.19e-04
2026-04-11 23:15:59,737 INFO Epoch 2 | Batch 650 | Loss: 1.9571 | LR: 1.03e-04
2026-04-11 23:16:43,373 INFO Epoch 2 | Batch 700 | Loss: 2.2217 | LR: 8.83e-05
2026-04-11 23:17:26,369 INFO Epoch 2 | Batch 750 | Loss: 1.8036 | LR: 7.42e-05
2026-04-11 23:18:09,177 INFO Epoch 2 | Batch 800 | Loss: 1.5752 | LR: 6.09e-05
2026-04-11 23:18:51,370 INFO Epoch 2 | Batch 850 | Loss: 1.9104 | LR: 4.87e-05
2026-04-11 23:19:32,633 INFO Epoch 2 | Batch 900 | Loss: 1.7732 | LR: 3.76e-05
2026-04-11 23:20:14,524 INFO Epoch 2 | Batch 950 | Loss: 1.6255 | LR: 2.78e-05
2026-04-11 23:20:57,579 INFO Epoch 2 | Batch 1000 | Loss: 2.2975 | LR: 1.94e-05
