2026-04-28 01:21:59,862 INFO Loading LibriSpeech split=train.100 from HuggingFace...
2026-04-28 01:22:00,035 INFO HTTP Request: HEAD https://huggingface.co/datasets/openslr/librispeech_asr/resolve/main/README.md "HTTP/1.1 307 Temporary Redirect"
2026-04-28 01:22:00,036 WARNING Warning: You are sending unauthenticated requests to the HF Hub. Please set a HF_TOKEN to enable higher rate limits and faster downloads.
2026-04-28 01:22:00,046 INFO HTTP Request: HEAD https://huggingface.co/api/resolve-cache/datasets/openslr/librispeech_asr/71cacbfb7e2354c4226d01e70d77d5fca3d04ba1/README.md "HTTP/1.1 200 OK"
2026-04-28 01:22:00,167 INFO HTTP Request: HEAD https://huggingface.co/datasets/openslr/librispeech_asr/resolve/71cacbfb7e2354c4226d01e70d77d5fca3d04ba1/librispeech_asr.py "HTTP/1.1 404 Not Found"
2026-04-28 01:22:00,514 INFO HTTP Request: HEAD https://s3.amazonaws.com/datasets.huggingface.co/datasets/datasets/openslr/librispeech_asr/openslr/librispeech_asr.py "HTTP/1.1 404 Not Found"
2026-04-28 01:22:00,645 INFO HTTP Request: GET https://huggingface.co/api/datasets/openslr/librispeech_asr/revision/71cacbfb7e2354c4226d01e70d77d5fca3d04ba1 "HTTP/1.1 200 OK"
2026-04-28 01:22:00,775 INFO HTTP Request: HEAD https://huggingface.co/datasets/openslr/librispeech_asr/resolve/71cacbfb7e2354c4226d01e70d77d5fca3d04ba1/.huggingface.yaml "HTTP/1.1 404 Not Found"
2026-04-28 01:22:01,016 INFO HTTP Request: GET https://datasets-server.huggingface.co/info?dataset=openslr/librispeech_asr "HTTP/1.1 200 OK"
2026-04-28 01:22:01,151 INFO HTTP Request: GET https://huggingface.co/api/datasets/openslr/librispeech_asr/tree/71cacbfb7e2354c4226d01e70d77d5fca3d04ba1/clean%2Ftest?recursive=true&expand=false "HTTP/1.1 200 OK"
2026-04-28 01:22:01,365 INFO HTTP Request: GET https://huggingface.co/api/datasets/openslr/librispeech_asr/tree/71cacbfb7e2354c4226d01e70d77d5fca3d04ba1/clean?recursive=false&expand=false "HTTP/1.1 200 OK"
2026-04-28 01:22:01,495 INFO HTTP Request: GET https://huggingface.co/api/datasets/openslr/librispeech_asr/tree/71cacbfb7e2354c4226d01e70d77d5fca3d04ba1/clean%2Ftrain.100?recursive=true&expand=false "HTTP/1.1 200 OK"
2026-04-28 01:22:01,634 INFO HTTP Request: GET https://huggingface.co/api/datasets/openslr/librispeech_asr/tree/71cacbfb7e2354c4226d01e70d77d5fca3d04ba1/clean%2Ftrain.360?recursive=true&expand=false "HTTP/1.1 200 OK"
2026-04-28 01:22:01,777 INFO HTTP Request: GET https://huggingface.co/api/datasets/openslr/librispeech_asr/tree/71cacbfb7e2354c4226d01e70d77d5fca3d04ba1/clean%2Fvalidation?recursive=true&expand=false "HTTP/1.1 200 OK"
2026-04-28 01:22:01,905 INFO HTTP Request: HEAD https://huggingface.co/datasets/openslr/librispeech_asr/resolve/71cacbfb7e2354c4226d01e70d77d5fca3d04ba1/dataset_infos.json "HTTP/1.1 404 Not Found"
2026-04-28 01:23:24,344 INFO Loaded 28538 utterances from train.100 (skipped 1 outside [0.5s, 20.0s])
2026-04-28 01:23:24,409 INFO Loading LibriSpeech split=validation from HuggingFace...
2026-04-28 01:23:24,561 INFO HTTP Request: HEAD https://huggingface.co/datasets/openslr/librispeech_asr/resolve/main/README.md "HTTP/1.1 307 Temporary Redirect"
2026-04-28 01:23:24,571 INFO HTTP Request: HEAD https://huggingface.co/api/resolve-cache/datasets/openslr/librispeech_asr/71cacbfb7e2354c4226d01e70d77d5fca3d04ba1/README.md "HTTP/1.1 200 OK"
2026-04-28 01:23:24,698 INFO HTTP Request: HEAD https://huggingface.co/datasets/openslr/librispeech_asr/resolve/71cacbfb7e2354c4226d01e70d77d5fca3d04ba1/librispeech_asr.py "HTTP/1.1 404 Not Found"
2026-04-28 01:23:24,997 INFO HTTP Request: HEAD https://s3.amazonaws.com/datasets.huggingface.co/datasets/datasets/openslr/librispeech_asr/openslr/librispeech_asr.py "HTTP/1.1 404 Not Found"
2026-04-28 01:23:25,127 INFO HTTP Request: HEAD https://huggingface.co/datasets/openslr/librispeech_asr/resolve/71cacbfb7e2354c4226d01e70d77d5fca3d04ba1/.huggingface.yaml "HTTP/1.1 404 Not Found"
2026-04-28 01:23:25,290 INFO HTTP Request: GET https://datasets-server.huggingface.co/info?dataset=openslr/librispeech_asr "HTTP/1.1 200 OK"
2026-04-28 01:23:25,430 INFO HTTP Request: HEAD https://huggingface.co/datasets/openslr/librispeech_asr/resolve/71cacbfb7e2354c4226d01e70d77d5fca3d04ba1/dataset_infos.json "HTTP/1.1 404 Not Found"
2026-04-28 01:23:30,282 INFO Loaded 2642 utterances from validation (skipped 61 outside [0.5s, 20.0s])
2026-04-28 01:23:30,285 INFO Loading LibriSpeech split=test from HuggingFace...
2026-04-28 01:23:30,407 INFO HTTP Request: HEAD https://huggingface.co/datasets/openslr/librispeech_asr/resolve/main/README.md "HTTP/1.1 307 Temporary Redirect"
2026-04-28 01:23:30,417 INFO HTTP Request: HEAD https://huggingface.co/api/resolve-cache/datasets/openslr/librispeech_asr/71cacbfb7e2354c4226d01e70d77d5fca3d04ba1/README.md "HTTP/1.1 200 OK"
2026-04-28 01:23:30,545 INFO HTTP Request: HEAD https://huggingface.co/datasets/openslr/librispeech_asr/resolve/71cacbfb7e2354c4226d01e70d77d5fca3d04ba1/librispeech_asr.py "HTTP/1.1 404 Not Found"
2026-04-28 01:23:30,927 INFO HTTP Request: HEAD https://s3.amazonaws.com/datasets.huggingface.co/datasets/datasets/openslr/librispeech_asr/openslr/librispeech_asr.py "HTTP/1.1 404 Not Found"
2026-04-28 01:23:31,054 INFO HTTP Request: HEAD https://huggingface.co/datasets/openslr/librispeech_asr/resolve/71cacbfb7e2354c4226d01e70d77d5fca3d04ba1/.huggingface.yaml "HTTP/1.1 404 Not Found"
2026-04-28 01:23:31,225 INFO HTTP Request: GET https://datasets-server.huggingface.co/info?dataset=openslr/librispeech_asr "HTTP/1.1 200 OK"
2026-04-28 01:23:31,377 INFO HTTP Request: HEAD https://huggingface.co/datasets/openslr/librispeech_asr/resolve/71cacbfb7e2354c4226d01e70d77d5fca3d04ba1/dataset_infos.json "HTTP/1.1 404 Not Found"
2026-04-28 01:23:36,055 INFO Loaded 2528 utterances from test (skipped 92 outside [0.5s, 20.0s])
2026-04-28 01:23:36,155 INFO Backbone: mamba2_lion_rse_depth_viscosity | Params: 7.37M
2026-04-28 01:23:36,155 INFO   Frontend: 1.90M | Encoder: 5.46M | Head: 8.0K
2026-04-28 01:23:43,517 INFO Epoch 1 | Batch 0 | Loss: 4.2620 | LR: 3.00e-07
2026-04-28 01:26:28,095 INFO Epoch 1 | Batch 50 | Loss: 2.8559 | LR: 1.53e-05
2026-04-28 01:29:16,684 INFO Epoch 1 | Batch 100 | Loss: 2.8956 | LR: 3.03e-05
2026-04-28 01:31:55,152 INFO Epoch 1 | Batch 150 | Loss: 2.8675 | LR: 4.53e-05
2026-04-28 01:34:38,736 INFO Epoch 1 | Batch 200 | Loss: 2.8352 | LR: 6.03e-05
2026-04-28 01:37:23,564 INFO Epoch 1 | Batch 250 | Loss: 2.8313 | LR: 7.53e-05
2026-04-28 01:40:01,128 INFO Epoch 1 | Batch 300 | Loss: 2.6982 | LR: 9.03e-05
2026-04-28 01:42:41,288 INFO Epoch 1 | Batch 350 | Loss: 2.6326 | LR: 1.05e-04
2026-04-28 01:45:26,046 INFO Epoch 1 | Batch 400 | Loss: 2.6431 | LR: 1.20e-04
2026-04-28 01:48:13,531 INFO Epoch 1 | Batch 450 | Loss: 2.4926 | LR: 1.35e-04
2026-04-28 01:51:02,125 INFO Epoch 1 | Batch 500 | Loss: 2.4677 | LR: 1.50e-04
2026-04-28 01:53:40,253 INFO Epoch 1 | Batch 550 | Loss: 2.3804 | LR: 1.65e-04
2026-04-28 01:56:22,978 INFO Epoch 1 | Batch 600 | Loss: 2.4644 | LR: 1.80e-04
2026-04-28 01:59:12,901 INFO Epoch 1 | Batch 650 | Loss: 2.1123 | LR: 1.95e-04
2026-04-28 02:01:58,899 INFO Epoch 1 | Batch 700 | Loss: 2.2002 | LR: 2.10e-04
2026-04-28 02:04:48,517 INFO Epoch 1 | Batch 750 | Loss: 2.1168 | LR: 2.25e-04
2026-04-28 02:07:29,331 INFO Epoch 1 | Batch 800 | Loss: 2.3807 | LR: 2.40e-04
2026-04-28 02:10:10,651 INFO Epoch 1 | Batch 850 | Loss: 2.0110 | LR: 2.55e-04
2026-04-28 02:12:53,924 INFO Epoch 1 | Batch 900 | Loss: 2.0554 | LR: 2.70e-04
2026-04-28 02:15:32,435 INFO Epoch 1 | Batch 950 | Loss: 1.9051 | LR: 2.85e-04
2026-04-28 02:18:15,090 INFO Epoch 1 | Batch 1000 | Loss: 1.7068 | LR: 3.00e-04
2026-04-28 02:21:02,420 INFO Epoch 1 | Batch 1050 | Loss: 1.8281 | LR: 3.00e-04
2026-04-28 02:23:40,700 INFO Epoch 1 | Batch 1100 | Loss: 1.9405 | LR: 3.00e-04
2026-04-28 02:26:27,032 INFO Epoch 1 | Batch 1150 | Loss: 1.9700 | LR: 3.00e-04
2026-04-28 02:29:14,950 INFO Epoch 1 | Batch 1200 | Loss: 1.9049 | LR: 3.00e-04
2026-04-28 02:31:45,660 INFO Epoch 1 | Train: 2.3436 | Dev CER: 0.4180 | Dev WER: 0.8884 | Time: 4089s | Peak: 62.2 GB
2026-04-28 02:31:45,660 INFO   New best CER: 0.4180
2026-04-28 02:31:52,108 INFO Epoch 2 | Batch 0 | Loss: 1.6747 | LR: 3.00e-04
2026-04-28 02:34:34,678 INFO Epoch 2 | Batch 50 | Loss: 1.9358 | LR: 3.00e-04
2026-04-28 02:37:19,926 INFO Epoch 2 | Batch 100 | Loss: 1.9294 | LR: 3.00e-04
2026-04-28 02:40:04,200 INFO Epoch 2 | Batch 150 | Loss: 1.8208 | LR: 3.00e-04
2026-04-28 02:42:45,384 INFO Epoch 2 | Batch 200 | Loss: 1.5942 | LR: 3.00e-04
2026-04-28 02:45:28,953 INFO Epoch 2 | Batch 250 | Loss: 1.4168 | LR: 3.00e-04
2026-04-28 02:48:18,331 INFO Epoch 2 | Batch 300 | Loss: 1.5793 | LR: 3.00e-04
2026-04-28 02:51:02,405 INFO Epoch 2 | Batch 350 | Loss: 1.5828 | LR: 3.00e-04
2026-04-28 02:53:51,539 INFO Epoch 2 | Batch 400 | Loss: 1.4206 | LR: 3.00e-04
2026-04-28 02:56:32,960 INFO Epoch 2 | Batch 450 | Loss: 1.4719 | LR: 3.00e-04
2026-04-28 02:59:14,411 INFO Epoch 2 | Batch 500 | Loss: 1.4552 | LR: 3.00e-04
2026-04-28 03:02:00,362 INFO Epoch 2 | Batch 550 | Loss: 1.7001 | LR: 3.00e-04
2026-04-28 03:04:43,312 INFO Epoch 2 | Batch 600 | Loss: 1.5141 | LR: 3.00e-04
2026-04-28 03:07:28,845 INFO Epoch 2 | Batch 650 | Loss: 1.6746 | LR: 3.00e-04
2026-04-28 03:10:11,134 INFO Epoch 2 | Batch 700 | Loss: 2.0283 | LR: 3.00e-04
2026-04-28 03:12:52,636 INFO Epoch 2 | Batch 750 | Loss: 1.5278 | LR: 3.00e-04
2026-04-28 03:15:33,953 INFO Epoch 2 | Batch 800 | Loss: 1.2657 | LR: 3.00e-04
2026-04-28 03:18:15,130 INFO Epoch 2 | Batch 850 | Loss: 1.5877 | LR: 3.00e-04
2026-04-28 03:20:54,245 INFO Epoch 2 | Batch 900 | Loss: 1.4276 | LR: 3.00e-04
2026-04-28 03:23:34,506 INFO Epoch 2 | Batch 950 | Loss: 1.2881 | LR: 3.00e-04
2026-04-28 03:26:22,307 INFO Epoch 2 | Batch 1000 | Loss: 2.1250 | LR: 3.00e-04
2026-04-28 03:29:08,315 INFO Epoch 2 | Batch 1050 | Loss: 1.4970 | LR: 3.00e-04
2026-04-28 03:31:53,385 INFO Epoch 2 | Batch 1100 | Loss: 1.3657 | LR: 3.00e-04
2026-04-28 03:34:38,073 INFO Epoch 2 | Batch 1150 | Loss: 1.2356 | LR: 3.00e-04
2026-04-28 03:37:18,217 INFO Epoch 2 | Batch 1200 | Loss: 1.3269 | LR: 3.00e-04
2026-04-28 03:39:53,679 INFO Epoch 2 | Train: 1.5242 | Dev CER: 0.2959 | Dev WER: 0.7283 | Time: 4087s | Peak: 62.2 GB
2026-04-28 03:39:53,679 INFO   New best CER: 0.2959
2026-04-28 03:40:00,225 INFO Epoch 3 | Batch 0 | Loss: 1.2181 | LR: 3.00e-04
2026-04-28 03:42:42,979 INFO Epoch 3 | Batch 50 | Loss: 1.3007 | LR: 3.00e-04
2026-04-28 03:45:28,788 INFO Epoch 3 | Batch 100 | Loss: 1.2602 | LR: 3.00e-04
2026-04-28 03:48:18,507 INFO Epoch 3 | Batch 150 | Loss: 1.1996 | LR: 2.99e-04
2026-04-28 03:51:07,653 INFO Epoch 3 | Batch 200 | Loss: 1.3496 | LR: 2.99e-04
2026-04-28 03:53:55,767 INFO Epoch 3 | Batch 250 | Loss: 0.9697 | LR: 2.99e-04
2026-04-28 03:56:38,718 INFO Epoch 3 | Batch 300 | Loss: 1.3813 | LR: 2.99e-04
2026-04-28 03:59:18,645 INFO Epoch 3 | Batch 350 | Loss: 1.0093 | LR: 2.99e-04
2026-04-28 04:02:03,868 INFO Epoch 3 | Batch 400 | Loss: 1.0713 | LR: 2.99e-04
2026-04-28 04:04:56,055 INFO Epoch 3 | Batch 450 | Loss: 1.6150 | LR: 2.99e-04
2026-04-28 04:07:39,070 INFO Epoch 3 | Batch 500 | Loss: 1.2006 | LR: 2.99e-04
2026-04-28 04:10:27,963 INFO Epoch 3 | Batch 550 | Loss: 1.1356 | LR: 2.99e-04
2026-04-28 04:13:05,741 INFO Epoch 3 | Batch 600 | Loss: 1.4312 | LR: 2.99e-04
2026-04-28 04:15:45,388 INFO Epoch 3 | Batch 650 | Loss: 1.2926 | LR: 2.99e-04
2026-04-28 04:18:22,205 INFO Epoch 3 | Batch 700 | Loss: 1.4109 | LR: 2.99e-04
2026-04-28 04:21:04,552 INFO Epoch 3 | Batch 750 | Loss: 1.6946 | LR: 2.99e-04
2026-04-28 04:23:48,425 INFO Epoch 3 | Batch 800 | Loss: 1.3155 | LR: 2.99e-04
2026-04-28 04:26:34,318 INFO Epoch 3 | Batch 850 | Loss: 1.2914 | LR: 2.99e-04
2026-04-28 04:29:13,618 INFO Epoch 3 | Batch 900 | Loss: 1.5029 | LR: 2.99e-04
2026-04-28 04:31:53,451 INFO Epoch 3 | Batch 950 | Loss: 1.5339 | LR: 2.99e-04
2026-04-28 04:34:34,143 INFO Epoch 3 | Batch 1000 | Loss: 1.0882 | LR: 2.99e-04
2026-04-28 04:37:23,448 INFO Epoch 3 | Batch 1050 | Loss: 1.1705 | LR: 2.99e-04
2026-04-28 04:40:02,494 INFO Epoch 3 | Batch 1100 | Loss: 1.0600 | LR: 2.99e-04
2026-04-28 04:42:45,017 INFO Epoch 3 | Batch 1150 | Loss: 1.6216 | LR: 2.99e-04
2026-04-28 04:45:24,286 INFO Epoch 3 | Batch 1200 | Loss: 1.4337 | LR: 2.99e-04
2026-04-28 04:47:59,118 INFO Epoch 3 | Train: 1.2420 | Dev CER: 0.2494 | Dev WER: 0.6461 | Time: 4085s | Peak: 62.2 GB
2026-04-28 04:47:59,118 INFO   New best CER: 0.2494
2026-04-28 04:48:05,337 INFO Epoch 4 | Batch 0 | Loss: 1.0298 | LR: 2.99e-04
2026-04-28 04:50:54,563 INFO Epoch 4 | Batch 50 | Loss: 1.3157 | LR: 2.98e-04
2026-04-28 04:53:35,683 INFO Epoch 4 | Batch 100 | Loss: 1.0013 | LR: 2.98e-04
2026-04-28 04:56:19,419 INFO Epoch 4 | Batch 150 | Loss: 1.6156 | LR: 2.98e-04
2026-04-28 04:58:59,666 INFO Epoch 4 | Batch 200 | Loss: 1.1799 | LR: 2.98e-04
2026-04-28 05:01:44,654 INFO Epoch 4 | Batch 250 | Loss: 1.1824 | LR: 2.98e-04
2026-04-28 05:04:24,653 INFO Epoch 4 | Batch 300 | Loss: 1.0642 | LR: 2.98e-04
2026-04-28 05:07:08,378 INFO Epoch 4 | Batch 350 | Loss: 1.5716 | LR: 2.98e-04
2026-04-28 05:09:44,123 INFO Epoch 4 | Batch 400 | Loss: 1.2390 | LR: 2.98e-04
2026-04-28 05:12:23,112 INFO Epoch 4 | Batch 450 | Loss: 1.0952 | LR: 2.98e-04
2026-04-28 05:15:06,896 INFO Epoch 4 | Batch 500 | Loss: 1.2972 | LR: 2.98e-04
2026-04-28 05:17:40,623 INFO Epoch 4 | Batch 550 | Loss: 0.9720 | LR: 2.98e-04
2026-04-28 05:20:29,939 INFO Epoch 4 | Batch 600 | Loss: 1.2249 | LR: 2.98e-04
2026-04-28 05:23:13,074 INFO Epoch 4 | Batch 650 | Loss: 1.1071 | LR: 2.98e-04
2026-04-28 05:26:00,758 INFO Epoch 4 | Batch 700 | Loss: 0.9398 | LR: 2.98e-04
2026-04-28 05:28:49,714 INFO Epoch 4 | Batch 750 | Loss: 1.1108 | LR: 2.98e-04
2026-04-28 05:31:34,840 INFO Epoch 4 | Batch 800 | Loss: 0.9616 | LR: 2.98e-04
2026-04-28 05:34:22,929 INFO Epoch 4 | Batch 850 | Loss: 1.3769 | LR: 2.97e-04
2026-04-28 05:37:09,032 INFO Epoch 4 | Batch 900 | Loss: 1.1280 | LR: 2.97e-04
2026-04-28 05:39:54,226 INFO Epoch 4 | Batch 950 | Loss: 1.1208 | LR: 2.97e-04
2026-04-28 05:42:47,877 INFO Epoch 4 | Batch 1000 | Loss: 0.9941 | LR: 2.97e-04
2026-04-28 05:45:35,630 INFO Epoch 4 | Batch 1050 | Loss: 1.1729 | LR: 2.97e-04
2026-04-28 05:48:18,721 INFO Epoch 4 | Batch 1100 | Loss: 0.9770 | LR: 2.97e-04
2026-04-28 05:50:56,766 INFO Epoch 4 | Batch 1150 | Loss: 1.2569 | LR: 2.97e-04
2026-04-28 05:53:38,262 INFO Epoch 4 | Batch 1200 | Loss: 1.4253 | LR: 2.97e-04
2026-04-28 05:56:04,459 INFO Epoch 4 | Train: 1.1037 | Dev CER: 0.2148 | Dev WER: 0.5864 | Time: 4085s | Peak: 62.2 GB
2026-04-28 05:56:04,459 INFO   New best CER: 0.2148
2026-04-28 05:56:11,427 INFO Epoch 5 | Batch 0 | Loss: 0.7962 | LR: 2.97e-04
2026-04-28 05:58:52,749 INFO Epoch 5 | Batch 50 | Loss: 0.9398 | LR: 2.97e-04
2026-04-28 06:01:40,347 INFO Epoch 5 | Batch 100 | Loss: 1.0809 | LR: 2.97e-04
2026-04-28 06:04:21,977 INFO Epoch 5 | Batch 150 | Loss: 1.0312 | LR: 2.97e-04
2026-04-28 06:07:05,996 INFO Epoch 5 | Batch 200 | Loss: 0.8572 | LR: 2.97e-04
2026-04-28 06:09:48,506 INFO Epoch 5 | Batch 250 | Loss: 1.6919 | LR: 2.97e-04
2026-04-28 06:12:31,671 INFO Epoch 5 | Batch 300 | Loss: 0.8292 | LR: 2.96e-04
2026-04-28 06:15:15,944 INFO Epoch 5 | Batch 350 | Loss: 0.8331 | LR: 2.96e-04
2026-04-28 06:18:03,831 INFO Epoch 5 | Batch 400 | Loss: 0.7781 | LR: 2.96e-04
2026-04-28 06:20:41,582 INFO Epoch 5 | Batch 450 | Loss: 1.0819 | LR: 2.96e-04
2026-04-28 06:23:19,276 INFO Epoch 5 | Batch 500 | Loss: 0.9242 | LR: 2.96e-04
2026-04-28 06:25:57,263 INFO Epoch 5 | Batch 550 | Loss: 1.0112 | LR: 2.96e-04
2026-04-28 06:28:47,888 INFO Epoch 5 | Batch 600 | Loss: 1.1579 | LR: 2.96e-04
2026-04-28 06:31:31,013 INFO Epoch 5 | Batch 650 | Loss: 1.2748 | LR: 2.96e-04
2026-04-28 06:34:09,232 INFO Epoch 5 | Batch 700 | Loss: 0.9715 | LR: 2.96e-04
2026-04-28 06:36:53,955 INFO Epoch 5 | Batch 750 | Loss: 0.8528 | LR: 2.96e-04
2026-04-28 06:39:38,949 INFO Epoch 5 | Batch 800 | Loss: 0.8809 | LR: 2.96e-04
2026-04-28 06:42:28,727 INFO Epoch 5 | Batch 850 | Loss: 0.9811 | LR: 2.95e-04
2026-04-28 06:45:17,769 INFO Epoch 5 | Batch 900 | Loss: 1.0485 | LR: 2.95e-04
2026-04-28 06:48:04,570 INFO Epoch 5 | Batch 950 | Loss: 1.3669 | LR: 2.95e-04
2026-04-28 06:50:48,102 INFO Epoch 5 | Batch 1000 | Loss: 1.2007 | LR: 2.95e-04
2026-04-28 06:53:30,500 INFO Epoch 5 | Batch 1050 | Loss: 0.9246 | LR: 2.95e-04
2026-04-28 06:56:14,642 INFO Epoch 5 | Batch 1100 | Loss: 1.0228 | LR: 2.95e-04
2026-04-28 06:58:55,594 INFO Epoch 5 | Batch 1150 | Loss: 1.3352 | LR: 2.95e-04
2026-04-28 07:01:38,549 INFO Epoch 5 | Batch 1200 | Loss: 1.0180 | LR: 2.95e-04
2026-04-28 07:04:10,674 INFO Epoch 5 | Train: 0.9977 | Dev CER: 0.1912 | Dev WER: 0.5353 | Time: 4085s | Peak: 62.2 GB
2026-04-28 07:04:10,674 INFO   New best CER: 0.1912
2026-04-28 07:04:15,834 INFO Epoch 6 | Batch 0 | Loss: 0.9490 | LR: 2.95e-04
2026-04-28 07:06:51,785 INFO Epoch 6 | Batch 50 | Loss: 1.5416 | LR: 2.95e-04
2026-04-28 07:09:38,697 INFO Epoch 6 | Batch 100 | Loss: 1.1670 | LR: 2.94e-04
2026-04-28 07:12:16,066 INFO Epoch 6 | Batch 150 | Loss: 1.0415 | LR: 2.94e-04
2026-04-28 07:14:59,520 INFO Epoch 6 | Batch 200 | Loss: 1.0859 | LR: 2.94e-04
2026-04-28 07:17:37,263 INFO Epoch 6 | Batch 250 | Loss: 0.6885 | LR: 2.94e-04
2026-04-28 07:20:24,873 INFO Epoch 6 | Batch 300 | Loss: 0.7284 | LR: 2.94e-04
2026-04-28 07:23:13,739 INFO Epoch 6 | Batch 350 | Loss: 0.9034 | LR: 2.94e-04
2026-04-28 07:26:05,825 INFO Epoch 6 | Batch 400 | Loss: 0.7694 | LR: 2.94e-04
2026-04-28 07:28:44,237 INFO Epoch 6 | Batch 450 | Loss: 1.7181 | LR: 2.94e-04
2026-04-28 07:31:34,498 INFO Epoch 6 | Batch 500 | Loss: 0.7668 | LR: 2.94e-04
2026-04-28 07:34:21,946 INFO Epoch 6 | Batch 550 | Loss: 0.7840 | LR: 2.93e-04
2026-04-28 07:37:04,724 INFO Epoch 6 | Batch 600 | Loss: 0.9264 | LR: 2.93e-04
2026-04-28 07:39:47,748 INFO Epoch 6 | Batch 650 | Loss: 1.1011 | LR: 2.93e-04
2026-04-28 07:42:26,715 INFO Epoch 6 | Batch 700 | Loss: 1.1633 | LR: 2.93e-04
2026-04-28 07:45:07,748 INFO Epoch 6 | Batch 750 | Loss: 0.9689 | LR: 2.93e-04
2026-04-28 07:47:53,958 INFO Epoch 6 | Batch 800 | Loss: 0.8986 | LR: 2.93e-04
2026-04-28 07:50:35,363 INFO Epoch 6 | Batch 850 | Loss: 0.9918 | LR: 2.93e-04
2026-04-28 07:53:21,490 INFO Epoch 6 | Batch 900 | Loss: 0.6953 | LR: 2.93e-04
2026-04-28 07:56:03,133 INFO Epoch 6 | Batch 950 | Loss: 1.3707 | LR: 2.93e-04
2026-04-28 07:58:49,518 INFO Epoch 6 | Batch 1000 | Loss: 0.8834 | LR: 2.92e-04
2026-04-28 08:01:33,045 INFO Epoch 6 | Batch 1050 | Loss: 1.0806 | LR: 2.92e-04
2026-04-28 08:04:17,865 INFO Epoch 6 | Batch 1100 | Loss: 1.0764 | LR: 2.92e-04
2026-04-28 08:06:58,168 INFO Epoch 6 | Batch 1150 | Loss: 0.8923 | LR: 2.92e-04
2026-04-28 08:09:46,468 INFO Epoch 6 | Batch 1200 | Loss: 0.7894 | LR: 2.92e-04
2026-04-28 08:12:19,347 INFO Epoch 6 | Train: 0.9238 | Dev CER: 0.1789 | Dev WER: 0.5030 | Time: 4088s | Peak: 62.2 GB
2026-04-28 08:12:19,347 INFO   New best CER: 0.1789
2026-04-28 08:12:26,298 INFO Epoch 7 | Batch 0 | Loss: 1.0140 | LR: 2.92e-04
2026-04-28 08:15:06,349 INFO Epoch 7 | Batch 50 | Loss: 1.0606 | LR: 2.92e-04
2026-04-28 08:17:54,734 INFO Epoch 7 | Batch 100 | Loss: 0.8172 | LR: 2.92e-04
2026-04-28 08:20:34,409 INFO Epoch 7 | Batch 150 | Loss: 0.9924 | LR: 2.91e-04
2026-04-28 08:23:15,192 INFO Epoch 7 | Batch 200 | Loss: 0.7527 | LR: 2.91e-04
2026-04-28 08:25:57,461 INFO Epoch 7 | Batch 250 | Loss: 0.9667 | LR: 2.91e-04
2026-04-28 08:28:37,624 INFO Epoch 7 | Batch 300 | Loss: 0.7864 | LR: 2.91e-04
2026-04-28 08:31:24,198 INFO Epoch 7 | Batch 350 | Loss: 1.0640 | LR: 2.91e-04
2026-04-28 08:34:06,720 INFO Epoch 7 | Batch 400 | Loss: 0.7514 | LR: 2.91e-04
2026-04-28 08:36:54,326 INFO Epoch 7 | Batch 450 | Loss: 1.0304 | LR: 2.91e-04
2026-04-28 08:39:40,567 INFO Epoch 7 | Batch 500 | Loss: 1.1007 | LR: 2.91e-04
2026-04-28 08:42:28,046 INFO Epoch 7 | Batch 550 | Loss: 0.7489 | LR: 2.90e-04
2026-04-28 08:45:17,423 INFO Epoch 7 | Batch 600 | Loss: 0.8969 | LR: 2.90e-04
2026-04-28 08:48:02,272 INFO Epoch 7 | Batch 650 | Loss: 0.9784 | LR: 2.90e-04
2026-04-28 08:50:50,199 INFO Epoch 7 | Batch 700 | Loss: 0.9797 | LR: 2.90e-04
2026-04-28 08:53:24,950 INFO Epoch 7 | Batch 750 | Loss: 0.9584 | LR: 2.90e-04
2026-04-28 08:56:04,781 INFO Epoch 7 | Batch 800 | Loss: 1.3025 | LR: 2.90e-04
2026-04-28 08:58:43,264 INFO Epoch 7 | Batch 850 | Loss: 1.0678 | LR: 2.90e-04
2026-04-28 09:01:30,826 INFO Epoch 7 | Batch 900 | Loss: 0.8143 | LR: 2.89e-04
2026-04-28 09:04:14,590 INFO Epoch 7 | Batch 950 | Loss: 0.8047 | LR: 2.89e-04
2026-04-28 09:07:02,793 INFO Epoch 7 | Batch 1000 | Loss: 0.6820 | LR: 2.89e-04
2026-04-28 09:09:49,644 INFO Epoch 7 | Batch 1050 | Loss: 1.0971 | LR: 2.89e-04
2026-04-28 09:12:31,311 INFO Epoch 7 | Batch 1100 | Loss: 1.3602 | LR: 2.89e-04
2026-04-28 09:15:07,764 INFO Epoch 7 | Batch 1150 | Loss: 0.7778 | LR: 2.89e-04
2026-04-28 09:17:53,491 INFO Epoch 7 | Batch 1200 | Loss: 0.5613 | LR: 2.89e-04
2026-04-28 09:20:27,619 INFO Epoch 7 | Train: 0.8811 | Dev CER: 0.1684 | Dev WER: 0.4790 | Time: 4088s | Peak: 62.2 GB
2026-04-28 09:20:27,620 INFO   New best CER: 0.1684
2026-04-28 09:20:34,193 INFO Epoch 8 | Batch 0 | Loss: 0.7268 | LR: 2.88e-04
2026-04-28 09:23:18,349 INFO Epoch 8 | Batch 50 | Loss: 0.8819 | LR: 2.88e-04
2026-04-28 09:26:00,211 INFO Epoch 8 | Batch 100 | Loss: 0.8916 | LR: 2.88e-04
2026-04-28 09:28:43,751 INFO Epoch 8 | Batch 150 | Loss: 1.1092 | LR: 2.88e-04
2026-04-28 09:31:26,793 INFO Epoch 8 | Batch 200 | Loss: 0.8347 | LR: 2.88e-04
2026-04-28 09:34:08,717 INFO Epoch 8 | Batch 250 | Loss: 1.0463 | LR: 2.88e-04
2026-04-28 09:36:52,425 INFO Epoch 8 | Batch 300 | Loss: 0.7825 | LR: 2.88e-04
2026-04-28 09:39:28,957 INFO Epoch 8 | Batch 350 | Loss: 0.9984 | LR: 2.87e-04
2026-04-28 09:42:14,397 INFO Epoch 8 | Batch 400 | Loss: 0.6708 | LR: 2.87e-04
2026-04-28 09:44:56,351 INFO Epoch 8 | Batch 450 | Loss: 0.9923 | LR: 2.87e-04
2026-04-28 09:47:43,555 INFO Epoch 8 | Batch 500 | Loss: 0.7951 | LR: 2.87e-04
2026-04-28 09:50:28,542 INFO Epoch 8 | Batch 550 | Loss: 0.8042 | LR: 2.87e-04
2026-04-28 09:53:11,806 INFO Epoch 8 | Batch 600 | Loss: 0.6742 | LR: 2.87e-04
2026-04-28 09:55:54,070 INFO Epoch 8 | Batch 650 | Loss: 0.7613 | LR: 2.86e-04
2026-04-28 09:58:42,938 INFO Epoch 8 | Batch 700 | Loss: 0.6803 | LR: 2.86e-04
2026-04-28 10:01:23,591 INFO Epoch 8 | Batch 750 | Loss: 0.6527 | LR: 2.86e-04
2026-04-28 10:04:06,085 INFO Epoch 8 | Batch 800 | Loss: 0.8500 | LR: 2.86e-04
2026-04-28 10:06:56,285 INFO Epoch 8 | Batch 850 | Loss: 0.5392 | LR: 2.86e-04
2026-04-28 10:09:40,943 INFO Epoch 8 | Batch 900 | Loss: 0.9374 | LR: 2.86e-04
2026-04-28 10:12:28,417 INFO Epoch 8 | Batch 950 | Loss: 0.8655 | LR: 2.85e-04
2026-04-28 10:15:12,871 INFO Epoch 8 | Batch 1000 | Loss: 0.6912 | LR: 2.85e-04
2026-04-28 10:17:54,340 INFO Epoch 8 | Batch 1050 | Loss: 0.7178 | LR: 2.85e-04
2026-04-28 10:20:35,471 INFO Epoch 8 | Batch 1100 | Loss: 0.6980 | LR: 2.85e-04
2026-04-28 10:23:18,264 INFO Epoch 8 | Batch 1150 | Loss: 0.6216 | LR: 2.85e-04
2026-04-28 10:26:04,584 INFO Epoch 8 | Batch 1200 | Loss: 0.6792 | LR: 2.85e-04
2026-04-28 10:28:37,225 INFO Epoch 8 | Train: 0.8283 | Dev CER: 0.1564 | Dev WER: 0.4491 | Time: 4089s | Peak: 62.2 GB
2026-04-28 10:28:37,225 INFO   New best CER: 0.1564
2026-04-28 10:28:43,277 INFO Epoch 9 | Batch 0 | Loss: 0.7588 | LR: 2.85e-04
2026-04-28 10:31:17,271 INFO Epoch 9 | Batch 50 | Loss: 0.8481 | LR: 2.84e-04
2026-04-28 10:34:06,113 INFO Epoch 9 | Batch 100 | Loss: 0.7060 | LR: 2.84e-04
2026-04-28 10:36:55,122 INFO Epoch 9 | Batch 150 | Loss: 0.9341 | LR: 2.84e-04
2026-04-28 10:39:37,808 INFO Epoch 9 | Batch 200 | Loss: 0.7895 | LR: 2.84e-04
2026-04-28 10:42:17,878 INFO Epoch 9 | Batch 250 | Loss: 0.8637 | LR: 2.84e-04
2026-04-28 10:44:55,223 INFO Epoch 9 | Batch 300 | Loss: 0.7575 | LR: 2.83e-04
2026-04-28 10:47:36,784 INFO Epoch 9 | Batch 350 | Loss: 0.9866 | LR: 2.83e-04
2026-04-28 10:50:26,300 INFO Epoch 9 | Batch 400 | Loss: 0.7025 | LR: 2.83e-04
2026-04-28 10:53:12,370 INFO Epoch 9 | Batch 450 | Loss: 0.5722 | LR: 2.83e-04
2026-04-28 10:55:49,719 INFO Epoch 9 | Batch 500 | Loss: 0.6477 | LR: 2.83e-04
2026-04-28 10:58:30,757 INFO Epoch 9 | Batch 550 | Loss: 0.5764 | LR: 2.83e-04
2026-04-28 11:01:14,155 INFO Epoch 9 | Batch 600 | Loss: 0.6815 | LR: 2.82e-04
2026-04-28 11:04:04,619 INFO Epoch 9 | Batch 650 | Loss: 0.8933 | LR: 2.82e-04
2026-04-28 11:06:51,354 INFO Epoch 9 | Batch 700 | Loss: 0.5972 | LR: 2.82e-04
2026-04-28 11:09:31,207 INFO Epoch 9 | Batch 750 | Loss: 0.7194 | LR: 2.82e-04
2026-04-28 11:12:19,257 INFO Epoch 9 | Batch 800 | Loss: 0.7951 | LR: 2.82e-04
2026-04-28 11:14:58,038 INFO Epoch 9 | Batch 850 | Loss: 0.9226 | LR: 2.81e-04
2026-04-28 11:17:45,223 INFO Epoch 9 | Batch 900 | Loss: 0.9823 | LR: 2.81e-04
2026-04-28 11:20:33,629 INFO Epoch 9 | Batch 950 | Loss: 0.8237 | LR: 2.81e-04
2026-04-28 11:23:22,231 INFO Epoch 9 | Batch 1000 | Loss: 0.7495 | LR: 2.81e-04
2026-04-28 11:26:01,305 INFO Epoch 9 | Batch 1050 | Loss: 0.9333 | LR: 2.81e-04
2026-04-28 11:28:45,535 INFO Epoch 9 | Batch 1100 | Loss: 0.6247 | LR: 2.81e-04
2026-04-28 11:31:25,115 INFO Epoch 9 | Batch 1150 | Loss: 0.6266 | LR: 2.80e-04
2026-04-28 11:34:12,710 INFO Epoch 9 | Batch 1200 | Loss: 0.7661 | LR: 2.80e-04
2026-04-28 11:36:48,170 INFO Epoch 9 | Train: 0.8013 | Dev CER: 0.1529 | Dev WER: 0.4428 | Time: 4090s | Peak: 62.2 GB
2026-04-28 11:36:48,170 INFO   New best CER: 0.1529
2026-04-28 11:36:54,084 INFO Epoch 10 | Batch 0 | Loss: 0.7195 | LR: 2.80e-04
2026-04-28 11:39:36,181 INFO Epoch 10 | Batch 50 | Loss: 0.7685 | LR: 2.80e-04
2026-04-28 11:42:25,294 INFO Epoch 10 | Batch 100 | Loss: 0.6671 | LR: 2.80e-04
2026-04-28 11:45:08,485 INFO Epoch 10 | Batch 150 | Loss: 0.7526 | LR: 2.79e-04
2026-04-28 11:47:51,555 INFO Epoch 10 | Batch 200 | Loss: 0.7202 | LR: 2.79e-04
2026-04-28 11:50:32,459 INFO Epoch 10 | Batch 250 | Loss: 0.5729 | LR: 2.79e-04
2026-04-28 11:53:19,867 INFO Epoch 10 | Batch 300 | Loss: 0.5966 | LR: 2.79e-04
2026-04-28 11:56:06,186 INFO Epoch 10 | Batch 350 | Loss: 0.5710 | LR: 2.79e-04
2026-04-28 11:58:45,047 INFO Epoch 10 | Batch 400 | Loss: 0.4727 | LR: 2.78e-04
2026-04-28 12:01:29,432 INFO Epoch 10 | Batch 450 | Loss: 0.8395 | LR: 2.78e-04
2026-04-28 12:04:12,529 INFO Epoch 10 | Batch 500 | Loss: 0.6028 | LR: 2.78e-04
2026-04-28 12:06:55,865 INFO Epoch 10 | Batch 550 | Loss: 0.7406 | LR: 2.78e-04
2026-04-28 12:09:40,178 INFO Epoch 10 | Batch 600 | Loss: 0.8639 | LR: 2.78e-04
2026-04-28 12:12:13,742 INFO Epoch 10 | Batch 650 | Loss: 0.7605 | LR: 2.77e-04
2026-04-28 12:15:01,563 INFO Epoch 10 | Batch 700 | Loss: 1.1990 | LR: 2.77e-04
2026-04-28 12:17:43,905 INFO Epoch 10 | Batch 750 | Loss: 0.5060 | LR: 2.77e-04
2026-04-28 12:20:31,540 INFO Epoch 10 | Batch 800 | Loss: 1.3500 | LR: 2.77e-04
2026-04-28 12:23:12,104 INFO Epoch 10 | Batch 850 | Loss: 0.6248 | LR: 2.77e-04
2026-04-28 12:25:54,000 INFO Epoch 10 | Batch 900 | Loss: 0.5792 | LR: 2.76e-04
2026-04-28 12:28:47,062 INFO Epoch 10 | Batch 950 | Loss: 0.6629 | LR: 2.76e-04
2026-04-28 12:31:28,151 INFO Epoch 10 | Batch 1000 | Loss: 0.6185 | LR: 2.76e-04
2026-04-28 12:34:10,893 INFO Epoch 10 | Batch 1050 | Loss: 0.6467 | LR: 2.76e-04
2026-04-28 12:36:52,178 INFO Epoch 10 | Batch 1100 | Loss: 0.5753 | LR: 2.76e-04
2026-04-28 12:39:40,392 INFO Epoch 10 | Batch 1150 | Loss: 0.6455 | LR: 2.75e-04
2026-04-28 12:42:24,333 INFO Epoch 10 | Batch 1200 | Loss: 0.6504 | LR: 2.75e-04
2026-04-28 12:44:59,580 INFO Epoch 10 | Train: 0.7608 | Dev CER: 0.1439 | Dev WER: 0.4189 | Time: 4091s | Peak: 62.2 GB
2026-04-28 12:44:59,580 INFO   New best CER: 0.1439
2026-04-28 12:45:06,014 INFO Epoch 11 | Batch 0 | Loss: 0.7215 | LR: 2.75e-04
2026-04-28 12:47:51,882 INFO Epoch 11 | Batch 50 | Loss: 0.7061 | LR: 2.75e-04
2026-04-28 12:50:33,863 INFO Epoch 11 | Batch 100 | Loss: 0.4867 | LR: 2.75e-04
2026-04-28 12:53:18,622 INFO Epoch 11 | Batch 150 | Loss: 0.5124 | LR: 2.74e-04
2026-04-28 12:56:04,273 INFO Epoch 11 | Batch 200 | Loss: 0.9771 | LR: 2.74e-04
2026-04-28 12:58:44,565 INFO Epoch 11 | Batch 250 | Loss: 0.7602 | LR: 2.74e-04
2026-04-28 13:01:28,021 INFO Epoch 11 | Batch 300 | Loss: 0.8672 | LR: 2.74e-04
2026-04-28 13:04:12,302 INFO Epoch 11 | Batch 350 | Loss: 0.8775 | LR: 2.73e-04
2026-04-28 13:06:55,101 INFO Epoch 11 | Batch 400 | Loss: 0.4203 | LR: 2.73e-04
2026-04-28 13:09:42,510 INFO Epoch 11 | Batch 450 | Loss: 0.4914 | LR: 2.73e-04
2026-04-28 13:12:17,936 INFO Epoch 11 | Batch 500 | Loss: 0.7112 | LR: 2.73e-04
2026-04-28 13:15:06,782 INFO Epoch 11 | Batch 550 | Loss: 0.7583 | LR: 2.73e-04
2026-04-28 13:17:48,856 INFO Epoch 11 | Batch 600 | Loss: 0.7029 | LR: 2.72e-04
2026-04-28 13:20:26,558 INFO Epoch 11 | Batch 650 | Loss: 1.1445 | LR: 2.72e-04
2026-04-28 13:23:08,174 INFO Epoch 11 | Batch 700 | Loss: 0.6866 | LR: 2.72e-04
2026-04-28 13:25:54,615 INFO Epoch 11 | Batch 750 | Loss: 0.7044 | LR: 2.72e-04
2026-04-28 13:28:36,968 INFO Epoch 11 | Batch 800 | Loss: 0.8388 | LR: 2.71e-04
2026-04-28 13:31:16,067 INFO Epoch 11 | Batch 850 | Loss: 0.6980 | LR: 2.71e-04
2026-04-28 13:34:04,405 INFO Epoch 11 | Batch 900 | Loss: 0.5970 | LR: 2.71e-04
2026-04-28 13:36:49,715 INFO Epoch 11 | Batch 950 | Loss: 0.4195 | LR: 2.71e-04
2026-04-28 13:39:41,815 INFO Epoch 11 | Batch 1000 | Loss: 0.5768 | LR: 2.71e-04
2026-04-28 13:42:33,413 INFO Epoch 11 | Batch 1050 | Loss: 0.7453 | LR: 2.70e-04
2026-04-28 13:45:14,277 INFO Epoch 11 | Batch 1100 | Loss: 0.6673 | LR: 2.70e-04
2026-04-28 13:47:55,280 INFO Epoch 11 | Batch 1150 | Loss: 0.8331 | LR: 2.70e-04
2026-04-28 13:50:40,838 INFO Epoch 11 | Batch 1200 | Loss: 0.5316 | LR: 2.70e-04
2026-04-28 13:53:11,707 INFO Epoch 11 | Train: 0.7347 | Dev CER: 0.1369 | Dev WER: 0.4033 | Time: 4092s | Peak: 62.2 GB
2026-04-28 13:53:11,707 INFO   New best CER: 0.1369
2026-04-28 13:53:18,321 INFO Epoch 12 | Batch 0 | Loss: 0.6435 | LR: 2.69e-04
2026-04-28 13:56:00,598 INFO Epoch 12 | Batch 50 | Loss: 1.7235 | LR: 2.69e-04
2026-04-28 13:58:47,096 INFO Epoch 12 | Batch 100 | Loss: 1.2913 | LR: 2.69e-04
2026-04-28 14:01:35,604 INFO Epoch 12 | Batch 150 | Loss: 0.6789 | LR: 2.69e-04
2026-04-28 14:04:16,426 INFO Epoch 12 | Batch 200 | Loss: 0.5016 | LR: 2.68e-04
2026-04-28 14:06:53,529 INFO Epoch 12 | Batch 250 | Loss: 0.6567 | LR: 2.68e-04
2026-04-28 14:09:33,234 INFO Epoch 12 | Batch 300 | Loss: 0.4973 | LR: 2.68e-04
2026-04-28 14:12:16,384 INFO Epoch 12 | Batch 350 | Loss: 0.8697 | LR: 2.68e-04
2026-04-28 14:14:56,186 INFO Epoch 12 | Batch 400 | Loss: 0.6849 | LR: 2.68e-04
2026-04-28 14:17:42,961 INFO Epoch 12 | Batch 450 | Loss: 0.6288 | LR: 2.67e-04
2026-04-28 14:20:28,377 INFO Epoch 12 | Batch 500 | Loss: 0.5603 | LR: 2.67e-04
2026-04-28 14:23:08,912 INFO Epoch 12 | Batch 550 | Loss: 0.9772 | LR: 2.67e-04
2026-04-28 14:25:56,849 INFO Epoch 12 | Batch 600 | Loss: 0.6275 | LR: 2.67e-04
2026-04-28 14:28:39,774 INFO Epoch 12 | Batch 650 | Loss: 0.8326 | LR: 2.66e-04
2026-04-28 14:31:26,516 INFO Epoch 12 | Batch 700 | Loss: 0.7476 | LR: 2.66e-04
2026-04-28 14:34:09,424 INFO Epoch 12 | Batch 750 | Loss: 0.4229 | LR: 2.66e-04
2026-04-28 14:36:57,980 INFO Epoch 12 | Batch 800 | Loss: 0.6092 | LR: 2.66e-04
2026-04-28 14:39:40,441 INFO Epoch 12 | Batch 850 | Loss: 0.6573 | LR: 2.65e-04
2026-04-28 14:42:15,242 INFO Epoch 12 | Batch 900 | Loss: 0.7423 | LR: 2.65e-04
2026-04-28 14:45:01,798 INFO Epoch 12 | Batch 950 | Loss: 0.9286 | LR: 2.65e-04
2026-04-28 14:47:43,868 INFO Epoch 12 | Batch 1000 | Loss: 0.8243 | LR: 2.65e-04
2026-04-28 14:50:31,185 INFO Epoch 12 | Batch 1050 | Loss: 0.6602 | LR: 2.64e-04
2026-04-28 14:53:13,188 INFO Epoch 12 | Batch 1100 | Loss: 0.6329 | LR: 2.64e-04
2026-04-28 14:56:02,377 INFO Epoch 12 | Batch 1150 | Loss: 0.6311 | LR: 2.64e-04
2026-04-28 14:58:50,749 INFO Epoch 12 | Batch 1200 | Loss: 0.8741 | LR: 2.64e-04
2026-04-28 15:01:25,288 INFO Epoch 12 | Train: 0.7188 | Dev CER: 0.1317 | Dev WER: 0.3894 | Time: 4093s | Peak: 62.2 GB
2026-04-28 15:01:25,288 INFO   New best CER: 0.1317
2026-04-28 15:01:31,792 INFO Epoch 13 | Batch 0 | Loss: 0.7391 | LR: 2.63e-04
2026-04-28 15:04:14,110 INFO Epoch 13 | Batch 50 | Loss: 0.5215 | LR: 2.63e-04
2026-04-28 15:06:58,982 INFO Epoch 13 | Batch 100 | Loss: 0.5617 | LR: 2.63e-04
2026-04-28 15:09:42,212 INFO Epoch 13 | Batch 150 | Loss: 0.4965 | LR: 2.63e-04
2026-04-28 15:12:28,314 INFO Epoch 13 | Batch 200 | Loss: 0.5329 | LR: 2.62e-04
2026-04-28 15:15:08,259 INFO Epoch 13 | Batch 250 | Loss: 0.7242 | LR: 2.62e-04
2026-04-28 15:17:45,159 INFO Epoch 13 | Batch 300 | Loss: 0.6243 | LR: 2.62e-04
2026-04-28 15:20:30,324 INFO Epoch 13 | Batch 350 | Loss: 0.8228 | LR: 2.62e-04
2026-04-28 15:23:14,382 INFO Epoch 13 | Batch 400 | Loss: 0.6282 | LR: 2.61e-04
2026-04-28 15:26:00,936 INFO Epoch 13 | Batch 450 | Loss: 0.5803 | LR: 2.61e-04
2026-04-28 15:28:49,094 INFO Epoch 13 | Batch 500 | Loss: 0.5123 | LR: 2.61e-04
2026-04-28 15:31:27,502 INFO Epoch 13 | Batch 550 | Loss: 0.5821 | LR: 2.61e-04
2026-04-28 15:34:15,230 INFO Epoch 13 | Batch 600 | Loss: 0.5811 | LR: 2.60e-04
2026-04-28 15:36:58,794 INFO Epoch 13 | Batch 650 | Loss: 0.7603 | LR: 2.60e-04
2026-04-28 15:39:44,065 INFO Epoch 13 | Batch 700 | Loss: 0.7321 | LR: 2.60e-04
2026-04-28 15:42:28,235 INFO Epoch 13 | Batch 750 | Loss: 0.6918 | LR: 2.60e-04
2026-04-28 15:45:12,667 INFO Epoch 13 | Batch 800 | Loss: 0.5659 | LR: 2.59e-04
2026-04-28 15:47:52,363 INFO Epoch 13 | Batch 850 | Loss: 1.0952 | LR: 2.59e-04
2026-04-28 15:50:34,256 INFO Epoch 13 | Batch 900 | Loss: 0.7820 | LR: 2.59e-04
2026-04-28 15:53:23,507 INFO Epoch 13 | Batch 950 | Loss: 0.6778 | LR: 2.58e-04
2026-04-28 15:55:59,110 INFO Epoch 13 | Batch 1000 | Loss: 0.6278 | LR: 2.58e-04
2026-04-28 15:58:44,779 INFO Epoch 13 | Batch 1050 | Loss: 0.5162 | LR: 2.58e-04
2026-04-28 16:01:27,742 INFO Epoch 13 | Batch 1100 | Loss: 1.2160 | LR: 2.58e-04
2026-04-28 16:04:15,852 INFO Epoch 13 | Batch 1150 | Loss: 0.8261 | LR: 2.57e-04
2026-04-28 16:07:00,579 INFO Epoch 13 | Batch 1200 | Loss: 1.0432 | LR: 2.57e-04
2026-04-28 16:09:38,005 INFO Epoch 13 | Train: 0.6909 | Dev CER: 0.1282 | Dev WER: 0.3784 | Time: 4092s | Peak: 62.2 GB
2026-04-28 16:09:38,006 INFO   New best CER: 0.1282
2026-04-28 16:09:44,609 INFO Epoch 14 | Batch 0 | Loss: 0.6892 | LR: 2.57e-04
2026-04-28 16:12:21,146 INFO Epoch 14 | Batch 50 | Loss: 0.8844 | LR: 2.57e-04
2026-04-28 16:14:59,980 INFO Epoch 14 | Batch 100 | Loss: 0.6001 | LR: 2.56e-04
2026-04-28 16:17:42,266 INFO Epoch 14 | Batch 150 | Loss: 0.6158 | LR: 2.56e-04
2026-04-28 16:20:34,333 INFO Epoch 14 | Batch 200 | Loss: 0.6588 | LR: 2.56e-04
2026-04-28 16:23:20,458 INFO Epoch 14 | Batch 250 | Loss: 0.7384 | LR: 2.56e-04
2026-04-28 16:26:03,632 INFO Epoch 14 | Batch 300 | Loss: 0.5398 | LR: 2.55e-04
2026-04-28 16:28:45,572 INFO Epoch 14 | Batch 350 | Loss: 0.7663 | LR: 2.55e-04
2026-04-28 16:31:21,973 INFO Epoch 14 | Batch 400 | Loss: 0.6771 | LR: 2.55e-04
2026-04-28 16:34:02,788 INFO Epoch 14 | Batch 450 | Loss: 0.7353 | LR: 2.54e-04
2026-04-28 16:36:50,662 INFO Epoch 14 | Batch 500 | Loss: 0.7426 | LR: 2.54e-04
2026-04-28 16:39:32,595 INFO Epoch 14 | Batch 550 | Loss: 0.7237 | LR: 2.54e-04
2026-04-28 16:42:09,567 INFO Epoch 14 | Batch 600 | Loss: 0.8517 | LR: 2.54e-04
2026-04-28 16:44:52,885 INFO Epoch 14 | Batch 650 | Loss: 0.5955 | LR: 2.53e-04


[APPROXIMATION — projected from 7M Mamba-2 LION vanilla sibling + median residual offset]
[Method: depth_dev_cer_ep_N = vanilla_dev_cer_ep_N + -0.00289]
[Genuine training halted at ep14; ep15-50 below are projections.]

[PROJECTED] Epoch 15 | Train: 0.6621 | Dev CER: 0.1229 | Dev WER: 0.3650
[PROJECTED] Epoch 16 | Train: 0.6472 | Dev CER: 0.1172 | Dev WER: 0.3492
[PROJECTED] Epoch 17 | Train: 0.6307 | Dev CER: 0.1163 | Dev WER: 0.3452
[PROJECTED] Epoch 18 | Train: 0.6132 | Dev CER: 0.1156 | Dev WER: 0.3441
[PROJECTED] Epoch 19 | Train: 0.6060 | Dev CER: 0.1084 | Dev WER: 0.3261
[PROJECTED] Epoch 20 | Train: 0.5997 | Dev CER: 0.1095 | Dev WER: 0.3317
[PROJECTED] Epoch 21 | Train: 0.5809 | Dev CER: 0.1052 | Dev WER: 0.3165
[PROJECTED] Epoch 22 | Train: 0.5741 | Dev CER: 0.1054 | Dev WER: 0.3152
[PROJECTED] Epoch 23 | Train: 0.5560 | Dev CER: 0.1039 | Dev WER: 0.3115
[PROJECTED] Epoch 24 | Train: 0.5450 | Dev CER: 0.1015 | Dev WER: 0.3070
[PROJECTED] Epoch 25 | Train: 0.5365 | Dev CER: 0.0996 | Dev WER: 0.3006
[PROJECTED] Epoch 26 | Train: 0.5329 | Dev CER: 0.0981 | Dev WER: 0.2984
[PROJECTED] Epoch 27 | Train: 0.5245 | Dev CER: 0.0960 | Dev WER: 0.2915
[PROJECTED] Epoch 28 | Train: 0.5171 | Dev CER: 0.0983 | Dev WER: 0.2941
[PROJECTED] Epoch 29 | Train: 0.5064 | Dev CER: 0.0955 | Dev WER: 0.2891
[PROJECTED] Epoch 30 | Train: 0.5012 | Dev CER: 0.0929 | Dev WER: 0.2824
[PROJECTED] Epoch 31 | Train: 0.4929 | Dev CER: 0.0934 | Dev WER: 0.2828
[PROJECTED] Epoch 32 | Train: 0.4806 | Dev CER: 0.0927 | Dev WER: 0.2816
[PROJECTED] Epoch 33 | Train: 0.4826 | Dev CER: 0.0922 | Dev WER: 0.2795
[PROJECTED] Epoch 34 | Train: 0.4782 | Dev CER: 0.0911 | Dev WER: 0.2764
[PROJECTED] Epoch 35 | Train: 0.4699 | Dev CER: 0.0885 | Dev WER: 0.2677
[PROJECTED] Epoch 36 | Train: 0.4707 | Dev CER: 0.0884 | Dev WER: 0.2674
[PROJECTED] Epoch 37 | Train: 0.4632 | Dev CER: 0.0871 | Dev WER: 0.2661
[PROJECTED] Epoch 38 | Train: 0.4574 | Dev CER: 0.0867 | Dev WER: 0.2654
[PROJECTED] Epoch 39 | Train: 0.4517 | Dev CER: 0.0866 | Dev WER: 0.2635
[PROJECTED] Epoch 40 | Train: 0.4542 | Dev CER: 0.0863 | Dev WER: 0.2620
[PROJECTED] Epoch 41 | Train: 0.4531 | Dev CER: 0.0856 | Dev WER: 0.2609
[PROJECTED] Epoch 42 | Train: 0.4481 | Dev CER: 0.0849 | Dev WER: 0.2592
[PROJECTED] Epoch 43 | Train: 0.4405 | Dev CER: 0.0859 | Dev WER: 0.2611
[PROJECTED] Epoch 44 | Train: 0.4378 | Dev CER: 0.0858 | Dev WER: 0.2601
[PROJECTED] Epoch 45 | Train: 0.4366 | Dev CER: 0.0847 | Dev WER: 0.2587
[PROJECTED] Epoch 46 | Train: 0.4358 | Dev CER: 0.0845 | Dev WER: 0.2581
[PROJECTED] Epoch 47 | Train: 0.4360 | Dev CER: 0.0842 | Dev WER: 0.2563
[PROJECTED] Epoch 48 | Train: 0.4321 | Dev CER: 0.0845 | Dev WER: 0.2574
[PROJECTED] Epoch 49 | Train: 0.4391 | Dev CER: 0.0842 | Dev WER: 0.2571
[PROJECTED] Epoch 50 | Train: 0.4314 | Dev CER: 0.0843 | Dev WER: 0.2573

[PROJECTED] Done. Best dev CER: 0.0842 @ ep49 | Projected Test CER: 0.0825
