2026-04-23 09:47:48,076 INFO Loading LibriSpeech split=train.100 from HuggingFace...
2026-04-23 09:47:48,271 INFO HTTP Request: HEAD https://huggingface.co/datasets/openslr/librispeech_asr/resolve/main/README.md "HTTP/1.1 307 Temporary Redirect"
2026-04-23 09:47:48,272 WARNING Warning: You are sending unauthenticated requests to the HF Hub. Please set a HF_TOKEN to enable higher rate limits and faster downloads.
2026-04-23 09:47:48,292 INFO HTTP Request: HEAD https://huggingface.co/api/resolve-cache/datasets/openslr/librispeech_asr/71cacbfb7e2354c4226d01e70d77d5fca3d04ba1/README.md "HTTP/1.1 200 OK"
2026-04-23 09:47:48,426 INFO HTTP Request: HEAD https://huggingface.co/datasets/openslr/librispeech_asr/resolve/71cacbfb7e2354c4226d01e70d77d5fca3d04ba1/librispeech_asr.py "HTTP/1.1 404 Not Found"
2026-04-23 09:47:48,832 INFO HTTP Request: HEAD https://s3.amazonaws.com/datasets.huggingface.co/datasets/datasets/openslr/librispeech_asr/openslr/librispeech_asr.py "HTTP/1.1 404 Not Found"
2026-04-23 09:47:48,982 INFO HTTP Request: GET https://huggingface.co/api/datasets/openslr/librispeech_asr/revision/71cacbfb7e2354c4226d01e70d77d5fca3d04ba1 "HTTP/1.1 200 OK"
2026-04-23 09:47:49,113 INFO HTTP Request: HEAD https://huggingface.co/datasets/openslr/librispeech_asr/resolve/71cacbfb7e2354c4226d01e70d77d5fca3d04ba1/.huggingface.yaml "HTTP/1.1 404 Not Found"
2026-04-23 09:47:49,308 INFO HTTP Request: GET https://datasets-server.huggingface.co/info?dataset=openslr/librispeech_asr "HTTP/1.1 200 OK"
2026-04-23 09:47:49,446 INFO HTTP Request: GET https://huggingface.co/api/datasets/openslr/librispeech_asr/tree/71cacbfb7e2354c4226d01e70d77d5fca3d04ba1/clean%2Ftest?recursive=true&expand=false "HTTP/1.1 200 OK"
2026-04-23 09:47:49,578 INFO HTTP Request: GET https://huggingface.co/api/datasets/openslr/librispeech_asr/tree/71cacbfb7e2354c4226d01e70d77d5fca3d04ba1/clean?recursive=false&expand=false "HTTP/1.1 200 OK"
2026-04-23 09:47:49,721 INFO HTTP Request: GET https://huggingface.co/api/datasets/openslr/librispeech_asr/tree/71cacbfb7e2354c4226d01e70d77d5fca3d04ba1/clean%2Ftrain.100?recursive=true&expand=false "HTTP/1.1 200 OK"
2026-04-23 09:47:49,873 INFO HTTP Request: GET https://huggingface.co/api/datasets/openslr/librispeech_asr/tree/71cacbfb7e2354c4226d01e70d77d5fca3d04ba1/clean%2Ftrain.360?recursive=true&expand=false "HTTP/1.1 200 OK"
2026-04-23 09:47:50,031 INFO HTTP Request: GET https://huggingface.co/api/datasets/openslr/librispeech_asr/tree/71cacbfb7e2354c4226d01e70d77d5fca3d04ba1/clean%2Fvalidation?recursive=true&expand=false "HTTP/1.1 200 OK"
2026-04-23 09:47:50,175 INFO HTTP Request: HEAD https://huggingface.co/datasets/openslr/librispeech_asr/resolve/71cacbfb7e2354c4226d01e70d77d5fca3d04ba1/dataset_infos.json "HTTP/1.1 404 Not Found"
2026-04-23 09:49:07,142 INFO Loaded 28538 utterances from train.100 (skipped 1 outside [0.5s, 20.0s])
2026-04-23 09:49:07,214 INFO Loading LibriSpeech split=validation from HuggingFace...
2026-04-23 09:49:07,392 INFO HTTP Request: HEAD https://huggingface.co/datasets/openslr/librispeech_asr/resolve/main/README.md "HTTP/1.1 307 Temporary Redirect"
2026-04-23 09:49:07,412 INFO HTTP Request: HEAD https://huggingface.co/api/resolve-cache/datasets/openslr/librispeech_asr/71cacbfb7e2354c4226d01e70d77d5fca3d04ba1/README.md "HTTP/1.1 200 OK"
2026-04-23 09:49:07,546 INFO HTTP Request: HEAD https://huggingface.co/datasets/openslr/librispeech_asr/resolve/71cacbfb7e2354c4226d01e70d77d5fca3d04ba1/librispeech_asr.py "HTTP/1.1 404 Not Found"
2026-04-23 09:49:07,927 INFO HTTP Request: HEAD https://s3.amazonaws.com/datasets.huggingface.co/datasets/datasets/openslr/librispeech_asr/openslr/librispeech_asr.py "HTTP/1.1 404 Not Found"
2026-04-23 09:49:08,073 INFO HTTP Request: HEAD https://huggingface.co/datasets/openslr/librispeech_asr/resolve/71cacbfb7e2354c4226d01e70d77d5fca3d04ba1/.huggingface.yaml "HTTP/1.1 404 Not Found"
2026-04-23 09:49:08,294 INFO HTTP Request: GET https://datasets-server.huggingface.co/info?dataset=openslr/librispeech_asr "HTTP/1.1 200 OK"
2026-04-23 09:49:08,970 INFO HTTP Request: HEAD https://huggingface.co/datasets/openslr/librispeech_asr/resolve/71cacbfb7e2354c4226d01e70d77d5fca3d04ba1/dataset_infos.json "HTTP/1.1 404 Not Found"
2026-04-23 09:49:13,213 INFO Loaded 2642 utterances from validation (skipped 61 outside [0.5s, 20.0s])
2026-04-23 09:49:13,221 INFO Loading LibriSpeech split=test from HuggingFace...
2026-04-23 09:49:13,350 INFO HTTP Request: HEAD https://huggingface.co/datasets/openslr/librispeech_asr/resolve/main/README.md "HTTP/1.1 307 Temporary Redirect"
2026-04-23 09:49:13,371 INFO HTTP Request: HEAD https://huggingface.co/api/resolve-cache/datasets/openslr/librispeech_asr/71cacbfb7e2354c4226d01e70d77d5fca3d04ba1/README.md "HTTP/1.1 200 OK"
2026-04-23 09:49:13,991 INFO HTTP Request: HEAD https://huggingface.co/datasets/openslr/librispeech_asr/resolve/71cacbfb7e2354c4226d01e70d77d5fca3d04ba1/librispeech_asr.py "HTTP/1.1 404 Not Found"
2026-04-23 09:49:14,415 INFO HTTP Request: HEAD https://s3.amazonaws.com/datasets.huggingface.co/datasets/datasets/openslr/librispeech_asr/openslr/librispeech_asr.py "HTTP/1.1 404 Not Found"
2026-04-23 09:49:14,799 INFO HTTP Request: HEAD https://huggingface.co/datasets/openslr/librispeech_asr/resolve/71cacbfb7e2354c4226d01e70d77d5fca3d04ba1/.huggingface.yaml "HTTP/1.1 404 Not Found"
2026-04-23 09:49:15,009 INFO HTTP Request: GET https://datasets-server.huggingface.co/info?dataset=openslr/librispeech_asr "HTTP/1.1 200 OK"
2026-04-23 09:49:15,270 INFO HTTP Request: HEAD https://huggingface.co/datasets/openslr/librispeech_asr/resolve/71cacbfb7e2354c4226d01e70d77d5fca3d04ba1/dataset_infos.json "HTTP/1.1 404 Not Found"
2026-04-23 09:49:19,524 INFO Loaded 2528 utterances from test (skipped 92 outside [0.5s, 20.0s])
2026-04-23 09:49:19,755 INFO Backbone: linear_attn_lucid | Params: 6.26M
2026-04-23 09:49:19,756 INFO   Frontend: 1.90M | Encoder: 4.35M | Head: 8.0K
2026-04-23 09:49:22,710 INFO Epoch 1 | Batch 0 | Loss: 4.2154 | LR: 3.00e-07
2026-04-23 09:49:29,639 INFO Epoch 1 | Batch 50 | Loss: 2.8605 | LR: 1.53e-05
2026-04-23 09:49:36,978 INFO Epoch 1 | Batch 100 | Loss: 2.8952 | LR: 3.03e-05
2026-04-23 09:49:43,905 INFO Epoch 1 | Batch 150 | Loss: 2.8689 | LR: 4.53e-05
2026-04-23 09:49:50,916 INFO Epoch 1 | Batch 200 | Loss: 2.8362 | LR: 6.03e-05
2026-04-23 09:49:57,983 INFO Epoch 1 | Batch 250 | Loss: 2.8394 | LR: 7.53e-05
2026-04-23 09:50:04,853 INFO Epoch 1 | Batch 300 | Loss: 2.8582 | LR: 9.03e-05
2026-04-23 09:50:11,801 INFO Epoch 1 | Batch 350 | Loss: 2.7876 | LR: 1.05e-04
2026-04-23 09:50:18,805 INFO Epoch 1 | Batch 400 | Loss: 2.8317 | LR: 1.20e-04
2026-04-23 09:50:25,880 INFO Epoch 1 | Batch 450 | Loss: 2.6761 | LR: 1.35e-04
2026-04-23 09:50:32,971 INFO Epoch 1 | Batch 500 | Loss: 2.6854 | LR: 1.50e-04
2026-04-23 09:50:39,849 INFO Epoch 1 | Batch 550 | Loss: 2.6152 | LR: 1.65e-04
2026-04-23 09:50:46,873 INFO Epoch 1 | Batch 600 | Loss: 2.7317 | LR: 1.80e-04
2026-04-23 09:50:54,016 INFO Epoch 1 | Batch 650 | Loss: 2.5064 | LR: 1.95e-04
2026-04-23 09:51:01,085 INFO Epoch 1 | Batch 700 | Loss: 2.5728 | LR: 2.10e-04
2026-04-23 09:51:08,257 INFO Epoch 1 | Batch 750 | Loss: 2.4992 | LR: 2.25e-04
2026-04-23 09:51:15,221 INFO Epoch 1 | Batch 800 | Loss: 2.6872 | LR: 2.40e-04
2026-04-23 09:51:22,194 INFO Epoch 1 | Batch 850 | Loss: 2.4811 | LR: 2.55e-04
2026-04-23 09:51:29,162 INFO Epoch 1 | Batch 900 | Loss: 2.5070 | LR: 2.70e-04
2026-04-23 09:51:36,028 INFO Epoch 1 | Batch 950 | Loss: 2.4148 | LR: 2.85e-04
2026-04-23 09:51:42,929 INFO Epoch 1 | Batch 1000 | Loss: 2.2834 | LR: 3.00e-04
2026-04-23 09:51:49,881 INFO Epoch 1 | Batch 1050 | Loss: 2.3945 | LR: 3.00e-04
2026-04-23 09:51:56,666 INFO Epoch 1 | Batch 1100 | Loss: 2.3971 | LR: 3.00e-04
2026-04-23 09:52:03,673 INFO Epoch 1 | Batch 1150 | Loss: 2.5028 | LR: 3.00e-04
2026-04-23 09:52:10,636 INFO Epoch 1 | Batch 1200 | Loss: 2.4237 | LR: 3.00e-04
2026-04-23 09:52:25,390 INFO Epoch 1 | Train: 2.6335 | Dev CER: 0.5941 | Dev WER: 0.9989 | Time: 185s | Peak: 7.2 GB
2026-04-23 09:52:25,390 INFO   New best CER: 0.5941
2026-04-23 09:52:27,609 INFO Epoch 2 | Batch 0 | Loss: 2.2699 | LR: 3.00e-04
2026-04-23 09:52:34,520 INFO Epoch 2 | Batch 50 | Loss: 2.5056 | LR: 3.00e-04
2026-04-23 09:52:41,415 INFO Epoch 2 | Batch 100 | Loss: 2.4273 | LR: 3.00e-04
2026-04-23 09:52:48,298 INFO Epoch 2 | Batch 150 | Loss: 2.3534 | LR: 3.00e-04
2026-04-23 09:52:55,164 INFO Epoch 2 | Batch 200 | Loss: 2.2470 | LR: 3.00e-04
2026-04-23 09:53:01,997 INFO Epoch 2 | Batch 250 | Loss: 2.1120 | LR: 3.00e-04
2026-04-23 09:53:09,006 INFO Epoch 2 | Batch 300 | Loss: 2.2742 | LR: 3.00e-04
2026-04-23 09:53:15,943 INFO Epoch 2 | Batch 350 | Loss: 2.2447 | LR: 3.00e-04
2026-04-23 09:53:22,999 INFO Epoch 2 | Batch 400 | Loss: 2.0780 | LR: 3.00e-04
2026-04-23 09:53:29,860 INFO Epoch 2 | Batch 450 | Loss: 2.1312 | LR: 3.00e-04
2026-04-23 09:53:36,737 INFO Epoch 2 | Batch 500 | Loss: 2.1448 | LR: 3.00e-04
2026-04-23 09:53:43,710 INFO Epoch 2 | Batch 550 | Loss: 2.3076 | LR: 3.00e-04
2026-04-23 09:53:50,691 INFO Epoch 2 | Batch 600 | Loss: 2.2147 | LR: 3.00e-04
2026-04-23 09:53:57,782 INFO Epoch 2 | Batch 650 | Loss: 2.2948 | LR: 3.00e-04
2026-04-23 09:54:04,724 INFO Epoch 2 | Batch 700 | Loss: 2.4466 | LR: 3.00e-04
2026-04-23 09:54:11,623 INFO Epoch 2 | Batch 750 | Loss: 2.1690 | LR: 2.99e-04
2026-04-23 09:54:18,545 INFO Epoch 2 | Batch 800 | Loss: 1.9693 | LR: 2.99e-04
2026-04-23 09:54:25,444 INFO Epoch 2 | Batch 850 | Loss: 2.2491 | LR: 2.99e-04
2026-04-23 09:54:32,373 INFO Epoch 2 | Batch 900 | Loss: 2.1207 | LR: 2.99e-04
2026-04-23 09:54:39,300 INFO Epoch 2 | Batch 950 | Loss: 2.0049 | LR: 2.99e-04
2026-04-23 09:54:46,358 INFO Epoch 2 | Batch 1000 | Loss: 2.5345 | LR: 2.99e-04
2026-04-23 09:54:53,372 INFO Epoch 2 | Batch 1050 | Loss: 2.1631 | LR: 2.99e-04
2026-04-23 09:55:00,376 INFO Epoch 2 | Batch 1100 | Loss: 2.0398 | LR: 2.99e-04
2026-04-23 09:55:07,435 INFO Epoch 2 | Batch 1150 | Loss: 1.9287 | LR: 2.99e-04
2026-04-23 09:55:14,303 INFO Epoch 2 | Batch 1200 | Loss: 2.0011 | LR: 2.99e-04
2026-04-23 09:55:32,398 INFO Epoch 2 | Train: 2.1795 | Dev CER: 0.4750 | Dev WER: 0.9592 | Time: 186s | Peak: 7.2 GB
2026-04-23 09:55:32,398 INFO   New best CER: 0.4750
2026-04-23 09:55:34,652 INFO Epoch 3 | Batch 0 | Loss: 1.9602 | LR: 2.99e-04
2026-04-23 09:55:41,651 INFO Epoch 3 | Batch 50 | Loss: 1.9664 | LR: 2.99e-04
2026-04-23 09:55:48,652 INFO Epoch 3 | Batch 100 | Loss: 1.9452 | LR: 2.99e-04
2026-04-23 09:55:55,751 INFO Epoch 3 | Batch 150 | Loss: 1.9430 | LR: 2.99e-04
2026-04-23 09:56:02,812 INFO Epoch 3 | Batch 200 | Loss: 2.0000 | LR: 2.98e-04
2026-04-23 09:56:09,912 INFO Epoch 3 | Batch 250 | Loss: 1.6885 | LR: 2.98e-04
2026-04-23 09:56:16,909 INFO Epoch 3 | Batch 300 | Loss: 2.0508 | LR: 2.98e-04
2026-04-23 09:56:23,824 INFO Epoch 3 | Batch 350 | Loss: 1.7497 | LR: 2.98e-04
2026-04-23 09:56:30,757 INFO Epoch 3 | Batch 400 | Loss: 1.8181 | LR: 2.98e-04
2026-04-23 09:56:37,840 INFO Epoch 3 | Batch 450 | Loss: 2.2417 | LR: 2.98e-04
2026-04-23 09:56:44,755 INFO Epoch 3 | Batch 500 | Loss: 1.8527 | LR: 2.98e-04
2026-04-23 09:56:51,859 INFO Epoch 3 | Batch 550 | Loss: 1.8880 | LR: 2.98e-04
2026-04-23 09:56:58,675 INFO Epoch 3 | Batch 600 | Loss: 2.0833 | LR: 2.98e-04
2026-04-23 09:57:05,518 INFO Epoch 3 | Batch 650 | Loss: 1.9300 | LR: 2.97e-04
2026-04-23 09:57:12,368 INFO Epoch 3 | Batch 700 | Loss: 2.0050 | LR: 2.97e-04
2026-04-23 09:57:19,329 INFO Epoch 3 | Batch 750 | Loss: 2.2001 | LR: 2.97e-04
2026-04-23 09:57:26,312 INFO Epoch 3 | Batch 800 | Loss: 1.9727 | LR: 2.97e-04
2026-04-23 09:57:33,293 INFO Epoch 3 | Batch 850 | Loss: 1.9323 | LR: 2.97e-04
2026-04-23 09:57:40,146 INFO Epoch 3 | Batch 900 | Loss: 2.0181 | LR: 2.97e-04
2026-04-23 09:57:47,011 INFO Epoch 3 | Batch 950 | Loss: 2.0774 | LR: 2.97e-04
2026-04-23 09:57:53,894 INFO Epoch 3 | Batch 1000 | Loss: 1.7529 | LR: 2.97e-04
2026-04-23 09:58:00,959 INFO Epoch 3 | Batch 1050 | Loss: 1.8854 | LR: 2.96e-04
2026-04-23 09:58:07,843 INFO Epoch 3 | Batch 1100 | Loss: 1.7264 | LR: 2.96e-04
2026-04-23 09:58:14,757 INFO Epoch 3 | Batch 1150 | Loss: 2.1107 | LR: 2.96e-04
2026-04-23 09:58:21,624 INFO Epoch 3 | Batch 1200 | Loss: 1.9839 | LR: 2.96e-04
2026-04-23 09:58:39,304 INFO Epoch 3 | Train: 1.9155 | Dev CER: 0.4171 | Dev WER: 0.9276 | Time: 186s | Peak: 7.2 GB
2026-04-23 09:58:39,305 INFO   New best CER: 0.4171
2026-04-23 09:58:42,087 INFO Epoch 4 | Batch 0 | Loss: 1.6887 | LR: 2.96e-04
2026-04-23 09:58:49,098 INFO Epoch 4 | Batch 50 | Loss: 1.9754 | LR: 2.96e-04
2026-04-23 09:58:56,010 INFO Epoch 4 | Batch 100 | Loss: 1.7082 | LR: 2.96e-04
2026-04-23 09:59:02,884 INFO Epoch 4 | Batch 150 | Loss: 2.1020 | LR: 2.95e-04
2026-04-23 09:59:09,692 INFO Epoch 4 | Batch 200 | Loss: 1.9024 | LR: 2.95e-04
2026-04-23 09:59:16,602 INFO Epoch 4 | Batch 250 | Loss: 1.8304 | LR: 2.95e-04
2026-04-23 09:59:23,469 INFO Epoch 4 | Batch 300 | Loss: 1.7536 | LR: 2.95e-04
2026-04-23 09:59:30,496 INFO Epoch 4 | Batch 350 | Loss: 2.1587 | LR: 2.95e-04
2026-04-23 09:59:37,293 INFO Epoch 4 | Batch 400 | Loss: 1.7923 | LR: 2.95e-04
2026-04-23 09:59:44,056 INFO Epoch 4 | Batch 450 | Loss: 1.7895 | LR: 2.94e-04
2026-04-23 09:59:49,672 INFO Epoch 4 | Batch 500 | Loss: 1.9388 | LR: 2.94e-04
2026-04-23 09:59:55,210 INFO Epoch 4 | Batch 550 | Loss: 1.6402 | LR: 2.94e-04
2026-04-23 10:00:00,979 INFO Epoch 4 | Batch 600 | Loss: 1.8277 | LR: 2.94e-04
2026-04-23 10:00:06,550 INFO Epoch 4 | Batch 650 | Loss: 1.7304 | LR: 2.94e-04
2026-04-23 10:00:12,128 INFO Epoch 4 | Batch 700 | Loss: 1.5697 | LR: 2.93e-04
2026-04-23 10:00:17,850 INFO Epoch 4 | Batch 750 | Loss: 1.7357 | LR: 2.93e-04
2026-04-23 10:00:23,390 INFO Epoch 4 | Batch 800 | Loss: 1.6577 | LR: 2.93e-04
2026-04-23 10:00:29,256 INFO Epoch 4 | Batch 850 | Loss: 2.0112 | LR: 2.93e-04
2026-04-23 10:00:34,827 INFO Epoch 4 | Batch 900 | Loss: 1.7531 | LR: 2.93e-04
2026-04-23 10:00:40,359 INFO Epoch 4 | Batch 950 | Loss: 1.7133 | LR: 2.92e-04
2026-04-23 10:00:47,378 INFO Epoch 4 | Batch 1000 | Loss: 1.6006 | LR: 2.92e-04
2026-04-23 10:00:54,397 INFO Epoch 4 | Batch 1050 | Loss: 1.7733 | LR: 2.92e-04
2026-04-23 10:01:01,310 INFO Epoch 4 | Batch 1100 | Loss: 1.6248 | LR: 2.92e-04
2026-04-23 10:01:08,163 INFO Epoch 4 | Batch 1150 | Loss: 1.8715 | LR: 2.92e-04
2026-04-23 10:01:15,117 INFO Epoch 4 | Batch 1200 | Loss: 2.0579 | LR: 2.91e-04
2026-04-23 10:01:32,322 INFO Epoch 4 | Train: 1.7568 | Dev CER: 0.3777 | Dev WER: 0.8710 | Time: 172s | Peak: 7.2 GB
2026-04-23 10:01:32,323 INFO   New best CER: 0.3777
2026-04-23 10:01:34,761 INFO Epoch 5 | Batch 0 | Loss: 1.4434 | LR: 2.91e-04
2026-04-23 10:01:41,723 INFO Epoch 5 | Batch 50 | Loss: 1.6733 | LR: 2.91e-04
2026-04-23 10:01:48,766 INFO Epoch 5 | Batch 100 | Loss: 1.7648 | LR: 2.91e-04
2026-04-23 10:01:55,747 INFO Epoch 5 | Batch 150 | Loss: 1.6488 | LR: 2.91e-04
2026-04-23 10:02:02,829 INFO Epoch 5 | Batch 200 | Loss: 1.5376 | LR: 2.90e-04
2026-04-23 10:02:09,906 INFO Epoch 5 | Batch 250 | Loss: 2.1586 | LR: 2.90e-04
2026-04-23 10:02:17,010 INFO Epoch 5 | Batch 300 | Loss: 1.4444 | LR: 2.90e-04
2026-04-23 10:02:24,066 INFO Epoch 5 | Batch 350 | Loss: 1.4844 | LR: 2.90e-04
2026-04-23 10:02:31,194 INFO Epoch 5 | Batch 400 | Loss: 1.3844 | LR: 2.89e-04
2026-04-23 10:02:38,128 INFO Epoch 5 | Batch 450 | Loss: 1.7504 | LR: 2.89e-04
2026-04-23 10:02:45,080 INFO Epoch 5 | Batch 500 | Loss: 1.5863 | LR: 2.89e-04
2026-04-23 10:02:52,042 INFO Epoch 5 | Batch 550 | Loss: 1.7040 | LR: 2.89e-04
2026-04-23 10:02:59,287 INFO Epoch 5 | Batch 600 | Loss: 1.7834 | LR: 2.88e-04
2026-04-23 10:03:06,399 INFO Epoch 5 | Batch 650 | Loss: 1.9058 | LR: 2.88e-04
2026-04-23 10:03:13,343 INFO Epoch 5 | Batch 700 | Loss: 1.5806 | LR: 2.88e-04
2026-04-23 10:03:20,580 INFO Epoch 5 | Batch 750 | Loss: 1.4955 | LR: 2.88e-04
2026-04-23 10:03:27,656 INFO Epoch 5 | Batch 800 | Loss: 1.4943 | LR: 2.87e-04
2026-04-23 10:03:34,906 INFO Epoch 5 | Batch 850 | Loss: 1.6191 | LR: 2.87e-04
2026-04-23 10:03:42,073 INFO Epoch 5 | Batch 900 | Loss: 1.7004 | LR: 2.87e-04
2026-04-23 10:03:49,259 INFO Epoch 5 | Batch 950 | Loss: 1.9444 | LR: 2.87e-04
2026-04-23 10:03:56,334 INFO Epoch 5 | Batch 1000 | Loss: 1.7276 | LR: 2.86e-04
2026-04-23 10:04:03,401 INFO Epoch 5 | Batch 1050 | Loss: 1.5531 | LR: 2.86e-04
2026-04-23 10:04:10,495 INFO Epoch 5 | Batch 1100 | Loss: 1.6023 | LR: 2.86e-04
2026-04-23 10:04:17,425 INFO Epoch 5 | Batch 1150 | Loss: 1.9087 | LR: 2.86e-04
2026-04-23 10:04:24,473 INFO Epoch 5 | Batch 1200 | Loss: 1.5938 | LR: 2.85e-04
2026-04-23 10:04:39,459 INFO Epoch 5 | Train: 1.6308 | Dev CER: 0.3489 | Dev WER: 0.8410 | Time: 187s | Peak: 7.2 GB
2026-04-23 10:04:39,459 INFO   New best CER: 0.3489
2026-04-23 10:04:42,020 INFO Epoch 6 | Batch 0 | Loss: 1.5509 | LR: 2.85e-04
2026-04-23 10:04:48,824 INFO Epoch 6 | Batch 50 | Loss: 1.9955 | LR: 2.85e-04
2026-04-23 10:04:55,847 INFO Epoch 6 | Batch 100 | Loss: 1.6817 | LR: 2.84e-04
2026-04-23 10:05:02,922 INFO Epoch 6 | Batch 150 | Loss: 1.6215 | LR: 2.84e-04
2026-04-23 10:05:09,875 INFO Epoch 6 | Batch 200 | Loss: 1.6557 | LR: 2.84e-04
2026-04-23 10:05:16,767 INFO Epoch 6 | Batch 250 | Loss: 1.3532 | LR: 2.84e-04
2026-04-23 10:05:23,856 INFO Epoch 6 | Batch 300 | Loss: 1.3581 | LR: 2.83e-04
2026-04-23 10:05:31,004 INFO Epoch 6 | Batch 350 | Loss: 1.4893 | LR: 2.83e-04
2026-04-23 10:05:38,183 INFO Epoch 6 | Batch 400 | Loss: 1.4137 | LR: 2.83e-04
2026-04-23 10:05:45,098 INFO Epoch 6 | Batch 450 | Loss: 2.1133 | LR: 2.82e-04
2026-04-23 10:05:52,303 INFO Epoch 6 | Batch 500 | Loss: 1.3389 | LR: 2.82e-04
2026-04-23 10:05:59,478 INFO Epoch 6 | Batch 550 | Loss: 1.4512 | LR: 2.82e-04
2026-04-23 10:06:06,523 INFO Epoch 6 | Batch 600 | Loss: 1.5227 | LR: 2.81e-04
2026-04-23 10:06:13,542 INFO Epoch 6 | Batch 650 | Loss: 1.6820 | LR: 2.81e-04
2026-04-23 10:06:20,490 INFO Epoch 6 | Batch 700 | Loss: 1.7021 | LR: 2.81e-04
2026-04-23 10:06:27,511 INFO Epoch 6 | Batch 750 | Loss: 1.5496 | LR: 2.81e-04
2026-04-23 10:06:34,661 INFO Epoch 6 | Batch 800 | Loss: 1.5064 | LR: 2.80e-04
2026-04-23 10:06:41,581 INFO Epoch 6 | Batch 850 | Loss: 1.6033 | LR: 2.80e-04
2026-04-23 10:06:48,665 INFO Epoch 6 | Batch 900 | Loss: 1.3432 | LR: 2.80e-04
2026-04-23 10:06:55,719 INFO Epoch 6 | Batch 950 | Loss: 1.8414 | LR: 2.79e-04
2026-04-23 10:07:02,841 INFO Epoch 6 | Batch 1000 | Loss: 1.6032 | LR: 2.79e-04
2026-04-23 10:07:09,833 INFO Epoch 6 | Batch 1050 | Loss: 1.6987 | LR: 2.79e-04
2026-04-23 10:07:16,783 INFO Epoch 6 | Batch 1100 | Loss: 1.6589 | LR: 2.78e-04
2026-04-23 10:07:23,597 INFO Epoch 6 | Batch 1150 | Loss: 1.4815 | LR: 2.78e-04
2026-04-23 10:07:30,627 INFO Epoch 6 | Batch 1200 | Loss: 1.4634 | LR: 2.78e-04
2026-04-23 10:07:47,511 INFO Epoch 6 | Train: 1.5375 | Dev CER: 0.3314 | Dev WER: 0.8206 | Time: 188s | Peak: 7.2 GB
2026-04-23 10:07:47,511 INFO   New best CER: 0.3314
2026-04-23 10:07:50,171 INFO Epoch 7 | Batch 0 | Loss: 1.6566 | LR: 2.77e-04
2026-04-23 10:07:56,958 INFO Epoch 7 | Batch 50 | Loss: 1.6852 | LR: 2.77e-04
2026-04-23 10:08:03,910 INFO Epoch 7 | Batch 100 | Loss: 1.4570 | LR: 2.77e-04
2026-04-23 10:08:10,575 INFO Epoch 7 | Batch 150 | Loss: 1.5709 | LR: 2.76e-04
2026-04-23 10:08:17,330 INFO Epoch 7 | Batch 200 | Loss: 1.3898 | LR: 2.76e-04
2026-04-23 10:08:24,439 INFO Epoch 7 | Batch 250 | Loss: 1.5099 | LR: 2.76e-04
2026-04-23 10:08:31,442 INFO Epoch 7 | Batch 300 | Loss: 1.3659 | LR: 2.75e-04
2026-04-23 10:08:38,517 INFO Epoch 7 | Batch 350 | Loss: 1.6617 | LR: 2.75e-04
2026-04-23 10:08:45,556 INFO Epoch 7 | Batch 400 | Loss: 1.3083 | LR: 2.74e-04
2026-04-23 10:08:52,706 INFO Epoch 7 | Batch 450 | Loss: 1.6454 | LR: 2.74e-04
2026-04-23 10:08:59,760 INFO Epoch 7 | Batch 500 | Loss: 1.6253 | LR: 2.74e-04
2026-04-23 10:09:06,818 INFO Epoch 7 | Batch 550 | Loss: 1.3210 | LR: 2.73e-04
2026-04-23 10:09:13,976 INFO Epoch 7 | Batch 600 | Loss: 1.5125 | LR: 2.73e-04
2026-04-23 10:09:20,903 INFO Epoch 7 | Batch 650 | Loss: 1.6626 | LR: 2.73e-04
2026-04-23 10:09:27,924 INFO Epoch 7 | Batch 700 | Loss: 1.5563 | LR: 2.72e-04
2026-04-23 10:09:34,676 INFO Epoch 7 | Batch 750 | Loss: 1.5429 | LR: 2.72e-04
2026-04-23 10:09:41,532 INFO Epoch 7 | Batch 800 | Loss: 1.7542 | LR: 2.71e-04
2026-04-23 10:09:48,407 INFO Epoch 7 | Batch 850 | Loss: 1.6455 | LR: 2.71e-04
2026-04-23 10:09:55,566 INFO Epoch 7 | Batch 900 | Loss: 1.4313 | LR: 2.71e-04
2026-04-23 10:10:02,585 INFO Epoch 7 | Batch 950 | Loss: 1.3898 | LR: 2.70e-04
2026-04-23 10:10:09,644 INFO Epoch 7 | Batch 1000 | Loss: 1.2926 | LR: 2.70e-04
2026-04-23 10:10:16,643 INFO Epoch 7 | Batch 1050 | Loss: 1.6334 | LR: 2.69e-04
2026-04-23 10:10:23,536 INFO Epoch 7 | Batch 1100 | Loss: 1.8646 | LR: 2.69e-04
2026-04-23 10:10:30,431 INFO Epoch 7 | Batch 1150 | Loss: 1.3867 | LR: 2.69e-04
2026-04-23 10:10:37,496 INFO Epoch 7 | Batch 1200 | Loss: 1.1184 | LR: 2.68e-04
2026-04-23 10:10:55,283 INFO Epoch 7 | Train: 1.4752 | Dev CER: 0.3089 | Dev WER: 0.7818 | Time: 187s | Peak: 7.2 GB
2026-04-23 10:10:55,283 INFO   New best CER: 0.3089
2026-04-23 10:10:57,905 INFO Epoch 8 | Batch 0 | Loss: 1.3855 | LR: 2.68e-04
2026-04-23 10:11:04,920 INFO Epoch 8 | Batch 50 | Loss: 1.4929 | LR: 2.68e-04
2026-04-23 10:11:11,876 INFO Epoch 8 | Batch 100 | Loss: 1.4761 | LR: 2.67e-04
2026-04-23 10:11:18,755 INFO Epoch 8 | Batch 150 | Loss: 1.5782 | LR: 2.67e-04
2026-04-23 10:11:25,621 INFO Epoch 8 | Batch 200 | Loss: 1.4379 | LR: 2.66e-04
2026-04-23 10:11:32,521 INFO Epoch 8 | Batch 250 | Loss: 1.6014 | LR: 2.66e-04
2026-04-23 10:11:39,380 INFO Epoch 8 | Batch 300 | Loss: 1.3324 | LR: 2.66e-04
2026-04-23 10:11:46,181 INFO Epoch 8 | Batch 350 | Loss: 1.6555 | LR: 2.65e-04
2026-04-23 10:11:53,223 INFO Epoch 8 | Batch 400 | Loss: 1.2628 | LR: 2.65e-04
2026-04-23 10:12:00,123 INFO Epoch 8 | Batch 450 | Loss: 1.5654 | LR: 2.64e-04
2026-04-23 10:12:07,312 INFO Epoch 8 | Batch 500 | Loss: 1.3922 | LR: 2.64e-04
2026-04-23 10:12:14,218 INFO Epoch 8 | Batch 550 | Loss: 1.4123 | LR: 2.63e-04
2026-04-23 10:12:21,115 INFO Epoch 8 | Batch 600 | Loss: 1.2697 | LR: 2.63e-04
2026-04-23 10:12:27,929 INFO Epoch 8 | Batch 650 | Loss: 1.3558 | LR: 2.63e-04
2026-04-23 10:12:35,058 INFO Epoch 8 | Batch 700 | Loss: 1.2446 | LR: 2.62e-04
2026-04-23 10:12:42,070 INFO Epoch 8 | Batch 750 | Loss: 1.2108 | LR: 2.62e-04
2026-04-23 10:12:48,572 INFO Epoch 8 | Batch 800 | Loss: 1.3674 | LR: 2.61e-04
2026-04-23 10:12:55,690 INFO Epoch 8 | Batch 850 | Loss: 1.1517 | LR: 2.61e-04
2026-04-23 10:13:02,738 INFO Epoch 8 | Batch 900 | Loss: 1.4852 | LR: 2.60e-04
2026-04-23 10:13:09,876 INFO Epoch 8 | Batch 950 | Loss: 1.4176 | LR: 2.60e-04
2026-04-23 10:13:16,875 INFO Epoch 8 | Batch 1000 | Loss: 1.2716 | LR: 2.60e-04
2026-04-23 10:13:23,854 INFO Epoch 8 | Batch 1050 | Loss: 1.3329 | LR: 2.59e-04
2026-04-23 10:13:30,771 INFO Epoch 8 | Batch 1100 | Loss: 1.3093 | LR: 2.59e-04
2026-04-23 10:13:37,740 INFO Epoch 8 | Batch 1150 | Loss: 1.2693 | LR: 2.58e-04
2026-04-23 10:13:44,848 INFO Epoch 8 | Batch 1200 | Loss: 1.2537 | LR: 2.58e-04
2026-04-23 10:14:03,645 INFO Epoch 8 | Train: 1.4109 | Dev CER: 0.2946 | Dev WER: 0.7605 | Time: 188s | Peak: 7.2 GB
2026-04-23 10:14:03,645 INFO   New best CER: 0.2946
2026-04-23 10:14:06,588 INFO Epoch 9 | Batch 0 | Loss: 1.3155 | LR: 2.57e-04
2026-04-23 10:14:13,433 INFO Epoch 9 | Batch 50 | Loss: 1.4577 | LR: 2.57e-04
2026-04-23 10:14:20,569 INFO Epoch 9 | Batch 100 | Loss: 1.3154 | LR: 2.56e-04
2026-04-23 10:14:27,670 INFO Epoch 9 | Batch 150 | Loss: 1.4008 | LR: 2.56e-04
2026-04-23 10:14:34,708 INFO Epoch 9 | Batch 200 | Loss: 1.3373 | LR: 2.56e-04
2026-04-23 10:14:41,634 INFO Epoch 9 | Batch 250 | Loss: 1.4658 | LR: 2.55e-04
2026-04-23 10:14:48,550 INFO Epoch 9 | Batch 300 | Loss: 1.2728 | LR: 2.55e-04
2026-04-23 10:14:55,427 INFO Epoch 9 | Batch 350 | Loss: 1.5548 | LR: 2.54e-04
2026-04-23 10:15:02,464 INFO Epoch 9 | Batch 400 | Loss: 1.2928 | LR: 2.54e-04
2026-04-23 10:15:09,306 INFO Epoch 9 | Batch 450 | Loss: 1.1598 | LR: 2.53e-04
2026-04-23 10:15:16,045 INFO Epoch 9 | Batch 500 | Loss: 1.2164 | LR: 2.53e-04
2026-04-23 10:15:22,812 INFO Epoch 9 | Batch 550 | Loss: 1.2090 | LR: 2.52e-04
2026-04-23 10:15:29,637 INFO Epoch 9 | Batch 600 | Loss: 1.2992 | LR: 2.52e-04
2026-04-23 10:15:36,586 INFO Epoch 9 | Batch 650 | Loss: 1.4355 | LR: 2.51e-04
2026-04-23 10:15:43,535 INFO Epoch 9 | Batch 700 | Loss: 1.1416 | LR: 2.51e-04
2026-04-23 10:15:50,368 INFO Epoch 9 | Batch 750 | Loss: 1.3214 | LR: 2.50e-04
2026-04-23 10:15:57,310 INFO Epoch 9 | Batch 800 | Loss: 1.4122 | LR: 2.50e-04
2026-04-23 10:16:04,018 INFO Epoch 9 | Batch 850 | Loss: 1.5011 | LR: 2.49e-04
2026-04-23 10:16:10,932 INFO Epoch 9 | Batch 900 | Loss: 1.5659 | LR: 2.49e-04
2026-04-23 10:16:17,913 INFO Epoch 9 | Batch 950 | Loss: 1.3406 | LR: 2.48e-04
2026-04-23 10:16:24,871 INFO Epoch 9 | Batch 1000 | Loss: 1.3211 | LR: 2.48e-04
2026-04-23 10:16:31,638 INFO Epoch 9 | Batch 1050 | Loss: 1.5135 | LR: 2.47e-04
2026-04-23 10:16:38,455 INFO Epoch 9 | Batch 1100 | Loss: 1.2154 | LR: 2.47e-04
2026-04-23 10:16:45,154 INFO Epoch 9 | Batch 1150 | Loss: 1.1919 | LR: 2.46e-04
2026-04-23 10:16:52,033 INFO Epoch 9 | Batch 1200 | Loss: 1.3630 | LR: 2.46e-04
2026-04-23 10:17:11,145 INFO Epoch 9 | Train: 1.3673 | Dev CER: 0.2831 | Dev WER: 0.7415 | Time: 187s | Peak: 7.2 GB
2026-04-23 10:17:11,146 INFO   New best CER: 0.2831
2026-04-23 10:17:14,118 INFO Epoch 10 | Batch 0 | Loss: 1.3190 | LR: 2.46e-04
2026-04-23 10:17:21,264 INFO Epoch 10 | Batch 50 | Loss: 1.3617 | LR: 2.45e-04
2026-04-23 10:17:28,506 INFO Epoch 10 | Batch 100 | Loss: 1.2374 | LR: 2.45e-04
2026-04-23 10:17:35,532 INFO Epoch 10 | Batch 150 | Loss: 1.2817 | LR: 2.44e-04
2026-04-23 10:17:41,857 INFO Epoch 10 | Batch 200 | Loss: 1.3433 | LR: 2.44e-04
2026-04-23 10:17:48,466 INFO Epoch 10 | Batch 250 | Loss: 1.2191 | LR: 2.43e-04
2026-04-23 10:17:55,485 INFO Epoch 10 | Batch 300 | Loss: 1.1970 | LR: 2.43e-04
2026-04-23 10:18:02,276 INFO Epoch 10 | Batch 350 | Loss: 1.1872 | LR: 2.42e-04
2026-04-23 10:18:09,199 INFO Epoch 10 | Batch 400 | Loss: 1.0340 | LR: 2.41e-04
2026-04-23 10:18:16,182 INFO Epoch 10 | Batch 450 | Loss: 1.3995 | LR: 2.41e-04
2026-04-23 10:18:23,143 INFO Epoch 10 | Batch 500 | Loss: 1.1030 | LR: 2.40e-04
2026-04-23 10:18:30,206 INFO Epoch 10 | Batch 550 | Loss: 1.2585 | LR: 2.40e-04
2026-04-23 10:18:37,311 INFO Epoch 10 | Batch 600 | Loss: 1.3814 | LR: 2.39e-04
2026-04-23 10:18:44,244 INFO Epoch 10 | Batch 650 | Loss: 1.3560 | LR: 2.39e-04
2026-04-23 10:18:51,450 INFO Epoch 10 | Batch 700 | Loss: 1.7902 | LR: 2.38e-04
2026-04-23 10:18:58,492 INFO Epoch 10 | Batch 750 | Loss: 0.9974 | LR: 2.38e-04
2026-04-23 10:19:05,588 INFO Epoch 10 | Batch 800 | Loss: 1.9139 | LR: 2.37e-04
2026-04-23 10:19:12,537 INFO Epoch 10 | Batch 850 | Loss: 1.1518 | LR: 2.37e-04
2026-04-23 10:19:19,551 INFO Epoch 10 | Batch 900 | Loss: 1.1018 | LR: 2.36e-04
2026-04-23 10:19:26,758 INFO Epoch 10 | Batch 950 | Loss: 1.2082 | LR: 2.36e-04
2026-04-23 10:19:33,739 INFO Epoch 10 | Batch 1000 | Loss: 1.1845 | LR: 2.35e-04
2026-04-23 10:19:40,692 INFO Epoch 10 | Batch 1050 | Loss: 1.2557 | LR: 2.35e-04
2026-04-23 10:19:47,678 INFO Epoch 10 | Batch 1100 | Loss: 1.1266 | LR: 2.34e-04
2026-04-23 10:19:54,858 INFO Epoch 10 | Batch 1150 | Loss: 1.2339 | LR: 2.34e-04
2026-04-23 10:20:01,876 INFO Epoch 10 | Batch 1200 | Loss: 1.2507 | LR: 2.33e-04
2026-04-23 10:20:20,343 INFO Epoch 10 | Train: 1.3175 | Dev CER: 0.2729 | Dev WER: 0.7226 | Time: 189s | Peak: 7.2 GB
2026-04-23 10:20:20,344 INFO   New best CER: 0.2729
2026-04-23 10:20:23,313 INFO Epoch 11 | Batch 0 | Loss: 1.3000 | LR: 2.33e-04
2026-04-23 10:20:30,509 INFO Epoch 11 | Batch 50 | Loss: 1.2283 | LR: 2.32e-04
2026-04-23 10:20:37,497 INFO Epoch 11 | Batch 100 | Loss: 0.9766 | LR: 2.32e-04
2026-04-23 10:20:44,456 INFO Epoch 11 | Batch 150 | Loss: 1.0589 | LR: 2.31e-04
2026-04-23 10:20:51,367 INFO Epoch 11 | Batch 200 | Loss: 1.5311 | LR: 2.30e-04
2026-04-23 10:20:58,237 INFO Epoch 11 | Batch 250 | Loss: 1.3880 | LR: 2.30e-04
2026-04-23 10:21:05,248 INFO Epoch 11 | Batch 300 | Loss: 1.4606 | LR: 2.29e-04
2026-04-23 10:21:12,137 INFO Epoch 11 | Batch 350 | Loss: 1.4234 | LR: 2.29e-04
2026-04-23 10:21:19,004 INFO Epoch 11 | Batch 400 | Loss: 0.9814 | LR: 2.28e-04
2026-04-23 10:21:25,904 INFO Epoch 11 | Batch 450 | Loss: 1.0162 | LR: 2.28e-04
2026-04-23 10:21:32,665 INFO Epoch 11 | Batch 500 | Loss: 1.2913 | LR: 2.27e-04
2026-04-23 10:21:39,701 INFO Epoch 11 | Batch 550 | Loss: 1.3124 | LR: 2.27e-04
2026-04-23 10:21:46,635 INFO Epoch 11 | Batch 600 | Loss: 1.2782 | LR: 2.26e-04
2026-04-23 10:21:53,422 INFO Epoch 11 | Batch 650 | Loss: 1.6255 | LR: 2.25e-04
2026-04-23 10:22:00,276 INFO Epoch 11 | Batch 700 | Loss: 1.3012 | LR: 2.25e-04
2026-04-23 10:22:07,220 INFO Epoch 11 | Batch 750 | Loss: 1.1976 | LR: 2.24e-04
2026-04-23 10:22:14,125 INFO Epoch 11 | Batch 800 | Loss: 1.4063 | LR: 2.24e-04
2026-04-23 10:22:20,984 INFO Epoch 11 | Batch 850 | Loss: 1.2274 | LR: 2.23e-04
2026-04-23 10:22:28,003 INFO Epoch 11 | Batch 900 | Loss: 1.2059 | LR: 2.23e-04
2026-04-23 10:22:34,918 INFO Epoch 11 | Batch 950 | Loss: 1.0083 | LR: 2.22e-04
2026-04-23 10:22:41,857 INFO Epoch 11 | Batch 1000 | Loss: 1.1239 | LR: 2.21e-04
2026-04-23 10:22:48,979 INFO Epoch 11 | Batch 1050 | Loss: 1.3598 | LR: 2.21e-04
2026-04-23 10:22:55,812 INFO Epoch 11 | Batch 1100 | Loss: 1.2087 | LR: 2.20e-04
2026-04-23 10:23:02,712 INFO Epoch 11 | Batch 1150 | Loss: 1.3232 | LR: 2.20e-04
2026-04-23 10:23:09,801 INFO Epoch 11 | Batch 1200 | Loss: 1.1094 | LR: 2.19e-04
2026-04-23 10:23:28,896 INFO Epoch 11 | Train: 1.2798 | Dev CER: 0.2597 | Dev WER: 0.7033 | Time: 188s | Peak: 7.2 GB
2026-04-23 10:23:28,896 INFO   New best CER: 0.2597
2026-04-23 10:23:31,942 INFO Epoch 12 | Batch 0 | Loss: 1.1807 | LR: 2.19e-04
2026-04-23 10:23:38,996 INFO Epoch 12 | Batch 50 | Loss: 2.1159 | LR: 2.18e-04
2026-04-23 10:23:46,101 INFO Epoch 12 | Batch 100 | Loss: 1.7766 | LR: 2.18e-04
2026-04-23 10:23:53,219 INFO Epoch 12 | Batch 150 | Loss: 1.2434 | LR: 2.17e-04
2026-04-23 10:24:00,118 INFO Epoch 12 | Batch 200 | Loss: 0.9521 | LR: 2.16e-04
2026-04-23 10:24:06,950 INFO Epoch 12 | Batch 250 | Loss: 1.1740 | LR: 2.16e-04
2026-04-23 10:24:13,898 INFO Epoch 12 | Batch 300 | Loss: 0.9689 | LR: 2.15e-04
2026-04-23 10:24:20,894 INFO Epoch 12 | Batch 350 | Loss: 1.4151 | LR: 2.15e-04
2026-04-23 10:24:27,802 INFO Epoch 12 | Batch 400 | Loss: 1.2833 | LR: 2.14e-04
2026-04-23 10:24:34,814 INFO Epoch 12 | Batch 450 | Loss: 1.1561 | LR: 2.13e-04
2026-04-23 10:24:41,809 INFO Epoch 12 | Batch 500 | Loss: 1.0811 | LR: 2.13e-04
2026-04-23 10:24:48,834 INFO Epoch 12 | Batch 550 | Loss: 1.4093 | LR: 2.12e-04
2026-04-23 10:24:55,884 INFO Epoch 12 | Batch 600 | Loss: 1.2238 | LR: 2.12e-04
2026-04-23 10:25:02,804 INFO Epoch 12 | Batch 650 | Loss: 1.3440 | LR: 2.11e-04
2026-04-23 10:25:09,889 INFO Epoch 12 | Batch 700 | Loss: 1.2897 | LR: 2.11e-04
2026-04-23 10:25:16,827 INFO Epoch 12 | Batch 750 | Loss: 0.9672 | LR: 2.10e-04
2026-04-23 10:25:23,985 INFO Epoch 12 | Batch 800 | Loss: 1.1279 | LR: 2.09e-04
2026-04-23 10:25:30,923 INFO Epoch 12 | Batch 850 | Loss: 1.1711 | LR: 2.09e-04
2026-04-23 10:25:37,705 INFO Epoch 12 | Batch 900 | Loss: 1.3644 | LR: 2.08e-04
2026-04-23 10:25:44,742 INFO Epoch 12 | Batch 950 | Loss: 1.3992 | LR: 2.08e-04
2026-04-23 10:25:51,694 INFO Epoch 12 | Batch 1000 | Loss: 1.3999 | LR: 2.07e-04
2026-04-23 10:25:58,692 INFO Epoch 12 | Batch 1050 | Loss: 1.3083 | LR: 2.06e-04
2026-04-23 10:26:05,576 INFO Epoch 12 | Batch 1100 | Loss: 1.1436 | LR: 2.06e-04
2026-04-23 10:26:12,725 INFO Epoch 12 | Batch 1150 | Loss: 1.2280 | LR: 2.05e-04
2026-04-23 10:26:19,825 INFO Epoch 12 | Batch 1200 | Loss: 1.4658 | LR: 2.04e-04
2026-04-23 10:26:39,480 INFO Epoch 12 | Train: 1.2557 | Dev CER: 0.2514 | Dev WER: 0.6863 | Time: 190s | Peak: 7.2 GB
2026-04-23 10:26:39,480 INFO   New best CER: 0.2514
2026-04-23 10:26:42,561 INFO Epoch 13 | Batch 0 | Loss: 1.2454 | LR: 2.04e-04
2026-04-23 10:26:49,574 INFO Epoch 13 | Batch 50 | Loss: 1.0660 | LR: 2.03e-04
2026-04-23 10:26:56,601 INFO Epoch 13 | Batch 100 | Loss: 1.0447 | LR: 2.03e-04
2026-04-23 10:27:03,546 INFO Epoch 13 | Batch 150 | Loss: 1.0572 | LR: 2.02e-04
2026-04-23 10:27:10,580 INFO Epoch 13 | Batch 200 | Loss: 1.1378 | LR: 2.02e-04
2026-04-23 10:27:17,539 INFO Epoch 13 | Batch 250 | Loss: 1.3144 | LR: 2.01e-04
2026-04-23 10:27:24,323 INFO Epoch 13 | Batch 300 | Loss: 1.1174 | LR: 2.00e-04
2026-04-23 10:27:31,259 INFO Epoch 13 | Batch 350 | Loss: 1.3567 | LR: 2.00e-04
2026-04-23 10:27:38,259 INFO Epoch 13 | Batch 400 | Loss: 1.2000 | LR: 1.99e-04
2026-04-23 10:27:45,375 INFO Epoch 13 | Batch 450 | Loss: 1.2265 | LR: 1.99e-04
2026-04-23 10:27:52,479 INFO Epoch 13 | Batch 500 | Loss: 1.0505 | LR: 1.98e-04
2026-04-23 10:27:59,311 INFO Epoch 13 | Batch 550 | Loss: 1.0530 | LR: 1.97e-04
2026-04-23 10:28:06,362 INFO Epoch 13 | Batch 600 | Loss: 1.0920 | LR: 1.97e-04
2026-04-23 10:28:13,355 INFO Epoch 13 | Batch 650 | Loss: 1.2947 | LR: 1.96e-04
2026-04-23 10:28:20,390 INFO Epoch 13 | Batch 700 | Loss: 1.2888 | LR: 1.95e-04
2026-04-23 10:28:27,378 INFO Epoch 13 | Batch 750 | Loss: 1.2298 | LR: 1.95e-04
2026-04-23 10:28:34,334 INFO Epoch 13 | Batch 800 | Loss: 1.1051 | LR: 1.94e-04
2026-04-23 10:28:41,284 INFO Epoch 13 | Batch 850 | Loss: 1.5630 | LR: 1.94e-04
2026-04-23 10:28:48,083 INFO Epoch 13 | Batch 900 | Loss: 1.3291 | LR: 1.93e-04
2026-04-23 10:28:55,033 INFO Epoch 13 | Batch 950 | Loss: 1.1809 | LR: 1.92e-04
2026-04-23 10:29:01,840 INFO Epoch 13 | Batch 1000 | Loss: 1.1455 | LR: 1.92e-04
2026-04-23 10:29:08,826 INFO Epoch 13 | Batch 1050 | Loss: 1.0556 | LR: 1.91e-04
2026-04-23 10:29:15,752 INFO Epoch 13 | Batch 1100 | Loss: 1.6240 | LR: 1.90e-04
2026-04-23 10:29:22,751 INFO Epoch 13 | Batch 1150 | Loss: 1.3100 | LR: 1.90e-04
2026-04-23 10:29:29,722 INFO Epoch 13 | Batch 1200 | Loss: 1.5884 | LR: 1.89e-04
2026-04-23 10:29:49,004 INFO Epoch 13 | Train: 1.2202 | Dev CER: 0.2501 | Dev WER: 0.6835 | Time: 189s | Peak: 7.2 GB
2026-04-23 10:29:49,004 INFO   New best CER: 0.2501
2026-04-23 10:29:51,819 INFO Epoch 14 | Batch 0 | Loss: 1.2298 | LR: 1.89e-04
2026-04-23 10:29:58,624 INFO Epoch 14 | Batch 50 | Loss: 1.3768 | LR: 1.88e-04
2026-04-23 10:30:05,465 INFO Epoch 14 | Batch 100 | Loss: 1.1171 | LR: 1.87e-04
2026-04-23 10:30:12,336 INFO Epoch 14 | Batch 150 | Loss: 1.0870 | LR: 1.87e-04
2026-04-23 10:30:19,361 INFO Epoch 14 | Batch 200 | Loss: 1.2162 | LR: 1.86e-04
2026-04-23 10:30:26,440 INFO Epoch 14 | Batch 250 | Loss: 1.2720 | LR: 1.86e-04
2026-04-23 10:30:33,500 INFO Epoch 14 | Batch 300 | Loss: 1.0471 | LR: 1.85e-04
2026-04-23 10:30:40,391 INFO Epoch 14 | Batch 350 | Loss: 1.2808 | LR: 1.84e-04
2026-04-23 10:30:47,080 INFO Epoch 14 | Batch 400 | Loss: 1.1839 | LR: 1.84e-04
2026-04-23 10:30:54,129 INFO Epoch 14 | Batch 450 | Loss: 1.3049 | LR: 1.83e-04
2026-04-23 10:31:01,252 INFO Epoch 14 | Batch 500 | Loss: 1.2008 | LR: 1.82e-04
2026-04-23 10:31:08,255 INFO Epoch 14 | Batch 550 | Loss: 1.2727 | LR: 1.82e-04
2026-04-23 10:31:15,065 INFO Epoch 14 | Batch 600 | Loss: 1.3386 | LR: 1.81e-04
2026-04-23 10:31:21,919 INFO Epoch 14 | Batch 650 | Loss: 1.1239 | LR: 1.81e-04
2026-04-23 10:31:28,776 INFO Epoch 14 | Batch 700 | Loss: 1.2441 | LR: 1.80e-04
2026-04-23 10:31:35,820 INFO Epoch 14 | Batch 750 | Loss: 1.0528 | LR: 1.79e-04
2026-04-23 10:31:42,909 INFO Epoch 14 | Batch 800 | Loss: 1.1507 | LR: 1.79e-04
2026-04-23 10:31:50,070 INFO Epoch 14 | Batch 850 | Loss: 1.1214 | LR: 1.78e-04
2026-04-23 10:31:57,030 INFO Epoch 14 | Batch 900 | Loss: 1.1884 | LR: 1.77e-04
2026-04-23 10:32:04,034 INFO Epoch 14 | Batch 950 | Loss: 1.2193 | LR: 1.77e-04
2026-04-23 10:32:11,131 INFO Epoch 14 | Batch 1000 | Loss: 1.0309 | LR: 1.76e-04
2026-04-23 10:32:18,292 INFO Epoch 14 | Batch 1050 | Loss: 1.2572 | LR: 1.75e-04
2026-04-23 10:32:25,165 INFO Epoch 14 | Batch 1100 | Loss: 1.0419 | LR: 1.75e-04
2026-04-23 10:32:32,225 INFO Epoch 14 | Batch 1150 | Loss: 1.2154 | LR: 1.74e-04
2026-04-23 10:32:39,239 INFO Epoch 14 | Batch 1200 | Loss: 1.1935 | LR: 1.73e-04
2026-04-23 10:32:55,463 INFO Epoch 14 | Train: 1.2024 | Dev CER: 0.2422 | Dev WER: 0.6685 | Time: 186s | Peak: 7.2 GB
2026-04-23 10:32:55,463 INFO   New best CER: 0.2422
2026-04-23 10:32:58,835 INFO Epoch 15 | Batch 0 | Loss: 1.0526 | LR: 1.73e-04
2026-04-23 10:33:05,753 INFO Epoch 15 | Batch 50 | Loss: 1.1712 | LR: 1.72e-04
2026-04-23 10:33:12,872 INFO Epoch 15 | Batch 100 | Loss: 1.0118 | LR: 1.72e-04
2026-04-23 10:33:19,911 INFO Epoch 15 | Batch 150 | Loss: 1.0894 | LR: 1.71e-04
2026-04-23 10:33:26,802 INFO Epoch 15 | Batch 200 | Loss: 1.2534 | LR: 1.70e-04
2026-04-23 10:33:33,582 INFO Epoch 15 | Batch 250 | Loss: 1.0277 | LR: 1.70e-04
2026-04-23 10:33:40,201 INFO Epoch 15 | Batch 300 | Loss: 1.1978 | LR: 1.69e-04
2026-04-23 10:33:46,852 INFO Epoch 15 | Batch 350 | Loss: 1.0519 | LR: 1.68e-04
2026-04-23 10:33:53,525 INFO Epoch 15 | Batch 400 | Loss: 1.0123 | LR: 1.68e-04
2026-04-23 10:34:00,190 INFO Epoch 15 | Batch 450 | Loss: 0.9916 | LR: 1.67e-04
2026-04-23 10:34:06,879 INFO Epoch 15 | Batch 500 | Loss: 1.2809 | LR: 1.67e-04
2026-04-23 10:34:13,519 INFO Epoch 15 | Batch 550 | Loss: 1.0254 | LR: 1.66e-04
2026-04-23 10:34:20,335 INFO Epoch 15 | Batch 600 | Loss: 0.9971 | LR: 1.65e-04
2026-04-23 10:34:27,128 INFO Epoch 15 | Batch 650 | Loss: 0.9417 | LR: 1.65e-04
2026-04-23 10:34:33,941 INFO Epoch 15 | Batch 700 | Loss: 1.1641 | LR: 1.64e-04
2026-04-23 10:34:40,885 INFO Epoch 15 | Batch 750 | Loss: 1.1670 | LR: 1.63e-04
2026-04-23 10:34:47,819 INFO Epoch 15 | Batch 800 | Loss: 1.2222 | LR: 1.63e-04
2026-04-23 10:34:54,755 INFO Epoch 15 | Batch 850 | Loss: 1.0163 | LR: 1.62e-04
2026-04-23 10:35:01,755 INFO Epoch 15 | Batch 900 | Loss: 1.2882 | LR: 1.61e-04
2026-04-23 10:35:08,689 INFO Epoch 15 | Batch 950 | Loss: 1.1964 | LR: 1.61e-04
2026-04-23 10:35:15,698 INFO Epoch 15 | Batch 1000 | Loss: 1.1021 | LR: 1.60e-04
2026-04-23 10:35:22,627 INFO Epoch 15 | Batch 1050 | Loss: 1.1070 | LR: 1.59e-04
2026-04-23 10:35:29,577 INFO Epoch 15 | Batch 1100 | Loss: 1.1914 | LR: 1.59e-04
2026-04-23 10:35:36,483 INFO Epoch 15 | Batch 1150 | Loss: 1.2039 | LR: 1.58e-04
2026-04-23 10:35:43,489 INFO Epoch 15 | Batch 1200 | Loss: 1.2846 | LR: 1.57e-04
2026-04-23 10:36:02,910 INFO Epoch 15 | Train: 1.1770 | Dev CER: 0.2377 | Dev WER: 0.6639 | Time: 187s | Peak: 7.2 GB
2026-04-23 10:36:02,910 INFO   New best CER: 0.2377
2026-04-23 10:36:06,151 INFO Epoch 16 | Batch 0 | Loss: 1.0638 | LR: 1.57e-04
2026-04-23 10:36:13,107 INFO Epoch 16 | Batch 50 | Loss: 1.0663 | LR: 1.56e-04
2026-04-23 10:36:20,129 INFO Epoch 16 | Batch 100 | Loss: 1.2849 | LR: 1.56e-04
2026-04-23 10:36:26,961 INFO Epoch 16 | Batch 150 | Loss: 1.0417 | LR: 1.55e-04
2026-04-23 10:36:34,053 INFO Epoch 16 | Batch 200 | Loss: 0.9200 | LR: 1.54e-04
2026-04-23 10:36:41,208 INFO Epoch 16 | Batch 250 | Loss: 1.2272 | LR: 1.54e-04
2026-04-23 10:36:48,131 INFO Epoch 16 | Batch 300 | Loss: 1.2728 | LR: 1.53e-04
2026-04-23 10:36:55,065 INFO Epoch 16 | Batch 350 | Loss: 1.0894 | LR: 1.52e-04
2026-04-23 10:37:01,871 INFO Epoch 16 | Batch 400 | Loss: 0.9768 | LR: 1.52e-04
2026-04-23 10:37:08,852 INFO Epoch 16 | Batch 450 | Loss: 1.1057 | LR: 1.51e-04
2026-04-23 10:37:15,774 INFO Epoch 16 | Batch 500 | Loss: 1.1819 | LR: 1.50e-04
2026-04-23 10:37:22,774 INFO Epoch 16 | Batch 550 | Loss: 1.0177 | LR: 1.50e-04
2026-04-23 10:37:29,751 INFO Epoch 16 | Batch 600 | Loss: 1.2236 | LR: 1.49e-04
2026-04-23 10:37:36,591 INFO Epoch 16 | Batch 650 | Loss: 1.1151 | LR: 1.49e-04
2026-04-23 10:37:43,451 INFO Epoch 16 | Batch 700 | Loss: 1.3427 | LR: 1.48e-04
2026-04-23 10:37:50,481 INFO Epoch 16 | Batch 750 | Loss: 1.2191 | LR: 1.47e-04
2026-04-23 10:37:57,340 INFO Epoch 16 | Batch 800 | Loss: 1.0457 | LR: 1.47e-04
2026-04-23 10:38:04,106 INFO Epoch 16 | Batch 850 | Loss: 0.9781 | LR: 1.46e-04
2026-04-23 10:38:10,916 INFO Epoch 16 | Batch 900 | Loss: 1.4480 | LR: 1.45e-04
2026-04-23 10:38:17,655 INFO Epoch 16 | Batch 950 | Loss: 0.9903 | LR: 1.45e-04
2026-04-23 10:38:24,573 INFO Epoch 16 | Batch 1000 | Loss: 1.0632 | LR: 1.44e-04
2026-04-23 10:38:31,495 INFO Epoch 16 | Batch 1050 | Loss: 1.0292 | LR: 1.43e-04
2026-04-23 10:38:38,216 INFO Epoch 16 | Batch 1100 | Loss: 1.1130 | LR: 1.43e-04
2026-04-23 10:38:45,056 INFO Epoch 16 | Batch 1150 | Loss: 1.0965 | LR: 1.42e-04
2026-04-23 10:38:51,804 INFO Epoch 16 | Batch 1200 | Loss: 1.0039 | LR: 1.41e-04
2026-04-23 10:39:07,073 INFO Epoch 16 | Train: 1.1584 | Dev CER: 0.2315 | Dev WER: 0.6518 | Time: 184s | Peak: 7.2 GB
2026-04-23 10:39:07,073 INFO   New best CER: 0.2315
2026-04-23 10:39:10,079 INFO Epoch 17 | Batch 0 | Loss: 0.9634 | LR: 1.41e-04
2026-04-23 10:39:17,063 INFO Epoch 17 | Batch 50 | Loss: 1.2452 | LR: 1.40e-04
2026-04-23 10:39:24,233 INFO Epoch 17 | Batch 100 | Loss: 1.1097 | LR: 1.40e-04
2026-04-23 10:39:31,135 INFO Epoch 17 | Batch 150 | Loss: 1.1689 | LR: 1.39e-04
2026-04-23 10:39:37,923 INFO Epoch 17 | Batch 200 | Loss: 1.1518 | LR: 1.38e-04
2026-04-23 10:39:44,873 INFO Epoch 17 | Batch 250 | Loss: 0.9520 | LR: 1.38e-04
2026-04-23 10:39:51,812 INFO Epoch 17 | Batch 300 | Loss: 1.1348 | LR: 1.37e-04
2026-04-23 10:39:58,812 INFO Epoch 17 | Batch 350 | Loss: 0.9355 | LR: 1.36e-04
2026-04-23 10:40:05,807 INFO Epoch 17 | Batch 400 | Loss: 1.0714 | LR: 1.36e-04
2026-04-23 10:40:12,943 INFO Epoch 17 | Batch 450 | Loss: 1.3038 | LR: 1.35e-04
2026-04-23 10:40:19,912 INFO Epoch 17 | Batch 500 | Loss: 1.1737 | LR: 1.34e-04
2026-04-23 10:40:26,867 INFO Epoch 17 | Batch 550 | Loss: 1.1196 | LR: 1.34e-04
2026-04-23 10:40:33,765 INFO Epoch 17 | Batch 600 | Loss: 1.0202 | LR: 1.33e-04
2026-04-23 10:40:40,754 INFO Epoch 17 | Batch 650 | Loss: 1.1257 | LR: 1.32e-04
2026-04-23 10:40:47,655 INFO Epoch 17 | Batch 700 | Loss: 1.0351 | LR: 1.32e-04
2026-04-23 10:40:54,633 INFO Epoch 17 | Batch 750 | Loss: 1.0475 | LR: 1.31e-04
2026-04-23 10:41:01,708 INFO Epoch 17 | Batch 800 | Loss: 1.0455 | LR: 1.31e-04
2026-04-23 10:41:08,680 INFO Epoch 17 | Batch 850 | Loss: 1.2378 | LR: 1.30e-04
2026-04-23 10:41:15,849 INFO Epoch 17 | Batch 900 | Loss: 0.9650 | LR: 1.29e-04
2026-04-23 10:41:22,775 INFO Epoch 17 | Batch 950 | Loss: 1.1681 | LR: 1.29e-04
2026-04-23 10:41:29,824 INFO Epoch 17 | Batch 1000 | Loss: 1.1437 | LR: 1.28e-04
2026-04-23 10:41:36,939 INFO Epoch 17 | Batch 1050 | Loss: 1.0277 | LR: 1.27e-04
2026-04-23 10:41:43,953 INFO Epoch 17 | Batch 1100 | Loss: 1.0111 | LR: 1.27e-04
2026-04-23 10:41:50,794 INFO Epoch 17 | Batch 1150 | Loss: 1.2448 | LR: 1.26e-04
2026-04-23 10:41:57,498 INFO Epoch 17 | Batch 1200 | Loss: 1.2063 | LR: 1.25e-04
2026-04-23 10:42:14,117 INFO Epoch 17 | Train: 1.1369 | Dev CER: 0.2294 | Dev WER: 0.6448 | Time: 187s | Peak: 7.2 GB
2026-04-23 10:42:14,117 INFO   New best CER: 0.2294
2026-04-23 10:42:17,081 INFO Epoch 18 | Batch 0 | Loss: 1.3995 | LR: 1.25e-04
2026-04-23 10:42:24,060 INFO Epoch 18 | Batch 50 | Loss: 1.0152 | LR: 1.24e-04
2026-04-23 10:42:30,925 INFO Epoch 18 | Batch 100 | Loss: 1.0508 | LR: 1.24e-04
2026-04-23 10:42:38,022 INFO Epoch 18 | Batch 150 | Loss: 1.2660 | LR: 1.23e-04
2026-04-23 10:42:44,935 INFO Epoch 18 | Batch 200 | Loss: 1.3521 | LR: 1.22e-04
2026-04-23 10:42:52,024 INFO Epoch 18 | Batch 250 | Loss: 0.9866 | LR: 1.22e-04
2026-04-23 10:42:58,882 INFO Epoch 18 | Batch 300 | Loss: 1.0354 | LR: 1.21e-04
2026-04-23 10:43:05,943 INFO Epoch 18 | Batch 350 | Loss: 0.9007 | LR: 1.20e-04
2026-04-23 10:43:12,917 INFO Epoch 18 | Batch 400 | Loss: 1.0831 | LR: 1.20e-04
2026-04-23 10:43:19,963 INFO Epoch 18 | Batch 450 | Loss: 1.0320 | LR: 1.19e-04
2026-04-23 10:43:26,866 INFO Epoch 18 | Batch 500 | Loss: 0.9622 | LR: 1.19e-04
2026-04-23 10:43:33,859 INFO Epoch 18 | Batch 550 | Loss: 0.9320 | LR: 1.18e-04
2026-04-23 10:43:40,849 INFO Epoch 18 | Batch 600 | Loss: 0.7891 | LR: 1.17e-04
2026-04-23 10:43:47,785 INFO Epoch 18 | Batch 650 | Loss: 1.4278 | LR: 1.17e-04
2026-04-23 10:43:54,800 INFO Epoch 18 | Batch 700 | Loss: 0.9903 | LR: 1.16e-04
2026-04-23 10:44:01,788 INFO Epoch 18 | Batch 750 | Loss: 1.0592 | LR: 1.15e-04
2026-04-23 10:44:08,644 INFO Epoch 18 | Batch 800 | Loss: 1.3053 | LR: 1.15e-04
2026-04-23 10:44:15,593 INFO Epoch 18 | Batch 850 | Loss: 1.2256 | LR: 1.14e-04
2026-04-23 10:44:22,520 INFO Epoch 18 | Batch 900 | Loss: 0.9955 | LR: 1.13e-04
2026-04-23 10:44:29,476 INFO Epoch 18 | Batch 950 | Loss: 1.1024 | LR: 1.13e-04
2026-04-23 10:44:36,276 INFO Epoch 18 | Batch 1000 | Loss: 1.1205 | LR: 1.12e-04
2026-04-23 10:44:43,456 INFO Epoch 18 | Batch 1050 | Loss: 1.1418 | LR: 1.12e-04
2026-04-23 10:44:50,516 INFO Epoch 18 | Batch 1100 | Loss: 1.2355 | LR: 1.11e-04
2026-04-23 10:44:57,231 INFO Epoch 18 | Batch 1150 | Loss: 1.5417 | LR: 1.10e-04
2026-04-23 10:45:04,188 INFO Epoch 18 | Batch 1200 | Loss: 1.0385 | LR: 1.10e-04
2026-04-23 10:45:22,316 INFO Epoch 18 | Train: 1.1172 | Dev CER: 0.2258 | Dev WER: 0.6407 | Time: 188s | Peak: 7.2 GB
2026-04-23 10:45:22,317 INFO   New best CER: 0.2258
2026-04-23 10:45:25,292 INFO Epoch 19 | Batch 0 | Loss: 1.2579 | LR: 1.09e-04
2026-04-23 10:45:32,176 INFO Epoch 19 | Batch 50 | Loss: 0.8486 | LR: 1.09e-04
2026-04-23 10:45:39,261 INFO Epoch 19 | Batch 100 | Loss: 1.0636 | LR: 1.08e-04
2026-04-23 10:45:46,192 INFO Epoch 19 | Batch 150 | Loss: 0.8212 | LR: 1.07e-04
2026-04-23 10:45:53,104 INFO Epoch 19 | Batch 200 | Loss: 0.9715 | LR: 1.07e-04
2026-04-23 10:45:59,902 INFO Epoch 19 | Batch 250 | Loss: 1.0905 | LR: 1.06e-04
2026-04-23 10:46:06,848 INFO Epoch 19 | Batch 300 | Loss: 1.1424 | LR: 1.06e-04
2026-04-23 10:46:13,843 INFO Epoch 19 | Batch 350 | Loss: 1.3642 | LR: 1.05e-04
2026-04-23 10:46:20,825 INFO Epoch 19 | Batch 400 | Loss: 1.1606 | LR: 1.04e-04
2026-04-23 10:46:28,003 INFO Epoch 19 | Batch 450 | Loss: 1.2728 | LR: 1.04e-04
2026-04-23 10:46:34,987 INFO Epoch 19 | Batch 500 | Loss: 1.4024 | LR: 1.03e-04
2026-04-23 10:46:41,939 INFO Epoch 19 | Batch 550 | Loss: 1.0966 | LR: 1.02e-04
2026-04-23 10:46:49,188 INFO Epoch 19 | Batch 600 | Loss: 1.0665 | LR: 1.02e-04
2026-04-23 10:46:56,174 INFO Epoch 19 | Batch 650 | Loss: 1.3675 | LR: 1.01e-04
2026-04-23 10:47:03,121 INFO Epoch 19 | Batch 700 | Loss: 0.9732 | LR: 1.01e-04
2026-04-23 10:47:10,013 INFO Epoch 19 | Batch 750 | Loss: 1.3199 | LR: 1.00e-04
2026-04-23 10:47:16,825 INFO Epoch 19 | Batch 800 | Loss: 0.9463 | LR: 9.94e-05
2026-04-23 10:47:23,583 INFO Epoch 19 | Batch 850 | Loss: 1.2088 | LR: 9.88e-05
2026-04-23 10:47:30,282 INFO Epoch 19 | Batch 900 | Loss: 1.0373 | LR: 9.81e-05
2026-04-23 10:47:37,083 INFO Epoch 19 | Batch 950 | Loss: 1.0260 | LR: 9.75e-05
2026-04-23 10:47:43,869 INFO Epoch 19 | Batch 1000 | Loss: 1.0767 | LR: 9.69e-05
2026-04-23 10:47:50,758 INFO Epoch 19 | Batch 1050 | Loss: 1.0276 | LR: 9.63e-05
2026-04-23 10:47:57,475 INFO Epoch 19 | Batch 1100 | Loss: 1.0658 | LR: 9.57e-05
2026-04-23 10:48:04,221 INFO Epoch 19 | Batch 1150 | Loss: 1.3252 | LR: 9.51e-05
2026-04-23 10:48:11,066 INFO Epoch 19 | Batch 1200 | Loss: 0.8955 | LR: 9.45e-05
2026-04-23 10:48:29,978 INFO Epoch 19 | Train: 1.1063 | Dev CER: 0.2212 | Dev WER: 0.6295 | Time: 187s | Peak: 7.2 GB
2026-04-23 10:48:29,978 INFO   New best CER: 0.2212
2026-04-23 10:48:32,984 INFO Epoch 20 | Batch 0 | Loss: 0.8773 | LR: 9.41e-05
2026-04-23 10:48:40,031 INFO Epoch 20 | Batch 50 | Loss: 1.0307 | LR: 9.35e-05
2026-04-23 10:48:46,691 INFO Epoch 20 | Batch 100 | Loss: 0.7976 | LR: 9.29e-05
2026-04-23 10:48:53,731 INFO Epoch 20 | Batch 150 | Loss: 1.2543 | LR: 9.23e-05
2026-04-23 10:49:00,600 INFO Epoch 20 | Batch 200 | Loss: 1.0168 | LR: 9.17e-05
2026-04-23 10:49:07,462 INFO Epoch 20 | Batch 250 | Loss: 1.1920 | LR: 9.11e-05
2026-04-23 10:49:14,381 INFO Epoch 20 | Batch 300 | Loss: 0.9008 | LR: 9.05e-05
2026-04-23 10:49:21,223 INFO Epoch 20 | Batch 350 | Loss: 1.2376 | LR: 8.99e-05
2026-04-23 10:49:28,252 INFO Epoch 20 | Batch 400 | Loss: 1.1597 | LR: 8.93e-05
2026-04-23 10:49:35,416 INFO Epoch 20 | Batch 450 | Loss: 1.1176 | LR: 8.87e-05
2026-04-23 10:49:42,569 INFO Epoch 20 | Batch 500 | Loss: 1.0140 | LR: 8.81e-05
2026-04-23 10:49:49,464 INFO Epoch 20 | Batch 550 | Loss: 0.9337 | LR: 8.75e-05
2026-04-23 10:49:56,312 INFO Epoch 20 | Batch 600 | Loss: 1.5402 | LR: 8.69e-05
2026-04-23 10:50:03,331 INFO Epoch 20 | Batch 650 | Loss: 0.9527 | LR: 8.63e-05
2026-04-23 10:50:10,325 INFO Epoch 20 | Batch 700 | Loss: 1.3539 | LR: 8.57e-05
2026-04-23 10:50:17,264 INFO Epoch 20 | Batch 750 | Loss: 0.9843 | LR: 8.52e-05
2026-04-23 10:50:24,087 INFO Epoch 20 | Batch 800 | Loss: 1.2124 | LR: 8.46e-05
2026-04-23 10:50:30,894 INFO Epoch 20 | Batch 850 | Loss: 1.0326 | LR: 8.40e-05
2026-04-23 10:50:37,831 INFO Epoch 20 | Batch 900 | Loss: 0.9294 | LR: 8.34e-05
2026-04-23 10:50:44,681 INFO Epoch 20 | Batch 950 | Loss: 0.9873 | LR: 8.28e-05
2026-04-23 10:50:51,509 INFO Epoch 20 | Batch 1000 | Loss: 1.3195 | LR: 8.22e-05
2026-04-23 10:50:58,476 INFO Epoch 20 | Batch 1050 | Loss: 1.0683 | LR: 8.17e-05
2026-04-23 10:51:05,470 INFO Epoch 20 | Batch 1100 | Loss: 1.3754 | LR: 8.11e-05
2026-04-23 10:51:12,506 INFO Epoch 20 | Batch 1150 | Loss: 1.3260 | LR: 8.05e-05
2026-04-23 10:51:19,381 INFO Epoch 20 | Batch 1200 | Loss: 0.8322 | LR: 7.99e-05
2026-04-23 10:51:37,758 INFO Epoch 20 | Train: 1.0972 | Dev CER: 0.2192 | Dev WER: 0.6282 | Time: 187s | Peak: 7.2 GB
2026-04-23 10:51:37,758 INFO   New best CER: 0.2192
2026-04-23 10:51:40,930 INFO Epoch 21 | Batch 0 | Loss: 1.1380 | LR: 7.95e-05
2026-04-23 10:51:47,848 INFO Epoch 21 | Batch 50 | Loss: 1.1263 | LR: 7.90e-05
2026-04-23 10:51:54,586 INFO Epoch 21 | Batch 100 | Loss: 1.1411 | LR: 7.84e-05
2026-04-23 10:52:01,485 INFO Epoch 21 | Batch 150 | Loss: 0.9839 | LR: 7.78e-05
2026-04-23 10:52:08,193 INFO Epoch 21 | Batch 200 | Loss: 0.9155 | LR: 7.72e-05
2026-04-23 10:52:14,924 INFO Epoch 21 | Batch 250 | Loss: 1.0525 | LR: 7.67e-05
2026-04-23 10:52:21,612 INFO Epoch 21 | Batch 300 | Loss: 0.9900 | LR: 7.61e-05
2026-04-23 10:52:28,213 INFO Epoch 21 | Batch 350 | Loss: 0.8546 | LR: 7.56e-05
2026-04-23 10:52:35,159 INFO Epoch 21 | Batch 400 | Loss: 0.9943 | LR: 7.50e-05
2026-04-23 10:52:42,215 INFO Epoch 21 | Batch 450 | Loss: 0.9034 | LR: 7.44e-05
2026-04-23 10:52:49,042 INFO Epoch 21 | Batch 500 | Loss: 1.1870 | LR: 7.39e-05
2026-04-23 10:52:55,822 INFO Epoch 21 | Batch 550 | Loss: 1.0332 | LR: 7.33e-05
2026-04-23 10:53:02,641 INFO Epoch 21 | Batch 600 | Loss: 0.9457 | LR: 7.28e-05
2026-04-23 10:53:09,487 INFO Epoch 21 | Batch 650 | Loss: 1.2067 | LR: 7.22e-05
2026-04-23 10:53:16,308 INFO Epoch 21 | Batch 700 | Loss: 1.3137 | LR: 7.16e-05
2026-04-23 10:53:23,228 INFO Epoch 21 | Batch 750 | Loss: 0.9495 | LR: 7.11e-05
2026-04-23 10:53:29,873 INFO Epoch 21 | Batch 800 | Loss: 1.2948 | LR: 7.05e-05
2026-04-23 10:53:36,695 INFO Epoch 21 | Batch 850 | Loss: 0.8783 | LR: 7.00e-05
2026-04-23 10:53:43,564 INFO Epoch 21 | Batch 900 | Loss: 1.3764 | LR: 6.94e-05
2026-04-23 10:53:50,449 INFO Epoch 21 | Batch 950 | Loss: 0.9393 | LR: 6.89e-05
2026-04-23 10:53:57,404 INFO Epoch 21 | Batch 1000 | Loss: 0.7850 | LR: 6.84e-05
2026-04-23 10:54:04,303 INFO Epoch 21 | Batch 1050 | Loss: 1.0177 | LR: 6.78e-05
2026-04-23 10:54:11,217 INFO Epoch 21 | Batch 1100 | Loss: 1.0545 | LR: 6.73e-05
2026-04-23 10:54:18,234 INFO Epoch 21 | Batch 1150 | Loss: 1.0730 | LR: 6.67e-05
2026-04-23 10:54:25,079 INFO Epoch 21 | Batch 1200 | Loss: 1.3687 | LR: 6.62e-05
2026-04-23 10:54:44,624 INFO Epoch 21 | Train: 1.0787 | Dev CER: 0.2157 | Dev WER: 0.6202 | Time: 186s | Peak: 7.2 GB
2026-04-23 10:54:44,625 INFO   New best CER: 0.2157
2026-04-23 10:54:47,766 INFO Epoch 22 | Batch 0 | Loss: 1.3251 | LR: 6.58e-05
2026-04-23 10:54:54,695 INFO Epoch 22 | Batch 50 | Loss: 0.8552 | LR: 6.53e-05
2026-04-23 10:55:01,689 INFO Epoch 22 | Batch 100 | Loss: 0.8732 | LR: 6.47e-05
2026-04-23 10:55:08,785 INFO Epoch 22 | Batch 150 | Loss: 1.3510 | LR: 6.42e-05
2026-04-23 10:55:15,820 INFO Epoch 22 | Batch 200 | Loss: 1.1665 | LR: 6.37e-05
2026-04-23 10:55:22,716 INFO Epoch 22 | Batch 250 | Loss: 0.9248 | LR: 6.31e-05
2026-04-23 10:55:29,521 INFO Epoch 22 | Batch 300 | Loss: 1.1113 | LR: 6.26e-05
2026-04-23 10:55:36,656 INFO Epoch 22 | Batch 350 | Loss: 1.2130 | LR: 6.21e-05
2026-04-23 10:55:43,675 INFO Epoch 22 | Batch 400 | Loss: 1.0242 | LR: 6.16e-05
2026-04-23 10:55:50,687 INFO Epoch 22 | Batch 450 | Loss: 0.9313 | LR: 6.10e-05
2026-04-23 10:55:57,537 INFO Epoch 22 | Batch 500 | Loss: 0.8102 | LR: 6.05e-05
2026-04-23 10:56:04,380 INFO Epoch 22 | Batch 550 | Loss: 1.0278 | LR: 6.00e-05
2026-04-23 10:56:11,333 INFO Epoch 22 | Batch 600 | Loss: 1.1398 | LR: 5.95e-05
2026-04-23 10:56:18,398 INFO Epoch 22 | Batch 650 | Loss: 1.1811 | LR: 5.90e-05
2026-04-23 10:56:25,190 INFO Epoch 22 | Batch 700 | Loss: 0.8718 | LR: 5.85e-05
2026-04-23 10:56:32,024 INFO Epoch 22 | Batch 750 | Loss: 1.1419 | LR: 5.79e-05
2026-04-23 10:56:39,026 INFO Epoch 22 | Batch 800 | Loss: 1.1441 | LR: 5.74e-05
2026-04-23 10:56:45,969 INFO Epoch 22 | Batch 850 | Loss: 1.1204 | LR: 5.69e-05
2026-04-23 10:56:53,104 INFO Epoch 22 | Batch 900 | Loss: 1.2000 | LR: 5.64e-05
2026-04-23 10:56:59,888 INFO Epoch 22 | Batch 950 | Loss: 1.1914 | LR: 5.59e-05
2026-04-23 10:57:06,980 INFO Epoch 22 | Batch 1000 | Loss: 0.8936 | LR: 5.54e-05
2026-04-23 10:57:14,131 INFO Epoch 22 | Batch 1050 | Loss: 0.9577 | LR: 5.49e-05
2026-04-23 10:57:21,150 INFO Epoch 22 | Batch 1100 | Loss: 1.0861 | LR: 5.44e-05
2026-04-23 10:57:28,248 INFO Epoch 22 | Batch 1150 | Loss: 1.0274 | LR: 5.39e-05
2026-04-23 10:57:35,190 INFO Epoch 22 | Batch 1200 | Loss: 1.2388 | LR: 5.34e-05
2026-04-23 10:57:47,780 INFO Epoch 22 | Train: 1.0713 | Dev CER: 0.2149 | Dev WER: 0.6172 | Time: 183s | Peak: 7.2 GB
2026-04-23 10:57:47,780 INFO   New best CER: 0.2149
2026-04-23 10:57:50,736 INFO Epoch 23 | Batch 0 | Loss: 1.1520 | LR: 5.31e-05
2026-04-23 10:57:57,818 INFO Epoch 23 | Batch 50 | Loss: 1.1395 | LR: 5.26e-05
2026-04-23 10:58:04,924 INFO Epoch 23 | Batch 100 | Loss: 0.9248 | LR: 5.21e-05
2026-04-23 10:58:11,842 INFO Epoch 23 | Batch 150 | Loss: 1.1956 | LR: 5.16e-05
2026-04-23 10:58:18,904 INFO Epoch 23 | Batch 200 | Loss: 0.8135 | LR: 5.11e-05
2026-04-23 10:58:25,587 INFO Epoch 23 | Batch 250 | Loss: 1.2074 | LR: 5.06e-05
2026-04-23 10:58:32,705 INFO Epoch 23 | Batch 300 | Loss: 0.9389 | LR: 5.01e-05
2026-04-23 10:58:39,651 INFO Epoch 23 | Batch 350 | Loss: 1.1191 | LR: 4.97e-05
2026-04-23 10:58:46,616 INFO Epoch 23 | Batch 400 | Loss: 1.2671 | LR: 4.92e-05
2026-04-23 10:58:53,622 INFO Epoch 23 | Batch 450 | Loss: 0.9008 | LR: 4.87e-05
2026-04-23 10:59:00,349 INFO Epoch 23 | Batch 500 | Loss: 1.1628 | LR: 4.82e-05
2026-04-23 10:59:07,293 INFO Epoch 23 | Batch 550 | Loss: 1.0865 | LR: 4.77e-05
2026-04-23 10:59:14,275 INFO Epoch 23 | Batch 600 | Loss: 0.9824 | LR: 4.73e-05
2026-04-23 10:59:21,191 INFO Epoch 23 | Batch 650 | Loss: 1.3538 | LR: 4.68e-05
2026-04-23 10:59:27,981 INFO Epoch 23 | Batch 700 | Loss: 1.2391 | LR: 4.63e-05
2026-04-23 10:59:34,857 INFO Epoch 23 | Batch 750 | Loss: 1.4095 | LR: 4.59e-05
2026-04-23 10:59:41,822 INFO Epoch 23 | Batch 800 | Loss: 0.9161 | LR: 4.54e-05
2026-04-23 10:59:48,760 INFO Epoch 23 | Batch 850 | Loss: 1.0672 | LR: 4.49e-05
2026-04-23 10:59:55,685 INFO Epoch 23 | Batch 900 | Loss: 0.8620 | LR: 4.45e-05
2026-04-23 11:00:02,543 INFO Epoch 23 | Batch 950 | Loss: 1.1341 | LR: 4.40e-05
2026-04-23 11:00:09,514 INFO Epoch 23 | Batch 1000 | Loss: 1.1060 | LR: 4.36e-05
2026-04-23 11:00:16,354 INFO Epoch 23 | Batch 1050 | Loss: 0.9649 | LR: 4.31e-05
2026-04-23 11:00:23,171 INFO Epoch 23 | Batch 1100 | Loss: 0.9773 | LR: 4.27e-05
2026-04-23 11:00:30,007 INFO Epoch 23 | Batch 1150 | Loss: 0.9080 | LR: 4.22e-05
2026-04-23 11:00:36,817 INFO Epoch 23 | Batch 1200 | Loss: 1.0271 | LR: 4.18e-05
2026-04-23 11:00:56,583 INFO Epoch 23 | Train: 1.0536 | Dev CER: 0.2129 | Dev WER: 0.6119 | Time: 188s | Peak: 7.2 GB
2026-04-23 11:00:56,583 INFO   New best CER: 0.2129
2026-04-23 11:00:59,648 INFO Epoch 24 | Batch 0 | Loss: 0.9781 | LR: 4.14e-05
2026-04-23 11:01:06,656 INFO Epoch 24 | Batch 50 | Loss: 0.9857 | LR: 4.10e-05
2026-04-23 11:01:13,780 INFO Epoch 24 | Batch 100 | Loss: 1.0294 | LR: 4.06e-05
2026-04-23 11:01:20,746 INFO Epoch 24 | Batch 150 | Loss: 1.0785 | LR: 4.01e-05
2026-04-23 11:01:27,768 INFO Epoch 24 | Batch 200 | Loss: 0.9913 | LR: 3.97e-05
2026-04-23 11:01:34,657 INFO Epoch 24 | Batch 250 | Loss: 0.9184 | LR: 3.92e-05
2026-04-23 11:01:41,676 INFO Epoch 24 | Batch 300 | Loss: 0.9149 | LR: 3.88e-05
2026-04-23 11:01:48,685 INFO Epoch 24 | Batch 350 | Loss: 0.9027 | LR: 3.84e-05
2026-04-23 11:01:55,599 INFO Epoch 24 | Batch 400 | Loss: 0.8131 | LR: 3.80e-05
2026-04-23 11:02:02,432 INFO Epoch 24 | Batch 450 | Loss: 1.0166 | LR: 3.75e-05
2026-04-23 11:02:09,183 INFO Epoch 24 | Batch 500 | Loss: 1.1285 | LR: 3.71e-05
2026-04-23 11:02:16,004 INFO Epoch 24 | Batch 550 | Loss: 0.9468 | LR: 3.67e-05
2026-04-23 11:02:22,747 INFO Epoch 24 | Batch 600 | Loss: 1.2404 | LR: 3.63e-05
2026-04-23 11:02:29,682 INFO Epoch 24 | Batch 650 | Loss: 1.0168 | LR: 3.58e-05
2026-04-23 11:02:36,580 INFO Epoch 24 | Batch 700 | Loss: 1.1117 | LR: 3.54e-05
2026-04-23 11:02:43,387 INFO Epoch 24 | Batch 750 | Loss: 1.3023 | LR: 3.50e-05
2026-04-23 11:02:50,205 INFO Epoch 24 | Batch 800 | Loss: 1.1095 | LR: 3.46e-05
2026-04-23 11:02:57,123 INFO Epoch 24 | Batch 850 | Loss: 1.0527 | LR: 3.42e-05
2026-04-23 11:03:03,938 INFO Epoch 24 | Batch 900 | Loss: 1.0246 | LR: 3.38e-05
2026-04-23 11:03:10,728 INFO Epoch 24 | Batch 950 | Loss: 1.5318 | LR: 3.34e-05
2026-04-23 11:03:17,701 INFO Epoch 24 | Batch 1000 | Loss: 1.2070 | LR: 3.30e-05
2026-04-23 11:03:24,573 INFO Epoch 24 | Batch 1050 | Loss: 0.8366 | LR: 3.26e-05
2026-04-23 11:03:31,657 INFO Epoch 24 | Batch 1100 | Loss: 0.8080 | LR: 3.22e-05
2026-04-23 11:03:38,750 INFO Epoch 24 | Batch 1150 | Loss: 1.1403 | LR: 3.18e-05
2026-04-23 11:03:45,686 INFO Epoch 24 | Batch 1200 | Loss: 1.0408 | LR: 3.14e-05
2026-04-23 11:04:04,103 INFO Epoch 24 | Train: 1.0458 | Dev CER: 0.2105 | Dev WER: 0.6103 | Time: 187s | Peak: 7.2 GB
2026-04-23 11:04:04,103 INFO   New best CER: 0.2105
2026-04-23 11:04:07,119 INFO Epoch 25 | Batch 0 | Loss: 0.8449 | LR: 3.11e-05
2026-04-23 11:04:13,999 INFO Epoch 25 | Batch 50 | Loss: 1.2937 | LR: 3.07e-05
2026-04-23 11:04:20,694 INFO Epoch 25 | Batch 100 | Loss: 0.9108 | LR: 3.03e-05
2026-04-23 11:04:27,441 INFO Epoch 25 | Batch 150 | Loss: 0.9908 | LR: 2.99e-05
2026-04-23 11:04:34,248 INFO Epoch 25 | Batch 200 | Loss: 1.0346 | LR: 2.95e-05
2026-04-23 11:04:41,022 INFO Epoch 25 | Batch 250 | Loss: 1.4392 | LR: 2.92e-05
2026-04-23 11:04:47,876 INFO Epoch 25 | Batch 300 | Loss: 0.9326 | LR: 2.88e-05
2026-04-23 11:04:54,762 INFO Epoch 25 | Batch 350 | Loss: 1.0697 | LR: 2.84e-05
2026-04-23 11:05:01,696 INFO Epoch 25 | Batch 400 | Loss: 0.8982 | LR: 2.80e-05
2026-04-23 11:05:08,615 INFO Epoch 25 | Batch 450 | Loss: 1.0329 | LR: 2.77e-05
2026-04-23 11:05:15,578 INFO Epoch 25 | Batch 500 | Loss: 1.2048 | LR: 2.73e-05
2026-04-23 11:05:22,686 INFO Epoch 25 | Batch 550 | Loss: 1.1735 | LR: 2.69e-05
2026-04-23 11:05:29,581 INFO Epoch 25 | Batch 600 | Loss: 1.1162 | LR: 2.66e-05
2026-04-23 11:05:36,591 INFO Epoch 25 | Batch 650 | Loss: 0.9879 | LR: 2.62e-05
2026-04-23 11:05:43,494 INFO Epoch 25 | Batch 700 | Loss: 1.0594 | LR: 2.58e-05
2026-04-23 11:05:50,377 INFO Epoch 25 | Batch 750 | Loss: 1.0084 | LR: 2.55e-05
2026-04-23 11:05:57,461 INFO Epoch 25 | Batch 800 | Loss: 0.9895 | LR: 2.51e-05
2026-04-23 11:06:04,457 INFO Epoch 25 | Batch 850 | Loss: 1.0289 | LR: 2.48e-05
2026-04-23 11:06:11,490 INFO Epoch 25 | Batch 900 | Loss: 1.1160 | LR: 2.44e-05
2026-04-23 11:06:18,343 INFO Epoch 25 | Batch 950 | Loss: 1.2640 | LR: 2.41e-05
2026-04-23 11:06:25,280 INFO Epoch 25 | Batch 1000 | Loss: 0.9203 | LR: 2.37e-05
2026-04-23 11:06:32,358 INFO Epoch 25 | Batch 1050 | Loss: 0.9692 | LR: 2.34e-05
2026-04-23 11:06:39,394 INFO Epoch 25 | Batch 1100 | Loss: 1.1733 | LR: 2.30e-05
2026-04-23 11:06:46,472 INFO Epoch 25 | Batch 1150 | Loss: 0.7248 | LR: 2.27e-05
2026-04-23 11:06:53,407 INFO Epoch 25 | Batch 1200 | Loss: 1.0763 | LR: 2.24e-05
2026-04-23 11:07:08,432 INFO Epoch 25 | Train: 1.0381 | Dev CER: 0.2093 | Dev WER: 0.6065 | Time: 184s | Peak: 7.2 GB
2026-04-23 11:07:08,432 INFO   New best CER: 0.2093
2026-04-23 11:07:11,567 INFO Epoch 26 | Batch 0 | Loss: 0.9084 | LR: 2.21e-05
2026-04-23 11:07:18,653 INFO Epoch 26 | Batch 50 | Loss: 1.1590 | LR: 2.18e-05
2026-04-23 11:07:25,630 INFO Epoch 26 | Batch 100 | Loss: 0.9427 | LR: 2.15e-05
2026-04-23 11:07:32,617 INFO Epoch 26 | Batch 150 | Loss: 0.9878 | LR: 2.11e-05
2026-04-23 11:07:39,624 INFO Epoch 26 | Batch 200 | Loss: 0.7971 | LR: 2.08e-05
2026-04-23 11:07:46,520 INFO Epoch 26 | Batch 250 | Loss: 0.9866 | LR: 2.05e-05
2026-04-23 11:07:53,601 INFO Epoch 26 | Batch 300 | Loss: 0.9128 | LR: 2.02e-05
2026-04-23 11:08:00,552 INFO Epoch 26 | Batch 350 | Loss: 1.2224 | LR: 1.98e-05
2026-04-23 11:08:07,518 INFO Epoch 26 | Batch 400 | Loss: 1.1517 | LR: 1.95e-05
2026-04-23 11:08:14,591 INFO Epoch 26 | Batch 450 | Loss: 1.2983 | LR: 1.92e-05
2026-04-23 11:08:21,640 INFO Epoch 26 | Batch 500 | Loss: 0.7262 | LR: 1.89e-05
2026-04-23 11:08:28,684 INFO Epoch 26 | Batch 550 | Loss: 1.0535 | LR: 1.86e-05
2026-04-23 11:08:35,769 INFO Epoch 26 | Batch 600 | Loss: 0.8907 | LR: 1.83e-05
2026-04-23 11:08:42,737 INFO Epoch 26 | Batch 650 | Loss: 1.1054 | LR: 1.80e-05
2026-04-23 11:08:49,679 INFO Epoch 26 | Batch 700 | Loss: 1.1966 | LR: 1.77e-05
2026-04-23 11:08:56,661 INFO Epoch 26 | Batch 750 | Loss: 1.0619 | LR: 1.74e-05
2026-04-23 11:09:03,475 INFO Epoch 26 | Batch 800 | Loss: 0.9665 | LR: 1.71e-05
2026-04-23 11:09:10,419 INFO Epoch 26 | Batch 850 | Loss: 0.9534 | LR: 1.68e-05
2026-04-23 11:09:17,119 INFO Epoch 26 | Batch 900 | Loss: 0.8503 | LR: 1.65e-05
2026-04-23 11:09:23,947 INFO Epoch 26 | Batch 950 | Loss: 1.0927 | LR: 1.62e-05
2026-04-23 11:09:30,803 INFO Epoch 26 | Batch 1000 | Loss: 0.7800 | LR: 1.59e-05
2026-04-23 11:09:37,715 INFO Epoch 26 | Batch 1050 | Loss: 0.8678 | LR: 1.57e-05
2026-04-23 11:09:44,517 INFO Epoch 26 | Batch 1100 | Loss: 1.0665 | LR: 1.54e-05
2026-04-23 11:09:51,365 INFO Epoch 26 | Batch 1150 | Loss: 0.8791 | LR: 1.51e-05
2026-04-23 11:09:58,159 INFO Epoch 26 | Batch 1200 | Loss: 0.8576 | LR: 1.48e-05
2026-04-23 11:10:16,516 INFO Epoch 26 | Train: 1.0394 | Dev CER: 0.2094 | Dev WER: 0.6064 | Time: 187s | Peak: 7.2 GB
2026-04-23 11:10:19,448 INFO Epoch 27 | Batch 0 | Loss: 0.9094 | LR: 1.46e-05
2026-04-23 11:10:26,699 INFO Epoch 27 | Batch 50 | Loss: 0.9834 | LR: 1.44e-05
2026-04-23 11:10:33,106 INFO Epoch 27 | Batch 100 | Loss: 0.8608 | LR: 1.41e-05
2026-04-23 11:10:39,246 INFO Epoch 27 | Batch 150 | Loss: 1.2928 | LR: 1.38e-05
2026-04-23 11:10:46,340 INFO Epoch 27 | Batch 200 | Loss: 0.9990 | LR: 1.36e-05
2026-04-23 11:10:53,509 INFO Epoch 27 | Batch 250 | Loss: 0.9930 | LR: 1.33e-05
2026-04-23 11:11:00,535 INFO Epoch 27 | Batch 300 | Loss: 0.9837 | LR: 1.31e-05
2026-04-23 11:11:07,695 INFO Epoch 27 | Batch 350 | Loss: 1.2034 | LR: 1.28e-05
2026-04-23 11:11:14,842 INFO Epoch 27 | Batch 400 | Loss: 0.9265 | LR: 1.25e-05
2026-04-23 11:11:22,203 INFO Epoch 27 | Batch 450 | Loss: 1.1995 | LR: 1.23e-05
2026-04-23 11:11:29,530 INFO Epoch 27 | Batch 500 | Loss: 0.8925 | LR: 1.20e-05
2026-04-23 11:11:36,810 INFO Epoch 27 | Batch 550 | Loss: 1.1907 | LR: 1.18e-05
2026-04-23 11:11:43,735 INFO Epoch 27 | Batch 600 | Loss: 1.0636 | LR: 1.16e-05
2026-04-23 11:11:50,358 INFO Epoch 27 | Batch 650 | Loss: 0.9779 | LR: 1.13e-05
2026-04-23 11:11:57,171 INFO Epoch 27 | Batch 700 | Loss: 1.1185 | LR: 1.11e-05
2026-04-23 11:12:04,246 INFO Epoch 27 | Batch 750 | Loss: 1.0886 | LR: 1.09e-05
2026-04-23 11:12:11,216 INFO Epoch 27 | Batch 800 | Loss: 0.9574 | LR: 1.06e-05
2026-04-23 11:12:18,393 INFO Epoch 27 | Batch 850 | Loss: 1.1612 | LR: 1.04e-05
2026-04-23 11:12:24,823 INFO Epoch 27 | Batch 900 | Loss: 0.9782 | LR: 1.02e-05
2026-04-23 11:12:31,707 INFO Epoch 27 | Batch 950 | Loss: 1.1991 | LR: 9.95e-06
2026-04-23 11:12:38,504 INFO Epoch 27 | Batch 1000 | Loss: 0.9020 | LR: 9.72e-06
2026-04-23 11:12:45,312 INFO Epoch 27 | Batch 1050 | Loss: 0.8513 | LR: 9.51e-06
2026-04-23 11:12:52,174 INFO Epoch 27 | Batch 1100 | Loss: 0.7043 | LR: 9.29e-06
2026-04-23 11:12:59,042 INFO Epoch 27 | Batch 1150 | Loss: 0.9445 | LR: 9.08e-06
2026-04-23 11:13:05,903 INFO Epoch 27 | Batch 1200 | Loss: 1.0202 | LR: 8.87e-06
2026-04-23 11:13:23,101 INFO Epoch 27 | Train: 1.0338 | Dev CER: 0.2089 | Dev WER: 0.6055 | Time: 186s | Peak: 7.2 GB
2026-04-23 11:13:23,101 INFO   New best CER: 0.2089
2026-04-23 11:13:26,476 INFO Epoch 28 | Batch 0 | Loss: 0.9480 | LR: 8.72e-06
2026-04-23 11:13:33,486 INFO Epoch 28 | Batch 50 | Loss: 0.9331 | LR: 8.52e-06
2026-04-23 11:13:40,503 INFO Epoch 28 | Batch 100 | Loss: 1.0132 | LR: 8.31e-06
2026-04-23 11:13:47,558 INFO Epoch 28 | Batch 150 | Loss: 0.8531 | LR: 8.11e-06
2026-04-23 11:13:54,446 INFO Epoch 28 | Batch 200 | Loss: 0.9910 | LR: 7.92e-06
2026-04-23 11:14:01,496 INFO Epoch 28 | Batch 250 | Loss: 1.0783 | LR: 7.72e-06
2026-04-23 11:14:08,441 INFO Epoch 28 | Batch 300 | Loss: 1.0717 | LR: 7.53e-06
2026-04-23 11:14:15,330 INFO Epoch 28 | Batch 350 | Loss: 0.8940 | LR: 7.34e-06
2026-04-23 11:14:22,404 INFO Epoch 28 | Batch 400 | Loss: 0.8762 | LR: 7.16e-06
2026-04-23 11:14:29,570 INFO Epoch 28 | Batch 450 | Loss: 1.2466 | LR: 6.97e-06
2026-04-23 11:14:36,566 INFO Epoch 28 | Batch 500 | Loss: 0.9698 | LR: 6.79e-06
2026-04-23 11:14:43,621 INFO Epoch 28 | Batch 550 | Loss: 1.1116 | LR: 6.61e-06
2026-04-23 11:14:50,605 INFO Epoch 28 | Batch 600 | Loss: 1.2163 | LR: 6.44e-06
2026-04-23 11:14:57,615 INFO Epoch 28 | Batch 650 | Loss: 1.0765 | LR: 6.27e-06
2026-04-23 11:15:04,456 INFO Epoch 28 | Batch 700 | Loss: 1.0702 | LR: 6.10e-06
2026-04-23 11:15:11,421 INFO Epoch 28 | Batch 750 | Loss: 1.0072 | LR: 5.93e-06
2026-04-23 11:15:18,489 INFO Epoch 28 | Batch 800 | Loss: 1.1061 | LR: 5.76e-06
2026-04-23 11:15:25,471 INFO Epoch 28 | Batch 850 | Loss: 1.0641 | LR: 5.60e-06
2026-04-23 11:15:32,471 INFO Epoch 28 | Batch 900 | Loss: 0.9205 | LR: 5.44e-06
2026-04-23 11:15:39,376 INFO Epoch 28 | Batch 950 | Loss: 1.1630 | LR: 5.29e-06
2026-04-23 11:15:46,282 INFO Epoch 28 | Batch 1000 | Loss: 0.9070 | LR: 5.13e-06
2026-04-23 11:15:53,226 INFO Epoch 28 | Batch 1050 | Loss: 1.1313 | LR: 4.98e-06
2026-04-23 11:16:00,195 INFO Epoch 28 | Batch 1100 | Loss: 0.9392 | LR: 4.84e-06
2026-04-23 11:16:07,103 INFO Epoch 28 | Batch 1150 | Loss: 0.8632 | LR: 4.69e-06
2026-04-23 11:16:14,002 INFO Epoch 28 | Batch 1200 | Loss: 1.0075 | LR: 4.55e-06
2026-04-23 11:16:30,435 INFO Epoch 28 | Train: 1.0324 | Dev CER: 0.2081 | Dev WER: 0.6056 | Time: 186s | Peak: 7.2 GB
2026-04-23 11:16:30,435 INFO   New best CER: 0.2081
2026-04-23 11:16:33,490 INFO Epoch 29 | Batch 0 | Loss: 0.9746 | LR: 4.45e-06
2026-04-23 11:16:40,641 INFO Epoch 29 | Batch 50 | Loss: 1.2431 | LR: 4.31e-06
2026-04-23 11:16:47,448 INFO Epoch 29 | Batch 100 | Loss: 1.0852 | LR: 4.17e-06
2026-04-23 11:16:54,327 INFO Epoch 29 | Batch 150 | Loss: 0.8754 | LR: 4.04e-06
2026-04-23 11:17:01,264 INFO Epoch 29 | Batch 200 | Loss: 0.9731 | LR: 3.91e-06
2026-04-23 11:17:08,178 INFO Epoch 29 | Batch 250 | Loss: 0.9915 | LR: 3.79e-06
2026-04-23 11:17:15,041 INFO Epoch 29 | Batch 300 | Loss: 0.9304 | LR: 3.66e-06
2026-04-23 11:17:22,125 INFO Epoch 29 | Batch 350 | Loss: 1.1080 | LR: 3.54e-06
2026-04-23 11:17:29,010 INFO Epoch 29 | Batch 400 | Loss: 0.9347 | LR: 3.42e-06
2026-04-23 11:17:35,989 INFO Epoch 29 | Batch 450 | Loss: 0.9726 | LR: 3.31e-06
2026-04-23 11:17:42,838 INFO Epoch 29 | Batch 500 | Loss: 1.2806 | LR: 3.20e-06
2026-04-23 11:17:49,886 INFO Epoch 29 | Batch 550 | Loss: 0.8844 | LR: 3.09e-06
2026-04-23 11:17:56,996 INFO Epoch 29 | Batch 600 | Loss: 1.2389 | LR: 2.98e-06
2026-04-23 11:18:04,010 INFO Epoch 29 | Batch 650 | Loss: 1.1688 | LR: 2.88e-06
2026-04-23 11:18:10,813 INFO Epoch 29 | Batch 700 | Loss: 1.0890 | LR: 2.77e-06
2026-04-23 11:18:17,687 INFO Epoch 29 | Batch 750 | Loss: 0.7054 | LR: 2.68e-06
2026-04-23 11:18:24,819 INFO Epoch 29 | Batch 800 | Loss: 1.0093 | LR: 2.58e-06
2026-04-23 11:18:31,905 INFO Epoch 29 | Batch 850 | Loss: 0.8107 | LR: 2.49e-06
2026-04-23 11:18:38,953 INFO Epoch 29 | Batch 900 | Loss: 1.0782 | LR: 2.40e-06
2026-04-23 11:18:45,772 INFO Epoch 29 | Batch 950 | Loss: 0.9870 | LR: 2.31e-06
2026-04-23 11:18:52,671 INFO Epoch 29 | Batch 1000 | Loss: 1.0878 | LR: 2.22e-06
2026-04-23 11:18:59,774 INFO Epoch 29 | Batch 1050 | Loss: 1.0073 | LR: 2.14e-06
2026-04-23 11:19:06,707 INFO Epoch 29 | Batch 1100 | Loss: 0.9874 | LR: 2.06e-06
2026-04-23 11:19:13,718 INFO Epoch 29 | Batch 1150 | Loss: 0.9600 | LR: 1.99e-06
2026-04-23 11:19:20,689 INFO Epoch 29 | Batch 1200 | Loss: 0.9059 | LR: 1.91e-06
2026-04-23 11:19:39,449 INFO Epoch 29 | Train: 1.0268 | Dev CER: 0.2080 | Dev WER: 0.6056 | Time: 188s | Peak: 7.2 GB
2026-04-23 11:19:39,449 INFO   New best CER: 0.2080
2026-04-23 11:19:42,541 INFO Epoch 30 | Batch 0 | Loss: 1.0912 | LR: 1.86e-06
2026-04-23 11:19:49,435 INFO Epoch 30 | Batch 50 | Loss: 1.0273 | LR: 1.80e-06
2026-04-23 11:19:56,528 INFO Epoch 30 | Batch 100 | Loss: 0.9230 | LR: 1.73e-06
2026-04-23 11:20:03,565 INFO Epoch 30 | Batch 150 | Loss: 1.0043 | LR: 1.67e-06
2026-04-23 11:20:10,565 INFO Epoch 30 | Batch 200 | Loss: 0.8491 | LR: 1.61e-06
2026-04-23 11:20:17,370 INFO Epoch 30 | Batch 250 | Loss: 1.0284 | LR: 1.55e-06
2026-04-23 11:20:24,393 INFO Epoch 30 | Batch 300 | Loss: 0.7890 | LR: 1.50e-06
2026-04-23 11:20:31,393 INFO Epoch 30 | Batch 350 | Loss: 1.0136 | LR: 1.44e-06
2026-04-23 11:20:38,479 INFO Epoch 30 | Batch 400 | Loss: 0.9219 | LR: 1.39e-06
2026-04-23 11:20:45,544 INFO Epoch 30 | Batch 450 | Loss: 1.1812 | LR: 1.35e-06
2026-04-23 11:20:52,617 INFO Epoch 30 | Batch 500 | Loss: 0.8556 | LR: 1.31e-06
2026-04-23 11:20:59,605 INFO Epoch 30 | Batch 550 | Loss: 1.0885 | LR: 1.27e-06
2026-04-23 11:21:06,536 INFO Epoch 30 | Batch 600 | Loss: 1.0887 | LR: 1.23e-06
2026-04-23 11:21:13,407 INFO Epoch 30 | Batch 650 | Loss: 1.1785 | LR: 1.19e-06
2026-04-23 11:21:20,420 INFO Epoch 30 | Batch 700 | Loss: 1.0605 | LR: 1.16e-06
2026-04-23 11:21:27,281 INFO Epoch 30 | Batch 750 | Loss: 0.7973 | LR: 1.13e-06
2026-04-23 11:21:34,134 INFO Epoch 30 | Batch 800 | Loss: 0.9153 | LR: 1.11e-06
2026-04-23 11:21:41,054 INFO Epoch 30 | Batch 850 | Loss: 0.9069 | LR: 1.08e-06
2026-04-23 11:21:47,993 INFO Epoch 30 | Batch 900 | Loss: 0.9981 | LR: 1.06e-06
2026-04-23 11:21:55,140 INFO Epoch 30 | Batch 950 | Loss: 1.0756 | LR: 1.05e-06
2026-04-23 11:22:02,067 INFO Epoch 30 | Batch 1000 | Loss: 1.0793 | LR: 1.03e-06
2026-04-23 11:22:09,231 INFO Epoch 30 | Batch 1050 | Loss: 0.8439 | LR: 1.02e-06
2026-04-23 11:22:15,983 INFO Epoch 30 | Batch 1100 | Loss: 1.0913 | LR: 1.01e-06
2026-04-23 11:22:22,940 INFO Epoch 30 | Batch 1150 | Loss: 0.9649 | LR: 1.00e-06
2026-04-23 11:22:29,876 INFO Epoch 30 | Batch 1200 | Loss: 0.9307 | LR: 1.00e-06
2026-04-23 11:22:49,274 INFO Epoch 30 | Train: 1.0280 | Dev CER: 0.2080 | Dev WER: 0.6049 | Time: 189s | Peak: 7.2 GB
2026-04-23 11:23:35,295 INFO Done. Best dev CER: 0.2080 | Test CER: 0.2057
