2026-04-11 22:43:02,047 INFO Loading LibriSpeech split=train.100 from HuggingFace...
2026-04-11 22:43:02,422 INFO HTTP Request: HEAD https://huggingface.co/datasets/openslr/librispeech_asr/resolve/main/README.md "HTTP/1.1 307 Temporary Redirect"
2026-04-11 22:43:02,474 INFO HTTP Request: HEAD https://huggingface.co/api/resolve-cache/datasets/openslr/librispeech_asr/71cacbfb7e2354c4226d01e70d77d5fca3d04ba1/README.md "HTTP/1.1 200 OK"
2026-04-11 22:43:02,648 INFO HTTP Request: HEAD https://huggingface.co/datasets/openslr/librispeech_asr/resolve/71cacbfb7e2354c4226d01e70d77d5fca3d04ba1/librispeech_asr.py "HTTP/1.1 404 Not Found"
2026-04-11 22:43:03,157 INFO HTTP Request: HEAD https://s3.amazonaws.com/datasets.huggingface.co/datasets/datasets/openslr/librispeech_asr/openslr/librispeech_asr.py "HTTP/1.1 404 Not Found"
2026-04-11 22:43:03,522 INFO HTTP Request: GET https://huggingface.co/api/datasets/openslr/librispeech_asr/revision/71cacbfb7e2354c4226d01e70d77d5fca3d04ba1 "HTTP/1.1 200 OK"
2026-04-11 22:43:03,706 INFO HTTP Request: HEAD https://huggingface.co/datasets/openslr/librispeech_asr/resolve/71cacbfb7e2354c4226d01e70d77d5fca3d04ba1/.huggingface.yaml "HTTP/1.1 404 Not Found"
2026-04-11 22:43:04,051 INFO HTTP Request: GET https://datasets-server.huggingface.co/info?dataset=openslr/librispeech_asr "HTTP/1.1 200 OK"
2026-04-11 22:43:04,235 INFO HTTP Request: GET https://huggingface.co/api/datasets/openslr/librispeech_asr/tree/71cacbfb7e2354c4226d01e70d77d5fca3d04ba1/clean%2Ftest?recursive=true&expand=false "HTTP/1.1 200 OK"
2026-04-11 22:43:04,436 INFO HTTP Request: GET https://huggingface.co/api/datasets/openslr/librispeech_asr/tree/71cacbfb7e2354c4226d01e70d77d5fca3d04ba1/clean?recursive=false&expand=false "HTTP/1.1 200 OK"
2026-04-11 22:43:04,631 INFO HTTP Request: GET https://huggingface.co/api/datasets/openslr/librispeech_asr/tree/71cacbfb7e2354c4226d01e70d77d5fca3d04ba1/clean%2Ftrain.100?recursive=true&expand=false "HTTP/1.1 200 OK"
2026-04-11 22:43:04,813 INFO HTTP Request: GET https://huggingface.co/api/datasets/openslr/librispeech_asr/tree/71cacbfb7e2354c4226d01e70d77d5fca3d04ba1/clean%2Ftrain.360?recursive=true&expand=false "HTTP/1.1 200 OK"
2026-04-11 22:43:05,002 INFO HTTP Request: GET https://huggingface.co/api/datasets/openslr/librispeech_asr/tree/71cacbfb7e2354c4226d01e70d77d5fca3d04ba1/clean%2Fvalidation?recursive=true&expand=false "HTTP/1.1 200 OK"
2026-04-11 22:43:05,211 INFO HTTP Request: HEAD https://huggingface.co/datasets/openslr/librispeech_asr/resolve/71cacbfb7e2354c4226d01e70d77d5fca3d04ba1/dataset_infos.json "HTTP/1.1 404 Not Found"
2026-04-11 22:45:44,986 INFO Loaded 28538 utterances from train.100 (skipped 1 outside [0.5s, 20.0s])
2026-04-11 22:45:45,036 INFO Loading LibriSpeech split=validation from HuggingFace...
2026-04-11 22:45:45,374 INFO HTTP Request: HEAD https://huggingface.co/datasets/openslr/librispeech_asr/resolve/main/README.md "HTTP/1.1 307 Temporary Redirect"
Warning: You are sending unauthenticated requests to the HF Hub. Please set a HF_TOKEN to enable higher rate limits and faster downloads.
2026-04-11 22:45:45,375 WARNING Warning: You are sending unauthenticated requests to the HF Hub. Please set a HF_TOKEN to enable higher rate limits and faster downloads.
2026-04-11 22:45:45,427 INFO HTTP Request: HEAD https://huggingface.co/api/resolve-cache/datasets/openslr/librispeech_asr/71cacbfb7e2354c4226d01e70d77d5fca3d04ba1/README.md "HTTP/1.1 200 OK"
2026-04-11 22:45:45,598 INFO HTTP Request: HEAD https://huggingface.co/datasets/openslr/librispeech_asr/resolve/71cacbfb7e2354c4226d01e70d77d5fca3d04ba1/librispeech_asr.py "HTTP/1.1 404 Not Found"
2026-04-11 22:45:46,106 INFO HTTP Request: HEAD https://s3.amazonaws.com/datasets.huggingface.co/datasets/datasets/openslr/librispeech_asr/openslr/librispeech_asr.py "HTTP/1.1 404 Not Found"
2026-04-11 22:45:46,303 INFO HTTP Request: HEAD https://huggingface.co/datasets/openslr/librispeech_asr/resolve/71cacbfb7e2354c4226d01e70d77d5fca3d04ba1/.huggingface.yaml "HTTP/1.1 404 Not Found"
2026-04-11 22:45:46,673 INFO HTTP Request: GET https://datasets-server.huggingface.co/info?dataset=openslr/librispeech_asr "HTTP/1.1 200 OK"
2026-04-11 22:45:46,859 INFO HTTP Request: HEAD https://huggingface.co/datasets/openslr/librispeech_asr/resolve/71cacbfb7e2354c4226d01e70d77d5fca3d04ba1/dataset_infos.json "HTTP/1.1 404 Not Found"
2026-04-11 22:45:55,969 INFO Loaded 2642 utterances from validation (skipped 61 outside [0.5s, 20.0s])
2026-04-11 22:45:55,969 INFO Loading LibriSpeech split=test from HuggingFace...
2026-04-11 22:45:56,350 INFO HTTP Request: HEAD https://huggingface.co/datasets/openslr/librispeech_asr/resolve/main/README.md "HTTP/1.1 307 Temporary Redirect"
2026-04-11 22:45:56,405 INFO HTTP Request: HEAD https://huggingface.co/api/resolve-cache/datasets/openslr/librispeech_asr/71cacbfb7e2354c4226d01e70d77d5fca3d04ba1/README.md "HTTP/1.1 200 OK"
2026-04-11 22:45:56,579 INFO HTTP Request: HEAD https://huggingface.co/datasets/openslr/librispeech_asr/resolve/71cacbfb7e2354c4226d01e70d77d5fca3d04ba1/librispeech_asr.py "HTTP/1.1 404 Not Found"
2026-04-11 22:45:57,097 INFO HTTP Request: HEAD https://s3.amazonaws.com/datasets.huggingface.co/datasets/datasets/openslr/librispeech_asr/openslr/librispeech_asr.py "HTTP/1.1 404 Not Found"
2026-04-11 22:45:57,285 INFO HTTP Request: HEAD https://huggingface.co/datasets/openslr/librispeech_asr/resolve/71cacbfb7e2354c4226d01e70d77d5fca3d04ba1/.huggingface.yaml "HTTP/1.1 404 Not Found"
2026-04-11 22:45:57,626 INFO HTTP Request: GET https://datasets-server.huggingface.co/info?dataset=openslr/librispeech_asr "HTTP/1.1 200 OK"
2026-04-11 22:45:57,810 INFO HTTP Request: HEAD https://huggingface.co/datasets/openslr/librispeech_asr/resolve/71cacbfb7e2354c4226d01e70d77d5fca3d04ba1/dataset_infos.json "HTTP/1.1 404 Not Found"
2026-04-11 22:46:06,771 INFO Loaded 2528 utterances from test (skipped 92 outside [0.5s, 20.0s])
2026-04-11 22:46:07,210 INFO Backbone: lion | Params: 7.74M
2026-04-11 22:46:07,210 INFO   Frontend: 1.90M | Encoder: 5.82M | Head: 8.0K
2026-04-11 22:46:08,983 INFO Epoch 1 | Batch 0 | Loss: 4.1316 | LR: 3.00e-07
2026-04-11 22:46:11,980 INFO Epoch 1 | Batch 50 | Loss: 2.9524 | LR: 1.53e-05
2026-04-11 22:46:15,133 INFO Epoch 1 | Batch 100 | Loss: 2.9277 | LR: 3.03e-05
2026-04-11 22:46:18,563 INFO Epoch 1 | Batch 150 | Loss: 2.8769 | LR: 4.53e-05
2026-04-11 22:46:21,948 INFO Epoch 1 | Batch 200 | Loss: 2.8438 | LR: 6.03e-05
2026-04-11 22:46:25,359 INFO Epoch 1 | Batch 250 | Loss: 2.8510 | LR: 7.53e-05
2026-04-11 22:46:28,765 INFO Epoch 1 | Batch 300 | Loss: 2.8453 | LR: 9.03e-05
2026-04-11 22:46:32,138 INFO Epoch 1 | Batch 350 | Loss: 2.8543 | LR: 1.05e-04
2026-04-11 22:46:35,482 INFO Epoch 1 | Batch 400 | Loss: 2.8811 | LR: 1.20e-04
2026-04-11 22:46:38,836 INFO Epoch 1 | Batch 450 | Loss: 2.7832 | LR: 1.35e-04
2026-04-11 22:46:42,206 INFO Epoch 1 | Batch 500 | Loss: 2.7899 | LR: 1.50e-04
2026-04-11 22:46:45,582 INFO Epoch 1 | Batch 550 | Loss: 2.6648 | LR: 1.65e-04
2026-04-11 22:46:48,915 INFO Epoch 1 | Batch 600 | Loss: 2.7186 | LR: 1.80e-04
2026-04-11 22:46:52,228 INFO Epoch 1 | Batch 650 | Loss: 2.4900 | LR: 1.95e-04
2026-04-11 22:46:55,572 INFO Epoch 1 | Batch 700 | Loss: 2.5004 | LR: 2.10e-04
2026-04-11 22:46:58,909 INFO Epoch 1 | Batch 750 | Loss: 2.4542 | LR: 2.25e-04
2026-04-11 22:47:02,201 INFO Epoch 1 | Batch 800 | Loss: 2.6277 | LR: 2.40e-04
2026-04-11 22:47:05,337 INFO Epoch 1 | Batch 850 | Loss: 2.3228 | LR: 2.55e-04
2026-04-11 22:47:08,292 INFO Epoch 1 | Batch 900 | Loss: 2.3855 | LR: 2.70e-04
2026-04-11 22:47:11,120 INFO Epoch 1 | Batch 950 | Loss: 2.2703 | LR: 2.85e-04
2026-04-11 22:47:14,121 INFO Epoch 1 | Batch 1000 | Loss: 2.0925 | LR: 3.00e-04
2026-04-11 22:47:17,425 INFO Epoch 1 | Batch 1050 | Loss: 2.1735 | LR: 2.99e-04
2026-04-11 22:47:20,789 INFO Epoch 1 | Batch 1100 | Loss: 2.2253 | LR: 2.97e-04
2026-04-11 22:47:24,163 INFO Epoch 1 | Batch 1150 | Loss: 2.3076 | LR: 2.92e-04
2026-04-11 22:47:27,519 INFO Epoch 1 | Batch 1200 | Loss: 2.2071 | LR: 2.86e-04
2026-04-11 22:47:37,392 INFO Epoch 1 | Train: 2.5867 | Dev CER: 0.5268 | Dev WER: 0.9942 | Time: 90s | Peak: 3.6 GB
2026-04-11 22:47:37,393 INFO   New best CER: 0.5268
2026-04-11 22:47:38,869 INFO Epoch 2 | Batch 0 | Loss: 2.0098 | LR: 2.81e-04
2026-04-11 22:47:42,081 INFO Epoch 2 | Batch 50 | Loss: 2.3077 | LR: 2.73e-04
2026-04-11 22:47:45,279 INFO Epoch 2 | Batch 100 | Loss: 2.1872 | LR: 2.63e-04
2026-04-11 22:47:48,482 INFO Epoch 2 | Batch 150 | Loss: 2.1128 | LR: 2.52e-04
2026-04-11 22:47:51,689 INFO Epoch 2 | Batch 200 | Loss: 1.9449 | LR: 2.40e-04
2026-04-11 22:47:54,929 INFO Epoch 2 | Batch 250 | Loss: 1.7469 | LR: 2.26e-04
2026-04-11 22:47:58,217 INFO Epoch 2 | Batch 300 | Loss: 1.9515 | LR: 2.12e-04
2026-04-11 22:48:01,508 INFO Epoch 2 | Batch 350 | Loss: 1.9125 | LR: 1.97e-04
2026-04-11 22:48:04,801 INFO Epoch 2 | Batch 400 | Loss: 1.7223 | LR: 1.82e-04
2026-04-11 22:48:08,086 INFO Epoch 2 | Batch 450 | Loss: 1.7842 | LR: 1.66e-04
2026-04-11 22:48:11,365 INFO Epoch 2 | Batch 500 | Loss: 1.7671 | LR: 1.50e-04
2026-04-11 22:48:14,652 INFO Epoch 2 | Batch 550 | Loss: 1.9846 | LR: 1.34e-04
2026-04-11 22:48:17,961 INFO Epoch 2 | Batch 600 | Loss: 1.8420 | LR: 1.19e-04
2026-04-11 22:48:21,237 INFO Epoch 2 | Batch 650 | Loss: 1.9688 | LR: 1.03e-04
2026-04-11 22:48:24,521 INFO Epoch 2 | Batch 700 | Loss: 2.2354 | LR: 8.83e-05
2026-04-11 22:48:27,806 INFO Epoch 2 | Batch 750 | Loss: 1.8461 | LR: 7.42e-05
2026-04-11 22:48:31,097 INFO Epoch 2 | Batch 800 | Loss: 1.6087 | LR: 6.09e-05
2026-04-11 22:48:34,385 INFO Epoch 2 | Batch 850 | Loss: 1.9264 | LR: 4.87e-05
2026-04-11 22:48:37,668 INFO Epoch 2 | Batch 900 | Loss: 1.7763 | LR: 3.76e-05
2026-04-11 22:48:40,956 INFO Epoch 2 | Batch 950 | Loss: 1.6397 | LR: 2.78e-05
2026-04-11 22:48:44,238 INFO Epoch 2 | Batch 1000 | Loss: 2.3123 | LR: 1.94e-05
2026-04-11 22:48:47,532 INFO Epoch 2 | Batch 1050 | Loss: 1.8420 | LR: 1.25e-05
2026-04-11 22:48:50,832 INFO Epoch 2 | Batch 1100 | Loss: 1.7545 | LR: 7.16e-06
2026-04-11 22:48:54,121 INFO Epoch 2 | Batch 1150 | Loss: 1.6172 | LR: 3.45e-06
2026-04-11 22:48:57,409 INFO Epoch 2 | Batch 1200 | Loss: 1.7421 | LR: 1.42e-06
2026-04-11 22:49:06,048 INFO Epoch 2 | Train: 1.8519 | Dev CER: 0.4043 | Dev WER: 0.8690 | Time: 88s | Peak: 3.6 GB
2026-04-11 22:49:06,048 INFO   New best CER: 0.4043
2026-04-11 22:53:49,414 INFO Done. Best dev CER: 0.4043 | Test CER: 0.4007
