2026-04-28 16:47:36,093 INFO src.training.train backbone=rwkv6_convshift_multidil_symmetric_v2 params=10M seq_len=1024 K=256 Q=256 batch=32
2026-04-28 16:48:02,303 INFO src.training.train step=100 epoch=1 loss=9.0806 grad=0.268 lr=3.00e-05
2026-04-28 16:48:27,297 INFO src.training.train step=200 epoch=1 loss=8.6050 grad=0.208 lr=6.00e-05
2026-04-28 16:48:52,289 INFO src.training.train step=300 epoch=1 loss=8.3753 grad=0.189 lr=9.00e-05
2026-04-28 16:49:17,281 INFO src.training.train step=400 epoch=1 loss=8.3492 grad=0.190 lr=1.20e-04
2026-04-28 16:49:42,274 INFO src.training.train step=500 epoch=1 loss=8.3421 grad=0.186 lr=1.50e-04
2026-04-28 16:50:07,266 INFO src.training.train step=600 epoch=1 loss=8.3444 grad=0.186 lr=1.80e-04
2026-04-28 16:50:32,258 INFO src.training.train step=700 epoch=1 loss=8.3427 grad=0.183 lr=2.10e-04
2026-04-28 16:50:57,251 INFO src.training.train step=800 epoch=1 loss=8.3385 grad=0.177 lr=2.40e-04
2026-04-28 16:51:22,243 INFO src.training.train step=900 epoch=1 loss=8.3417 grad=0.176 lr=2.70e-04
2026-04-28 16:51:47,235 INFO src.training.train step=1000 epoch=1 loss=8.3460 grad=0.174 lr=3.00e-04
2026-04-28 16:51:55,050 INFO src.training.train EVAL step=1000 loss=8.3288 per_query_acc=0.0003 per_seq_acc=0.0000
2026-04-28 16:52:20,045 INFO src.training.train step=1100 epoch=1 loss=8.3401 grad=0.174 lr=3.00e-04
2026-04-28 16:52:45,038 INFO src.training.train step=1200 epoch=1 loss=7.9184 grad=0.326 lr=3.00e-04
2026-04-28 16:53:10,052 INFO src.training.train step=1300 epoch=1 loss=7.0672 grad=0.414 lr=3.00e-04
2026-04-28 16:53:35,076 INFO src.training.train step=1400 epoch=1 loss=6.0618 grad=0.657 lr=3.00e-04
2026-04-28 16:54:00,116 INFO src.training.train step=1500 epoch=1 loss=5.0958 grad=0.775 lr=3.00e-04
2026-04-28 16:54:25,170 INFO src.training.train step=1600 epoch=2 loss=4.1502 grad=1.475 lr=3.00e-04
2026-04-28 16:54:50,250 INFO src.training.train step=1700 epoch=2 loss=3.2954 grad=1.262 lr=3.00e-04
2026-04-28 16:55:15,332 INFO src.training.train step=1800 epoch=2 loss=2.5483 grad=1.922 lr=2.99e-04
2026-04-28 16:55:40,422 INFO src.training.train step=1900 epoch=2 loss=1.8684 grad=1.326 lr=2.99e-04
2026-04-28 16:56:05,498 INFO src.training.train step=2000 epoch=2 loss=1.3133 grad=1.342 lr=2.99e-04
2026-04-28 16:56:13,367 INFO src.training.train EVAL step=2000 loss=0.2580 per_query_acc=1.0000 per_seq_acc=0.9987
2026-04-28 16:56:13,367 INFO src.training.train EARLY STOP: per_seq_acc 0.9987 ≥ threshold 0.9900 at step 2000
2026-04-28 16:56:21,241 INFO src.training.train DONE: {
  "backbone": "rwkv6_convshift_multidil_symmetric_v2",
  "seq_len": 1024,
  "n_kv_pairs": 256,
  "n_queries": 256,
  "vocab_size": 8192,
  "n_parameters": 10046488,
  "steps_taken": 2000,
  "epochs_taken": 2,
  "early_stopped": true,
  "best_per_seq_acc": 0.9986666666666667,
  "best_per_query_acc": 0.9999947916666667,
  "best_step": 2000,
  "final_per_seq_acc": 0.9986666666666667,
  "final_per_query_acc": 0.9999947916666667,
  "final_loss": 0.25798353894551596,
  "wall_sec": 524.4493191242218,
  "seed": 42
}
