2026-04-28 08:12:11,587 INFO --fast: TF32 matmul precision enabled (cudnn.benchmark left off).
2026-04-28 08:12:13,498 INFO using shared audio cache at data/common_voice/audio_cache_seed42.f32 (35.6 GB mmap; 96998 clips indexed)
2026-04-28 08:12:14,022 INFO train: kept 64198 / 64198 from manifest (band 0, decode 0)
2026-04-28 08:12:15,711 INFO using shared audio cache at data/common_voice/audio_cache_seed42.f32 (35.6 GB mmap; 96998 clips indexed)
2026-04-28 08:12:15,833 INFO dev: kept 12442 / 16402 (quality 3959, normtext 0, band 1, decode 0)
2026-04-28 08:12:17,602 INFO using shared audio cache at data/common_voice/audio_cache_seed42.f32 (35.6 GB mmap; 96998 clips indexed)
2026-04-28 08:12:17,724 INFO test: kept 12267 / 16398 (quality 4128, normtext 0, band 3, decode 0)
2026-04-28 08:12:17,907 INFO Backbone: mamba2_rse_depth_viscosity | Params: 7.81M
2026-04-28 08:12:17,907 INFO   Frontend: 1.90M | Encoder: 5.90M | Head: 8.0K
2026-04-28 08:12:20,511 INFO Epoch 1 | Batch 0 | Loss: 5.7095 | LR: 3.00e-07
2026-04-28 08:13:24,225 INFO Epoch 1 | Batch 50 | Loss: 3.2446 | LR: 1.53e-05
2026-04-28 08:14:25,740 INFO Epoch 1 | Batch 100 | Loss: 3.0406 | LR: 3.03e-05
2026-04-28 08:15:31,127 INFO Epoch 1 | Batch 150 | Loss: 3.0056 | LR: 4.53e-05
2026-04-28 08:16:33,217 INFO Epoch 1 | Batch 200 | Loss: 2.9416 | LR: 6.03e-05
2026-04-28 08:17:32,570 INFO Epoch 1 | Batch 250 | Loss: 2.9027 | LR: 7.53e-05
2026-04-28 08:18:31,679 INFO Epoch 1 | Batch 300 | Loss: 2.9422 | LR: 9.03e-05
2026-04-28 08:19:32,414 INFO Epoch 1 | Batch 350 | Loss: 2.9445 | LR: 1.05e-04
2026-04-28 08:20:35,478 INFO Epoch 1 | Batch 400 | Loss: 2.8999 | LR: 1.20e-04
2026-04-28 08:21:39,377 INFO Epoch 1 | Batch 450 | Loss: 2.8794 | LR: 1.35e-04
2026-04-28 08:22:40,710 INFO Epoch 1 | Batch 500 | Loss: 2.9186 | LR: 1.50e-04
2026-04-28 08:23:41,352 INFO Epoch 1 | Batch 550 | Loss: 2.8898 | LR: 1.65e-04
2026-04-28 08:24:43,070 INFO Epoch 1 | Batch 600 | Loss: 2.8900 | LR: 1.80e-04
2026-04-28 08:25:46,157 INFO Epoch 1 | Batch 650 | Loss: 2.8862 | LR: 1.95e-04
2026-04-28 08:26:49,384 INFO Epoch 1 | Batch 700 | Loss: 2.8368 | LR: 2.10e-04
2026-04-28 08:27:52,063 INFO Epoch 1 | Batch 750 | Loss: 2.7387 | LR: 2.25e-04
2026-04-28 08:28:52,191 INFO Epoch 1 | Batch 800 | Loss: 2.6511 | LR: 2.40e-04
2026-04-28 08:29:50,410 INFO Epoch 1 | Batch 850 | Loss: 2.6921 | LR: 2.55e-04
2026-04-28 08:30:52,558 INFO Epoch 1 | Batch 900 | Loss: 2.6502 | LR: 2.70e-04
2026-04-28 08:31:54,137 INFO Epoch 1 | Batch 950 | Loss: 2.4912 | LR: 2.85e-04
2026-04-28 08:32:56,713 INFO Epoch 1 | Batch 1000 | Loss: 2.5781 | LR: 3.00e-04
2026-04-28 08:33:55,792 INFO Epoch 1 | Batch 1050 | Loss: 2.6136 | LR: 3.00e-04
2026-04-28 08:35:02,151 INFO Epoch 1 | Batch 1100 | Loss: 2.5203 | LR: 3.00e-04
2026-04-28 08:36:06,704 INFO Epoch 1 | Batch 1150 | Loss: 2.3674 | LR: 3.00e-04
2026-04-28 08:37:09,712 INFO Epoch 1 | Batch 1200 | Loss: 2.5801 | LR: 3.00e-04
2026-04-28 08:38:43,690 INFO Epoch 1 | Train: 2.8055 | Dev CER: 0.6527 | Dev WER: 1.0307 | Time: 1585s | Peak: 43.3 GB
2026-04-28 08:38:43,690 INFO   New best CER: 0.6527
2026-04-28 08:38:46,219 INFO Epoch 2 | Batch 0 | Loss: 2.1515 | LR: 3.00e-04
2026-04-28 08:39:47,057 INFO Epoch 2 | Batch 50 | Loss: 2.3620 | LR: 3.00e-04
2026-04-28 08:40:48,235 INFO Epoch 2 | Batch 100 | Loss: 2.3795 | LR: 3.00e-04
2026-04-28 08:41:50,434 INFO Epoch 2 | Batch 150 | Loss: 2.4971 | LR: 3.00e-04
2026-04-28 08:42:53,180 INFO Epoch 2 | Batch 200 | Loss: 2.0424 | LR: 3.00e-04
2026-04-28 08:43:53,731 INFO Epoch 2 | Batch 250 | Loss: 2.6212 | LR: 3.00e-04
2026-04-28 08:44:56,520 INFO Epoch 2 | Batch 300 | Loss: 2.3498 | LR: 3.00e-04
2026-04-28 08:46:00,025 INFO Epoch 2 | Batch 350 | Loss: 2.0626 | LR: 3.00e-04
2026-04-28 08:47:03,436 INFO Epoch 2 | Batch 400 | Loss: 2.4312 | LR: 3.00e-04
2026-04-28 08:48:05,495 INFO Epoch 2 | Batch 450 | Loss: 1.9775 | LR: 3.00e-04
2026-04-28 08:49:07,278 INFO Epoch 2 | Batch 500 | Loss: 2.0229 | LR: 3.00e-04
2026-04-28 08:50:08,938 INFO Epoch 2 | Batch 550 | Loss: 2.3723 | LR: 3.00e-04
2026-04-28 08:51:10,138 INFO Epoch 2 | Batch 600 | Loss: 2.2252 | LR: 3.00e-04
2026-04-28 08:52:11,201 INFO Epoch 2 | Batch 650 | Loss: 1.6926 | LR: 3.00e-04
2026-04-28 08:53:12,349 INFO Epoch 2 | Batch 700 | Loss: 2.1223 | LR: 3.00e-04
2026-04-28 08:54:12,569 INFO Epoch 2 | Batch 750 | Loss: 2.0830 | LR: 3.00e-04
2026-04-28 08:55:13,254 INFO Epoch 2 | Batch 800 | Loss: 2.0591 | LR: 3.00e-04
2026-04-28 08:56:13,775 INFO Epoch 2 | Batch 850 | Loss: 2.0931 | LR: 3.00e-04
2026-04-28 08:57:20,483 INFO Epoch 2 | Batch 900 | Loss: 2.5511 | LR: 3.00e-04
2026-04-28 08:58:23,821 INFO Epoch 2 | Batch 950 | Loss: 2.1995 | LR: 3.00e-04
2026-04-28 08:59:23,061 INFO Epoch 2 | Batch 1000 | Loss: 2.1380 | LR: 3.00e-04
2026-04-28 09:00:26,836 INFO Epoch 2 | Batch 1050 | Loss: 2.2334 | LR: 3.00e-04
2026-04-28 09:01:30,171 INFO Epoch 2 | Batch 1100 | Loss: 2.1079 | LR: 3.00e-04
2026-04-28 09:02:31,163 INFO Epoch 2 | Batch 1150 | Loss: 2.2777 | LR: 3.00e-04
2026-04-28 09:03:32,823 INFO Epoch 2 | Batch 1200 | Loss: 1.9016 | LR: 3.00e-04
2026-04-28 09:05:07,975 INFO Epoch 2 | Train: 2.1389 | Dev CER: 0.5097 | Dev WER: 0.9395 | Time: 1584s | Peak: 43.3 GB
2026-04-28 09:05:07,975 INFO   New best CER: 0.5097
2026-04-28 09:05:10,212 INFO Epoch 3 | Batch 0 | Loss: 1.6218 | LR: 3.00e-04
2026-04-28 09:06:15,053 INFO Epoch 3 | Batch 50 | Loss: 1.9500 | LR: 3.00e-04
2026-04-28 09:07:18,586 INFO Epoch 3 | Batch 100 | Loss: 2.3530 | LR: 3.00e-04
2026-04-28 09:08:22,164 INFO Epoch 3 | Batch 150 | Loss: 2.1263 | LR: 2.99e-04
2026-04-28 09:09:25,619 INFO Epoch 3 | Batch 200 | Loss: 1.5680 | LR: 2.99e-04
2026-04-28 09:10:30,826 INFO Epoch 3 | Batch 250 | Loss: 1.9281 | LR: 2.99e-04
2026-04-28 09:11:29,643 INFO Epoch 3 | Batch 300 | Loss: 2.1076 | LR: 2.99e-04
2026-04-28 09:12:29,626 INFO Epoch 3 | Batch 350 | Loss: 1.8232 | LR: 2.99e-04
2026-04-28 09:13:32,172 INFO Epoch 3 | Batch 400 | Loss: 1.6576 | LR: 2.99e-04
2026-04-28 09:14:33,267 INFO Epoch 3 | Batch 450 | Loss: 1.3407 | LR: 2.99e-04
2026-04-28 09:15:36,224 INFO Epoch 3 | Batch 500 | Loss: 1.3415 | LR: 2.99e-04
2026-04-28 09:16:38,160 INFO Epoch 3 | Batch 550 | Loss: 2.0868 | LR: 2.99e-04
2026-04-28 09:17:38,853 INFO Epoch 3 | Batch 600 | Loss: 1.5388 | LR: 2.99e-04
2026-04-28 09:18:38,443 INFO Epoch 3 | Batch 650 | Loss: 1.5173 | LR: 2.99e-04
2026-04-28 09:19:41,872 INFO Epoch 3 | Batch 700 | Loss: 1.8291 | LR: 2.99e-04
2026-04-28 09:20:46,766 INFO Epoch 3 | Batch 750 | Loss: 1.8679 | LR: 2.99e-04
2026-04-28 09:21:47,484 INFO Epoch 3 | Batch 800 | Loss: 1.9695 | LR: 2.99e-04
2026-04-28 09:22:48,251 INFO Epoch 3 | Batch 850 | Loss: 1.6648 | LR: 2.99e-04
2026-04-28 09:23:48,734 INFO Epoch 3 | Batch 900 | Loss: 2.1229 | LR: 2.99e-04
2026-04-28 09:24:48,626 INFO Epoch 3 | Batch 950 | Loss: 1.6212 | LR: 2.99e-04
2026-04-28 09:25:53,390 INFO Epoch 3 | Batch 1000 | Loss: 1.8686 | LR: 2.99e-04
2026-04-28 09:26:54,586 INFO Epoch 3 | Batch 1050 | Loss: 1.5824 | LR: 2.99e-04
2026-04-28 09:27:56,888 INFO Epoch 3 | Batch 1100 | Loss: 2.0710 | LR: 2.99e-04
2026-04-28 09:28:55,346 INFO Epoch 3 | Batch 1150 | Loss: 2.4736 | LR: 2.99e-04
2026-04-28 09:29:55,609 INFO Epoch 3 | Batch 1200 | Loss: 1.6154 | LR: 2.99e-04
2026-04-28 09:31:31,903 INFO Epoch 3 | Train: 1.8672 | Dev CER: 0.4600 | Dev WER: 0.8895 | Time: 1583s | Peak: 43.3 GB
2026-04-28 09:31:31,903 INFO   New best CER: 0.4600
2026-04-28 09:31:33,914 INFO Epoch 4 | Batch 0 | Loss: 2.3538 | LR: 2.99e-04
2026-04-28 09:32:36,385 INFO Epoch 4 | Batch 50 | Loss: 1.8402 | LR: 2.99e-04
2026-04-28 09:33:33,665 INFO Epoch 4 | Batch 100 | Loss: 1.7834 | LR: 2.98e-04
2026-04-28 09:34:36,685 INFO Epoch 4 | Batch 150 | Loss: 1.5532 | LR: 2.98e-04
2026-04-28 09:35:36,945 INFO Epoch 4 | Batch 200 | Loss: 1.8967 | LR: 2.98e-04
2026-04-28 09:36:41,525 INFO Epoch 4 | Batch 250 | Loss: 1.6602 | LR: 2.98e-04
2026-04-28 09:37:42,427 INFO Epoch 4 | Batch 300 | Loss: 1.7165 | LR: 2.98e-04
2026-04-28 09:38:46,734 INFO Epoch 4 | Batch 350 | Loss: 1.6339 | LR: 2.98e-04
2026-04-28 09:39:46,889 INFO Epoch 4 | Batch 400 | Loss: 1.6951 | LR: 2.98e-04
2026-04-28 09:40:47,968 INFO Epoch 4 | Batch 450 | Loss: 1.8818 | LR: 2.98e-04
2026-04-28 09:41:46,862 INFO Epoch 4 | Batch 500 | Loss: 1.7035 | LR: 2.98e-04
2026-04-28 09:42:45,999 INFO Epoch 4 | Batch 550 | Loss: 1.4404 | LR: 2.98e-04
2026-04-28 09:43:48,658 INFO Epoch 4 | Batch 600 | Loss: 1.8252 | LR: 2.98e-04
2026-04-28 09:44:52,051 INFO Epoch 4 | Batch 650 | Loss: 1.9516 | LR: 2.98e-04
2026-04-28 09:45:54,733 INFO Epoch 4 | Batch 700 | Loss: 1.6719 | LR: 2.98e-04
2026-04-28 09:47:00,542 INFO Epoch 4 | Batch 750 | Loss: 1.6590 | LR: 2.98e-04
2026-04-28 09:48:01,571 INFO Epoch 4 | Batch 800 | Loss: 2.0039 | LR: 2.98e-04
2026-04-28 09:49:06,744 INFO Epoch 4 | Batch 850 | Loss: 1.9714 | LR: 2.97e-04
2026-04-28 09:50:07,564 INFO Epoch 4 | Batch 900 | Loss: 1.5631 | LR: 2.97e-04
2026-04-28 09:51:13,176 INFO Epoch 4 | Batch 950 | Loss: 1.5414 | LR: 2.97e-04
2026-04-28 09:52:17,490 INFO Epoch 4 | Batch 1000 | Loss: 1.3162 | LR: 2.97e-04
2026-04-28 09:53:19,878 INFO Epoch 4 | Batch 1050 | Loss: 1.6092 | LR: 2.97e-04
2026-04-28 09:54:20,274 INFO Epoch 4 | Batch 1100 | Loss: 1.8390 | LR: 2.97e-04
2026-04-28 09:55:19,101 INFO Epoch 4 | Batch 1150 | Loss: 1.2335 | LR: 2.97e-04
2026-04-28 09:56:21,612 INFO Epoch 4 | Batch 1200 | Loss: 1.5644 | LR: 2.97e-04
2026-04-28 09:57:56,107 INFO Epoch 4 | Train: 1.7374 | Dev CER: 0.4316 | Dev WER: 0.8679 | Time: 1584s | Peak: 43.3 GB
2026-04-28 09:57:56,108 INFO   New best CER: 0.4316
2026-04-28 09:57:57,954 INFO Epoch 5 | Batch 0 | Loss: 1.9518 | LR: 2.97e-04
2026-04-28 09:59:02,201 INFO Epoch 5 | Batch 50 | Loss: 1.7376 | LR: 2.97e-04
2026-04-28 10:00:00,011 INFO Epoch 5 | Batch 100 | Loss: 1.4417 | LR: 2.97e-04
2026-04-28 10:00:59,509 INFO Epoch 5 | Batch 150 | Loss: 1.3445 | LR: 2.97e-04
2026-04-28 10:02:03,403 INFO Epoch 5 | Batch 200 | Loss: 1.6823 | LR: 2.97e-04
2026-04-28 10:03:09,112 INFO Epoch 5 | Batch 250 | Loss: 1.8743 | LR: 2.97e-04
2026-04-28 10:04:13,158 INFO Epoch 5 | Batch 300 | Loss: 1.5515 | LR: 2.96e-04
2026-04-28 10:05:14,620 INFO Epoch 5 | Batch 350 | Loss: 1.4737 | LR: 2.96e-04
2026-04-28 10:06:15,891 INFO Epoch 5 | Batch 400 | Loss: 1.2233 | LR: 2.96e-04
2026-04-28 10:07:15,597 INFO Epoch 5 | Batch 450 | Loss: 1.8217 | LR: 2.96e-04
2026-04-28 10:08:16,558 INFO Epoch 5 | Batch 500 | Loss: 1.9081 | LR: 2.96e-04
2026-04-28 10:09:20,085 INFO Epoch 5 | Batch 550 | Loss: 2.0757 | LR: 2.96e-04
2026-04-28 10:10:23,733 INFO Epoch 5 | Batch 600 | Loss: 1.8799 | LR: 2.96e-04
2026-04-28 10:11:22,817 INFO Epoch 5 | Batch 650 | Loss: 1.4217 | LR: 2.96e-04
2026-04-28 10:12:25,218 INFO Epoch 5 | Batch 700 | Loss: 1.5813 | LR: 2.96e-04
2026-04-28 10:13:25,707 INFO Epoch 5 | Batch 750 | Loss: 1.7395 | LR: 2.96e-04
2026-04-28 10:14:29,000 INFO Epoch 5 | Batch 800 | Loss: 1.6542 | LR: 2.96e-04
2026-04-28 10:15:32,966 INFO Epoch 5 | Batch 850 | Loss: 1.6601 | LR: 2.95e-04
2026-04-28 10:16:37,147 INFO Epoch 5 | Batch 900 | Loss: 1.3557 | LR: 2.95e-04
2026-04-28 10:17:39,366 INFO Epoch 5 | Batch 950 | Loss: 1.7882 | LR: 2.95e-04
2026-04-28 10:18:40,383 INFO Epoch 5 | Batch 1000 | Loss: 1.7523 | LR: 2.95e-04
2026-04-28 10:19:41,727 INFO Epoch 5 | Batch 1050 | Loss: 1.6068 | LR: 2.95e-04
2026-04-28 10:20:41,656 INFO Epoch 5 | Batch 1100 | Loss: 1.8078 | LR: 2.95e-04
2026-04-28 10:21:40,536 INFO Epoch 5 | Batch 1150 | Loss: 2.0075 | LR: 2.95e-04
2026-04-28 10:22:42,887 INFO Epoch 5 | Batch 1200 | Loss: 1.7415 | LR: 2.95e-04
2026-04-28 10:24:19,971 INFO Epoch 5 | Train: 1.6525 | Dev CER: 0.4021 | Dev WER: 0.8267 | Time: 1583s | Peak: 43.3 GB
2026-04-28 10:24:19,972 INFO   New best CER: 0.4021
2026-04-28 10:24:21,923 INFO Epoch 6 | Batch 0 | Loss: 1.5634 | LR: 2.95e-04
2026-04-28 10:25:24,846 INFO Epoch 6 | Batch 50 | Loss: 1.3260 | LR: 2.95e-04
2026-04-28 10:26:27,237 INFO Epoch 6 | Batch 100 | Loss: 1.5192 | LR: 2.95e-04
2026-04-28 10:27:32,497 INFO Epoch 6 | Batch 150 | Loss: 2.0084 | LR: 2.94e-04
2026-04-28 10:28:30,373 INFO Epoch 6 | Batch 200 | Loss: 1.7799 | LR: 2.94e-04
2026-04-28 10:29:29,232 INFO Epoch 6 | Batch 250 | Loss: 1.7190 | LR: 2.94e-04
2026-04-28 10:30:33,085 INFO Epoch 6 | Batch 300 | Loss: 1.8728 | LR: 2.94e-04
2026-04-28 10:31:37,299 INFO Epoch 6 | Batch 350 | Loss: 1.7860 | LR: 2.94e-04
2026-04-28 10:32:36,096 INFO Epoch 6 | Batch 400 | Loss: 1.5387 | LR: 2.94e-04
2026-04-28 10:33:38,262 INFO Epoch 6 | Batch 450 | Loss: 1.5779 | LR: 2.94e-04
2026-04-28 10:34:40,075 INFO Epoch 6 | Batch 500 | Loss: 1.5421 | LR: 2.94e-04
2026-04-28 10:35:45,142 INFO Epoch 6 | Batch 550 | Loss: 1.2900 | LR: 2.94e-04
2026-04-28 10:36:47,857 INFO Epoch 6 | Batch 600 | Loss: 1.5063 | LR: 2.93e-04
2026-04-28 10:37:48,411 INFO Epoch 6 | Batch 650 | Loss: 1.6314 | LR: 2.93e-04
2026-04-28 10:38:47,481 INFO Epoch 6 | Batch 700 | Loss: 1.7016 | LR: 2.93e-04
2026-04-28 10:39:49,195 INFO Epoch 6 | Batch 750 | Loss: 1.7964 | LR: 2.93e-04
2026-04-28 10:40:53,248 INFO Epoch 6 | Batch 800 | Loss: 1.9682 | LR: 2.93e-04
2026-04-28 10:41:54,251 INFO Epoch 6 | Batch 850 | Loss: 0.9342 | LR: 2.93e-04
2026-04-28 10:42:57,558 INFO Epoch 6 | Batch 900 | Loss: 1.8780 | LR: 2.93e-04
2026-04-28 10:43:55,038 INFO Epoch 6 | Batch 950 | Loss: 1.8501 | LR: 2.93e-04
2026-04-28 10:44:58,008 INFO Epoch 6 | Batch 1000 | Loss: 1.5081 | LR: 2.92e-04
2026-04-28 10:46:03,544 INFO Epoch 6 | Batch 1050 | Loss: 1.6935 | LR: 2.92e-04
2026-04-28 10:47:03,710 INFO Epoch 6 | Batch 1100 | Loss: 1.6943 | LR: 2.92e-04
2026-04-28 10:48:05,117 INFO Epoch 6 | Batch 1150 | Loss: 1.6991 | LR: 2.92e-04
2026-04-28 10:49:08,009 INFO Epoch 6 | Batch 1200 | Loss: 2.1125 | LR: 2.92e-04
2026-04-28 10:50:45,144 INFO Epoch 6 | Train: 1.5755 | Dev CER: 0.3894 | Dev WER: 0.8149 | Time: 1585s | Peak: 43.3 GB
2026-04-28 10:50:45,144 INFO   New best CER: 0.3894
2026-04-28 10:50:47,180 INFO Epoch 7 | Batch 0 | Loss: 1.7280 | LR: 2.92e-04
2026-04-28 10:51:51,155 INFO Epoch 7 | Batch 50 | Loss: 1.5466 | LR: 2.92e-04
2026-04-28 10:52:54,535 INFO Epoch 7 | Batch 100 | Loss: 1.4102 | LR: 2.92e-04
2026-04-28 10:53:56,001 INFO Epoch 7 | Batch 150 | Loss: 1.6250 | LR: 2.92e-04
2026-04-28 10:54:57,641 INFO Epoch 7 | Batch 200 | Loss: 1.0358 | LR: 2.91e-04
2026-04-28 10:55:55,924 INFO Epoch 7 | Batch 250 | Loss: 1.1369 | LR: 2.91e-04
2026-04-28 10:56:57,254 INFO Epoch 7 | Batch 300 | Loss: 1.1848 | LR: 2.91e-04
2026-04-28 10:58:02,344 INFO Epoch 7 | Batch 350 | Loss: 1.4244 | LR: 2.91e-04
2026-04-28 10:59:04,083 INFO Epoch 7 | Batch 400 | Loss: 1.2453 | LR: 2.91e-04
2026-04-28 11:00:06,852 INFO Epoch 7 | Batch 450 | Loss: 1.5183 | LR: 2.91e-04
2026-04-28 11:01:06,052 INFO Epoch 7 | Batch 500 | Loss: 1.7445 | LR: 2.91e-04
2026-04-28 11:02:08,234 INFO Epoch 7 | Batch 550 | Loss: 1.3371 | LR: 2.90e-04
2026-04-28 11:03:12,865 INFO Epoch 7 | Batch 600 | Loss: 1.2227 | LR: 2.90e-04
2026-04-28 11:04:15,349 INFO Epoch 7 | Batch 650 | Loss: 1.3402 | LR: 2.90e-04
2026-04-28 11:05:17,882 INFO Epoch 7 | Batch 700 | Loss: 1.6222 | LR: 2.90e-04
2026-04-28 11:06:17,554 INFO Epoch 7 | Batch 750 | Loss: 2.3279 | LR: 2.90e-04
2026-04-28 11:07:18,566 INFO Epoch 7 | Batch 800 | Loss: 1.2785 | LR: 2.90e-04
2026-04-28 11:08:20,223 INFO Epoch 7 | Batch 850 | Loss: 1.4146 | LR: 2.90e-04
2026-04-28 11:09:20,915 INFO Epoch 7 | Batch 900 | Loss: 1.3294 | LR: 2.89e-04
2026-04-28 11:10:24,478 INFO Epoch 7 | Batch 950 | Loss: 1.5836 | LR: 2.89e-04
2026-04-28 11:11:27,553 INFO Epoch 7 | Batch 1000 | Loss: 1.1580 | LR: 2.89e-04
2026-04-28 11:12:27,374 INFO Epoch 7 | Batch 1050 | Loss: 1.5633 | LR: 2.89e-04
2026-04-28 11:13:26,077 INFO Epoch 7 | Batch 1100 | Loss: 1.5933 | LR: 2.89e-04
2026-04-28 11:14:28,936 INFO Epoch 7 | Batch 1150 | Loss: 1.1613 | LR: 2.89e-04
2026-04-28 11:15:32,737 INFO Epoch 7 | Batch 1200 | Loss: 1.1946 | LR: 2.89e-04
2026-04-28 11:17:09,150 INFO Epoch 7 | Train: 1.5228 | Dev CER: 0.3698 | Dev WER: 0.7818 | Time: 1583s | Peak: 43.3 GB
2026-04-28 11:17:09,150 INFO   New best CER: 0.3698
2026-04-28 11:17:11,077 INFO Epoch 8 | Batch 0 | Loss: 0.8175 | LR: 2.89e-04
2026-04-28 11:18:13,057 INFO Epoch 8 | Batch 50 | Loss: 1.4003 | LR: 2.88e-04
2026-04-28 11:19:16,453 INFO Epoch 8 | Batch 100 | Loss: 1.1807 | LR: 2.88e-04
2026-04-28 11:20:16,530 INFO Epoch 8 | Batch 150 | Loss: 1.1664 | LR: 2.88e-04
2026-04-28 11:21:24,086 INFO Epoch 8 | Batch 200 | Loss: 1.6082 | LR: 2.88e-04
2026-04-28 11:22:25,385 INFO Epoch 8 | Batch 250 | Loss: 1.4783 | LR: 2.88e-04
2026-04-28 11:23:23,978 INFO Epoch 8 | Batch 300 | Loss: 1.9122 | LR: 2.88e-04
2026-04-28 11:24:28,673 INFO Epoch 8 | Batch 350 | Loss: 2.0612 | LR: 2.87e-04
2026-04-28 11:25:29,776 INFO Epoch 8 | Batch 400 | Loss: 1.3222 | LR: 2.87e-04
2026-04-28 11:26:30,948 INFO Epoch 8 | Batch 450 | Loss: 1.3405 | LR: 2.87e-04
2026-04-28 11:27:30,861 INFO Epoch 8 | Batch 500 | Loss: 1.5709 | LR: 2.87e-04
2026-04-28 11:28:32,141 INFO Epoch 8 | Batch 550 | Loss: 0.9579 | LR: 2.87e-04
2026-04-28 11:29:33,457 INFO Epoch 8 | Batch 600 | Loss: 1.5757 | LR: 2.87e-04
2026-04-28 11:30:35,832 INFO Epoch 8 | Batch 650 | Loss: 1.3018 | LR: 2.86e-04
2026-04-28 11:31:38,110 INFO Epoch 8 | Batch 700 | Loss: 1.2059 | LR: 2.86e-04
2026-04-28 11:32:40,615 INFO Epoch 8 | Batch 750 | Loss: 1.6568 | LR: 2.86e-04
2026-04-28 11:33:43,544 INFO Epoch 8 | Batch 800 | Loss: 1.6713 | LR: 2.86e-04
2026-04-28 11:34:46,279 INFO Epoch 8 | Batch 850 | Loss: 1.5886 | LR: 2.86e-04
2026-04-28 11:35:46,519 INFO Epoch 8 | Batch 900 | Loss: 1.2418 | LR: 2.86e-04
2026-04-28 11:36:48,914 INFO Epoch 8 | Batch 950 | Loss: 1.6779 | LR: 2.85e-04
2026-04-28 11:37:50,833 INFO Epoch 8 | Batch 1000 | Loss: 1.4055 | LR: 2.85e-04
2026-04-28 11:38:50,283 INFO Epoch 8 | Batch 1050 | Loss: 1.7487 | LR: 2.85e-04
2026-04-28 11:39:52,122 INFO Epoch 8 | Batch 1100 | Loss: 1.6521 | LR: 2.85e-04
2026-04-28 11:40:54,806 INFO Epoch 8 | Batch 1150 | Loss: 1.3316 | LR: 2.85e-04
2026-04-28 11:41:58,667 INFO Epoch 8 | Batch 1200 | Loss: 1.1887 | LR: 2.85e-04
2026-04-28 11:43:33,549 INFO Epoch 8 | Train: 1.4767 | Dev CER: 0.3593 | Dev WER: 0.7715 | Time: 1584s | Peak: 43.3 GB
2026-04-28 11:43:33,549 INFO   New best CER: 0.3593
2026-04-28 11:43:35,611 INFO Epoch 9 | Batch 0 | Loss: 1.5082 | LR: 2.85e-04
2026-04-28 11:44:35,282 INFO Epoch 9 | Batch 50 | Loss: 1.4106 | LR: 2.84e-04
2026-04-28 11:45:39,521 INFO Epoch 9 | Batch 100 | Loss: 1.0354 | LR: 2.84e-04
2026-04-28 11:46:40,745 INFO Epoch 9 | Batch 150 | Loss: 1.5256 | LR: 2.84e-04
2026-04-28 11:47:43,112 INFO Epoch 9 | Batch 200 | Loss: 1.0062 | LR: 2.84e-04
2026-04-28 11:48:42,381 INFO Epoch 9 | Batch 250 | Loss: 1.7750 | LR: 2.84e-04
2026-04-28 11:49:40,144 INFO Epoch 9 | Batch 300 | Loss: 1.7407 | LR: 2.84e-04
2026-04-28 11:50:42,066 INFO Epoch 9 | Batch 350 | Loss: 1.3840 | LR: 2.83e-04
2026-04-28 11:51:44,324 INFO Epoch 9 | Batch 400 | Loss: 1.5881 | LR: 2.83e-04
2026-04-28 11:52:45,995 INFO Epoch 9 | Batch 450 | Loss: 1.3487 | LR: 2.83e-04
2026-04-28 11:53:48,927 INFO Epoch 9 | Batch 500 | Loss: 1.8336 | LR: 2.83e-04
2026-04-28 11:54:49,315 INFO Epoch 9 | Batch 550 | Loss: 1.2112 | LR: 2.83e-04
2026-04-28 11:55:51,116 INFO Epoch 9 | Batch 600 | Loss: 1.2762 | LR: 2.82e-04
2026-04-28 11:56:54,362 INFO Epoch 9 | Batch 650 | Loss: 1.4586 | LR: 2.82e-04
2026-04-28 11:57:59,807 INFO Epoch 9 | Batch 700 | Loss: 1.5238 | LR: 2.82e-04
2026-04-28 11:58:59,266 INFO Epoch 9 | Batch 750 | Loss: 2.0211 | LR: 2.82e-04
2026-04-28 12:00:03,091 INFO Epoch 9 | Batch 800 | Loss: 1.1979 | LR: 2.82e-04
2026-04-28 12:01:03,573 INFO Epoch 9 | Batch 850 | Loss: 1.5066 | LR: 2.81e-04
2026-04-28 12:02:06,739 INFO Epoch 9 | Batch 900 | Loss: 1.2473 | LR: 2.81e-04
2026-04-28 12:03:12,378 INFO Epoch 9 | Batch 950 | Loss: 1.4393 | LR: 2.81e-04
2026-04-28 12:04:14,258 INFO Epoch 9 | Batch 1000 | Loss: 1.0923 | LR: 2.81e-04
2026-04-28 12:05:15,281 INFO Epoch 9 | Batch 1050 | Loss: 1.7475 | LR: 2.81e-04
2026-04-28 12:06:17,548 INFO Epoch 9 | Batch 1100 | Loss: 1.1514 | LR: 2.81e-04
2026-04-28 12:07:18,556 INFO Epoch 9 | Batch 1150 | Loss: 1.0950 | LR: 2.80e-04
2026-04-28 12:08:21,529 INFO Epoch 9 | Batch 1200 | Loss: 1.1476 | LR: 2.80e-04
2026-04-28 12:09:57,954 INFO Epoch 9 | Train: 1.4391 | Dev CER: 0.3488 | Dev WER: 0.7556 | Time: 1584s | Peak: 43.3 GB
2026-04-28 12:09:57,954 INFO   New best CER: 0.3488
2026-04-28 12:09:59,850 INFO Epoch 10 | Batch 0 | Loss: 0.9704 | LR: 2.80e-04
2026-04-28 12:11:02,172 INFO Epoch 10 | Batch 50 | Loss: 1.2700 | LR: 2.80e-04
2026-04-28 12:12:04,155 INFO Epoch 10 | Batch 100 | Loss: 1.1955 | LR: 2.80e-04
2026-04-28 12:13:04,252 INFO Epoch 10 | Batch 150 | Loss: 1.2705 | LR: 2.79e-04
2026-04-28 12:14:06,739 INFO Epoch 10 | Batch 200 | Loss: 1.6658 | LR: 2.79e-04
2026-04-28 12:15:05,076 INFO Epoch 10 | Batch 250 | Loss: 1.1135 | LR: 2.79e-04
2026-04-28 12:16:06,986 INFO Epoch 10 | Batch 300 | Loss: 1.9916 | LR: 2.79e-04
2026-04-28 12:17:08,271 INFO Epoch 10 | Batch 350 | Loss: 1.0941 | LR: 2.79e-04
2026-04-28 12:18:08,967 INFO Epoch 10 | Batch 400 | Loss: 1.3285 | LR: 2.78e-04
2026-04-28 12:19:10,310 INFO Epoch 10 | Batch 450 | Loss: 1.5693 | LR: 2.78e-04
2026-04-28 12:20:11,605 INFO Epoch 10 | Batch 500 | Loss: 1.5696 | LR: 2.78e-04
2026-04-28 12:21:12,941 INFO Epoch 10 | Batch 550 | Loss: 0.9081 | LR: 2.78e-04
2026-04-28 12:22:12,641 INFO Epoch 10 | Batch 600 | Loss: 1.5378 | LR: 2.78e-04
2026-04-28 12:23:15,636 INFO Epoch 10 | Batch 650 | Loss: 1.0729 | LR: 2.77e-04
2026-04-28 12:24:15,960 INFO Epoch 10 | Batch 700 | Loss: 1.1268 | LR: 2.77e-04
2026-04-28 12:25:16,401 INFO Epoch 10 | Batch 750 | Loss: 1.4455 | LR: 2.77e-04
2026-04-28 12:26:17,322 INFO Epoch 10 | Batch 800 | Loss: 1.4285 | LR: 2.77e-04
2026-04-28 12:27:19,410 INFO Epoch 10 | Batch 850 | Loss: 1.2244 | LR: 2.77e-04
2026-04-28 12:28:23,420 INFO Epoch 10 | Batch 900 | Loss: 1.5664 | LR: 2.76e-04
2026-04-28 12:29:30,985 INFO Epoch 10 | Batch 950 | Loss: 1.2029 | LR: 2.76e-04
2026-04-28 12:30:35,549 INFO Epoch 10 | Batch 1000 | Loss: 1.3585 | LR: 2.76e-04
2026-04-28 12:31:36,014 INFO Epoch 10 | Batch 1050 | Loss: 1.1299 | LR: 2.76e-04
2026-04-28 12:32:36,979 INFO Epoch 10 | Batch 1100 | Loss: 1.4841 | LR: 2.76e-04
2026-04-28 12:33:42,792 INFO Epoch 10 | Batch 1150 | Loss: 1.1221 | LR: 2.75e-04
2026-04-28 12:34:44,310 INFO Epoch 10 | Batch 1200 | Loss: 1.3905 | LR: 2.75e-04
2026-04-28 12:36:21,357 INFO Epoch 10 | Train: 1.3974 | Dev CER: 0.3386 | Dev WER: 0.7475 | Time: 1583s | Peak: 43.3 GB
2026-04-28 12:36:21,357 INFO   New best CER: 0.3386
2026-04-28 12:36:23,486 INFO Epoch 11 | Batch 0 | Loss: 0.7000 | LR: 2.75e-04
2026-04-28 12:37:26,995 INFO Epoch 11 | Batch 50 | Loss: 1.6786 | LR: 2.75e-04
2026-04-28 12:38:28,975 INFO Epoch 11 | Batch 100 | Loss: 1.3558 | LR: 2.75e-04
2026-04-28 12:39:30,061 INFO Epoch 11 | Batch 150 | Loss: 1.5367 | LR: 2.74e-04
2026-04-28 12:40:33,653 INFO Epoch 11 | Batch 200 | Loss: 1.1894 | LR: 2.74e-04
2026-04-28 12:41:34,530 INFO Epoch 11 | Batch 250 | Loss: 1.2551 | LR: 2.74e-04
2026-04-28 12:42:35,858 INFO Epoch 11 | Batch 300 | Loss: 1.0804 | LR: 2.74e-04
2026-04-28 12:43:35,935 INFO Epoch 11 | Batch 350 | Loss: 1.3982 | LR: 2.73e-04
2026-04-28 12:44:41,666 INFO Epoch 11 | Batch 400 | Loss: 1.3074 | LR: 2.73e-04
2026-04-28 12:45:42,099 INFO Epoch 11 | Batch 450 | Loss: 1.1364 | LR: 2.73e-04
2026-04-28 12:46:44,634 INFO Epoch 11 | Batch 500 | Loss: 1.3940 | LR: 2.73e-04
2026-04-28 12:47:48,082 INFO Epoch 11 | Batch 550 | Loss: 1.2695 | LR: 2.73e-04
2026-04-28 12:48:49,762 INFO Epoch 11 | Batch 600 | Loss: 1.0644 | LR: 2.72e-04
2026-04-28 12:49:44,778 INFO Epoch 11 | Batch 650 | Loss: 1.4507 | LR: 2.72e-04
2026-04-28 12:50:47,206 INFO Epoch 11 | Batch 700 | Loss: 1.4548 | LR: 2.72e-04
2026-04-28 12:51:47,752 INFO Epoch 11 | Batch 750 | Loss: 1.1675 | LR: 2.72e-04
2026-04-28 12:52:50,635 INFO Epoch 11 | Batch 800 | Loss: 1.3904 | LR: 2.71e-04
2026-04-28 12:53:51,601 INFO Epoch 11 | Batch 850 | Loss: 1.5050 | LR: 2.71e-04
2026-04-28 12:54:56,812 INFO Epoch 11 | Batch 900 | Loss: 1.1959 | LR: 2.71e-04
2026-04-28 12:56:00,447 INFO Epoch 11 | Batch 950 | Loss: 1.8857 | LR: 2.71e-04
2026-04-28 12:57:08,637 INFO Epoch 11 | Batch 1000 | Loss: 1.5135 | LR: 2.71e-04
2026-04-28 12:58:09,084 INFO Epoch 11 | Batch 1050 | Loss: 1.5107 | LR: 2.70e-04
2026-04-28 12:59:08,787 INFO Epoch 11 | Batch 1100 | Loss: 1.5378 | LR: 2.70e-04
2026-04-28 13:00:09,712 INFO Epoch 11 | Batch 1150 | Loss: 1.4756 | LR: 2.70e-04
2026-04-28 13:01:10,878 INFO Epoch 11 | Batch 1200 | Loss: 1.0767 | LR: 2.70e-04
2026-04-28 13:02:45,853 INFO Epoch 11 | Train: 1.3744 | Dev CER: 0.3350 | Dev WER: 0.7343 | Time: 1584s | Peak: 43.3 GB
2026-04-28 13:02:45,853 INFO   New best CER: 0.3350
2026-04-28 13:02:48,101 INFO Epoch 12 | Batch 0 | Loss: 1.5332 | LR: 2.70e-04
2026-04-28 13:03:51,010 INFO Epoch 12 | Batch 50 | Loss: 1.2361 | LR: 2.69e-04
2026-04-28 13:04:54,314 INFO Epoch 12 | Batch 100 | Loss: 1.4174 | LR: 2.69e-04
2026-04-28 13:05:52,464 INFO Epoch 12 | Batch 150 | Loss: 1.8504 | LR: 2.69e-04
2026-04-28 13:06:53,581 INFO Epoch 12 | Batch 200 | Loss: 0.8195 | LR: 2.69e-04
2026-04-28 13:07:54,360 INFO Epoch 12 | Batch 250 | Loss: 1.1441 | LR: 2.68e-04
2026-04-28 13:08:54,603 INFO Epoch 12 | Batch 300 | Loss: 0.8650 | LR: 2.68e-04
2026-04-28 13:09:53,757 INFO Epoch 12 | Batch 350 | Loss: 1.1083 | LR: 2.68e-04
2026-04-28 13:10:59,356 INFO Epoch 12 | Batch 400 | Loss: 1.4185 | LR: 2.68e-04
2026-04-28 13:12:03,746 INFO Epoch 12 | Batch 450 | Loss: 1.1430 | LR: 2.67e-04
2026-04-28 13:13:04,972 INFO Epoch 12 | Batch 500 | Loss: 0.8512 | LR: 2.67e-04
2026-04-28 13:14:03,400 INFO Epoch 12 | Batch 550 | Loss: 0.8710 | LR: 2.67e-04
2026-04-28 13:15:06,529 INFO Epoch 12 | Batch 600 | Loss: 1.4945 | LR: 2.67e-04
2026-04-28 13:16:10,822 INFO Epoch 12 | Batch 650 | Loss: 1.9143 | LR: 2.66e-04
2026-04-28 13:17:13,661 INFO Epoch 12 | Batch 700 | Loss: 1.1420 | LR: 2.66e-04
2026-04-28 13:18:15,956 INFO Epoch 12 | Batch 750 | Loss: 1.6488 | LR: 2.66e-04
2026-04-28 13:19:19,933 INFO Epoch 12 | Batch 800 | Loss: 0.9120 | LR: 2.66e-04
2026-04-28 13:20:19,251 INFO Epoch 12 | Batch 850 | Loss: 1.3002 | LR: 2.65e-04
2026-04-28 13:21:19,644 INFO Epoch 12 | Batch 900 | Loss: 1.0973 | LR: 2.65e-04
2026-04-28 13:22:19,120 INFO Epoch 12 | Batch 950 | Loss: 1.4877 | LR: 2.65e-04
2026-04-28 13:23:23,460 INFO Epoch 12 | Batch 1000 | Loss: 1.2901 | LR: 2.65e-04
2026-04-28 13:24:24,413 INFO Epoch 12 | Batch 1050 | Loss: 1.4571 | LR: 2.64e-04
2026-04-28 13:25:27,040 INFO Epoch 12 | Batch 1100 | Loss: 1.6703 | LR: 2.64e-04
2026-04-28 13:26:33,057 INFO Epoch 12 | Batch 1150 | Loss: 1.7445 | LR: 2.64e-04
2026-04-28 13:27:34,815 INFO Epoch 12 | Batch 1200 | Loss: 1.6677 | LR: 2.64e-04
2026-04-28 13:29:10,434 INFO Epoch 12 | Train: 1.3413 | Dev CER: 0.3219 | Dev WER: 0.7202 | Time: 1584s | Peak: 43.3 GB
2026-04-28 13:29:10,434 INFO   New best CER: 0.3219
2026-04-28 13:29:13,214 INFO Epoch 13 | Batch 0 | Loss: 1.7700 | LR: 2.63e-04
2026-04-28 13:30:12,968 INFO Epoch 13 | Batch 50 | Loss: 1.5139 | LR: 2.63e-04
2026-04-28 13:31:13,287 INFO Epoch 13 | Batch 100 | Loss: 1.1233 | LR: 2.63e-04
2026-04-28 13:32:16,498 INFO Epoch 13 | Batch 150 | Loss: 1.1520 | LR: 2.63e-04
2026-04-28 13:33:17,302 INFO Epoch 13 | Batch 200 | Loss: 1.1071 | LR: 2.62e-04
2026-04-28 13:34:18,198 INFO Epoch 13 | Batch 250 | Loss: 1.2680 | LR: 2.62e-04
2026-04-28 13:35:18,681 INFO Epoch 13 | Batch 300 | Loss: 1.5344 | LR: 2.62e-04
2026-04-28 13:36:24,689 INFO Epoch 13 | Batch 350 | Loss: 0.9834 | LR: 2.62e-04
2026-04-28 13:37:25,277 INFO Epoch 13 | Batch 400 | Loss: 1.0368 | LR: 2.61e-04
2026-04-28 13:38:33,419 INFO Epoch 13 | Batch 450 | Loss: 1.1571 | LR: 2.61e-04
2026-04-28 13:39:32,672 INFO Epoch 13 | Batch 500 | Loss: 1.2551 | LR: 2.61e-04
2026-04-28 13:40:33,033 INFO Epoch 13 | Batch 550 | Loss: 0.9158 | LR: 2.61e-04
2026-04-28 13:41:32,110 INFO Epoch 13 | Batch 600 | Loss: 1.2151 | LR: 2.60e-04
2026-04-28 13:42:34,567 INFO Epoch 13 | Batch 650 | Loss: 1.7302 | LR: 2.60e-04
2026-04-28 13:43:38,385 INFO Epoch 13 | Batch 700 | Loss: 1.3736 | LR: 2.60e-04
2026-04-28 13:44:39,621 INFO Epoch 13 | Batch 750 | Loss: 1.4551 | LR: 2.60e-04
2026-04-28 13:45:43,659 INFO Epoch 13 | Batch 800 | Loss: 1.5576 | LR: 2.59e-04
2026-04-28 13:46:41,649 INFO Epoch 13 | Batch 850 | Loss: 1.5765 | LR: 2.59e-04
2026-04-28 13:47:47,153 INFO Epoch 13 | Batch 900 | Loss: 1.1371 | LR: 2.59e-04
2026-04-28 13:48:45,943 INFO Epoch 13 | Batch 950 | Loss: 1.0931 | LR: 2.58e-04
2026-04-28 13:49:45,965 INFO Epoch 13 | Batch 1000 | Loss: 1.4842 | LR: 2.58e-04
2026-04-28 13:50:49,006 INFO Epoch 13 | Batch 1050 | Loss: 1.3371 | LR: 2.58e-04
2026-04-28 13:51:51,649 INFO Epoch 13 | Batch 1100 | Loss: 1.5893 | LR: 2.58e-04
2026-04-28 13:52:56,012 INFO Epoch 13 | Batch 1150 | Loss: 0.9548 | LR: 2.57e-04
2026-04-28 13:53:57,828 INFO Epoch 13 | Batch 1200 | Loss: 1.7297 | LR: 2.57e-04
2026-04-28 13:55:35,018 INFO Epoch 13 | Train: 1.3222 | Dev CER: 0.3157 | Dev WER: 0.7076 | Time: 1584s | Peak: 43.3 GB
2026-04-28 13:55:35,018 INFO   New best CER: 0.3157
2026-04-28 13:55:37,434 INFO Epoch 14 | Batch 0 | Loss: 1.1013 | LR: 2.57e-04
2026-04-28 13:56:38,698 INFO Epoch 14 | Batch 50 | Loss: 1.1309 | LR: 2.57e-04
2026-04-28 13:57:42,113 INFO Epoch 14 | Batch 100 | Loss: 1.5402 | LR: 2.56e-04
2026-04-28 13:58:45,173 INFO Epoch 14 | Batch 150 | Loss: 1.4270 | LR: 2.56e-04
2026-04-28 13:59:45,960 INFO Epoch 14 | Batch 200 | Loss: 1.0548 | LR: 2.56e-04
2026-04-28 14:00:46,845 INFO Epoch 14 | Batch 250 | Loss: 1.2205 | LR: 2.56e-04
2026-04-28 14:01:47,451 INFO Epoch 14 | Batch 300 | Loss: 1.2169 | LR: 2.55e-04
2026-04-28 14:02:48,217 INFO Epoch 14 | Batch 350 | Loss: 1.1766 | LR: 2.55e-04
2026-04-28 14:03:47,343 INFO Epoch 14 | Batch 400 | Loss: 1.0739 | LR: 2.55e-04
2026-04-28 14:04:49,121 INFO Epoch 14 | Batch 450 | Loss: 1.6215 | LR: 2.54e-04
2026-04-28 14:05:50,382 INFO Epoch 14 | Batch 500 | Loss: 1.1734 | LR: 2.54e-04
2026-04-28 14:06:52,869 INFO Epoch 14 | Batch 550 | Loss: 1.5726 | LR: 2.54e-04
2026-04-28 14:07:52,048 INFO Epoch 14 | Batch 600 | Loss: 1.5026 | LR: 2.54e-04
2026-04-28 14:08:55,614 INFO Epoch 14 | Batch 650 | Loss: 0.8921 | LR: 2.53e-04
2026-04-28 14:09:59,104 INFO Epoch 14 | Batch 700 | Loss: 0.9473 | LR: 2.53e-04
2026-04-28 14:10:58,930 INFO Epoch 14 | Batch 750 | Loss: 1.3429 | LR: 2.53e-04
2026-04-28 14:12:03,324 INFO Epoch 14 | Batch 800 | Loss: 1.4928 | LR: 2.52e-04
2026-04-28 14:13:04,456 INFO Epoch 14 | Batch 850 | Loss: 0.9233 | LR: 2.52e-04
2026-04-28 14:14:05,704 INFO Epoch 14 | Batch 900 | Loss: 1.6009 | LR: 2.52e-04
2026-04-28 14:15:08,666 INFO Epoch 14 | Batch 950 | Loss: 1.7474 | LR: 2.52e-04
2026-04-28 14:16:10,757 INFO Epoch 14 | Batch 1000 | Loss: 1.6688 | LR: 2.51e-04
2026-04-28 14:17:13,937 INFO Epoch 14 | Batch 1050 | Loss: 1.1795 | LR: 2.51e-04
2026-04-28 14:18:17,124 INFO Epoch 14 | Batch 1100 | Loss: 1.4167 | LR: 2.51e-04
2026-04-28 14:19:21,528 INFO Epoch 14 | Batch 1150 | Loss: 0.7813 | LR: 2.50e-04
2026-04-28 14:20:24,343 INFO Epoch 14 | Batch 1200 | Loss: 1.0269 | LR: 2.50e-04
2026-04-28 14:21:59,048 INFO Epoch 14 | Train: 1.2888 | Dev CER: 0.3078 | Dev WER: 0.6987 | Time: 1584s | Peak: 43.3 GB
2026-04-28 14:21:59,048 INFO   New best CER: 0.3078
2026-04-28 14:22:01,525 INFO Epoch 15 | Batch 0 | Loss: 1.3371 | LR: 2.50e-04
2026-04-28 14:23:05,562 INFO Epoch 15 | Batch 50 | Loss: 1.0493 | LR: 2.50e-04
2026-04-28 14:24:05,660 INFO Epoch 15 | Batch 100 | Loss: 1.2005 | LR: 2.50e-04
2026-04-28 14:25:06,793 INFO Epoch 15 | Batch 150 | Loss: 1.5155 | LR: 2.49e-04
2026-04-28 14:26:07,520 INFO Epoch 15 | Batch 200 | Loss: 1.3087 | LR: 2.49e-04
2026-04-28 14:27:08,146 INFO Epoch 15 | Batch 250 | Loss: 1.3502 | LR: 2.49e-04
2026-04-28 14:28:08,148 INFO Epoch 15 | Batch 300 | Loss: 0.5675 | LR: 2.48e-04
2026-04-28 14:29:09,569 INFO Epoch 15 | Batch 350 | Loss: 1.0865 | LR: 2.48e-04
2026-04-28 14:30:14,190 INFO Epoch 15 | Batch 400 | Loss: 0.3360 | LR: 2.48e-04
2026-04-28 14:31:14,870 INFO Epoch 15 | Batch 450 | Loss: 0.9999 | LR: 2.47e-04
2026-04-28 14:32:17,143 INFO Epoch 15 | Batch 500 | Loss: 1.4189 | LR: 2.47e-04
2026-04-28 14:33:18,103 INFO Epoch 15 | Batch 550 | Loss: 0.6051 | LR: 2.47e-04
2026-04-28 14:34:21,224 INFO Epoch 15 | Batch 600 | Loss: 1.0325 | LR: 2.47e-04
2026-04-28 14:35:25,305 INFO Epoch 15 | Batch 650 | Loss: 0.9184 | LR: 2.46e-04
2026-04-28 14:36:26,638 INFO Epoch 15 | Batch 700 | Loss: 1.6094 | LR: 2.46e-04
2026-04-28 14:37:28,200 INFO Epoch 15 | Batch 750 | Loss: 1.3675 | LR: 2.46e-04
2026-04-28 14:38:28,864 INFO Epoch 15 | Batch 800 | Loss: 1.5818 | LR: 2.45e-04
2026-04-28 14:39:33,730 INFO Epoch 15 | Batch 850 | Loss: 0.8847 | LR: 2.45e-04
2026-04-28 14:40:36,420 INFO Epoch 15 | Batch 900 | Loss: 1.2928 | LR: 2.45e-04
2026-04-28 14:41:36,318 INFO Epoch 15 | Batch 950 | Loss: 1.2019 | LR: 2.44e-04
2026-04-28 14:42:36,965 INFO Epoch 15 | Batch 1000 | Loss: 1.4289 | LR: 2.44e-04
2026-04-28 14:43:39,342 INFO Epoch 15 | Batch 1050 | Loss: 1.2837 | LR: 2.44e-04
2026-04-28 14:44:42,323 INFO Epoch 15 | Batch 1100 | Loss: 0.9412 | LR: 2.43e-04
2026-04-28 14:45:43,673 INFO Epoch 15 | Batch 1150 | Loss: 0.8080 | LR: 2.43e-04
2026-04-28 14:46:46,556 INFO Epoch 15 | Batch 1200 | Loss: 1.7481 | LR: 2.43e-04
2026-04-28 14:48:22,611 INFO Epoch 15 | Train: 1.2881 | Dev CER: 0.3048 | Dev WER: 0.6965 | Time: 1583s | Peak: 43.3 GB
2026-04-28 14:48:22,612 INFO   New best CER: 0.3048
2026-04-28 14:48:24,175 INFO Epoch 16 | Batch 0 | Loss: 2.2922 | LR: 2.43e-04
2026-04-28 14:49:25,609 INFO Epoch 16 | Batch 50 | Loss: 1.4867 | LR: 2.42e-04
2026-04-28 14:50:25,501 INFO Epoch 16 | Batch 100 | Loss: 1.5246 | LR: 2.42e-04
2026-04-28 14:51:24,052 INFO Epoch 16 | Batch 150 | Loss: 1.7938 | LR: 2.42e-04
2026-04-28 14:52:23,718 INFO Epoch 16 | Batch 200 | Loss: 1.0313 | LR: 2.42e-04
2026-04-28 14:53:30,088 INFO Epoch 16 | Batch 250 | Loss: 1.3821 | LR: 2.41e-04
2026-04-28 14:54:29,718 INFO Epoch 16 | Batch 300 | Loss: 1.4268 | LR: 2.41e-04
2026-04-28 14:55:33,966 INFO Epoch 16 | Batch 350 | Loss: 2.1475 | LR: 2.41e-04
2026-04-28 14:56:38,437 INFO Epoch 16 | Batch 400 | Loss: 0.4734 | LR: 2.40e-04
2026-04-28 14:57:40,650 INFO Epoch 16 | Batch 450 | Loss: 0.8694 | LR: 2.40e-04
2026-04-28 14:58:40,366 INFO Epoch 16 | Batch 500 | Loss: 1.9607 | LR: 2.40e-04
2026-04-28 14:59:41,290 INFO Epoch 16 | Batch 550 | Loss: 1.0441 | LR: 2.39e-04
2026-04-28 15:00:42,166 INFO Epoch 16 | Batch 600 | Loss: 1.0686 | LR: 2.39e-04
2026-04-28 15:01:47,408 INFO Epoch 16 | Batch 650 | Loss: 1.9113 | LR: 2.39e-04
2026-04-28 15:02:50,080 INFO Epoch 16 | Batch 700 | Loss: 1.0373 | LR: 2.38e-04
2026-04-28 15:03:53,967 INFO Epoch 16 | Batch 750 | Loss: 1.0683 | LR: 2.38e-04
2026-04-28 15:04:55,040 INFO Epoch 16 | Batch 800 | Loss: 1.1366 | LR: 2.38e-04
2026-04-28 15:05:52,286 INFO Epoch 16 | Batch 850 | Loss: 0.9420 | LR: 2.37e-04
2026-04-28 15:06:53,856 INFO Epoch 16 | Batch 900 | Loss: 2.0846 | LR: 2.37e-04
2026-04-28 15:07:59,332 INFO Epoch 16 | Batch 950 | Loss: 1.7220 | LR: 2.37e-04
2026-04-28 15:09:00,258 INFO Epoch 16 | Batch 1000 | Loss: 1.1696 | LR: 2.36e-04
2026-04-28 15:10:03,644 INFO Epoch 16 | Batch 1050 | Loss: 1.5460 | LR: 2.36e-04
2026-04-28 15:11:04,408 INFO Epoch 16 | Batch 1100 | Loss: 1.4219 | LR: 2.36e-04
2026-04-28 15:12:06,471 INFO Epoch 16 | Batch 1150 | Loss: 1.2526 | LR: 2.35e-04
2026-04-28 15:13:11,437 INFO Epoch 16 | Batch 1200 | Loss: 1.5156 | LR: 2.35e-04
2026-04-28 15:14:47,629 INFO Epoch 16 | Train: 1.2624 | Dev CER: 0.2992 | Dev WER: 0.6833 | Time: 1584s | Peak: 43.3 GB
2026-04-28 15:14:47,629 INFO   New best CER: 0.2992
2026-04-28 15:14:49,914 INFO Epoch 17 | Batch 0 | Loss: 1.0938 | LR: 2.35e-04
2026-04-28 15:15:49,750 INFO Epoch 17 | Batch 50 | Loss: 1.8084 | LR: 2.35e-04
2026-04-28 15:16:51,752 INFO Epoch 17 | Batch 100 | Loss: 1.0671 | LR: 2.34e-04
2026-04-28 15:17:52,411 INFO Epoch 17 | Batch 150 | Loss: 1.3811 | LR: 2.34e-04
2026-04-28 15:18:56,085 INFO Epoch 17 | Batch 200 | Loss: 1.5707 | LR: 2.34e-04
2026-04-28 15:19:59,012 INFO Epoch 17 | Batch 250 | Loss: 1.2053 | LR: 2.33e-04
2026-04-28 15:21:02,414 INFO Epoch 17 | Batch 300 | Loss: 1.4466 | LR: 2.33e-04
2026-04-28 15:22:07,234 INFO Epoch 17 | Batch 350 | Loss: 0.9465 | LR: 2.33e-04
2026-04-28 15:23:13,264 INFO Epoch 17 | Batch 400 | Loss: 0.8506 | LR: 2.32e-04
2026-04-28 15:24:13,273 INFO Epoch 17 | Batch 450 | Loss: 0.9658 | LR: 2.32e-04
2026-04-28 15:25:11,128 INFO Epoch 17 | Batch 500 | Loss: 1.1280 | LR: 2.32e-04
2026-04-28 15:26:14,693 INFO Epoch 17 | Batch 550 | Loss: 0.8728 | LR: 2.31e-04
2026-04-28 15:27:18,495 INFO Epoch 17 | Batch 600 | Loss: 0.9129 | LR: 2.31e-04
2026-04-28 15:28:18,973 INFO Epoch 17 | Batch 650 | Loss: 1.3395 | LR: 2.31e-04
2026-04-28 15:29:23,030 INFO Epoch 17 | Batch 700 | Loss: 1.1791 | LR: 2.30e-04
2026-04-28 15:30:25,640 INFO Epoch 17 | Batch 750 | Loss: 0.8712 | LR: 2.30e-04
2026-04-28 15:31:26,051 INFO Epoch 17 | Batch 800 | Loss: 1.3520 | LR: 2.30e-04
2026-04-28 15:32:27,483 INFO Epoch 17 | Batch 850 | Loss: 1.3353 | LR: 2.29e-04
2026-04-28 15:33:28,202 INFO Epoch 17 | Batch 900 | Loss: 1.4594 | LR: 2.29e-04
2026-04-28 15:34:27,342 INFO Epoch 17 | Batch 950 | Loss: 1.8157 | LR: 2.29e-04
2026-04-28 15:35:31,823 INFO Epoch 17 | Batch 1000 | Loss: 0.9305 | LR: 2.28e-04
2026-04-28 15:36:35,073 INFO Epoch 17 | Batch 1050 | Loss: 1.2746 | LR: 2.28e-04
2026-04-28 15:37:37,909 INFO Epoch 17 | Batch 1100 | Loss: 1.0362 | LR: 2.28e-04
2026-04-28 15:38:37,409 INFO Epoch 17 | Batch 1150 | Loss: 0.8912 | LR: 2.27e-04
2026-04-28 15:39:36,784 INFO Epoch 17 | Batch 1200 | Loss: 0.6610 | LR: 2.27e-04
2026-04-28 15:41:12,099 INFO Epoch 17 | Train: 1.2405 | Dev CER: 0.2926 | Dev WER: 0.6728 | Time: 1584s | Peak: 43.3 GB
2026-04-28 15:41:12,099 INFO   New best CER: 0.2926
2026-04-28 15:41:14,309 INFO Epoch 18 | Batch 0 | Loss: 1.0472 | LR: 2.27e-04
2026-04-28 15:42:17,375 INFO Epoch 18 | Batch 50 | Loss: 1.7007 | LR: 2.27e-04
2026-04-28 15:43:21,461 INFO Epoch 18 | Batch 100 | Loss: 1.3053 | LR: 2.26e-04
2026-04-28 15:44:22,391 INFO Epoch 18 | Batch 150 | Loss: 1.3404 | LR: 2.26e-04
2026-04-28 15:45:23,948 INFO Epoch 18 | Batch 200 | Loss: 1.3936 | LR: 2.26e-04
2026-04-28 15:46:22,358 INFO Epoch 18 | Batch 250 | Loss: 1.6916 | LR: 2.25e-04
2026-04-28 15:47:22,805 INFO Epoch 18 | Batch 300 | Loss: 0.9404 | LR: 2.25e-04
2026-04-28 15:48:24,732 INFO Epoch 18 | Batch 350 | Loss: 1.2979 | LR: 2.25e-04
2026-04-28 15:49:29,519 INFO Epoch 18 | Batch 400 | Loss: 0.9404 | LR: 2.24e-04
2026-04-28 15:50:30,766 INFO Epoch 18 | Batch 450 | Loss: 1.0700 | LR: 2.24e-04
2026-04-28 15:51:32,818 INFO Epoch 18 | Batch 500 | Loss: 1.3641 | LR: 2.24e-04
2026-04-28 15:52:34,471 INFO Epoch 18 | Batch 550 | Loss: 1.0755 | LR: 2.23e-04
2026-04-28 15:53:35,764 INFO Epoch 18 | Batch 600 | Loss: 1.1558 | LR: 2.23e-04
2026-04-28 15:54:39,243 INFO Epoch 18 | Batch 650 | Loss: 1.2174 | LR: 2.23e-04
2026-04-28 15:55:43,687 INFO Epoch 18 | Batch 700 | Loss: 1.2729 | LR: 2.22e-04
2026-04-28 15:56:46,367 INFO Epoch 18 | Batch 750 | Loss: 0.9271 | LR: 2.22e-04
2026-04-28 15:57:46,012 INFO Epoch 18 | Batch 800 | Loss: 0.9571 | LR: 2.22e-04
2026-04-28 15:58:45,218 INFO Epoch 18 | Batch 850 | Loss: 1.1827 | LR: 2.21e-04
2026-04-28 15:59:49,002 INFO Epoch 18 | Batch 900 | Loss: 0.9818 | LR: 2.21e-04
2026-04-28 16:00:51,842 INFO Epoch 18 | Batch 950 | Loss: 1.1016 | LR: 2.21e-04
2026-04-28 16:01:55,301 INFO Epoch 18 | Batch 1000 | Loss: 1.0172 | LR: 2.20e-04
2026-04-28 16:02:58,526 INFO Epoch 18 | Batch 1050 | Loss: 1.0349 | LR: 2.20e-04
2026-04-28 16:03:56,692 INFO Epoch 18 | Batch 1100 | Loss: 1.2254 | LR: 2.19e-04
2026-04-28 16:04:59,191 INFO Epoch 18 | Batch 1150 | Loss: 0.6416 | LR: 2.19e-04
2026-04-28 16:06:01,542 INFO Epoch 18 | Batch 1200 | Loss: 1.1225 | LR: 2.19e-04
2026-04-28 16:07:36,400 INFO Epoch 18 | Train: 1.2122 | Dev CER: 0.2885 | Dev WER: 0.6631 | Time: 1584s | Peak: 43.3 GB
2026-04-28 16:07:36,400 INFO   New best CER: 0.2885
2026-04-28 16:07:38,425 INFO Epoch 19 | Batch 0 | Loss: 1.0291 | LR: 2.19e-04
2026-04-28 16:08:41,881 INFO Epoch 19 | Batch 50 | Loss: 0.7927 | LR: 2.18e-04
2026-04-28 16:09:39,939 INFO Epoch 19 | Batch 100 | Loss: 0.9138 | LR: 2.18e-04
2026-04-28 16:10:44,073 INFO Epoch 19 | Batch 150 | Loss: 0.8685 | LR: 2.18e-04
2026-04-28 16:11:45,494 INFO Epoch 19 | Batch 200 | Loss: 1.2655 | LR: 2.17e-04
2026-04-28 16:12:46,294 INFO Epoch 19 | Batch 250 | Loss: 1.4438 | LR: 2.17e-04
2026-04-28 16:13:49,936 INFO Epoch 19 | Batch 300 | Loss: 1.3628 | LR: 2.17e-04
2026-04-28 16:14:51,818 INFO Epoch 19 | Batch 350 | Loss: 0.9247 | LR: 2.16e-04
2026-04-28 16:15:50,780 INFO Epoch 19 | Batch 400 | Loss: 0.9904 | LR: 2.16e-04
2026-04-28 16:16:56,972 INFO Epoch 19 | Batch 450 | Loss: 1.2646 | LR: 2.15e-04
2026-04-28 16:17:59,240 INFO Epoch 19 | Batch 500 | Loss: 1.2551 | LR: 2.15e-04
2026-04-28 16:19:00,495 INFO Epoch 19 | Batch 550 | Loss: 1.2279 | LR: 2.15e-04
2026-04-28 16:20:04,227 INFO Epoch 19 | Batch 600 | Loss: 1.1752 | LR: 2.14e-04
2026-04-28 16:21:04,157 INFO Epoch 19 | Batch 650 | Loss: 1.3218 | LR: 2.14e-04
2026-04-28 16:22:06,001 INFO Epoch 19 | Batch 700 | Loss: 0.9261 | LR: 2.14e-04
2026-04-28 16:23:08,500 INFO Epoch 19 | Batch 750 | Loss: 1.0696 | LR: 2.13e-04
2026-04-28 16:24:10,612 INFO Epoch 19 | Batch 800 | Loss: 1.2481 | LR: 2.13e-04
2026-04-28 16:25:11,337 INFO Epoch 19 | Batch 850 | Loss: 1.4977 | LR: 2.13e-04
2026-04-28 16:26:15,684 INFO Epoch 19 | Batch 900 | Loss: 1.1415 | LR: 2.12e-04
2026-04-28 16:27:19,025 INFO Epoch 19 | Batch 950 | Loss: 0.8391 | LR: 2.12e-04
2026-04-28 16:28:21,880 INFO Epoch 19 | Batch 1000 | Loss: 0.9335 | LR: 2.12e-04
2026-04-28 16:29:20,120 INFO Epoch 19 | Batch 1050 | Loss: 1.5812 | LR: 2.11e-04
2026-04-28 16:30:22,469 INFO Epoch 19 | Batch 1100 | Loss: 1.0513 | LR: 2.11e-04
2026-04-28 16:31:23,577 INFO Epoch 19 | Batch 1150 | Loss: 1.3306 | LR: 2.10e-04
2026-04-28 16:32:25,067 INFO Epoch 19 | Batch 1200 | Loss: 0.9320 | LR: 2.10e-04
2026-04-28 16:34:00,419 INFO Epoch 19 | Train: 1.1876 | Dev CER: 0.2838 | Dev WER: 0.6555 | Time: 1584s | Peak: 43.3 GB
2026-04-28 16:34:00,419 INFO   New best CER: 0.2838
2026-04-28 16:34:02,509 INFO Epoch 20 | Batch 0 | Loss: 1.1966 | LR: 2.10e-04
2026-04-28 16:35:08,135 INFO Epoch 20 | Batch 50 | Loss: 1.1755 | LR: 2.10e-04
2026-04-28 16:36:10,083 INFO Epoch 20 | Batch 100 | Loss: 1.1524 | LR: 2.09e-04
2026-04-28 16:37:09,629 INFO Epoch 20 | Batch 150 | Loss: 1.2483 | LR: 2.09e-04
2026-04-28 16:38:10,917 INFO Epoch 20 | Batch 200 | Loss: 1.4311 | LR: 2.09e-04
2026-04-28 16:39:12,992 INFO Epoch 20 | Batch 250 | Loss: 1.3055 | LR: 2.08e-04
2026-04-28 16:40:14,021 INFO Epoch 20 | Batch 300 | Loss: 1.2467 | LR: 2.08e-04
2026-04-28 16:41:16,207 INFO Epoch 20 | Batch 350 | Loss: 1.1356 | LR: 2.07e-04
2026-04-28 16:42:20,245 INFO Epoch 20 | Batch 400 | Loss: 1.6373 | LR: 2.07e-04
2026-04-28 16:43:26,661 INFO Epoch 20 | Batch 450 | Loss: 0.9555 | LR: 2.07e-04
2026-04-28 16:44:28,109 INFO Epoch 20 | Batch 500 | Loss: 1.1482 | LR: 2.06e-04
2026-04-28 16:45:31,067 INFO Epoch 20 | Batch 550 | Loss: 1.0305 | LR: 2.06e-04
2026-04-28 16:46:31,465 INFO Epoch 20 | Batch 600 | Loss: 1.1555 | LR: 2.06e-04
2026-04-28 16:47:34,573 INFO Epoch 20 | Batch 650 | Loss: 0.8434 | LR: 2.05e-04
2026-04-28 16:48:34,431 INFO Epoch 20 | Batch 700 | Loss: 1.6869 | LR: 2.05e-04
2026-04-28 16:49:36,159 INFO Epoch 20 | Batch 750 | Loss: 1.1605 | LR: 2.05e-04
2026-04-28 16:50:37,405 INFO Epoch 20 | Batch 800 | Loss: 0.7322 | LR: 2.04e-04
2026-04-28 16:51:38,326 INFO Epoch 20 | Batch 850 | Loss: 1.2239 | LR: 2.04e-04
2026-04-28 16:52:39,094 INFO Epoch 20 | Batch 900 | Loss: 1.1403 | LR: 2.03e-04
2026-04-28 16:53:38,849 INFO Epoch 20 | Batch 950 | Loss: 1.0463 | LR: 2.03e-04
2026-04-28 16:54:39,763 INFO Epoch 20 | Batch 1000 | Loss: 1.0892 | LR: 2.03e-04
2026-04-28 16:55:41,359 INFO Epoch 20 | Batch 1050 | Loss: 1.1737 | LR: 2.02e-04
2026-04-28 16:56:45,374 INFO Epoch 20 | Batch 1100 | Loss: 0.8464 | LR: 2.02e-04
2026-04-28 16:57:49,536 INFO Epoch 20 | Batch 1150 | Loss: 1.5482 | LR: 2.02e-04
2026-04-28 16:58:48,751 INFO Epoch 20 | Batch 1200 | Loss: 1.8902 | LR: 2.01e-04
2026-04-28 17:00:24,856 INFO Epoch 20 | Train: 1.1858 | Dev CER: 0.2827 | Dev WER: 0.6534 | Time: 1584s | Peak: 43.3 GB
2026-04-28 17:00:24,856 INFO   New best CER: 0.2827
2026-04-28 17:00:27,130 INFO Epoch 21 | Batch 0 | Loss: 0.8090 | LR: 2.01e-04
2026-04-28 17:01:29,780 INFO Epoch 21 | Batch 50 | Loss: 1.3875 | LR: 2.01e-04
2026-04-28 17:02:28,596 INFO Epoch 21 | Batch 100 | Loss: 1.8469 | LR: 2.00e-04
2026-04-28 17:03:31,026 INFO Epoch 21 | Batch 150 | Loss: 0.9393 | LR: 2.00e-04
2026-04-28 17:04:31,416 INFO Epoch 21 | Batch 200 | Loss: 1.1897 | LR: 2.00e-04
2026-04-28 17:05:32,911 INFO Epoch 21 | Batch 250 | Loss: 1.5122 | LR: 1.99e-04
2026-04-28 17:06:33,336 INFO Epoch 21 | Batch 300 | Loss: 1.2739 | LR: 1.99e-04
2026-04-28 17:07:36,891 INFO Epoch 21 | Batch 350 | Loss: 1.2685 | LR: 1.99e-04
2026-04-28 17:08:40,573 INFO Epoch 21 | Batch 400 | Loss: 0.9285 | LR: 1.98e-04
2026-04-28 17:09:42,310 INFO Epoch 21 | Batch 450 | Loss: 0.9512 | LR: 1.98e-04
2026-04-28 17:10:44,627 INFO Epoch 21 | Batch 500 | Loss: 0.9538 | LR: 1.97e-04
2026-04-28 17:11:43,814 INFO Epoch 21 | Batch 550 | Loss: 0.8161 | LR: 1.97e-04
2026-04-28 17:12:45,347 INFO Epoch 21 | Batch 600 | Loss: 1.6729 | LR: 1.97e-04
2026-04-28 17:13:46,753 INFO Epoch 21 | Batch 650 | Loss: 1.6074 | LR: 1.96e-04
2026-04-28 17:14:52,855 INFO Epoch 21 | Batch 700 | Loss: 1.3096 | LR: 1.96e-04
2026-04-28 17:15:53,755 INFO Epoch 21 | Batch 750 | Loss: 0.8379 | LR: 1.96e-04
2026-04-28 17:16:55,859 INFO Epoch 21 | Batch 800 | Loss: 1.0416 | LR: 1.95e-04
2026-04-28 17:17:59,066 INFO Epoch 21 | Batch 850 | Loss: 0.8197 | LR: 1.95e-04
2026-04-28 17:19:00,609 INFO Epoch 21 | Batch 900 | Loss: 1.3952 | LR: 1.94e-04
2026-04-28 17:20:03,376 INFO Epoch 21 | Batch 950 | Loss: 1.1155 | LR: 1.94e-04
2026-04-28 17:21:04,644 INFO Epoch 21 | Batch 1000 | Loss: 1.4382 | LR: 1.94e-04
2026-04-28 17:22:07,099 INFO Epoch 21 | Batch 1050 | Loss: 0.5711 | LR: 1.93e-04
2026-04-28 17:23:10,018 INFO Epoch 21 | Batch 1100 | Loss: 1.5854 | LR: 1.93e-04
2026-04-28 17:24:12,324 INFO Epoch 21 | Batch 1150 | Loss: 1.0419 | LR: 1.93e-04
2026-04-28 17:25:13,615 INFO Epoch 21 | Batch 1200 | Loss: 2.2773 | LR: 1.92e-04
2026-04-28 17:26:49,000 INFO Epoch 21 | Train: 1.1660 | Dev CER: 0.2794 | Dev WER: 0.6484 | Time: 1584s | Peak: 43.3 GB
2026-04-28 17:26:49,000 INFO   New best CER: 0.2794
2026-04-28 17:26:51,300 INFO Epoch 22 | Batch 0 | Loss: 1.2530 | LR: 1.92e-04
2026-04-28 17:27:53,349 INFO Epoch 22 | Batch 50 | Loss: 1.5455 | LR: 1.92e-04
2026-04-28 17:28:55,634 INFO Epoch 22 | Batch 100 | Loss: 1.5669 | LR: 1.91e-04
2026-04-28 17:29:56,036 INFO Epoch 22 | Batch 150 | Loss: 0.9901 | LR: 1.91e-04
2026-04-28 17:31:00,138 INFO Epoch 22 | Batch 200 | Loss: 1.7185 | LR: 1.91e-04
2026-04-28 17:32:00,755 INFO Epoch 22 | Batch 250 | Loss: 0.7908 | LR: 1.90e-04
2026-04-28 17:33:00,758 INFO Epoch 22 | Batch 300 | Loss: 1.2005 | LR: 1.90e-04
2026-04-28 17:34:04,022 INFO Epoch 22 | Batch 350 | Loss: 1.5170 | LR: 1.89e-04
2026-04-28 17:35:07,474 INFO Epoch 22 | Batch 400 | Loss: 1.9270 | LR: 1.89e-04
2026-04-28 17:36:10,706 INFO Epoch 22 | Batch 450 | Loss: 1.6248 | LR: 1.89e-04
2026-04-28 17:37:09,052 INFO Epoch 22 | Batch 500 | Loss: 1.0370 | LR: 1.88e-04
2026-04-28 17:38:11,027 INFO Epoch 22 | Batch 550 | Loss: 1.3812 | LR: 1.88e-04
2026-04-28 17:39:13,191 INFO Epoch 22 | Batch 600 | Loss: 0.8538 | LR: 1.88e-04
2026-04-28 17:40:14,293 INFO Epoch 22 | Batch 650 | Loss: 0.8707 | LR: 1.87e-04
2026-04-28 17:41:13,326 INFO Epoch 22 | Batch 700 | Loss: 0.7213 | LR: 1.87e-04
2026-04-28 17:42:15,821 INFO Epoch 22 | Batch 750 | Loss: 1.1572 | LR: 1.86e-04
2026-04-28 17:43:20,062 INFO Epoch 22 | Batch 800 | Loss: 1.0162 | LR: 1.86e-04
2026-04-28 17:44:22,544 INFO Epoch 22 | Batch 850 | Loss: 0.9170 | LR: 1.86e-04
2026-04-28 17:45:25,008 INFO Epoch 22 | Batch 900 | Loss: 1.1453 | LR: 1.85e-04
2026-04-28 17:46:22,623 INFO Epoch 22 | Batch 950 | Loss: 1.0388 | LR: 1.85e-04
2026-04-28 17:47:27,049 INFO Epoch 22 | Batch 1000 | Loss: 1.2240 | LR: 1.84e-04
2026-04-28 17:48:30,698 INFO Epoch 22 | Batch 1050 | Loss: 0.7607 | LR: 1.84e-04
2026-04-28 17:49:37,174 INFO Epoch 22 | Batch 1100 | Loss: 1.0947 | LR: 1.84e-04
2026-04-28 17:50:42,215 INFO Epoch 22 | Batch 1150 | Loss: 1.1019 | LR: 1.83e-04
2026-04-28 17:51:39,734 INFO Epoch 22 | Batch 1200 | Loss: 0.6026 | LR: 1.83e-04
2026-04-28 17:53:14,684 INFO Epoch 22 | Train: 1.1613 | Dev CER: 0.2733 | Dev WER: 0.6364 | Time: 1585s | Peak: 43.3 GB
2026-04-28 17:53:14,684 INFO   New best CER: 0.2733
2026-04-28 17:53:16,819 INFO Epoch 23 | Batch 0 | Loss: 1.1156 | LR: 1.83e-04
2026-04-28 17:54:19,339 INFO Epoch 23 | Batch 50 | Loss: 1.1989 | LR: 1.82e-04
2026-04-28 17:55:23,529 INFO Epoch 23 | Batch 100 | Loss: 1.1546 | LR: 1.82e-04
2026-04-28 17:56:26,183 INFO Epoch 23 | Batch 150 | Loss: 1.0710 | LR: 1.82e-04
2026-04-28 17:57:27,432 INFO Epoch 23 | Batch 200 | Loss: 0.9835 | LR: 1.81e-04
2026-04-28 17:58:29,576 INFO Epoch 23 | Batch 250 | Loss: 1.4673 | LR: 1.81e-04
2026-04-28 17:59:31,436 INFO Epoch 23 | Batch 300 | Loss: 0.9725 | LR: 1.81e-04
2026-04-28 18:00:33,241 INFO Epoch 23 | Batch 350 | Loss: 1.0383 | LR: 1.80e-04
2026-04-28 18:01:37,311 INFO Epoch 23 | Batch 400 | Loss: 0.8250 | LR: 1.80e-04
2026-04-28 18:02:37,137 INFO Epoch 23 | Batch 450 | Loss: 1.0471 | LR: 1.79e-04
2026-04-28 18:03:40,098 INFO Epoch 23 | Batch 500 | Loss: 1.1097 | LR: 1.79e-04
2026-04-28 18:04:40,890 INFO Epoch 23 | Batch 550 | Loss: 0.8951 | LR: 1.79e-04
2026-04-28 18:05:42,989 INFO Epoch 23 | Batch 600 | Loss: 1.0388 | LR: 1.78e-04
2026-04-28 18:06:45,724 INFO Epoch 23 | Batch 650 | Loss: 1.3258 | LR: 1.78e-04
2026-04-28 18:07:45,749 INFO Epoch 23 | Batch 700 | Loss: 1.5519 | LR: 1.77e-04
2026-04-28 18:08:48,120 INFO Epoch 23 | Batch 750 | Loss: 0.9512 | LR: 1.77e-04
2026-04-28 18:09:50,792 INFO Epoch 23 | Batch 800 | Loss: 1.5054 | LR: 1.77e-04
2026-04-28 18:10:52,482 INFO Epoch 23 | Batch 850 | Loss: 0.7527 | LR: 1.76e-04
2026-04-28 18:11:57,953 INFO Epoch 23 | Batch 900 | Loss: 1.2827 | LR: 1.76e-04
2026-04-28 18:13:01,877 INFO Epoch 23 | Batch 950 | Loss: 0.6778 | LR: 1.75e-04
2026-04-28 18:14:02,449 INFO Epoch 23 | Batch 1000 | Loss: 1.2049 | LR: 1.75e-04
2026-04-28 18:15:02,322 INFO Epoch 23 | Batch 1050 | Loss: 0.6103 | LR: 1.75e-04
2026-04-28 18:16:05,578 INFO Epoch 23 | Batch 1100 | Loss: 0.4833 | LR: 1.74e-04
2026-04-28 18:17:04,750 INFO Epoch 23 | Batch 1150 | Loss: 0.6581 | LR: 1.74e-04
2026-04-28 18:18:04,338 INFO Epoch 23 | Batch 1200 | Loss: 1.3396 | LR: 1.74e-04
2026-04-28 18:19:39,277 INFO Epoch 23 | Train: 1.1530 | Dev CER: 0.2728 | Dev WER: 0.6357 | Time: 1584s | Peak: 43.3 GB
2026-04-28 18:19:39,277 INFO   New best CER: 0.2728
2026-04-28 18:19:41,141 INFO Epoch 24 | Batch 0 | Loss: 1.3226 | LR: 1.73e-04
2026-04-28 18:20:43,549 INFO Epoch 24 | Batch 50 | Loss: 0.9561 | LR: 1.73e-04
2026-04-28 18:21:47,492 INFO Epoch 24 | Batch 100 | Loss: 1.2062 | LR: 1.73e-04
2026-04-28 18:22:49,283 INFO Epoch 24 | Batch 150 | Loss: 0.9534 | LR: 1.72e-04
2026-04-28 18:23:52,898 INFO Epoch 24 | Batch 200 | Loss: 0.9055 | LR: 1.72e-04
2026-04-28 18:24:56,021 INFO Epoch 24 | Batch 250 | Loss: 0.7489 | LR: 1.71e-04
2026-04-28 18:26:00,226 INFO Epoch 24 | Batch 300 | Loss: 1.1571 | LR: 1.71e-04
2026-04-28 18:27:06,620 INFO Epoch 24 | Batch 350 | Loss: 1.1804 | LR: 1.71e-04
2026-04-28 18:28:04,817 INFO Epoch 24 | Batch 400 | Loss: 1.8840 | LR: 1.70e-04
2026-04-28 18:29:06,248 INFO Epoch 24 | Batch 450 | Loss: 0.7639 | LR: 1.70e-04
2026-04-28 18:30:04,709 INFO Epoch 24 | Batch 500 | Loss: 0.6682 | LR: 1.70e-04
2026-04-28 18:31:04,294 INFO Epoch 24 | Batch 550 | Loss: 1.3832 | LR: 1.69e-04
2026-04-28 18:32:06,027 INFO Epoch 24 | Batch 600 | Loss: 1.1762 | LR: 1.69e-04
2026-04-28 18:33:09,199 INFO Epoch 24 | Batch 650 | Loss: 1.0405 | LR: 1.68e-04
2026-04-28 18:34:09,315 INFO Epoch 24 | Batch 700 | Loss: 1.6663 | LR: 1.68e-04
2026-04-28 18:35:13,905 INFO Epoch 24 | Batch 750 | Loss: 1.2057 | LR: 1.68e-04
2026-04-28 18:36:14,733 INFO Epoch 24 | Batch 800 | Loss: 1.3880 | LR: 1.67e-04
2026-04-28 18:37:17,084 INFO Epoch 24 | Batch 850 | Loss: 0.6067 | LR: 1.67e-04
2026-04-28 18:38:13,473 INFO Epoch 24 | Batch 900 | Loss: 1.0553 | LR: 1.66e-04
2026-04-28 18:39:14,152 INFO Epoch 24 | Batch 950 | Loss: 0.9794 | LR: 1.66e-04
2026-04-28 18:40:14,325 INFO Epoch 24 | Batch 1000 | Loss: 1.1449 | LR: 1.66e-04
2026-04-28 18:41:15,330 INFO Epoch 24 | Batch 1050 | Loss: 1.0532 | LR: 1.65e-04
2026-04-28 18:42:20,616 INFO Epoch 24 | Batch 1100 | Loss: 0.8620 | LR: 1.65e-04
2026-04-28 18:43:24,735 INFO Epoch 24 | Batch 1150 | Loss: 0.9244 | LR: 1.64e-04
2026-04-28 18:44:26,076 INFO Epoch 24 | Batch 1200 | Loss: 1.2587 | LR: 1.64e-04
2026-04-28 18:46:03,314 INFO Epoch 24 | Train: 1.1199 | Dev CER: 0.2673 | Dev WER: 0.6274 | Time: 1584s | Peak: 43.3 GB
2026-04-28 18:46:03,314 INFO   New best CER: 0.2673
2026-04-28 18:46:05,254 INFO Epoch 25 | Batch 0 | Loss: 1.4972 | LR: 1.64e-04
2026-04-28 18:47:07,466 INFO Epoch 25 | Batch 50 | Loss: 0.8536 | LR: 1.64e-04
2026-04-28 18:48:08,062 INFO Epoch 25 | Batch 100 | Loss: 1.3506 | LR: 1.63e-04
2026-04-28 18:49:08,585 INFO Epoch 25 | Batch 150 | Loss: 1.0225 | LR: 1.63e-04
2026-04-28 18:50:10,056 INFO Epoch 25 | Batch 200 | Loss: 0.9396 | LR: 1.62e-04
2026-04-28 18:51:13,119 INFO Epoch 25 | Batch 250 | Loss: 0.9116 | LR: 1.62e-04
2026-04-28 18:52:14,866 INFO Epoch 25 | Batch 300 | Loss: 1.1475 | LR: 1.62e-04
2026-04-28 18:53:13,353 INFO Epoch 25 | Batch 350 | Loss: 1.0174 | LR: 1.61e-04
2026-04-28 18:54:17,113 INFO Epoch 25 | Batch 400 | Loss: 1.1182 | LR: 1.61e-04
2026-04-28 18:55:19,950 INFO Epoch 25 | Batch 450 | Loss: 0.9758 | LR: 1.60e-04
2026-04-28 18:56:25,950 INFO Epoch 25 | Batch 500 | Loss: 0.8356 | LR: 1.60e-04
2026-04-28 18:57:27,669 INFO Epoch 25 | Batch 550 | Loss: 0.9733 | LR: 1.60e-04
2026-04-28 18:58:27,258 INFO Epoch 25 | Batch 600 | Loss: 1.2054 | LR: 1.59e-04
2026-04-28 18:59:26,165 INFO Epoch 25 | Batch 650 | Loss: 1.6727 | LR: 1.59e-04
2026-04-28 19:00:28,709 INFO Epoch 25 | Batch 700 | Loss: 1.0199 | LR: 1.58e-04
2026-04-28 19:01:30,293 INFO Epoch 25 | Batch 750 | Loss: 1.2604 | LR: 1.58e-04
2026-04-28 19:02:33,876 INFO Epoch 25 | Batch 800 | Loss: 1.1861 | LR: 1.58e-04
2026-04-28 19:03:36,340 INFO Epoch 25 | Batch 850 | Loss: 0.5935 | LR: 1.57e-04
2026-04-28 19:04:33,942 INFO Epoch 25 | Batch 900 | Loss: 0.9599 | LR: 1.57e-04
2026-04-28 19:05:33,773 INFO Epoch 25 | Batch 950 | Loss: 0.6908 | LR: 1.56e-04
2026-04-28 19:06:37,000 INFO Epoch 25 | Batch 1000 | Loss: 0.6582 | LR: 1.56e-04
2026-04-28 19:07:41,728 INFO Epoch 25 | Batch 1050 | Loss: 1.1143 | LR: 1.56e-04
2026-04-28 19:08:48,495 INFO Epoch 25 | Batch 1100 | Loss: 0.7693 | LR: 1.55e-04
2026-04-28 19:09:49,993 INFO Epoch 25 | Batch 1150 | Loss: 1.3731 | LR: 1.55e-04
2026-04-28 19:10:51,344 INFO Epoch 25 | Batch 1200 | Loss: 0.8627 | LR: 1.55e-04
2026-04-28 19:12:27,119 INFO Epoch 25 | Train: 1.1163 | Dev CER: 0.2645 | Dev WER: 0.6193 | Time: 1583s | Peak: 43.3 GB
2026-04-28 19:12:27,119 INFO   New best CER: 0.2645
2026-04-28 19:12:29,321 INFO Epoch 26 | Batch 0 | Loss: 0.8188 | LR: 1.54e-04
2026-04-28 19:13:28,939 INFO Epoch 26 | Batch 50 | Loss: 1.5948 | LR: 1.54e-04
2026-04-28 19:14:34,147 INFO Epoch 26 | Batch 100 | Loss: 1.0642 | LR: 1.54e-04
2026-04-28 19:15:40,251 INFO Epoch 26 | Batch 150 | Loss: 0.3638 | LR: 1.53e-04
2026-04-28 19:16:43,402 INFO Epoch 26 | Batch 200 | Loss: 0.4295 | LR: 1.53e-04
2026-04-28 19:17:44,501 INFO Epoch 26 | Batch 250 | Loss: 1.1122 | LR: 1.52e-04
2026-04-28 19:18:44,563 INFO Epoch 26 | Batch 300 | Loss: 1.0443 | LR: 1.52e-04
2026-04-28 19:19:49,041 INFO Epoch 26 | Batch 350 | Loss: 1.3310 | LR: 1.52e-04
2026-04-28 19:20:53,548 INFO Epoch 26 | Batch 400 | Loss: 1.0985 | LR: 1.51e-04
2026-04-28 19:21:57,187 INFO Epoch 26 | Batch 450 | Loss: 0.8160 | LR: 1.51e-04
2026-04-28 19:23:04,087 INFO Epoch 26 | Batch 500 | Loss: 1.5882 | LR: 1.50e-04
2026-04-28 19:24:06,908 INFO Epoch 26 | Batch 550 | Loss: 0.6300 | LR: 1.50e-04
2026-04-28 19:25:07,233 INFO Epoch 26 | Batch 600 | Loss: 1.2953 | LR: 1.50e-04
2026-04-28 19:26:09,589 INFO Epoch 26 | Batch 650 | Loss: 0.9739 | LR: 1.49e-04
2026-04-28 19:27:10,484 INFO Epoch 26 | Batch 700 | Loss: 1.2596 | LR: 1.49e-04
2026-04-28 19:28:10,434 INFO Epoch 26 | Batch 750 | Loss: 1.2131 | LR: 1.49e-04
2026-04-28 19:29:14,345 INFO Epoch 26 | Batch 800 | Loss: 1.1119 | LR: 1.48e-04
2026-04-28 19:30:12,985 INFO Epoch 26 | Batch 850 | Loss: 0.8521 | LR: 1.48e-04
2026-04-28 19:31:13,260 INFO Epoch 26 | Batch 900 | Loss: 1.2362 | LR: 1.47e-04
2026-04-28 19:32:10,853 INFO Epoch 26 | Batch 950 | Loss: 1.6142 | LR: 1.47e-04
2026-04-28 19:33:13,870 INFO Epoch 26 | Batch 1000 | Loss: 1.4178 | LR: 1.47e-04
2026-04-28 19:34:17,977 INFO Epoch 26 | Batch 1050 | Loss: 1.0869 | LR: 1.46e-04
2026-04-28 19:35:16,316 INFO Epoch 26 | Batch 1100 | Loss: 1.1032 | LR: 1.46e-04
2026-04-28 19:36:17,117 INFO Epoch 26 | Batch 1150 | Loss: 0.9231 | LR: 1.45e-04
2026-04-28 19:37:15,360 INFO Epoch 26 | Batch 1200 | Loss: 1.1306 | LR: 1.45e-04
2026-04-28 19:38:50,679 INFO Epoch 26 | Train: 1.1108 | Dev CER: 0.2637 | Dev WER: 0.6193 | Time: 1583s | Peak: 43.3 GB
2026-04-28 19:38:50,679 INFO   New best CER: 0.2637
2026-04-28 19:38:52,526 INFO Epoch 27 | Batch 0 | Loss: 1.4284 | LR: 1.45e-04
