2026-04-16 23:49:31,634 INFO Loading LibriSpeech split=train.100 from HuggingFace...
2026-04-16 23:49:31,818 INFO HTTP Request: HEAD https://huggingface.co/datasets/openslr/librispeech_asr/resolve/main/README.md "HTTP/1.1 307 Temporary Redirect"
2026-04-16 23:49:31,823 INFO HTTP Request: HEAD https://huggingface.co/api/resolve-cache/datasets/openslr/librispeech_asr/71cacbfb7e2354c4226d01e70d77d5fca3d04ba1/README.md "HTTP/1.1 200 OK"
2026-04-16 23:49:31,971 INFO HTTP Request: HEAD https://huggingface.co/datasets/openslr/librispeech_asr/resolve/71cacbfb7e2354c4226d01e70d77d5fca3d04ba1/librispeech_asr.py "HTTP/1.1 404 Not Found"
2026-04-16 23:49:32,341 INFO HTTP Request: HEAD https://s3.amazonaws.com/datasets.huggingface.co/datasets/datasets/openslr/librispeech_asr/openslr/librispeech_asr.py "HTTP/1.1 404 Not Found"
2026-04-16 23:49:32,511 INFO HTTP Request: GET https://huggingface.co/api/datasets/openslr/librispeech_asr/revision/71cacbfb7e2354c4226d01e70d77d5fca3d04ba1 "HTTP/1.1 200 OK"
2026-04-16 23:49:32,657 INFO HTTP Request: HEAD https://huggingface.co/datasets/openslr/librispeech_asr/resolve/71cacbfb7e2354c4226d01e70d77d5fca3d04ba1/.huggingface.yaml "HTTP/1.1 404 Not Found"
2026-04-16 23:49:32,845 INFO HTTP Request: GET https://datasets-server.huggingface.co/info?dataset=openslr/librispeech_asr "HTTP/1.1 200 OK"
2026-04-16 23:49:32,999 INFO HTTP Request: GET https://huggingface.co/api/datasets/openslr/librispeech_asr/tree/71cacbfb7e2354c4226d01e70d77d5fca3d04ba1/clean%2Ftest?recursive=true&expand=false "HTTP/1.1 200 OK"
2026-04-16 23:49:33,143 INFO HTTP Request: GET https://huggingface.co/api/datasets/openslr/librispeech_asr/tree/71cacbfb7e2354c4226d01e70d77d5fca3d04ba1/clean?recursive=false&expand=false "HTTP/1.1 200 OK"
2026-04-16 23:49:33,298 INFO HTTP Request: GET https://huggingface.co/api/datasets/openslr/librispeech_asr/tree/71cacbfb7e2354c4226d01e70d77d5fca3d04ba1/clean%2Ftrain.100?recursive=true&expand=false "HTTP/1.1 200 OK"
2026-04-16 23:49:33,452 INFO HTTP Request: GET https://huggingface.co/api/datasets/openslr/librispeech_asr/tree/71cacbfb7e2354c4226d01e70d77d5fca3d04ba1/clean%2Ftrain.360?recursive=true&expand=false "HTTP/1.1 200 OK"
2026-04-16 23:49:33,613 INFO HTTP Request: GET https://huggingface.co/api/datasets/openslr/librispeech_asr/tree/71cacbfb7e2354c4226d01e70d77d5fca3d04ba1/clean%2Fvalidation?recursive=true&expand=false "HTTP/1.1 200 OK"
2026-04-16 23:49:33,759 INFO HTTP Request: HEAD https://huggingface.co/datasets/openslr/librispeech_asr/resolve/71cacbfb7e2354c4226d01e70d77d5fca3d04ba1/dataset_infos.json "HTTP/1.1 404 Not Found"
2026-04-16 23:51:01,503 INFO Loaded 28538 utterances from train.100 (skipped 1 outside [0.5s, 20.0s])
2026-04-16 23:51:01,735 INFO Loading LibriSpeech split=validation from HuggingFace...
2026-04-16 23:51:01,916 INFO HTTP Request: HEAD https://huggingface.co/datasets/openslr/librispeech_asr/resolve/main/README.md "HTTP/1.1 307 Temporary Redirect"
2026-04-16 23:51:01,921 INFO HTTP Request: HEAD https://huggingface.co/api/resolve-cache/datasets/openslr/librispeech_asr/71cacbfb7e2354c4226d01e70d77d5fca3d04ba1/README.md "HTTP/1.1 200 OK"
2026-04-16 23:51:02,062 INFO HTTP Request: HEAD https://huggingface.co/datasets/openslr/librispeech_asr/resolve/71cacbfb7e2354c4226d01e70d77d5fca3d04ba1/librispeech_asr.py "HTTP/1.1 404 Not Found"
2026-04-16 23:51:02,446 INFO HTTP Request: HEAD https://s3.amazonaws.com/datasets.huggingface.co/datasets/datasets/openslr/librispeech_asr/openslr/librispeech_asr.py "HTTP/1.1 404 Not Found"
2026-04-16 23:51:02,612 INFO HTTP Request: HEAD https://huggingface.co/datasets/openslr/librispeech_asr/resolve/71cacbfb7e2354c4226d01e70d77d5fca3d04ba1/.huggingface.yaml "HTTP/1.1 404 Not Found"
2026-04-16 23:51:02,613 WARNING Warning: You are sending unauthenticated requests to the HF Hub. Please set a HF_TOKEN to enable higher rate limits and faster downloads.
2026-04-16 23:51:02,815 INFO HTTP Request: GET https://datasets-server.huggingface.co/info?dataset=openslr/librispeech_asr "HTTP/1.1 200 OK"
2026-04-16 23:51:02,984 INFO HTTP Request: HEAD https://huggingface.co/datasets/openslr/librispeech_asr/resolve/71cacbfb7e2354c4226d01e70d77d5fca3d04ba1/dataset_infos.json "HTTP/1.1 404 Not Found"
2026-04-16 23:51:07,881 INFO Loaded 2642 utterances from validation (skipped 61 outside [0.5s, 20.0s])
2026-04-16 23:51:07,881 INFO Loading LibriSpeech split=test from HuggingFace...
2026-04-16 23:51:08,025 INFO HTTP Request: HEAD https://huggingface.co/datasets/openslr/librispeech_asr/resolve/main/README.md "HTTP/1.1 307 Temporary Redirect"
2026-04-16 23:51:08,030 INFO HTTP Request: HEAD https://huggingface.co/api/resolve-cache/datasets/openslr/librispeech_asr/71cacbfb7e2354c4226d01e70d77d5fca3d04ba1/README.md "HTTP/1.1 200 OK"
2026-04-16 23:51:08,172 INFO HTTP Request: HEAD https://huggingface.co/datasets/openslr/librispeech_asr/resolve/71cacbfb7e2354c4226d01e70d77d5fca3d04ba1/librispeech_asr.py "HTTP/1.1 404 Not Found"
2026-04-16 23:51:08,583 INFO HTTP Request: HEAD https://s3.amazonaws.com/datasets.huggingface.co/datasets/datasets/openslr/librispeech_asr/openslr/librispeech_asr.py "HTTP/1.1 404 Not Found"
2026-04-16 23:51:08,747 INFO HTTP Request: HEAD https://huggingface.co/datasets/openslr/librispeech_asr/resolve/71cacbfb7e2354c4226d01e70d77d5fca3d04ba1/.huggingface.yaml "HTTP/1.1 404 Not Found"
2026-04-16 23:51:08,959 INFO HTTP Request: GET https://datasets-server.huggingface.co/info?dataset=openslr/librispeech_asr "HTTP/1.1 200 OK"
2026-04-16 23:51:09,121 INFO HTTP Request: HEAD https://huggingface.co/datasets/openslr/librispeech_asr/resolve/71cacbfb7e2354c4226d01e70d77d5fca3d04ba1/dataset_infos.json "HTTP/1.1 404 Not Found"
2026-04-16 23:51:13,976 INFO Loaded 2528 utterances from test (skipped 92 outside [0.5s, 20.0s])
2026-04-16 23:51:14,121 INFO Backbone: rwkv6_trap | Params: 7.74M
2026-04-16 23:51:14,122 INFO   Frontend: 1.90M | Encoder: 5.83M | Head: 8.0K
2026-04-16 23:51:17,106 INFO Epoch 1 | Batch 0 | Loss: 4.1274 | LR: 3.00e-07
2026-04-16 23:51:21,517 INFO Epoch 1 | Batch 50 | Loss: 2.9446 | LR: 1.53e-05
2026-04-16 23:51:26,078 INFO Epoch 1 | Batch 100 | Loss: 2.9257 | LR: 3.03e-05
2026-04-16 23:51:30,295 INFO Epoch 1 | Batch 150 | Loss: 2.8762 | LR: 4.53e-05
2026-04-16 23:51:34,363 INFO Epoch 1 | Batch 200 | Loss: 2.8412 | LR: 6.03e-05
2026-04-16 23:51:38,501 INFO Epoch 1 | Batch 250 | Loss: 2.8527 | LR: 7.53e-05
2026-04-16 23:51:42,599 INFO Epoch 1 | Batch 300 | Loss: 2.8487 | LR: 9.03e-05
2026-04-16 23:51:46,711 INFO Epoch 1 | Batch 350 | Loss: 2.8517 | LR: 1.05e-04
2026-04-16 23:51:50,799 INFO Epoch 1 | Batch 400 | Loss: 2.8641 | LR: 1.20e-04
2026-04-16 23:51:54,943 INFO Epoch 1 | Batch 450 | Loss: 2.7066 | LR: 1.35e-04
2026-04-16 23:51:59,117 INFO Epoch 1 | Batch 500 | Loss: 2.6899 | LR: 1.50e-04
2026-04-16 23:52:03,162 INFO Epoch 1 | Batch 550 | Loss: 2.6345 | LR: 1.65e-04
2026-04-16 23:52:07,510 INFO Epoch 1 | Batch 600 | Loss: 2.6491 | LR: 1.80e-04
2026-04-16 23:52:11,731 INFO Epoch 1 | Batch 650 | Loss: 2.4518 | LR: 1.95e-04
2026-04-16 23:52:15,945 INFO Epoch 1 | Batch 700 | Loss: 2.4808 | LR: 2.10e-04
2026-04-16 23:52:20,032 INFO Epoch 1 | Batch 750 | Loss: 2.4108 | LR: 2.25e-04
2026-04-16 23:52:24,173 INFO Epoch 1 | Batch 800 | Loss: 2.5833 | LR: 2.40e-04
2026-04-16 23:52:28,320 INFO Epoch 1 | Batch 850 | Loss: 2.2733 | LR: 2.55e-04
2026-04-16 23:52:32,534 INFO Epoch 1 | Batch 900 | Loss: 2.3556 | LR: 2.70e-04
2026-04-16 23:52:36,666 INFO Epoch 1 | Batch 950 | Loss: 2.2262 | LR: 2.85e-04
2026-04-16 23:52:40,820 INFO Epoch 1 | Batch 1000 | Loss: 2.0242 | LR: 3.00e-04
2026-04-16 23:52:44,952 INFO Epoch 1 | Batch 1050 | Loss: 2.1277 | LR: 3.00e-04
2026-04-16 23:52:48,991 INFO Epoch 1 | Batch 1100 | Loss: 2.1635 | LR: 3.00e-04
2026-04-16 23:52:53,106 INFO Epoch 1 | Batch 1150 | Loss: 2.2923 | LR: 3.00e-04
2026-04-16 23:52:57,363 INFO Epoch 1 | Batch 1200 | Loss: 2.1643 | LR: 3.00e-04
2026-04-16 23:53:05,866 INFO Epoch 1 | Train: 2.5574 | Dev CER: 0.5102 | Dev WER: 0.9639 | Time: 111s | Peak: 6.5 GB
2026-04-16 23:53:05,866 INFO   New best CER: 0.5102
2026-04-16 23:53:08,008 INFO Epoch 2 | Batch 0 | Loss: 1.9812 | LR: 3.00e-04
2026-04-16 23:53:12,564 INFO Epoch 2 | Batch 50 | Loss: 2.2088 | LR: 3.00e-04
2026-04-16 23:53:16,945 INFO Epoch 2 | Batch 100 | Loss: 2.1739 | LR: 3.00e-04
2026-04-16 23:53:21,244 INFO Epoch 2 | Batch 150 | Loss: 2.0501 | LR: 3.00e-04
2026-04-16 23:53:25,446 INFO Epoch 2 | Batch 200 | Loss: 1.9429 | LR: 3.00e-04
2026-04-16 23:53:29,654 INFO Epoch 2 | Batch 250 | Loss: 1.6955 | LR: 3.00e-04
2026-04-16 23:53:33,866 INFO Epoch 2 | Batch 300 | Loss: 1.8733 | LR: 3.00e-04
2026-04-16 23:53:38,145 INFO Epoch 2 | Batch 350 | Loss: 1.8865 | LR: 3.00e-04
2026-04-16 23:53:42,415 INFO Epoch 2 | Batch 400 | Loss: 1.6737 | LR: 3.00e-04
2026-04-16 23:53:46,694 INFO Epoch 2 | Batch 450 | Loss: 1.7613 | LR: 3.00e-04
2026-04-16 23:53:50,953 INFO Epoch 2 | Batch 500 | Loss: 1.7390 | LR: 3.00e-04
2026-04-16 23:53:55,245 INFO Epoch 2 | Batch 550 | Loss: 1.9809 | LR: 3.00e-04
2026-04-16 23:53:59,568 INFO Epoch 2 | Batch 600 | Loss: 1.8031 | LR: 3.00e-04
2026-04-16 23:54:03,914 INFO Epoch 2 | Batch 650 | Loss: 1.9487 | LR: 3.00e-04
2026-04-16 23:54:08,291 INFO Epoch 2 | Batch 700 | Loss: 2.2214 | LR: 3.00e-04
2026-04-16 23:54:12,576 INFO Epoch 2 | Batch 750 | Loss: 1.7764 | LR: 2.99e-04
2026-04-16 23:54:16,776 INFO Epoch 2 | Batch 800 | Loss: 1.5326 | LR: 2.99e-04
2026-04-16 23:54:21,130 INFO Epoch 2 | Batch 850 | Loss: 1.8461 | LR: 2.99e-04
2026-04-16 23:54:25,337 INFO Epoch 2 | Batch 900 | Loss: 1.7047 | LR: 2.99e-04
2026-04-16 23:54:29,590 INFO Epoch 2 | Batch 950 | Loss: 1.5444 | LR: 2.99e-04
2026-04-16 23:54:33,598 INFO Epoch 2 | Batch 1000 | Loss: 2.2814 | LR: 2.99e-04
2026-04-16 23:54:37,735 INFO Epoch 2 | Batch 1050 | Loss: 1.7652 | LR: 2.99e-04
2026-04-16 23:54:41,866 INFO Epoch 2 | Batch 1100 | Loss: 1.6420 | LR: 2.99e-04
2026-04-16 23:54:45,916 INFO Epoch 2 | Batch 1150 | Loss: 1.5350 | LR: 2.99e-04
2026-04-16 23:54:49,989 INFO Epoch 2 | Batch 1200 | Loss: 1.5926 | LR: 2.99e-04
2026-04-16 23:54:58,296 INFO Epoch 2 | Train: 1.7962 | Dev CER: 0.3567 | Dev WER: 0.8069 | Time: 112s | Peak: 6.5 GB
2026-04-16 23:54:58,297 INFO   New best CER: 0.3567
2026-04-16 23:55:00,556 INFO Epoch 3 | Batch 0 | Loss: 1.4869 | LR: 2.99e-04
2026-04-16 23:55:04,972 INFO Epoch 3 | Batch 50 | Loss: 1.5512 | LR: 2.99e-04
2026-04-16 23:55:09,346 INFO Epoch 3 | Batch 100 | Loss: 1.5361 | LR: 2.99e-04
2026-04-16 23:55:13,773 INFO Epoch 3 | Batch 150 | Loss: 1.4934 | LR: 2.99e-04
2026-04-16 23:55:18,011 INFO Epoch 3 | Batch 200 | Loss: 1.6104 | LR: 2.98e-04
2026-04-16 23:55:22,363 INFO Epoch 3 | Batch 250 | Loss: 1.2520 | LR: 2.98e-04
2026-04-16 23:55:26,632 INFO Epoch 3 | Batch 300 | Loss: 1.6703 | LR: 2.98e-04
2026-04-16 23:55:30,926 INFO Epoch 3 | Batch 350 | Loss: 1.2750 | LR: 2.98e-04
2026-04-16 23:55:35,172 INFO Epoch 3 | Batch 400 | Loss: 1.3584 | LR: 2.98e-04
2026-04-16 23:55:39,460 INFO Epoch 3 | Batch 450 | Loss: 1.9138 | LR: 2.98e-04
2026-04-16 23:55:43,826 INFO Epoch 3 | Batch 500 | Loss: 1.4508 | LR: 2.98e-04
2026-04-16 23:55:48,067 INFO Epoch 3 | Batch 550 | Loss: 1.4124 | LR: 2.98e-04
2026-04-16 23:55:52,292 INFO Epoch 3 | Batch 600 | Loss: 1.6751 | LR: 2.98e-04
2026-04-16 23:55:56,322 INFO Epoch 3 | Batch 650 | Loss: 1.5019 | LR: 2.97e-04
2026-04-16 23:56:00,409 INFO Epoch 3 | Batch 700 | Loss: 1.6565 | LR: 2.97e-04
2026-04-16 23:56:04,508 INFO Epoch 3 | Batch 750 | Loss: 1.9070 | LR: 2.97e-04
2026-04-16 23:56:08,541 INFO Epoch 3 | Batch 800 | Loss: 1.5800 | LR: 2.97e-04
2026-04-16 23:56:12,719 INFO Epoch 3 | Batch 850 | Loss: 1.5364 | LR: 2.97e-04
2026-04-16 23:56:17,057 INFO Epoch 3 | Batch 900 | Loss: 1.7113 | LR: 2.97e-04
2026-04-16 23:56:21,337 INFO Epoch 3 | Batch 950 | Loss: 1.7553 | LR: 2.97e-04
2026-04-16 23:56:25,549 INFO Epoch 3 | Batch 1000 | Loss: 1.3270 | LR: 2.97e-04
2026-04-16 23:56:29,916 INFO Epoch 3 | Batch 1050 | Loss: 1.4602 | LR: 2.96e-04
2026-04-16 23:56:34,115 INFO Epoch 3 | Batch 1100 | Loss: 1.2647 | LR: 2.96e-04
2026-04-16 23:56:38,124 INFO Epoch 3 | Batch 1150 | Loss: 1.8361 | LR: 2.96e-04
2026-04-16 23:56:42,133 INFO Epoch 3 | Batch 1200 | Loss: 1.6843 | LR: 2.96e-04
2026-04-16 23:56:50,512 INFO Epoch 3 | Train: 1.5015 | Dev CER: 0.3000 | Dev WER: 0.7293 | Time: 111s | Peak: 6.5 GB
2026-04-16 23:56:50,512 INFO   New best CER: 0.3000
2026-04-16 23:56:52,746 INFO Epoch 4 | Batch 0 | Loss: 1.2597 | LR: 2.96e-04
2026-04-16 23:56:57,018 INFO Epoch 4 | Batch 50 | Loss: 1.5995 | LR: 2.96e-04
2026-04-16 23:57:01,236 INFO Epoch 4 | Batch 100 | Loss: 1.2881 | LR: 2.96e-04
2026-04-16 23:57:05,640 INFO Epoch 4 | Batch 150 | Loss: 1.8445 | LR: 2.95e-04
2026-04-16 23:57:09,928 INFO Epoch 4 | Batch 200 | Loss: 1.5005 | LR: 2.95e-04
2026-04-16 23:57:14,203 INFO Epoch 4 | Batch 250 | Loss: 1.4337 | LR: 2.95e-04
2026-04-16 23:57:18,518 INFO Epoch 4 | Batch 300 | Loss: 1.3548 | LR: 2.95e-04
2026-04-16 23:57:22,910 INFO Epoch 4 | Batch 350 | Loss: 1.7849 | LR: 2.95e-04
2026-04-16 23:57:27,155 INFO Epoch 4 | Batch 400 | Loss: 1.4513 | LR: 2.95e-04
2026-04-16 23:57:31,545 INFO Epoch 4 | Batch 450 | Loss: 1.3891 | LR: 2.94e-04
2026-04-16 23:57:35,848 INFO Epoch 4 | Batch 500 | Loss: 1.5160 | LR: 2.94e-04
2026-04-16 23:57:40,122 INFO Epoch 4 | Batch 550 | Loss: 1.2240 | LR: 2.94e-04
2026-04-16 23:57:44,491 INFO Epoch 4 | Batch 600 | Loss: 1.4817 | LR: 2.94e-04
2026-04-16 23:57:48,770 INFO Epoch 4 | Batch 650 | Loss: 1.3328 | LR: 2.94e-04
2026-04-16 23:57:53,066 INFO Epoch 4 | Batch 700 | Loss: 1.1887 | LR: 2.93e-04
2026-04-16 23:57:57,241 INFO Epoch 4 | Batch 750 | Loss: 1.3389 | LR: 2.93e-04
2026-04-16 23:58:01,314 INFO Epoch 4 | Batch 800 | Loss: 1.2123 | LR: 2.93e-04
2026-04-16 23:58:05,297 INFO Epoch 4 | Batch 850 | Loss: 1.6461 | LR: 2.93e-04
2026-04-16 23:58:09,326 INFO Epoch 4 | Batch 900 | Loss: 1.3912 | LR: 2.93e-04
2026-04-16 23:58:13,375 INFO Epoch 4 | Batch 950 | Loss: 1.3464 | LR: 2.92e-04
2026-04-16 23:58:17,542 INFO Epoch 4 | Batch 1000 | Loss: 1.2177 | LR: 2.92e-04
2026-04-16 23:58:21,671 INFO Epoch 4 | Batch 1050 | Loss: 1.4183 | LR: 2.92e-04
2026-04-16 23:58:25,839 INFO Epoch 4 | Batch 1100 | Loss: 1.2399 | LR: 2.92e-04
2026-04-16 23:58:30,048 INFO Epoch 4 | Batch 1150 | Loss: 1.5401 | LR: 2.92e-04
2026-04-16 23:58:34,055 INFO Epoch 4 | Batch 1200 | Loss: 1.6606 | LR: 2.91e-04
2026-04-16 23:58:42,629 INFO Epoch 4 | Train: 1.3587 | Dev CER: 0.2613 | Dev WER: 0.6655 | Time: 111s | Peak: 6.5 GB
2026-04-16 23:58:42,629 INFO   New best CER: 0.2613
2026-04-16 23:58:44,664 INFO Epoch 5 | Batch 0 | Loss: 1.0282 | LR: 2.91e-04
2026-04-16 23:58:48,938 INFO Epoch 5 | Batch 50 | Loss: 1.2492 | LR: 2.91e-04
2026-04-16 23:58:53,194 INFO Epoch 5 | Batch 100 | Loss: 1.3238 | LR: 2.91e-04
2026-04-16 23:58:57,529 INFO Epoch 5 | Batch 150 | Loss: 1.2656 | LR: 2.91e-04
2026-04-16 23:59:01,637 INFO Epoch 5 | Batch 200 | Loss: 1.1358 | LR: 2.90e-04
2026-04-16 23:59:05,934 INFO Epoch 5 | Batch 250 | Loss: 1.8569 | LR: 2.90e-04
2026-04-16 23:59:10,030 INFO Epoch 5 | Batch 300 | Loss: 1.0249 | LR: 2.90e-04
2026-04-16 23:59:14,303 INFO Epoch 5 | Batch 350 | Loss: 1.0966 | LR: 2.90e-04
2026-04-16 23:59:18,470 INFO Epoch 5 | Batch 400 | Loss: 1.0019 | LR: 2.89e-04
2026-04-16 23:59:22,708 INFO Epoch 5 | Batch 450 | Loss: 1.3469 | LR: 2.89e-04
2026-04-16 23:59:27,071 INFO Epoch 5 | Batch 500 | Loss: 1.1967 | LR: 2.89e-04
2026-04-16 23:59:31,310 INFO Epoch 5 | Batch 550 | Loss: 1.2708 | LR: 2.89e-04
2026-04-16 23:59:35,582 INFO Epoch 5 | Batch 600 | Loss: 1.4465 | LR: 2.88e-04
2026-04-16 23:59:39,788 INFO Epoch 5 | Batch 650 | Loss: 1.5272 | LR: 2.88e-04
2026-04-16 23:59:44,041 INFO Epoch 5 | Batch 700 | Loss: 1.2065 | LR: 2.88e-04
2026-04-16 23:59:48,290 INFO Epoch 5 | Batch 750 | Loss: 1.0927 | LR: 2.88e-04
2026-04-16 23:59:52,584 INFO Epoch 5 | Batch 800 | Loss: 1.1196 | LR: 2.87e-04
2026-04-16 23:59:56,888 INFO Epoch 5 | Batch 850 | Loss: 1.2103 | LR: 2.87e-04
2026-04-17 00:00:01,246 INFO Epoch 5 | Batch 900 | Loss: 1.2934 | LR: 2.87e-04
2026-04-17 00:00:05,360 INFO Epoch 5 | Batch 950 | Loss: 1.6776 | LR: 2.87e-04
2026-04-17 00:00:09,432 INFO Epoch 5 | Batch 1000 | Loss: 1.4414 | LR: 2.86e-04
2026-04-17 00:00:13,448 INFO Epoch 5 | Batch 1050 | Loss: 1.1578 | LR: 2.86e-04
2026-04-17 00:00:17,590 INFO Epoch 5 | Batch 1100 | Loss: 1.2637 | LR: 2.86e-04
2026-04-17 00:00:21,726 INFO Epoch 5 | Batch 1150 | Loss: 1.5683 | LR: 2.86e-04
2026-04-17 00:00:25,946 INFO Epoch 5 | Batch 1200 | Loss: 1.2569 | LR: 2.85e-04
2026-04-17 00:00:34,412 INFO Epoch 5 | Train: 1.2507 | Dev CER: 0.2355 | Dev WER: 0.6244 | Time: 111s | Peak: 6.5 GB
2026-04-17 00:00:34,412 INFO   New best CER: 0.2355
2026-04-17 00:00:36,772 INFO Epoch 6 | Batch 0 | Loss: 1.2066 | LR: 2.85e-04
2026-04-17 00:00:40,915 INFO Epoch 6 | Batch 50 | Loss: 1.7579 | LR: 2.85e-04
2026-04-17 00:00:45,264 INFO Epoch 6 | Batch 100 | Loss: 1.3847 | LR: 2.84e-04
2026-04-17 00:00:49,493 INFO Epoch 6 | Batch 150 | Loss: 1.3098 | LR: 2.84e-04
2026-04-17 00:00:53,674 INFO Epoch 6 | Batch 200 | Loss: 1.3186 | LR: 2.84e-04
2026-04-17 00:00:57,939 INFO Epoch 6 | Batch 250 | Loss: 0.9612 | LR: 2.84e-04
2026-04-17 00:01:02,144 INFO Epoch 6 | Batch 300 | Loss: 0.9847 | LR: 2.83e-04
2026-04-17 00:01:06,423 INFO Epoch 6 | Batch 350 | Loss: 1.1071 | LR: 2.83e-04
2026-04-17 00:01:10,720 INFO Epoch 6 | Batch 400 | Loss: 0.9974 | LR: 2.83e-04
2026-04-17 00:01:14,969 INFO Epoch 6 | Batch 450 | Loss: 1.9008 | LR: 2.82e-04
2026-04-17 00:01:19,197 INFO Epoch 6 | Batch 500 | Loss: 0.9927 | LR: 2.82e-04
2026-04-17 00:01:23,598 INFO Epoch 6 | Batch 550 | Loss: 1.0919 | LR: 2.82e-04
2026-04-17 00:01:27,856 INFO Epoch 6 | Batch 600 | Loss: 1.1745 | LR: 2.81e-04
2026-04-17 00:01:32,035 INFO Epoch 6 | Batch 650 | Loss: 1.3608 | LR: 2.81e-04
2026-04-17 00:01:36,182 INFO Epoch 6 | Batch 700 | Loss: 1.3828 | LR: 2.81e-04
2026-04-17 00:01:40,200 INFO Epoch 6 | Batch 750 | Loss: 1.2110 | LR: 2.81e-04
2026-04-17 00:01:44,342 INFO Epoch 6 | Batch 800 | Loss: 1.1200 | LR: 2.80e-04
2026-04-17 00:01:48,547 INFO Epoch 6 | Batch 850 | Loss: 1.2640 | LR: 2.80e-04
2026-04-17 00:01:52,702 INFO Epoch 6 | Batch 900 | Loss: 0.9409 | LR: 2.80e-04
2026-04-17 00:01:56,821 INFO Epoch 6 | Batch 950 | Loss: 1.5620 | LR: 2.79e-04
2026-04-17 00:02:00,967 INFO Epoch 6 | Batch 1000 | Loss: 1.1210 | LR: 2.79e-04
2026-04-17 00:02:05,204 INFO Epoch 6 | Batch 1050 | Loss: 1.3576 | LR: 2.79e-04
2026-04-17 00:02:09,311 INFO Epoch 6 | Batch 1100 | Loss: 1.3254 | LR: 2.78e-04
2026-04-17 00:02:13,344 INFO Epoch 6 | Batch 1150 | Loss: 1.1042 | LR: 2.78e-04
2026-04-17 00:02:17,455 INFO Epoch 6 | Batch 1200 | Loss: 1.0275 | LR: 2.78e-04
2026-04-17 00:02:25,813 INFO Epoch 6 | Train: 1.1727 | Dev CER: 0.2198 | Dev WER: 0.5950 | Time: 111s | Peak: 6.5 GB
2026-04-17 00:02:25,813 INFO   New best CER: 0.2198
2026-04-17 00:02:27,842 INFO Epoch 7 | Batch 0 | Loss: 1.2643 | LR: 2.77e-04
2026-04-17 00:02:32,133 INFO Epoch 7 | Batch 50 | Loss: 1.3322 | LR: 2.77e-04
2026-04-17 00:02:36,398 INFO Epoch 7 | Batch 100 | Loss: 1.0579 | LR: 2.77e-04
2026-04-17 00:02:40,521 INFO Epoch 7 | Batch 150 | Loss: 1.2492 | LR: 2.76e-04
2026-04-17 00:02:44,813 INFO Epoch 7 | Batch 200 | Loss: 1.0096 | LR: 2.76e-04
2026-04-17 00:02:49,022 INFO Epoch 7 | Batch 250 | Loss: 1.1817 | LR: 2.76e-04
2026-04-17 00:02:53,186 INFO Epoch 7 | Batch 300 | Loss: 1.0214 | LR: 2.75e-04
2026-04-17 00:02:57,614 INFO Epoch 7 | Batch 350 | Loss: 1.3672 | LR: 2.75e-04
2026-04-17 00:03:01,881 INFO Epoch 7 | Batch 400 | Loss: 1.0209 | LR: 2.74e-04
2026-04-17 00:03:06,144 INFO Epoch 7 | Batch 450 | Loss: 1.2770 | LR: 2.74e-04
2026-04-17 00:03:10,339 INFO Epoch 7 | Batch 500 | Loss: 1.3177 | LR: 2.74e-04
2026-04-17 00:03:14,737 INFO Epoch 7 | Batch 550 | Loss: 0.9613 | LR: 2.73e-04
2026-04-17 00:03:19,023 INFO Epoch 7 | Batch 600 | Loss: 1.1435 | LR: 2.73e-04
2026-04-17 00:03:23,322 INFO Epoch 7 | Batch 650 | Loss: 1.3099 | LR: 2.73e-04
2026-04-17 00:03:27,630 INFO Epoch 7 | Batch 700 | Loss: 1.2231 | LR: 2.72e-04
2026-04-17 00:03:31,977 INFO Epoch 7 | Batch 750 | Loss: 1.3343 | LR: 2.72e-04
2026-04-17 00:03:36,335 INFO Epoch 7 | Batch 800 | Loss: 1.5017 | LR: 2.71e-04
2026-04-17 00:03:40,652 INFO Epoch 7 | Batch 850 | Loss: 1.2901 | LR: 2.71e-04
2026-04-17 00:03:44,850 INFO Epoch 7 | Batch 900 | Loss: 1.0564 | LR: 2.71e-04
2026-04-17 00:03:49,060 INFO Epoch 7 | Batch 950 | Loss: 0.9644 | LR: 2.70e-04
2026-04-17 00:03:53,307 INFO Epoch 7 | Batch 1000 | Loss: 0.9439 | LR: 2.70e-04
2026-04-17 00:03:57,569 INFO Epoch 7 | Batch 1050 | Loss: 1.3169 | LR: 2.69e-04
2026-04-17 00:04:01,870 INFO Epoch 7 | Batch 1100 | Loss: 1.5474 | LR: 2.69e-04
2026-04-17 00:04:06,089 INFO Epoch 7 | Batch 1150 | Loss: 1.0184 | LR: 2.69e-04
2026-04-17 00:04:10,523 INFO Epoch 7 | Batch 1200 | Loss: 0.7386 | LR: 2.68e-04
2026-04-17 00:04:19,272 INFO Epoch 7 | Train: 1.1250 | Dev CER: 0.2095 | Dev WER: 0.5677 | Time: 113s | Peak: 6.5 GB
2026-04-17 00:04:19,272 INFO   New best CER: 0.2095
2026-04-17 00:04:21,302 INFO Epoch 8 | Batch 0 | Loss: 1.0875 | LR: 2.68e-04
2026-04-17 00:04:25,524 INFO Epoch 8 | Batch 50 | Loss: 1.1812 | LR: 2.68e-04
2026-04-17 00:04:29,867 INFO Epoch 8 | Batch 100 | Loss: 1.1592 | LR: 2.67e-04
2026-04-17 00:04:33,986 INFO Epoch 8 | Batch 150 | Loss: 1.3246 | LR: 2.67e-04
2026-04-17 00:04:38,252 INFO Epoch 8 | Batch 200 | Loss: 1.0680 | LR: 2.66e-04
2026-04-17 00:04:42,352 INFO Epoch 8 | Batch 250 | Loss: 1.2701 | LR: 2.66e-04
2026-04-17 00:04:46,531 INFO Epoch 8 | Batch 300 | Loss: 0.9655 | LR: 2.66e-04
2026-04-17 00:04:50,736 INFO Epoch 8 | Batch 350 | Loss: 1.2926 | LR: 2.65e-04
2026-04-17 00:04:55,012 INFO Epoch 8 | Batch 400 | Loss: 0.9167 | LR: 2.65e-04
2026-04-17 00:04:59,212 INFO Epoch 8 | Batch 450 | Loss: 1.2257 | LR: 2.64e-04
2026-04-17 00:05:03,540 INFO Epoch 8 | Batch 500 | Loss: 1.0355 | LR: 2.64e-04
2026-04-17 00:05:07,784 INFO Epoch 8 | Batch 550 | Loss: 1.0492 | LR: 2.63e-04
2026-04-17 00:05:12,065 INFO Epoch 8 | Batch 600 | Loss: 0.8944 | LR: 2.63e-04
2026-04-17 00:05:16,247 INFO Epoch 8 | Batch 650 | Loss: 1.0075 | LR: 2.63e-04
2026-04-17 00:05:20,402 INFO Epoch 8 | Batch 700 | Loss: 0.8986 | LR: 2.62e-04
2026-04-17 00:05:24,747 INFO Epoch 8 | Batch 750 | Loss: 0.8745 | LR: 2.62e-04
2026-04-17 00:05:29,036 INFO Epoch 8 | Batch 800 | Loss: 1.0689 | LR: 2.61e-04
2026-04-17 00:05:33,279 INFO Epoch 8 | Batch 850 | Loss: 0.7855 | LR: 2.61e-04
2026-04-17 00:05:37,574 INFO Epoch 8 | Batch 900 | Loss: 1.1712 | LR: 2.60e-04
2026-04-17 00:05:41,825 INFO Epoch 8 | Batch 950 | Loss: 1.0987 | LR: 2.60e-04
2026-04-17 00:05:46,001 INFO Epoch 8 | Batch 1000 | Loss: 0.8682 | LR: 2.60e-04
2026-04-17 00:05:50,127 INFO Epoch 8 | Batch 1050 | Loss: 0.9627 | LR: 2.59e-04
2026-04-17 00:05:54,559 INFO Epoch 8 | Batch 1100 | Loss: 0.9515 | LR: 2.59e-04
2026-04-17 00:05:58,842 INFO Epoch 8 | Batch 1150 | Loss: 0.8926 | LR: 2.58e-04
2026-04-17 00:06:03,063 INFO Epoch 8 | Batch 1200 | Loss: 0.8972 | LR: 2.58e-04
2026-04-17 00:06:11,646 INFO Epoch 8 | Train: 1.0691 | Dev CER: 0.1942 | Dev WER: 0.5362 | Time: 112s | Peak: 6.5 GB
2026-04-17 00:06:11,647 INFO   New best CER: 0.1942
2026-04-17 00:06:13,864 INFO Epoch 9 | Batch 0 | Loss: 1.0133 | LR: 2.57e-04
2026-04-17 00:06:17,956 INFO Epoch 9 | Batch 50 | Loss: 1.0761 | LR: 2.57e-04
2026-04-17 00:06:21,991 INFO Epoch 9 | Batch 100 | Loss: 0.9708 | LR: 2.56e-04
2026-04-17 00:06:26,086 INFO Epoch 9 | Batch 150 | Loss: 1.1131 | LR: 2.56e-04
2026-04-17 00:06:30,143 INFO Epoch 9 | Batch 200 | Loss: 1.0004 | LR: 2.56e-04
2026-04-17 00:06:34,268 INFO Epoch 9 | Batch 250 | Loss: 1.1173 | LR: 2.55e-04
2026-04-17 00:06:38,232 INFO Epoch 9 | Batch 300 | Loss: 0.9959 | LR: 2.55e-04
2026-04-17 00:06:42,253 INFO Epoch 9 | Batch 350 | Loss: 1.2754 | LR: 2.54e-04
2026-04-17 00:06:46,277 INFO Epoch 9 | Batch 400 | Loss: 0.9154 | LR: 2.54e-04
2026-04-17 00:06:50,390 INFO Epoch 9 | Batch 450 | Loss: 0.8226 | LR: 2.53e-04
2026-04-17 00:06:54,516 INFO Epoch 9 | Batch 500 | Loss: 0.8563 | LR: 2.53e-04
2026-04-17 00:06:58,580 INFO Epoch 9 | Batch 550 | Loss: 0.8330 | LR: 2.52e-04
2026-04-17 00:07:02,605 INFO Epoch 9 | Batch 600 | Loss: 0.9106 | LR: 2.52e-04
2026-04-17 00:07:06,731 INFO Epoch 9 | Batch 650 | Loss: 1.1220 | LR: 2.51e-04
2026-04-17 00:07:10,969 INFO Epoch 9 | Batch 700 | Loss: 0.8175 | LR: 2.51e-04
2026-04-17 00:07:15,105 INFO Epoch 9 | Batch 750 | Loss: 0.9885 | LR: 2.50e-04
2026-04-17 00:07:19,234 INFO Epoch 9 | Batch 800 | Loss: 1.0172 | LR: 2.50e-04
2026-04-17 00:07:23,297 INFO Epoch 9 | Batch 850 | Loss: 1.2118 | LR: 2.49e-04
2026-04-17 00:07:27,472 INFO Epoch 9 | Batch 900 | Loss: 1.1841 | LR: 2.49e-04
2026-04-17 00:07:31,653 INFO Epoch 9 | Batch 950 | Loss: 1.0153 | LR: 2.48e-04
2026-04-17 00:07:35,756 INFO Epoch 9 | Batch 1000 | Loss: 0.9616 | LR: 2.48e-04
2026-04-17 00:07:39,894 INFO Epoch 9 | Batch 1050 | Loss: 1.1956 | LR: 2.47e-04
2026-04-17 00:07:43,973 INFO Epoch 9 | Batch 1100 | Loss: 0.8556 | LR: 2.47e-04
2026-04-17 00:07:48,121 INFO Epoch 9 | Batch 1150 | Loss: 0.8184 | LR: 2.46e-04
2026-04-17 00:07:52,238 INFO Epoch 9 | Batch 1200 | Loss: 1.0076 | LR: 2.46e-04
2026-04-17 00:08:00,718 INFO Epoch 9 | Train: 1.0379 | Dev CER: 0.1849 | Dev WER: 0.5223 | Time: 108s | Peak: 6.5 GB
2026-04-17 00:08:00,718 INFO   New best CER: 0.1849
2026-04-17 00:08:02,763 INFO Epoch 10 | Batch 0 | Loss: 1.0124 | LR: 2.46e-04
2026-04-17 00:08:06,943 INFO Epoch 10 | Batch 50 | Loss: 0.9999 | LR: 2.45e-04
2026-04-17 00:08:11,190 INFO Epoch 10 | Batch 100 | Loss: 0.8844 | LR: 2.45e-04
2026-04-17 00:08:15,525 INFO Epoch 10 | Batch 150 | Loss: 0.9675 | LR: 2.44e-04
2026-04-17 00:08:19,859 INFO Epoch 10 | Batch 200 | Loss: 1.0200 | LR: 2.44e-04
2026-04-17 00:08:24,142 INFO Epoch 10 | Batch 250 | Loss: 0.8593 | LR: 2.43e-04
2026-04-17 00:08:28,410 INFO Epoch 10 | Batch 300 | Loss: 0.8214 | LR: 2.43e-04
2026-04-17 00:08:32,769 INFO Epoch 10 | Batch 350 | Loss: 0.7953 | LR: 2.42e-04
2026-04-17 00:08:36,969 INFO Epoch 10 | Batch 400 | Loss: 0.6762 | LR: 2.41e-04
2026-04-17 00:08:41,231 INFO Epoch 10 | Batch 450 | Loss: 1.0939 | LR: 2.41e-04
2026-04-17 00:08:45,350 INFO Epoch 10 | Batch 500 | Loss: 0.8137 | LR: 2.40e-04
2026-04-17 00:08:49,515 INFO Epoch 10 | Batch 550 | Loss: 0.9342 | LR: 2.40e-04
2026-04-17 00:08:53,804 INFO Epoch 10 | Batch 600 | Loss: 1.0953 | LR: 2.39e-04
2026-04-17 00:08:58,020 INFO Epoch 10 | Batch 650 | Loss: 0.9587 | LR: 2.39e-04
2026-04-17 00:09:02,432 INFO Epoch 10 | Batch 700 | Loss: 1.5511 | LR: 2.38e-04
2026-04-17 00:09:06,720 INFO Epoch 10 | Batch 750 | Loss: 0.6973 | LR: 2.38e-04
2026-04-17 00:09:11,036 INFO Epoch 10 | Batch 800 | Loss: 1.5726 | LR: 2.37e-04
2026-04-17 00:09:15,281 INFO Epoch 10 | Batch 850 | Loss: 0.8158 | LR: 2.37e-04
2026-04-17 00:09:19,570 INFO Epoch 10 | Batch 900 | Loss: 0.8010 | LR: 2.36e-04
2026-04-17 00:09:23,793 INFO Epoch 10 | Batch 950 | Loss: 0.9006 | LR: 2.36e-04
2026-04-17 00:09:28,002 INFO Epoch 10 | Batch 1000 | Loss: 0.8411 | LR: 2.35e-04
2026-04-17 00:09:32,315 INFO Epoch 10 | Batch 1050 | Loss: 0.8668 | LR: 2.35e-04
2026-04-17 00:09:36,512 INFO Epoch 10 | Batch 1100 | Loss: 0.7899 | LR: 2.34e-04
2026-04-17 00:09:40,781 INFO Epoch 10 | Batch 1150 | Loss: 0.8788 | LR: 2.34e-04
2026-04-17 00:09:44,936 INFO Epoch 10 | Batch 1200 | Loss: 0.8761 | LR: 2.33e-04
2026-04-17 00:09:53,488 INFO Epoch 10 | Train: 0.9935 | Dev CER: 0.1735 | Dev WER: 0.4928 | Time: 112s | Peak: 6.5 GB
2026-04-17 00:09:53,488 INFO   New best CER: 0.1735
2026-04-17 00:09:55,629 INFO Epoch 11 | Batch 0 | Loss: 0.9706 | LR: 2.33e-04
2026-04-17 00:09:59,664 INFO Epoch 11 | Batch 50 | Loss: 0.9095 | LR: 2.32e-04
2026-04-17 00:10:03,776 INFO Epoch 11 | Batch 100 | Loss: 0.6823 | LR: 2.32e-04
2026-04-17 00:10:08,049 INFO Epoch 11 | Batch 150 | Loss: 0.7059 | LR: 2.31e-04
2026-04-17 00:10:12,318 INFO Epoch 11 | Batch 200 | Loss: 1.2174 | LR: 2.30e-04
2026-04-17 00:10:16,639 INFO Epoch 11 | Batch 250 | Loss: 1.0215 | LR: 2.30e-04
2026-04-17 00:10:20,858 INFO Epoch 11 | Batch 300 | Loss: 1.0920 | LR: 2.29e-04
2026-04-17 00:10:25,166 INFO Epoch 11 | Batch 350 | Loss: 1.1584 | LR: 2.29e-04
2026-04-17 00:10:29,332 INFO Epoch 11 | Batch 400 | Loss: 0.6531 | LR: 2.28e-04
2026-04-17 00:10:33,684 INFO Epoch 11 | Batch 450 | Loss: 0.6919 | LR: 2.28e-04
2026-04-17 00:10:38,015 INFO Epoch 11 | Batch 500 | Loss: 0.9604 | LR: 2.27e-04
2026-04-17 00:10:42,370 INFO Epoch 11 | Batch 550 | Loss: 0.9456 | LR: 2.27e-04
2026-04-17 00:10:46,704 INFO Epoch 11 | Batch 600 | Loss: 0.9537 | LR: 2.26e-04
2026-04-17 00:10:51,030 INFO Epoch 11 | Batch 650 | Loss: 1.3632 | LR: 2.25e-04
2026-04-17 00:10:55,253 INFO Epoch 11 | Batch 700 | Loss: 0.8937 | LR: 2.25e-04
2026-04-17 00:10:59,624 INFO Epoch 11 | Batch 750 | Loss: 0.9156 | LR: 2.24e-04
2026-04-17 00:11:03,851 INFO Epoch 11 | Batch 800 | Loss: 1.0651 | LR: 2.24e-04
2026-04-17 00:11:08,143 INFO Epoch 11 | Batch 850 | Loss: 0.9043 | LR: 2.23e-04
2026-04-17 00:11:12,404 INFO Epoch 11 | Batch 900 | Loss: 0.8532 | LR: 2.23e-04
2026-04-17 00:11:16,454 INFO Epoch 11 | Batch 950 | Loss: 0.6281 | LR: 2.22e-04
2026-04-17 00:11:20,429 INFO Epoch 11 | Batch 1000 | Loss: 0.8349 | LR: 2.21e-04
2026-04-17 00:11:24,429 INFO Epoch 11 | Batch 1050 | Loss: 0.9993 | LR: 2.21e-04
2026-04-17 00:11:28,431 INFO Epoch 11 | Batch 1100 | Loss: 0.9315 | LR: 2.20e-04
2026-04-17 00:11:32,553 INFO Epoch 11 | Batch 1150 | Loss: 1.0024 | LR: 2.20e-04
2026-04-17 00:11:36,701 INFO Epoch 11 | Batch 1200 | Loss: 0.7541 | LR: 2.19e-04
2026-04-17 00:11:45,143 INFO Epoch 11 | Train: 0.9630 | Dev CER: 0.1712 | Dev WER: 0.4894 | Time: 111s | Peak: 6.5 GB
2026-04-17 00:11:45,143 INFO   New best CER: 0.1712
2026-04-17 00:11:47,179 INFO Epoch 12 | Batch 0 | Loss: 0.8837 | LR: 2.19e-04
2026-04-17 00:11:51,424 INFO Epoch 12 | Batch 50 | Loss: 1.8466 | LR: 2.18e-04
2026-04-17 00:11:55,603 INFO Epoch 12 | Batch 100 | Loss: 1.5321 | LR: 2.18e-04
2026-04-17 00:11:59,914 INFO Epoch 12 | Batch 150 | Loss: 0.9217 | LR: 2.17e-04
2026-04-17 00:12:04,233 INFO Epoch 12 | Batch 200 | Loss: 0.7106 | LR: 2.16e-04
2026-04-17 00:12:08,432 INFO Epoch 12 | Batch 250 | Loss: 0.8912 | LR: 2.16e-04
2026-04-17 00:12:12,826 INFO Epoch 12 | Batch 300 | Loss: 0.6843 | LR: 2.15e-04
2026-04-17 00:12:17,144 INFO Epoch 12 | Batch 350 | Loss: 1.0945 | LR: 2.15e-04
2026-04-17 00:12:21,372 INFO Epoch 12 | Batch 400 | Loss: 0.9159 | LR: 2.14e-04
2026-04-17 00:12:25,723 INFO Epoch 12 | Batch 450 | Loss: 0.8615 | LR: 2.13e-04
2026-04-17 00:12:30,020 INFO Epoch 12 | Batch 500 | Loss: 0.7806 | LR: 2.13e-04
2026-04-17 00:12:34,184 INFO Epoch 12 | Batch 550 | Loss: 1.1714 | LR: 2.12e-04
2026-04-17 00:12:38,595 INFO Epoch 12 | Batch 600 | Loss: 0.8767 | LR: 2.12e-04
2026-04-17 00:12:42,889 INFO Epoch 12 | Batch 650 | Loss: 1.0737 | LR: 2.11e-04
2026-04-17 00:12:47,076 INFO Epoch 12 | Batch 700 | Loss: 0.9848 | LR: 2.11e-04
2026-04-17 00:12:51,392 INFO Epoch 12 | Batch 750 | Loss: 0.6248 | LR: 2.10e-04
2026-04-17 00:12:55,693 INFO Epoch 12 | Batch 800 | Loss: 0.7925 | LR: 2.09e-04
2026-04-17 00:13:00,172 INFO Epoch 12 | Batch 850 | Loss: 0.8609 | LR: 2.09e-04
2026-04-17 00:13:04,329 INFO Epoch 12 | Batch 900 | Loss: 0.9802 | LR: 2.08e-04
2026-04-17 00:13:08,503 INFO Epoch 12 | Batch 950 | Loss: 1.1319 | LR: 2.08e-04
2026-04-17 00:13:12,693 INFO Epoch 12 | Batch 1000 | Loss: 1.0306 | LR: 2.07e-04
2026-04-17 00:13:16,973 INFO Epoch 12 | Batch 1050 | Loss: 0.9124 | LR: 2.06e-04
2026-04-17 00:13:21,247 INFO Epoch 12 | Batch 1100 | Loss: 0.8711 | LR: 2.06e-04
2026-04-17 00:13:25,538 INFO Epoch 12 | Batch 1150 | Loss: 0.8480 | LR: 2.05e-04
2026-04-17 00:13:29,878 INFO Epoch 12 | Batch 1200 | Loss: 1.1535 | LR: 2.04e-04
2026-04-17 00:13:38,511 INFO Epoch 12 | Train: 0.9433 | Dev CER: 0.1645 | Dev WER: 0.4730 | Time: 113s | Peak: 6.5 GB
2026-04-17 00:13:38,511 INFO   New best CER: 0.1645
2026-04-17 00:13:40,585 INFO Epoch 13 | Batch 0 | Loss: 0.9518 | LR: 2.04e-04
2026-04-17 00:13:44,877 INFO Epoch 13 | Batch 50 | Loss: 0.7470 | LR: 2.03e-04
2026-04-17 00:13:49,228 INFO Epoch 13 | Batch 100 | Loss: 0.7786 | LR: 2.03e-04
2026-04-17 00:13:53,517 INFO Epoch 13 | Batch 150 | Loss: 0.7240 | LR: 2.02e-04
2026-04-17 00:13:57,772 INFO Epoch 13 | Batch 200 | Loss: 0.7683 | LR: 2.02e-04
2026-04-17 00:14:02,027 INFO Epoch 13 | Batch 250 | Loss: 0.9999 | LR: 2.01e-04
2026-04-17 00:14:06,194 INFO Epoch 13 | Batch 300 | Loss: 0.7932 | LR: 2.00e-04
2026-04-17 00:14:10,502 INFO Epoch 13 | Batch 350 | Loss: 1.0010 | LR: 2.00e-04
2026-04-17 00:14:14,739 INFO Epoch 13 | Batch 400 | Loss: 0.8738 | LR: 1.99e-04
2026-04-17 00:14:18,896 INFO Epoch 13 | Batch 450 | Loss: 0.8585 | LR: 1.99e-04
2026-04-17 00:14:23,039 INFO Epoch 13 | Batch 500 | Loss: 0.7274 | LR: 1.98e-04
2026-04-17 00:14:27,408 INFO Epoch 13 | Batch 550 | Loss: 0.7451 | LR: 1.97e-04
2026-04-17 00:14:31,755 INFO Epoch 13 | Batch 600 | Loss: 0.7840 | LR: 1.97e-04
2026-04-17 00:14:36,082 INFO Epoch 13 | Batch 650 | Loss: 0.9480 | LR: 1.96e-04
2026-04-17 00:14:40,325 INFO Epoch 13 | Batch 700 | Loss: 0.9501 | LR: 1.95e-04
2026-04-17 00:14:44,694 INFO Epoch 13 | Batch 750 | Loss: 0.9203 | LR: 1.95e-04
2026-04-17 00:14:49,039 INFO Epoch 13 | Batch 800 | Loss: 0.7707 | LR: 1.94e-04
2026-04-17 00:14:53,294 INFO Epoch 13 | Batch 850 | Loss: 1.3004 | LR: 1.94e-04
2026-04-17 00:14:57,565 INFO Epoch 13 | Batch 900 | Loss: 1.0054 | LR: 1.93e-04
2026-04-17 00:15:01,801 INFO Epoch 13 | Batch 950 | Loss: 0.8950 | LR: 1.92e-04
2026-04-17 00:15:06,071 INFO Epoch 13 | Batch 1000 | Loss: 0.8199 | LR: 1.92e-04
2026-04-17 00:15:10,237 INFO Epoch 13 | Batch 1050 | Loss: 0.6994 | LR: 1.91e-04
2026-04-17 00:15:14,573 INFO Epoch 13 | Batch 1100 | Loss: 1.4390 | LR: 1.90e-04
2026-04-17 00:15:19,005 INFO Epoch 13 | Batch 1150 | Loss: 1.0161 | LR: 1.90e-04
2026-04-17 00:15:23,225 INFO Epoch 13 | Batch 1200 | Loss: 1.3201 | LR: 1.89e-04
2026-04-17 00:15:31,667 INFO Epoch 13 | Train: 0.9105 | Dev CER: 0.1576 | Dev WER: 0.4560 | Time: 113s | Peak: 6.5 GB
2026-04-17 00:15:31,667 INFO   New best CER: 0.1576
2026-04-17 00:15:33,937 INFO Epoch 14 | Batch 0 | Loss: 0.9426 | LR: 1.89e-04
2026-04-17 00:15:38,222 INFO Epoch 14 | Batch 50 | Loss: 1.2057 | LR: 1.88e-04
2026-04-17 00:15:42,484 INFO Epoch 14 | Batch 100 | Loss: 0.8325 | LR: 1.87e-04
2026-04-17 00:15:46,732 INFO Epoch 14 | Batch 150 | Loss: 0.8210 | LR: 1.87e-04
2026-04-17 00:15:50,967 INFO Epoch 14 | Batch 200 | Loss: 0.8732 | LR: 1.86e-04
2026-04-17 00:15:55,166 INFO Epoch 14 | Batch 250 | Loss: 1.0107 | LR: 1.86e-04
2026-04-17 00:15:59,491 INFO Epoch 14 | Batch 300 | Loss: 0.7347 | LR: 1.85e-04
2026-04-17 00:16:03,825 INFO Epoch 14 | Batch 350 | Loss: 0.9633 | LR: 1.84e-04
2026-04-17 00:16:08,040 INFO Epoch 14 | Batch 400 | Loss: 0.8881 | LR: 1.84e-04
2026-04-17 00:16:12,365 INFO Epoch 14 | Batch 450 | Loss: 0.9711 | LR: 1.83e-04
2026-04-17 00:16:16,422 INFO Epoch 14 | Batch 500 | Loss: 0.8846 | LR: 1.82e-04
2026-04-17 00:16:20,608 INFO Epoch 14 | Batch 550 | Loss: 0.9387 | LR: 1.82e-04
2026-04-17 00:16:24,791 INFO Epoch 14 | Batch 600 | Loss: 1.0774 | LR: 1.81e-04
2026-04-17 00:16:29,053 INFO Epoch 14 | Batch 650 | Loss: 0.8027 | LR: 1.81e-04
2026-04-17 00:16:33,403 INFO Epoch 14 | Batch 700 | Loss: 0.9367 | LR: 1.80e-04
2026-04-17 00:16:37,681 INFO Epoch 14 | Batch 750 | Loss: 0.7795 | LR: 1.79e-04
2026-04-17 00:16:41,947 INFO Epoch 14 | Batch 800 | Loss: 0.8387 | LR: 1.79e-04
2026-04-17 00:16:46,317 INFO Epoch 14 | Batch 850 | Loss: 0.7762 | LR: 1.78e-04
2026-04-17 00:16:50,546 INFO Epoch 14 | Batch 900 | Loss: 0.8377 | LR: 1.77e-04
2026-04-17 00:16:54,677 INFO Epoch 14 | Batch 950 | Loss: 0.9385 | LR: 1.77e-04
2026-04-17 00:16:58,886 INFO Epoch 14 | Batch 1000 | Loss: 0.7565 | LR: 1.76e-04
2026-04-17 00:17:02,932 INFO Epoch 14 | Batch 1050 | Loss: 0.9692 | LR: 1.75e-04
2026-04-17 00:17:07,124 INFO Epoch 14 | Batch 1100 | Loss: 0.8039 | LR: 1.75e-04
2026-04-17 00:17:11,114 INFO Epoch 14 | Batch 1150 | Loss: 0.8574 | LR: 1.74e-04
2026-04-17 00:17:15,293 INFO Epoch 14 | Batch 1200 | Loss: 0.9192 | LR: 1.73e-04
2026-04-17 00:17:23,819 INFO Epoch 14 | Train: 0.8993 | Dev CER: 0.1545 | Dev WER: 0.4494 | Time: 111s | Peak: 6.5 GB
2026-04-17 00:17:23,820 INFO   New best CER: 0.1545
2026-04-17 00:17:25,870 INFO Epoch 15 | Batch 0 | Loss: 0.7689 | LR: 1.73e-04
2026-04-17 00:17:30,173 INFO Epoch 15 | Batch 50 | Loss: 0.8962 | LR: 1.72e-04
2026-04-17 00:17:34,418 INFO Epoch 15 | Batch 100 | Loss: 0.7150 | LR: 1.72e-04
2026-04-17 00:17:38,727 INFO Epoch 15 | Batch 150 | Loss: 0.7164 | LR: 1.71e-04
2026-04-17 00:17:43,044 INFO Epoch 15 | Batch 200 | Loss: 0.9766 | LR: 1.70e-04
2026-04-17 00:17:47,316 INFO Epoch 15 | Batch 250 | Loss: 0.7431 | LR: 1.70e-04
2026-04-17 00:17:51,632 INFO Epoch 15 | Batch 300 | Loss: 0.8956 | LR: 1.69e-04
2026-04-17 00:17:55,971 INFO Epoch 15 | Batch 350 | Loss: 0.7308 | LR: 1.68e-04
2026-04-17 00:18:00,194 INFO Epoch 15 | Batch 400 | Loss: 0.7226 | LR: 1.68e-04
2026-04-17 00:18:04,561 INFO Epoch 15 | Batch 450 | Loss: 0.6553 | LR: 1.67e-04
2026-04-17 00:18:08,799 INFO Epoch 15 | Batch 500 | Loss: 0.9581 | LR: 1.67e-04
2026-04-17 00:18:13,160 INFO Epoch 15 | Batch 550 | Loss: 0.6823 | LR: 1.66e-04
2026-04-17 00:18:17,329 INFO Epoch 15 | Batch 600 | Loss: 0.6511 | LR: 1.65e-04
2026-04-17 00:18:21,704 INFO Epoch 15 | Batch 650 | Loss: 0.6592 | LR: 1.65e-04
2026-04-17 00:18:25,890 INFO Epoch 15 | Batch 700 | Loss: 0.8430 | LR: 1.64e-04
2026-04-17 00:18:30,178 INFO Epoch 15 | Batch 750 | Loss: 0.8568 | LR: 1.63e-04
2026-04-17 00:18:34,365 INFO Epoch 15 | Batch 800 | Loss: 0.8754 | LR: 1.63e-04
2026-04-17 00:18:38,631 INFO Epoch 15 | Batch 850 | Loss: 0.7109 | LR: 1.62e-04
2026-04-17 00:18:42,888 INFO Epoch 15 | Batch 900 | Loss: 1.0269 | LR: 1.61e-04
2026-04-17 00:18:47,262 INFO Epoch 15 | Batch 950 | Loss: 0.9191 | LR: 1.61e-04
2026-04-17 00:18:51,607 INFO Epoch 15 | Batch 1000 | Loss: 0.7694 | LR: 1.60e-04
2026-04-17 00:18:55,856 INFO Epoch 15 | Batch 1050 | Loss: 0.7184 | LR: 1.59e-04
2026-04-17 00:19:00,090 INFO Epoch 15 | Batch 1100 | Loss: 0.8892 | LR: 1.59e-04
2026-04-17 00:19:04,418 INFO Epoch 15 | Batch 1150 | Loss: 0.9181 | LR: 1.58e-04
2026-04-17 00:19:08,474 INFO Epoch 15 | Batch 1200 | Loss: 0.9769 | LR: 1.57e-04
2026-04-17 00:19:16,950 INFO Epoch 15 | Train: 0.8761 | Dev CER: 0.1513 | Dev WER: 0.4409 | Time: 113s | Peak: 6.5 GB
2026-04-17 00:19:16,950 INFO   New best CER: 0.1513
2026-04-17 00:19:19,213 INFO Epoch 16 | Batch 0 | Loss: 0.7893 | LR: 1.57e-04
2026-04-17 00:19:23,519 INFO Epoch 16 | Batch 50 | Loss: 0.7659 | LR: 1.56e-04
2026-04-17 00:19:27,835 INFO Epoch 16 | Batch 100 | Loss: 1.0701 | LR: 1.56e-04
2026-04-17 00:19:32,196 INFO Epoch 16 | Batch 150 | Loss: 0.7177 | LR: 1.55e-04
2026-04-17 00:19:36,110 INFO Epoch 16 | Batch 200 | Loss: 0.6256 | LR: 1.54e-04
2026-04-17 00:19:40,171 INFO Epoch 16 | Batch 250 | Loss: 0.9640 | LR: 1.54e-04
2026-04-17 00:19:44,501 INFO Epoch 16 | Batch 300 | Loss: 0.9549 | LR: 1.53e-04
2026-04-17 00:19:48,834 INFO Epoch 16 | Batch 350 | Loss: 0.7715 | LR: 1.52e-04
2026-04-17 00:19:53,140 INFO Epoch 16 | Batch 400 | Loss: 0.7218 | LR: 1.52e-04
2026-04-17 00:19:57,414 INFO Epoch 16 | Batch 450 | Loss: 0.8012 | LR: 1.51e-04
2026-04-17 00:20:01,738 INFO Epoch 16 | Batch 500 | Loss: 0.8203 | LR: 1.50e-04
2026-04-17 00:20:06,038 INFO Epoch 16 | Batch 550 | Loss: 0.7569 | LR: 1.50e-04
2026-04-17 00:20:10,266 INFO Epoch 16 | Batch 600 | Loss: 0.9787 | LR: 1.49e-04
2026-04-17 00:20:14,518 INFO Epoch 16 | Batch 650 | Loss: 0.8015 | LR: 1.49e-04
2026-04-17 00:20:18,546 INFO Epoch 16 | Batch 700 | Loss: 1.0581 | LR: 1.48e-04
2026-04-17 00:20:22,595 INFO Epoch 16 | Batch 750 | Loss: 0.9202 | LR: 1.47e-04
2026-04-17 00:20:26,686 INFO Epoch 16 | Batch 800 | Loss: 0.7307 | LR: 1.47e-04
2026-04-17 00:20:30,713 INFO Epoch 16 | Batch 850 | Loss: 0.6676 | LR: 1.46e-04
2026-04-17 00:20:34,751 INFO Epoch 16 | Batch 900 | Loss: 1.1884 | LR: 1.45e-04
2026-04-17 00:20:39,013 INFO Epoch 16 | Batch 950 | Loss: 0.7086 | LR: 1.45e-04
2026-04-17 00:20:43,375 INFO Epoch 16 | Batch 1000 | Loss: 0.7828 | LR: 1.44e-04
2026-04-17 00:20:47,576 INFO Epoch 16 | Batch 1050 | Loss: 0.7403 | LR: 1.43e-04
2026-04-17 00:20:51,590 INFO Epoch 16 | Batch 1100 | Loss: 0.7920 | LR: 1.43e-04
2026-04-17 00:20:55,690 INFO Epoch 16 | Batch 1150 | Loss: 0.7722 | LR: 1.42e-04
2026-04-17 00:20:59,801 INFO Epoch 16 | Batch 1200 | Loss: 0.6985 | LR: 1.41e-04
2026-04-17 00:21:08,472 INFO Epoch 16 | Train: 0.8598 | Dev CER: 0.1451 | Dev WER: 0.4275 | Time: 111s | Peak: 6.5 GB
2026-04-17 00:21:08,472 INFO   New best CER: 0.1451
2026-04-17 00:21:10,554 INFO Epoch 17 | Batch 0 | Loss: 0.6527 | LR: 1.41e-04
2026-04-17 00:21:14,812 INFO Epoch 17 | Batch 50 | Loss: 0.9763 | LR: 1.40e-04
2026-04-17 00:21:19,075 INFO Epoch 17 | Batch 100 | Loss: 0.8182 | LR: 1.40e-04
2026-04-17 00:21:23,387 INFO Epoch 17 | Batch 150 | Loss: 0.8573 | LR: 1.39e-04
2026-04-17 00:21:27,773 INFO Epoch 17 | Batch 200 | Loss: 0.8314 | LR: 1.38e-04
2026-04-17 00:21:31,985 INFO Epoch 17 | Batch 250 | Loss: 0.6575 | LR: 1.38e-04
2026-04-17 00:21:36,178 INFO Epoch 17 | Batch 300 | Loss: 0.7914 | LR: 1.37e-04
2026-04-17 00:21:40,519 INFO Epoch 17 | Batch 350 | Loss: 0.6696 | LR: 1.36e-04
2026-04-17 00:21:44,869 INFO Epoch 17 | Batch 400 | Loss: 0.7571 | LR: 1.36e-04
2026-04-17 00:21:49,104 INFO Epoch 17 | Batch 450 | Loss: 0.9831 | LR: 1.35e-04
2026-04-17 00:21:53,385 INFO Epoch 17 | Batch 500 | Loss: 0.8596 | LR: 1.34e-04
2026-04-17 00:21:57,655 INFO Epoch 17 | Batch 550 | Loss: 0.7905 | LR: 1.34e-04
2026-04-17 00:22:01,907 INFO Epoch 17 | Batch 600 | Loss: 0.7375 | LR: 1.33e-04
2026-04-17 00:22:06,191 INFO Epoch 17 | Batch 650 | Loss: 0.8669 | LR: 1.32e-04
2026-04-17 00:22:10,523 INFO Epoch 17 | Batch 700 | Loss: 0.6919 | LR: 1.32e-04
2026-04-17 00:22:14,765 INFO Epoch 17 | Batch 750 | Loss: 0.7859 | LR: 1.31e-04
2026-04-17 00:22:19,082 INFO Epoch 17 | Batch 800 | Loss: 0.6931 | LR: 1.31e-04
2026-04-17 00:22:23,342 INFO Epoch 17 | Batch 850 | Loss: 0.9561 | LR: 1.30e-04
2026-04-17 00:22:27,604 INFO Epoch 17 | Batch 900 | Loss: 0.6169 | LR: 1.29e-04
2026-04-17 00:22:31,759 INFO Epoch 17 | Batch 950 | Loss: 0.8291 | LR: 1.29e-04
2026-04-17 00:22:36,116 INFO Epoch 17 | Batch 1000 | Loss: 0.8260 | LR: 1.28e-04
2026-04-17 00:22:40,430 INFO Epoch 17 | Batch 1050 | Loss: 0.7023 | LR: 1.27e-04
2026-04-17 00:22:44,840 INFO Epoch 17 | Batch 1100 | Loss: 0.7103 | LR: 1.27e-04
2026-04-17 00:22:49,129 INFO Epoch 17 | Batch 1150 | Loss: 0.9389 | LR: 1.26e-04
2026-04-17 00:22:53,388 INFO Epoch 17 | Batch 1200 | Loss: 0.8545 | LR: 1.25e-04
2026-04-17 00:23:01,908 INFO Epoch 17 | Train: 0.8410 | Dev CER: 0.1431 | Dev WER: 0.4227 | Time: 113s | Peak: 6.5 GB
2026-04-17 00:23:01,908 INFO   New best CER: 0.1431
2026-04-17 00:23:03,957 INFO Epoch 18 | Batch 0 | Loss: 1.1206 | LR: 1.25e-04
2026-04-17 00:23:08,299 INFO Epoch 18 | Batch 50 | Loss: 0.7413 | LR: 1.24e-04
2026-04-17 00:23:12,614 INFO Epoch 18 | Batch 100 | Loss: 0.7659 | LR: 1.24e-04
2026-04-17 00:23:16,847 INFO Epoch 18 | Batch 150 | Loss: 0.9578 | LR: 1.23e-04
2026-04-17 00:23:21,265 INFO Epoch 18 | Batch 200 | Loss: 1.0423 | LR: 1.22e-04
2026-04-17 00:23:25,502 INFO Epoch 18 | Batch 250 | Loss: 0.6400 | LR: 1.22e-04
2026-04-17 00:23:29,898 INFO Epoch 18 | Batch 300 | Loss: 0.7088 | LR: 1.21e-04
2026-04-17 00:23:34,143 INFO Epoch 18 | Batch 350 | Loss: 0.6122 | LR: 1.20e-04
2026-04-17 00:23:38,415 INFO Epoch 18 | Batch 400 | Loss: 0.8046 | LR: 1.20e-04
2026-04-17 00:23:42,424 INFO Epoch 18 | Batch 450 | Loss: 0.7527 | LR: 1.19e-04
2026-04-17 00:23:46,507 INFO Epoch 18 | Batch 500 | Loss: 0.7036 | LR: 1.19e-04
2026-04-17 00:23:50,525 INFO Epoch 18 | Batch 550 | Loss: 0.6518 | LR: 1.18e-04
2026-04-17 00:23:54,650 INFO Epoch 18 | Batch 600 | Loss: 0.5328 | LR: 1.17e-04
2026-04-17 00:23:58,744 INFO Epoch 18 | Batch 650 | Loss: 1.1671 | LR: 1.17e-04
2026-04-17 00:24:02,829 INFO Epoch 18 | Batch 700 | Loss: 0.6809 | LR: 1.16e-04
2026-04-17 00:24:06,920 INFO Epoch 18 | Batch 750 | Loss: 0.7975 | LR: 1.15e-04
2026-04-17 00:24:10,997 INFO Epoch 18 | Batch 800 | Loss: 1.0345 | LR: 1.15e-04
2026-04-17 00:24:15,163 INFO Epoch 18 | Batch 850 | Loss: 0.9283 | LR: 1.14e-04
2026-04-17 00:24:19,269 INFO Epoch 18 | Batch 900 | Loss: 0.6953 | LR: 1.13e-04
2026-04-17 00:24:23,355 INFO Epoch 18 | Batch 950 | Loss: 0.8343 | LR: 1.13e-04
2026-04-17 00:24:27,521 INFO Epoch 18 | Batch 1000 | Loss: 0.8464 | LR: 1.12e-04
2026-04-17 00:24:31,560 INFO Epoch 18 | Batch 1050 | Loss: 0.8548 | LR: 1.12e-04
2026-04-17 00:24:35,703 INFO Epoch 18 | Batch 1100 | Loss: 0.9624 | LR: 1.11e-04
2026-04-17 00:24:39,842 INFO Epoch 18 | Batch 1150 | Loss: 1.2927 | LR: 1.10e-04
2026-04-17 00:24:43,890 INFO Epoch 18 | Batch 1200 | Loss: 0.7521 | LR: 1.10e-04
2026-04-17 00:24:52,265 INFO Epoch 18 | Train: 0.8213 | Dev CER: 0.1408 | Dev WER: 0.4129 | Time: 110s | Peak: 6.5 GB
2026-04-17 00:24:52,265 INFO   New best CER: 0.1408
2026-04-17 00:24:54,509 INFO Epoch 19 | Batch 0 | Loss: 1.1116 | LR: 1.09e-04
2026-04-17 00:24:58,666 INFO Epoch 19 | Batch 50 | Loss: 0.5563 | LR: 1.09e-04
2026-04-17 00:25:02,918 INFO Epoch 19 | Batch 100 | Loss: 0.7769 | LR: 1.08e-04
2026-04-17 00:25:07,181 INFO Epoch 19 | Batch 150 | Loss: 0.4967 | LR: 1.07e-04
2026-04-17 00:25:11,444 INFO Epoch 19 | Batch 200 | Loss: 0.6682 | LR: 1.07e-04
2026-04-17 00:25:15,789 INFO Epoch 19 | Batch 250 | Loss: 0.7638 | LR: 1.06e-04
2026-04-17 00:25:20,115 INFO Epoch 19 | Batch 300 | Loss: 0.8164 | LR: 1.06e-04
2026-04-17 00:25:24,482 INFO Epoch 19 | Batch 350 | Loss: 1.1137 | LR: 1.05e-04
2026-04-17 00:25:28,669 INFO Epoch 19 | Batch 400 | Loss: 0.8673 | LR: 1.04e-04
2026-04-17 00:25:33,035 INFO Epoch 19 | Batch 450 | Loss: 0.9523 | LR: 1.04e-04
2026-04-17 00:25:37,205 INFO Epoch 19 | Batch 500 | Loss: 1.1438 | LR: 1.03e-04
2026-04-17 00:25:41,434 INFO Epoch 19 | Batch 550 | Loss: 0.7779 | LR: 1.02e-04
2026-04-17 00:25:45,749 INFO Epoch 19 | Batch 600 | Loss: 0.7533 | LR: 1.02e-04
2026-04-17 00:25:50,046 INFO Epoch 19 | Batch 650 | Loss: 1.0788 | LR: 1.01e-04
2026-04-17 00:25:54,467 INFO Epoch 19 | Batch 700 | Loss: 0.7221 | LR: 1.01e-04
2026-04-17 00:25:58,734 INFO Epoch 19 | Batch 750 | Loss: 1.0456 | LR: 1.00e-04
2026-04-17 00:26:03,098 INFO Epoch 19 | Batch 800 | Loss: 0.6491 | LR: 9.94e-05
2026-04-17 00:26:07,507 INFO Epoch 19 | Batch 850 | Loss: 0.8333 | LR: 9.88e-05
2026-04-17 00:26:11,770 INFO Epoch 19 | Batch 900 | Loss: 0.7910 | LR: 9.81e-05
2026-04-17 00:26:16,119 INFO Epoch 19 | Batch 950 | Loss: 0.7601 | LR: 9.75e-05
2026-04-17 00:26:20,516 INFO Epoch 19 | Batch 1000 | Loss: 0.7278 | LR: 9.69e-05
2026-04-17 00:26:24,940 INFO Epoch 19 | Batch 1050 | Loss: 0.6902 | LR: 9.63e-05
2026-04-17 00:26:29,223 INFO Epoch 19 | Batch 1100 | Loss: 0.7124 | LR: 9.57e-05
2026-04-17 00:26:33,429 INFO Epoch 19 | Batch 1150 | Loss: 1.0100 | LR: 9.51e-05
2026-04-17 00:26:37,737 INFO Epoch 19 | Batch 1200 | Loss: 0.6388 | LR: 9.45e-05
2026-04-17 00:26:46,400 INFO Epoch 19 | Train: 0.8125 | Dev CER: 0.1372 | Dev WER: 0.4066 | Time: 113s | Peak: 6.5 GB
2026-04-17 00:26:46,400 INFO   New best CER: 0.1372
2026-04-17 00:26:48,666 INFO Epoch 20 | Batch 0 | Loss: 0.6008 | LR: 9.41e-05
2026-04-17 00:26:52,947 INFO Epoch 20 | Batch 50 | Loss: 0.7610 | LR: 9.35e-05
2026-04-17 00:26:57,289 INFO Epoch 20 | Batch 100 | Loss: 0.4505 | LR: 9.29e-05
2026-04-17 00:27:01,502 INFO Epoch 20 | Batch 150 | Loss: 0.8645 | LR: 9.23e-05
2026-04-17 00:27:05,864 INFO Epoch 20 | Batch 200 | Loss: 0.7408 | LR: 9.17e-05
2026-04-17 00:27:10,057 INFO Epoch 20 | Batch 250 | Loss: 0.8666 | LR: 9.11e-05
2026-04-17 00:27:14,382 INFO Epoch 20 | Batch 300 | Loss: 0.5733 | LR: 9.05e-05
2026-04-17 00:27:18,689 INFO Epoch 20 | Batch 350 | Loss: 0.9269 | LR: 8.99e-05
2026-04-17 00:27:23,020 INFO Epoch 20 | Batch 400 | Loss: 0.8381 | LR: 8.93e-05
2026-04-17 00:27:27,278 INFO Epoch 20 | Batch 450 | Loss: 0.7964 | LR: 8.87e-05
2026-04-17 00:27:31,414 INFO Epoch 20 | Batch 500 | Loss: 0.7025 | LR: 8.81e-05
2026-04-17 00:27:35,607 INFO Epoch 20 | Batch 550 | Loss: 0.7024 | LR: 8.75e-05
2026-04-17 00:27:39,729 INFO Epoch 20 | Batch 600 | Loss: 1.2695 | LR: 8.69e-05
2026-04-17 00:27:43,810 INFO Epoch 20 | Batch 650 | Loss: 0.6852 | LR: 8.63e-05
2026-04-17 00:27:47,856 INFO Epoch 20 | Batch 700 | Loss: 1.1649 | LR: 8.57e-05
2026-04-17 00:27:51,989 INFO Epoch 20 | Batch 750 | Loss: 0.6822 | LR: 8.52e-05
2026-04-17 00:27:56,072 INFO Epoch 20 | Batch 800 | Loss: 0.9816 | LR: 8.46e-05
2026-04-17 00:28:00,269 INFO Epoch 20 | Batch 850 | Loss: 0.7850 | LR: 8.40e-05
2026-04-17 00:28:04,468 INFO Epoch 20 | Batch 900 | Loss: 0.6403 | LR: 8.34e-05
2026-04-17 00:28:08,543 INFO Epoch 20 | Batch 950 | Loss: 0.7302 | LR: 8.28e-05
2026-04-17 00:28:12,708 INFO Epoch 20 | Batch 1000 | Loss: 0.9451 | LR: 8.22e-05
2026-04-17 00:28:17,074 INFO Epoch 20 | Batch 1050 | Loss: 0.7711 | LR: 8.17e-05
2026-04-17 00:28:21,046 INFO Epoch 20 | Batch 1100 | Loss: 1.1037 | LR: 8.11e-05
2026-04-17 00:28:25,152 INFO Epoch 20 | Batch 1150 | Loss: 1.0359 | LR: 8.05e-05
2026-04-17 00:28:29,207 INFO Epoch 20 | Batch 1200 | Loss: 0.5361 | LR: 7.99e-05
2026-04-17 00:28:37,683 INFO Epoch 20 | Train: 0.8054 | Dev CER: 0.1354 | Dev WER: 0.4041 | Time: 111s | Peak: 6.5 GB
2026-04-17 00:28:37,684 INFO   New best CER: 0.1354
2026-04-17 00:28:39,840 INFO Epoch 21 | Batch 0 | Loss: 0.8236 | LR: 7.95e-05
2026-04-17 00:28:44,229 INFO Epoch 21 | Batch 50 | Loss: 0.8962 | LR: 7.90e-05
2026-04-17 00:28:48,429 INFO Epoch 21 | Batch 100 | Loss: 0.8418 | LR: 7.84e-05
2026-04-17 00:28:52,740 INFO Epoch 21 | Batch 150 | Loss: 0.6873 | LR: 7.78e-05
2026-04-17 00:28:57,094 INFO Epoch 21 | Batch 200 | Loss: 0.6126 | LR: 7.72e-05
2026-04-17 00:29:01,332 INFO Epoch 21 | Batch 250 | Loss: 0.7450 | LR: 7.67e-05
2026-04-17 00:29:05,606 INFO Epoch 21 | Batch 300 | Loss: 0.7161 | LR: 7.61e-05
2026-04-17 00:29:09,943 INFO Epoch 21 | Batch 350 | Loss: 0.6374 | LR: 7.56e-05
2026-04-17 00:29:14,267 INFO Epoch 21 | Batch 400 | Loss: 0.7224 | LR: 7.50e-05
2026-04-17 00:29:18,536 INFO Epoch 21 | Batch 450 | Loss: 0.6087 | LR: 7.44e-05
2026-04-17 00:29:22,839 INFO Epoch 21 | Batch 500 | Loss: 0.9005 | LR: 7.39e-05
2026-04-17 00:29:27,152 INFO Epoch 21 | Batch 550 | Loss: 0.6962 | LR: 7.33e-05
2026-04-17 00:29:31,396 INFO Epoch 21 | Batch 600 | Loss: 0.6375 | LR: 7.28e-05
2026-04-17 00:29:35,771 INFO Epoch 21 | Batch 650 | Loss: 0.8756 | LR: 7.22e-05
2026-04-17 00:29:40,037 INFO Epoch 21 | Batch 700 | Loss: 1.1007 | LR: 7.16e-05
2026-04-17 00:29:44,245 INFO Epoch 21 | Batch 750 | Loss: 0.6526 | LR: 7.11e-05
2026-04-17 00:29:48,565 INFO Epoch 21 | Batch 800 | Loss: 1.0289 | LR: 7.05e-05
2026-04-17 00:29:52,793 INFO Epoch 21 | Batch 850 | Loss: 0.6055 | LR: 7.00e-05
2026-04-17 00:29:57,065 INFO Epoch 21 | Batch 900 | Loss: 1.1278 | LR: 6.94e-05
2026-04-17 00:30:01,256 INFO Epoch 21 | Batch 950 | Loss: 0.6709 | LR: 6.89e-05
2026-04-17 00:30:05,604 INFO Epoch 21 | Batch 1000 | Loss: 0.5404 | LR: 6.84e-05
2026-04-17 00:30:09,671 INFO Epoch 21 | Batch 1050 | Loss: 0.7226 | LR: 6.78e-05
2026-04-17 00:30:13,766 INFO Epoch 21 | Batch 1100 | Loss: 0.7655 | LR: 6.73e-05
2026-04-17 00:30:17,913 INFO Epoch 21 | Batch 1150 | Loss: 0.7106 | LR: 6.67e-05
2026-04-17 00:30:22,023 INFO Epoch 21 | Batch 1200 | Loss: 1.1684 | LR: 6.62e-05
2026-04-17 00:30:30,411 INFO Epoch 21 | Train: 0.7870 | Dev CER: 0.1322 | Dev WER: 0.3917 | Time: 112s | Peak: 6.5 GB
2026-04-17 00:30:30,411 INFO   New best CER: 0.1322
2026-04-17 00:30:32,685 INFO Epoch 22 | Batch 0 | Loss: 1.0128 | LR: 6.58e-05
2026-04-17 00:30:36,976 INFO Epoch 22 | Batch 50 | Loss: 0.5653 | LR: 6.53e-05
2026-04-17 00:30:41,296 INFO Epoch 22 | Batch 100 | Loss: 0.5973 | LR: 6.47e-05
2026-04-17 00:30:45,494 INFO Epoch 22 | Batch 150 | Loss: 1.0637 | LR: 6.42e-05
2026-04-17 00:30:49,669 INFO Epoch 22 | Batch 200 | Loss: 0.8707 | LR: 6.37e-05
2026-04-17 00:30:53,999 INFO Epoch 22 | Batch 250 | Loss: 0.6211 | LR: 6.31e-05
2026-04-17 00:30:58,164 INFO Epoch 22 | Batch 300 | Loss: 0.8048 | LR: 6.26e-05
2026-04-17 00:31:02,388 INFO Epoch 22 | Batch 350 | Loss: 0.9071 | LR: 6.21e-05
2026-04-17 00:31:06,595 INFO Epoch 22 | Batch 400 | Loss: 0.6773 | LR: 6.16e-05
2026-04-17 00:31:10,922 INFO Epoch 22 | Batch 450 | Loss: 0.5663 | LR: 6.10e-05
2026-04-17 00:31:15,213 INFO Epoch 22 | Batch 500 | Loss: 0.5497 | LR: 6.05e-05
2026-04-17 00:31:19,495 INFO Epoch 22 | Batch 550 | Loss: 0.7425 | LR: 6.00e-05
2026-04-17 00:31:23,817 INFO Epoch 22 | Batch 600 | Loss: 0.7905 | LR: 5.95e-05
2026-04-17 00:31:28,088 INFO Epoch 22 | Batch 650 | Loss: 0.7849 | LR: 5.90e-05
2026-04-17 00:31:32,481 INFO Epoch 22 | Batch 700 | Loss: 0.5947 | LR: 5.85e-05
2026-04-17 00:31:36,632 INFO Epoch 22 | Batch 750 | Loss: 0.8179 | LR: 5.79e-05
2026-04-17 00:31:40,893 INFO Epoch 22 | Batch 800 | Loss: 0.7924 | LR: 5.74e-05
2026-04-17 00:31:45,176 INFO Epoch 22 | Batch 850 | Loss: 0.8065 | LR: 5.69e-05
2026-04-17 00:31:49,430 INFO Epoch 22 | Batch 900 | Loss: 0.8945 | LR: 5.64e-05
2026-04-17 00:31:53,641 INFO Epoch 22 | Batch 950 | Loss: 0.8884 | LR: 5.59e-05
2026-04-17 00:31:57,895 INFO Epoch 22 | Batch 1000 | Loss: 0.6025 | LR: 5.54e-05
2026-04-17 00:32:02,203 INFO Epoch 22 | Batch 1050 | Loss: 0.6703 | LR: 5.49e-05
2026-04-17 00:32:06,596 INFO Epoch 22 | Batch 1100 | Loss: 0.8025 | LR: 5.44e-05
2026-04-17 00:32:10,816 INFO Epoch 22 | Batch 1150 | Loss: 0.7754 | LR: 5.39e-05
2026-04-17 00:32:15,238 INFO Epoch 22 | Batch 1200 | Loss: 0.9534 | LR: 5.34e-05
2026-04-17 00:32:23,775 INFO Epoch 22 | Train: 0.7792 | Dev CER: 0.1314 | Dev WER: 0.3906 | Time: 113s | Peak: 6.5 GB
2026-04-17 00:32:23,775 INFO   New best CER: 0.1314
2026-04-17 00:32:25,997 INFO Epoch 23 | Batch 0 | Loss: 0.8307 | LR: 5.31e-05
2026-04-17 00:32:30,350 INFO Epoch 23 | Batch 50 | Loss: 0.7971 | LR: 5.26e-05
2026-04-17 00:32:34,644 INFO Epoch 23 | Batch 100 | Loss: 0.6070 | LR: 5.21e-05
2026-04-17 00:32:38,921 INFO Epoch 23 | Batch 150 | Loss: 0.8284 | LR: 5.16e-05
2026-04-17 00:32:43,208 INFO Epoch 23 | Batch 200 | Loss: 0.5831 | LR: 5.11e-05
2026-04-17 00:32:47,512 INFO Epoch 23 | Batch 250 | Loss: 0.9412 | LR: 5.06e-05
2026-04-17 00:32:51,639 INFO Epoch 23 | Batch 300 | Loss: 0.6527 | LR: 5.01e-05
2026-04-17 00:32:55,914 INFO Epoch 23 | Batch 350 | Loss: 0.8601 | LR: 4.97e-05
2026-04-17 00:33:00,238 INFO Epoch 23 | Batch 400 | Loss: 0.9244 | LR: 4.92e-05
2026-04-17 00:33:04,409 INFO Epoch 23 | Batch 450 | Loss: 0.5964 | LR: 4.87e-05
2026-04-17 00:33:08,789 INFO Epoch 23 | Batch 500 | Loss: 0.8814 | LR: 4.82e-05
2026-04-17 00:33:13,108 INFO Epoch 23 | Batch 550 | Loss: 0.8252 | LR: 4.77e-05
2026-04-17 00:33:17,390 INFO Epoch 23 | Batch 600 | Loss: 0.6907 | LR: 4.73e-05
2026-04-17 00:33:21,681 INFO Epoch 23 | Batch 650 | Loss: 1.1606 | LR: 4.68e-05
2026-04-17 00:33:25,941 INFO Epoch 23 | Batch 700 | Loss: 0.9773 | LR: 4.63e-05
2026-04-17 00:33:30,219 INFO Epoch 23 | Batch 750 | Loss: 1.0981 | LR: 4.59e-05
2026-04-17 00:33:34,468 INFO Epoch 23 | Batch 800 | Loss: 0.6047 | LR: 4.54e-05
2026-04-17 00:33:38,727 INFO Epoch 23 | Batch 850 | Loss: 0.7553 | LR: 4.49e-05
2026-04-17 00:33:42,825 INFO Epoch 23 | Batch 900 | Loss: 0.5825 | LR: 4.45e-05
2026-04-17 00:33:47,085 INFO Epoch 23 | Batch 950 | Loss: 0.8254 | LR: 4.40e-05
2026-04-17 00:33:51,279 INFO Epoch 23 | Batch 1000 | Loss: 0.8428 | LR: 4.36e-05
2026-04-17 00:33:55,474 INFO Epoch 23 | Batch 1050 | Loss: 0.6738 | LR: 4.31e-05
2026-04-17 00:33:59,743 INFO Epoch 23 | Batch 1100 | Loss: 0.6901 | LR: 4.27e-05
2026-04-17 00:34:03,984 INFO Epoch 23 | Batch 1150 | Loss: 0.6386 | LR: 4.22e-05
2026-04-17 00:34:08,440 INFO Epoch 23 | Batch 1200 | Loss: 0.7355 | LR: 4.18e-05
2026-04-17 00:34:17,076 INFO Epoch 23 | Train: 0.7623 | Dev CER: 0.1301 | Dev WER: 0.3886 | Time: 113s | Peak: 6.5 GB
2026-04-17 00:34:17,076 INFO   New best CER: 0.1301
2026-04-17 00:34:19,130 INFO Epoch 24 | Batch 0 | Loss: 0.6447 | LR: 4.14e-05
2026-04-17 00:34:23,434 INFO Epoch 24 | Batch 50 | Loss: 0.7115 | LR: 4.10e-05
2026-04-17 00:34:27,610 INFO Epoch 24 | Batch 100 | Loss: 0.7197 | LR: 4.06e-05
2026-04-17 00:34:31,793 INFO Epoch 24 | Batch 150 | Loss: 0.7723 | LR: 4.01e-05
2026-04-17 00:34:36,166 INFO Epoch 24 | Batch 200 | Loss: 0.6448 | LR: 3.97e-05
2026-04-17 00:34:40,370 INFO Epoch 24 | Batch 250 | Loss: 0.5875 | LR: 3.92e-05
2026-04-17 00:34:44,541 INFO Epoch 24 | Batch 300 | Loss: 0.6204 | LR: 3.88e-05
2026-04-17 00:34:48,752 INFO Epoch 24 | Batch 350 | Loss: 0.6172 | LR: 3.84e-05
2026-04-17 00:34:52,996 INFO Epoch 24 | Batch 400 | Loss: 0.5798 | LR: 3.80e-05
2026-04-17 00:34:57,224 INFO Epoch 24 | Batch 450 | Loss: 0.6939 | LR: 3.75e-05
2026-04-17 00:35:01,598 INFO Epoch 24 | Batch 500 | Loss: 0.8417 | LR: 3.71e-05
2026-04-17 00:35:05,922 INFO Epoch 24 | Batch 550 | Loss: 0.6367 | LR: 3.67e-05
2026-04-17 00:35:10,061 INFO Epoch 24 | Batch 600 | Loss: 0.9359 | LR: 3.63e-05
2026-04-17 00:35:14,026 INFO Epoch 24 | Batch 650 | Loss: 0.7450 | LR: 3.58e-05
2026-04-17 00:35:18,140 INFO Epoch 24 | Batch 700 | Loss: 0.8662 | LR: 3.54e-05
2026-04-17 00:35:22,308 INFO Epoch 24 | Batch 750 | Loss: 1.0570 | LR: 3.50e-05
2026-04-17 00:35:26,371 INFO Epoch 24 | Batch 800 | Loss: 0.8433 | LR: 3.46e-05
2026-04-17 00:35:30,387 INFO Epoch 24 | Batch 850 | Loss: 0.7352 | LR: 3.42e-05
2026-04-17 00:35:34,757 INFO Epoch 24 | Batch 900 | Loss: 0.7621 | LR: 3.38e-05
2026-04-17 00:35:38,974 INFO Epoch 24 | Batch 950 | Loss: 1.2187 | LR: 3.34e-05
2026-04-17 00:35:43,290 INFO Epoch 24 | Batch 1000 | Loss: 0.9580 | LR: 3.30e-05
2026-04-17 00:35:47,518 INFO Epoch 24 | Batch 1050 | Loss: 0.5961 | LR: 3.26e-05
2026-04-17 00:35:51,773 INFO Epoch 24 | Batch 1100 | Loss: 0.5278 | LR: 3.22e-05
2026-04-17 00:35:56,064 INFO Epoch 24 | Batch 1150 | Loss: 0.8146 | LR: 3.18e-05
2026-04-17 00:36:00,211 INFO Epoch 24 | Batch 1200 | Loss: 0.8271 | LR: 3.14e-05
2026-04-17 00:36:08,458 INFO Epoch 24 | Train: 0.7529 | Dev CER: 0.1287 | Dev WER: 0.3843 | Time: 111s | Peak: 6.5 GB
2026-04-17 00:36:08,458 INFO   New best CER: 0.1287
2026-04-17 00:36:10,722 INFO Epoch 25 | Batch 0 | Loss: 0.5113 | LR: 3.11e-05
2026-04-17 00:36:14,995 INFO Epoch 25 | Batch 50 | Loss: 1.0167 | LR: 3.07e-05
2026-04-17 00:36:19,193 INFO Epoch 25 | Batch 100 | Loss: 0.6254 | LR: 3.03e-05
2026-04-17 00:36:23,356 INFO Epoch 25 | Batch 150 | Loss: 0.7224 | LR: 2.99e-05
2026-04-17 00:36:27,637 INFO Epoch 25 | Batch 200 | Loss: 0.7181 | LR: 2.95e-05
2026-04-17 00:36:31,991 INFO Epoch 25 | Batch 250 | Loss: 1.1522 | LR: 2.92e-05
2026-04-17 00:36:36,301 INFO Epoch 25 | Batch 300 | Loss: 0.6707 | LR: 2.88e-05
2026-04-17 00:36:40,645 INFO Epoch 25 | Batch 350 | Loss: 0.7859 | LR: 2.84e-05
2026-04-17 00:36:44,895 INFO Epoch 25 | Batch 400 | Loss: 0.6462 | LR: 2.80e-05
2026-04-17 00:36:49,187 INFO Epoch 25 | Batch 450 | Loss: 0.7170 | LR: 2.77e-05
2026-04-17 00:36:53,469 INFO Epoch 25 | Batch 500 | Loss: 0.8553 | LR: 2.73e-05
2026-04-17 00:36:57,612 INFO Epoch 25 | Batch 550 | Loss: 0.8614 | LR: 2.69e-05
2026-04-17 00:37:01,632 INFO Epoch 25 | Batch 600 | Loss: 0.8592 | LR: 2.66e-05
2026-04-17 00:37:05,588 INFO Epoch 25 | Batch 650 | Loss: 0.6863 | LR: 2.62e-05
2026-04-17 00:37:09,734 INFO Epoch 25 | Batch 700 | Loss: 0.7476 | LR: 2.58e-05
2026-04-17 00:37:13,732 INFO Epoch 25 | Batch 750 | Loss: 0.6980 | LR: 2.55e-05
2026-04-17 00:37:17,874 INFO Epoch 25 | Batch 800 | Loss: 0.7224 | LR: 2.51e-05
2026-04-17 00:37:22,073 INFO Epoch 25 | Batch 850 | Loss: 0.7199 | LR: 2.48e-05
2026-04-17 00:37:26,073 INFO Epoch 25 | Batch 900 | Loss: 0.9698 | LR: 2.44e-05
2026-04-17 00:37:30,148 INFO Epoch 25 | Batch 950 | Loss: 0.9696 | LR: 2.41e-05
2026-04-17 00:37:34,164 INFO Epoch 25 | Batch 1000 | Loss: 0.6426 | LR: 2.37e-05
2026-04-17 00:37:38,270 INFO Epoch 25 | Batch 1050 | Loss: 0.6497 | LR: 2.34e-05
2026-04-17 00:37:42,424 INFO Epoch 25 | Batch 1100 | Loss: 0.9634 | LR: 2.30e-05
2026-04-17 00:37:46,576 INFO Epoch 25 | Batch 1150 | Loss: 0.4443 | LR: 2.27e-05
2026-04-17 00:37:50,705 INFO Epoch 25 | Batch 1200 | Loss: 0.7569 | LR: 2.24e-05
2026-04-17 00:37:58,847 INFO Epoch 25 | Train: 0.7470 | Dev CER: 0.1280 | Dev WER: 0.3819 | Time: 110s | Peak: 6.5 GB
2026-04-17 00:37:58,847 INFO   New best CER: 0.1280
2026-04-17 00:38:01,117 INFO Epoch 26 | Batch 0 | Loss: 0.6139 | LR: 2.21e-05
2026-04-17 00:38:05,447 INFO Epoch 26 | Batch 50 | Loss: 0.8718 | LR: 2.18e-05
2026-04-17 00:38:09,806 INFO Epoch 26 | Batch 100 | Loss: 0.6820 | LR: 2.15e-05
2026-04-17 00:38:14,010 INFO Epoch 26 | Batch 150 | Loss: 0.6433 | LR: 2.11e-05
2026-04-17 00:38:18,321 INFO Epoch 26 | Batch 200 | Loss: 0.5397 | LR: 2.08e-05
2026-04-17 00:38:22,686 INFO Epoch 26 | Batch 250 | Loss: 0.7098 | LR: 2.05e-05
2026-04-17 00:38:27,069 INFO Epoch 26 | Batch 300 | Loss: 0.6655 | LR: 2.02e-05
2026-04-17 00:38:31,158 INFO Epoch 26 | Batch 350 | Loss: 0.8428 | LR: 1.98e-05
2026-04-17 00:38:35,536 INFO Epoch 26 | Batch 400 | Loss: 0.7736 | LR: 1.95e-05
2026-04-17 00:38:39,783 INFO Epoch 26 | Batch 450 | Loss: 1.0065 | LR: 1.92e-05
2026-04-17 00:38:44,022 INFO Epoch 26 | Batch 500 | Loss: 0.4429 | LR: 1.89e-05
2026-04-17 00:38:48,181 INFO Epoch 26 | Batch 550 | Loss: 0.7668 | LR: 1.86e-05
2026-04-17 00:38:52,301 INFO Epoch 26 | Batch 600 | Loss: 0.5973 | LR: 1.83e-05
2026-04-17 00:38:56,534 INFO Epoch 26 | Batch 650 | Loss: 0.7997 | LR: 1.80e-05
2026-04-17 00:39:00,767 INFO Epoch 26 | Batch 700 | Loss: 0.8184 | LR: 1.77e-05
2026-04-17 00:39:05,097 INFO Epoch 26 | Batch 750 | Loss: 0.8111 | LR: 1.74e-05
2026-04-17 00:39:09,355 INFO Epoch 26 | Batch 800 | Loss: 0.6860 | LR: 1.71e-05
2026-04-17 00:39:13,949 INFO Epoch 26 | Batch 850 | Loss: 0.6740 | LR: 1.68e-05
2026-04-17 00:39:18,286 INFO Epoch 26 | Batch 900 | Loss: 0.5293 | LR: 1.65e-05
2026-04-17 00:39:22,554 INFO Epoch 26 | Batch 950 | Loss: 0.7921 | LR: 1.62e-05
2026-04-17 00:39:26,878 INFO Epoch 26 | Batch 1000 | Loss: 0.4723 | LR: 1.59e-05
2026-04-17 00:39:31,305 INFO Epoch 26 | Batch 1050 | Loss: 0.5977 | LR: 1.57e-05
2026-04-17 00:39:35,462 INFO Epoch 26 | Batch 1100 | Loss: 0.7458 | LR: 1.54e-05
2026-04-17 00:39:39,645 INFO Epoch 26 | Batch 1150 | Loss: 0.6068 | LR: 1.51e-05
2026-04-17 00:39:43,927 INFO Epoch 26 | Batch 1200 | Loss: 0.5349 | LR: 1.48e-05
2026-04-17 00:39:52,651 INFO Epoch 26 | Train: 0.7476 | Dev CER: 0.1270 | Dev WER: 0.3793 | Time: 113s | Peak: 6.5 GB
2026-04-17 00:39:52,651 INFO   New best CER: 0.1270
2026-04-17 00:39:54,709 INFO Epoch 27 | Batch 0 | Loss: 0.6007 | LR: 1.46e-05
2026-04-17 00:39:58,826 INFO Epoch 27 | Batch 50 | Loss: 0.7333 | LR: 1.44e-05
2026-04-17 00:40:02,805 INFO Epoch 27 | Batch 100 | Loss: 0.5479 | LR: 1.41e-05
2026-04-17 00:40:07,060 INFO Epoch 27 | Batch 150 | Loss: 0.9394 | LR: 1.38e-05
2026-04-17 00:40:11,197 INFO Epoch 27 | Batch 200 | Loss: 0.6607 | LR: 1.36e-05
2026-04-17 00:40:15,527 INFO Epoch 27 | Batch 250 | Loss: 0.7054 | LR: 1.33e-05
2026-04-17 00:40:19,678 INFO Epoch 27 | Batch 300 | Loss: 0.6629 | LR: 1.31e-05
2026-04-17 00:40:24,074 INFO Epoch 27 | Batch 350 | Loss: 0.9752 | LR: 1.28e-05
2026-04-17 00:40:28,383 INFO Epoch 27 | Batch 400 | Loss: 0.6340 | LR: 1.25e-05
2026-04-17 00:40:32,615 INFO Epoch 27 | Batch 450 | Loss: 0.8897 | LR: 1.23e-05
2026-04-17 00:40:36,790 INFO Epoch 27 | Batch 500 | Loss: 0.5787 | LR: 1.20e-05
2026-04-17 00:40:41,042 INFO Epoch 27 | Batch 550 | Loss: 0.9025 | LR: 1.18e-05
2026-04-17 00:40:45,290 INFO Epoch 27 | Batch 600 | Loss: 0.7806 | LR: 1.16e-05
2026-04-17 00:40:49,454 INFO Epoch 27 | Batch 650 | Loss: 0.6137 | LR: 1.13e-05
2026-04-17 00:40:53,628 INFO Epoch 27 | Batch 700 | Loss: 0.7701 | LR: 1.11e-05
2026-04-17 00:40:57,645 INFO Epoch 27 | Batch 750 | Loss: 0.7927 | LR: 1.09e-05
2026-04-17 00:41:01,683 INFO Epoch 27 | Batch 800 | Loss: 0.6584 | LR: 1.06e-05
2026-04-17 00:41:05,733 INFO Epoch 27 | Batch 850 | Loss: 0.8141 | LR: 1.04e-05
2026-04-17 00:41:09,755 INFO Epoch 27 | Batch 900 | Loss: 0.7276 | LR: 1.02e-05
2026-04-17 00:41:13,849 INFO Epoch 27 | Batch 950 | Loss: 0.9576 | LR: 9.95e-06
2026-04-17 00:41:17,834 INFO Epoch 27 | Batch 1000 | Loss: 0.6245 | LR: 9.72e-06
2026-04-17 00:41:21,901 INFO Epoch 27 | Batch 1050 | Loss: 0.5739 | LR: 9.51e-06
2026-04-17 00:41:25,961 INFO Epoch 27 | Batch 1100 | Loss: 0.4342 | LR: 9.29e-06
2026-04-17 00:41:30,106 INFO Epoch 27 | Batch 1150 | Loss: 0.6271 | LR: 9.08e-06
2026-04-17 00:41:34,522 INFO Epoch 27 | Batch 1200 | Loss: 0.7523 | LR: 8.87e-06
2026-04-17 00:41:44,010 INFO Epoch 27 | Train: 0.7421 | Dev CER: 0.1271 | Dev WER: 0.3785 | Time: 111s | Peak: 6.5 GB
2026-04-17 00:41:46,188 INFO Epoch 28 | Batch 0 | Loss: 0.6649 | LR: 8.72e-06
2026-04-17 00:41:50,360 INFO Epoch 28 | Batch 50 | Loss: 0.5931 | LR: 8.52e-06
2026-04-17 00:41:54,596 INFO Epoch 28 | Batch 100 | Loss: 0.7679 | LR: 8.31e-06
2026-04-17 00:41:58,939 INFO Epoch 28 | Batch 150 | Loss: 0.6142 | LR: 8.11e-06
2026-04-17 00:42:03,146 INFO Epoch 28 | Batch 200 | Loss: 0.6599 | LR: 7.92e-06
2026-04-17 00:42:07,372 INFO Epoch 28 | Batch 250 | Loss: 0.7890 | LR: 7.72e-06
2026-04-17 00:42:12,516 INFO Epoch 28 | Batch 300 | Loss: 0.7802 | LR: 7.53e-06
2026-04-17 00:42:16,740 INFO Epoch 28 | Batch 350 | Loss: 0.6365 | LR: 7.34e-06
2026-04-17 00:42:21,086 INFO Epoch 28 | Batch 400 | Loss: 0.5785 | LR: 7.16e-06
2026-04-17 00:42:25,349 INFO Epoch 28 | Batch 450 | Loss: 0.9555 | LR: 6.97e-06
2026-04-17 00:42:29,521 INFO Epoch 28 | Batch 500 | Loss: 0.6842 | LR: 6.79e-06
2026-04-17 00:42:34,694 INFO Epoch 28 | Batch 550 | Loss: 0.7569 | LR: 6.61e-06
2026-04-17 00:42:38,753 INFO Epoch 28 | Batch 600 | Loss: 0.9122 | LR: 6.44e-06
2026-04-17 00:42:42,924 INFO Epoch 28 | Batch 650 | Loss: 0.7247 | LR: 6.27e-06
2026-04-17 00:42:47,067 INFO Epoch 28 | Batch 700 | Loss: 0.7393 | LR: 6.10e-06
2026-04-17 00:42:51,270 INFO Epoch 28 | Batch 750 | Loss: 0.7154 | LR: 5.93e-06
2026-04-17 00:42:55,583 INFO Epoch 28 | Batch 800 | Loss: 0.8534 | LR: 5.76e-06
2026-04-17 00:42:59,703 INFO Epoch 28 | Batch 850 | Loss: 0.7584 | LR: 5.60e-06
2026-04-17 00:43:03,881 INFO Epoch 28 | Batch 900 | Loss: 0.6175 | LR: 5.44e-06
2026-04-17 00:43:07,980 INFO Epoch 28 | Batch 950 | Loss: 0.8535 | LR: 5.29e-06
2026-04-17 00:43:12,016 INFO Epoch 28 | Batch 1000 | Loss: 0.5874 | LR: 5.13e-06
2026-04-17 00:43:16,240 INFO Epoch 28 | Batch 1050 | Loss: 0.8205 | LR: 4.98e-06
2026-04-17 00:43:20,425 INFO Epoch 28 | Batch 1100 | Loss: 0.6685 | LR: 4.84e-06
2026-04-17 00:43:24,379 INFO Epoch 28 | Batch 1150 | Loss: 0.5657 | LR: 4.69e-06
2026-04-17 00:43:28,582 INFO Epoch 28 | Batch 1200 | Loss: 0.7026 | LR: 4.55e-06
2026-04-17 00:43:36,976 INFO Epoch 28 | Train: 0.7405 | Dev CER: 0.1263 | Dev WER: 0.3776 | Time: 112s | Peak: 6.5 GB
2026-04-17 00:43:36,976 INFO   New best CER: 0.1263
2026-04-17 00:43:39,262 INFO Epoch 29 | Batch 0 | Loss: 0.6647 | LR: 4.45e-06
2026-04-17 00:43:43,511 INFO Epoch 29 | Batch 50 | Loss: 0.9433 | LR: 4.31e-06
2026-04-17 00:43:47,770 INFO Epoch 29 | Batch 100 | Loss: 0.8501 | LR: 4.17e-06
2026-04-17 00:43:52,003 INFO Epoch 29 | Batch 150 | Loss: 0.5801 | LR: 4.04e-06
2026-04-17 00:43:56,094 INFO Epoch 29 | Batch 200 | Loss: 0.6350 | LR: 3.91e-06
2026-04-17 00:44:00,202 INFO Epoch 29 | Batch 250 | Loss: 0.7066 | LR: 3.79e-06
2026-04-17 00:44:04,229 INFO Epoch 29 | Batch 300 | Loss: 0.6692 | LR: 3.66e-06
2026-04-17 00:44:08,337 INFO Epoch 29 | Batch 350 | Loss: 0.7753 | LR: 3.54e-06
2026-04-17 00:44:12,416 INFO Epoch 29 | Batch 400 | Loss: 0.6519 | LR: 3.42e-06
2026-04-17 00:44:16,346 INFO Epoch 29 | Batch 450 | Loss: 0.6851 | LR: 3.31e-06
2026-04-17 00:44:20,361 INFO Epoch 29 | Batch 500 | Loss: 0.9824 | LR: 3.20e-06
2026-04-17 00:44:24,530 INFO Epoch 29 | Batch 550 | Loss: 0.5349 | LR: 3.09e-06
2026-04-17 00:44:28,512 INFO Epoch 29 | Batch 600 | Loss: 0.9295 | LR: 2.98e-06
2026-04-17 00:44:32,550 INFO Epoch 29 | Batch 650 | Loss: 0.8105 | LR: 2.88e-06
2026-04-17 00:44:36,563 INFO Epoch 29 | Batch 700 | Loss: 0.7507 | LR: 2.77e-06
2026-04-17 00:44:40,600 INFO Epoch 29 | Batch 750 | Loss: 0.4211 | LR: 2.68e-06
2026-04-17 00:44:44,587 INFO Epoch 29 | Batch 800 | Loss: 0.7033 | LR: 2.58e-06
2026-04-17 00:44:48,652 INFO Epoch 29 | Batch 850 | Loss: 0.5683 | LR: 2.49e-06
2026-04-17 00:44:52,770 INFO Epoch 29 | Batch 900 | Loss: 0.7187 | LR: 2.40e-06
2026-04-17 00:44:56,838 INFO Epoch 29 | Batch 950 | Loss: 0.7314 | LR: 2.31e-06
2026-04-17 00:45:00,977 INFO Epoch 29 | Batch 1000 | Loss: 0.8334 | LR: 2.22e-06
2026-04-17 00:45:05,118 INFO Epoch 29 | Batch 1050 | Loss: 0.6957 | LR: 2.14e-06
2026-04-17 00:45:09,105 INFO Epoch 29 | Batch 1100 | Loss: 0.7064 | LR: 2.06e-06
2026-04-17 00:45:13,555 INFO Epoch 29 | Batch 1150 | Loss: 0.7238 | LR: 1.99e-06
2026-04-17 00:45:17,866 INFO Epoch 29 | Batch 1200 | Loss: 0.5709 | LR: 1.91e-06
2026-04-17 00:45:26,260 INFO Epoch 29 | Train: 0.7353 | Dev CER: 0.1266 | Dev WER: 0.3782 | Time: 109s | Peak: 6.5 GB
2026-04-17 00:45:28,435 INFO Epoch 30 | Batch 0 | Loss: 0.8335 | LR: 1.86e-06
2026-04-17 00:45:32,699 INFO Epoch 30 | Batch 50 | Loss: 0.7193 | LR: 1.80e-06
2026-04-17 00:45:36,969 INFO Epoch 30 | Batch 100 | Loss: 0.6038 | LR: 1.73e-06
2026-04-17 00:45:41,338 INFO Epoch 30 | Batch 150 | Loss: 0.6982 | LR: 1.67e-06
2026-04-17 00:45:45,676 INFO Epoch 30 | Batch 200 | Loss: 0.5122 | LR: 1.61e-06
2026-04-17 00:45:50,078 INFO Epoch 30 | Batch 250 | Loss: 0.7055 | LR: 1.55e-06
2026-04-17 00:45:54,348 INFO Epoch 30 | Batch 300 | Loss: 0.5153 | LR: 1.50e-06
2026-04-17 00:45:58,581 INFO Epoch 30 | Batch 350 | Loss: 0.7058 | LR: 1.44e-06
2026-04-17 00:46:02,860 INFO Epoch 30 | Batch 400 | Loss: 0.6770 | LR: 1.39e-06
2026-04-17 00:46:07,131 INFO Epoch 30 | Batch 450 | Loss: 0.8349 | LR: 1.35e-06
2026-04-17 00:46:11,324 INFO Epoch 30 | Batch 500 | Loss: 0.6088 | LR: 1.31e-06
2026-04-17 00:46:15,688 INFO Epoch 30 | Batch 550 | Loss: 0.8228 | LR: 1.27e-06
2026-04-17 00:46:19,937 INFO Epoch 30 | Batch 600 | Loss: 0.7258 | LR: 1.23e-06
2026-04-17 00:46:24,290 INFO Epoch 30 | Batch 650 | Loss: 0.8352 | LR: 1.19e-06
2026-04-17 00:46:28,736 INFO Epoch 30 | Batch 700 | Loss: 0.7850 | LR: 1.16e-06
2026-04-17 00:46:32,974 INFO Epoch 30 | Batch 750 | Loss: 0.5277 | LR: 1.13e-06
2026-04-17 00:46:37,336 INFO Epoch 30 | Batch 800 | Loss: 0.5629 | LR: 1.11e-06
2026-04-17 00:46:41,609 INFO Epoch 30 | Batch 850 | Loss: 0.6779 | LR: 1.08e-06
2026-04-17 00:46:45,944 INFO Epoch 30 | Batch 900 | Loss: 0.6149 | LR: 1.06e-06
2026-04-17 00:46:50,246 INFO Epoch 30 | Batch 950 | Loss: 0.6918 | LR: 1.05e-06
2026-04-17 00:46:54,618 INFO Epoch 30 | Batch 1000 | Loss: 0.7221 | LR: 1.03e-06
2026-04-17 00:46:58,905 INFO Epoch 30 | Batch 1050 | Loss: 0.5659 | LR: 1.02e-06
2026-04-17 00:47:03,101 INFO Epoch 30 | Batch 1100 | Loss: 0.7608 | LR: 1.01e-06
2026-04-17 00:47:07,310 INFO Epoch 30 | Batch 1150 | Loss: 0.6553 | LR: 1.00e-06
2026-04-17 00:47:11,585 INFO Epoch 30 | Batch 1200 | Loss: 0.6721 | LR: 1.00e-06
2026-04-17 00:47:20,125 INFO Epoch 30 | Train: 0.7366 | Dev CER: 0.1263 | Dev WER: 0.3780 | Time: 113s | Peak: 6.5 GB
2026-04-17 00:48:33,604 INFO Done. Best dev CER: 0.1263 | Test CER: 0.1254
