2026-04-23 13:59:37,811 INFO Loading LibriSpeech split=train.100 from HuggingFace...
2026-04-23 13:59:37,994 INFO HTTP Request: HEAD https://huggingface.co/datasets/openslr/librispeech_asr/resolve/main/README.md "HTTP/1.1 307 Temporary Redirect"
2026-04-23 13:59:37,994 WARNING Warning: You are sending unauthenticated requests to the HF Hub. Please set a HF_TOKEN to enable higher rate limits and faster downloads.
2026-04-23 13:59:38,013 INFO HTTP Request: HEAD https://huggingface.co/api/resolve-cache/datasets/openslr/librispeech_asr/71cacbfb7e2354c4226d01e70d77d5fca3d04ba1/README.md "HTTP/1.1 200 OK"
2026-04-23 13:59:38,145 INFO HTTP Request: HEAD https://huggingface.co/datasets/openslr/librispeech_asr/resolve/71cacbfb7e2354c4226d01e70d77d5fca3d04ba1/librispeech_asr.py "HTTP/1.1 404 Not Found"
2026-04-23 13:59:38,537 INFO HTTP Request: HEAD https://s3.amazonaws.com/datasets.huggingface.co/datasets/datasets/openslr/librispeech_asr/openslr/librispeech_asr.py "HTTP/1.1 404 Not Found"
2026-04-23 13:59:38,788 INFO HTTP Request: GET https://huggingface.co/api/datasets/openslr/librispeech_asr/revision/71cacbfb7e2354c4226d01e70d77d5fca3d04ba1 "HTTP/1.1 200 OK"
2026-04-23 13:59:38,918 INFO HTTP Request: HEAD https://huggingface.co/datasets/openslr/librispeech_asr/resolve/71cacbfb7e2354c4226d01e70d77d5fca3d04ba1/.huggingface.yaml "HTTP/1.1 404 Not Found"
2026-04-23 13:59:39,106 INFO HTTP Request: GET https://datasets-server.huggingface.co/info?dataset=openslr/librispeech_asr "HTTP/1.1 200 OK"
2026-04-23 13:59:39,240 INFO HTTP Request: GET https://huggingface.co/api/datasets/openslr/librispeech_asr/tree/71cacbfb7e2354c4226d01e70d77d5fca3d04ba1/clean%2Ftest?recursive=true&expand=false "HTTP/1.1 200 OK"
2026-04-23 13:59:39,375 INFO HTTP Request: GET https://huggingface.co/api/datasets/openslr/librispeech_asr/tree/71cacbfb7e2354c4226d01e70d77d5fca3d04ba1/clean?recursive=false&expand=false "HTTP/1.1 200 OK"
2026-04-23 13:59:39,522 INFO HTTP Request: GET https://huggingface.co/api/datasets/openslr/librispeech_asr/tree/71cacbfb7e2354c4226d01e70d77d5fca3d04ba1/clean%2Ftrain.100?recursive=true&expand=false "HTTP/1.1 200 OK"
2026-04-23 13:59:39,667 INFO HTTP Request: GET https://huggingface.co/api/datasets/openslr/librispeech_asr/tree/71cacbfb7e2354c4226d01e70d77d5fca3d04ba1/clean%2Ftrain.360?recursive=true&expand=false "HTTP/1.1 200 OK"
2026-04-23 13:59:39,816 INFO HTTP Request: GET https://huggingface.co/api/datasets/openslr/librispeech_asr/tree/71cacbfb7e2354c4226d01e70d77d5fca3d04ba1/clean%2Fvalidation?recursive=true&expand=false "HTTP/1.1 200 OK"
2026-04-23 13:59:39,946 INFO HTTP Request: HEAD https://huggingface.co/datasets/openslr/librispeech_asr/resolve/71cacbfb7e2354c4226d01e70d77d5fca3d04ba1/dataset_infos.json "HTTP/1.1 404 Not Found"
2026-04-23 14:00:57,251 INFO Loaded 28538 utterances from train.100 (skipped 1 outside [0.5s, 20.0s])
2026-04-23 14:00:57,298 INFO Loading LibriSpeech split=validation from HuggingFace...
2026-04-23 14:00:57,474 INFO HTTP Request: HEAD https://huggingface.co/datasets/openslr/librispeech_asr/resolve/main/README.md "HTTP/1.1 307 Temporary Redirect"
2026-04-23 14:00:57,497 INFO HTTP Request: HEAD https://huggingface.co/api/resolve-cache/datasets/openslr/librispeech_asr/71cacbfb7e2354c4226d01e70d77d5fca3d04ba1/README.md "HTTP/1.1 200 OK"
2026-04-23 14:00:57,630 INFO HTTP Request: HEAD https://huggingface.co/datasets/openslr/librispeech_asr/resolve/71cacbfb7e2354c4226d01e70d77d5fca3d04ba1/librispeech_asr.py "HTTP/1.1 404 Not Found"
2026-04-23 14:00:58,021 INFO HTTP Request: HEAD https://s3.amazonaws.com/datasets.huggingface.co/datasets/datasets/openslr/librispeech_asr/openslr/librispeech_asr.py "HTTP/1.1 404 Not Found"
2026-04-23 14:00:58,178 INFO HTTP Request: HEAD https://huggingface.co/datasets/openslr/librispeech_asr/resolve/71cacbfb7e2354c4226d01e70d77d5fca3d04ba1/.huggingface.yaml "HTTP/1.1 404 Not Found"
2026-04-23 14:00:58,367 INFO HTTP Request: GET https://datasets-server.huggingface.co/info?dataset=openslr/librispeech_asr "HTTP/1.1 200 OK"
2026-04-23 14:00:58,551 INFO HTTP Request: HEAD https://huggingface.co/datasets/openslr/librispeech_asr/resolve/71cacbfb7e2354c4226d01e70d77d5fca3d04ba1/dataset_infos.json "HTTP/1.1 404 Not Found"
2026-04-23 14:01:02,786 INFO Loaded 2642 utterances from validation (skipped 61 outside [0.5s, 20.0s])
2026-04-23 14:01:02,790 INFO Loading LibriSpeech split=test from HuggingFace...
2026-04-23 14:01:02,923 INFO HTTP Request: HEAD https://huggingface.co/datasets/openslr/librispeech_asr/resolve/main/README.md "HTTP/1.1 307 Temporary Redirect"
2026-04-23 14:01:02,945 INFO HTTP Request: HEAD https://huggingface.co/api/resolve-cache/datasets/openslr/librispeech_asr/71cacbfb7e2354c4226d01e70d77d5fca3d04ba1/README.md "HTTP/1.1 200 OK"
2026-04-23 14:01:03,078 INFO HTTP Request: HEAD https://huggingface.co/datasets/openslr/librispeech_asr/resolve/71cacbfb7e2354c4226d01e70d77d5fca3d04ba1/librispeech_asr.py "HTTP/1.1 404 Not Found"
2026-04-23 14:01:03,443 INFO HTTP Request: HEAD https://s3.amazonaws.com/datasets.huggingface.co/datasets/datasets/openslr/librispeech_asr/openslr/librispeech_asr.py "HTTP/1.1 404 Not Found"
2026-04-23 14:01:03,594 INFO HTTP Request: HEAD https://huggingface.co/datasets/openslr/librispeech_asr/resolve/71cacbfb7e2354c4226d01e70d77d5fca3d04ba1/.huggingface.yaml "HTTP/1.1 404 Not Found"
2026-04-23 14:01:03,755 INFO HTTP Request: GET https://datasets-server.huggingface.co/info?dataset=openslr/librispeech_asr "HTTP/1.1 200 OK"
2026-04-23 14:01:03,917 INFO HTTP Request: HEAD https://huggingface.co/datasets/openslr/librispeech_asr/resolve/71cacbfb7e2354c4226d01e70d77d5fca3d04ba1/dataset_infos.json "HTTP/1.1 404 Not Found"
2026-04-23 14:01:08,145 INFO Loaded 2528 utterances from test (skipped 92 outside [0.5s, 20.0s])
2026-04-23 14:01:08,707 INFO Backbone: mamba2_lucid | Params: 7.27M
2026-04-23 14:01:08,707 INFO   Frontend: 1.90M | Encoder: 5.36M | Head: 8.0K
2026-04-23 14:01:11,918 INFO Epoch 1 | Batch 0 | Loss: 4.3989 | LR: 3.00e-07
2026-04-23 14:01:18,360 INFO Epoch 1 | Batch 50 | Loss: 2.8689 | LR: 1.53e-05
2026-04-23 14:01:25,647 INFO Epoch 1 | Batch 100 | Loss: 2.8866 | LR: 3.03e-05
2026-04-23 14:01:32,781 INFO Epoch 1 | Batch 150 | Loss: 2.8752 | LR: 4.53e-05
2026-04-23 14:01:39,850 INFO Epoch 1 | Batch 200 | Loss: 2.8342 | LR: 6.03e-05
2026-04-23 14:01:46,881 INFO Epoch 1 | Batch 250 | Loss: 2.8323 | LR: 7.53e-05
2026-04-23 14:01:53,996 INFO Epoch 1 | Batch 300 | Loss: 2.7119 | LR: 9.03e-05
2026-04-23 14:02:01,045 INFO Epoch 1 | Batch 350 | Loss: 2.6464 | LR: 1.05e-04
2026-04-23 14:02:08,080 INFO Epoch 1 | Batch 400 | Loss: 2.6698 | LR: 1.20e-04
2026-04-23 14:02:15,168 INFO Epoch 1 | Batch 450 | Loss: 2.5494 | LR: 1.35e-04
2026-04-23 14:02:22,431 INFO Epoch 1 | Batch 500 | Loss: 2.5481 | LR: 1.50e-04
2026-04-23 14:02:29,784 INFO Epoch 1 | Batch 550 | Loss: 2.4271 | LR: 1.65e-04
2026-04-23 14:02:36,892 INFO Epoch 1 | Batch 600 | Loss: 2.5072 | LR: 1.80e-04
2026-04-23 14:02:44,068 INFO Epoch 1 | Batch 650 | Loss: 2.2081 | LR: 1.95e-04
2026-04-23 14:02:51,272 INFO Epoch 1 | Batch 700 | Loss: 2.2889 | LR: 2.10e-04
2026-04-23 14:02:58,561 INFO Epoch 1 | Batch 750 | Loss: 2.1907 | LR: 2.25e-04
2026-04-23 14:03:05,750 INFO Epoch 1 | Batch 800 | Loss: 2.4393 | LR: 2.40e-04
2026-04-23 14:03:12,763 INFO Epoch 1 | Batch 850 | Loss: 2.0744 | LR: 2.55e-04
2026-04-23 14:03:19,980 INFO Epoch 1 | Batch 900 | Loss: 2.1437 | LR: 2.70e-04
2026-04-23 14:03:26,983 INFO Epoch 1 | Batch 950 | Loss: 1.9854 | LR: 2.85e-04
2026-04-23 14:03:34,450 INFO Epoch 1 | Batch 1000 | Loss: 1.7845 | LR: 3.00e-04
2026-04-23 14:03:41,875 INFO Epoch 1 | Batch 1050 | Loss: 1.8998 | LR: 3.00e-04
2026-04-23 14:03:49,511 INFO Epoch 1 | Batch 1100 | Loss: 1.9850 | LR: 3.00e-04
2026-04-23 14:03:56,474 INFO Epoch 1 | Batch 1150 | Loss: 2.0850 | LR: 3.00e-04
2026-04-23 14:04:03,612 INFO Epoch 1 | Batch 1200 | Loss: 1.9814 | LR: 3.00e-04
2026-04-23 14:04:20,497 INFO Epoch 1 | Train: 2.3931 | Dev CER: 0.4427 | Dev WER: 0.9114 | Time: 191s | Peak: 2.5 GB
2026-04-23 14:04:20,497 INFO   New best CER: 0.4427
2026-04-23 14:04:23,097 INFO Epoch 2 | Batch 0 | Loss: 1.7597 | LR: 3.00e-04
2026-04-23 14:04:30,242 INFO Epoch 2 | Batch 50 | Loss: 2.0471 | LR: 3.00e-04
2026-04-23 14:04:37,415 INFO Epoch 2 | Batch 100 | Loss: 2.0033 | LR: 3.00e-04
2026-04-23 14:04:43,086 INFO Epoch 2 | Batch 150 | Loss: 1.8757 | LR: 3.00e-04
2026-04-23 14:04:48,970 INFO Epoch 2 | Batch 200 | Loss: 1.6821 | LR: 3.00e-04
2026-04-23 14:04:55,998 INFO Epoch 2 | Batch 250 | Loss: 1.4509 | LR: 3.00e-04
2026-04-23 14:05:02,965 INFO Epoch 2 | Batch 300 | Loss: 1.6589 | LR: 3.00e-04
2026-04-23 14:05:10,181 INFO Epoch 2 | Batch 350 | Loss: 1.6534 | LR: 3.00e-04
2026-04-23 14:05:17,418 INFO Epoch 2 | Batch 400 | Loss: 1.4514 | LR: 3.00e-04
2026-04-23 14:05:24,652 INFO Epoch 2 | Batch 450 | Loss: 1.5306 | LR: 3.00e-04
2026-04-23 14:05:31,985 INFO Epoch 2 | Batch 500 | Loss: 1.5388 | LR: 3.00e-04
2026-04-23 14:05:39,415 INFO Epoch 2 | Batch 550 | Loss: 1.8010 | LR: 3.00e-04
2026-04-23 14:05:46,808 INFO Epoch 2 | Batch 600 | Loss: 1.5902 | LR: 3.00e-04
2026-04-23 14:05:54,513 INFO Epoch 2 | Batch 650 | Loss: 1.7522 | LR: 3.00e-04
2026-04-23 14:06:01,784 INFO Epoch 2 | Batch 700 | Loss: 2.0468 | LR: 3.00e-04
2026-04-23 14:06:09,179 INFO Epoch 2 | Batch 750 | Loss: 1.5737 | LR: 2.99e-04
2026-04-23 14:06:16,646 INFO Epoch 2 | Batch 800 | Loss: 1.3020 | LR: 2.99e-04
2026-04-23 14:06:24,100 INFO Epoch 2 | Batch 850 | Loss: 1.6806 | LR: 2.99e-04
2026-04-23 14:06:31,843 INFO Epoch 2 | Batch 900 | Loss: 1.5388 | LR: 2.99e-04
2026-04-23 14:06:39,282 INFO Epoch 2 | Batch 950 | Loss: 1.3331 | LR: 2.99e-04
2026-04-23 14:06:46,667 INFO Epoch 2 | Batch 1000 | Loss: 2.1317 | LR: 2.99e-04
2026-04-23 14:06:54,450 INFO Epoch 2 | Batch 1050 | Loss: 1.5758 | LR: 2.99e-04
2026-04-23 14:07:01,858 INFO Epoch 2 | Batch 1100 | Loss: 1.4060 | LR: 2.99e-04
2026-04-23 14:07:09,297 INFO Epoch 2 | Batch 1150 | Loss: 1.3093 | LR: 2.99e-04
2026-04-23 14:07:16,598 INFO Epoch 2 | Batch 1200 | Loss: 1.3775 | LR: 2.99e-04
2026-04-23 14:07:30,138 INFO Epoch 2 | Train: 1.5956 | Dev CER: 0.3150 | Dev WER: 0.7517 | Time: 189s | Peak: 2.5 GB
2026-04-23 14:07:30,138 INFO   New best CER: 0.3150
2026-04-23 14:07:33,301 INFO Epoch 3 | Batch 0 | Loss: 1.2798 | LR: 2.99e-04
2026-04-23 14:07:40,941 INFO Epoch 3 | Batch 50 | Loss: 1.3821 | LR: 2.99e-04
2026-04-23 14:07:48,278 INFO Epoch 3 | Batch 100 | Loss: 1.3263 | LR: 2.99e-04
2026-04-23 14:07:55,645 INFO Epoch 3 | Batch 150 | Loss: 1.2867 | LR: 2.99e-04
2026-04-23 14:08:02,950 INFO Epoch 3 | Batch 200 | Loss: 1.4454 | LR: 2.98e-04
2026-04-23 14:08:10,613 INFO Epoch 3 | Batch 250 | Loss: 1.0419 | LR: 2.98e-04
2026-04-23 14:08:17,834 INFO Epoch 3 | Batch 300 | Loss: 1.4629 | LR: 2.98e-04
2026-04-23 14:08:25,089 INFO Epoch 3 | Batch 350 | Loss: 1.0837 | LR: 2.98e-04
2026-04-23 14:08:32,401 INFO Epoch 3 | Batch 400 | Loss: 1.1558 | LR: 2.98e-04
2026-04-23 14:08:39,734 INFO Epoch 3 | Batch 450 | Loss: 1.7236 | LR: 2.98e-04
2026-04-23 14:08:47,074 INFO Epoch 3 | Batch 500 | Loss: 1.2658 | LR: 2.98e-04
2026-04-23 14:08:54,424 INFO Epoch 3 | Batch 550 | Loss: 1.2194 | LR: 2.98e-04
2026-04-23 14:09:01,815 INFO Epoch 3 | Batch 600 | Loss: 1.4900 | LR: 2.98e-04
2026-04-23 14:09:09,150 INFO Epoch 3 | Batch 650 | Loss: 1.3393 | LR: 2.97e-04
2026-04-23 14:09:16,579 INFO Epoch 3 | Batch 700 | Loss: 1.4960 | LR: 2.97e-04
2026-04-23 14:09:23,893 INFO Epoch 3 | Batch 750 | Loss: 1.7567 | LR: 2.97e-04
2026-04-23 14:09:31,585 INFO Epoch 3 | Batch 800 | Loss: 1.4078 | LR: 2.97e-04
2026-04-23 14:09:38,780 INFO Epoch 3 | Batch 850 | Loss: 1.3929 | LR: 2.97e-04
2026-04-23 14:09:45,959 INFO Epoch 3 | Batch 900 | Loss: 1.5441 | LR: 2.97e-04
2026-04-23 14:09:53,166 INFO Epoch 3 | Batch 950 | Loss: 1.5867 | LR: 2.97e-04
2026-04-23 14:10:00,531 INFO Epoch 3 | Batch 1000 | Loss: 1.2024 | LR: 2.97e-04
2026-04-23 14:10:07,723 INFO Epoch 3 | Batch 1050 | Loss: 1.2517 | LR: 2.96e-04
2026-04-23 14:10:15,201 INFO Epoch 3 | Batch 1100 | Loss: 1.0934 | LR: 2.96e-04
2026-04-23 14:10:22,397 INFO Epoch 3 | Batch 1150 | Loss: 1.6708 | LR: 2.96e-04
2026-04-23 14:10:29,565 INFO Epoch 3 | Batch 1200 | Loss: 1.5288 | LR: 2.96e-04
2026-04-23 14:10:48,227 INFO Epoch 3 | Train: 1.3212 | Dev CER: 0.2673 | Dev WER: 0.6805 | Time: 198s | Peak: 2.5 GB
2026-04-23 14:10:48,227 INFO   New best CER: 0.2673
2026-04-23 14:10:51,576 INFO Epoch 4 | Batch 0 | Loss: 1.0743 | LR: 2.96e-04
2026-04-23 14:10:57,901 INFO Epoch 4 | Batch 50 | Loss: 1.4199 | LR: 2.96e-04
2026-04-23 14:11:04,740 INFO Epoch 4 | Batch 100 | Loss: 1.0971 | LR: 2.96e-04
2026-04-23 14:11:12,013 INFO Epoch 4 | Batch 150 | Loss: 1.6408 | LR: 2.95e-04
2026-04-23 14:11:18,999 INFO Epoch 4 | Batch 200 | Loss: 1.3006 | LR: 2.95e-04
2026-04-23 14:11:24,661 INFO Epoch 4 | Batch 250 | Loss: 1.2514 | LR: 2.95e-04
2026-04-23 14:11:30,304 INFO Epoch 4 | Batch 300 | Loss: 1.1786 | LR: 2.95e-04
2026-04-23 14:11:36,062 INFO Epoch 4 | Batch 350 | Loss: 1.6574 | LR: 2.95e-04
2026-04-23 14:11:43,366 INFO Epoch 4 | Batch 400 | Loss: 1.2809 | LR: 2.95e-04
2026-04-23 14:11:50,015 INFO Epoch 4 | Batch 450 | Loss: 1.2024 | LR: 2.94e-04
2026-04-23 14:11:55,868 INFO Epoch 4 | Batch 500 | Loss: 1.3673 | LR: 2.94e-04
2026-04-23 14:12:01,533 INFO Epoch 4 | Batch 550 | Loss: 1.0507 | LR: 2.94e-04
2026-04-23 14:12:07,151 INFO Epoch 4 | Batch 600 | Loss: 1.3069 | LR: 2.94e-04
2026-04-23 14:12:13,146 INFO Epoch 4 | Batch 650 | Loss: 1.1699 | LR: 2.94e-04
2026-04-23 14:12:19,873 INFO Epoch 4 | Batch 700 | Loss: 0.9740 | LR: 2.93e-04
2026-04-23 14:12:26,946 INFO Epoch 4 | Batch 750 | Loss: 1.1833 | LR: 2.93e-04
2026-04-23 14:12:34,145 INFO Epoch 4 | Batch 800 | Loss: 1.0369 | LR: 2.93e-04
2026-04-23 14:12:41,222 INFO Epoch 4 | Batch 850 | Loss: 1.4432 | LR: 2.93e-04
2026-04-23 14:12:48,296 INFO Epoch 4 | Batch 900 | Loss: 1.2316 | LR: 2.93e-04
2026-04-23 14:12:55,289 INFO Epoch 4 | Batch 950 | Loss: 1.1965 | LR: 2.92e-04
2026-04-23 14:13:02,553 INFO Epoch 4 | Batch 1000 | Loss: 1.0575 | LR: 2.92e-04
2026-04-23 14:13:09,507 INFO Epoch 4 | Batch 1050 | Loss: 1.2278 | LR: 2.92e-04
2026-04-23 14:13:16,567 INFO Epoch 4 | Batch 1100 | Loss: 1.0639 | LR: 2.92e-04
2026-04-23 14:13:23,646 INFO Epoch 4 | Batch 1150 | Loss: 1.3567 | LR: 2.92e-04
2026-04-23 14:13:30,910 INFO Epoch 4 | Batch 1200 | Loss: 1.5100 | LR: 2.91e-04
2026-04-23 14:13:49,464 INFO Epoch 4 | Train: 1.1857 | Dev CER: 0.2358 | Dev WER: 0.6229 | Time: 181s | Peak: 2.5 GB
2026-04-23 14:13:49,465 INFO   New best CER: 0.2358
2026-04-23 14:13:52,091 INFO Epoch 5 | Batch 0 | Loss: 0.8445 | LR: 2.91e-04
2026-04-23 14:13:59,204 INFO Epoch 5 | Batch 50 | Loss: 1.0780 | LR: 2.91e-04
2026-04-23 14:14:06,262 INFO Epoch 5 | Batch 100 | Loss: 1.1672 | LR: 2.91e-04
2026-04-23 14:14:13,749 INFO Epoch 5 | Batch 150 | Loss: 1.0816 | LR: 2.91e-04
2026-04-23 14:14:20,883 INFO Epoch 5 | Batch 200 | Loss: 0.9455 | LR: 2.90e-04
2026-04-23 14:14:28,055 INFO Epoch 5 | Batch 250 | Loss: 1.6982 | LR: 2.90e-04
2026-04-23 14:14:35,249 INFO Epoch 5 | Batch 300 | Loss: 0.8637 | LR: 2.90e-04
2026-04-23 14:14:42,441 INFO Epoch 5 | Batch 350 | Loss: 0.8942 | LR: 2.90e-04
2026-04-23 14:14:49,811 INFO Epoch 5 | Batch 400 | Loss: 0.8218 | LR: 2.89e-04
2026-04-23 14:14:57,039 INFO Epoch 5 | Batch 450 | Loss: 1.1598 | LR: 2.89e-04
2026-04-23 14:15:04,234 INFO Epoch 5 | Batch 500 | Loss: 1.0311 | LR: 2.89e-04
2026-04-23 14:15:11,730 INFO Epoch 5 | Batch 550 | Loss: 1.1222 | LR: 2.89e-04
2026-04-23 14:15:18,922 INFO Epoch 5 | Batch 600 | Loss: 1.2418 | LR: 2.88e-04
2026-04-23 14:15:26,073 INFO Epoch 5 | Batch 650 | Loss: 1.3844 | LR: 2.88e-04
2026-04-23 14:15:33,253 INFO Epoch 5 | Batch 700 | Loss: 1.0299 | LR: 2.88e-04
2026-04-23 14:15:40,376 INFO Epoch 5 | Batch 750 | Loss: 0.9347 | LR: 2.88e-04
2026-04-23 14:15:47,447 INFO Epoch 5 | Batch 800 | Loss: 0.9288 | LR: 2.87e-04
2026-04-23 14:15:54,464 INFO Epoch 5 | Batch 850 | Loss: 1.0357 | LR: 2.87e-04
2026-04-23 14:16:01,531 INFO Epoch 5 | Batch 900 | Loss: 1.1444 | LR: 2.87e-04
2026-04-23 14:16:08,599 INFO Epoch 5 | Batch 950 | Loss: 1.4800 | LR: 2.87e-04
2026-04-23 14:16:15,597 INFO Epoch 5 | Batch 1000 | Loss: 1.2613 | LR: 2.86e-04
2026-04-23 14:16:22,617 INFO Epoch 5 | Batch 1050 | Loss: 0.9898 | LR: 2.86e-04
2026-04-23 14:16:29,863 INFO Epoch 5 | Batch 1100 | Loss: 1.1209 | LR: 2.86e-04
2026-04-23 14:16:36,817 INFO Epoch 5 | Batch 1150 | Loss: 1.3856 | LR: 2.86e-04
2026-04-23 14:16:43,801 INFO Epoch 5 | Batch 1200 | Loss: 1.0790 | LR: 2.85e-04
2026-04-23 14:16:59,010 INFO Epoch 5 | Train: 1.0799 | Dev CER: 0.2105 | Dev WER: 0.5736 | Time: 189s | Peak: 2.5 GB
2026-04-23 14:16:59,010 INFO   New best CER: 0.2105
2026-04-23 14:17:01,855 INFO Epoch 6 | Batch 0 | Loss: 1.0257 | LR: 2.85e-04
2026-04-23 14:17:09,259 INFO Epoch 6 | Batch 50 | Loss: 1.5858 | LR: 2.85e-04
2026-04-23 14:17:16,340 INFO Epoch 6 | Batch 100 | Loss: 1.1894 | LR: 2.84e-04
2026-04-23 14:17:23,383 INFO Epoch 6 | Batch 150 | Loss: 1.1210 | LR: 2.84e-04
2026-04-23 14:17:30,586 INFO Epoch 6 | Batch 200 | Loss: 1.1505 | LR: 2.84e-04
2026-04-23 14:17:37,742 INFO Epoch 6 | Batch 250 | Loss: 0.8013 | LR: 2.84e-04
2026-04-23 14:17:45,002 INFO Epoch 6 | Batch 300 | Loss: 0.7681 | LR: 2.83e-04
2026-04-23 14:17:52,176 INFO Epoch 6 | Batch 350 | Loss: 0.9715 | LR: 2.83e-04
2026-04-23 14:17:59,352 INFO Epoch 6 | Batch 400 | Loss: 0.8655 | LR: 2.83e-04
2026-04-23 14:18:06,504 INFO Epoch 6 | Batch 450 | Loss: 1.7586 | LR: 2.82e-04
2026-04-23 14:18:13,731 INFO Epoch 6 | Batch 500 | Loss: 0.8374 | LR: 2.82e-04
2026-04-23 14:18:20,914 INFO Epoch 6 | Batch 550 | Loss: 0.8863 | LR: 2.82e-04
2026-04-23 14:18:28,361 INFO Epoch 6 | Batch 600 | Loss: 0.9978 | LR: 2.81e-04
2026-04-23 14:18:35,542 INFO Epoch 6 | Batch 650 | Loss: 1.1802 | LR: 2.81e-04
2026-04-23 14:18:42,730 INFO Epoch 6 | Batch 700 | Loss: 1.2343 | LR: 2.81e-04
2026-04-23 14:18:49,877 INFO Epoch 6 | Batch 750 | Loss: 1.0540 | LR: 2.81e-04
2026-04-23 14:18:56,889 INFO Epoch 6 | Batch 800 | Loss: 0.9721 | LR: 2.80e-04
2026-04-23 14:19:04,079 INFO Epoch 6 | Batch 850 | Loss: 1.0825 | LR: 2.80e-04
2026-04-23 14:19:11,420 INFO Epoch 6 | Batch 900 | Loss: 0.7804 | LR: 2.80e-04
2026-04-23 14:19:18,592 INFO Epoch 6 | Batch 950 | Loss: 1.3948 | LR: 2.79e-04
2026-04-23 14:19:25,735 INFO Epoch 6 | Batch 1000 | Loss: 0.9324 | LR: 2.79e-04
2026-04-23 14:19:32,864 INFO Epoch 6 | Batch 1050 | Loss: 1.1895 | LR: 2.79e-04
2026-04-23 14:19:40,044 INFO Epoch 6 | Batch 1100 | Loss: 1.1538 | LR: 2.78e-04
2026-04-23 14:19:46,477 INFO Epoch 6 | Batch 1150 | Loss: 0.9498 | LR: 2.78e-04
2026-04-23 14:19:53,634 INFO Epoch 6 | Batch 1200 | Loss: 0.8798 | LR: 2.78e-04
2026-04-23 14:20:11,542 INFO Epoch 6 | Train: 1.0022 | Dev CER: 0.1953 | Dev WER: 0.5409 | Time: 192s | Peak: 2.5 GB
2026-04-23 14:20:11,542 INFO   New best CER: 0.1953
2026-04-23 14:20:14,450 INFO Epoch 7 | Batch 0 | Loss: 1.1330 | LR: 2.77e-04
2026-04-23 14:20:21,332 INFO Epoch 7 | Batch 50 | Loss: 1.1339 | LR: 2.77e-04
2026-04-23 14:20:28,150 INFO Epoch 7 | Batch 100 | Loss: 0.8828 | LR: 2.77e-04
2026-04-23 14:20:34,989 INFO Epoch 7 | Batch 150 | Loss: 1.0800 | LR: 2.76e-04
2026-04-23 14:20:42,180 INFO Epoch 7 | Batch 200 | Loss: 0.8169 | LR: 2.76e-04
2026-04-23 14:20:49,205 INFO Epoch 7 | Batch 250 | Loss: 1.0401 | LR: 2.76e-04
2026-04-23 14:20:56,257 INFO Epoch 7 | Batch 300 | Loss: 0.8537 | LR: 2.75e-04
2026-04-23 14:21:03,460 INFO Epoch 7 | Batch 350 | Loss: 1.1688 | LR: 2.75e-04
2026-04-23 14:21:10,871 INFO Epoch 7 | Batch 400 | Loss: 0.8388 | LR: 2.74e-04
2026-04-23 14:21:18,004 INFO Epoch 7 | Batch 450 | Loss: 1.0839 | LR: 2.74e-04
2026-04-23 14:21:25,188 INFO Epoch 7 | Batch 500 | Loss: 1.1404 | LR: 2.74e-04
2026-04-23 14:21:32,298 INFO Epoch 7 | Batch 550 | Loss: 0.7976 | LR: 2.73e-04
2026-04-23 14:21:39,379 INFO Epoch 7 | Batch 600 | Loss: 0.9176 | LR: 2.73e-04
2026-04-23 14:21:46,381 INFO Epoch 7 | Batch 650 | Loss: 1.1111 | LR: 2.73e-04
2026-04-23 14:21:53,421 INFO Epoch 7 | Batch 700 | Loss: 1.0189 | LR: 2.72e-04
2026-04-23 14:22:00,481 INFO Epoch 7 | Batch 750 | Loss: 1.0728 | LR: 2.72e-04
2026-04-23 14:22:07,703 INFO Epoch 7 | Batch 800 | Loss: 1.3504 | LR: 2.71e-04
2026-04-23 14:22:14,148 INFO Epoch 7 | Batch 850 | Loss: 1.1562 | LR: 2.71e-04
2026-04-23 14:22:21,201 INFO Epoch 7 | Batch 900 | Loss: 0.9120 | LR: 2.71e-04
2026-04-23 14:22:28,547 INFO Epoch 7 | Batch 950 | Loss: 0.8018 | LR: 2.70e-04
2026-04-23 14:22:35,646 INFO Epoch 7 | Batch 1000 | Loss: 0.7631 | LR: 2.70e-04
2026-04-23 14:22:42,841 INFO Epoch 7 | Batch 1050 | Loss: 1.1640 | LR: 2.69e-04
2026-04-23 14:22:49,975 INFO Epoch 7 | Batch 1100 | Loss: 1.4085 | LR: 2.69e-04
2026-04-23 14:22:57,219 INFO Epoch 7 | Batch 1150 | Loss: 0.8623 | LR: 2.69e-04
2026-04-23 14:23:04,380 INFO Epoch 7 | Batch 1200 | Loss: 0.6031 | LR: 2.68e-04
2026-04-23 14:23:20,635 INFO Epoch 7 | Train: 0.9574 | Dev CER: 0.1823 | Dev WER: 0.5170 | Time: 189s | Peak: 2.5 GB
2026-04-23 14:23:20,635 INFO   New best CER: 0.1823
2026-04-23 14:23:23,696 INFO Epoch 8 | Batch 0 | Loss: 0.8190 | LR: 2.68e-04
2026-04-23 14:23:30,868 INFO Epoch 8 | Batch 50 | Loss: 0.9899 | LR: 2.68e-04
2026-04-23 14:23:38,276 INFO Epoch 8 | Batch 100 | Loss: 0.9639 | LR: 2.67e-04
2026-04-23 14:23:45,426 INFO Epoch 8 | Batch 150 | Loss: 1.1627 | LR: 2.67e-04
2026-04-23 14:23:52,471 INFO Epoch 8 | Batch 200 | Loss: 0.8920 | LR: 2.66e-04
2026-04-23 14:23:59,559 INFO Epoch 8 | Batch 250 | Loss: 1.1313 | LR: 2.66e-04
2026-04-23 14:24:06,565 INFO Epoch 8 | Batch 300 | Loss: 0.8435 | LR: 2.66e-04
2026-04-23 14:24:13,627 INFO Epoch 8 | Batch 350 | Loss: 1.0984 | LR: 2.65e-04
2026-04-23 14:24:20,663 INFO Epoch 8 | Batch 400 | Loss: 0.7523 | LR: 2.65e-04
2026-04-23 14:24:27,703 INFO Epoch 8 | Batch 450 | Loss: 1.0827 | LR: 2.64e-04
2026-04-23 14:24:34,749 INFO Epoch 8 | Batch 500 | Loss: 0.8918 | LR: 2.64e-04
2026-04-23 14:24:41,801 INFO Epoch 8 | Batch 550 | Loss: 0.8628 | LR: 2.63e-04
2026-04-23 14:24:48,911 INFO Epoch 8 | Batch 600 | Loss: 0.7217 | LR: 2.63e-04
2026-04-23 14:24:55,984 INFO Epoch 8 | Batch 650 | Loss: 0.8605 | LR: 2.63e-04
2026-04-23 14:25:03,182 INFO Epoch 8 | Batch 700 | Loss: 0.7559 | LR: 2.62e-04
2026-04-23 14:25:10,195 INFO Epoch 8 | Batch 750 | Loss: 0.7176 | LR: 2.62e-04
2026-04-23 14:25:17,133 INFO Epoch 8 | Batch 800 | Loss: 0.9489 | LR: 2.61e-04
2026-04-23 14:25:24,178 INFO Epoch 8 | Batch 850 | Loss: 0.6151 | LR: 2.61e-04
2026-04-23 14:25:31,319 INFO Epoch 8 | Batch 900 | Loss: 0.9961 | LR: 2.60e-04
2026-04-23 14:25:38,382 INFO Epoch 8 | Batch 950 | Loss: 0.9650 | LR: 2.60e-04
2026-04-23 14:25:45,584 INFO Epoch 8 | Batch 1000 | Loss: 0.7234 | LR: 2.60e-04
2026-04-23 14:25:52,587 INFO Epoch 8 | Batch 1050 | Loss: 0.7933 | LR: 2.59e-04
2026-04-23 14:25:59,543 INFO Epoch 8 | Batch 1100 | Loss: 0.7761 | LR: 2.59e-04
2026-04-23 14:26:06,521 INFO Epoch 8 | Batch 1150 | Loss: 0.7123 | LR: 2.58e-04
2026-04-23 14:26:13,756 INFO Epoch 8 | Batch 1200 | Loss: 0.7543 | LR: 2.58e-04
2026-04-23 14:26:30,788 INFO Epoch 8 | Train: 0.9037 | Dev CER: 0.1745 | Dev WER: 0.4957 | Time: 190s | Peak: 2.5 GB
2026-04-23 14:26:30,788 INFO   New best CER: 0.1745
2026-04-23 14:26:33,536 INFO Epoch 9 | Batch 0 | Loss: 0.8400 | LR: 2.57e-04
2026-04-23 14:26:41,043 INFO Epoch 9 | Batch 50 | Loss: 0.9273 | LR: 2.57e-04
2026-04-23 14:26:48,318 INFO Epoch 9 | Batch 100 | Loss: 0.7834 | LR: 2.56e-04
2026-04-23 14:26:55,871 INFO Epoch 9 | Batch 150 | Loss: 0.9581 | LR: 2.56e-04
2026-04-23 14:27:03,100 INFO Epoch 9 | Batch 200 | Loss: 0.8779 | LR: 2.56e-04
2026-04-23 14:27:10,282 INFO Epoch 9 | Batch 250 | Loss: 0.9742 | LR: 2.55e-04
2026-04-23 14:27:17,629 INFO Epoch 9 | Batch 300 | Loss: 0.8466 | LR: 2.55e-04
2026-04-23 14:27:25,132 INFO Epoch 9 | Batch 350 | Loss: 1.0601 | LR: 2.54e-04
2026-04-23 14:27:32,375 INFO Epoch 9 | Batch 400 | Loss: 0.7709 | LR: 2.54e-04
2026-04-23 14:27:39,625 INFO Epoch 9 | Batch 450 | Loss: 0.6570 | LR: 2.53e-04
2026-04-23 14:27:47,002 INFO Epoch 9 | Batch 500 | Loss: 0.7073 | LR: 2.53e-04
2026-04-23 14:27:54,182 INFO Epoch 9 | Batch 550 | Loss: 0.6551 | LR: 2.52e-04
2026-04-23 14:28:01,330 INFO Epoch 9 | Batch 600 | Loss: 0.7294 | LR: 2.52e-04
2026-04-23 14:28:08,665 INFO Epoch 9 | Batch 650 | Loss: 0.9572 | LR: 2.51e-04
2026-04-23 14:28:15,882 INFO Epoch 9 | Batch 700 | Loss: 0.6659 | LR: 2.51e-04
2026-04-23 14:28:23,083 INFO Epoch 9 | Batch 750 | Loss: 0.8357 | LR: 2.50e-04
2026-04-23 14:28:30,326 INFO Epoch 9 | Batch 800 | Loss: 0.8548 | LR: 2.50e-04
2026-04-23 14:28:37,576 INFO Epoch 9 | Batch 850 | Loss: 1.0399 | LR: 2.49e-04
2026-04-23 14:28:44,702 INFO Epoch 9 | Batch 900 | Loss: 1.0685 | LR: 2.49e-04
2026-04-23 14:28:51,830 INFO Epoch 9 | Batch 950 | Loss: 0.8978 | LR: 2.48e-04
2026-04-23 14:28:58,962 INFO Epoch 9 | Batch 1000 | Loss: 0.7991 | LR: 2.48e-04
2026-04-23 14:29:06,063 INFO Epoch 9 | Batch 1050 | Loss: 1.0265 | LR: 2.47e-04
2026-04-23 14:29:13,383 INFO Epoch 9 | Batch 1100 | Loss: 0.6949 | LR: 2.47e-04
2026-04-23 14:29:20,585 INFO Epoch 9 | Batch 1150 | Loss: 0.6951 | LR: 2.46e-04
2026-04-23 14:29:27,745 INFO Epoch 9 | Batch 1200 | Loss: 0.8747 | LR: 2.46e-04
2026-04-23 14:29:45,298 INFO Epoch 9 | Train: 0.8750 | Dev CER: 0.1670 | Dev WER: 0.4808 | Time: 194s | Peak: 2.5 GB
2026-04-23 14:29:45,298 INFO   New best CER: 0.1670
2026-04-23 14:29:48,045 INFO Epoch 10 | Batch 0 | Loss: 0.8196 | LR: 2.46e-04
2026-04-23 14:29:54,789 INFO Epoch 10 | Batch 50 | Loss: 0.8443 | LR: 2.45e-04
2026-04-23 14:30:01,919 INFO Epoch 10 | Batch 100 | Loss: 0.7344 | LR: 2.45e-04
2026-04-23 14:30:09,083 INFO Epoch 10 | Batch 150 | Loss: 0.8202 | LR: 2.44e-04
2026-04-23 14:30:16,359 INFO Epoch 10 | Batch 200 | Loss: 0.7851 | LR: 2.44e-04
2026-04-23 14:30:23,287 INFO Epoch 10 | Batch 250 | Loss: 0.6507 | LR: 2.43e-04
2026-04-23 14:30:30,334 INFO Epoch 10 | Batch 300 | Loss: 0.6816 | LR: 2.43e-04
2026-04-23 14:30:37,417 INFO Epoch 10 | Batch 350 | Loss: 0.6372 | LR: 2.42e-04
2026-04-23 14:30:44,427 INFO Epoch 10 | Batch 400 | Loss: 0.5222 | LR: 2.41e-04
2026-04-23 14:30:51,621 INFO Epoch 10 | Batch 450 | Loss: 0.9262 | LR: 2.41e-04
2026-04-23 14:30:58,732 INFO Epoch 10 | Batch 500 | Loss: 0.6751 | LR: 2.40e-04
2026-04-23 14:31:05,867 INFO Epoch 10 | Batch 550 | Loss: 0.7953 | LR: 2.40e-04
2026-04-23 14:31:13,020 INFO Epoch 10 | Batch 600 | Loss: 0.9469 | LR: 2.39e-04
2026-04-23 14:31:20,157 INFO Epoch 10 | Batch 650 | Loss: 0.8416 | LR: 2.39e-04
2026-04-23 14:31:27,012 INFO Epoch 10 | Batch 700 | Loss: 1.4507 | LR: 2.38e-04
2026-04-23 14:31:34,456 INFO Epoch 10 | Batch 750 | Loss: 0.5400 | LR: 2.38e-04
2026-04-23 14:31:41,576 INFO Epoch 10 | Batch 800 | Loss: 1.3802 | LR: 2.37e-04
2026-04-23 14:31:48,794 INFO Epoch 10 | Batch 850 | Loss: 0.6559 | LR: 2.37e-04
2026-04-23 14:31:56,196 INFO Epoch 10 | Batch 900 | Loss: 0.6109 | LR: 2.36e-04
2026-04-23 14:32:03,320 INFO Epoch 10 | Batch 950 | Loss: 0.7539 | LR: 2.36e-04
2026-04-23 14:32:10,469 INFO Epoch 10 | Batch 1000 | Loss: 0.6947 | LR: 2.35e-04
2026-04-23 14:32:17,827 INFO Epoch 10 | Batch 1050 | Loss: 0.7041 | LR: 2.35e-04
2026-04-23 14:32:25,014 INFO Epoch 10 | Batch 1100 | Loss: 0.6386 | LR: 2.34e-04
2026-04-23 14:32:32,204 INFO Epoch 10 | Batch 1150 | Loss: 0.7337 | LR: 2.34e-04
2026-04-23 14:32:39,335 INFO Epoch 10 | Batch 1200 | Loss: 0.7156 | LR: 2.33e-04
2026-04-23 14:32:55,908 INFO Epoch 10 | Train: 0.8337 | Dev CER: 0.1574 | Dev WER: 0.4589 | Time: 190s | Peak: 2.5 GB
2026-04-23 14:32:55,908 INFO   New best CER: 0.1574
2026-04-23 14:32:58,765 INFO Epoch 11 | Batch 0 | Loss: 0.8203 | LR: 2.33e-04
2026-04-23 14:33:05,902 INFO Epoch 11 | Batch 50 | Loss: 0.7676 | LR: 2.32e-04
2026-04-23 14:33:12,996 INFO Epoch 11 | Batch 100 | Loss: 0.5513 | LR: 2.32e-04
2026-04-23 14:33:20,400 INFO Epoch 11 | Batch 150 | Loss: 0.5628 | LR: 2.31e-04
2026-04-23 14:33:27,572 INFO Epoch 11 | Batch 200 | Loss: 1.0654 | LR: 2.30e-04
2026-04-23 14:33:34,699 INFO Epoch 11 | Batch 250 | Loss: 0.8607 | LR: 2.30e-04
2026-04-23 14:33:41,794 INFO Epoch 11 | Batch 300 | Loss: 0.9540 | LR: 2.29e-04
2026-04-23 14:33:48,988 INFO Epoch 11 | Batch 350 | Loss: 0.9460 | LR: 2.29e-04
2026-04-23 14:33:56,124 INFO Epoch 11 | Batch 400 | Loss: 0.4894 | LR: 2.28e-04
2026-04-23 14:34:03,274 INFO Epoch 11 | Batch 450 | Loss: 0.5422 | LR: 2.28e-04
2026-04-23 14:34:10,358 INFO Epoch 11 | Batch 500 | Loss: 0.7641 | LR: 2.27e-04
2026-04-23 14:34:17,450 INFO Epoch 11 | Batch 550 | Loss: 0.8302 | LR: 2.27e-04
2026-04-23 14:34:24,661 INFO Epoch 11 | Batch 600 | Loss: 0.7837 | LR: 2.26e-04
2026-04-23 14:34:31,848 INFO Epoch 11 | Batch 650 | Loss: 1.1616 | LR: 2.25e-04
2026-04-23 14:34:39,147 INFO Epoch 11 | Batch 700 | Loss: 0.7771 | LR: 2.25e-04
2026-04-23 14:34:46,260 INFO Epoch 11 | Batch 750 | Loss: 0.7707 | LR: 2.24e-04
2026-04-23 14:34:53,487 INFO Epoch 11 | Batch 800 | Loss: 0.9234 | LR: 2.24e-04
2026-04-23 14:35:00,636 INFO Epoch 11 | Batch 850 | Loss: 0.7484 | LR: 2.23e-04
2026-04-23 14:35:07,728 INFO Epoch 11 | Batch 900 | Loss: 0.6890 | LR: 2.23e-04
2026-04-23 14:35:14,858 INFO Epoch 11 | Batch 950 | Loss: 0.5070 | LR: 2.22e-04
2026-04-23 14:35:22,176 INFO Epoch 11 | Batch 1000 | Loss: 0.6576 | LR: 2.21e-04
2026-04-23 14:35:29,253 INFO Epoch 11 | Batch 1050 | Loss: 0.8260 | LR: 2.21e-04
2026-04-23 14:35:36,351 INFO Epoch 11 | Batch 1100 | Loss: 0.7357 | LR: 2.20e-04
2026-04-23 14:35:43,469 INFO Epoch 11 | Batch 1150 | Loss: 0.8629 | LR: 2.20e-04
2026-04-23 14:35:50,607 INFO Epoch 11 | Batch 1200 | Loss: 0.5639 | LR: 2.19e-04
2026-04-23 14:36:05,975 INFO Epoch 11 | Train: 0.8055 | Dev CER: 0.1493 | Dev WER: 0.4393 | Time: 190s | Peak: 2.5 GB
2026-04-23 14:36:05,976 INFO   New best CER: 0.1493
2026-04-23 14:36:08,860 INFO Epoch 12 | Batch 0 | Loss: 0.7191 | LR: 2.19e-04
2026-04-23 14:36:15,808 INFO Epoch 12 | Batch 50 | Loss: 1.7636 | LR: 2.18e-04
2026-04-23 14:36:22,802 INFO Epoch 12 | Batch 100 | Loss: 1.3637 | LR: 2.18e-04
2026-04-23 14:36:30,030 INFO Epoch 12 | Batch 150 | Loss: 0.7376 | LR: 2.17e-04
2026-04-23 14:36:37,024 INFO Epoch 12 | Batch 200 | Loss: 0.5127 | LR: 2.16e-04
2026-04-23 14:36:44,135 INFO Epoch 12 | Batch 250 | Loss: 0.7379 | LR: 2.16e-04
2026-04-23 14:36:51,349 INFO Epoch 12 | Batch 300 | Loss: 0.5467 | LR: 2.15e-04
2026-04-23 14:36:58,338 INFO Epoch 12 | Batch 350 | Loss: 0.9018 | LR: 2.15e-04
2026-04-23 14:37:05,302 INFO Epoch 12 | Batch 400 | Loss: 0.7711 | LR: 2.14e-04
2026-04-23 14:37:12,334 INFO Epoch 12 | Batch 450 | Loss: 0.7154 | LR: 2.13e-04
2026-04-23 14:37:19,219 INFO Epoch 12 | Batch 500 | Loss: 0.6397 | LR: 2.13e-04
2026-04-23 14:37:24,892 INFO Epoch 12 | Batch 550 | Loss: 1.0349 | LR: 2.12e-04
2026-04-23 14:37:31,058 INFO Epoch 12 | Batch 600 | Loss: 0.6910 | LR: 2.12e-04
2026-04-23 14:37:37,895 INFO Epoch 12 | Batch 650 | Loss: 0.9112 | LR: 2.11e-04
2026-04-23 14:37:44,973 INFO Epoch 12 | Batch 700 | Loss: 0.8214 | LR: 2.11e-04
2026-04-23 14:37:52,012 INFO Epoch 12 | Batch 750 | Loss: 0.4704 | LR: 2.10e-04
2026-04-23 14:37:59,095 INFO Epoch 12 | Batch 800 | Loss: 0.6479 | LR: 2.09e-04
2026-04-23 14:38:06,413 INFO Epoch 12 | Batch 850 | Loss: 0.7280 | LR: 2.09e-04
2026-04-23 14:38:13,395 INFO Epoch 12 | Batch 900 | Loss: 0.8360 | LR: 2.08e-04
2026-04-23 14:38:20,452 INFO Epoch 12 | Batch 950 | Loss: 0.9496 | LR: 2.08e-04
2026-04-23 14:38:27,544 INFO Epoch 12 | Batch 1000 | Loss: 0.8785 | LR: 2.07e-04
2026-04-23 14:38:34,602 INFO Epoch 12 | Batch 1050 | Loss: 0.7469 | LR: 2.06e-04
2026-04-23 14:38:41,576 INFO Epoch 12 | Batch 1100 | Loss: 0.7394 | LR: 2.06e-04
2026-04-23 14:38:48,592 INFO Epoch 12 | Batch 1150 | Loss: 0.7120 | LR: 2.05e-04
2026-04-23 14:38:55,701 INFO Epoch 12 | Batch 1200 | Loss: 0.9226 | LR: 2.04e-04
2026-04-23 14:39:11,614 INFO Epoch 12 | Train: 0.7882 | Dev CER: 0.1461 | Dev WER: 0.4314 | Time: 185s | Peak: 2.5 GB
2026-04-23 14:39:11,614 INFO   New best CER: 0.1461
2026-04-23 14:39:14,443 INFO Epoch 13 | Batch 0 | Loss: 0.8055 | LR: 2.04e-04
2026-04-23 14:39:21,811 INFO Epoch 13 | Batch 50 | Loss: 0.5881 | LR: 2.03e-04
2026-04-23 14:39:29,354 INFO Epoch 13 | Batch 100 | Loss: 0.6140 | LR: 2.03e-04
2026-04-23 14:39:36,495 INFO Epoch 13 | Batch 150 | Loss: 0.5894 | LR: 2.02e-04
2026-04-23 14:39:43,586 INFO Epoch 13 | Batch 200 | Loss: 0.6252 | LR: 2.02e-04
2026-04-23 14:39:50,592 INFO Epoch 13 | Batch 250 | Loss: 0.7770 | LR: 2.01e-04
2026-04-23 14:39:57,753 INFO Epoch 13 | Batch 300 | Loss: 0.6381 | LR: 2.00e-04
2026-04-23 14:40:04,743 INFO Epoch 13 | Batch 350 | Loss: 0.9031 | LR: 2.00e-04
2026-04-23 14:40:11,775 INFO Epoch 13 | Batch 400 | Loss: 0.6996 | LR: 1.99e-04
2026-04-23 14:40:18,859 INFO Epoch 13 | Batch 450 | Loss: 0.6548 | LR: 1.99e-04
2026-04-23 14:40:25,778 INFO Epoch 13 | Batch 500 | Loss: 0.5707 | LR: 1.98e-04
2026-04-23 14:40:32,757 INFO Epoch 13 | Batch 550 | Loss: 0.6230 | LR: 1.97e-04
2026-04-23 14:40:39,967 INFO Epoch 13 | Batch 600 | Loss: 0.6305 | LR: 1.97e-04
2026-04-23 14:40:47,081 INFO Epoch 13 | Batch 650 | Loss: 0.8275 | LR: 1.96e-04
2026-04-23 14:40:54,211 INFO Epoch 13 | Batch 700 | Loss: 0.8223 | LR: 1.95e-04
2026-04-23 14:41:01,425 INFO Epoch 13 | Batch 750 | Loss: 0.7803 | LR: 1.95e-04
2026-04-23 14:41:08,605 INFO Epoch 13 | Batch 800 | Loss: 0.6231 | LR: 1.94e-04
2026-04-23 14:41:15,648 INFO Epoch 13 | Batch 850 | Loss: 1.1441 | LR: 1.94e-04
2026-04-23 14:41:22,725 INFO Epoch 13 | Batch 900 | Loss: 0.8604 | LR: 1.93e-04
2026-04-23 14:41:29,796 INFO Epoch 13 | Batch 950 | Loss: 0.7431 | LR: 1.92e-04
2026-04-23 14:41:36,912 INFO Epoch 13 | Batch 1000 | Loss: 0.6906 | LR: 1.92e-04
2026-04-23 14:41:44,186 INFO Epoch 13 | Batch 1050 | Loss: 0.5599 | LR: 1.91e-04
2026-04-23 14:41:51,255 INFO Epoch 13 | Batch 1100 | Loss: 1.3030 | LR: 1.90e-04
2026-04-23 14:41:58,274 INFO Epoch 13 | Batch 1150 | Loss: 0.8787 | LR: 1.90e-04
2026-04-23 14:42:05,359 INFO Epoch 13 | Batch 1200 | Loss: 1.1154 | LR: 1.89e-04
2026-04-23 14:42:23,165 INFO Epoch 13 | Train: 0.7568 | Dev CER: 0.1415 | Dev WER: 0.4182 | Time: 191s | Peak: 2.5 GB
2026-04-23 14:42:23,165 INFO   New best CER: 0.1415
2026-04-23 14:42:26,339 INFO Epoch 14 | Batch 0 | Loss: 0.7721 | LR: 1.89e-04
2026-04-23 14:42:33,545 INFO Epoch 14 | Batch 50 | Loss: 1.0281 | LR: 1.88e-04
2026-04-23 14:42:40,733 INFO Epoch 14 | Batch 100 | Loss: 0.6752 | LR: 1.87e-04
2026-04-23 14:42:47,918 INFO Epoch 14 | Batch 150 | Loss: 0.6417 | LR: 1.87e-04
2026-04-23 14:42:55,083 INFO Epoch 14 | Batch 200 | Loss: 0.7194 | LR: 1.86e-04
2026-04-23 14:43:02,158 INFO Epoch 14 | Batch 250 | Loss: 0.8586 | LR: 1.86e-04
2026-04-23 14:43:09,236 INFO Epoch 14 | Batch 300 | Loss: 0.5774 | LR: 1.85e-04
2026-04-23 14:43:16,224 INFO Epoch 14 | Batch 350 | Loss: 0.8048 | LR: 1.84e-04
2026-04-23 14:43:23,264 INFO Epoch 14 | Batch 400 | Loss: 0.7238 | LR: 1.84e-04
2026-04-23 14:43:30,239 INFO Epoch 14 | Batch 450 | Loss: 0.7879 | LR: 1.83e-04
2026-04-23 14:43:37,425 INFO Epoch 14 | Batch 500 | Loss: 0.7716 | LR: 1.82e-04
2026-04-23 14:43:44,872 INFO Epoch 14 | Batch 550 | Loss: 0.7674 | LR: 1.82e-04
2026-04-23 14:43:52,045 INFO Epoch 14 | Batch 600 | Loss: 0.8936 | LR: 1.81e-04
2026-04-23 14:43:59,226 INFO Epoch 14 | Batch 650 | Loss: 0.6489 | LR: 1.81e-04
2026-04-23 14:44:06,274 INFO Epoch 14 | Batch 700 | Loss: 0.7477 | LR: 1.80e-04
2026-04-23 14:44:13,455 INFO Epoch 14 | Batch 750 | Loss: 0.6154 | LR: 1.79e-04
2026-04-23 14:44:20,619 INFO Epoch 14 | Batch 800 | Loss: 0.6857 | LR: 1.79e-04
2026-04-23 14:44:27,932 INFO Epoch 14 | Batch 850 | Loss: 0.6204 | LR: 1.78e-04
2026-04-23 14:44:35,023 INFO Epoch 14 | Batch 900 | Loss: 0.6896 | LR: 1.77e-04
2026-04-23 14:44:42,061 INFO Epoch 14 | Batch 950 | Loss: 0.8016 | LR: 1.77e-04
2026-04-23 14:44:49,033 INFO Epoch 14 | Batch 1000 | Loss: 0.6158 | LR: 1.76e-04
2026-04-23 14:44:56,185 INFO Epoch 14 | Batch 1050 | Loss: 0.7963 | LR: 1.75e-04
2026-04-23 14:45:03,336 INFO Epoch 14 | Batch 1100 | Loss: 0.6338 | LR: 1.75e-04
2026-04-23 14:45:10,277 INFO Epoch 14 | Batch 1150 | Loss: 0.7357 | LR: 1.74e-04
2026-04-23 14:45:17,253 INFO Epoch 14 | Batch 1200 | Loss: 0.8081 | LR: 1.73e-04
2026-04-23 14:45:32,638 INFO Epoch 14 | Train: 0.7472 | Dev CER: 0.1388 | Dev WER: 0.4094 | Time: 189s | Peak: 2.5 GB
2026-04-23 14:45:32,639 INFO   New best CER: 0.1388
2026-04-23 14:45:35,587 INFO Epoch 15 | Batch 0 | Loss: 0.6396 | LR: 1.73e-04
2026-04-23 14:45:42,802 INFO Epoch 15 | Batch 50 | Loss: 0.6959 | LR: 1.72e-04
2026-04-23 14:45:50,220 INFO Epoch 15 | Batch 100 | Loss: 0.5519 | LR: 1.72e-04
2026-04-23 14:45:57,361 INFO Epoch 15 | Batch 150 | Loss: 0.5940 | LR: 1.71e-04
2026-04-23 14:46:04,501 INFO Epoch 15 | Batch 200 | Loss: 0.8412 | LR: 1.70e-04
2026-04-23 14:46:11,805 INFO Epoch 15 | Batch 250 | Loss: 0.6136 | LR: 1.70e-04
2026-04-23 14:46:19,005 INFO Epoch 15 | Batch 300 | Loss: 0.7421 | LR: 1.69e-04
2026-04-23 14:46:26,138 INFO Epoch 15 | Batch 350 | Loss: 0.5860 | LR: 1.68e-04
2026-04-23 14:46:33,238 INFO Epoch 15 | Batch 400 | Loss: 0.5843 | LR: 1.68e-04
2026-04-23 14:46:40,445 INFO Epoch 15 | Batch 450 | Loss: 0.4872 | LR: 1.67e-04
2026-04-23 14:46:47,658 INFO Epoch 15 | Batch 500 | Loss: 0.8285 | LR: 1.67e-04
2026-04-23 14:46:54,841 INFO Epoch 15 | Batch 550 | Loss: 0.5690 | LR: 1.66e-04
2026-04-23 14:47:02,036 INFO Epoch 15 | Batch 600 | Loss: 0.5060 | LR: 1.65e-04
2026-04-23 14:47:09,168 INFO Epoch 15 | Batch 650 | Loss: 0.5401 | LR: 1.65e-04
2026-04-23 14:47:16,589 INFO Epoch 15 | Batch 700 | Loss: 0.6621 | LR: 1.64e-04
2026-04-23 14:47:23,730 INFO Epoch 15 | Batch 750 | Loss: 0.7379 | LR: 1.63e-04
2026-04-23 14:47:30,962 INFO Epoch 15 | Batch 800 | Loss: 0.7060 | LR: 1.63e-04
2026-04-23 14:47:38,111 INFO Epoch 15 | Batch 850 | Loss: 0.5513 | LR: 1.62e-04
2026-04-23 14:47:45,264 INFO Epoch 15 | Batch 900 | Loss: 0.8127 | LR: 1.61e-04
2026-04-23 14:47:52,376 INFO Epoch 15 | Batch 950 | Loss: 0.8166 | LR: 1.61e-04
2026-04-23 14:47:59,708 INFO Epoch 15 | Batch 1000 | Loss: 0.6284 | LR: 1.60e-04
2026-04-23 14:48:06,805 INFO Epoch 15 | Batch 1050 | Loss: 0.5554 | LR: 1.59e-04
2026-04-23 14:48:13,930 INFO Epoch 15 | Batch 1100 | Loss: 0.7314 | LR: 1.59e-04
2026-04-23 14:48:21,063 INFO Epoch 15 | Batch 1150 | Loss: 0.7852 | LR: 1.58e-04
2026-04-23 14:48:28,373 INFO Epoch 15 | Batch 1200 | Loss: 0.8554 | LR: 1.57e-04
2026-04-23 14:48:44,665 INFO Epoch 15 | Train: 0.7262 | Dev CER: 0.1342 | Dev WER: 0.3994 | Time: 192s | Peak: 2.5 GB
2026-04-23 14:48:44,665 INFO   New best CER: 0.1342
2026-04-23 14:48:47,632 INFO Epoch 16 | Batch 0 | Loss: 0.6207 | LR: 1.57e-04
2026-04-23 14:48:54,898 INFO Epoch 16 | Batch 50 | Loss: 0.6501 | LR: 1.56e-04
2026-04-23 14:49:02,142 INFO Epoch 16 | Batch 100 | Loss: 0.9253 | LR: 1.56e-04
2026-04-23 14:49:09,573 INFO Epoch 16 | Batch 150 | Loss: 0.5534 | LR: 1.55e-04
2026-04-23 14:49:16,701 INFO Epoch 16 | Batch 200 | Loss: 0.4566 | LR: 1.54e-04
2026-04-23 14:49:23,887 INFO Epoch 16 | Batch 250 | Loss: 0.7605 | LR: 1.54e-04
2026-04-23 14:49:30,960 INFO Epoch 16 | Batch 300 | Loss: 0.8215 | LR: 1.53e-04
2026-04-23 14:49:38,258 INFO Epoch 16 | Batch 350 | Loss: 0.6526 | LR: 1.52e-04
2026-04-23 14:49:45,373 INFO Epoch 16 | Batch 400 | Loss: 0.5731 | LR: 1.52e-04
2026-04-23 14:49:52,594 INFO Epoch 16 | Batch 450 | Loss: 0.6596 | LR: 1.51e-04
2026-04-23 14:50:00,067 INFO Epoch 16 | Batch 500 | Loss: 0.6772 | LR: 1.50e-04
2026-04-23 14:50:07,084 INFO Epoch 16 | Batch 550 | Loss: 0.6221 | LR: 1.50e-04
2026-04-23 14:50:14,087 INFO Epoch 16 | Batch 600 | Loss: 0.8033 | LR: 1.49e-04
2026-04-23 14:50:21,131 INFO Epoch 16 | Batch 650 | Loss: 0.6728 | LR: 1.49e-04
2026-04-23 14:50:28,148 INFO Epoch 16 | Batch 700 | Loss: 0.8931 | LR: 1.48e-04
2026-04-23 14:50:35,167 INFO Epoch 16 | Batch 750 | Loss: 0.7884 | LR: 1.47e-04
2026-04-23 14:50:42,298 INFO Epoch 16 | Batch 800 | Loss: 0.6081 | LR: 1.47e-04
2026-04-23 14:50:49,549 INFO Epoch 16 | Batch 850 | Loss: 0.5185 | LR: 1.46e-04
2026-04-23 14:50:56,703 INFO Epoch 16 | Batch 900 | Loss: 0.9554 | LR: 1.45e-04
2026-04-23 14:51:03,899 INFO Epoch 16 | Batch 950 | Loss: 0.5775 | LR: 1.45e-04
2026-04-23 14:51:11,116 INFO Epoch 16 | Batch 1000 | Loss: 0.6388 | LR: 1.44e-04
2026-04-23 14:51:18,382 INFO Epoch 16 | Batch 1050 | Loss: 0.5926 | LR: 1.43e-04
2026-04-23 14:51:25,680 INFO Epoch 16 | Batch 1100 | Loss: 0.6205 | LR: 1.43e-04
2026-04-23 14:51:32,855 INFO Epoch 16 | Batch 1150 | Loss: 0.6844 | LR: 1.42e-04
2026-04-23 14:51:39,998 INFO Epoch 16 | Batch 1200 | Loss: 0.5573 | LR: 1.41e-04
2026-04-23 14:51:58,877 INFO Epoch 16 | Train: 0.7118 | Dev CER: 0.1325 | Dev WER: 0.3953 | Time: 194s | Peak: 2.5 GB
2026-04-23 14:51:58,877 INFO   New best CER: 0.1325
2026-04-23 14:52:01,905 INFO Epoch 17 | Batch 0 | Loss: 0.5162 | LR: 1.41e-04
2026-04-23 14:52:09,377 INFO Epoch 17 | Batch 50 | Loss: 0.7939 | LR: 1.40e-04
2026-04-23 14:52:16,624 INFO Epoch 17 | Batch 100 | Loss: 0.6864 | LR: 1.40e-04
2026-04-23 14:52:23,829 INFO Epoch 17 | Batch 150 | Loss: 0.7760 | LR: 1.39e-04
2026-04-23 14:52:31,076 INFO Epoch 17 | Batch 200 | Loss: 0.6705 | LR: 1.38e-04
2026-04-23 14:52:38,336 INFO Epoch 17 | Batch 250 | Loss: 0.5189 | LR: 1.38e-04
2026-04-23 14:52:45,442 INFO Epoch 17 | Batch 300 | Loss: 0.6843 | LR: 1.37e-04
2026-04-23 14:52:52,693 INFO Epoch 17 | Batch 350 | Loss: 0.4866 | LR: 1.36e-04
2026-04-23 14:52:59,789 INFO Epoch 17 | Batch 400 | Loss: 0.6457 | LR: 1.36e-04
2026-04-23 14:53:06,858 INFO Epoch 17 | Batch 450 | Loss: 0.8181 | LR: 1.35e-04
2026-04-23 14:53:13,891 INFO Epoch 17 | Batch 500 | Loss: 0.7147 | LR: 1.34e-04
2026-04-23 14:53:20,992 INFO Epoch 17 | Batch 550 | Loss: 0.6470 | LR: 1.34e-04
2026-04-23 14:53:28,284 INFO Epoch 17 | Batch 600 | Loss: 0.5558 | LR: 1.33e-04
2026-04-23 14:53:35,385 INFO Epoch 17 | Batch 650 | Loss: 0.7359 | LR: 1.32e-04
2026-04-23 14:53:42,469 INFO Epoch 17 | Batch 700 | Loss: 0.5829 | LR: 1.32e-04
2026-04-23 14:53:48,799 INFO Epoch 17 | Batch 750 | Loss: 0.6632 | LR: 1.31e-04
2026-04-23 14:53:55,852 INFO Epoch 17 | Batch 800 | Loss: 0.5572 | LR: 1.31e-04
2026-04-23 14:54:02,751 INFO Epoch 17 | Batch 850 | Loss: 0.7664 | LR: 1.30e-04
2026-04-23 14:54:09,618 INFO Epoch 17 | Batch 900 | Loss: 0.4798 | LR: 1.29e-04
2026-04-23 14:54:16,543 INFO Epoch 17 | Batch 950 | Loss: 0.6640 | LR: 1.29e-04
2026-04-23 14:54:23,717 INFO Epoch 17 | Batch 1000 | Loss: 0.7039 | LR: 1.28e-04
2026-04-23 14:54:30,823 INFO Epoch 17 | Batch 1050 | Loss: 0.5460 | LR: 1.27e-04
2026-04-23 14:54:37,912 INFO Epoch 17 | Batch 1100 | Loss: 0.6051 | LR: 1.27e-04
2026-04-23 14:54:44,921 INFO Epoch 17 | Batch 1150 | Loss: 0.8079 | LR: 1.26e-04
2026-04-23 14:54:51,934 INFO Epoch 17 | Batch 1200 | Loss: 0.7653 | LR: 1.25e-04
2026-04-23 14:55:09,287 INFO Epoch 17 | Train: 0.6936 | Dev CER: 0.1285 | Dev WER: 0.3859 | Time: 190s | Peak: 2.5 GB
2026-04-23 14:55:09,287 INFO   New best CER: 0.1285
2026-04-23 14:55:12,251 INFO Epoch 18 | Batch 0 | Loss: 0.9320 | LR: 1.25e-04
2026-04-23 14:55:19,452 INFO Epoch 18 | Batch 50 | Loss: 0.5792 | LR: 1.24e-04
2026-04-23 14:55:26,650 INFO Epoch 18 | Batch 100 | Loss: 0.5819 | LR: 1.24e-04
2026-04-23 14:55:33,827 INFO Epoch 18 | Batch 150 | Loss: 0.8379 | LR: 1.23e-04
2026-04-23 14:55:41,201 INFO Epoch 18 | Batch 200 | Loss: 0.8833 | LR: 1.22e-04
2026-04-23 14:55:47,691 INFO Epoch 18 | Batch 250 | Loss: 0.5138 | LR: 1.22e-04
2026-04-23 14:55:53,433 INFO Epoch 18 | Batch 300 | Loss: 0.5717 | LR: 1.21e-04
2026-04-23 14:55:59,348 INFO Epoch 18 | Batch 350 | Loss: 0.4721 | LR: 1.20e-04
2026-04-23 14:56:04,990 INFO Epoch 18 | Batch 400 | Loss: 0.6619 | LR: 1.20e-04
2026-04-23 14:56:11,176 INFO Epoch 18 | Batch 450 | Loss: 0.5723 | LR: 1.19e-04
2026-04-23 14:56:18,220 INFO Epoch 18 | Batch 500 | Loss: 0.5651 | LR: 1.19e-04
2026-04-23 14:56:25,311 INFO Epoch 18 | Batch 550 | Loss: 0.4691 | LR: 1.18e-04
2026-04-23 14:56:32,452 INFO Epoch 18 | Batch 600 | Loss: 0.3964 | LR: 1.17e-04
2026-04-23 14:56:39,480 INFO Epoch 18 | Batch 650 | Loss: 1.0152 | LR: 1.17e-04
2026-04-23 14:56:46,541 INFO Epoch 18 | Batch 700 | Loss: 0.5141 | LR: 1.16e-04
2026-04-23 14:56:53,582 INFO Epoch 18 | Batch 750 | Loss: 0.6521 | LR: 1.15e-04
2026-04-23 14:57:00,630 INFO Epoch 18 | Batch 800 | Loss: 0.9007 | LR: 1.15e-04
2026-04-23 14:57:07,700 INFO Epoch 18 | Batch 850 | Loss: 0.7670 | LR: 1.14e-04
2026-04-23 14:57:14,773 INFO Epoch 18 | Batch 900 | Loss: 0.5323 | LR: 1.13e-04
2026-04-23 14:57:22,122 INFO Epoch 18 | Batch 950 | Loss: 0.6837 | LR: 1.13e-04
2026-04-23 14:57:29,314 INFO Epoch 18 | Batch 1000 | Loss: 0.7186 | LR: 1.12e-04
2026-04-23 14:57:36,421 INFO Epoch 18 | Batch 1050 | Loss: 0.6902 | LR: 1.12e-04
2026-04-23 14:57:43,524 INFO Epoch 18 | Batch 1100 | Loss: 0.8237 | LR: 1.11e-04
2026-04-23 14:57:50,661 INFO Epoch 18 | Batch 1150 | Loss: 1.1572 | LR: 1.10e-04
2026-04-23 14:57:57,823 INFO Epoch 18 | Batch 1200 | Loss: 0.5551 | LR: 1.10e-04
2026-04-23 14:58:14,440 INFO Epoch 18 | Train: 0.6755 | Dev CER: 0.1269 | Dev WER: 0.3815 | Time: 185s | Peak: 2.5 GB
2026-04-23 14:58:14,440 INFO   New best CER: 0.1269
2026-04-23 14:58:17,437 INFO Epoch 19 | Batch 0 | Loss: 0.9036 | LR: 1.09e-04
2026-04-23 14:58:24,287 INFO Epoch 19 | Batch 50 | Loss: 0.4508 | LR: 1.09e-04
2026-04-23 14:58:31,204 INFO Epoch 19 | Batch 100 | Loss: 0.6211 | LR: 1.08e-04
2026-04-23 14:58:38,050 INFO Epoch 19 | Batch 150 | Loss: 0.3634 | LR: 1.07e-04
2026-04-23 14:58:45,012 INFO Epoch 19 | Batch 200 | Loss: 0.5525 | LR: 1.07e-04
2026-04-23 14:58:52,063 INFO Epoch 19 | Batch 250 | Loss: 0.6321 | LR: 1.06e-04
2026-04-23 14:58:59,005 INFO Epoch 19 | Batch 300 | Loss: 0.6720 | LR: 1.06e-04
2026-04-23 14:59:06,061 INFO Epoch 19 | Batch 350 | Loss: 0.9944 | LR: 1.05e-04
2026-04-23 14:59:13,343 INFO Epoch 19 | Batch 400 | Loss: 0.6983 | LR: 1.04e-04
2026-04-23 14:59:20,409 INFO Epoch 19 | Batch 450 | Loss: 0.8255 | LR: 1.04e-04
2026-04-23 14:59:27,516 INFO Epoch 19 | Batch 500 | Loss: 0.9692 | LR: 1.03e-04
2026-04-23 14:59:34,635 INFO Epoch 19 | Batch 550 | Loss: 0.6477 | LR: 1.02e-04
2026-04-23 14:59:41,991 INFO Epoch 19 | Batch 600 | Loss: 0.5892 | LR: 1.02e-04
2026-04-23 14:59:49,166 INFO Epoch 19 | Batch 650 | Loss: 0.9790 | LR: 1.01e-04
2026-04-23 14:59:56,279 INFO Epoch 19 | Batch 700 | Loss: 0.5824 | LR: 1.01e-04
2026-04-23 15:00:03,405 INFO Epoch 19 | Batch 750 | Loss: 0.8789 | LR: 1.00e-04
2026-04-23 15:00:10,561 INFO Epoch 19 | Batch 800 | Loss: 0.4847 | LR: 9.94e-05
2026-04-23 15:00:17,753 INFO Epoch 19 | Batch 850 | Loss: 0.6766 | LR: 9.88e-05
2026-04-23 15:00:25,009 INFO Epoch 19 | Batch 900 | Loss: 0.6631 | LR: 9.81e-05
2026-04-23 15:00:32,151 INFO Epoch 19 | Batch 950 | Loss: 0.6358 | LR: 9.75e-05
2026-04-23 15:00:39,331 INFO Epoch 19 | Batch 1000 | Loss: 0.5968 | LR: 9.69e-05
2026-04-23 15:00:46,453 INFO Epoch 19 | Batch 1050 | Loss: 0.5613 | LR: 9.63e-05
2026-04-23 15:00:53,680 INFO Epoch 19 | Batch 1100 | Loss: 0.5574 | LR: 9.57e-05
2026-04-23 15:01:00,508 INFO Epoch 19 | Batch 1150 | Loss: 0.9020 | LR: 9.51e-05
2026-04-23 15:01:07,539 INFO Epoch 19 | Batch 1200 | Loss: 0.5128 | LR: 9.45e-05
2026-04-23 15:01:20,939 INFO Epoch 19 | Train: 0.6670 | Dev CER: 0.1238 | Dev WER: 0.3720 | Time: 186s | Peak: 2.5 GB
2026-04-23 15:01:20,940 INFO   New best CER: 0.1238
2026-04-23 15:01:23,947 INFO Epoch 20 | Batch 0 | Loss: 0.4573 | LR: 9.41e-05
2026-04-23 15:01:31,155 INFO Epoch 20 | Batch 50 | Loss: 0.5937 | LR: 9.35e-05
2026-04-23 15:01:38,425 INFO Epoch 20 | Batch 100 | Loss: 0.3719 | LR: 9.29e-05
2026-04-23 15:01:45,885 INFO Epoch 20 | Batch 150 | Loss: 0.6806 | LR: 9.23e-05
2026-04-23 15:01:53,069 INFO Epoch 20 | Batch 200 | Loss: 0.6330 | LR: 9.17e-05
2026-04-23 15:02:00,245 INFO Epoch 20 | Batch 250 | Loss: 0.7498 | LR: 9.11e-05
2026-04-23 15:02:07,375 INFO Epoch 20 | Batch 300 | Loss: 0.4661 | LR: 9.05e-05
2026-04-23 15:02:14,413 INFO Epoch 20 | Batch 350 | Loss: 0.7926 | LR: 8.99e-05
2026-04-23 15:02:21,556 INFO Epoch 20 | Batch 400 | Loss: 0.6979 | LR: 8.93e-05
2026-04-23 15:02:28,674 INFO Epoch 20 | Batch 450 | Loss: 0.6324 | LR: 8.87e-05
2026-04-23 15:02:36,040 INFO Epoch 20 | Batch 500 | Loss: 0.5905 | LR: 8.81e-05
2026-04-23 15:02:43,183 INFO Epoch 20 | Batch 550 | Loss: 0.5140 | LR: 8.75e-05
2026-04-23 15:02:50,284 INFO Epoch 20 | Batch 600 | Loss: 1.1202 | LR: 8.69e-05
2026-04-23 15:02:57,434 INFO Epoch 20 | Batch 650 | Loss: 0.5324 | LR: 8.63e-05
2026-04-23 15:03:04,806 INFO Epoch 20 | Batch 700 | Loss: 1.0088 | LR: 8.57e-05
2026-04-23 15:03:11,930 INFO Epoch 20 | Batch 750 | Loss: 0.4999 | LR: 8.52e-05
2026-04-23 15:03:19,031 INFO Epoch 20 | Batch 800 | Loss: 0.8138 | LR: 8.46e-05
2026-04-23 15:03:26,348 INFO Epoch 20 | Batch 850 | Loss: 0.6066 | LR: 8.40e-05
2026-04-23 15:03:33,456 INFO Epoch 20 | Batch 900 | Loss: 0.4634 | LR: 8.34e-05
2026-04-23 15:03:40,622 INFO Epoch 20 | Batch 950 | Loss: 0.6061 | LR: 8.28e-05
2026-04-23 15:03:47,726 INFO Epoch 20 | Batch 1000 | Loss: 0.8651 | LR: 8.22e-05
2026-04-23 15:03:54,859 INFO Epoch 20 | Batch 1050 | Loss: 0.6195 | LR: 8.17e-05
2026-04-23 15:04:01,989 INFO Epoch 20 | Batch 1100 | Loss: 0.9492 | LR: 8.11e-05
2026-04-23 15:04:09,155 INFO Epoch 20 | Batch 1150 | Loss: 0.8904 | LR: 8.05e-05
2026-04-23 15:04:16,196 INFO Epoch 20 | Batch 1200 | Loss: 0.3947 | LR: 7.99e-05
2026-04-23 15:04:33,249 INFO Epoch 20 | Train: 0.6607 | Dev CER: 0.1215 | Dev WER: 0.3666 | Time: 192s | Peak: 2.5 GB
2026-04-23 15:04:33,249 INFO   New best CER: 0.1215
2026-04-23 15:04:36,558 INFO Epoch 21 | Batch 0 | Loss: 0.6630 | LR: 7.95e-05
2026-04-23 15:04:43,722 INFO Epoch 21 | Batch 50 | Loss: 0.7554 | LR: 7.90e-05
2026-04-23 15:04:50,837 INFO Epoch 21 | Batch 100 | Loss: 0.6986 | LR: 7.84e-05
2026-04-23 15:04:58,004 INFO Epoch 21 | Batch 150 | Loss: 0.5831 | LR: 7.78e-05
2026-04-23 15:05:04,963 INFO Epoch 21 | Batch 200 | Loss: 0.4882 | LR: 7.72e-05
2026-04-23 15:05:11,946 INFO Epoch 21 | Batch 250 | Loss: 0.6189 | LR: 7.67e-05
2026-04-23 15:05:19,380 INFO Epoch 21 | Batch 300 | Loss: 0.5400 | LR: 7.61e-05
2026-04-23 15:05:26,576 INFO Epoch 21 | Batch 350 | Loss: 0.4903 | LR: 7.56e-05
2026-04-23 15:05:33,786 INFO Epoch 21 | Batch 400 | Loss: 0.5750 | LR: 7.50e-05
2026-04-23 15:05:40,996 INFO Epoch 21 | Batch 450 | Loss: 0.5046 | LR: 7.44e-05
2026-04-23 15:05:48,212 INFO Epoch 21 | Batch 500 | Loss: 0.7513 | LR: 7.39e-05
2026-04-23 15:05:55,620 INFO Epoch 21 | Batch 550 | Loss: 0.5451 | LR: 7.33e-05
2026-04-23 15:06:02,838 INFO Epoch 21 | Batch 600 | Loss: 0.4970 | LR: 7.28e-05
2026-04-23 15:06:10,008 INFO Epoch 21 | Batch 650 | Loss: 0.7228 | LR: 7.22e-05
2026-04-23 15:06:17,412 INFO Epoch 21 | Batch 700 | Loss: 0.9206 | LR: 7.16e-05
2026-04-23 15:06:24,646 INFO Epoch 21 | Batch 750 | Loss: 0.5347 | LR: 7.11e-05
2026-04-23 15:06:31,817 INFO Epoch 21 | Batch 800 | Loss: 0.8772 | LR: 7.05e-05
2026-04-23 15:06:39,018 INFO Epoch 21 | Batch 850 | Loss: 0.4913 | LR: 7.00e-05
2026-04-23 15:06:46,292 INFO Epoch 21 | Batch 900 | Loss: 0.9333 | LR: 6.94e-05
2026-04-23 15:06:53,554 INFO Epoch 21 | Batch 950 | Loss: 0.4914 | LR: 6.89e-05
2026-04-23 15:07:00,506 INFO Epoch 21 | Batch 1000 | Loss: 0.3924 | LR: 6.84e-05
2026-04-23 15:07:07,675 INFO Epoch 21 | Batch 1050 | Loss: 0.5913 | LR: 6.78e-05
2026-04-23 15:07:14,834 INFO Epoch 21 | Batch 1100 | Loss: 0.6311 | LR: 6.73e-05
2026-04-23 15:07:22,034 INFO Epoch 21 | Batch 1150 | Loss: 0.6302 | LR: 6.67e-05
2026-04-23 15:07:29,111 INFO Epoch 21 | Batch 1200 | Loss: 1.0253 | LR: 6.62e-05
2026-04-23 15:07:45,755 INFO Epoch 21 | Train: 0.6426 | Dev CER: 0.1204 | Dev WER: 0.3631 | Time: 192s | Peak: 2.5 GB
2026-04-23 15:07:45,755 INFO   New best CER: 0.1204
2026-04-23 15:07:48,829 INFO Epoch 22 | Batch 0 | Loss: 0.8559 | LR: 6.58e-05
2026-04-23 15:07:55,944 INFO Epoch 22 | Batch 50 | Loss: 0.4253 | LR: 6.53e-05
2026-04-23 15:08:03,166 INFO Epoch 22 | Batch 100 | Loss: 0.4744 | LR: 6.47e-05
2026-04-23 15:08:10,379 INFO Epoch 22 | Batch 150 | Loss: 0.9303 | LR: 6.42e-05
2026-04-23 15:08:17,527 INFO Epoch 22 | Batch 200 | Loss: 0.7330 | LR: 6.37e-05
2026-04-23 15:08:24,952 INFO Epoch 22 | Batch 250 | Loss: 0.4627 | LR: 6.31e-05
2026-04-23 15:08:31,998 INFO Epoch 22 | Batch 300 | Loss: 0.6368 | LR: 6.26e-05
2026-04-23 15:08:38,908 INFO Epoch 22 | Batch 350 | Loss: 0.7853 | LR: 6.21e-05
2026-04-23 15:08:45,806 INFO Epoch 22 | Batch 400 | Loss: 0.5139 | LR: 6.16e-05
2026-04-23 15:08:52,826 INFO Epoch 22 | Batch 450 | Loss: 0.4367 | LR: 6.10e-05
2026-04-23 15:08:59,694 INFO Epoch 22 | Batch 500 | Loss: 0.4076 | LR: 6.05e-05
2026-04-23 15:09:06,604 INFO Epoch 22 | Batch 550 | Loss: 0.5813 | LR: 6.00e-05
2026-04-23 15:09:13,377 INFO Epoch 22 | Batch 600 | Loss: 0.6231 | LR: 5.95e-05
2026-04-23 15:09:20,459 INFO Epoch 22 | Batch 650 | Loss: 0.6385 | LR: 5.90e-05
2026-04-23 15:09:27,428 INFO Epoch 22 | Batch 700 | Loss: 0.4288 | LR: 5.85e-05
2026-04-23 15:09:34,398 INFO Epoch 22 | Batch 750 | Loss: 0.6380 | LR: 5.79e-05
2026-04-23 15:09:41,926 INFO Epoch 22 | Batch 800 | Loss: 0.6228 | LR: 5.74e-05
2026-04-23 15:09:48,970 INFO Epoch 22 | Batch 850 | Loss: 0.6435 | LR: 5.69e-05
2026-04-23 15:09:55,799 INFO Epoch 22 | Batch 900 | Loss: 0.7782 | LR: 5.64e-05
2026-04-23 15:10:02,660 INFO Epoch 22 | Batch 950 | Loss: 0.7760 | LR: 5.59e-05
2026-04-23 15:10:09,525 INFO Epoch 22 | Batch 1000 | Loss: 0.4710 | LR: 5.54e-05
2026-04-23 15:10:16,464 INFO Epoch 22 | Batch 1050 | Loss: 0.5741 | LR: 5.49e-05
2026-04-23 15:10:23,329 INFO Epoch 22 | Batch 1100 | Loss: 0.6546 | LR: 5.44e-05
2026-04-23 15:10:30,216 INFO Epoch 22 | Batch 1150 | Loss: 0.6136 | LR: 5.39e-05
2026-04-23 15:10:37,288 INFO Epoch 22 | Batch 1200 | Loss: 0.8228 | LR: 5.34e-05
2026-04-23 15:10:53,512 INFO Epoch 22 | Train: 0.6350 | Dev CER: 0.1187 | Dev WER: 0.3595 | Time: 187s | Peak: 2.5 GB
2026-04-23 15:10:53,512 INFO   New best CER: 0.1187
2026-04-23 15:10:56,723 INFO Epoch 23 | Batch 0 | Loss: 0.6697 | LR: 5.31e-05
2026-04-23 15:11:03,797 INFO Epoch 23 | Batch 50 | Loss: 0.7054 | LR: 5.26e-05
2026-04-23 15:11:10,873 INFO Epoch 23 | Batch 100 | Loss: 0.4877 | LR: 5.21e-05
2026-04-23 15:11:17,934 INFO Epoch 23 | Batch 150 | Loss: 0.6940 | LR: 5.16e-05
2026-04-23 15:11:25,079 INFO Epoch 23 | Batch 200 | Loss: 0.3949 | LR: 5.11e-05
2026-04-23 15:11:32,554 INFO Epoch 23 | Batch 250 | Loss: 0.7581 | LR: 5.06e-05
2026-04-23 15:11:39,663 INFO Epoch 23 | Batch 300 | Loss: 0.5159 | LR: 5.01e-05
2026-04-23 15:11:46,663 INFO Epoch 23 | Batch 350 | Loss: 0.7203 | LR: 4.97e-05
2026-04-23 15:11:53,709 INFO Epoch 23 | Batch 400 | Loss: 0.7756 | LR: 4.92e-05
2026-04-23 15:12:00,929 INFO Epoch 23 | Batch 450 | Loss: 0.4574 | LR: 4.87e-05
2026-04-23 15:12:07,975 INFO Epoch 23 | Batch 500 | Loss: 0.7337 | LR: 4.82e-05
2026-04-23 15:12:15,219 INFO Epoch 23 | Batch 550 | Loss: 0.6949 | LR: 4.77e-05
2026-04-23 15:12:22,275 INFO Epoch 23 | Batch 600 | Loss: 0.5202 | LR: 4.73e-05
2026-04-23 15:12:29,306 INFO Epoch 23 | Batch 650 | Loss: 0.9875 | LR: 4.68e-05
2026-04-23 15:12:36,349 INFO Epoch 23 | Batch 700 | Loss: 0.8340 | LR: 4.63e-05
2026-04-23 15:12:43,359 INFO Epoch 23 | Batch 750 | Loss: 0.9749 | LR: 4.59e-05
2026-04-23 15:12:50,609 INFO Epoch 23 | Batch 800 | Loss: 0.4710 | LR: 4.54e-05
2026-04-23 15:12:57,656 INFO Epoch 23 | Batch 850 | Loss: 0.5966 | LR: 4.49e-05
2026-04-23 15:13:04,684 INFO Epoch 23 | Batch 900 | Loss: 0.4516 | LR: 4.45e-05
2026-04-23 15:13:11,964 INFO Epoch 23 | Batch 950 | Loss: 0.6971 | LR: 4.40e-05
2026-04-23 15:13:19,205 INFO Epoch 23 | Batch 1000 | Loss: 0.7101 | LR: 4.36e-05
2026-04-23 15:13:26,366 INFO Epoch 23 | Batch 1050 | Loss: 0.4920 | LR: 4.31e-05
2026-04-23 15:13:33,490 INFO Epoch 23 | Batch 1100 | Loss: 0.5831 | LR: 4.27e-05
2026-04-23 15:13:40,621 INFO Epoch 23 | Batch 1150 | Loss: 0.4912 | LR: 4.22e-05
2026-04-23 15:13:47,814 INFO Epoch 23 | Batch 1200 | Loss: 0.5742 | LR: 4.18e-05
2026-04-23 15:14:05,900 INFO Epoch 23 | Train: 0.6191 | Dev CER: 0.1169 | Dev WER: 0.3533 | Time: 192s | Peak: 2.5 GB
2026-04-23 15:14:05,900 INFO   New best CER: 0.1169
2026-04-23 15:14:09,215 INFO Epoch 24 | Batch 0 | Loss: 0.4762 | LR: 4.14e-05
2026-04-23 15:14:16,623 INFO Epoch 24 | Batch 50 | Loss: 0.5872 | LR: 4.10e-05
2026-04-23 15:14:23,765 INFO Epoch 24 | Batch 100 | Loss: 0.5948 | LR: 4.06e-05
2026-04-23 15:14:30,959 INFO Epoch 24 | Batch 150 | Loss: 0.5944 | LR: 4.01e-05
2026-04-23 15:14:38,178 INFO Epoch 24 | Batch 200 | Loss: 0.4802 | LR: 3.97e-05
2026-04-23 15:14:45,289 INFO Epoch 24 | Batch 250 | Loss: 0.4530 | LR: 3.92e-05
2026-04-23 15:14:52,444 INFO Epoch 24 | Batch 300 | Loss: 0.4869 | LR: 3.88e-05
2026-04-23 15:14:59,580 INFO Epoch 24 | Batch 350 | Loss: 0.4825 | LR: 3.84e-05
2026-04-23 15:15:06,668 INFO Epoch 24 | Batch 400 | Loss: 0.3899 | LR: 3.80e-05
2026-04-23 15:15:13,847 INFO Epoch 24 | Batch 450 | Loss: 0.5987 | LR: 3.75e-05
2026-04-23 15:15:21,042 INFO Epoch 24 | Batch 500 | Loss: 0.7292 | LR: 3.71e-05
2026-04-23 15:15:28,125 INFO Epoch 24 | Batch 550 | Loss: 0.4996 | LR: 3.67e-05
2026-04-23 15:15:35,438 INFO Epoch 24 | Batch 600 | Loss: 0.7815 | LR: 3.63e-05
2026-04-23 15:15:42,560 INFO Epoch 24 | Batch 650 | Loss: 0.5936 | LR: 3.58e-05
2026-04-23 15:15:49,697 INFO Epoch 24 | Batch 700 | Loss: 0.7194 | LR: 3.54e-05
2026-04-23 15:15:56,735 INFO Epoch 24 | Batch 750 | Loss: 0.9138 | LR: 3.50e-05
2026-04-23 15:16:03,755 INFO Epoch 24 | Batch 800 | Loss: 0.6652 | LR: 3.46e-05
2026-04-23 15:16:10,805 INFO Epoch 24 | Batch 850 | Loss: 0.5745 | LR: 3.42e-05
2026-04-23 15:16:17,741 INFO Epoch 24 | Batch 900 | Loss: 0.6487 | LR: 3.38e-05
2026-04-23 15:16:25,099 INFO Epoch 24 | Batch 950 | Loss: 1.0896 | LR: 3.34e-05
2026-04-23 15:16:32,236 INFO Epoch 24 | Batch 1000 | Loss: 0.8088 | LR: 3.30e-05
2026-04-23 15:16:39,366 INFO Epoch 24 | Batch 1050 | Loss: 0.4491 | LR: 3.26e-05
2026-04-23 15:16:46,542 INFO Epoch 24 | Batch 1100 | Loss: 0.3910 | LR: 3.22e-05
2026-04-23 15:16:53,843 INFO Epoch 24 | Batch 1150 | Loss: 0.6524 | LR: 3.18e-05
2026-04-23 15:17:00,857 INFO Epoch 24 | Batch 1200 | Loss: 0.6570 | LR: 3.14e-05
2026-04-23 15:17:19,719 INFO Epoch 24 | Train: 0.6106 | Dev CER: 0.1159 | Dev WER: 0.3511 | Time: 193s | Peak: 2.5 GB
2026-04-23 15:17:19,719 INFO   New best CER: 0.1159
2026-04-23 15:17:23,287 INFO Epoch 25 | Batch 0 | Loss: 0.4206 | LR: 3.11e-05
2026-04-23 15:17:30,255 INFO Epoch 25 | Batch 50 | Loss: 0.8312 | LR: 3.07e-05
2026-04-23 15:17:37,271 INFO Epoch 25 | Batch 100 | Loss: 0.4920 | LR: 3.03e-05
2026-04-23 15:17:44,327 INFO Epoch 25 | Batch 150 | Loss: 0.5697 | LR: 2.99e-05
2026-04-23 15:17:51,507 INFO Epoch 25 | Batch 200 | Loss: 0.5225 | LR: 2.95e-05
2026-04-23 15:17:58,556 INFO Epoch 25 | Batch 250 | Loss: 1.0039 | LR: 2.92e-05
2026-04-23 15:18:05,539 INFO Epoch 25 | Batch 300 | Loss: 0.5350 | LR: 2.88e-05
2026-04-23 15:18:12,488 INFO Epoch 25 | Batch 350 | Loss: 0.6465 | LR: 2.84e-05
2026-04-23 15:18:19,441 INFO Epoch 25 | Batch 400 | Loss: 0.4886 | LR: 2.80e-05
2026-04-23 15:18:26,429 INFO Epoch 25 | Batch 450 | Loss: 0.6086 | LR: 2.77e-05
2026-04-23 15:18:33,435 INFO Epoch 25 | Batch 500 | Loss: 0.7047 | LR: 2.73e-05
2026-04-23 15:18:40,466 INFO Epoch 25 | Batch 550 | Loss: 0.7236 | LR: 2.69e-05
2026-04-23 15:18:47,449 INFO Epoch 25 | Batch 600 | Loss: 0.6886 | LR: 2.66e-05
2026-04-23 15:18:54,469 INFO Epoch 25 | Batch 650 | Loss: 0.4703 | LR: 2.62e-05
2026-04-23 15:19:01,502 INFO Epoch 25 | Batch 700 | Loss: 0.6100 | LR: 2.58e-05
2026-04-23 15:19:08,679 INFO Epoch 25 | Batch 750 | Loss: 0.5824 | LR: 2.55e-05
2026-04-23 15:19:15,751 INFO Epoch 25 | Batch 800 | Loss: 0.6121 | LR: 2.51e-05
2026-04-23 15:19:22,854 INFO Epoch 25 | Batch 850 | Loss: 0.5761 | LR: 2.48e-05
2026-04-23 15:19:30,030 INFO Epoch 25 | Batch 900 | Loss: 0.7801 | LR: 2.44e-05
2026-04-23 15:19:37,061 INFO Epoch 25 | Batch 950 | Loss: 0.8105 | LR: 2.41e-05
2026-04-23 15:19:44,131 INFO Epoch 25 | Batch 1000 | Loss: 0.4839 | LR: 2.37e-05
2026-04-23 15:19:51,127 INFO Epoch 25 | Batch 1050 | Loss: 0.4903 | LR: 2.34e-05
2026-04-23 15:19:58,345 INFO Epoch 25 | Batch 1100 | Loss: 0.8125 | LR: 2.30e-05
2026-04-23 15:20:05,258 INFO Epoch 25 | Batch 1150 | Loss: 0.2921 | LR: 2.27e-05
2026-04-23 15:20:12,301 INFO Epoch 25 | Batch 1200 | Loss: 0.6079 | LR: 2.24e-05
2026-04-23 15:20:30,027 INFO Epoch 25 | Train: 0.6040 | Dev CER: 0.1154 | Dev WER: 0.3507 | Time: 190s | Peak: 2.5 GB
2026-04-23 15:20:30,027 INFO   New best CER: 0.1154
2026-04-23 15:20:33,191 INFO Epoch 26 | Batch 0 | Loss: 0.4617 | LR: 2.21e-05
2026-04-23 15:20:40,434 INFO Epoch 26 | Batch 50 | Loss: 0.7086 | LR: 2.18e-05
2026-04-23 15:20:47,710 INFO Epoch 26 | Batch 100 | Loss: 0.4864 | LR: 2.15e-05
2026-04-23 15:20:54,949 INFO Epoch 26 | Batch 150 | Loss: 0.5407 | LR: 2.11e-05
2026-04-23 15:21:02,214 INFO Epoch 26 | Batch 200 | Loss: 0.4160 | LR: 2.08e-05
2026-04-23 15:21:09,392 INFO Epoch 26 | Batch 250 | Loss: 0.5618 | LR: 2.05e-05
2026-04-23 15:21:16,470 INFO Epoch 26 | Batch 300 | Loss: 0.5152 | LR: 2.02e-05
2026-04-23 15:21:23,547 INFO Epoch 26 | Batch 350 | Loss: 0.7102 | LR: 1.98e-05
2026-04-23 15:21:30,737 INFO Epoch 26 | Batch 400 | Loss: 0.6658 | LR: 1.95e-05
2026-04-23 15:21:37,855 INFO Epoch 26 | Batch 450 | Loss: 0.8602 | LR: 1.92e-05
2026-04-23 15:21:44,957 INFO Epoch 26 | Batch 500 | Loss: 0.3274 | LR: 1.89e-05
2026-04-23 15:21:52,423 INFO Epoch 26 | Batch 550 | Loss: 0.6117 | LR: 1.86e-05
2026-04-23 15:21:59,480 INFO Epoch 26 | Batch 600 | Loss: 0.4762 | LR: 1.83e-05
2026-04-23 15:22:06,583 INFO Epoch 26 | Batch 650 | Loss: 0.6415 | LR: 1.80e-05
2026-04-23 15:22:13,712 INFO Epoch 26 | Batch 700 | Loss: 0.6810 | LR: 1.77e-05
2026-04-23 15:22:20,871 INFO Epoch 26 | Batch 750 | Loss: 0.6665 | LR: 1.74e-05
2026-04-23 15:22:27,876 INFO Epoch 26 | Batch 800 | Loss: 0.5407 | LR: 1.71e-05
2026-04-23 15:22:35,162 INFO Epoch 26 | Batch 850 | Loss: 0.5323 | LR: 1.68e-05
2026-04-23 15:22:42,297 INFO Epoch 26 | Batch 900 | Loss: 0.3909 | LR: 1.65e-05
2026-04-23 15:22:49,400 INFO Epoch 26 | Batch 950 | Loss: 0.6759 | LR: 1.62e-05
2026-04-23 15:22:56,458 INFO Epoch 26 | Batch 1000 | Loss: 0.3733 | LR: 1.59e-05
2026-04-23 15:23:03,571 INFO Epoch 26 | Batch 1050 | Loss: 0.4552 | LR: 1.57e-05
2026-04-23 15:23:10,844 INFO Epoch 26 | Batch 1100 | Loss: 0.6190 | LR: 1.54e-05
2026-04-23 15:23:17,889 INFO Epoch 26 | Batch 1150 | Loss: 0.4887 | LR: 1.51e-05
2026-04-23 15:23:25,013 INFO Epoch 26 | Batch 1200 | Loss: 0.4162 | LR: 1.48e-05
2026-04-23 15:23:41,957 INFO Epoch 26 | Train: 0.6059 | Dev CER: 0.1147 | Dev WER: 0.3488 | Time: 191s | Peak: 2.5 GB
2026-04-23 15:23:41,958 INFO   New best CER: 0.1147
2026-04-23 15:23:45,032 INFO Epoch 27 | Batch 0 | Loss: 0.5200 | LR: 1.46e-05
2026-04-23 15:23:52,042 INFO Epoch 27 | Batch 50 | Loss: 0.5837 | LR: 1.44e-05
2026-04-23 15:23:59,111 INFO Epoch 27 | Batch 100 | Loss: 0.3920 | LR: 1.41e-05
2026-04-23 15:24:06,433 INFO Epoch 27 | Batch 150 | Loss: 0.8398 | LR: 1.38e-05
2026-04-23 15:24:13,456 INFO Epoch 27 | Batch 200 | Loss: 0.5220 | LR: 1.36e-05
2026-04-23 15:24:20,480 INFO Epoch 27 | Batch 250 | Loss: 0.5684 | LR: 1.33e-05
2026-04-23 15:24:27,445 INFO Epoch 27 | Batch 300 | Loss: 0.5168 | LR: 1.31e-05
2026-04-23 15:24:34,582 INFO Epoch 27 | Batch 350 | Loss: 0.8133 | LR: 1.28e-05
2026-04-23 15:24:41,748 INFO Epoch 27 | Batch 400 | Loss: 0.5379 | LR: 1.25e-05
2026-04-23 15:24:48,918 INFO Epoch 27 | Batch 450 | Loss: 0.7437 | LR: 1.23e-05
2026-04-23 15:24:56,185 INFO Epoch 27 | Batch 500 | Loss: 0.4181 | LR: 1.20e-05
2026-04-23 15:25:03,461 INFO Epoch 27 | Batch 550 | Loss: 0.7256 | LR: 1.18e-05
2026-04-23 15:25:10,562 INFO Epoch 27 | Batch 600 | Loss: 0.6193 | LR: 1.16e-05
2026-04-23 15:25:17,723 INFO Epoch 27 | Batch 650 | Loss: 0.5031 | LR: 1.13e-05
2026-04-23 15:25:25,060 INFO Epoch 27 | Batch 700 | Loss: 0.6155 | LR: 1.11e-05
2026-04-23 15:25:32,150 INFO Epoch 27 | Batch 750 | Loss: 0.6335 | LR: 1.09e-05
2026-04-23 15:25:39,290 INFO Epoch 27 | Batch 800 | Loss: 0.5129 | LR: 1.06e-05
2026-04-23 15:25:46,221 INFO Epoch 27 | Batch 850 | Loss: 0.6594 | LR: 1.04e-05
2026-04-23 15:25:53,244 INFO Epoch 27 | Batch 900 | Loss: 0.5767 | LR: 1.02e-05
2026-04-23 15:26:00,283 INFO Epoch 27 | Batch 950 | Loss: 0.8273 | LR: 9.95e-06
2026-04-23 15:26:07,589 INFO Epoch 27 | Batch 1000 | Loss: 0.4971 | LR: 9.72e-06
2026-04-23 15:26:14,647 INFO Epoch 27 | Batch 1050 | Loss: 0.4377 | LR: 9.51e-06
2026-04-23 15:26:21,819 INFO Epoch 27 | Batch 1100 | Loss: 0.3205 | LR: 9.29e-06
2026-04-23 15:26:29,029 INFO Epoch 27 | Batch 1150 | Loss: 0.5195 | LR: 9.08e-06
2026-04-23 15:26:36,117 INFO Epoch 27 | Batch 1200 | Loss: 0.6026 | LR: 8.87e-06
2026-04-23 15:26:54,414 INFO Epoch 27 | Train: 0.6007 | Dev CER: 0.1143 | Dev WER: 0.3481 | Time: 192s | Peak: 2.5 GB
2026-04-23 15:26:54,414 INFO   New best CER: 0.1143
2026-04-23 15:26:57,531 INFO Epoch 28 | Batch 0 | Loss: 0.5347 | LR: 8.72e-06
2026-04-23 15:27:04,131 INFO Epoch 28 | Batch 50 | Loss: 0.4457 | LR: 8.52e-06
2026-04-23 15:27:11,259 INFO Epoch 28 | Batch 100 | Loss: 0.6263 | LR: 8.31e-06
2026-04-23 15:27:18,139 INFO Epoch 28 | Batch 150 | Loss: 0.4883 | LR: 8.11e-06
2026-04-23 15:27:25,121 INFO Epoch 28 | Batch 200 | Loss: 0.5486 | LR: 7.92e-06
2026-04-23 15:27:32,042 INFO Epoch 28 | Batch 250 | Loss: 0.6358 | LR: 7.72e-06
2026-04-23 15:27:39,233 INFO Epoch 28 | Batch 300 | Loss: 0.6435 | LR: 7.53e-06
2026-04-23 15:27:46,228 INFO Epoch 28 | Batch 350 | Loss: 0.5016 | LR: 7.34e-06
2026-04-23 15:27:53,220 INFO Epoch 28 | Batch 400 | Loss: 0.4389 | LR: 7.16e-06
2026-04-23 15:28:00,185 INFO Epoch 28 | Batch 450 | Loss: 0.8107 | LR: 6.97e-06
2026-04-23 15:28:07,125 INFO Epoch 28 | Batch 500 | Loss: 0.5383 | LR: 6.79e-06
2026-04-23 15:28:14,089 INFO Epoch 28 | Batch 550 | Loss: 0.6283 | LR: 6.61e-06
2026-04-23 15:28:21,231 INFO Epoch 28 | Batch 600 | Loss: 0.7490 | LR: 6.44e-06
2026-04-23 15:28:28,197 INFO Epoch 28 | Batch 650 | Loss: 0.5996 | LR: 6.27e-06
2026-04-23 15:28:35,175 INFO Epoch 28 | Batch 700 | Loss: 0.5936 | LR: 6.10e-06
2026-04-23 15:28:42,172 INFO Epoch 28 | Batch 750 | Loss: 0.5505 | LR: 5.93e-06
2026-04-23 15:28:49,225 INFO Epoch 28 | Batch 800 | Loss: 0.7177 | LR: 5.76e-06
2026-04-23 15:28:56,482 INFO Epoch 28 | Batch 850 | Loss: 0.6120 | LR: 5.60e-06
2026-04-23 15:29:03,634 INFO Epoch 28 | Batch 900 | Loss: 0.5215 | LR: 5.44e-06
2026-04-23 15:29:10,701 INFO Epoch 28 | Batch 950 | Loss: 0.7261 | LR: 5.29e-06
2026-04-23 15:29:17,961 INFO Epoch 28 | Batch 1000 | Loss: 0.4585 | LR: 5.13e-06
2026-04-23 15:29:25,005 INFO Epoch 28 | Batch 1050 | Loss: 0.6701 | LR: 4.98e-06
2026-04-23 15:29:32,112 INFO Epoch 28 | Batch 1100 | Loss: 0.5033 | LR: 4.84e-06
2026-04-23 15:29:39,177 INFO Epoch 28 | Batch 1150 | Loss: 0.4273 | LR: 4.69e-06
2026-04-23 15:29:46,299 INFO Epoch 28 | Batch 1200 | Loss: 0.5401 | LR: 4.55e-06
2026-04-23 15:30:03,524 INFO Epoch 28 | Train: 0.5990 | Dev CER: 0.1147 | Dev WER: 0.3480 | Time: 189s | Peak: 2.5 GB
2026-04-23 15:30:06,493 INFO Epoch 29 | Batch 0 | Loss: 0.5533 | LR: 4.45e-06
2026-04-23 15:30:13,868 INFO Epoch 29 | Batch 50 | Loss: 0.7730 | LR: 4.31e-06
2026-04-23 15:30:20,891 INFO Epoch 29 | Batch 100 | Loss: 0.6888 | LR: 4.17e-06
2026-04-23 15:30:27,851 INFO Epoch 29 | Batch 150 | Loss: 0.4583 | LR: 4.04e-06
2026-04-23 15:30:34,852 INFO Epoch 29 | Batch 200 | Loss: 0.5387 | LR: 3.91e-06
2026-04-23 15:30:41,952 INFO Epoch 29 | Batch 250 | Loss: 0.5655 | LR: 3.79e-06
2026-04-23 15:30:49,035 INFO Epoch 29 | Batch 300 | Loss: 0.5411 | LR: 3.66e-06
2026-04-23 15:30:56,039 INFO Epoch 29 | Batch 350 | Loss: 0.6191 | LR: 3.54e-06
2026-04-23 15:31:03,231 INFO Epoch 29 | Batch 400 | Loss: 0.4703 | LR: 3.42e-06
2026-04-23 15:31:10,399 INFO Epoch 29 | Batch 450 | Loss: 0.5424 | LR: 3.31e-06
2026-04-23 15:31:17,467 INFO Epoch 29 | Batch 500 | Loss: 0.8021 | LR: 3.20e-06
2026-04-23 15:31:24,600 INFO Epoch 29 | Batch 550 | Loss: 0.4302 | LR: 3.09e-06
2026-04-23 15:31:31,730 INFO Epoch 29 | Batch 600 | Loss: 0.7782 | LR: 2.98e-06
2026-04-23 15:31:39,068 INFO Epoch 29 | Batch 650 | Loss: 0.7076 | LR: 2.88e-06
2026-04-23 15:31:46,183 INFO Epoch 29 | Batch 700 | Loss: 0.6122 | LR: 2.77e-06
2026-04-23 15:31:53,265 INFO Epoch 29 | Batch 750 | Loss: 0.2972 | LR: 2.68e-06
2026-04-23 15:32:00,287 INFO Epoch 29 | Batch 800 | Loss: 0.5233 | LR: 2.58e-06
2026-04-23 15:32:06,167 INFO Epoch 29 | Batch 850 | Loss: 0.4377 | LR: 2.49e-06
2026-04-23 15:32:12,602 INFO Epoch 29 | Batch 900 | Loss: 0.5817 | LR: 2.40e-06
2026-04-23 15:32:19,940 INFO Epoch 29 | Batch 950 | Loss: 0.5424 | LR: 2.31e-06
2026-04-23 15:32:27,064 INFO Epoch 29 | Batch 1000 | Loss: 0.6719 | LR: 2.22e-06
2026-04-23 15:32:34,204 INFO Epoch 29 | Batch 1050 | Loss: 0.5759 | LR: 2.14e-06
2026-04-23 15:32:41,363 INFO Epoch 29 | Batch 1100 | Loss: 0.5565 | LR: 2.06e-06
2026-04-23 15:32:48,798 INFO Epoch 29 | Batch 1150 | Loss: 0.5757 | LR: 1.99e-06
2026-04-23 15:32:55,897 INFO Epoch 29 | Batch 1200 | Loss: 0.4434 | LR: 1.91e-06
2026-04-23 15:33:14,832 INFO Epoch 29 | Train: 0.5937 | Dev CER: 0.1141 | Dev WER: 0.3467 | Time: 191s | Peak: 2.5 GB
2026-04-23 15:33:14,832 INFO   New best CER: 0.1141
2026-04-23 15:33:18,082 INFO Epoch 30 | Batch 0 | Loss: 0.6518 | LR: 1.86e-06
2026-04-23 15:33:25,834 INFO Epoch 30 | Batch 50 | Loss: 0.5970 | LR: 1.80e-06
2026-04-23 15:33:33,097 INFO Epoch 30 | Batch 100 | Loss: 0.4592 | LR: 1.73e-06
2026-04-23 15:33:40,412 INFO Epoch 30 | Batch 150 | Loss: 0.5868 | LR: 1.67e-06
2026-04-23 15:33:47,731 INFO Epoch 30 | Batch 200 | Loss: 0.4098 | LR: 1.61e-06
2026-04-23 15:33:54,966 INFO Epoch 30 | Batch 250 | Loss: 0.5311 | LR: 1.55e-06
2026-04-23 15:34:02,130 INFO Epoch 30 | Batch 300 | Loss: 0.3564 | LR: 1.50e-06
2026-04-23 15:34:09,695 INFO Epoch 30 | Batch 350 | Loss: 0.5867 | LR: 1.44e-06
2026-04-23 15:34:16,739 INFO Epoch 30 | Batch 400 | Loss: 0.5445 | LR: 1.39e-06
2026-04-23 15:34:23,754 INFO Epoch 30 | Batch 450 | Loss: 0.6853 | LR: 1.35e-06
2026-04-23 15:34:31,046 INFO Epoch 30 | Batch 500 | Loss: 0.4862 | LR: 1.31e-06
2026-04-23 15:34:38,255 INFO Epoch 30 | Batch 550 | Loss: 0.6832 | LR: 1.27e-06
2026-04-23 15:34:45,760 INFO Epoch 30 | Batch 600 | Loss: 0.5986 | LR: 1.23e-06
2026-04-23 15:34:52,924 INFO Epoch 30 | Batch 650 | Loss: 0.7007 | LR: 1.19e-06
2026-04-23 15:35:00,109 INFO Epoch 30 | Batch 700 | Loss: 0.6169 | LR: 1.16e-06
2026-04-23 15:35:07,421 INFO Epoch 30 | Batch 750 | Loss: 0.3721 | LR: 1.13e-06
2026-04-23 15:35:14,384 INFO Epoch 30 | Batch 800 | Loss: 0.4220 | LR: 1.11e-06
2026-04-23 15:35:20,956 INFO Epoch 30 | Batch 850 | Loss: 0.5050 | LR: 1.08e-06
2026-04-23 15:35:28,180 INFO Epoch 30 | Batch 900 | Loss: 0.4933 | LR: 1.06e-06
2026-04-23 15:35:35,306 INFO Epoch 30 | Batch 950 | Loss: 0.5838 | LR: 1.05e-06
2026-04-23 15:35:42,518 INFO Epoch 30 | Batch 1000 | Loss: 0.5960 | LR: 1.03e-06
2026-04-23 15:35:49,622 INFO Epoch 30 | Batch 1050 | Loss: 0.3693 | LR: 1.02e-06
2026-04-23 15:35:56,691 INFO Epoch 30 | Batch 1100 | Loss: 0.6407 | LR: 1.01e-06
2026-04-23 15:36:03,657 INFO Epoch 30 | Batch 1150 | Loss: 0.5455 | LR: 1.00e-06
2026-04-23 15:36:10,900 INFO Epoch 30 | Batch 1200 | Loss: 0.5141 | LR: 1.00e-06
2026-04-23 15:36:29,785 INFO Epoch 30 | Train: 0.5952 | Dev CER: 0.1140 | Dev WER: 0.3470 | Time: 194s | Peak: 2.5 GB
2026-04-23 15:36:29,785 INFO   New best CER: 0.1140
