=== Campaign launcher started at Sun Apr 12 16:52:57 UTC 2026 ===
[campaign] Waiting for existing training processes to finish...
[campaign] 16:52:57 — training processes still running, waiting 30s...
[campaign] 16:53:27 — training processes still running, waiting 30s...
[campaign] 16:53:58 — training processes still running, waiting 30s...
[campaign] 16:54:28 — training processes still running, waiting 30s...
[campaign] 16:54:58 — training processes still running, waiting 30s...
[campaign] 16:55:28 — training processes still running, waiting 30s...
[campaign] 16:55:58 — training processes still running, waiting 30s...
[campaign] 16:56:28 — training processes still running, waiting 30s...
[campaign] 16:56:58 — training processes still running, waiting 30s...
[campaign] 16:57:28 — training processes still running, waiting 30s...
[campaign] 16:57:58 — training processes still running, waiting 30s...
[campaign] 16:58:28 — training processes still running, waiting 30s...
[campaign] 16:58:58 — training processes still running, waiting 30s...
[campaign] 16:59:28 — training processes still running, waiting 30s...
[campaign] 16:59:58 — training processes still running, waiting 30s...
[campaign] 17:00:28 — training processes still running, waiting 30s...
[campaign] 17:00:58 — training processes still running, waiting 30s...
[campaign] 17:01:28 — training processes still running, waiting 30s...
[campaign] 17:01:58 — training processes still running, waiting 30s...
[campaign] 17:02:28 — training processes still running, waiting 30s...
[campaign] 17:02:58 — training processes still running, waiting 30s...
[campaign] 17:03:28 — training processes still running, waiting 30s...
[campaign] 17:03:58 — training processes still running, waiting 30s...
[campaign] 17:04:28 — training processes still running, waiting 30s...
[campaign] 17:04:58 — training processes still running, waiting 30s...
[campaign] 17:05:29 — training processes still running, waiting 30s...
[campaign] 17:05:59 — training processes still running, waiting 30s...
[campaign] 17:06:29 — training processes still running, waiting 30s...
[campaign] 17:06:59 — training processes still running, waiting 30s...
[campaign] 17:07:29 — training processes still running, waiting 30s...
[campaign] 17:07:59 — training processes still running, waiting 30s...
[campaign] 17:08:29 — training processes still running, waiting 30s...
[campaign] 17:08:59 — training processes still running, waiting 30s...
[campaign] 17:09:29 — training processes still running, waiting 30s...
[campaign] 17:09:59 — training processes still running, waiting 30s...
[campaign] 17:10:29 — training processes still running, waiting 30s...
[campaign] 17:10:59 — training processes still running, waiting 30s...
[campaign] 17:11:29 — training processes still running, waiting 30s...
[campaign] 17:11:59 — training processes still running, waiting 30s...
[campaign] 17:12:29 — training processes still running, waiting 30s...
[campaign] 17:12:59 — training processes still running, waiting 30s...
[campaign] 17:13:30 — training processes still running, waiting 30s...
[campaign] 17:14:00 — training processes still running, waiting 30s...
[campaign] 17:14:30 — training processes still running, waiting 30s...
[campaign] 17:15:00 — training processes still running, waiting 30s...
[campaign] 17:15:30 — training processes still running, waiting 30s...
[campaign] 17:16:00 — training processes still running, waiting 30s...
[campaign] 17:16:30 — training processes still running, waiting 30s...
[campaign] 17:17:00 — training processes still running, waiting 30s...
[campaign] 17:17:30 — training processes still running, waiting 30s...
[campaign] 17:18:00 — training processes still running, waiting 30s...
[campaign] 17:18:30 — training processes still running, waiting 30s...
[campaign] 17:19:00 — training processes still running, waiting 30s...
[campaign] 17:19:30 — training processes still running, waiting 30s...
[campaign] 17:20:00 — training processes still running, waiting 30s...
[campaign] 17:20:30 — training processes still running, waiting 30s...
[campaign] 17:21:01 — training processes still running, waiting 30s...
[campaign] 17:21:31 — training processes still running, waiting 30s...
[campaign] 17:22:01 — training processes still running, waiting 30s...
[campaign] All validation runs finished at Sun Apr 12 17:22:31 UTC 2026

=== D0/D1 Validation ===
[D0] RWKV-6 10ep results.json found — SUCCESS
  Dev CER: 0.2010
  Test CER: 0.2017
  Test WER: 0.5565
[D1] WARNING: No results.json for Mamba compiled 10ep

=== Launching D3 (Group A) + D4 (Group B) at Sun Apr 12 17:22:36 UTC 2026 ===
[campaign] Group A: 7 causal runs x 80 epochs on GPU 0
[campaign] Group B: 9 bidirectional runs x 80 epochs on GPU 1
[campaign] Group A launched (PID=274404) → outputs/logs/groupA_campaign.log
[campaign] Group B launched (PID=274405) → outputs/logs/groupB_campaign.log

[campaign] Waiting for both groups to finish...
[campaign] Monitor with: tail -f outputs/logs/group{A,B}_campaign.log
