2026-04-20 12:58:13,993 INFO Loading LibriSpeech split=train.100 from HuggingFace...
2026-04-20 12:58:14,211 INFO HTTP Request: HEAD https://huggingface.co/datasets/openslr/librispeech_asr/resolve/main/README.md "HTTP/1.1 307 Temporary Redirect"
Warning: You are sending unauthenticated requests to the HF Hub. Please set a HF_TOKEN to enable higher rate limits and faster downloads.
2026-04-20 12:58:14,212 WARNING Warning: You are sending unauthenticated requests to the HF Hub. Please set a HF_TOKEN to enable higher rate limits and faster downloads.
2026-04-20 12:58:14,243 INFO HTTP Request: HEAD https://huggingface.co/api/resolve-cache/datasets/openslr/librispeech_asr/71cacbfb7e2354c4226d01e70d77d5fca3d04ba1/README.md "HTTP/1.1 200 OK"
2026-04-20 12:58:14,385 INFO HTTP Request: HEAD https://huggingface.co/datasets/openslr/librispeech_asr/resolve/71cacbfb7e2354c4226d01e70d77d5fca3d04ba1/librispeech_asr.py "HTTP/1.1 404 Not Found"
2026-04-20 12:58:14,740 INFO HTTP Request: HEAD https://s3.amazonaws.com/datasets.huggingface.co/datasets/datasets/openslr/librispeech_asr/openslr/librispeech_asr.py "HTTP/1.1 404 Not Found"
2026-04-20 12:58:14,897 INFO HTTP Request: GET https://huggingface.co/api/datasets/openslr/librispeech_asr/revision/71cacbfb7e2354c4226d01e70d77d5fca3d04ba1 "HTTP/1.1 200 OK"
2026-04-20 12:58:15,046 INFO HTTP Request: HEAD https://huggingface.co/datasets/openslr/librispeech_asr/resolve/71cacbfb7e2354c4226d01e70d77d5fca3d04ba1/.huggingface.yaml "HTTP/1.1 404 Not Found"
2026-04-20 12:58:15,296 INFO HTTP Request: GET https://datasets-server.huggingface.co/info?dataset=openslr/librispeech_asr "HTTP/1.1 200 OK"
2026-04-20 12:58:15,442 INFO HTTP Request: GET https://huggingface.co/api/datasets/openslr/librispeech_asr/tree/71cacbfb7e2354c4226d01e70d77d5fca3d04ba1/clean%2Ftest?recursive=true&expand=false "HTTP/1.1 200 OK"
2026-04-20 12:58:15,585 INFO HTTP Request: GET https://huggingface.co/api/datasets/openslr/librispeech_asr/tree/71cacbfb7e2354c4226d01e70d77d5fca3d04ba1/clean?recursive=false&expand=false "HTTP/1.1 200 OK"
2026-04-20 12:58:15,738 INFO HTTP Request: GET https://huggingface.co/api/datasets/openslr/librispeech_asr/tree/71cacbfb7e2354c4226d01e70d77d5fca3d04ba1/clean%2Ftrain.100?recursive=true&expand=false "HTTP/1.1 200 OK"
2026-04-20 12:58:15,892 INFO HTTP Request: GET https://huggingface.co/api/datasets/openslr/librispeech_asr/tree/71cacbfb7e2354c4226d01e70d77d5fca3d04ba1/clean%2Ftrain.360?recursive=true&expand=false "HTTP/1.1 200 OK"
2026-04-20 12:58:16,064 INFO HTTP Request: GET https://huggingface.co/api/datasets/openslr/librispeech_asr/tree/71cacbfb7e2354c4226d01e70d77d5fca3d04ba1/clean%2Fvalidation?recursive=true&expand=false "HTTP/1.1 200 OK"
2026-04-20 12:58:16,216 INFO HTTP Request: HEAD https://huggingface.co/datasets/openslr/librispeech_asr/resolve/71cacbfb7e2354c4226d01e70d77d5fca3d04ba1/dataset_infos.json "HTTP/1.1 404 Not Found"
2026-04-20 12:59:35,443 INFO Loaded 28538 utterances from train.100 (skipped 1 outside [0.5s, 20.0s])
2026-04-20 12:59:35,516 INFO Loading LibriSpeech split=validation from HuggingFace...
2026-04-20 12:59:35,713 INFO HTTP Request: HEAD https://huggingface.co/datasets/openslr/librispeech_asr/resolve/main/README.md "HTTP/1.1 307 Temporary Redirect"
2026-04-20 12:59:35,738 INFO HTTP Request: HEAD https://huggingface.co/api/resolve-cache/datasets/openslr/librispeech_asr/71cacbfb7e2354c4226d01e70d77d5fca3d04ba1/README.md "HTTP/1.1 200 OK"
2026-04-20 12:59:35,875 INFO HTTP Request: HEAD https://huggingface.co/datasets/openslr/librispeech_asr/resolve/71cacbfb7e2354c4226d01e70d77d5fca3d04ba1/librispeech_asr.py "HTTP/1.1 404 Not Found"
2026-04-20 12:59:36,279 INFO HTTP Request: HEAD https://s3.amazonaws.com/datasets.huggingface.co/datasets/datasets/openslr/librispeech_asr/openslr/librispeech_asr.py "HTTP/1.1 404 Not Found"
2026-04-20 12:59:36,443 INFO HTTP Request: HEAD https://huggingface.co/datasets/openslr/librispeech_asr/resolve/71cacbfb7e2354c4226d01e70d77d5fca3d04ba1/.huggingface.yaml "HTTP/1.1 404 Not Found"
2026-04-20 12:59:36,695 INFO HTTP Request: GET https://datasets-server.huggingface.co/info?dataset=openslr/librispeech_asr "HTTP/1.1 200 OK"
2026-04-20 12:59:36,865 INFO HTTP Request: HEAD https://huggingface.co/datasets/openslr/librispeech_asr/resolve/71cacbfb7e2354c4226d01e70d77d5fca3d04ba1/dataset_infos.json "HTTP/1.1 404 Not Found"
2026-04-20 12:59:41,472 INFO Loaded 2642 utterances from validation (skipped 61 outside [0.5s, 20.0s])
2026-04-20 12:59:41,477 INFO Loading LibriSpeech split=test from HuggingFace...
2026-04-20 12:59:41,608 INFO HTTP Request: HEAD https://huggingface.co/datasets/openslr/librispeech_asr/resolve/main/README.md "HTTP/1.1 307 Temporary Redirect"
2026-04-20 12:59:41,633 INFO HTTP Request: HEAD https://huggingface.co/api/resolve-cache/datasets/openslr/librispeech_asr/71cacbfb7e2354c4226d01e70d77d5fca3d04ba1/README.md "HTTP/1.1 200 OK"
2026-04-20 12:59:41,768 INFO HTTP Request: HEAD https://huggingface.co/datasets/openslr/librispeech_asr/resolve/71cacbfb7e2354c4226d01e70d77d5fca3d04ba1/librispeech_asr.py "HTTP/1.1 404 Not Found"
2026-04-20 12:59:42,103 INFO HTTP Request: HEAD https://s3.amazonaws.com/datasets.huggingface.co/datasets/datasets/openslr/librispeech_asr/openslr/librispeech_asr.py "HTTP/1.1 404 Not Found"
2026-04-20 12:59:42,260 INFO HTTP Request: HEAD https://huggingface.co/datasets/openslr/librispeech_asr/resolve/71cacbfb7e2354c4226d01e70d77d5fca3d04ba1/.huggingface.yaml "HTTP/1.1 404 Not Found"
2026-04-20 12:59:42,470 INFO HTTP Request: GET https://datasets-server.huggingface.co/info?dataset=openslr/librispeech_asr "HTTP/1.1 200 OK"
2026-04-20 12:59:42,631 INFO HTTP Request: HEAD https://huggingface.co/datasets/openslr/librispeech_asr/resolve/71cacbfb7e2354c4226d01e70d77d5fca3d04ba1/dataset_infos.json "HTTP/1.1 404 Not Found"
2026-04-20 12:59:47,017 INFO Loaded 2528 utterances from test (skipped 92 outside [0.5s, 20.0s])
2026-04-20 12:59:47,171 INFO Backbone: rwkv6_delta_warmstart | Params: 7.94M
2026-04-20 12:59:47,171 INFO   Frontend: 1.90M | Encoder: 6.03M | Head: 8.0K
2026-04-20 12:59:50,595 INFO Epoch 1 | Batch 0 | Loss: 4.3462 | LR: 3.00e-07
2026-04-20 12:59:56,480 INFO Epoch 1 | Batch 50 | Loss: 2.9547 | LR: 1.53e-05
2026-04-20 13:00:02,380 INFO Epoch 1 | Batch 100 | Loss: 2.9164 | LR: 3.03e-05
2026-04-20 13:00:08,614 INFO Epoch 1 | Batch 150 | Loss: 2.8736 | LR: 4.53e-05
2026-04-20 13:00:14,738 INFO Epoch 1 | Batch 200 | Loss: 2.8391 | LR: 6.03e-05
2026-04-20 13:00:21,041 INFO Epoch 1 | Batch 250 | Loss: 2.8533 | LR: 7.53e-05
2026-04-20 13:00:26,732 INFO Epoch 1 | Batch 300 | Loss: 2.8433 | LR: 9.03e-05
2026-04-20 13:00:32,331 INFO Epoch 1 | Batch 350 | Loss: 2.8540 | LR: 1.05e-04
2026-04-20 13:00:38,435 INFO Epoch 1 | Batch 400 | Loss: 2.8895 | LR: 1.20e-04
2026-04-20 13:00:44,607 INFO Epoch 1 | Batch 450 | Loss: 2.7714 | LR: 1.35e-04
2026-04-20 13:00:50,666 INFO Epoch 1 | Batch 500 | Loss: 2.7115 | LR: 1.50e-04
2026-04-20 13:00:56,710 INFO Epoch 1 | Batch 550 | Loss: 2.6472 | LR: 1.65e-04
2026-04-20 13:01:02,801 INFO Epoch 1 | Batch 600 | Loss: 2.6690 | LR: 1.80e-04
2026-04-20 13:01:08,750 INFO Epoch 1 | Batch 650 | Loss: 2.4993 | LR: 1.95e-04
2026-04-20 13:01:14,744 INFO Epoch 1 | Batch 700 | Loss: 2.5115 | LR: 2.10e-04
2026-04-20 13:01:20,777 INFO Epoch 1 | Batch 750 | Loss: 2.4512 | LR: 2.25e-04
2026-04-20 13:01:26,181 INFO Epoch 1 | Batch 800 | Loss: 2.6050 | LR: 2.40e-04
2026-04-20 13:01:32,273 INFO Epoch 1 | Batch 850 | Loss: 2.3353 | LR: 2.55e-04
2026-04-20 13:01:38,139 INFO Epoch 1 | Batch 900 | Loss: 2.4004 | LR: 2.70e-04
2026-04-20 13:01:44,168 INFO Epoch 1 | Batch 950 | Loss: 2.2537 | LR: 2.85e-04
2026-04-20 13:01:50,248 INFO Epoch 1 | Batch 1000 | Loss: 2.0884 | LR: 3.00e-04
2026-04-20 13:01:56,399 INFO Epoch 1 | Batch 1050 | Loss: 2.1765 | LR: 3.00e-04
2026-04-20 13:02:02,325 INFO Epoch 1 | Batch 1100 | Loss: 2.2050 | LR: 3.00e-04
2026-04-20 13:02:08,350 INFO Epoch 1 | Batch 1150 | Loss: 2.3051 | LR: 3.00e-04
2026-04-20 13:02:14,649 INFO Epoch 1 | Batch 1200 | Loss: 2.1872 | LR: 3.00e-04
2026-04-20 13:02:33,424 INFO Epoch 1 | Train: 2.5877 | Dev CER: 0.5196 | Dev WER: 0.9867 | Time: 166s | Peak: 4.6 GB
2026-04-20 13:02:33,424 INFO   New best CER: 0.5196
2026-04-20 13:02:36,063 INFO Epoch 2 | Batch 0 | Loss: 1.9763 | LR: 3.00e-04
2026-04-20 13:02:42,337 INFO Epoch 2 | Batch 50 | Loss: 2.3149 | LR: 3.00e-04
2026-04-20 13:02:48,659 INFO Epoch 2 | Batch 100 | Loss: 2.1998 | LR: 3.00e-04
2026-04-20 13:02:54,941 INFO Epoch 2 | Batch 150 | Loss: 2.1126 | LR: 3.00e-04
2026-04-20 13:03:01,076 INFO Epoch 2 | Batch 200 | Loss: 1.9329 | LR: 3.00e-04
2026-04-20 13:03:07,350 INFO Epoch 2 | Batch 250 | Loss: 1.7172 | LR: 3.00e-04
2026-04-20 13:03:13,354 INFO Epoch 2 | Batch 300 | Loss: 1.8830 | LR: 3.00e-04
2026-04-20 13:03:18,684 INFO Epoch 2 | Batch 350 | Loss: 1.8864 | LR: 3.00e-04
2026-04-20 13:03:24,213 INFO Epoch 2 | Batch 400 | Loss: 1.7106 | LR: 3.00e-04
2026-04-20 13:03:29,942 INFO Epoch 2 | Batch 450 | Loss: 1.7720 | LR: 3.00e-04
2026-04-20 13:03:36,336 INFO Epoch 2 | Batch 500 | Loss: 1.7581 | LR: 3.00e-04
2026-04-20 13:03:42,511 INFO Epoch 2 | Batch 550 | Loss: 2.0075 | LR: 3.00e-04
2026-04-20 13:03:48,703 INFO Epoch 2 | Batch 600 | Loss: 1.8177 | LR: 3.00e-04
2026-04-20 13:03:55,003 INFO Epoch 2 | Batch 650 | Loss: 1.9500 | LR: 3.00e-04
2026-04-20 13:04:01,352 INFO Epoch 2 | Batch 700 | Loss: 2.2290 | LR: 3.00e-04
2026-04-20 13:04:07,562 INFO Epoch 2 | Batch 750 | Loss: 1.7913 | LR: 2.99e-04
2026-04-20 13:04:13,637 INFO Epoch 2 | Batch 800 | Loss: 1.5337 | LR: 2.99e-04
2026-04-20 13:04:19,462 INFO Epoch 2 | Batch 850 | Loss: 1.8628 | LR: 2.99e-04
2026-04-20 13:04:25,630 INFO Epoch 2 | Batch 900 | Loss: 1.7482 | LR: 2.99e-04
2026-04-20 13:04:32,000 INFO Epoch 2 | Batch 950 | Loss: 1.5586 | LR: 2.99e-04
2026-04-20 13:04:38,239 INFO Epoch 2 | Batch 1000 | Loss: 2.3174 | LR: 2.99e-04
2026-04-20 13:04:44,629 INFO Epoch 2 | Batch 1050 | Loss: 1.7333 | LR: 2.99e-04
2026-04-20 13:04:50,929 INFO Epoch 2 | Batch 1100 | Loss: 1.6705 | LR: 2.99e-04
2026-04-20 13:04:57,008 INFO Epoch 2 | Batch 1150 | Loss: 1.5155 | LR: 2.99e-04
2026-04-20 13:05:03,036 INFO Epoch 2 | Batch 1200 | Loss: 1.6135 | LR: 2.99e-04
2026-04-20 13:05:18,775 INFO Epoch 2 | Train: 1.8153 | Dev CER: 0.3646 | Dev WER: 0.8161 | Time: 165s | Peak: 4.6 GB
2026-04-20 13:05:18,775 INFO   New best CER: 0.3646
2026-04-20 13:05:21,565 INFO Epoch 3 | Batch 0 | Loss: 1.5793 | LR: 2.99e-04
2026-04-20 13:05:28,084 INFO Epoch 3 | Batch 50 | Loss: 1.5589 | LR: 2.99e-04
2026-04-20 13:05:34,569 INFO Epoch 3 | Batch 100 | Loss: 1.5261 | LR: 2.99e-04
2026-04-20 13:05:40,983 INFO Epoch 3 | Batch 150 | Loss: 1.5460 | LR: 2.99e-04
2026-04-20 13:05:46,954 INFO Epoch 3 | Batch 200 | Loss: 1.6128 | LR: 2.98e-04
2026-04-20 13:05:52,808 INFO Epoch 3 | Batch 250 | Loss: 1.2606 | LR: 2.98e-04
2026-04-20 13:05:58,570 INFO Epoch 3 | Batch 300 | Loss: 1.6657 | LR: 2.98e-04
2026-04-20 13:06:04,319 INFO Epoch 3 | Batch 350 | Loss: 1.3029 | LR: 2.98e-04
2026-04-20 13:06:10,033 INFO Epoch 3 | Batch 400 | Loss: 1.3518 | LR: 2.98e-04
2026-04-20 13:06:15,952 INFO Epoch 3 | Batch 450 | Loss: 1.9590 | LR: 2.98e-04
2026-04-20 13:06:22,394 INFO Epoch 3 | Batch 500 | Loss: 1.4366 | LR: 2.98e-04
2026-04-20 13:06:28,685 INFO Epoch 3 | Batch 550 | Loss: 1.4100 | LR: 2.98e-04
2026-04-20 13:06:34,965 INFO Epoch 3 | Batch 600 | Loss: 1.6811 | LR: 2.98e-04
2026-04-20 13:06:40,976 INFO Epoch 3 | Batch 650 | Loss: 1.5126 | LR: 2.97e-04
2026-04-20 13:06:47,068 INFO Epoch 3 | Batch 700 | Loss: 1.6462 | LR: 2.97e-04
2026-04-20 13:06:53,400 INFO Epoch 3 | Batch 750 | Loss: 1.8906 | LR: 2.97e-04
2026-04-20 13:06:59,386 INFO Epoch 3 | Batch 800 | Loss: 1.6023 | LR: 2.97e-04
2026-04-20 13:07:05,435 INFO Epoch 3 | Batch 850 | Loss: 1.5499 | LR: 2.97e-04
2026-04-20 13:07:11,530 INFO Epoch 3 | Batch 900 | Loss: 1.7441 | LR: 2.97e-04
2026-04-20 13:07:17,570 INFO Epoch 3 | Batch 950 | Loss: 1.7614 | LR: 2.97e-04
2026-04-20 13:07:23,615 INFO Epoch 3 | Batch 1000 | Loss: 1.3701 | LR: 2.97e-04
2026-04-20 13:07:29,867 INFO Epoch 3 | Batch 1050 | Loss: 1.4472 | LR: 2.96e-04
2026-04-20 13:07:35,780 INFO Epoch 3 | Batch 1100 | Loss: 1.2756 | LR: 2.96e-04
2026-04-20 13:07:41,604 INFO Epoch 3 | Batch 1150 | Loss: 1.8537 | LR: 2.96e-04
2026-04-20 13:07:47,647 INFO Epoch 3 | Batch 1200 | Loss: 1.6948 | LR: 2.96e-04
2026-04-20 13:08:04,647 INFO Epoch 3 | Train: 1.5150 | Dev CER: 0.3025 | Dev WER: 0.7347 | Time: 165s | Peak: 4.6 GB
2026-04-20 13:08:04,647 INFO   New best CER: 0.3025
2026-04-20 13:08:07,441 INFO Epoch 4 | Batch 0 | Loss: 1.2605 | LR: 2.96e-04
2026-04-20 13:08:13,688 INFO Epoch 4 | Batch 50 | Loss: 1.5735 | LR: 2.96e-04
2026-04-20 13:08:19,836 INFO Epoch 4 | Batch 100 | Loss: 1.2803 | LR: 2.96e-04
2026-04-20 13:08:26,099 INFO Epoch 4 | Batch 150 | Loss: 1.8243 | LR: 2.95e-04
2026-04-20 13:08:32,262 INFO Epoch 4 | Batch 200 | Loss: 1.5309 | LR: 2.95e-04
2026-04-20 13:08:38,394 INFO Epoch 4 | Batch 250 | Loss: 1.4324 | LR: 2.95e-04
2026-04-20 13:08:44,539 INFO Epoch 4 | Batch 300 | Loss: 1.3610 | LR: 2.95e-04
2026-04-20 13:08:50,735 INFO Epoch 4 | Batch 350 | Loss: 1.7923 | LR: 2.95e-04
2026-04-20 13:08:56,716 INFO Epoch 4 | Batch 400 | Loss: 1.4748 | LR: 2.95e-04
2026-04-20 13:09:02,896 INFO Epoch 4 | Batch 450 | Loss: 1.4145 | LR: 2.94e-04
2026-04-20 13:09:09,060 INFO Epoch 4 | Batch 500 | Loss: 1.5593 | LR: 2.94e-04
2026-04-20 13:09:15,134 INFO Epoch 4 | Batch 550 | Loss: 1.2172 | LR: 2.94e-04
2026-04-20 13:09:21,367 INFO Epoch 4 | Batch 600 | Loss: 1.4765 | LR: 2.94e-04
2026-04-20 13:09:27,458 INFO Epoch 4 | Batch 650 | Loss: 1.3302 | LR: 2.94e-04
2026-04-20 13:09:33,520 INFO Epoch 4 | Batch 700 | Loss: 1.1568 | LR: 2.93e-04
2026-04-20 13:09:39,465 INFO Epoch 4 | Batch 750 | Loss: 1.3549 | LR: 2.93e-04
2026-04-20 13:09:45,472 INFO Epoch 4 | Batch 800 | Loss: 1.1913 | LR: 2.93e-04
2026-04-20 13:09:51,418 INFO Epoch 4 | Batch 850 | Loss: 1.7065 | LR: 2.93e-04
2026-04-20 13:09:57,434 INFO Epoch 4 | Batch 900 | Loss: 1.3976 | LR: 2.93e-04
2026-04-20 13:10:03,384 INFO Epoch 4 | Batch 950 | Loss: 1.3422 | LR: 2.92e-04
2026-04-20 13:10:09,521 INFO Epoch 4 | Batch 1000 | Loss: 1.2209 | LR: 2.92e-04
2026-04-20 13:10:15,664 INFO Epoch 4 | Batch 1050 | Loss: 1.4011 | LR: 2.92e-04
2026-04-20 13:10:21,809 INFO Epoch 4 | Batch 1100 | Loss: 1.2306 | LR: 2.92e-04
2026-04-20 13:10:28,194 INFO Epoch 4 | Batch 1150 | Loss: 1.5203 | LR: 2.92e-04
2026-04-20 13:10:34,221 INFO Epoch 4 | Batch 1200 | Loss: 1.6749 | LR: 2.91e-04
2026-04-20 13:10:54,314 INFO Epoch 4 | Train: 1.3676 | Dev CER: 0.2684 | Dev WER: 0.6778 | Time: 169s | Peak: 4.6 GB
2026-04-20 13:10:54,314 INFO   New best CER: 0.2684
2026-04-20 13:10:56,938 INFO Epoch 5 | Batch 0 | Loss: 1.0349 | LR: 2.91e-04
2026-04-20 13:11:03,082 INFO Epoch 5 | Batch 50 | Loss: 1.2630 | LR: 2.91e-04
2026-04-20 13:11:09,160 INFO Epoch 5 | Batch 100 | Loss: 1.3435 | LR: 2.91e-04
2026-04-20 13:11:15,359 INFO Epoch 5 | Batch 150 | Loss: 1.2918 | LR: 2.91e-04
2026-04-20 13:11:21,286 INFO Epoch 5 | Batch 200 | Loss: 1.1497 | LR: 2.90e-04
2026-04-20 13:11:27,368 INFO Epoch 5 | Batch 250 | Loss: 1.8666 | LR: 2.90e-04
2026-04-20 13:11:33,177 INFO Epoch 5 | Batch 300 | Loss: 1.0705 | LR: 2.90e-04
2026-04-20 13:11:39,203 INFO Epoch 5 | Batch 350 | Loss: 1.0780 | LR: 2.90e-04
2026-04-20 13:11:45,192 INFO Epoch 5 | Batch 400 | Loss: 0.9710 | LR: 2.89e-04
2026-04-20 13:11:51,273 INFO Epoch 5 | Batch 450 | Loss: 1.3407 | LR: 2.89e-04
2026-04-20 13:11:56,949 INFO Epoch 5 | Batch 500 | Loss: 1.2214 | LR: 2.89e-04
2026-04-20 13:12:01,908 INFO Epoch 5 | Batch 550 | Loss: 1.2757 | LR: 2.89e-04
2026-04-20 13:12:06,720 INFO Epoch 5 | Batch 600 | Loss: 1.4161 | LR: 2.88e-04
2026-04-20 13:12:12,675 INFO Epoch 5 | Batch 650 | Loss: 1.5368 | LR: 2.88e-04
2026-04-20 13:12:18,772 INFO Epoch 5 | Batch 700 | Loss: 1.2053 | LR: 2.88e-04
2026-04-20 13:12:24,863 INFO Epoch 5 | Batch 750 | Loss: 1.1241 | LR: 2.88e-04
2026-04-20 13:12:30,901 INFO Epoch 5 | Batch 800 | Loss: 1.1401 | LR: 2.87e-04
2026-04-20 13:12:36,980 INFO Epoch 5 | Batch 850 | Loss: 1.2128 | LR: 2.87e-04
2026-04-20 13:12:43,085 INFO Epoch 5 | Batch 900 | Loss: 1.3125 | LR: 2.87e-04
2026-04-20 13:12:48,996 INFO Epoch 5 | Batch 950 | Loss: 1.6649 | LR: 2.87e-04
2026-04-20 13:12:54,244 INFO Epoch 5 | Batch 1000 | Loss: 1.4376 | LR: 2.86e-04
2026-04-20 13:12:59,212 INFO Epoch 5 | Batch 1050 | Loss: 1.1560 | LR: 2.86e-04
2026-04-20 13:13:04,355 INFO Epoch 5 | Batch 1100 | Loss: 1.2662 | LR: 2.86e-04
2026-04-20 13:13:09,554 INFO Epoch 5 | Batch 1150 | Loss: 1.5678 | LR: 2.86e-04
2026-04-20 13:13:15,178 INFO Epoch 5 | Batch 1200 | Loss: 1.2308 | LR: 2.85e-04
2026-04-20 13:13:34,246 INFO Epoch 5 | Train: 1.2555 | Dev CER: 0.2386 | Dev WER: 0.6228 | Time: 159s | Peak: 4.6 GB
2026-04-20 13:13:34,246 INFO   New best CER: 0.2386
2026-04-20 13:13:37,016 INFO Epoch 6 | Batch 0 | Loss: 1.2364 | LR: 2.85e-04
2026-04-20 13:13:43,010 INFO Epoch 6 | Batch 50 | Loss: 1.7445 | LR: 2.85e-04
2026-04-20 13:13:49,256 INFO Epoch 6 | Batch 100 | Loss: 1.3624 | LR: 2.84e-04
2026-04-20 13:13:55,106 INFO Epoch 6 | Batch 150 | Loss: 1.2751 | LR: 2.84e-04
2026-04-20 13:14:00,874 INFO Epoch 6 | Batch 200 | Loss: 1.3649 | LR: 2.84e-04
2026-04-20 13:14:06,764 INFO Epoch 6 | Batch 250 | Loss: 0.9839 | LR: 2.84e-04
2026-04-20 13:14:12,489 INFO Epoch 6 | Batch 300 | Loss: 0.9846 | LR: 2.83e-04
2026-04-20 13:14:18,400 INFO Epoch 6 | Batch 350 | Loss: 1.1071 | LR: 2.83e-04
2026-04-20 13:14:24,270 INFO Epoch 6 | Batch 400 | Loss: 1.0119 | LR: 2.83e-04
2026-04-20 13:14:30,078 INFO Epoch 6 | Batch 450 | Loss: 1.9197 | LR: 2.82e-04
2026-04-20 13:14:35,947 INFO Epoch 6 | Batch 500 | Loss: 1.0200 | LR: 2.82e-04
2026-04-20 13:14:41,816 INFO Epoch 6 | Batch 550 | Loss: 1.0906 | LR: 2.82e-04
2026-04-20 13:14:47,675 INFO Epoch 6 | Batch 600 | Loss: 1.1766 | LR: 2.81e-04
2026-04-20 13:14:53,584 INFO Epoch 6 | Batch 650 | Loss: 1.3880 | LR: 2.81e-04
2026-04-20 13:14:59,657 INFO Epoch 6 | Batch 700 | Loss: 1.4209 | LR: 2.81e-04
2026-04-20 13:15:05,471 INFO Epoch 6 | Batch 750 | Loss: 1.2174 | LR: 2.81e-04
2026-04-20 13:15:11,422 INFO Epoch 6 | Batch 800 | Loss: 1.1111 | LR: 2.80e-04
2026-04-20 13:15:17,407 INFO Epoch 6 | Batch 850 | Loss: 1.2486 | LR: 2.80e-04
2026-04-20 13:15:23,425 INFO Epoch 6 | Batch 900 | Loss: 0.9700 | LR: 2.80e-04
2026-04-20 13:15:29,282 INFO Epoch 6 | Batch 950 | Loss: 1.5469 | LR: 2.79e-04
2026-04-20 13:15:35,245 INFO Epoch 6 | Batch 1000 | Loss: 1.1548 | LR: 2.79e-04
2026-04-20 13:15:41,342 INFO Epoch 6 | Batch 1050 | Loss: 1.3748 | LR: 2.79e-04
2026-04-20 13:15:47,223 INFO Epoch 6 | Batch 1100 | Loss: 1.3235 | LR: 2.78e-04
2026-04-20 13:15:53,028 INFO Epoch 6 | Batch 1150 | Loss: 1.1422 | LR: 2.78e-04
2026-04-20 13:15:59,036 INFO Epoch 6 | Batch 1200 | Loss: 1.0157 | LR: 2.78e-04
2026-04-20 13:16:18,625 INFO Epoch 6 | Train: 1.1757 | Dev CER: 0.2186 | Dev WER: 0.5870 | Time: 164s | Peak: 4.6 GB
2026-04-20 13:16:18,625 INFO   New best CER: 0.2186
2026-04-20 13:16:21,232 INFO Epoch 7 | Batch 0 | Loss: 1.3200 | LR: 2.77e-04
2026-04-20 13:16:27,379 INFO Epoch 7 | Batch 50 | Loss: 1.3631 | LR: 2.77e-04
2026-04-20 13:16:33,470 INFO Epoch 7 | Batch 100 | Loss: 1.0309 | LR: 2.77e-04
2026-04-20 13:16:39,369 INFO Epoch 7 | Batch 150 | Loss: 1.2379 | LR: 2.76e-04
2026-04-20 13:16:45,479 INFO Epoch 7 | Batch 200 | Loss: 1.0220 | LR: 2.76e-04
2026-04-20 13:16:51,462 INFO Epoch 7 | Batch 250 | Loss: 1.1684 | LR: 2.76e-04
2026-04-20 13:16:57,014 INFO Epoch 7 | Batch 300 | Loss: 1.0477 | LR: 2.75e-04
2026-04-20 13:17:03,110 INFO Epoch 7 | Batch 350 | Loss: 1.3193 | LR: 2.75e-04
2026-04-20 13:17:08,313 INFO Epoch 7 | Batch 400 | Loss: 0.9852 | LR: 2.74e-04
2026-04-20 13:17:14,354 INFO Epoch 7 | Batch 450 | Loss: 1.2513 | LR: 2.74e-04
2026-04-20 13:17:20,361 INFO Epoch 7 | Batch 500 | Loss: 1.3368 | LR: 2.74e-04
2026-04-20 13:17:26,580 INFO Epoch 7 | Batch 550 | Loss: 0.9499 | LR: 2.73e-04
2026-04-20 13:17:32,630 INFO Epoch 7 | Batch 600 | Loss: 1.1319 | LR: 2.73e-04
2026-04-20 13:17:38,737 INFO Epoch 7 | Batch 650 | Loss: 1.3416 | LR: 2.73e-04
2026-04-20 13:17:44,860 INFO Epoch 7 | Batch 700 | Loss: 1.1717 | LR: 2.72e-04
2026-04-20 13:17:50,944 INFO Epoch 7 | Batch 750 | Loss: 1.2974 | LR: 2.72e-04
2026-04-20 13:17:57,145 INFO Epoch 7 | Batch 800 | Loss: 1.5101 | LR: 2.71e-04
2026-04-20 13:18:03,290 INFO Epoch 7 | Batch 850 | Loss: 1.3058 | LR: 2.71e-04
2026-04-20 13:18:09,298 INFO Epoch 7 | Batch 900 | Loss: 1.0599 | LR: 2.71e-04
2026-04-20 13:18:15,366 INFO Epoch 7 | Batch 950 | Loss: 0.9808 | LR: 2.70e-04
2026-04-20 13:18:21,360 INFO Epoch 7 | Batch 1000 | Loss: 0.9647 | LR: 2.70e-04
2026-04-20 13:18:27,273 INFO Epoch 7 | Batch 1050 | Loss: 1.3330 | LR: 2.69e-04
2026-04-20 13:18:33,251 INFO Epoch 7 | Batch 1100 | Loss: 1.5586 | LR: 2.69e-04
2026-04-20 13:18:39,104 INFO Epoch 7 | Batch 1150 | Loss: 0.9957 | LR: 2.69e-04
2026-04-20 13:18:45,240 INFO Epoch 7 | Batch 1200 | Loss: 0.7667 | LR: 2.68e-04
2026-04-20 13:19:04,828 INFO Epoch 7 | Train: 1.1257 | Dev CER: 0.2079 | Dev WER: 0.5610 | Time: 166s | Peak: 4.6 GB
2026-04-20 13:19:04,829 INFO   New best CER: 0.2079
2026-04-20 13:19:07,901 INFO Epoch 8 | Batch 0 | Loss: 1.0456 | LR: 2.68e-04
2026-04-20 13:19:14,222 INFO Epoch 8 | Batch 50 | Loss: 1.1711 | LR: 2.68e-04
2026-04-20 13:19:20,728 INFO Epoch 8 | Batch 100 | Loss: 1.1448 | LR: 2.67e-04
2026-04-20 13:19:26,864 INFO Epoch 8 | Batch 150 | Loss: 1.3119 | LR: 2.67e-04
2026-04-20 13:19:33,282 INFO Epoch 8 | Batch 200 | Loss: 1.0587 | LR: 2.66e-04
2026-04-20 13:19:39,436 INFO Epoch 8 | Batch 250 | Loss: 1.2744 | LR: 2.66e-04
2026-04-20 13:19:45,725 INFO Epoch 8 | Batch 300 | Loss: 0.9717 | LR: 2.66e-04
2026-04-20 13:19:52,068 INFO Epoch 8 | Batch 350 | Loss: 1.3124 | LR: 2.65e-04
2026-04-20 13:19:58,472 INFO Epoch 8 | Batch 400 | Loss: 0.9657 | LR: 2.65e-04
2026-04-20 13:20:04,549 INFO Epoch 8 | Batch 450 | Loss: 1.2178 | LR: 2.64e-04
2026-04-20 13:20:10,595 INFO Epoch 8 | Batch 500 | Loss: 1.0331 | LR: 2.64e-04
2026-04-20 13:20:16,519 INFO Epoch 8 | Batch 550 | Loss: 1.0286 | LR: 2.63e-04
2026-04-20 13:20:22,532 INFO Epoch 8 | Batch 600 | Loss: 0.9113 | LR: 2.63e-04
2026-04-20 13:20:28,370 INFO Epoch 8 | Batch 650 | Loss: 1.0503 | LR: 2.63e-04
2026-04-20 13:20:34,185 INFO Epoch 8 | Batch 700 | Loss: 0.8877 | LR: 2.62e-04
2026-04-20 13:20:40,432 INFO Epoch 8 | Batch 750 | Loss: 0.8764 | LR: 2.62e-04
2026-04-20 13:20:46,592 INFO Epoch 8 | Batch 800 | Loss: 1.0824 | LR: 2.61e-04
2026-04-20 13:20:52,578 INFO Epoch 8 | Batch 850 | Loss: 0.7933 | LR: 2.61e-04
2026-04-20 13:20:58,689 INFO Epoch 8 | Batch 900 | Loss: 1.1910 | LR: 2.60e-04
2026-04-20 13:21:04,794 INFO Epoch 8 | Batch 950 | Loss: 1.1009 | LR: 2.60e-04
2026-04-20 13:21:10,771 INFO Epoch 8 | Batch 1000 | Loss: 0.8857 | LR: 2.60e-04
2026-04-20 13:21:16,641 INFO Epoch 8 | Batch 1050 | Loss: 0.9819 | LR: 2.59e-04
2026-04-20 13:21:22,919 INFO Epoch 8 | Batch 1100 | Loss: 0.9594 | LR: 2.59e-04
2026-04-20 13:21:28,989 INFO Epoch 8 | Batch 1150 | Loss: 0.9017 | LR: 2.58e-04
2026-04-20 13:21:35,040 INFO Epoch 8 | Batch 1200 | Loss: 0.8760 | LR: 2.58e-04
2026-04-20 13:21:54,952 INFO Epoch 8 | Train: 1.0715 | Dev CER: 0.1962 | Dev WER: 0.5361 | Time: 169s | Peak: 4.6 GB
2026-04-20 13:21:54,952 INFO   New best CER: 0.1962
2026-04-20 13:21:57,720 INFO Epoch 9 | Batch 0 | Loss: 0.9976 | LR: 2.57e-04
2026-04-20 13:22:03,873 INFO Epoch 9 | Batch 50 | Loss: 1.0967 | LR: 2.57e-04
2026-04-20 13:22:09,887 INFO Epoch 9 | Batch 100 | Loss: 0.9384 | LR: 2.56e-04
2026-04-20 13:22:16,283 INFO Epoch 9 | Batch 150 | Loss: 1.1007 | LR: 2.56e-04
2026-04-20 13:22:22,337 INFO Epoch 9 | Batch 200 | Loss: 0.9895 | LR: 2.56e-04
2026-04-20 13:22:28,468 INFO Epoch 9 | Batch 250 | Loss: 1.1250 | LR: 2.55e-04
2026-04-20 13:22:34,473 INFO Epoch 9 | Batch 300 | Loss: 0.9535 | LR: 2.55e-04
2026-04-20 13:22:40,532 INFO Epoch 9 | Batch 350 | Loss: 1.2865 | LR: 2.54e-04
2026-04-20 13:22:46,579 INFO Epoch 9 | Batch 400 | Loss: 0.8821 | LR: 2.54e-04
2026-04-20 13:22:52,739 INFO Epoch 9 | Batch 450 | Loss: 0.8080 | LR: 2.53e-04
2026-04-20 13:22:58,912 INFO Epoch 9 | Batch 500 | Loss: 0.8610 | LR: 2.53e-04
2026-04-20 13:23:05,016 INFO Epoch 9 | Batch 550 | Loss: 0.8174 | LR: 2.52e-04
2026-04-20 13:23:11,015 INFO Epoch 9 | Batch 600 | Loss: 0.9130 | LR: 2.52e-04
2026-04-20 13:23:17,139 INFO Epoch 9 | Batch 650 | Loss: 1.1159 | LR: 2.51e-04
2026-04-20 13:23:23,380 INFO Epoch 9 | Batch 700 | Loss: 0.7924 | LR: 2.51e-04
2026-04-20 13:23:29,537 INFO Epoch 9 | Batch 750 | Loss: 0.9663 | LR: 2.50e-04
2026-04-20 13:23:35,550 INFO Epoch 9 | Batch 800 | Loss: 1.0275 | LR: 2.50e-04
2026-04-20 13:23:41,404 INFO Epoch 9 | Batch 850 | Loss: 1.2124 | LR: 2.49e-04
2026-04-20 13:23:47,413 INFO Epoch 9 | Batch 900 | Loss: 1.2112 | LR: 2.49e-04
2026-04-20 13:23:53,333 INFO Epoch 9 | Batch 950 | Loss: 1.0623 | LR: 2.48e-04
2026-04-20 13:23:59,278 INFO Epoch 9 | Batch 1000 | Loss: 0.9087 | LR: 2.48e-04
2026-04-20 13:24:05,216 INFO Epoch 9 | Batch 1050 | Loss: 1.1750 | LR: 2.47e-04
2026-04-20 13:24:11,100 INFO Epoch 9 | Batch 1100 | Loss: 0.8861 | LR: 2.47e-04
2026-04-20 13:24:17,062 INFO Epoch 9 | Batch 1150 | Loss: 0.8234 | LR: 2.46e-04
2026-04-20 13:24:23,015 INFO Epoch 9 | Batch 1200 | Loss: 1.0237 | LR: 2.46e-04
2026-04-20 13:24:42,019 INFO Epoch 9 | Train: 1.0382 | Dev CER: 0.1896 | Dev WER: 0.5274 | Time: 167s | Peak: 4.6 GB
2026-04-20 13:24:42,019 INFO   New best CER: 0.1896
2026-04-20 13:24:44,676 INFO Epoch 10 | Batch 0 | Loss: 1.0431 | LR: 2.46e-04
2026-04-20 13:24:50,700 INFO Epoch 10 | Batch 50 | Loss: 1.0181 | LR: 2.45e-04
2026-04-20 13:24:56,741 INFO Epoch 10 | Batch 100 | Loss: 0.9157 | LR: 2.45e-04
2026-04-20 13:25:02,923 INFO Epoch 10 | Batch 150 | Loss: 1.0105 | LR: 2.44e-04
2026-04-20 13:25:09,121 INFO Epoch 10 | Batch 200 | Loss: 0.9914 | LR: 2.44e-04
2026-04-20 13:25:15,235 INFO Epoch 10 | Batch 250 | Loss: 0.8550 | LR: 2.43e-04
2026-04-20 13:25:21,342 INFO Epoch 10 | Batch 300 | Loss: 0.8339 | LR: 2.43e-04
2026-04-20 13:25:27,559 INFO Epoch 10 | Batch 350 | Loss: 0.7972 | LR: 2.42e-04
2026-04-20 13:25:33,579 INFO Epoch 10 | Batch 400 | Loss: 0.6905 | LR: 2.41e-04
2026-04-20 13:25:39,868 INFO Epoch 10 | Batch 450 | Loss: 1.0874 | LR: 2.41e-04
2026-04-20 13:25:45,763 INFO Epoch 10 | Batch 500 | Loss: 0.7869 | LR: 2.40e-04
2026-04-20 13:25:51,701 INFO Epoch 10 | Batch 550 | Loss: 0.9165 | LR: 2.40e-04
2026-04-20 13:25:57,822 INFO Epoch 10 | Batch 600 | Loss: 1.0754 | LR: 2.39e-04
2026-04-20 13:26:03,863 INFO Epoch 10 | Batch 650 | Loss: 0.9904 | LR: 2.39e-04
2026-04-20 13:26:10,128 INFO Epoch 10 | Batch 700 | Loss: 1.4733 | LR: 2.38e-04
2026-04-20 13:26:16,184 INFO Epoch 10 | Batch 750 | Loss: 0.7007 | LR: 2.38e-04
2026-04-20 13:26:22,334 INFO Epoch 10 | Batch 800 | Loss: 1.5305 | LR: 2.37e-04
2026-04-20 13:26:28,387 INFO Epoch 10 | Batch 850 | Loss: 0.8044 | LR: 2.37e-04
2026-04-20 13:26:34,526 INFO Epoch 10 | Batch 900 | Loss: 0.8178 | LR: 2.36e-04
2026-04-20 13:26:40,551 INFO Epoch 10 | Batch 950 | Loss: 0.9255 | LR: 2.36e-04
2026-04-20 13:26:46,535 INFO Epoch 10 | Batch 1000 | Loss: 0.8676 | LR: 2.35e-04
2026-04-20 13:26:52,641 INFO Epoch 10 | Batch 1050 | Loss: 0.8867 | LR: 2.35e-04
2026-04-20 13:26:58,631 INFO Epoch 10 | Batch 1100 | Loss: 0.7948 | LR: 2.34e-04
2026-04-20 13:27:04,705 INFO Epoch 10 | Batch 1150 | Loss: 0.8697 | LR: 2.34e-04
2026-04-20 13:27:10,619 INFO Epoch 10 | Batch 1200 | Loss: 0.8781 | LR: 2.33e-04
2026-04-20 13:27:28,994 INFO Epoch 10 | Train: 0.9937 | Dev CER: 0.1782 | Dev WER: 0.5007 | Time: 166s | Peak: 4.6 GB
2026-04-20 13:27:28,994 INFO   New best CER: 0.1782
2026-04-20 13:27:31,823 INFO Epoch 11 | Batch 0 | Loss: 0.9946 | LR: 2.33e-04
2026-04-20 13:27:38,063 INFO Epoch 11 | Batch 50 | Loss: 0.9197 | LR: 2.32e-04
2026-04-20 13:27:44,436 INFO Epoch 11 | Batch 100 | Loss: 0.7112 | LR: 2.32e-04
2026-04-20 13:27:50,734 INFO Epoch 11 | Batch 150 | Loss: 0.7163 | LR: 2.31e-04
2026-04-20 13:27:57,027 INFO Epoch 11 | Batch 200 | Loss: 1.2056 | LR: 2.30e-04
2026-04-20 13:28:03,330 INFO Epoch 11 | Batch 250 | Loss: 1.0064 | LR: 2.30e-04
2026-04-20 13:28:09,460 INFO Epoch 11 | Batch 300 | Loss: 1.1188 | LR: 2.29e-04
2026-04-20 13:28:15,710 INFO Epoch 11 | Batch 350 | Loss: 1.1210 | LR: 2.29e-04
2026-04-20 13:28:21,786 INFO Epoch 11 | Batch 400 | Loss: 0.6635 | LR: 2.28e-04
2026-04-20 13:28:28,120 INFO Epoch 11 | Batch 450 | Loss: 0.6977 | LR: 2.28e-04
2026-04-20 13:28:34,432 INFO Epoch 11 | Batch 500 | Loss: 0.9532 | LR: 2.27e-04
2026-04-20 13:28:40,772 INFO Epoch 11 | Batch 550 | Loss: 0.9929 | LR: 2.27e-04
2026-04-20 13:28:47,110 INFO Epoch 11 | Batch 600 | Loss: 0.9483 | LR: 2.26e-04
2026-04-20 13:28:53,458 INFO Epoch 11 | Batch 650 | Loss: 1.3700 | LR: 2.25e-04
2026-04-20 13:28:59,341 INFO Epoch 11 | Batch 700 | Loss: 0.9073 | LR: 2.25e-04
2026-04-20 13:29:05,579 INFO Epoch 11 | Batch 750 | Loss: 0.9375 | LR: 2.24e-04
2026-04-20 13:29:11,991 INFO Epoch 11 | Batch 800 | Loss: 1.0644 | LR: 2.24e-04
2026-04-20 13:29:18,535 INFO Epoch 11 | Batch 850 | Loss: 0.8930 | LR: 2.23e-04
2026-04-20 13:29:24,792 INFO Epoch 11 | Batch 900 | Loss: 0.8622 | LR: 2.23e-04
2026-04-20 13:29:31,039 INFO Epoch 11 | Batch 950 | Loss: 0.6688 | LR: 2.22e-04
2026-04-20 13:29:36,962 INFO Epoch 11 | Batch 1000 | Loss: 0.8323 | LR: 2.21e-04
2026-04-20 13:29:42,962 INFO Epoch 11 | Batch 1050 | Loss: 0.9942 | LR: 2.21e-04
2026-04-20 13:29:48,965 INFO Epoch 11 | Batch 1100 | Loss: 0.9149 | LR: 2.20e-04
2026-04-20 13:29:55,127 INFO Epoch 11 | Batch 1150 | Loss: 1.0227 | LR: 2.20e-04
2026-04-20 13:30:01,303 INFO Epoch 11 | Batch 1200 | Loss: 0.7441 | LR: 2.19e-04
2026-04-20 13:30:20,324 INFO Epoch 11 | Train: 0.9640 | Dev CER: 0.1698 | Dev WER: 0.4816 | Time: 171s | Peak: 4.6 GB
2026-04-20 13:30:20,324 INFO   New best CER: 0.1698
2026-04-20 13:30:22,977 INFO Epoch 12 | Batch 0 | Loss: 0.8800 | LR: 2.19e-04
2026-04-20 13:30:29,185 INFO Epoch 12 | Batch 50 | Loss: 1.8761 | LR: 2.18e-04
2026-04-20 13:30:35,364 INFO Epoch 12 | Batch 100 | Loss: 1.5435 | LR: 2.18e-04
2026-04-20 13:30:41,680 INFO Epoch 12 | Batch 150 | Loss: 0.9105 | LR: 2.17e-04
2026-04-20 13:30:48,008 INFO Epoch 12 | Batch 200 | Loss: 0.7125 | LR: 2.16e-04
2026-04-20 13:30:54,188 INFO Epoch 12 | Batch 250 | Loss: 0.8421 | LR: 2.16e-04
2026-04-20 13:31:00,606 INFO Epoch 12 | Batch 300 | Loss: 0.6950 | LR: 2.15e-04
2026-04-20 13:31:06,496 INFO Epoch 12 | Batch 350 | Loss: 1.0646 | LR: 2.15e-04
2026-04-20 13:31:12,300 INFO Epoch 12 | Batch 400 | Loss: 0.9127 | LR: 2.14e-04
2026-04-20 13:31:18,629 INFO Epoch 12 | Batch 450 | Loss: 0.8646 | LR: 2.13e-04
2026-04-20 13:31:24,835 INFO Epoch 12 | Batch 500 | Loss: 0.7666 | LR: 2.13e-04
2026-04-20 13:31:30,803 INFO Epoch 12 | Batch 550 | Loss: 1.1737 | LR: 2.12e-04
2026-04-20 13:31:36,876 INFO Epoch 12 | Batch 600 | Loss: 0.8758 | LR: 2.12e-04
2026-04-20 13:31:43,145 INFO Epoch 12 | Batch 650 | Loss: 1.0721 | LR: 2.11e-04
2026-04-20 13:31:49,414 INFO Epoch 12 | Batch 700 | Loss: 0.9650 | LR: 2.11e-04
2026-04-20 13:31:56,056 INFO Epoch 12 | Batch 750 | Loss: 0.6269 | LR: 2.10e-04
2026-04-20 13:32:02,571 INFO Epoch 12 | Batch 800 | Loss: 0.8070 | LR: 2.09e-04
2026-04-20 13:32:09,092 INFO Epoch 12 | Batch 850 | Loss: 0.8674 | LR: 2.09e-04
2026-04-20 13:32:15,193 INFO Epoch 12 | Batch 900 | Loss: 0.9743 | LR: 2.08e-04
2026-04-20 13:32:21,293 INFO Epoch 12 | Batch 950 | Loss: 1.1324 | LR: 2.08e-04
2026-04-20 13:32:27,388 INFO Epoch 12 | Batch 1000 | Loss: 1.0770 | LR: 2.07e-04
2026-04-20 13:32:33,628 INFO Epoch 12 | Batch 1050 | Loss: 0.9280 | LR: 2.06e-04
2026-04-20 13:32:39,850 INFO Epoch 12 | Batch 1100 | Loss: 0.8932 | LR: 2.06e-04
2026-04-20 13:32:46,377 INFO Epoch 12 | Batch 1150 | Loss: 0.8526 | LR: 2.05e-04
2026-04-20 13:32:52,692 INFO Epoch 12 | Batch 1200 | Loss: 1.1218 | LR: 2.04e-04
2026-04-20 13:33:13,050 INFO Epoch 12 | Train: 0.9456 | Dev CER: 0.1622 | Dev WER: 0.4635 | Time: 172s | Peak: 4.6 GB
2026-04-20 13:33:13,050 INFO   New best CER: 0.1622
2026-04-20 13:33:16,202 INFO Epoch 13 | Batch 0 | Loss: 0.9623 | LR: 2.04e-04
2026-04-20 13:33:22,588 INFO Epoch 13 | Batch 50 | Loss: 0.7351 | LR: 2.03e-04
2026-04-20 13:33:29,031 INFO Epoch 13 | Batch 100 | Loss: 0.7430 | LR: 2.03e-04
2026-04-20 13:33:35,382 INFO Epoch 13 | Batch 150 | Loss: 0.7371 | LR: 2.02e-04
2026-04-20 13:33:41,696 INFO Epoch 13 | Batch 200 | Loss: 0.7880 | LR: 2.02e-04
2026-04-20 13:33:47,995 INFO Epoch 13 | Batch 250 | Loss: 0.9754 | LR: 2.01e-04
2026-04-20 13:33:54,241 INFO Epoch 13 | Batch 300 | Loss: 0.8305 | LR: 2.00e-04
2026-04-20 13:34:00,616 INFO Epoch 13 | Batch 350 | Loss: 1.0299 | LR: 2.00e-04
2026-04-20 13:34:06,850 INFO Epoch 13 | Batch 400 | Loss: 0.8717 | LR: 1.99e-04
2026-04-20 13:34:12,871 INFO Epoch 13 | Batch 450 | Loss: 0.8591 | LR: 1.99e-04
2026-04-20 13:34:18,923 INFO Epoch 13 | Batch 500 | Loss: 0.7289 | LR: 1.98e-04
2026-04-20 13:34:25,220 INFO Epoch 13 | Batch 550 | Loss: 0.7655 | LR: 1.97e-04
2026-04-20 13:34:31,448 INFO Epoch 13 | Batch 600 | Loss: 0.8084 | LR: 1.97e-04
2026-04-20 13:34:37,662 INFO Epoch 13 | Batch 650 | Loss: 0.9596 | LR: 1.96e-04
2026-04-20 13:34:43,797 INFO Epoch 13 | Batch 700 | Loss: 0.9479 | LR: 1.95e-04
2026-04-20 13:34:50,060 INFO Epoch 13 | Batch 750 | Loss: 0.8983 | LR: 1.95e-04
2026-04-20 13:34:56,383 INFO Epoch 13 | Batch 800 | Loss: 0.7811 | LR: 1.94e-04
2026-04-20 13:35:02,566 INFO Epoch 13 | Batch 850 | Loss: 1.3020 | LR: 1.94e-04
2026-04-20 13:35:08,717 INFO Epoch 13 | Batch 900 | Loss: 1.0041 | LR: 1.93e-04
2026-04-20 13:35:14,855 INFO Epoch 13 | Batch 950 | Loss: 0.8838 | LR: 1.92e-04
2026-04-20 13:35:21,061 INFO Epoch 13 | Batch 1000 | Loss: 0.8337 | LR: 1.92e-04
2026-04-20 13:35:27,050 INFO Epoch 13 | Batch 1050 | Loss: 0.7062 | LR: 1.91e-04
2026-04-20 13:35:33,245 INFO Epoch 13 | Batch 1100 | Loss: 1.4344 | LR: 1.90e-04
2026-04-20 13:35:39,574 INFO Epoch 13 | Batch 1150 | Loss: 1.0131 | LR: 1.90e-04
2026-04-20 13:35:45,630 INFO Epoch 13 | Batch 1200 | Loss: 1.2973 | LR: 1.89e-04
2026-04-20 13:36:05,958 INFO Epoch 13 | Train: 0.9124 | Dev CER: 0.1593 | Dev WER: 0.4575 | Time: 172s | Peak: 4.6 GB
2026-04-20 13:36:05,958 INFO   New best CER: 0.1593
2026-04-20 13:36:09,161 INFO Epoch 14 | Batch 0 | Loss: 0.9574 | LR: 1.89e-04
2026-04-20 13:36:15,138 INFO Epoch 14 | Batch 50 | Loss: 1.1917 | LR: 1.88e-04
2026-04-20 13:36:21,076 INFO Epoch 14 | Batch 100 | Loss: 0.8131 | LR: 1.87e-04
2026-04-20 13:36:26,976 INFO Epoch 14 | Batch 150 | Loss: 0.7921 | LR: 1.87e-04
2026-04-20 13:36:32,876 INFO Epoch 14 | Batch 200 | Loss: 0.9106 | LR: 1.86e-04
2026-04-20 13:36:38,710 INFO Epoch 14 | Batch 250 | Loss: 0.9988 | LR: 1.86e-04
2026-04-20 13:36:44,700 INFO Epoch 14 | Batch 300 | Loss: 0.7386 | LR: 1.85e-04
2026-04-20 13:36:50,741 INFO Epoch 14 | Batch 350 | Loss: 0.9778 | LR: 1.84e-04
2026-04-20 13:36:56,618 INFO Epoch 14 | Batch 400 | Loss: 0.8680 | LR: 1.84e-04
2026-04-20 13:37:02,640 INFO Epoch 14 | Batch 450 | Loss: 0.9472 | LR: 1.83e-04
2026-04-20 13:37:08,295 INFO Epoch 14 | Batch 500 | Loss: 0.9444 | LR: 1.82e-04
2026-04-20 13:37:14,134 INFO Epoch 14 | Batch 550 | Loss: 0.9044 | LR: 1.82e-04
2026-04-20 13:37:19,911 INFO Epoch 14 | Batch 600 | Loss: 1.0653 | LR: 1.81e-04
2026-04-20 13:37:25,811 INFO Epoch 14 | Batch 650 | Loss: 0.8090 | LR: 1.81e-04
2026-04-20 13:37:31,810 INFO Epoch 14 | Batch 700 | Loss: 0.9069 | LR: 1.80e-04
2026-04-20 13:37:37,711 INFO Epoch 14 | Batch 750 | Loss: 0.7504 | LR: 1.79e-04
2026-04-20 13:37:43,671 INFO Epoch 14 | Batch 800 | Loss: 0.8473 | LR: 1.79e-04
2026-04-20 13:37:49,887 INFO Epoch 14 | Batch 850 | Loss: 0.7583 | LR: 1.78e-04
2026-04-20 13:37:56,081 INFO Epoch 14 | Batch 900 | Loss: 0.8029 | LR: 1.77e-04
2026-04-20 13:38:02,179 INFO Epoch 14 | Batch 950 | Loss: 0.9795 | LR: 1.77e-04
2026-04-20 13:38:08,350 INFO Epoch 14 | Batch 1000 | Loss: 0.7494 | LR: 1.76e-04
2026-04-20 13:38:14,345 INFO Epoch 14 | Batch 1050 | Loss: 0.9377 | LR: 1.75e-04
2026-04-20 13:38:20,466 INFO Epoch 14 | Batch 1100 | Loss: 0.7990 | LR: 1.75e-04
2026-04-20 13:38:26,418 INFO Epoch 14 | Batch 1150 | Loss: 0.8816 | LR: 1.74e-04
2026-04-20 13:38:32,594 INFO Epoch 14 | Batch 1200 | Loss: 0.9367 | LR: 1.73e-04
2026-04-20 13:38:51,617 INFO Epoch 14 | Train: 0.8992 | Dev CER: 0.1545 | Dev WER: 0.4444 | Time: 165s | Peak: 4.6 GB
2026-04-20 13:38:51,617 INFO   New best CER: 0.1545
2026-04-20 13:38:54,732 INFO Epoch 15 | Batch 0 | Loss: 0.7712 | LR: 1.73e-04
2026-04-20 13:39:00,861 INFO Epoch 15 | Batch 50 | Loss: 0.8963 | LR: 1.72e-04
2026-04-20 13:39:06,950 INFO Epoch 15 | Batch 100 | Loss: 0.7270 | LR: 1.72e-04
2026-04-20 13:39:13,080 INFO Epoch 15 | Batch 150 | Loss: 0.6940 | LR: 1.71e-04
2026-04-20 13:39:19,178 INFO Epoch 15 | Batch 200 | Loss: 1.0369 | LR: 1.70e-04
2026-04-20 13:39:25,246 INFO Epoch 15 | Batch 250 | Loss: 0.7327 | LR: 1.70e-04
2026-04-20 13:39:31,343 INFO Epoch 15 | Batch 300 | Loss: 0.9020 | LR: 1.69e-04
2026-04-20 13:39:37,541 INFO Epoch 15 | Batch 350 | Loss: 0.7294 | LR: 1.68e-04
2026-04-20 13:39:43,575 INFO Epoch 15 | Batch 400 | Loss: 0.7461 | LR: 1.68e-04
2026-04-20 13:39:49,753 INFO Epoch 15 | Batch 450 | Loss: 0.6553 | LR: 1.67e-04
2026-04-20 13:39:55,788 INFO Epoch 15 | Batch 500 | Loss: 0.9534 | LR: 1.67e-04
2026-04-20 13:40:01,969 INFO Epoch 15 | Batch 550 | Loss: 0.7158 | LR: 1.66e-04
2026-04-20 13:40:07,762 INFO Epoch 15 | Batch 600 | Loss: 0.6695 | LR: 1.65e-04
2026-04-20 13:40:13,736 INFO Epoch 15 | Batch 650 | Loss: 0.6547 | LR: 1.65e-04
2026-04-20 13:40:19,488 INFO Epoch 15 | Batch 700 | Loss: 0.8277 | LR: 1.64e-04
2026-04-20 13:40:25,321 INFO Epoch 15 | Batch 750 | Loss: 0.8615 | LR: 1.63e-04
2026-04-20 13:40:31,052 INFO Epoch 15 | Batch 800 | Loss: 0.9050 | LR: 1.63e-04
2026-04-20 13:40:36,856 INFO Epoch 15 | Batch 850 | Loss: 0.7083 | LR: 1.62e-04
2026-04-20 13:40:42,651 INFO Epoch 15 | Batch 900 | Loss: 0.9713 | LR: 1.61e-04
2026-04-20 13:40:48,678 INFO Epoch 15 | Batch 950 | Loss: 0.9218 | LR: 1.61e-04
2026-04-20 13:40:54,641 INFO Epoch 15 | Batch 1000 | Loss: 0.7851 | LR: 1.60e-04
2026-04-20 13:41:00,482 INFO Epoch 15 | Batch 1050 | Loss: 0.7310 | LR: 1.59e-04
2026-04-20 13:41:06,272 INFO Epoch 15 | Batch 1100 | Loss: 0.8809 | LR: 1.59e-04
2026-04-20 13:41:12,186 INFO Epoch 15 | Batch 1150 | Loss: 0.9144 | LR: 1.58e-04
2026-04-20 13:41:17,778 INFO Epoch 15 | Batch 1200 | Loss: 1.0013 | LR: 1.57e-04
2026-04-20 13:41:36,490 INFO Epoch 15 | Train: 0.8769 | Dev CER: 0.1530 | Dev WER: 0.4373 | Time: 164s | Peak: 4.6 GB
2026-04-20 13:41:36,490 INFO   New best CER: 0.1530
2026-04-20 13:41:39,652 INFO Epoch 16 | Batch 0 | Loss: 0.7981 | LR: 1.57e-04
2026-04-20 13:41:45,615 INFO Epoch 16 | Batch 50 | Loss: 0.7965 | LR: 1.56e-04
2026-04-20 13:41:51,513 INFO Epoch 16 | Batch 100 | Loss: 1.0850 | LR: 1.56e-04
2026-04-20 13:41:57,758 INFO Epoch 16 | Batch 150 | Loss: 0.7099 | LR: 1.55e-04
2026-04-20 13:42:03,384 INFO Epoch 16 | Batch 200 | Loss: 0.6156 | LR: 1.54e-04
2026-04-20 13:42:09,197 INFO Epoch 16 | Batch 250 | Loss: 0.9230 | LR: 1.54e-04
2026-04-20 13:42:15,218 INFO Epoch 16 | Batch 300 | Loss: 0.9663 | LR: 1.53e-04
2026-04-20 13:42:21,199 INFO Epoch 16 | Batch 350 | Loss: 0.7786 | LR: 1.52e-04
2026-04-20 13:42:27,113 INFO Epoch 16 | Batch 400 | Loss: 0.7120 | LR: 1.52e-04
2026-04-20 13:42:32,996 INFO Epoch 16 | Batch 450 | Loss: 0.8110 | LR: 1.51e-04
2026-04-20 13:42:38,888 INFO Epoch 16 | Batch 500 | Loss: 0.8256 | LR: 1.50e-04
2026-04-20 13:42:44,770 INFO Epoch 16 | Batch 550 | Loss: 0.7529 | LR: 1.50e-04
2026-04-20 13:42:50,549 INFO Epoch 16 | Batch 600 | Loss: 0.9863 | LR: 1.49e-04
2026-04-20 13:42:56,347 INFO Epoch 16 | Batch 650 | Loss: 0.8195 | LR: 1.49e-04
2026-04-20 13:43:02,064 INFO Epoch 16 | Batch 700 | Loss: 1.0456 | LR: 1.48e-04
2026-04-20 13:43:08,102 INFO Epoch 16 | Batch 750 | Loss: 0.9036 | LR: 1.47e-04
2026-04-20 13:43:14,104 INFO Epoch 16 | Batch 800 | Loss: 0.7635 | LR: 1.47e-04
2026-04-20 13:43:20,056 INFO Epoch 16 | Batch 850 | Loss: 0.6666 | LR: 1.46e-04
2026-04-20 13:43:25,981 INFO Epoch 16 | Batch 900 | Loss: 1.1388 | LR: 1.45e-04
2026-04-20 13:43:32,114 INFO Epoch 16 | Batch 950 | Loss: 0.7195 | LR: 1.45e-04
2026-04-20 13:43:38,238 INFO Epoch 16 | Batch 1000 | Loss: 0.7855 | LR: 1.44e-04
2026-04-20 13:43:44,260 INFO Epoch 16 | Batch 1050 | Loss: 0.7587 | LR: 1.43e-04
2026-04-20 13:43:50,216 INFO Epoch 16 | Batch 1100 | Loss: 0.7568 | LR: 1.43e-04
2026-04-20 13:43:56,237 INFO Epoch 16 | Batch 1150 | Loss: 0.7989 | LR: 1.42e-04
2026-04-20 13:44:02,263 INFO Epoch 16 | Batch 1200 | Loss: 0.6904 | LR: 1.41e-04
2026-04-20 13:44:21,236 INFO Epoch 16 | Train: 0.8607 | Dev CER: 0.1456 | Dev WER: 0.4248 | Time: 164s | Peak: 4.6 GB
2026-04-20 13:44:21,236 INFO   New best CER: 0.1456
2026-04-20 13:44:24,151 INFO Epoch 17 | Batch 0 | Loss: 0.6606 | LR: 1.41e-04
2026-04-20 13:44:30,379 INFO Epoch 17 | Batch 50 | Loss: 0.9820 | LR: 1.40e-04
2026-04-20 13:44:36,593 INFO Epoch 17 | Batch 100 | Loss: 0.8415 | LR: 1.40e-04
2026-04-20 13:44:42,842 INFO Epoch 17 | Batch 150 | Loss: 0.8675 | LR: 1.39e-04
2026-04-20 13:44:49,140 INFO Epoch 17 | Batch 200 | Loss: 0.8145 | LR: 1.38e-04
2026-04-20 13:44:55,249 INFO Epoch 17 | Batch 250 | Loss: 0.6870 | LR: 1.38e-04
2026-04-20 13:45:01,317 INFO Epoch 17 | Batch 300 | Loss: 0.8196 | LR: 1.37e-04
2026-04-20 13:45:07,556 INFO Epoch 17 | Batch 350 | Loss: 0.6470 | LR: 1.36e-04
2026-04-20 13:45:13,037 INFO Epoch 17 | Batch 400 | Loss: 0.7825 | LR: 1.36e-04
2026-04-20 13:45:18,940 INFO Epoch 17 | Batch 450 | Loss: 0.9982 | LR: 1.35e-04
2026-04-20 13:45:25,090 INFO Epoch 17 | Batch 500 | Loss: 0.8784 | LR: 1.34e-04
2026-04-20 13:45:31,205 INFO Epoch 17 | Batch 550 | Loss: 0.7860 | LR: 1.34e-04
2026-04-20 13:45:37,809 INFO Epoch 17 | Batch 600 | Loss: 0.7416 | LR: 1.33e-04
2026-04-20 13:45:44,077 INFO Epoch 17 | Batch 650 | Loss: 0.8626 | LR: 1.32e-04
2026-04-20 13:45:50,350 INFO Epoch 17 | Batch 700 | Loss: 0.7073 | LR: 1.32e-04
2026-04-20 13:45:56,472 INFO Epoch 17 | Batch 750 | Loss: 0.7830 | LR: 1.31e-04
2026-04-20 13:46:01,789 INFO Epoch 17 | Batch 800 | Loss: 0.6853 | LR: 1.31e-04
2026-04-20 13:46:07,667 INFO Epoch 17 | Batch 850 | Loss: 0.9278 | LR: 1.30e-04
2026-04-20 13:46:13,809 INFO Epoch 17 | Batch 900 | Loss: 0.6226 | LR: 1.29e-04
2026-04-20 13:46:19,863 INFO Epoch 17 | Batch 950 | Loss: 0.8299 | LR: 1.29e-04
2026-04-20 13:46:26,247 INFO Epoch 17 | Batch 1000 | Loss: 0.8116 | LR: 1.28e-04
2026-04-20 13:46:32,510 INFO Epoch 17 | Batch 1050 | Loss: 0.7065 | LR: 1.27e-04
2026-04-20 13:46:38,764 INFO Epoch 17 | Batch 1100 | Loss: 0.7092 | LR: 1.27e-04
2026-04-20 13:46:45,000 INFO Epoch 17 | Batch 1150 | Loss: 0.9524 | LR: 1.26e-04
2026-04-20 13:46:51,231 INFO Epoch 17 | Batch 1200 | Loss: 0.9086 | LR: 1.25e-04
2026-04-20 13:47:08,893 INFO Epoch 17 | Train: 0.8425 | Dev CER: 0.1439 | Dev WER: 0.4202 | Time: 167s | Peak: 4.6 GB
2026-04-20 13:47:08,894 INFO   New best CER: 0.1439
2026-04-20 13:47:11,893 INFO Epoch 18 | Batch 0 | Loss: 1.1022 | LR: 1.25e-04
2026-04-20 13:47:18,308 INFO Epoch 18 | Batch 50 | Loss: 0.7401 | LR: 1.24e-04
2026-04-20 13:47:24,718 INFO Epoch 18 | Batch 100 | Loss: 0.7430 | LR: 1.24e-04
2026-04-20 13:47:31,040 INFO Epoch 18 | Batch 150 | Loss: 0.9876 | LR: 1.23e-04
2026-04-20 13:47:37,600 INFO Epoch 18 | Batch 200 | Loss: 1.0496 | LR: 1.22e-04
2026-04-20 13:47:43,914 INFO Epoch 18 | Batch 250 | Loss: 0.6500 | LR: 1.22e-04
2026-04-20 13:47:50,457 INFO Epoch 18 | Batch 300 | Loss: 0.7131 | LR: 1.21e-04
2026-04-20 13:47:56,788 INFO Epoch 18 | Batch 350 | Loss: 0.6200 | LR: 1.20e-04
2026-04-20 13:48:03,128 INFO Epoch 18 | Batch 400 | Loss: 0.7985 | LR: 1.20e-04
2026-04-20 13:48:09,335 INFO Epoch 18 | Batch 450 | Loss: 0.6918 | LR: 1.19e-04
2026-04-20 13:48:15,627 INFO Epoch 18 | Batch 500 | Loss: 0.6953 | LR: 1.19e-04
2026-04-20 13:48:21,814 INFO Epoch 18 | Batch 550 | Loss: 0.6308 | LR: 1.18e-04
2026-04-20 13:48:28,078 INFO Epoch 18 | Batch 600 | Loss: 0.5378 | LR: 1.17e-04
2026-04-20 13:48:34,097 INFO Epoch 18 | Batch 650 | Loss: 1.1798 | LR: 1.17e-04
2026-04-20 13:48:39,899 INFO Epoch 18 | Batch 700 | Loss: 0.6672 | LR: 1.16e-04
2026-04-20 13:48:45,923 INFO Epoch 18 | Batch 750 | Loss: 0.8143 | LR: 1.15e-04
2026-04-20 13:48:51,954 INFO Epoch 18 | Batch 800 | Loss: 1.0307 | LR: 1.15e-04
2026-04-20 13:48:58,202 INFO Epoch 18 | Batch 850 | Loss: 0.9385 | LR: 1.14e-04
2026-04-20 13:49:04,423 INFO Epoch 18 | Batch 900 | Loss: 0.6801 | LR: 1.13e-04
2026-04-20 13:49:10,649 INFO Epoch 18 | Batch 950 | Loss: 0.8478 | LR: 1.13e-04
2026-04-20 13:49:17,203 INFO Epoch 18 | Batch 1000 | Loss: 0.8637 | LR: 1.12e-04
2026-04-20 13:49:23,260 INFO Epoch 18 | Batch 1050 | Loss: 0.8697 | LR: 1.12e-04
2026-04-20 13:49:29,450 INFO Epoch 18 | Batch 1100 | Loss: 0.9635 | LR: 1.11e-04
2026-04-20 13:49:35,618 INFO Epoch 18 | Batch 1150 | Loss: 1.3027 | LR: 1.10e-04
2026-04-20 13:49:41,683 INFO Epoch 18 | Batch 1200 | Loss: 0.7454 | LR: 1.10e-04
2026-04-20 13:50:00,296 INFO Epoch 18 | Train: 0.8215 | Dev CER: 0.1418 | Dev WER: 0.4141 | Time: 171s | Peak: 4.6 GB
2026-04-20 13:50:00,296 INFO   New best CER: 0.1418
2026-04-20 13:50:03,200 INFO Epoch 19 | Batch 0 | Loss: 1.0960 | LR: 1.09e-04
2026-04-20 13:50:09,256 INFO Epoch 19 | Batch 50 | Loss: 0.5705 | LR: 1.09e-04
2026-04-20 13:50:15,600 INFO Epoch 19 | Batch 100 | Loss: 0.7833 | LR: 1.08e-04
2026-04-20 13:50:21,928 INFO Epoch 19 | Batch 150 | Loss: 0.4839 | LR: 1.07e-04
2026-04-20 13:50:28,064 INFO Epoch 19 | Batch 200 | Loss: 0.6729 | LR: 1.07e-04
2026-04-20 13:50:34,186 INFO Epoch 19 | Batch 250 | Loss: 0.7926 | LR: 1.06e-04
2026-04-20 13:50:40,485 INFO Epoch 19 | Batch 300 | Loss: 0.8265 | LR: 1.06e-04
2026-04-20 13:50:46,826 INFO Epoch 19 | Batch 350 | Loss: 1.1035 | LR: 1.05e-04
2026-04-20 13:50:52,929 INFO Epoch 19 | Batch 400 | Loss: 0.8488 | LR: 1.04e-04
2026-04-20 13:50:59,320 INFO Epoch 19 | Batch 450 | Loss: 0.9767 | LR: 1.04e-04
2026-04-20 13:51:05,446 INFO Epoch 19 | Batch 500 | Loss: 1.1423 | LR: 1.03e-04
2026-04-20 13:51:11,610 INFO Epoch 19 | Batch 550 | Loss: 0.7955 | LR: 1.02e-04
2026-04-20 13:51:17,867 INFO Epoch 19 | Batch 600 | Loss: 0.7373 | LR: 1.02e-04
2026-04-20 13:51:24,130 INFO Epoch 19 | Batch 650 | Loss: 1.0618 | LR: 1.01e-04
2026-04-20 13:51:30,538 INFO Epoch 19 | Batch 700 | Loss: 0.7295 | LR: 1.01e-04
2026-04-20 13:51:36,697 INFO Epoch 19 | Batch 750 | Loss: 1.0271 | LR: 1.00e-04
2026-04-20 13:51:42,988 INFO Epoch 19 | Batch 800 | Loss: 0.6435 | LR: 9.94e-05
2026-04-20 13:51:49,342 INFO Epoch 19 | Batch 850 | Loss: 0.8838 | LR: 9.88e-05
2026-04-20 13:51:55,525 INFO Epoch 19 | Batch 900 | Loss: 0.7875 | LR: 9.81e-05
2026-04-20 13:52:01,886 INFO Epoch 19 | Batch 950 | Loss: 0.7544 | LR: 9.75e-05
2026-04-20 13:52:08,342 INFO Epoch 19 | Batch 1000 | Loss: 0.7040 | LR: 9.69e-05
2026-04-20 13:52:14,765 INFO Epoch 19 | Batch 1050 | Loss: 0.7191 | LR: 9.63e-05
2026-04-20 13:52:20,978 INFO Epoch 19 | Batch 1100 | Loss: 0.7126 | LR: 9.57e-05
2026-04-20 13:52:27,161 INFO Epoch 19 | Batch 1150 | Loss: 1.0466 | LR: 9.51e-05
2026-04-20 13:52:33,479 INFO Epoch 19 | Batch 1200 | Loss: 0.6209 | LR: 9.45e-05
2026-04-20 13:52:53,371 INFO Epoch 19 | Train: 0.8141 | Dev CER: 0.1369 | Dev WER: 0.4054 | Time: 173s | Peak: 4.6 GB
2026-04-20 13:52:53,371 INFO   New best CER: 0.1369
2026-04-20 13:52:56,502 INFO Epoch 20 | Batch 0 | Loss: 0.5898 | LR: 9.41e-05
2026-04-20 13:53:02,813 INFO Epoch 20 | Batch 50 | Loss: 0.7427 | LR: 9.35e-05
2026-04-20 13:53:09,069 INFO Epoch 20 | Batch 100 | Loss: 0.5013 | LR: 9.29e-05
2026-04-20 13:53:15,248 INFO Epoch 20 | Batch 150 | Loss: 0.8791 | LR: 9.23e-05
2026-04-20 13:53:21,584 INFO Epoch 20 | Batch 200 | Loss: 0.7354 | LR: 9.17e-05
2026-04-20 13:53:27,675 INFO Epoch 20 | Batch 250 | Loss: 0.8652 | LR: 9.11e-05
2026-04-20 13:53:34,000 INFO Epoch 20 | Batch 300 | Loss: 0.5704 | LR: 9.05e-05
2026-04-20 13:53:40,303 INFO Epoch 20 | Batch 350 | Loss: 0.9067 | LR: 8.99e-05
2026-04-20 13:53:46,639 INFO Epoch 20 | Batch 400 | Loss: 0.8308 | LR: 8.93e-05
2026-04-20 13:53:52,887 INFO Epoch 20 | Batch 450 | Loss: 0.7802 | LR: 8.87e-05
2026-04-20 13:53:59,006 INFO Epoch 20 | Batch 500 | Loss: 0.7274 | LR: 8.81e-05
2026-04-20 13:54:05,229 INFO Epoch 20 | Batch 550 | Loss: 0.6374 | LR: 8.75e-05
2026-04-20 13:54:11,523 INFO Epoch 20 | Batch 600 | Loss: 1.2831 | LR: 8.69e-05
2026-04-20 13:54:17,728 INFO Epoch 20 | Batch 650 | Loss: 0.7047 | LR: 8.63e-05
2026-04-20 13:54:23,911 INFO Epoch 20 | Batch 700 | Loss: 1.1478 | LR: 8.57e-05
2026-04-20 13:54:30,077 INFO Epoch 20 | Batch 750 | Loss: 0.6667 | LR: 8.52e-05
2026-04-20 13:54:36,209 INFO Epoch 20 | Batch 800 | Loss: 0.9722 | LR: 8.46e-05
2026-04-20 13:54:42,486 INFO Epoch 20 | Batch 850 | Loss: 0.7606 | LR: 8.40e-05
2026-04-20 13:54:48,797 INFO Epoch 20 | Batch 900 | Loss: 0.6446 | LR: 8.34e-05
2026-04-20 13:54:54,947 INFO Epoch 20 | Batch 950 | Loss: 0.7191 | LR: 8.28e-05
2026-04-20 13:55:01,176 INFO Epoch 20 | Batch 1000 | Loss: 0.9840 | LR: 8.22e-05
2026-04-20 13:55:07,542 INFO Epoch 20 | Batch 1050 | Loss: 0.7743 | LR: 8.17e-05
2026-04-20 13:55:13,590 INFO Epoch 20 | Batch 1100 | Loss: 1.1153 | LR: 8.11e-05
2026-04-20 13:55:19,941 INFO Epoch 20 | Batch 1150 | Loss: 1.0572 | LR: 8.05e-05
2026-04-20 13:55:26,206 INFO Epoch 20 | Batch 1200 | Loss: 0.5109 | LR: 7.99e-05
2026-04-20 13:55:45,253 INFO Epoch 20 | Train: 0.8059 | Dev CER: 0.1359 | Dev WER: 0.4013 | Time: 171s | Peak: 4.6 GB
2026-04-20 13:55:45,253 INFO   New best CER: 0.1359
2026-04-20 13:55:48,316 INFO Epoch 21 | Batch 0 | Loss: 0.7946 | LR: 7.95e-05
2026-04-20 13:55:54,680 INFO Epoch 21 | Batch 50 | Loss: 0.8849 | LR: 7.90e-05
2026-04-20 13:56:00,860 INFO Epoch 21 | Batch 100 | Loss: 0.8564 | LR: 7.84e-05
2026-04-20 13:56:07,145 INFO Epoch 21 | Batch 150 | Loss: 0.7020 | LR: 7.78e-05
2026-04-20 13:56:13,496 INFO Epoch 21 | Batch 200 | Loss: 0.5994 | LR: 7.72e-05
2026-04-20 13:56:19,697 INFO Epoch 21 | Batch 250 | Loss: 0.7292 | LR: 7.67e-05
2026-04-20 13:56:25,888 INFO Epoch 21 | Batch 300 | Loss: 0.7022 | LR: 7.61e-05
2026-04-20 13:56:32,144 INFO Epoch 21 | Batch 350 | Loss: 0.6342 | LR: 7.56e-05
2026-04-20 13:56:38,340 INFO Epoch 21 | Batch 400 | Loss: 0.7229 | LR: 7.50e-05
2026-04-20 13:56:44,492 INFO Epoch 21 | Batch 450 | Loss: 0.6166 | LR: 7.44e-05
2026-04-20 13:56:50,728 INFO Epoch 21 | Batch 500 | Loss: 0.8861 | LR: 7.39e-05
2026-04-20 13:56:56,450 INFO Epoch 21 | Batch 550 | Loss: 0.6728 | LR: 7.33e-05
2026-04-20 13:57:02,557 INFO Epoch 21 | Batch 600 | Loss: 0.6436 | LR: 7.28e-05
2026-04-20 13:57:08,955 INFO Epoch 21 | Batch 650 | Loss: 0.9220 | LR: 7.22e-05
2026-04-20 13:57:15,196 INFO Epoch 21 | Batch 700 | Loss: 1.0378 | LR: 7.16e-05
2026-04-20 13:57:21,401 INFO Epoch 21 | Batch 750 | Loss: 0.6410 | LR: 7.11e-05
2026-04-20 13:57:27,801 INFO Epoch 21 | Batch 800 | Loss: 1.0686 | LR: 7.05e-05
2026-04-20 13:57:34,008 INFO Epoch 21 | Batch 850 | Loss: 0.6255 | LR: 7.00e-05
2026-04-20 13:57:40,259 INFO Epoch 21 | Batch 900 | Loss: 1.0924 | LR: 6.94e-05
2026-04-20 13:57:46,350 INFO Epoch 21 | Batch 950 | Loss: 0.6513 | LR: 6.89e-05
2026-04-20 13:57:52,716 INFO Epoch 21 | Batch 1000 | Loss: 0.5270 | LR: 6.84e-05
2026-04-20 13:57:58,965 INFO Epoch 21 | Batch 1050 | Loss: 0.7473 | LR: 6.78e-05
2026-04-20 13:58:05,269 INFO Epoch 21 | Batch 1100 | Loss: 0.7839 | LR: 6.73e-05
2026-04-20 13:58:11,646 INFO Epoch 21 | Batch 1150 | Loss: 0.7389 | LR: 6.67e-05
2026-04-20 13:58:17,952 INFO Epoch 21 | Batch 1200 | Loss: 1.1988 | LR: 6.62e-05
2026-04-20 13:58:34,911 INFO Epoch 21 | Train: 0.7878 | Dev CER: 0.1336 | Dev WER: 0.3975 | Time: 169s | Peak: 4.6 GB
2026-04-20 13:58:34,912 INFO   New best CER: 0.1336
2026-04-20 13:58:37,803 INFO Epoch 22 | Batch 0 | Loss: 1.0521 | LR: 6.58e-05
2026-04-20 13:58:43,948 INFO Epoch 22 | Batch 50 | Loss: 0.5493 | LR: 6.53e-05
2026-04-20 13:58:50,281 INFO Epoch 22 | Batch 100 | Loss: 0.6048 | LR: 6.47e-05
2026-04-20 13:58:56,497 INFO Epoch 22 | Batch 150 | Loss: 1.1000 | LR: 6.42e-05
2026-04-20 13:59:02,997 INFO Epoch 22 | Batch 200 | Loss: 0.8686 | LR: 6.37e-05
2026-04-20 13:59:09,368 INFO Epoch 22 | Batch 250 | Loss: 0.6242 | LR: 6.31e-05
2026-04-20 13:59:15,559 INFO Epoch 22 | Batch 300 | Loss: 0.8006 | LR: 6.26e-05
2026-04-20 13:59:21,788 INFO Epoch 22 | Batch 350 | Loss: 0.9150 | LR: 6.21e-05
2026-04-20 13:59:27,723 INFO Epoch 22 | Batch 400 | Loss: 0.6884 | LR: 6.16e-05
2026-04-20 13:59:33,797 INFO Epoch 22 | Batch 450 | Loss: 0.5916 | LR: 6.10e-05
2026-04-20 13:59:39,637 INFO Epoch 22 | Batch 500 | Loss: 0.5492 | LR: 6.05e-05
2026-04-20 13:59:45,618 INFO Epoch 22 | Batch 550 | Loss: 0.7356 | LR: 6.00e-05
2026-04-20 13:59:51,636 INFO Epoch 22 | Batch 600 | Loss: 0.8165 | LR: 5.95e-05
2026-04-20 13:59:57,655 INFO Epoch 22 | Batch 650 | Loss: 0.8007 | LR: 5.90e-05
2026-04-20 14:00:03,796 INFO Epoch 22 | Batch 700 | Loss: 0.5773 | LR: 5.85e-05
2026-04-20 14:00:09,678 INFO Epoch 22 | Batch 750 | Loss: 0.8018 | LR: 5.79e-05
2026-04-20 14:00:15,686 INFO Epoch 22 | Batch 800 | Loss: 0.7736 | LR: 5.74e-05
2026-04-20 14:00:21,776 INFO Epoch 22 | Batch 850 | Loss: 0.7922 | LR: 5.69e-05
2026-04-20 14:00:27,889 INFO Epoch 22 | Batch 900 | Loss: 0.8973 | LR: 5.64e-05
2026-04-20 14:00:33,949 INFO Epoch 22 | Batch 950 | Loss: 0.8875 | LR: 5.59e-05
2026-04-20 14:00:40,051 INFO Epoch 22 | Batch 1000 | Loss: 0.5873 | LR: 5.54e-05
2026-04-20 14:00:46,161 INFO Epoch 22 | Batch 1050 | Loss: 0.6827 | LR: 5.49e-05
2026-04-20 14:00:52,338 INFO Epoch 22 | Batch 1100 | Loss: 0.8097 | LR: 5.44e-05
2026-04-20 14:00:58,300 INFO Epoch 22 | Batch 1150 | Loss: 0.7910 | LR: 5.39e-05
2026-04-20 14:01:04,428 INFO Epoch 22 | Batch 1200 | Loss: 0.9867 | LR: 5.34e-05
2026-04-20 14:01:23,435 INFO Epoch 22 | Train: 0.7805 | Dev CER: 0.1309 | Dev WER: 0.3904 | Time: 168s | Peak: 4.6 GB
2026-04-20 14:01:23,435 INFO   New best CER: 0.1309
2026-04-20 14:01:26,496 INFO Epoch 23 | Batch 0 | Loss: 0.8564 | LR: 5.31e-05
2026-04-20 14:01:32,878 INFO Epoch 23 | Batch 50 | Loss: 0.8093 | LR: 5.26e-05
2026-04-20 14:01:39,284 INFO Epoch 23 | Batch 100 | Loss: 0.6336 | LR: 5.21e-05
2026-04-20 14:01:45,561 INFO Epoch 23 | Batch 150 | Loss: 0.8398 | LR: 5.16e-05
2026-04-20 14:01:51,890 INFO Epoch 23 | Batch 200 | Loss: 0.5791 | LR: 5.11e-05
2026-04-20 14:01:58,205 INFO Epoch 23 | Batch 250 | Loss: 0.9121 | LR: 5.06e-05
2026-04-20 14:02:04,318 INFO Epoch 23 | Batch 300 | Loss: 0.6586 | LR: 5.01e-05
2026-04-20 14:02:10,675 INFO Epoch 23 | Batch 350 | Loss: 0.8252 | LR: 4.97e-05
2026-04-20 14:02:16,981 INFO Epoch 23 | Batch 400 | Loss: 0.9413 | LR: 4.92e-05
2026-04-20 14:02:23,131 INFO Epoch 23 | Batch 450 | Loss: 0.6105 | LR: 4.87e-05
2026-04-20 14:02:29,460 INFO Epoch 23 | Batch 500 | Loss: 0.9026 | LR: 4.82e-05
2026-04-20 14:02:35,740 INFO Epoch 23 | Batch 550 | Loss: 0.8458 | LR: 4.77e-05
2026-04-20 14:02:42,031 INFO Epoch 23 | Batch 600 | Loss: 0.6703 | LR: 4.73e-05
2026-04-20 14:02:48,210 INFO Epoch 23 | Batch 650 | Loss: 1.1531 | LR: 4.68e-05
2026-04-20 14:02:54,700 INFO Epoch 23 | Batch 700 | Loss: 0.9744 | LR: 4.63e-05
2026-04-20 14:03:00,916 INFO Epoch 23 | Batch 750 | Loss: 1.1433 | LR: 4.59e-05
2026-04-20 14:03:07,141 INFO Epoch 23 | Batch 800 | Loss: 0.6283 | LR: 4.54e-05
2026-04-20 14:03:13,318 INFO Epoch 23 | Batch 850 | Loss: 0.7476 | LR: 4.49e-05
2026-04-20 14:03:19,307 INFO Epoch 23 | Batch 900 | Loss: 0.5891 | LR: 4.45e-05
2026-04-20 14:03:25,494 INFO Epoch 23 | Batch 950 | Loss: 0.8431 | LR: 4.40e-05
2026-04-20 14:03:31,683 INFO Epoch 23 | Batch 1000 | Loss: 0.8547 | LR: 4.36e-05
2026-04-20 14:03:37,741 INFO Epoch 23 | Batch 1050 | Loss: 0.6549 | LR: 4.31e-05
2026-04-20 14:03:44,031 INFO Epoch 23 | Batch 1100 | Loss: 0.7031 | LR: 4.27e-05
2026-04-20 14:03:50,234 INFO Epoch 23 | Batch 1150 | Loss: 0.6511 | LR: 4.22e-05
2026-04-20 14:03:56,679 INFO Epoch 23 | Batch 1200 | Loss: 0.7154 | LR: 4.18e-05
2026-04-20 14:04:15,737 INFO Epoch 23 | Train: 0.7627 | Dev CER: 0.1305 | Dev WER: 0.3854 | Time: 172s | Peak: 4.6 GB
2026-04-20 14:04:15,737 INFO   New best CER: 0.1305
2026-04-20 14:04:18,672 INFO Epoch 24 | Batch 0 | Loss: 0.6176 | LR: 4.14e-05
2026-04-20 14:04:24,988 INFO Epoch 24 | Batch 50 | Loss: 0.6987 | LR: 4.10e-05
2026-04-20 14:04:31,150 INFO Epoch 24 | Batch 100 | Loss: 0.7385 | LR: 4.06e-05
2026-04-20 14:04:37,260 INFO Epoch 24 | Batch 150 | Loss: 0.7937 | LR: 4.01e-05
2026-04-20 14:04:43,673 INFO Epoch 24 | Batch 200 | Loss: 0.6271 | LR: 3.97e-05
2026-04-20 14:04:49,894 INFO Epoch 24 | Batch 250 | Loss: 0.5964 | LR: 3.92e-05
2026-04-20 14:04:56,104 INFO Epoch 24 | Batch 300 | Loss: 0.6210 | LR: 3.88e-05
2026-04-20 14:05:02,322 INFO Epoch 24 | Batch 350 | Loss: 0.6277 | LR: 3.84e-05
2026-04-20 14:05:08,600 INFO Epoch 24 | Batch 400 | Loss: 0.5511 | LR: 3.80e-05
2026-04-20 14:05:14,810 INFO Epoch 24 | Batch 450 | Loss: 0.7080 | LR: 3.75e-05
2026-04-20 14:05:21,165 INFO Epoch 24 | Batch 500 | Loss: 0.8152 | LR: 3.71e-05
2026-04-20 14:05:27,516 INFO Epoch 24 | Batch 550 | Loss: 0.6216 | LR: 3.67e-05
2026-04-20 14:05:33,812 INFO Epoch 24 | Batch 600 | Loss: 0.9357 | LR: 3.63e-05
2026-04-20 14:05:39,894 INFO Epoch 24 | Batch 650 | Loss: 0.7501 | LR: 3.58e-05
2026-04-20 14:05:46,159 INFO Epoch 24 | Batch 700 | Loss: 0.8393 | LR: 3.54e-05
2026-04-20 14:05:52,484 INFO Epoch 24 | Batch 750 | Loss: 1.0337 | LR: 3.50e-05
2026-04-20 14:05:58,677 INFO Epoch 24 | Batch 800 | Loss: 0.8145 | LR: 3.46e-05
2026-04-20 14:06:04,762 INFO Epoch 24 | Batch 850 | Loss: 0.7112 | LR: 3.42e-05
2026-04-20 14:06:11,100 INFO Epoch 24 | Batch 900 | Loss: 0.7788 | LR: 3.38e-05
2026-04-20 14:06:17,212 INFO Epoch 24 | Batch 950 | Loss: 1.2593 | LR: 3.34e-05
2026-04-20 14:06:23,580 INFO Epoch 24 | Batch 1000 | Loss: 0.9919 | LR: 3.30e-05
2026-04-20 14:06:30,061 INFO Epoch 24 | Batch 1050 | Loss: 0.5823 | LR: 3.26e-05
2026-04-20 14:06:36,306 INFO Epoch 24 | Batch 1100 | Loss: 0.5234 | LR: 3.22e-05
2026-04-20 14:06:42,647 INFO Epoch 24 | Batch 1150 | Loss: 0.8141 | LR: 3.18e-05
2026-04-20 14:06:48,986 INFO Epoch 24 | Batch 1200 | Loss: 0.8033 | LR: 3.14e-05
2026-04-20 14:07:08,700 INFO Epoch 24 | Train: 0.7541 | Dev CER: 0.1282 | Dev WER: 0.3820 | Time: 172s | Peak: 4.6 GB
2026-04-20 14:07:08,701 INFO   New best CER: 0.1282
2026-04-20 14:07:12,101 INFO Epoch 25 | Batch 0 | Loss: 0.5561 | LR: 3.11e-05
2026-04-20 14:07:18,363 INFO Epoch 25 | Batch 50 | Loss: 0.9972 | LR: 3.07e-05
2026-04-20 14:07:24,539 INFO Epoch 25 | Batch 100 | Loss: 0.6384 | LR: 3.03e-05
2026-04-20 14:07:30,606 INFO Epoch 25 | Batch 150 | Loss: 0.7023 | LR: 2.99e-05
2026-04-20 14:07:36,855 INFO Epoch 25 | Batch 200 | Loss: 0.7229 | LR: 2.95e-05
2026-04-20 14:07:43,129 INFO Epoch 25 | Batch 250 | Loss: 1.1760 | LR: 2.92e-05
2026-04-20 14:07:49,461 INFO Epoch 25 | Batch 300 | Loss: 0.6651 | LR: 2.88e-05
2026-04-20 14:07:55,836 INFO Epoch 25 | Batch 350 | Loss: 0.7760 | LR: 2.84e-05
2026-04-20 14:08:02,080 INFO Epoch 25 | Batch 400 | Loss: 0.6504 | LR: 2.80e-05
2026-04-20 14:08:08,374 INFO Epoch 25 | Batch 450 | Loss: 0.7231 | LR: 2.77e-05
2026-04-20 14:08:14,642 INFO Epoch 25 | Batch 500 | Loss: 0.8636 | LR: 2.73e-05
2026-04-20 14:08:21,037 INFO Epoch 25 | Batch 550 | Loss: 0.8714 | LR: 2.69e-05
2026-04-20 14:08:27,221 INFO Epoch 25 | Batch 600 | Loss: 0.8637 | LR: 2.66e-05
2026-04-20 14:08:33,304 INFO Epoch 25 | Batch 650 | Loss: 0.6626 | LR: 2.62e-05
2026-04-20 14:08:39,671 INFO Epoch 25 | Batch 700 | Loss: 0.7644 | LR: 2.58e-05
2026-04-20 14:08:45,774 INFO Epoch 25 | Batch 750 | Loss: 0.7145 | LR: 2.55e-05
2026-04-20 14:08:52,083 INFO Epoch 25 | Batch 800 | Loss: 0.7116 | LR: 2.51e-05
2026-04-20 14:08:57,181 INFO Epoch 25 | Batch 850 | Loss: 0.7359 | LR: 2.48e-05
2026-04-20 14:09:02,805 INFO Epoch 25 | Batch 900 | Loss: 0.9508 | LR: 2.44e-05
2026-04-20 14:09:09,038 INFO Epoch 25 | Batch 950 | Loss: 0.9590 | LR: 2.41e-05
2026-04-20 14:09:14,776 INFO Epoch 25 | Batch 1000 | Loss: 0.6339 | LR: 2.37e-05
2026-04-20 14:09:20,152 INFO Epoch 25 | Batch 1050 | Loss: 0.6249 | LR: 2.34e-05
2026-04-20 14:09:26,473 INFO Epoch 25 | Batch 1100 | Loss: 0.9443 | LR: 2.30e-05
2026-04-20 14:09:32,771 INFO Epoch 25 | Batch 1150 | Loss: 0.4127 | LR: 2.27e-05
2026-04-20 14:09:39,112 INFO Epoch 25 | Batch 1200 | Loss: 0.7367 | LR: 2.24e-05
2026-04-20 14:09:58,423 INFO Epoch 25 | Train: 0.7467 | Dev CER: 0.1279 | Dev WER: 0.3791 | Time: 169s | Peak: 4.6 GB
2026-04-20 14:09:58,423 INFO   New best CER: 0.1279
2026-04-20 14:10:01,680 INFO Epoch 26 | Batch 0 | Loss: 0.5909 | LR: 2.21e-05
2026-04-20 14:10:08,051 INFO Epoch 26 | Batch 50 | Loss: 0.8622 | LR: 2.18e-05
2026-04-20 14:10:14,439 INFO Epoch 26 | Batch 100 | Loss: 0.6761 | LR: 2.15e-05
2026-04-20 14:10:20,676 INFO Epoch 26 | Batch 150 | Loss: 0.6735 | LR: 2.11e-05
2026-04-20 14:10:27,081 INFO Epoch 26 | Batch 200 | Loss: 0.5458 | LR: 2.08e-05
2026-04-20 14:10:33,480 INFO Epoch 26 | Batch 250 | Loss: 0.6767 | LR: 2.05e-05
2026-04-20 14:10:39,914 INFO Epoch 26 | Batch 300 | Loss: 0.6498 | LR: 2.02e-05
2026-04-20 14:10:45,699 INFO Epoch 26 | Batch 350 | Loss: 0.7951 | LR: 1.98e-05
2026-04-20 14:10:50,781 INFO Epoch 26 | Batch 400 | Loss: 0.8123 | LR: 1.95e-05
2026-04-20 14:10:56,022 INFO Epoch 26 | Batch 450 | Loss: 1.0234 | LR: 1.92e-05
2026-04-20 14:11:02,010 INFO Epoch 26 | Batch 500 | Loss: 0.4337 | LR: 1.89e-05
2026-04-20 14:11:08,128 INFO Epoch 26 | Batch 550 | Loss: 0.7667 | LR: 1.86e-05
2026-04-20 14:11:14,200 INFO Epoch 26 | Batch 600 | Loss: 0.6024 | LR: 1.83e-05
2026-04-20 14:11:20,473 INFO Epoch 26 | Batch 650 | Loss: 0.8202 | LR: 1.80e-05
2026-04-20 14:11:26,647 INFO Epoch 26 | Batch 700 | Loss: 0.8598 | LR: 1.77e-05
2026-04-20 14:11:32,996 INFO Epoch 26 | Batch 750 | Loss: 0.8138 | LR: 1.74e-05
2026-04-20 14:11:39,204 INFO Epoch 26 | Batch 800 | Loss: 0.6801 | LR: 1.71e-05
2026-04-20 14:11:45,504 INFO Epoch 26 | Batch 850 | Loss: 0.6880 | LR: 1.68e-05
2026-04-20 14:11:51,746 INFO Epoch 26 | Batch 900 | Loss: 0.5295 | LR: 1.65e-05
2026-04-20 14:11:57,925 INFO Epoch 26 | Batch 950 | Loss: 0.7983 | LR: 1.62e-05
2026-04-20 14:12:04,133 INFO Epoch 26 | Batch 1000 | Loss: 0.4878 | LR: 1.59e-05
2026-04-20 14:12:10,493 INFO Epoch 26 | Batch 1050 | Loss: 0.5959 | LR: 1.57e-05
2026-04-20 14:12:16,489 INFO Epoch 26 | Batch 1100 | Loss: 0.7587 | LR: 1.54e-05
2026-04-20 14:12:22,555 INFO Epoch 26 | Batch 1150 | Loss: 0.6177 | LR: 1.51e-05
2026-04-20 14:12:28,850 INFO Epoch 26 | Batch 1200 | Loss: 0.5567 | LR: 1.48e-05
2026-04-20 14:12:48,248 INFO Epoch 26 | Train: 0.7481 | Dev CER: 0.1272 | Dev WER: 0.3775 | Time: 169s | Peak: 4.6 GB
2026-04-20 14:12:48,249 INFO   New best CER: 0.1272
2026-04-20 14:12:51,435 INFO Epoch 27 | Batch 0 | Loss: 0.6232 | LR: 1.46e-05
2026-04-20 14:12:57,849 INFO Epoch 27 | Batch 50 | Loss: 0.7577 | LR: 1.44e-05
2026-04-20 14:13:03,930 INFO Epoch 27 | Batch 100 | Loss: 0.5157 | LR: 1.41e-05
2026-04-20 14:13:09,974 INFO Epoch 27 | Batch 150 | Loss: 0.9764 | LR: 1.38e-05
2026-04-20 14:13:15,778 INFO Epoch 27 | Batch 200 | Loss: 0.6690 | LR: 1.36e-05
2026-04-20 14:13:21,831 INFO Epoch 27 | Batch 250 | Loss: 0.6827 | LR: 1.33e-05
2026-04-20 14:13:27,627 INFO Epoch 27 | Batch 300 | Loss: 0.6573 | LR: 1.31e-05
2026-04-20 14:13:33,827 INFO Epoch 27 | Batch 350 | Loss: 0.9812 | LR: 1.28e-05
2026-04-20 14:13:40,023 INFO Epoch 27 | Batch 400 | Loss: 0.6518 | LR: 1.25e-05
2026-04-20 14:13:46,057 INFO Epoch 27 | Batch 450 | Loss: 0.9032 | LR: 1.23e-05
2026-04-20 14:13:52,026 INFO Epoch 27 | Batch 500 | Loss: 0.6210 | LR: 1.20e-05
2026-04-20 14:13:58,104 INFO Epoch 27 | Batch 550 | Loss: 0.8938 | LR: 1.18e-05
2026-04-20 14:14:04,310 INFO Epoch 27 | Batch 600 | Loss: 0.7525 | LR: 1.16e-05
2026-04-20 14:14:10,509 INFO Epoch 27 | Batch 650 | Loss: 0.6470 | LR: 1.13e-05
2026-04-20 14:14:16,674 INFO Epoch 27 | Batch 700 | Loss: 0.7729 | LR: 1.11e-05
2026-04-20 14:14:22,735 INFO Epoch 27 | Batch 750 | Loss: 0.7698 | LR: 1.09e-05
2026-04-20 14:14:28,798 INFO Epoch 27 | Batch 800 | Loss: 0.6669 | LR: 1.06e-05
2026-04-20 14:14:34,794 INFO Epoch 27 | Batch 850 | Loss: 0.8036 | LR: 1.04e-05
2026-04-20 14:14:40,823 INFO Epoch 27 | Batch 900 | Loss: 0.7179 | LR: 1.02e-05
2026-04-20 14:14:46,981 INFO Epoch 27 | Batch 950 | Loss: 0.9555 | LR: 9.95e-06
2026-04-20 14:14:52,949 INFO Epoch 27 | Batch 1000 | Loss: 0.6337 | LR: 9.72e-06
2026-04-20 14:14:59,017 INFO Epoch 27 | Batch 1050 | Loss: 0.5776 | LR: 9.51e-06
2026-04-20 14:15:05,069 INFO Epoch 27 | Batch 1100 | Loss: 0.4287 | LR: 9.29e-06
2026-04-20 14:15:11,195 INFO Epoch 27 | Batch 1150 | Loss: 0.6478 | LR: 9.08e-06
2026-04-20 14:15:17,370 INFO Epoch 27 | Batch 1200 | Loss: 0.7373 | LR: 8.87e-06
2026-04-20 14:15:35,320 INFO Epoch 27 | Train: 0.7428 | Dev CER: 0.1273 | Dev WER: 0.3776 | Time: 167s | Peak: 4.6 GB
2026-04-20 14:15:38,561 INFO Epoch 28 | Batch 0 | Loss: 0.6479 | LR: 8.72e-06
2026-04-20 14:15:44,623 INFO Epoch 28 | Batch 50 | Loss: 0.6335 | LR: 8.52e-06
2026-04-20 14:15:50,669 INFO Epoch 28 | Batch 100 | Loss: 0.7300 | LR: 8.31e-06
2026-04-20 14:15:56,773 INFO Epoch 28 | Batch 150 | Loss: 0.6079 | LR: 8.11e-06
2026-04-20 14:16:03,093 INFO Epoch 28 | Batch 200 | Loss: 0.6858 | LR: 7.92e-06
2026-04-20 14:16:09,178 INFO Epoch 28 | Batch 250 | Loss: 0.7977 | LR: 7.72e-06
2026-04-20 14:16:15,216 INFO Epoch 28 | Batch 300 | Loss: 0.7796 | LR: 7.53e-06
2026-04-20 14:16:21,276 INFO Epoch 28 | Batch 350 | Loss: 0.6287 | LR: 7.34e-06
2026-04-20 14:16:27,501 INFO Epoch 28 | Batch 400 | Loss: 0.5817 | LR: 7.16e-06
2026-04-20 14:16:33,535 INFO Epoch 28 | Batch 450 | Loss: 0.9862 | LR: 6.97e-06
2026-04-20 14:16:39,479 INFO Epoch 28 | Batch 500 | Loss: 0.6885 | LR: 6.79e-06
2026-04-20 14:16:45,676 INFO Epoch 28 | Batch 550 | Loss: 0.7857 | LR: 6.61e-06
2026-04-20 14:16:51,731 INFO Epoch 28 | Batch 600 | Loss: 0.9044 | LR: 6.44e-06
2026-04-20 14:16:57,928 INFO Epoch 28 | Batch 650 | Loss: 0.7583 | LR: 6.27e-06
2026-04-20 14:17:04,026 INFO Epoch 28 | Batch 700 | Loss: 0.7494 | LR: 6.10e-06
2026-04-20 14:17:10,212 INFO Epoch 28 | Batch 750 | Loss: 0.7248 | LR: 5.93e-06
2026-04-20 14:17:16,357 INFO Epoch 28 | Batch 800 | Loss: 0.8674 | LR: 5.76e-06
2026-04-20 14:17:22,398 INFO Epoch 28 | Batch 850 | Loss: 0.7505 | LR: 5.60e-06
2026-04-20 14:17:28,466 INFO Epoch 28 | Batch 900 | Loss: 0.6137 | LR: 5.44e-06
2026-04-20 14:17:34,437 INFO Epoch 28 | Batch 950 | Loss: 0.8766 | LR: 5.29e-06
2026-04-20 14:17:40,332 INFO Epoch 28 | Batch 1000 | Loss: 0.6054 | LR: 5.13e-06
2026-04-20 14:17:46,429 INFO Epoch 28 | Batch 1050 | Loss: 0.8200 | LR: 4.98e-06
2026-04-20 14:17:52,436 INFO Epoch 28 | Batch 1100 | Loss: 0.6782 | LR: 4.84e-06
2026-04-20 14:17:58,211 INFO Epoch 28 | Batch 1150 | Loss: 0.5357 | LR: 4.69e-06
2026-04-20 14:18:04,352 INFO Epoch 28 | Batch 1200 | Loss: 0.6918 | LR: 4.55e-06
2026-04-20 14:18:21,682 INFO Epoch 28 | Train: 0.7423 | Dev CER: 0.1267 | Dev WER: 0.3757 | Time: 166s | Peak: 4.6 GB
2026-04-20 14:18:21,682 INFO   New best CER: 0.1267
2026-04-20 14:18:24,788 INFO Epoch 29 | Batch 0 | Loss: 0.6653 | LR: 4.45e-06
2026-04-20 14:18:30,756 INFO Epoch 29 | Batch 50 | Loss: 0.9242 | LR: 4.31e-06
2026-04-20 14:18:36,633 INFO Epoch 29 | Batch 100 | Loss: 0.8571 | LR: 4.17e-06
2026-04-20 14:18:42,570 INFO Epoch 29 | Batch 150 | Loss: 0.5971 | LR: 4.04e-06
2026-04-20 14:18:48,582 INFO Epoch 29 | Batch 200 | Loss: 0.6388 | LR: 3.91e-06
2026-04-20 14:18:54,603 INFO Epoch 29 | Batch 250 | Loss: 0.7156 | LR: 3.79e-06
2026-04-20 14:19:00,475 INFO Epoch 29 | Batch 300 | Loss: 0.6667 | LR: 3.66e-06
2026-04-20 14:19:06,392 INFO Epoch 29 | Batch 350 | Loss: 0.7934 | LR: 3.54e-06
2026-04-20 14:19:12,290 INFO Epoch 29 | Batch 400 | Loss: 0.6253 | LR: 3.42e-06
2026-04-20 14:19:17,977 INFO Epoch 29 | Batch 450 | Loss: 0.6813 | LR: 3.31e-06
2026-04-20 14:19:24,017 INFO Epoch 29 | Batch 500 | Loss: 0.9930 | LR: 3.20e-06
2026-04-20 14:19:30,039 INFO Epoch 29 | Batch 550 | Loss: 0.5683 | LR: 3.09e-06
2026-04-20 14:19:35,860 INFO Epoch 29 | Batch 600 | Loss: 0.9331 | LR: 2.98e-06
2026-04-20 14:19:41,898 INFO Epoch 29 | Batch 650 | Loss: 0.8046 | LR: 2.88e-06
2026-04-20 14:19:47,939 INFO Epoch 29 | Batch 700 | Loss: 0.7468 | LR: 2.77e-06
2026-04-20 14:19:53,990 INFO Epoch 29 | Batch 750 | Loss: 0.4254 | LR: 2.68e-06
2026-04-20 14:19:59,928 INFO Epoch 29 | Batch 800 | Loss: 0.6819 | LR: 2.58e-06
2026-04-20 14:20:05,985 INFO Epoch 29 | Batch 850 | Loss: 0.5442 | LR: 2.49e-06
2026-04-20 14:20:12,114 INFO Epoch 29 | Batch 900 | Loss: 0.7422 | LR: 2.40e-06
2026-04-20 14:20:18,206 INFO Epoch 29 | Batch 950 | Loss: 0.6881 | LR: 2.31e-06
2026-04-20 14:20:24,354 INFO Epoch 29 | Batch 1000 | Loss: 0.8220 | LR: 2.22e-06
2026-04-20 14:20:30,430 INFO Epoch 29 | Batch 1050 | Loss: 0.7129 | LR: 2.14e-06
2026-04-20 14:20:36,446 INFO Epoch 29 | Batch 1100 | Loss: 0.7280 | LR: 2.06e-06
2026-04-20 14:20:42,608 INFO Epoch 29 | Batch 1150 | Loss: 0.7350 | LR: 1.99e-06
2026-04-20 14:20:48,737 INFO Epoch 29 | Batch 1200 | Loss: 0.5633 | LR: 1.91e-06
2026-04-20 14:21:04,653 INFO Epoch 29 | Train: 0.7359 | Dev CER: 0.1260 | Dev WER: 0.3759 | Time: 162s | Peak: 4.6 GB
2026-04-20 14:21:04,653 INFO   New best CER: 0.1260
2026-04-20 14:21:07,626 INFO Epoch 30 | Batch 0 | Loss: 0.8181 | LR: 1.86e-06
2026-04-20 14:21:13,317 INFO Epoch 30 | Batch 50 | Loss: 0.7226 | LR: 1.80e-06
2026-04-20 14:21:18,802 INFO Epoch 30 | Batch 100 | Loss: 0.6349 | LR: 1.73e-06
2026-04-20 14:21:24,611 INFO Epoch 30 | Batch 150 | Loss: 0.7034 | LR: 1.67e-06
2026-04-20 14:21:30,446 INFO Epoch 30 | Batch 200 | Loss: 0.5504 | LR: 1.61e-06
2026-04-20 14:21:36,342 INFO Epoch 30 | Batch 250 | Loss: 0.7277 | LR: 1.55e-06
2026-04-20 14:21:42,403 INFO Epoch 30 | Batch 300 | Loss: 0.5039 | LR: 1.50e-06
2026-04-20 14:21:48,369 INFO Epoch 30 | Batch 350 | Loss: 0.6890 | LR: 1.44e-06
2026-04-20 14:21:54,423 INFO Epoch 30 | Batch 400 | Loss: 0.6636 | LR: 1.39e-06
2026-04-20 14:22:00,472 INFO Epoch 30 | Batch 450 | Loss: 0.8725 | LR: 1.35e-06
2026-04-20 14:22:06,389 INFO Epoch 30 | Batch 500 | Loss: 0.5874 | LR: 1.31e-06
2026-04-20 14:22:12,353 INFO Epoch 30 | Batch 550 | Loss: 0.8159 | LR: 1.27e-06
2026-04-20 14:22:18,184 INFO Epoch 30 | Batch 600 | Loss: 0.7499 | LR: 1.23e-06
2026-04-20 14:22:24,002 INFO Epoch 30 | Batch 650 | Loss: 0.8575 | LR: 1.19e-06
2026-04-20 14:22:29,980 INFO Epoch 30 | Batch 700 | Loss: 0.7965 | LR: 1.16e-06
2026-04-20 14:22:35,740 INFO Epoch 30 | Batch 750 | Loss: 0.5136 | LR: 1.13e-06
2026-04-20 14:22:41,932 INFO Epoch 30 | Batch 800 | Loss: 0.5825 | LR: 1.11e-06
2026-04-20 14:22:47,662 INFO Epoch 30 | Batch 850 | Loss: 0.6616 | LR: 1.08e-06
2026-04-20 14:22:53,532 INFO Epoch 30 | Batch 900 | Loss: 0.5986 | LR: 1.06e-06
2026-04-20 14:22:59,381 INFO Epoch 30 | Batch 950 | Loss: 0.7301 | LR: 1.05e-06
2026-04-20 14:23:05,338 INFO Epoch 30 | Batch 1000 | Loss: 0.7409 | LR: 1.03e-06
2026-04-20 14:23:11,159 INFO Epoch 30 | Batch 1050 | Loss: 0.5093 | LR: 1.02e-06
2026-04-20 14:23:16,909 INFO Epoch 30 | Batch 1100 | Loss: 0.7576 | LR: 1.01e-06
2026-04-20 14:23:22,658 INFO Epoch 30 | Batch 1150 | Loss: 0.6592 | LR: 1.00e-06
2026-04-20 14:23:28,597 INFO Epoch 30 | Batch 1200 | Loss: 0.6498 | LR: 1.00e-06
2026-04-20 14:23:46,486 INFO Epoch 30 | Train: 0.7374 | Dev CER: 0.1261 | Dev WER: 0.3763 | Time: 161s | Peak: 4.6 GB
2026-04-20 14:24:44,336 INFO Done. Best dev CER: 0.1260 | Test CER: 0.1256
