2026-04-20 07:26:31,977 INFO Loading LibriSpeech split=train.100 from HuggingFace...
2026-04-20 07:26:32,145 INFO HTTP Request: HEAD https://huggingface.co/datasets/openslr/librispeech_asr/resolve/main/README.md "HTTP/1.1 307 Temporary Redirect"
2026-04-20 07:26:32,164 INFO HTTP Request: HEAD https://huggingface.co/api/resolve-cache/datasets/openslr/librispeech_asr/71cacbfb7e2354c4226d01e70d77d5fca3d04ba1/README.md "HTTP/1.1 200 OK"
2026-04-20 07:26:32,300 INFO HTTP Request: HEAD https://huggingface.co/datasets/openslr/librispeech_asr/resolve/71cacbfb7e2354c4226d01e70d77d5fca3d04ba1/librispeech_asr.py "HTTP/1.1 404 Not Found"
2026-04-20 07:26:32,706 INFO HTTP Request: HEAD https://s3.amazonaws.com/datasets.huggingface.co/datasets/datasets/openslr/librispeech_asr/openslr/librispeech_asr.py "HTTP/1.1 404 Not Found"
2026-04-20 07:26:33,047 INFO HTTP Request: GET https://huggingface.co/api/datasets/openslr/librispeech_asr/revision/71cacbfb7e2354c4226d01e70d77d5fca3d04ba1 "HTTP/1.1 200 OK"
2026-04-20 07:26:33,181 INFO HTTP Request: HEAD https://huggingface.co/datasets/openslr/librispeech_asr/resolve/71cacbfb7e2354c4226d01e70d77d5fca3d04ba1/.huggingface.yaml "HTTP/1.1 404 Not Found"
2026-04-20 07:26:33,422 INFO HTTP Request: GET https://datasets-server.huggingface.co/info?dataset=openslr/librispeech_asr "HTTP/1.1 200 OK"
2026-04-20 07:26:33,565 INFO HTTP Request: GET https://huggingface.co/api/datasets/openslr/librispeech_asr/tree/71cacbfb7e2354c4226d01e70d77d5fca3d04ba1/clean%2Ftest?recursive=true&expand=false "HTTP/1.1 200 OK"
2026-04-20 07:26:33,693 INFO HTTP Request: GET https://huggingface.co/api/datasets/openslr/librispeech_asr/tree/71cacbfb7e2354c4226d01e70d77d5fca3d04ba1/clean?recursive=false&expand=false "HTTP/1.1 200 OK"
2026-04-20 07:26:33,836 INFO HTTP Request: GET https://huggingface.co/api/datasets/openslr/librispeech_asr/tree/71cacbfb7e2354c4226d01e70d77d5fca3d04ba1/clean%2Ftrain.100?recursive=true&expand=false "HTTP/1.1 200 OK"
2026-04-20 07:26:33,979 INFO HTTP Request: GET https://huggingface.co/api/datasets/openslr/librispeech_asr/tree/71cacbfb7e2354c4226d01e70d77d5fca3d04ba1/clean%2Ftrain.360?recursive=true&expand=false "HTTP/1.1 200 OK"
2026-04-20 07:26:34,135 INFO HTTP Request: GET https://huggingface.co/api/datasets/openslr/librispeech_asr/tree/71cacbfb7e2354c4226d01e70d77d5fca3d04ba1/clean%2Fvalidation?recursive=true&expand=false "HTTP/1.1 200 OK"
2026-04-20 07:26:34,266 INFO HTTP Request: HEAD https://huggingface.co/datasets/openslr/librispeech_asr/resolve/71cacbfb7e2354c4226d01e70d77d5fca3d04ba1/dataset_infos.json "HTTP/1.1 404 Not Found"
2026-04-20 07:27:51,026 INFO Loaded 28538 utterances from train.100 (skipped 1 outside [0.5s, 20.0s])
2026-04-20 07:27:51,098 INFO Loading LibriSpeech split=validation from HuggingFace...
2026-04-20 07:27:51,309 INFO HTTP Request: HEAD https://huggingface.co/datasets/openslr/librispeech_asr/resolve/main/README.md "HTTP/1.1 307 Temporary Redirect"
Warning: You are sending unauthenticated requests to the HF Hub. Please set a HF_TOKEN to enable higher rate limits and faster downloads.
2026-04-20 07:27:51,310 WARNING Warning: You are sending unauthenticated requests to the HF Hub. Please set a HF_TOKEN to enable higher rate limits and faster downloads.
2026-04-20 07:27:51,342 INFO HTTP Request: HEAD https://huggingface.co/api/resolve-cache/datasets/openslr/librispeech_asr/71cacbfb7e2354c4226d01e70d77d5fca3d04ba1/README.md "HTTP/1.1 200 OK"
2026-04-20 07:27:51,485 INFO HTTP Request: HEAD https://huggingface.co/datasets/openslr/librispeech_asr/resolve/71cacbfb7e2354c4226d01e70d77d5fca3d04ba1/librispeech_asr.py "HTTP/1.1 404 Not Found"
2026-04-20 07:27:51,901 INFO HTTP Request: HEAD https://s3.amazonaws.com/datasets.huggingface.co/datasets/datasets/openslr/librispeech_asr/openslr/librispeech_asr.py "HTTP/1.1 404 Not Found"
2026-04-20 07:27:52,060 INFO HTTP Request: HEAD https://huggingface.co/datasets/openslr/librispeech_asr/resolve/71cacbfb7e2354c4226d01e70d77d5fca3d04ba1/.huggingface.yaml "HTTP/1.1 404 Not Found"
2026-04-20 07:27:52,267 INFO HTTP Request: GET https://datasets-server.huggingface.co/info?dataset=openslr/librispeech_asr "HTTP/1.1 200 OK"
2026-04-20 07:27:52,442 INFO HTTP Request: HEAD https://huggingface.co/datasets/openslr/librispeech_asr/resolve/71cacbfb7e2354c4226d01e70d77d5fca3d04ba1/dataset_infos.json "HTTP/1.1 404 Not Found"
2026-04-20 07:27:56,666 INFO Loaded 2642 utterances from validation (skipped 61 outside [0.5s, 20.0s])
2026-04-20 07:27:56,671 INFO Loading LibriSpeech split=test from HuggingFace...
2026-04-20 07:27:56,818 INFO HTTP Request: HEAD https://huggingface.co/datasets/openslr/librispeech_asr/resolve/main/README.md "HTTP/1.1 307 Temporary Redirect"
2026-04-20 07:27:56,851 INFO HTTP Request: HEAD https://huggingface.co/api/resolve-cache/datasets/openslr/librispeech_asr/71cacbfb7e2354c4226d01e70d77d5fca3d04ba1/README.md "HTTP/1.1 200 OK"
2026-04-20 07:27:56,994 INFO HTTP Request: HEAD https://huggingface.co/datasets/openslr/librispeech_asr/resolve/71cacbfb7e2354c4226d01e70d77d5fca3d04ba1/librispeech_asr.py "HTTP/1.1 404 Not Found"
2026-04-20 07:27:57,414 INFO HTTP Request: HEAD https://s3.amazonaws.com/datasets.huggingface.co/datasets/datasets/openslr/librispeech_asr/openslr/librispeech_asr.py "HTTP/1.1 404 Not Found"
2026-04-20 07:27:57,575 INFO HTTP Request: HEAD https://huggingface.co/datasets/openslr/librispeech_asr/resolve/71cacbfb7e2354c4226d01e70d77d5fca3d04ba1/.huggingface.yaml "HTTP/1.1 404 Not Found"
2026-04-20 07:27:57,786 INFO HTTP Request: GET https://datasets-server.huggingface.co/info?dataset=openslr/librispeech_asr "HTTP/1.1 200 OK"
2026-04-20 07:27:57,961 INFO HTTP Request: HEAD https://huggingface.co/datasets/openslr/librispeech_asr/resolve/71cacbfb7e2354c4226d01e70d77d5fca3d04ba1/dataset_infos.json "HTTP/1.1 404 Not Found"
2026-04-20 07:28:02,181 INFO Loaded 2528 utterances from test (skipped 92 outside [0.5s, 20.0s])
2026-04-20 07:28:02,341 INFO Backbone: rwkv6_p2rse_strong_viscosity | Params: 7.97M
2026-04-20 07:28:02,341 INFO   Frontend: 1.90M | Encoder: 6.06M | Head: 8.0K
2026-04-20 07:28:05,686 INFO Epoch 1 | Batch 0 | Loss: 4.0643 | LR: 3.00e-07
2026-04-20 07:28:20,461 INFO Epoch 1 | Batch 50 | Loss: 2.9231 | LR: 1.53e-05
2026-04-20 07:28:34,692 INFO Epoch 1 | Batch 100 | Loss: 2.9169 | LR: 3.03e-05
2026-04-20 07:28:49,371 INFO Epoch 1 | Batch 150 | Loss: 2.8740 | LR: 4.53e-05
2026-04-20 07:29:03,801 INFO Epoch 1 | Batch 200 | Loss: 2.8355 | LR: 6.03e-05
2026-04-20 07:29:18,301 INFO Epoch 1 | Batch 250 | Loss: 2.8490 | LR: 7.53e-05
2026-04-20 07:29:33,010 INFO Epoch 1 | Batch 300 | Loss: 2.8481 | LR: 9.03e-05
2026-04-20 07:29:47,747 INFO Epoch 1 | Batch 350 | Loss: 2.8495 | LR: 1.05e-04
2026-04-20 07:30:02,257 INFO Epoch 1 | Batch 400 | Loss: 2.8619 | LR: 1.20e-04
2026-04-20 07:30:16,680 INFO Epoch 1 | Batch 450 | Loss: 2.7257 | LR: 1.35e-04
2026-04-20 07:30:31,088 INFO Epoch 1 | Batch 500 | Loss: 2.6910 | LR: 1.50e-04
2026-04-20 07:30:45,833 INFO Epoch 1 | Batch 550 | Loss: 2.6193 | LR: 1.65e-04
2026-04-20 07:31:00,558 INFO Epoch 1 | Batch 600 | Loss: 2.6443 | LR: 1.80e-04
2026-04-20 07:31:15,018 INFO Epoch 1 | Batch 650 | Loss: 2.4458 | LR: 1.95e-04
2026-04-20 07:31:29,479 INFO Epoch 1 | Batch 700 | Loss: 2.4503 | LR: 2.10e-04
2026-04-20 07:31:44,186 INFO Epoch 1 | Batch 750 | Loss: 2.4158 | LR: 2.25e-04
2026-04-20 07:31:59,014 INFO Epoch 1 | Batch 800 | Loss: 2.5553 | LR: 2.40e-04
2026-04-20 07:32:13,564 INFO Epoch 1 | Batch 850 | Loss: 2.3023 | LR: 2.55e-04
2026-04-20 07:32:28,098 INFO Epoch 1 | Batch 900 | Loss: 2.3324 | LR: 2.70e-04
2026-04-20 07:32:42,771 INFO Epoch 1 | Batch 950 | Loss: 2.2287 | LR: 2.85e-04
2026-04-20 07:32:57,486 INFO Epoch 1 | Batch 1000 | Loss: 2.0315 | LR: 3.00e-04
2026-04-20 07:33:11,935 INFO Epoch 1 | Batch 1050 | Loss: 2.1214 | LR: 3.00e-04
2026-04-20 07:33:26,679 INFO Epoch 1 | Batch 1100 | Loss: 2.1498 | LR: 3.00e-04
2026-04-20 07:33:41,049 INFO Epoch 1 | Batch 1150 | Loss: 2.2779 | LR: 3.00e-04
2026-04-20 07:33:55,477 INFO Epoch 1 | Batch 1200 | Loss: 2.1502 | LR: 3.00e-04
2026-04-20 07:34:23,232 INFO Epoch 1 | Train: 2.5509 | Dev CER: 0.5080 | Dev WER: 0.9663 | Time: 380s | Peak: 38.3 GB
2026-04-20 07:34:23,232 INFO   New best CER: 0.5080
2026-04-20 07:34:26,436 INFO Epoch 2 | Batch 0 | Loss: 1.9457 | LR: 3.00e-04
2026-04-20 07:34:40,933 INFO Epoch 2 | Batch 50 | Loss: 2.2073 | LR: 3.00e-04
2026-04-20 07:34:55,225 INFO Epoch 2 | Batch 100 | Loss: 2.1553 | LR: 3.00e-04
2026-04-20 07:35:09,677 INFO Epoch 2 | Batch 150 | Loss: 2.0480 | LR: 3.00e-04
2026-04-20 07:35:24,298 INFO Epoch 2 | Batch 200 | Loss: 1.9088 | LR: 3.00e-04
2026-04-20 07:35:38,871 INFO Epoch 2 | Batch 250 | Loss: 1.6892 | LR: 3.00e-04
2026-04-20 07:35:53,154 INFO Epoch 2 | Batch 300 | Loss: 1.8594 | LR: 3.00e-04
2026-04-20 07:36:07,750 INFO Epoch 2 | Batch 350 | Loss: 1.8570 | LR: 3.00e-04
2026-04-20 07:36:22,247 INFO Epoch 2 | Batch 400 | Loss: 1.6464 | LR: 3.00e-04
2026-04-20 07:36:36,776 INFO Epoch 2 | Batch 450 | Loss: 1.7348 | LR: 3.00e-04
2026-04-20 07:36:51,392 INFO Epoch 2 | Batch 500 | Loss: 1.7089 | LR: 3.00e-04
2026-04-20 07:37:05,896 INFO Epoch 2 | Batch 550 | Loss: 1.9405 | LR: 3.00e-04
2026-04-20 07:37:20,396 INFO Epoch 2 | Batch 600 | Loss: 1.7477 | LR: 3.00e-04
2026-04-20 07:37:34,990 INFO Epoch 2 | Batch 650 | Loss: 1.9062 | LR: 3.00e-04
2026-04-20 07:37:49,608 INFO Epoch 2 | Batch 700 | Loss: 2.2193 | LR: 3.00e-04
2026-04-20 07:38:04,256 INFO Epoch 2 | Batch 750 | Loss: 1.7318 | LR: 2.99e-04
2026-04-20 07:38:18,830 INFO Epoch 2 | Batch 800 | Loss: 1.4946 | LR: 2.99e-04
2026-04-20 07:38:33,387 INFO Epoch 2 | Batch 850 | Loss: 1.7970 | LR: 2.99e-04
2026-04-20 07:38:47,992 INFO Epoch 2 | Batch 900 | Loss: 1.6823 | LR: 2.99e-04
2026-04-20 07:39:02,288 INFO Epoch 2 | Batch 950 | Loss: 1.5345 | LR: 2.99e-04
2026-04-20 07:39:16,734 INFO Epoch 2 | Batch 1000 | Loss: 2.3005 | LR: 2.99e-04
2026-04-20 07:39:31,332 INFO Epoch 2 | Batch 1050 | Loss: 1.7271 | LR: 2.99e-04
2026-04-20 07:39:45,893 INFO Epoch 2 | Batch 1100 | Loss: 1.5983 | LR: 2.99e-04
2026-04-20 07:40:00,447 INFO Epoch 2 | Batch 1150 | Loss: 1.5095 | LR: 2.99e-04
2026-04-20 07:40:15,224 INFO Epoch 2 | Batch 1200 | Loss: 1.5273 | LR: 2.99e-04
2026-04-20 07:40:43,146 INFO Epoch 2 | Train: 1.7730 | Dev CER: 0.3535 | Dev WER: 0.8012 | Time: 379s | Peak: 38.3 GB
2026-04-20 07:40:43,146 INFO   New best CER: 0.3535
2026-04-20 07:40:46,061 INFO Epoch 3 | Batch 0 | Loss: 1.5023 | LR: 2.99e-04
2026-04-20 07:41:00,667 INFO Epoch 3 | Batch 50 | Loss: 1.5457 | LR: 2.99e-04
2026-04-20 07:41:15,175 INFO Epoch 3 | Batch 100 | Loss: 1.4734 | LR: 2.99e-04
2026-04-20 07:41:29,501 INFO Epoch 3 | Batch 150 | Loss: 1.4526 | LR: 2.99e-04
2026-04-20 07:41:44,048 INFO Epoch 3 | Batch 200 | Loss: 1.6021 | LR: 2.98e-04
2026-04-20 07:41:58,559 INFO Epoch 3 | Batch 250 | Loss: 1.2156 | LR: 2.98e-04
2026-04-20 07:42:13,024 INFO Epoch 3 | Batch 300 | Loss: 1.6264 | LR: 2.98e-04
2026-04-20 07:42:27,682 INFO Epoch 3 | Batch 350 | Loss: 1.2340 | LR: 2.98e-04
2026-04-20 07:42:42,089 INFO Epoch 3 | Batch 400 | Loss: 1.3057 | LR: 2.98e-04
2026-04-20 07:42:56,391 INFO Epoch 3 | Batch 450 | Loss: 1.8498 | LR: 2.98e-04
2026-04-20 07:43:10,955 INFO Epoch 3 | Batch 500 | Loss: 1.4243 | LR: 2.98e-04
2026-04-20 07:43:25,206 INFO Epoch 3 | Batch 550 | Loss: 1.3815 | LR: 2.98e-04
2026-04-20 07:43:40,036 INFO Epoch 3 | Batch 600 | Loss: 1.6318 | LR: 2.98e-04
2026-04-20 07:43:54,648 INFO Epoch 3 | Batch 650 | Loss: 1.5104 | LR: 2.97e-04
2026-04-20 07:44:09,396 INFO Epoch 3 | Batch 700 | Loss: 1.5899 | LR: 2.97e-04
2026-04-20 07:44:23,978 INFO Epoch 3 | Batch 750 | Loss: 1.9159 | LR: 2.97e-04
2026-04-20 07:44:38,407 INFO Epoch 3 | Batch 800 | Loss: 1.5575 | LR: 2.97e-04
2026-04-20 07:44:52,830 INFO Epoch 3 | Batch 850 | Loss: 1.5260 | LR: 2.97e-04
2026-04-20 07:45:07,402 INFO Epoch 3 | Batch 900 | Loss: 1.7089 | LR: 2.97e-04
2026-04-20 07:45:22,048 INFO Epoch 3 | Batch 950 | Loss: 1.7527 | LR: 2.97e-04
2026-04-20 07:45:36,432 INFO Epoch 3 | Batch 1000 | Loss: 1.3257 | LR: 2.97e-04
2026-04-20 07:45:50,778 INFO Epoch 3 | Batch 1050 | Loss: 1.4263 | LR: 2.96e-04
2026-04-20 07:46:05,250 INFO Epoch 3 | Batch 1100 | Loss: 1.2242 | LR: 2.96e-04
2026-04-20 07:46:19,708 INFO Epoch 3 | Batch 1150 | Loss: 1.8217 | LR: 2.96e-04
2026-04-20 07:46:34,401 INFO Epoch 3 | Batch 1200 | Loss: 1.6637 | LR: 2.96e-04
2026-04-20 07:47:02,920 INFO Epoch 3 | Train: 1.4723 | Dev CER: 0.2889 | Dev WER: 0.7101 | Time: 379s | Peak: 38.3 GB
2026-04-20 07:47:02,920 INFO   New best CER: 0.2889
2026-04-20 07:47:05,628 INFO Epoch 4 | Batch 0 | Loss: 1.2188 | LR: 2.96e-04
2026-04-20 07:47:19,942 INFO Epoch 4 | Batch 50 | Loss: 1.5810 | LR: 2.96e-04
2026-04-20 07:47:34,526 INFO Epoch 4 | Batch 100 | Loss: 1.2548 | LR: 2.96e-04
2026-04-20 07:47:48,870 INFO Epoch 4 | Batch 150 | Loss: 1.7889 | LR: 2.95e-04
2026-04-20 07:48:03,533 INFO Epoch 4 | Batch 200 | Loss: 1.4663 | LR: 2.95e-04
2026-04-20 07:48:18,163 INFO Epoch 4 | Batch 250 | Loss: 1.3837 | LR: 2.95e-04
2026-04-20 07:48:32,749 INFO Epoch 4 | Batch 300 | Loss: 1.3327 | LR: 2.95e-04
2026-04-20 07:48:47,059 INFO Epoch 4 | Batch 350 | Loss: 1.7966 | LR: 2.95e-04
2026-04-20 07:49:01,843 INFO Epoch 4 | Batch 400 | Loss: 1.4284 | LR: 2.95e-04
2026-04-20 07:49:16,597 INFO Epoch 4 | Batch 450 | Loss: 1.3334 | LR: 2.94e-04
2026-04-20 07:49:30,880 INFO Epoch 4 | Batch 500 | Loss: 1.5238 | LR: 2.94e-04
2026-04-20 07:49:45,848 INFO Epoch 4 | Batch 550 | Loss: 1.1719 | LR: 2.94e-04
2026-04-20 07:50:00,391 INFO Epoch 4 | Batch 600 | Loss: 1.4584 | LR: 2.94e-04
2026-04-20 07:50:14,629 INFO Epoch 4 | Batch 650 | Loss: 1.3136 | LR: 2.94e-04
2026-04-20 07:50:29,091 INFO Epoch 4 | Batch 700 | Loss: 1.1563 | LR: 2.93e-04
2026-04-20 07:50:43,574 INFO Epoch 4 | Batch 750 | Loss: 1.3715 | LR: 2.93e-04
2026-04-20 07:50:58,076 INFO Epoch 4 | Batch 800 | Loss: 1.1836 | LR: 2.93e-04
2026-04-20 07:51:12,351 INFO Epoch 4 | Batch 850 | Loss: 1.6549 | LR: 2.93e-04
2026-04-20 07:51:26,866 INFO Epoch 4 | Batch 900 | Loss: 1.3804 | LR: 2.93e-04
2026-04-20 07:51:41,408 INFO Epoch 4 | Batch 950 | Loss: 1.3417 | LR: 2.92e-04
2026-04-20 07:51:55,583 INFO Epoch 4 | Batch 1000 | Loss: 1.1604 | LR: 2.92e-04
2026-04-20 07:52:09,998 INFO Epoch 4 | Batch 1050 | Loss: 1.3769 | LR: 2.92e-04
2026-04-20 07:52:24,455 INFO Epoch 4 | Batch 1100 | Loss: 1.2051 | LR: 2.92e-04
2026-04-20 07:52:39,198 INFO Epoch 4 | Batch 1150 | Loss: 1.4813 | LR: 2.92e-04
2026-04-20 07:52:53,673 INFO Epoch 4 | Batch 1200 | Loss: 1.6320 | LR: 2.91e-04
2026-04-20 07:53:22,970 INFO Epoch 4 | Train: 1.3311 | Dev CER: 0.2534 | Dev WER: 0.6476 | Time: 380s | Peak: 38.3 GB
2026-04-20 07:53:22,970 INFO   New best CER: 0.2534
2026-04-20 07:53:25,868 INFO Epoch 5 | Batch 0 | Loss: 0.9936 | LR: 2.91e-04
2026-04-20 07:53:40,421 INFO Epoch 5 | Batch 50 | Loss: 1.2260 | LR: 2.91e-04
2026-04-20 07:53:54,777 INFO Epoch 5 | Batch 100 | Loss: 1.2867 | LR: 2.91e-04
2026-04-20 07:54:09,161 INFO Epoch 5 | Batch 150 | Loss: 1.2429 | LR: 2.91e-04
2026-04-20 07:54:23,503 INFO Epoch 5 | Batch 200 | Loss: 1.0865 | LR: 2.90e-04
2026-04-20 07:54:37,846 INFO Epoch 5 | Batch 250 | Loss: 1.8514 | LR: 2.90e-04
2026-04-20 07:54:52,492 INFO Epoch 5 | Batch 300 | Loss: 1.0293 | LR: 2.90e-04
2026-04-20 07:55:07,005 INFO Epoch 5 | Batch 350 | Loss: 1.0281 | LR: 2.90e-04
2026-04-20 07:55:21,336 INFO Epoch 5 | Batch 400 | Loss: 0.9372 | LR: 2.89e-04
2026-04-20 07:55:35,906 INFO Epoch 5 | Batch 450 | Loss: 1.2960 | LR: 2.89e-04
2026-04-20 07:55:50,711 INFO Epoch 5 | Batch 500 | Loss: 1.1805 | LR: 2.89e-04
2026-04-20 07:56:05,714 INFO Epoch 5 | Batch 550 | Loss: 1.2445 | LR: 2.89e-04
2026-04-20 07:56:19,926 INFO Epoch 5 | Batch 600 | Loss: 1.4116 | LR: 2.88e-04
2026-04-20 07:56:34,586 INFO Epoch 5 | Batch 650 | Loss: 1.5074 | LR: 2.88e-04
2026-04-20 07:56:49,393 INFO Epoch 5 | Batch 700 | Loss: 1.1422 | LR: 2.88e-04
2026-04-20 07:57:03,926 INFO Epoch 5 | Batch 750 | Loss: 1.0800 | LR: 2.88e-04
2026-04-20 07:57:18,278 INFO Epoch 5 | Batch 800 | Loss: 1.0719 | LR: 2.87e-04
2026-04-20 07:57:32,447 INFO Epoch 5 | Batch 850 | Loss: 1.1733 | LR: 2.87e-04
2026-04-20 07:57:46,752 INFO Epoch 5 | Batch 900 | Loss: 1.2705 | LR: 2.87e-04
2026-04-20 07:58:01,156 INFO Epoch 5 | Batch 950 | Loss: 1.6815 | LR: 2.87e-04
2026-04-20 07:58:15,730 INFO Epoch 5 | Batch 1000 | Loss: 1.3983 | LR: 2.86e-04
2026-04-20 07:58:30,174 INFO Epoch 5 | Batch 1050 | Loss: 1.1253 | LR: 2.86e-04
2026-04-20 07:58:44,574 INFO Epoch 5 | Batch 1100 | Loss: 1.2363 | LR: 2.86e-04
2026-04-20 07:58:58,991 INFO Epoch 5 | Batch 1150 | Loss: 1.5618 | LR: 2.86e-04
2026-04-20 07:59:13,430 INFO Epoch 5 | Batch 1200 | Loss: 1.1919 | LR: 2.85e-04
2026-04-20 07:59:40,361 INFO Epoch 5 | Train: 1.2173 | Dev CER: 0.2262 | Dev WER: 0.6004 | Time: 377s | Peak: 38.3 GB
2026-04-20 07:59:40,361 INFO   New best CER: 0.2262
2026-04-20 07:59:43,330 INFO Epoch 6 | Batch 0 | Loss: 1.1786 | LR: 2.85e-04
2026-04-20 07:59:58,144 INFO Epoch 6 | Batch 50 | Loss: 1.6866 | LR: 2.85e-04
2026-04-20 08:00:12,436 INFO Epoch 6 | Batch 100 | Loss: 1.3208 | LR: 2.84e-04
2026-04-20 08:00:27,166 INFO Epoch 6 | Batch 150 | Loss: 1.2775 | LR: 2.84e-04
2026-04-20 08:00:41,682 INFO Epoch 6 | Batch 200 | Loss: 1.2883 | LR: 2.84e-04
2026-04-20 08:00:56,452 INFO Epoch 6 | Batch 250 | Loss: 0.9083 | LR: 2.84e-04
2026-04-20 08:01:10,986 INFO Epoch 6 | Batch 300 | Loss: 0.9235 | LR: 2.83e-04
2026-04-20 08:01:25,388 INFO Epoch 6 | Batch 350 | Loss: 1.0815 | LR: 2.83e-04
2026-04-20 08:01:39,778 INFO Epoch 6 | Batch 400 | Loss: 0.9705 | LR: 2.83e-04
2026-04-20 08:01:54,284 INFO Epoch 6 | Batch 450 | Loss: 1.8869 | LR: 2.82e-04
2026-04-20 08:02:08,875 INFO Epoch 6 | Batch 500 | Loss: 0.9548 | LR: 2.82e-04
2026-04-20 08:02:23,094 INFO Epoch 6 | Batch 550 | Loss: 1.0562 | LR: 2.82e-04
2026-04-20 08:02:37,681 INFO Epoch 6 | Batch 600 | Loss: 1.1031 | LR: 2.81e-04
2026-04-20 08:02:52,047 INFO Epoch 6 | Batch 650 | Loss: 1.3348 | LR: 2.81e-04
2026-04-20 08:03:06,540 INFO Epoch 6 | Batch 700 | Loss: 1.3685 | LR: 2.81e-04
2026-04-20 08:03:21,345 INFO Epoch 6 | Batch 750 | Loss: 1.1413 | LR: 2.81e-04
2026-04-20 08:03:35,784 INFO Epoch 6 | Batch 800 | Loss: 1.0973 | LR: 2.80e-04
2026-04-20 08:03:50,520 INFO Epoch 6 | Batch 850 | Loss: 1.2566 | LR: 2.80e-04
2026-04-20 08:04:04,995 INFO Epoch 6 | Batch 900 | Loss: 0.9409 | LR: 2.80e-04
2026-04-20 08:04:19,573 INFO Epoch 6 | Batch 950 | Loss: 1.5438 | LR: 2.79e-04
2026-04-20 08:04:33,963 INFO Epoch 6 | Batch 1000 | Loss: 1.0634 | LR: 2.79e-04
2026-04-20 08:04:48,505 INFO Epoch 6 | Batch 1050 | Loss: 1.3222 | LR: 2.79e-04
2026-04-20 08:05:03,127 INFO Epoch 6 | Batch 1100 | Loss: 1.3143 | LR: 2.78e-04
2026-04-20 08:05:17,709 INFO Epoch 6 | Batch 1150 | Loss: 1.0730 | LR: 2.78e-04
2026-04-20 08:05:32,110 INFO Epoch 6 | Batch 1200 | Loss: 1.0269 | LR: 2.78e-04
2026-04-20 08:06:00,139 INFO Epoch 6 | Train: 1.1384 | Dev CER: 0.2127 | Dev WER: 0.5704 | Time: 379s | Peak: 38.3 GB
2026-04-20 08:06:00,139 INFO   New best CER: 0.2127
2026-04-20 08:06:03,135 INFO Epoch 7 | Batch 0 | Loss: 1.2569 | LR: 2.77e-04
2026-04-20 08:06:17,735 INFO Epoch 7 | Batch 50 | Loss: 1.2886 | LR: 2.77e-04
2026-04-20 08:06:32,194 INFO Epoch 7 | Batch 100 | Loss: 1.0009 | LR: 2.77e-04
2026-04-20 08:06:46,764 INFO Epoch 7 | Batch 150 | Loss: 1.1846 | LR: 2.76e-04
2026-04-20 08:07:01,434 INFO Epoch 7 | Batch 200 | Loss: 0.9695 | LR: 2.76e-04
2026-04-20 08:07:15,831 INFO Epoch 7 | Batch 250 | Loss: 1.1321 | LR: 2.76e-04
2026-04-20 08:07:30,580 INFO Epoch 7 | Batch 300 | Loss: 0.9908 | LR: 2.75e-04
2026-04-20 08:07:45,028 INFO Epoch 7 | Batch 350 | Loss: 1.2979 | LR: 2.75e-04
2026-04-20 08:07:59,917 INFO Epoch 7 | Batch 400 | Loss: 0.9631 | LR: 2.74e-04
2026-04-20 08:08:14,339 INFO Epoch 7 | Batch 450 | Loss: 1.2112 | LR: 2.74e-04
2026-04-20 08:08:28,818 INFO Epoch 7 | Batch 500 | Loss: 1.2566 | LR: 2.74e-04
2026-04-20 08:08:43,184 INFO Epoch 7 | Batch 550 | Loss: 0.9684 | LR: 2.73e-04
2026-04-20 08:08:57,438 INFO Epoch 7 | Batch 600 | Loss: 1.0689 | LR: 2.73e-04
2026-04-20 08:09:11,909 INFO Epoch 7 | Batch 650 | Loss: 1.3112 | LR: 2.73e-04
2026-04-20 08:09:26,307 INFO Epoch 7 | Batch 700 | Loss: 1.1610 | LR: 2.72e-04
2026-04-20 08:09:40,909 INFO Epoch 7 | Batch 750 | Loss: 1.2913 | LR: 2.72e-04
2026-04-20 08:09:55,485 INFO Epoch 7 | Batch 800 | Loss: 1.4979 | LR: 2.71e-04
2026-04-20 08:10:10,143 INFO Epoch 7 | Batch 850 | Loss: 1.2622 | LR: 2.71e-04
2026-04-20 08:10:24,644 INFO Epoch 7 | Batch 900 | Loss: 1.0259 | LR: 2.71e-04
2026-04-20 08:10:39,310 INFO Epoch 7 | Batch 950 | Loss: 0.9332 | LR: 2.70e-04
2026-04-20 08:10:53,744 INFO Epoch 7 | Batch 1000 | Loss: 0.9322 | LR: 2.70e-04
2026-04-20 08:11:08,378 INFO Epoch 7 | Batch 1050 | Loss: 1.2975 | LR: 2.69e-04
2026-04-20 08:11:22,996 INFO Epoch 7 | Batch 1100 | Loss: 1.5168 | LR: 2.69e-04
2026-04-20 08:11:37,963 INFO Epoch 7 | Batch 1150 | Loss: 0.9959 | LR: 2.69e-04
2026-04-20 08:11:52,356 INFO Epoch 7 | Batch 1200 | Loss: 0.7473 | LR: 2.68e-04
2026-04-20 08:12:20,286 INFO Epoch 7 | Train: 1.0903 | Dev CER: 0.1971 | Dev WER: 0.5382 | Time: 380s | Peak: 38.3 GB
2026-04-20 08:12:20,286 INFO   New best CER: 0.1971
2026-04-20 08:12:23,351 INFO Epoch 8 | Batch 0 | Loss: 1.0010 | LR: 2.68e-04
2026-04-20 08:12:37,953 INFO Epoch 8 | Batch 50 | Loss: 1.1099 | LR: 2.68e-04
2026-04-20 08:12:52,504 INFO Epoch 8 | Batch 100 | Loss: 1.0728 | LR: 2.67e-04
2026-04-20 08:13:07,019 INFO Epoch 8 | Batch 150 | Loss: 1.2718 | LR: 2.67e-04
2026-04-20 08:13:21,224 INFO Epoch 8 | Batch 200 | Loss: 1.0253 | LR: 2.66e-04
2026-04-20 08:13:35,980 INFO Epoch 8 | Batch 250 | Loss: 1.2596 | LR: 2.66e-04
2026-04-20 08:13:50,454 INFO Epoch 8 | Batch 300 | Loss: 0.9266 | LR: 2.66e-04
2026-04-20 08:14:05,162 INFO Epoch 8 | Batch 350 | Loss: 1.2582 | LR: 2.65e-04
2026-04-20 08:14:19,526 INFO Epoch 8 | Batch 400 | Loss: 0.8875 | LR: 2.65e-04
2026-04-20 08:14:34,071 INFO Epoch 8 | Batch 450 | Loss: 1.2040 | LR: 2.64e-04
2026-04-20 08:14:48,211 INFO Epoch 8 | Batch 500 | Loss: 1.0045 | LR: 2.64e-04
2026-04-20 08:15:02,672 INFO Epoch 8 | Batch 550 | Loss: 1.0004 | LR: 2.63e-04
2026-04-20 08:15:17,258 INFO Epoch 8 | Batch 600 | Loss: 0.8475 | LR: 2.63e-04
2026-04-20 08:15:31,841 INFO Epoch 8 | Batch 650 | Loss: 1.0019 | LR: 2.63e-04
2026-04-20 08:15:46,160 INFO Epoch 8 | Batch 700 | Loss: 0.8630 | LR: 2.62e-04
2026-04-20 08:16:00,851 INFO Epoch 8 | Batch 750 | Loss: 0.8030 | LR: 2.62e-04
2026-04-20 08:16:15,450 INFO Epoch 8 | Batch 800 | Loss: 1.0429 | LR: 2.61e-04
2026-04-20 08:16:29,703 INFO Epoch 8 | Batch 850 | Loss: 0.7482 | LR: 2.61e-04
2026-04-20 08:16:44,280 INFO Epoch 8 | Batch 900 | Loss: 1.1832 | LR: 2.60e-04
2026-04-20 08:16:58,636 INFO Epoch 8 | Batch 950 | Loss: 1.0707 | LR: 2.60e-04
2026-04-20 08:17:13,556 INFO Epoch 8 | Batch 1000 | Loss: 0.8472 | LR: 2.60e-04
2026-04-20 08:17:28,238 INFO Epoch 8 | Batch 1050 | Loss: 0.9409 | LR: 2.59e-04
2026-04-20 08:17:42,870 INFO Epoch 8 | Batch 1100 | Loss: 0.9081 | LR: 2.59e-04
2026-04-20 08:17:57,456 INFO Epoch 8 | Batch 1150 | Loss: 0.8388 | LR: 2.58e-04
2026-04-20 08:18:11,938 INFO Epoch 8 | Batch 1200 | Loss: 0.8890 | LR: 2.58e-04
2026-04-20 08:18:40,281 INFO Epoch 8 | Train: 1.0373 | Dev CER: 0.1836 | Dev WER: 0.5163 | Time: 379s | Peak: 38.3 GB
2026-04-20 08:18:40,281 INFO   New best CER: 0.1836
2026-04-20 08:18:43,741 INFO Epoch 9 | Batch 0 | Loss: 0.9636 | LR: 2.57e-04
2026-04-20 08:18:58,266 INFO Epoch 9 | Batch 50 | Loss: 1.0465 | LR: 2.57e-04
2026-04-20 08:19:12,601 INFO Epoch 9 | Batch 100 | Loss: 0.9084 | LR: 2.56e-04
2026-04-20 08:19:27,079 INFO Epoch 9 | Batch 150 | Loss: 1.0718 | LR: 2.56e-04
2026-04-20 08:19:41,655 INFO Epoch 9 | Batch 200 | Loss: 0.9595 | LR: 2.56e-04
2026-04-20 08:19:56,312 INFO Epoch 9 | Batch 250 | Loss: 1.1269 | LR: 2.55e-04
2026-04-20 08:20:11,017 INFO Epoch 9 | Batch 300 | Loss: 0.9601 | LR: 2.55e-04
2026-04-20 08:20:25,567 INFO Epoch 9 | Batch 350 | Loss: 1.2359 | LR: 2.54e-04
2026-04-20 08:20:40,036 INFO Epoch 9 | Batch 400 | Loss: 0.8741 | LR: 2.54e-04
2026-04-20 08:20:54,488 INFO Epoch 9 | Batch 450 | Loss: 0.7855 | LR: 2.53e-04
2026-04-20 08:21:09,256 INFO Epoch 9 | Batch 500 | Loss: 0.8521 | LR: 2.53e-04
2026-04-20 08:21:23,930 INFO Epoch 9 | Batch 550 | Loss: 0.7851 | LR: 2.52e-04
2026-04-20 08:21:38,446 INFO Epoch 9 | Batch 600 | Loss: 0.8557 | LR: 2.52e-04
2026-04-20 08:21:52,656 INFO Epoch 9 | Batch 650 | Loss: 1.1052 | LR: 2.51e-04
2026-04-20 08:22:07,071 INFO Epoch 9 | Batch 700 | Loss: 0.7995 | LR: 2.51e-04
2026-04-20 08:22:21,593 INFO Epoch 9 | Batch 750 | Loss: 0.9181 | LR: 2.50e-04
2026-04-20 08:22:36,018 INFO Epoch 9 | Batch 800 | Loss: 0.9882 | LR: 2.50e-04
2026-04-20 08:22:50,719 INFO Epoch 9 | Batch 850 | Loss: 1.1931 | LR: 2.49e-04
2026-04-20 08:23:05,271 INFO Epoch 9 | Batch 900 | Loss: 1.1894 | LR: 2.49e-04
2026-04-20 08:23:19,420 INFO Epoch 9 | Batch 950 | Loss: 1.0053 | LR: 2.48e-04
2026-04-20 08:23:33,836 INFO Epoch 9 | Batch 1000 | Loss: 0.8900 | LR: 2.48e-04
2026-04-20 08:23:48,633 INFO Epoch 9 | Batch 1050 | Loss: 1.1360 | LR: 2.47e-04
2026-04-20 08:24:03,215 INFO Epoch 9 | Batch 1100 | Loss: 0.8270 | LR: 2.47e-04
2026-04-20 08:24:17,849 INFO Epoch 9 | Batch 1150 | Loss: 0.8114 | LR: 2.46e-04
2026-04-20 08:24:32,238 INFO Epoch 9 | Batch 1200 | Loss: 0.9587 | LR: 2.46e-04
2026-04-20 08:25:01,404 INFO Epoch 9 | Train: 1.0044 | Dev CER: 0.1796 | Dev WER: 0.4993 | Time: 381s | Peak: 38.3 GB
2026-04-20 08:25:01,404 INFO   New best CER: 0.1796
2026-04-20 08:25:04,836 INFO Epoch 10 | Batch 0 | Loss: 0.9631 | LR: 2.46e-04
2026-04-20 08:25:19,833 INFO Epoch 10 | Batch 50 | Loss: 1.0134 | LR: 2.45e-04
2026-04-20 08:25:34,076 INFO Epoch 10 | Batch 100 | Loss: 0.8768 | LR: 2.45e-04
2026-04-20 08:25:48,591 INFO Epoch 10 | Batch 150 | Loss: 0.9990 | LR: 2.44e-04
2026-04-20 08:26:03,062 INFO Epoch 10 | Batch 200 | Loss: 0.9649 | LR: 2.44e-04
2026-04-20 08:26:17,626 INFO Epoch 10 | Batch 250 | Loss: 0.7734 | LR: 2.43e-04
2026-04-20 08:26:31,983 INFO Epoch 10 | Batch 300 | Loss: 0.7892 | LR: 2.43e-04
2026-04-20 08:26:46,324 INFO Epoch 10 | Batch 350 | Loss: 0.7954 | LR: 2.42e-04
2026-04-20 08:27:00,828 INFO Epoch 10 | Batch 400 | Loss: 0.6223 | LR: 2.41e-04
2026-04-20 08:27:15,223 INFO Epoch 10 | Batch 450 | Loss: 1.0215 | LR: 2.41e-04
2026-04-20 08:27:29,928 INFO Epoch 10 | Batch 500 | Loss: 0.7726 | LR: 2.40e-04
2026-04-20 08:27:44,585 INFO Epoch 10 | Batch 550 | Loss: 0.9017 | LR: 2.40e-04
2026-04-20 08:27:59,216 INFO Epoch 10 | Batch 600 | Loss: 1.0494 | LR: 2.39e-04
2026-04-20 08:28:14,084 INFO Epoch 10 | Batch 650 | Loss: 0.9339 | LR: 2.39e-04
2026-04-20 08:28:28,434 INFO Epoch 10 | Batch 700 | Loss: 1.5298 | LR: 2.38e-04
2026-04-20 08:28:43,168 INFO Epoch 10 | Batch 750 | Loss: 0.6674 | LR: 2.38e-04
2026-04-20 08:28:57,715 INFO Epoch 10 | Batch 800 | Loss: 1.5390 | LR: 2.37e-04
2026-04-20 08:29:12,514 INFO Epoch 10 | Batch 850 | Loss: 0.7804 | LR: 2.37e-04
2026-04-20 08:29:27,177 INFO Epoch 10 | Batch 900 | Loss: 0.7832 | LR: 2.36e-04
2026-04-20 08:29:41,562 INFO Epoch 10 | Batch 950 | Loss: 0.8843 | LR: 2.36e-04
2026-04-20 08:29:55,967 INFO Epoch 10 | Batch 1000 | Loss: 0.8277 | LR: 2.35e-04
2026-04-20 08:30:10,501 INFO Epoch 10 | Batch 1050 | Loss: 0.8378 | LR: 2.35e-04
2026-04-20 08:30:25,228 INFO Epoch 10 | Batch 1100 | Loss: 0.7432 | LR: 2.34e-04
2026-04-20 08:30:39,476 INFO Epoch 10 | Batch 1150 | Loss: 0.8619 | LR: 2.34e-04
2026-04-20 08:30:54,065 INFO Epoch 10 | Batch 1200 | Loss: 0.8589 | LR: 2.33e-04
2026-04-20 08:31:22,446 INFO Epoch 10 | Train: 0.9602 | Dev CER: 0.1663 | Dev WER: 0.4740 | Time: 381s | Peak: 38.3 GB
2026-04-20 08:31:22,446 INFO   New best CER: 0.1663
2026-04-20 08:31:26,283 INFO Epoch 11 | Batch 0 | Loss: 0.9630 | LR: 2.33e-04
2026-04-20 08:31:40,857 INFO Epoch 11 | Batch 50 | Loss: 0.8864 | LR: 2.32e-04
2026-04-20 08:31:55,521 INFO Epoch 11 | Batch 100 | Loss: 0.6560 | LR: 2.32e-04
2026-04-20 08:32:09,848 INFO Epoch 11 | Batch 150 | Loss: 0.6950 | LR: 2.31e-04
2026-04-20 08:32:24,306 INFO Epoch 11 | Batch 200 | Loss: 1.2037 | LR: 2.30e-04
2026-04-20 08:32:39,021 INFO Epoch 11 | Batch 250 | Loss: 0.9945 | LR: 2.30e-04
2026-04-20 08:32:53,714 INFO Epoch 11 | Batch 300 | Loss: 1.0658 | LR: 2.29e-04
2026-04-20 08:33:08,306 INFO Epoch 11 | Batch 350 | Loss: 1.0989 | LR: 2.29e-04
2026-04-20 08:33:22,946 INFO Epoch 11 | Batch 400 | Loss: 0.6398 | LR: 2.28e-04
2026-04-20 08:33:37,301 INFO Epoch 11 | Batch 450 | Loss: 0.6465 | LR: 2.28e-04
2026-04-20 08:33:51,968 INFO Epoch 11 | Batch 500 | Loss: 0.9161 | LR: 2.27e-04
2026-04-20 08:34:06,040 INFO Epoch 11 | Batch 550 | Loss: 0.9566 | LR: 2.27e-04
2026-04-20 08:34:20,502 INFO Epoch 11 | Batch 600 | Loss: 0.9104 | LR: 2.26e-04
2026-04-20 08:34:35,179 INFO Epoch 11 | Batch 650 | Loss: 1.2958 | LR: 2.25e-04
2026-04-20 08:34:50,046 INFO Epoch 11 | Batch 700 | Loss: 0.8679 | LR: 2.25e-04
2026-04-20 08:35:04,557 INFO Epoch 11 | Batch 750 | Loss: 0.8904 | LR: 2.24e-04
2026-04-20 08:35:19,056 INFO Epoch 11 | Batch 800 | Loss: 1.0621 | LR: 2.24e-04
2026-04-20 08:35:33,732 INFO Epoch 11 | Batch 850 | Loss: 0.8701 | LR: 2.23e-04
2026-04-20 08:35:48,090 INFO Epoch 11 | Batch 900 | Loss: 0.7833 | LR: 2.23e-04
2026-04-20 08:36:02,703 INFO Epoch 11 | Batch 950 | Loss: 0.6286 | LR: 2.22e-04
2026-04-20 08:36:16,960 INFO Epoch 11 | Batch 1000 | Loss: 0.8276 | LR: 2.21e-04
2026-04-20 08:36:31,291 INFO Epoch 11 | Batch 1050 | Loss: 0.9704 | LR: 2.21e-04
2026-04-20 08:36:46,041 INFO Epoch 11 | Batch 1100 | Loss: 0.8741 | LR: 2.20e-04
2026-04-20 08:37:00,740 INFO Epoch 11 | Batch 1150 | Loss: 0.9888 | LR: 2.20e-04
2026-04-20 08:37:15,243 INFO Epoch 11 | Batch 1200 | Loss: 0.7104 | LR: 2.19e-04
2026-04-20 08:37:43,983 INFO Epoch 11 | Train: 0.9292 | Dev CER: 0.1593 | Dev WER: 0.4582 | Time: 381s | Peak: 38.3 GB
2026-04-20 08:37:43,984 INFO   New best CER: 0.1593
2026-04-20 08:37:47,628 INFO Epoch 12 | Batch 0 | Loss: 0.8478 | LR: 2.19e-04
2026-04-20 08:38:02,426 INFO Epoch 12 | Batch 50 | Loss: 1.8466 | LR: 2.18e-04
2026-04-20 08:38:16,873 INFO Epoch 12 | Batch 100 | Loss: 1.5206 | LR: 2.18e-04
2026-04-20 08:38:31,257 INFO Epoch 12 | Batch 150 | Loss: 0.8731 | LR: 2.17e-04
2026-04-20 08:38:46,029 INFO Epoch 12 | Batch 200 | Loss: 0.6569 | LR: 2.16e-04
2026-04-20 08:39:00,854 INFO Epoch 12 | Batch 250 | Loss: 0.8686 | LR: 2.16e-04
2026-04-20 08:39:15,502 INFO Epoch 12 | Batch 300 | Loss: 0.6405 | LR: 2.15e-04
2026-04-20 08:39:30,021 INFO Epoch 12 | Batch 350 | Loss: 1.0161 | LR: 2.15e-04
2026-04-20 08:39:44,737 INFO Epoch 12 | Batch 400 | Loss: 0.8966 | LR: 2.14e-04
2026-04-20 08:39:59,098 INFO Epoch 12 | Batch 450 | Loss: 0.8653 | LR: 2.13e-04
2026-04-20 08:40:13,641 INFO Epoch 12 | Batch 500 | Loss: 0.7431 | LR: 2.13e-04
2026-04-20 08:40:28,152 INFO Epoch 12 | Batch 550 | Loss: 1.1192 | LR: 2.12e-04
2026-04-20 08:40:42,552 INFO Epoch 12 | Batch 600 | Loss: 0.8116 | LR: 2.12e-04
2026-04-20 08:40:57,143 INFO Epoch 12 | Batch 650 | Loss: 0.9868 | LR: 2.11e-04
2026-04-20 08:41:11,472 INFO Epoch 12 | Batch 700 | Loss: 0.9831 | LR: 2.11e-04
2026-04-20 08:41:26,291 INFO Epoch 12 | Batch 750 | Loss: 0.5743 | LR: 2.10e-04
2026-04-20 08:41:40,659 INFO Epoch 12 | Batch 800 | Loss: 0.7646 | LR: 2.09e-04
2026-04-20 08:41:55,179 INFO Epoch 12 | Batch 850 | Loss: 0.7986 | LR: 2.09e-04
2026-04-20 08:42:09,973 INFO Epoch 12 | Batch 900 | Loss: 0.9698 | LR: 2.08e-04
2026-04-20 08:42:24,484 INFO Epoch 12 | Batch 950 | Loss: 1.1187 | LR: 2.08e-04
2026-04-20 08:42:39,147 INFO Epoch 12 | Batch 1000 | Loss: 1.0377 | LR: 2.07e-04
2026-04-20 08:42:53,525 INFO Epoch 12 | Batch 1050 | Loss: 0.8617 | LR: 2.06e-04
2026-04-20 08:43:07,984 INFO Epoch 12 | Batch 1100 | Loss: 0.8518 | LR: 2.06e-04
2026-04-20 08:43:22,340 INFO Epoch 12 | Batch 1150 | Loss: 0.8546 | LR: 2.05e-04
2026-04-20 08:43:36,810 INFO Epoch 12 | Batch 1200 | Loss: 1.0959 | LR: 2.04e-04
2026-04-20 08:44:04,582 INFO Epoch 12 | Train: 0.9117 | Dev CER: 0.1546 | Dev WER: 0.4453 | Time: 380s | Peak: 38.3 GB
2026-04-20 08:44:04,582 INFO   New best CER: 0.1546
2026-04-20 08:44:08,080 INFO Epoch 13 | Batch 0 | Loss: 0.9059 | LR: 2.04e-04
2026-04-20 08:44:22,815 INFO Epoch 13 | Batch 50 | Loss: 0.7121 | LR: 2.03e-04
2026-04-20 08:44:37,452 INFO Epoch 13 | Batch 100 | Loss: 0.7209 | LR: 2.03e-04
2026-04-20 08:44:52,180 INFO Epoch 13 | Batch 150 | Loss: 0.7050 | LR: 2.02e-04
2026-04-20 08:45:06,811 INFO Epoch 13 | Batch 200 | Loss: 0.7521 | LR: 2.02e-04
2026-04-20 08:45:21,370 INFO Epoch 13 | Batch 250 | Loss: 0.9684 | LR: 2.01e-04
2026-04-20 08:45:36,175 INFO Epoch 13 | Batch 300 | Loss: 0.7692 | LR: 2.00e-04
2026-04-20 08:45:50,548 INFO Epoch 13 | Batch 350 | Loss: 0.9932 | LR: 2.00e-04
2026-04-20 08:46:05,132 INFO Epoch 13 | Batch 400 | Loss: 0.8241 | LR: 1.99e-04
2026-04-20 08:46:19,720 INFO Epoch 13 | Batch 450 | Loss: 0.8118 | LR: 1.99e-04
2026-04-20 08:46:33,966 INFO Epoch 13 | Batch 500 | Loss: 0.6858 | LR: 1.98e-04
2026-04-20 08:46:48,553 INFO Epoch 13 | Batch 550 | Loss: 0.7184 | LR: 1.97e-04
2026-04-20 08:47:02,987 INFO Epoch 13 | Batch 600 | Loss: 0.7606 | LR: 1.97e-04
2026-04-20 08:47:17,476 INFO Epoch 13 | Batch 650 | Loss: 0.9092 | LR: 1.96e-04
2026-04-20 08:47:31,668 INFO Epoch 13 | Batch 700 | Loss: 0.9492 | LR: 1.95e-04
2026-04-20 08:47:46,256 INFO Epoch 13 | Batch 750 | Loss: 0.9230 | LR: 1.95e-04
2026-04-20 08:48:00,829 INFO Epoch 13 | Batch 800 | Loss: 0.7854 | LR: 1.94e-04
2026-04-20 08:48:15,346 INFO Epoch 13 | Batch 850 | Loss: 1.2895 | LR: 1.94e-04
2026-04-20 08:48:30,042 INFO Epoch 13 | Batch 900 | Loss: 1.0020 | LR: 1.93e-04
2026-04-20 08:48:44,358 INFO Epoch 13 | Batch 950 | Loss: 0.8656 | LR: 1.92e-04
2026-04-20 08:48:59,227 INFO Epoch 13 | Batch 1000 | Loss: 0.7962 | LR: 1.92e-04
2026-04-20 08:49:13,798 INFO Epoch 13 | Batch 1050 | Loss: 0.7170 | LR: 1.91e-04
2026-04-20 08:49:28,234 INFO Epoch 13 | Batch 1100 | Loss: 1.4529 | LR: 1.90e-04
2026-04-20 08:49:42,611 INFO Epoch 13 | Batch 1150 | Loss: 0.9733 | LR: 1.90e-04
2026-04-20 08:49:56,954 INFO Epoch 13 | Batch 1200 | Loss: 1.2453 | LR: 1.89e-04
2026-04-20 08:50:25,248 INFO Epoch 13 | Train: 0.8791 | Dev CER: 0.1511 | Dev WER: 0.4307 | Time: 380s | Peak: 38.3 GB
2026-04-20 08:50:25,248 INFO   New best CER: 0.1511
2026-04-20 08:50:28,720 INFO Epoch 14 | Batch 0 | Loss: 0.9304 | LR: 1.89e-04
2026-04-20 08:50:43,433 INFO Epoch 14 | Batch 50 | Loss: 1.1768 | LR: 1.88e-04
2026-04-20 08:50:57,925 INFO Epoch 14 | Batch 100 | Loss: 0.7751 | LR: 1.87e-04
2026-04-20 08:51:12,309 INFO Epoch 14 | Batch 150 | Loss: 0.7475 | LR: 1.87e-04
