2026-04-20 06:21:48,110 INFO Loading LibriSpeech split=train.100 from HuggingFace...
2026-04-20 06:21:48,297 INFO HTTP Request: HEAD https://huggingface.co/datasets/openslr/librispeech_asr/resolve/main/README.md "HTTP/1.1 307 Temporary Redirect"
Warning: You are sending unauthenticated requests to the HF Hub. Please set a HF_TOKEN to enable higher rate limits and faster downloads.
2026-04-20 06:21:48,298 WARNING Warning: You are sending unauthenticated requests to the HF Hub. Please set a HF_TOKEN to enable higher rate limits and faster downloads.
2026-04-20 06:21:48,321 INFO HTTP Request: HEAD https://huggingface.co/api/resolve-cache/datasets/openslr/librispeech_asr/71cacbfb7e2354c4226d01e70d77d5fca3d04ba1/README.md "HTTP/1.1 200 OK"
2026-04-20 06:21:48,455 INFO HTTP Request: HEAD https://huggingface.co/datasets/openslr/librispeech_asr/resolve/71cacbfb7e2354c4226d01e70d77d5fca3d04ba1/librispeech_asr.py "HTTP/1.1 404 Not Found"
2026-04-20 06:21:48,795 INFO HTTP Request: HEAD https://s3.amazonaws.com/datasets.huggingface.co/datasets/datasets/openslr/librispeech_asr/openslr/librispeech_asr.py "HTTP/1.1 404 Not Found"
2026-04-20 06:21:48,942 INFO HTTP Request: GET https://huggingface.co/api/datasets/openslr/librispeech_asr/revision/71cacbfb7e2354c4226d01e70d77d5fca3d04ba1 "HTTP/1.1 200 OK"
2026-04-20 06:21:49,078 INFO HTTP Request: HEAD https://huggingface.co/datasets/openslr/librispeech_asr/resolve/71cacbfb7e2354c4226d01e70d77d5fca3d04ba1/.huggingface.yaml "HTTP/1.1 404 Not Found"
2026-04-20 06:21:49,282 INFO HTTP Request: GET https://datasets-server.huggingface.co/info?dataset=openslr/librispeech_asr "HTTP/1.1 200 OK"
2026-04-20 06:21:49,423 INFO HTTP Request: GET https://huggingface.co/api/datasets/openslr/librispeech_asr/tree/71cacbfb7e2354c4226d01e70d77d5fca3d04ba1/clean%2Ftest?recursive=true&expand=false "HTTP/1.1 200 OK"
2026-04-20 06:21:49,555 INFO HTTP Request: GET https://huggingface.co/api/datasets/openslr/librispeech_asr/tree/71cacbfb7e2354c4226d01e70d77d5fca3d04ba1/clean?recursive=false&expand=false "HTTP/1.1 200 OK"
2026-04-20 06:21:49,702 INFO HTTP Request: GET https://huggingface.co/api/datasets/openslr/librispeech_asr/tree/71cacbfb7e2354c4226d01e70d77d5fca3d04ba1/clean%2Ftrain.100?recursive=true&expand=false "HTTP/1.1 200 OK"
2026-04-20 06:21:49,856 INFO HTTP Request: GET https://huggingface.co/api/datasets/openslr/librispeech_asr/tree/71cacbfb7e2354c4226d01e70d77d5fca3d04ba1/clean%2Ftrain.360?recursive=true&expand=false "HTTP/1.1 200 OK"
2026-04-20 06:21:50,013 INFO HTTP Request: GET https://huggingface.co/api/datasets/openslr/librispeech_asr/tree/71cacbfb7e2354c4226d01e70d77d5fca3d04ba1/clean%2Fvalidation?recursive=true&expand=false "HTTP/1.1 200 OK"
2026-04-20 06:21:50,153 INFO HTTP Request: HEAD https://huggingface.co/datasets/openslr/librispeech_asr/resolve/71cacbfb7e2354c4226d01e70d77d5fca3d04ba1/dataset_infos.json "HTTP/1.1 404 Not Found"
2026-04-20 06:23:07,254 INFO Loaded 28538 utterances from train.100 (skipped 1 outside [0.5s, 20.0s])
2026-04-20 06:23:07,326 INFO Loading LibriSpeech split=validation from HuggingFace...
2026-04-20 06:23:07,522 INFO HTTP Request: HEAD https://huggingface.co/datasets/openslr/librispeech_asr/resolve/main/README.md "HTTP/1.1 307 Temporary Redirect"
2026-04-20 06:23:07,551 INFO HTTP Request: HEAD https://huggingface.co/api/resolve-cache/datasets/openslr/librispeech_asr/71cacbfb7e2354c4226d01e70d77d5fca3d04ba1/README.md "HTTP/1.1 200 OK"
2026-04-20 06:23:07,710 INFO HTTP Request: HEAD https://huggingface.co/datasets/openslr/librispeech_asr/resolve/71cacbfb7e2354c4226d01e70d77d5fca3d04ba1/librispeech_asr.py "HTTP/1.1 404 Not Found"
2026-04-20 06:23:08,097 INFO HTTP Request: HEAD https://s3.amazonaws.com/datasets.huggingface.co/datasets/datasets/openslr/librispeech_asr/openslr/librispeech_asr.py "HTTP/1.1 404 Not Found"
2026-04-20 06:23:08,252 INFO HTTP Request: HEAD https://huggingface.co/datasets/openslr/librispeech_asr/resolve/71cacbfb7e2354c4226d01e70d77d5fca3d04ba1/.huggingface.yaml "HTTP/1.1 404 Not Found"
2026-04-20 06:23:08,503 INFO HTTP Request: GET https://datasets-server.huggingface.co/info?dataset=openslr/librispeech_asr "HTTP/1.1 200 OK"
2026-04-20 06:23:08,677 INFO HTTP Request: HEAD https://huggingface.co/datasets/openslr/librispeech_asr/resolve/71cacbfb7e2354c4226d01e70d77d5fca3d04ba1/dataset_infos.json "HTTP/1.1 404 Not Found"
2026-04-20 06:23:12,958 INFO Loaded 2642 utterances from validation (skipped 61 outside [0.5s, 20.0s])
2026-04-20 06:23:12,963 INFO Loading LibriSpeech split=test from HuggingFace...
2026-04-20 06:23:13,107 INFO HTTP Request: HEAD https://huggingface.co/datasets/openslr/librispeech_asr/resolve/main/README.md "HTTP/1.1 307 Temporary Redirect"
2026-04-20 06:23:13,136 INFO HTTP Request: HEAD https://huggingface.co/api/resolve-cache/datasets/openslr/librispeech_asr/71cacbfb7e2354c4226d01e70d77d5fca3d04ba1/README.md "HTTP/1.1 200 OK"
2026-04-20 06:23:13,285 INFO HTTP Request: HEAD https://huggingface.co/datasets/openslr/librispeech_asr/resolve/71cacbfb7e2354c4226d01e70d77d5fca3d04ba1/librispeech_asr.py "HTTP/1.1 404 Not Found"
2026-04-20 06:23:13,659 INFO HTTP Request: HEAD https://s3.amazonaws.com/datasets.huggingface.co/datasets/datasets/openslr/librispeech_asr/openslr/librispeech_asr.py "HTTP/1.1 404 Not Found"
2026-04-20 06:23:13,818 INFO HTTP Request: HEAD https://huggingface.co/datasets/openslr/librispeech_asr/resolve/71cacbfb7e2354c4226d01e70d77d5fca3d04ba1/.huggingface.yaml "HTTP/1.1 404 Not Found"
2026-04-20 06:23:14,029 INFO HTTP Request: GET https://datasets-server.huggingface.co/info?dataset=openslr/librispeech_asr "HTTP/1.1 200 OK"
2026-04-20 06:23:14,196 INFO HTTP Request: HEAD https://huggingface.co/datasets/openslr/librispeech_asr/resolve/71cacbfb7e2354c4226d01e70d77d5fca3d04ba1/dataset_infos.json "HTTP/1.1 404 Not Found"
2026-04-20 06:23:18,610 INFO Loaded 2528 utterances from test (skipped 92 outside [0.5s, 20.0s])
2026-04-20 06:23:18,868 INFO Backbone: rwkv6_qtail_gamma | Params: 7.74M
2026-04-20 06:23:18,869 INFO   Frontend: 1.90M | Encoder: 5.82M | Head: 8.0K
2026-04-20 06:23:22,379 INFO Epoch 1 | Batch 0 | Loss: 4.1285 | LR: 3.00e-07
2026-04-20 06:23:42,787 INFO Epoch 1 | Batch 50 | Loss: 2.9449 | LR: 1.53e-05
2026-04-20 06:24:02,693 INFO Epoch 1 | Batch 100 | Loss: 2.9258 | LR: 3.03e-05
2026-04-20 06:24:22,477 INFO Epoch 1 | Batch 150 | Loss: 2.8760 | LR: 4.53e-05
2026-04-20 06:24:42,082 INFO Epoch 1 | Batch 200 | Loss: 2.8413 | LR: 6.03e-05
2026-04-20 06:25:02,004 INFO Epoch 1 | Batch 250 | Loss: 2.8533 | LR: 7.53e-05
2026-04-20 06:25:21,620 INFO Epoch 1 | Batch 300 | Loss: 2.8471 | LR: 9.03e-05
2026-04-20 06:25:41,413 INFO Epoch 1 | Batch 350 | Loss: 2.8532 | LR: 1.05e-04
2026-04-20 06:26:01,021 INFO Epoch 1 | Batch 400 | Loss: 2.8656 | LR: 1.20e-04
2026-04-20 06:26:20,777 INFO Epoch 1 | Batch 450 | Loss: 2.7062 | LR: 1.35e-04
2026-04-20 06:26:40,795 INFO Epoch 1 | Batch 500 | Loss: 2.6667 | LR: 1.50e-04
2026-04-20 06:27:00,401 INFO Epoch 1 | Batch 550 | Loss: 2.6283 | LR: 1.65e-04
2026-04-20 06:27:20,154 INFO Epoch 1 | Batch 600 | Loss: 2.6482 | LR: 1.80e-04
2026-04-20 06:27:40,058 INFO Epoch 1 | Batch 650 | Loss: 2.4504 | LR: 1.95e-04
2026-04-20 06:27:59,906 INFO Epoch 1 | Batch 700 | Loss: 2.4872 | LR: 2.10e-04
2026-04-20 06:28:19,718 INFO Epoch 1 | Batch 750 | Loss: 2.4166 | LR: 2.25e-04
2026-04-20 06:28:39,815 INFO Epoch 1 | Batch 800 | Loss: 2.5770 | LR: 2.40e-04
2026-04-20 06:28:59,720 INFO Epoch 1 | Batch 850 | Loss: 2.2791 | LR: 2.55e-04
2026-04-20 06:29:19,469 INFO Epoch 1 | Batch 900 | Loss: 2.3570 | LR: 2.70e-04
2026-04-20 06:29:39,211 INFO Epoch 1 | Batch 950 | Loss: 2.2245 | LR: 2.85e-04
2026-04-20 06:29:59,130 INFO Epoch 1 | Batch 1000 | Loss: 2.0428 | LR: 3.00e-04
2026-04-20 06:30:18,892 INFO Epoch 1 | Batch 1050 | Loss: 2.1497 | LR: 3.00e-04
2026-04-20 06:30:38,815 INFO Epoch 1 | Batch 1100 | Loss: 2.1638 | LR: 3.00e-04
2026-04-20 06:30:58,554 INFO Epoch 1 | Batch 1150 | Loss: 2.2857 | LR: 3.00e-04
2026-04-20 06:31:18,488 INFO Epoch 1 | Batch 1200 | Loss: 2.1770 | LR: 3.00e-04
2026-04-20 06:31:50,880 INFO Epoch 1 | Train: 2.5581 | Dev CER: 0.5089 | Dev WER: 0.9748 | Time: 511s | Peak: 45.9 GB
2026-04-20 06:31:50,880 INFO   New best CER: 0.5089
2026-04-20 06:31:53,889 INFO Epoch 2 | Batch 0 | Loss: 1.9998 | LR: 3.00e-04
2026-04-20 06:32:13,837 INFO Epoch 2 | Batch 50 | Loss: 2.2315 | LR: 3.00e-04
2026-04-20 06:32:33,741 INFO Epoch 2 | Batch 100 | Loss: 2.1650 | LR: 3.00e-04
2026-04-20 06:32:53,527 INFO Epoch 2 | Batch 150 | Loss: 2.0753 | LR: 3.00e-04
2026-04-20 06:33:13,351 INFO Epoch 2 | Batch 200 | Loss: 1.9194 | LR: 3.00e-04
2026-04-20 06:33:33,404 INFO Epoch 2 | Batch 250 | Loss: 1.6946 | LR: 3.00e-04
2026-04-20 06:33:53,063 INFO Epoch 2 | Batch 300 | Loss: 1.8710 | LR: 3.00e-04
2026-04-20 06:34:12,819 INFO Epoch 2 | Batch 350 | Loss: 1.8829 | LR: 3.00e-04
2026-04-20 06:34:32,587 INFO Epoch 2 | Batch 400 | Loss: 1.6653 | LR: 3.00e-04
2026-04-20 06:34:52,297 INFO Epoch 2 | Batch 450 | Loss: 1.7556 | LR: 3.00e-04
2026-04-20 06:35:12,123 INFO Epoch 2 | Batch 500 | Loss: 1.7319 | LR: 3.00e-04
2026-04-20 06:35:32,112 INFO Epoch 2 | Batch 550 | Loss: 1.9865 | LR: 3.00e-04
2026-04-20 06:35:51,833 INFO Epoch 2 | Batch 600 | Loss: 1.7956 | LR: 3.00e-04
2026-04-20 06:36:11,779 INFO Epoch 2 | Batch 650 | Loss: 1.9125 | LR: 3.00e-04
2026-04-20 06:36:31,740 INFO Epoch 2 | Batch 700 | Loss: 2.2065 | LR: 3.00e-04
2026-04-20 06:36:51,536 INFO Epoch 2 | Batch 750 | Loss: 1.7690 | LR: 2.99e-04
2026-04-20 06:37:11,116 INFO Epoch 2 | Batch 800 | Loss: 1.5056 | LR: 2.99e-04
2026-04-20 06:37:30,930 INFO Epoch 2 | Batch 850 | Loss: 1.8501 | LR: 2.99e-04
2026-04-20 06:37:50,397 INFO Epoch 2 | Batch 900 | Loss: 1.6993 | LR: 2.99e-04
2026-04-20 06:38:10,082 INFO Epoch 2 | Batch 950 | Loss: 1.5368 | LR: 2.99e-04
2026-04-20 06:38:29,638 INFO Epoch 2 | Batch 1000 | Loss: 2.3196 | LR: 2.99e-04
2026-04-20 06:38:49,325 INFO Epoch 2 | Batch 1050 | Loss: 1.7576 | LR: 2.99e-04
2026-04-20 06:39:09,037 INFO Epoch 2 | Batch 1100 | Loss: 1.6300 | LR: 2.99e-04
2026-04-20 06:39:28,876 INFO Epoch 2 | Batch 1150 | Loss: 1.4838 | LR: 2.99e-04
2026-04-20 06:39:48,747 INFO Epoch 2 | Batch 1200 | Loss: 1.5620 | LR: 2.99e-04
2026-04-20 06:40:22,709 INFO Epoch 2 | Train: 1.7991 | Dev CER: 0.3570 | Dev WER: 0.8134 | Time: 511s | Peak: 45.9 GB
2026-04-20 06:40:22,709 INFO   New best CER: 0.3570
2026-04-20 06:40:26,348 INFO Epoch 3 | Batch 0 | Loss: 1.4948 | LR: 2.99e-04
2026-04-20 06:40:46,202 INFO Epoch 3 | Batch 50 | Loss: 1.5615 | LR: 2.99e-04
2026-04-20 06:41:06,018 INFO Epoch 3 | Batch 100 | Loss: 1.5317 | LR: 2.99e-04
2026-04-20 06:41:25,925 INFO Epoch 3 | Batch 150 | Loss: 1.5144 | LR: 2.99e-04
2026-04-20 06:41:45,754 INFO Epoch 3 | Batch 200 | Loss: 1.6230 | LR: 2.98e-04
2026-04-20 06:42:05,659 INFO Epoch 3 | Batch 250 | Loss: 1.2347 | LR: 2.98e-04
2026-04-20 06:42:25,263 INFO Epoch 3 | Batch 300 | Loss: 1.6567 | LR: 2.98e-04
2026-04-20 06:42:45,170 INFO Epoch 3 | Batch 350 | Loss: 1.2916 | LR: 2.98e-04
2026-04-20 06:43:04,903 INFO Epoch 3 | Batch 400 | Loss: 1.3798 | LR: 2.98e-04
2026-04-20 06:43:24,766 INFO Epoch 3 | Batch 450 | Loss: 1.8590 | LR: 2.98e-04
2026-04-20 06:43:44,786 INFO Epoch 3 | Batch 500 | Loss: 1.4576 | LR: 2.98e-04
2026-04-20 06:44:04,628 INFO Epoch 3 | Batch 550 | Loss: 1.4085 | LR: 2.98e-04
2026-04-20 06:44:24,569 INFO Epoch 3 | Batch 600 | Loss: 1.6842 | LR: 2.98e-04
2026-04-20 06:44:44,173 INFO Epoch 3 | Batch 650 | Loss: 1.5120 | LR: 2.97e-04
2026-04-20 06:45:03,976 INFO Epoch 3 | Batch 700 | Loss: 1.6475 | LR: 2.97e-04
2026-04-20 06:45:24,007 INFO Epoch 3 | Batch 750 | Loss: 1.8822 | LR: 2.97e-04
2026-04-20 06:45:43,606 INFO Epoch 3 | Batch 800 | Loss: 1.5782 | LR: 2.97e-04
2026-04-20 06:46:03,424 INFO Epoch 3 | Batch 850 | Loss: 1.5454 | LR: 2.97e-04
2026-04-20 06:46:23,200 INFO Epoch 3 | Batch 900 | Loss: 1.7087 | LR: 2.97e-04
2026-04-20 06:46:43,075 INFO Epoch 3 | Batch 950 | Loss: 1.7655 | LR: 2.97e-04
2026-04-20 06:47:02,643 INFO Epoch 3 | Batch 1000 | Loss: 1.3406 | LR: 2.97e-04
2026-04-20 06:47:22,772 INFO Epoch 3 | Batch 1050 | Loss: 1.4615 | LR: 2.96e-04
2026-04-20 06:47:42,374 INFO Epoch 3 | Batch 1100 | Loss: 1.2658 | LR: 2.96e-04
2026-04-20 06:48:02,074 INFO Epoch 3 | Batch 1150 | Loss: 1.8537 | LR: 2.96e-04
2026-04-20 06:48:21,559 INFO Epoch 3 | Batch 1200 | Loss: 1.6470 | LR: 2.96e-04
2026-04-20 06:48:54,221 INFO Epoch 3 | Train: 1.5062 | Dev CER: 0.2997 | Dev WER: 0.7303 | Time: 511s | Peak: 45.9 GB
2026-04-20 06:48:54,221 INFO   New best CER: 0.2997
2026-04-20 06:48:57,679 INFO Epoch 4 | Batch 0 | Loss: 1.2778 | LR: 2.96e-04
2026-04-20 06:49:17,471 INFO Epoch 4 | Batch 50 | Loss: 1.6219 | LR: 2.96e-04
2026-04-20 06:49:37,248 INFO Epoch 4 | Batch 100 | Loss: 1.2849 | LR: 2.96e-04
2026-04-20 06:49:57,142 INFO Epoch 4 | Batch 150 | Loss: 1.7961 | LR: 2.95e-04
2026-04-20 06:50:16,933 INFO Epoch 4 | Batch 200 | Loss: 1.5428 | LR: 2.95e-04
2026-04-20 06:50:36,765 INFO Epoch 4 | Batch 250 | Loss: 1.4242 | LR: 2.95e-04
2026-04-20 06:50:56,467 INFO Epoch 4 | Batch 300 | Loss: 1.3613 | LR: 2.95e-04
2026-04-20 06:51:16,119 INFO Epoch 4 | Batch 350 | Loss: 1.7937 | LR: 2.95e-04
2026-04-20 06:51:35,863 INFO Epoch 4 | Batch 400 | Loss: 1.4899 | LR: 2.95e-04
2026-04-20 06:51:55,658 INFO Epoch 4 | Batch 450 | Loss: 1.3640 | LR: 2.94e-04
2026-04-20 06:52:15,079 INFO Epoch 4 | Batch 500 | Loss: 1.5387 | LR: 2.94e-04
2026-04-20 06:52:35,017 INFO Epoch 4 | Batch 550 | Loss: 1.2388 | LR: 2.94e-04
2026-04-20 06:52:54,906 INFO Epoch 4 | Batch 600 | Loss: 1.4576 | LR: 2.94e-04
2026-04-20 06:53:14,283 INFO Epoch 4 | Batch 650 | Loss: 1.3711 | LR: 2.94e-04
2026-04-20 06:53:34,083 INFO Epoch 4 | Batch 700 | Loss: 1.1970 | LR: 2.93e-04
2026-04-20 06:53:53,583 INFO Epoch 4 | Batch 750 | Loss: 1.3738 | LR: 2.93e-04
2026-04-20 06:54:13,066 INFO Epoch 4 | Batch 800 | Loss: 1.2269 | LR: 2.93e-04
2026-04-20 06:54:32,174 INFO Epoch 4 | Batch 850 | Loss: 1.6623 | LR: 2.93e-04
2026-04-20 06:54:51,721 INFO Epoch 4 | Batch 900 | Loss: 1.4076 | LR: 2.93e-04
2026-04-20 06:55:11,066 INFO Epoch 4 | Batch 950 | Loss: 1.3684 | LR: 2.92e-04
2026-04-20 06:55:30,535 INFO Epoch 4 | Batch 1000 | Loss: 1.2207 | LR: 2.92e-04
2026-04-20 06:55:50,202 INFO Epoch 4 | Batch 1050 | Loss: 1.4036 | LR: 2.92e-04
2026-04-20 06:56:09,673 INFO Epoch 4 | Batch 1100 | Loss: 1.2399 | LR: 2.92e-04
2026-04-20 06:56:29,247 INFO Epoch 4 | Batch 1150 | Loss: 1.5075 | LR: 2.92e-04
2026-04-20 06:56:48,661 INFO Epoch 4 | Batch 1200 | Loss: 1.6845 | LR: 2.91e-04
2026-04-20 06:57:20,779 INFO Epoch 4 | Train: 1.3646 | Dev CER: 0.2647 | Dev WER: 0.6682 | Time: 506s | Peak: 45.9 GB
2026-04-20 06:57:20,779 INFO   New best CER: 0.2647
2026-04-20 06:57:23,976 INFO Epoch 5 | Batch 0 | Loss: 1.0651 | LR: 2.91e-04
2026-04-20 06:57:43,897 INFO Epoch 5 | Batch 50 | Loss: 1.2503 | LR: 2.91e-04
2026-04-20 06:58:03,617 INFO Epoch 5 | Batch 100 | Loss: 1.3600 | LR: 2.91e-04
2026-04-20 06:58:23,720 INFO Epoch 5 | Batch 150 | Loss: 1.2847 | LR: 2.91e-04
2026-04-20 06:58:43,433 INFO Epoch 5 | Batch 200 | Loss: 1.1611 | LR: 2.90e-04
2026-04-20 06:59:03,337 INFO Epoch 5 | Batch 250 | Loss: 1.8848 | LR: 2.90e-04
2026-04-20 06:59:23,033 INFO Epoch 5 | Batch 300 | Loss: 1.0251 | LR: 2.90e-04
2026-04-20 06:59:42,943 INFO Epoch 5 | Batch 350 | Loss: 1.0796 | LR: 2.90e-04
2026-04-20 07:00:02,687 INFO Epoch 5 | Batch 400 | Loss: 1.0045 | LR: 2.89e-04
2026-04-20 07:00:22,644 INFO Epoch 5 | Batch 450 | Loss: 1.3251 | LR: 2.89e-04
2026-04-20 07:00:42,687 INFO Epoch 5 | Batch 500 | Loss: 1.1892 | LR: 2.89e-04
2026-04-20 07:01:02,473 INFO Epoch 5 | Batch 550 | Loss: 1.3197 | LR: 2.89e-04
2026-04-20 07:01:22,291 INFO Epoch 5 | Batch 600 | Loss: 1.4553 | LR: 2.88e-04
2026-04-20 07:01:42,162 INFO Epoch 5 | Batch 650 | Loss: 1.5333 | LR: 2.88e-04
2026-04-20 07:02:02,023 INFO Epoch 5 | Batch 700 | Loss: 1.2015 | LR: 2.88e-04
2026-04-20 07:02:21,851 INFO Epoch 5 | Batch 750 | Loss: 1.1065 | LR: 2.88e-04
2026-04-20 07:02:41,451 INFO Epoch 5 | Batch 800 | Loss: 1.1206 | LR: 2.87e-04
2026-04-20 07:03:01,218 INFO Epoch 5 | Batch 850 | Loss: 1.2347 | LR: 2.87e-04
2026-04-20 07:03:21,097 INFO Epoch 5 | Batch 900 | Loss: 1.2948 | LR: 2.87e-04
2026-04-20 07:03:40,832 INFO Epoch 5 | Batch 950 | Loss: 1.6757 | LR: 2.87e-04
2026-04-20 07:04:00,575 INFO Epoch 5 | Batch 1000 | Loss: 1.4072 | LR: 2.86e-04
2026-04-20 07:04:20,056 INFO Epoch 5 | Batch 1050 | Loss: 1.1488 | LR: 2.86e-04
2026-04-20 07:04:39,920 INFO Epoch 5 | Batch 1100 | Loss: 1.2850 | LR: 2.86e-04
2026-04-20 07:04:59,580 INFO Epoch 5 | Batch 1150 | Loss: 1.5837 | LR: 2.86e-04
2026-04-20 07:05:19,225 INFO Epoch 5 | Batch 1200 | Loss: 1.2477 | LR: 2.85e-04
2026-04-20 07:05:52,317 INFO Epoch 5 | Train: 1.2522 | Dev CER: 0.2382 | Dev WER: 0.6272 | Time: 511s | Peak: 45.9 GB
2026-04-20 07:05:52,317 INFO   New best CER: 0.2382
2026-04-20 07:05:55,539 INFO Epoch 6 | Batch 0 | Loss: 1.1974 | LR: 2.85e-04
2026-04-20 07:06:15,017 INFO Epoch 6 | Batch 50 | Loss: 1.7367 | LR: 2.85e-04
2026-04-20 07:06:34,988 INFO Epoch 6 | Batch 100 | Loss: 1.3932 | LR: 2.84e-04
2026-04-20 07:06:54,798 INFO Epoch 6 | Batch 150 | Loss: 1.2849 | LR: 2.84e-04
2026-04-20 07:07:14,477 INFO Epoch 6 | Batch 200 | Loss: 1.3200 | LR: 2.84e-04
2026-04-20 07:07:34,429 INFO Epoch 6 | Batch 250 | Loss: 1.0185 | LR: 2.84e-04
2026-04-20 07:07:54,182 INFO Epoch 6 | Batch 300 | Loss: 0.9687 | LR: 2.83e-04
2026-04-20 07:08:14,073 INFO Epoch 6 | Batch 350 | Loss: 1.1173 | LR: 2.83e-04
2026-04-20 07:08:33,948 INFO Epoch 6 | Batch 400 | Loss: 1.0103 | LR: 2.83e-04
2026-04-20 07:08:53,520 INFO Epoch 6 | Batch 450 | Loss: 1.8937 | LR: 2.82e-04
2026-04-20 07:09:13,214 INFO Epoch 6 | Batch 500 | Loss: 0.9891 | LR: 2.82e-04
2026-04-20 07:09:33,134 INFO Epoch 6 | Batch 550 | Loss: 1.0871 | LR: 2.82e-04
2026-04-20 07:09:52,684 INFO Epoch 6 | Batch 600 | Loss: 1.1581 | LR: 2.81e-04
2026-04-20 07:10:12,474 INFO Epoch 6 | Batch 650 | Loss: 1.3573 | LR: 2.81e-04
2026-04-20 07:10:32,154 INFO Epoch 6 | Batch 700 | Loss: 1.3856 | LR: 2.81e-04
2026-04-20 07:10:51,966 INFO Epoch 6 | Batch 750 | Loss: 1.2040 | LR: 2.81e-04
2026-04-20 07:11:11,761 INFO Epoch 6 | Batch 800 | Loss: 1.1105 | LR: 2.80e-04
2026-04-20 07:11:31,747 INFO Epoch 6 | Batch 850 | Loss: 1.2665 | LR: 2.80e-04
2026-04-20 07:11:51,579 INFO Epoch 6 | Batch 900 | Loss: 0.9618 | LR: 2.80e-04
2026-04-20 07:12:11,565 INFO Epoch 6 | Batch 950 | Loss: 1.5525 | LR: 2.79e-04
2026-04-20 07:12:31,278 INFO Epoch 6 | Batch 1000 | Loss: 1.1735 | LR: 2.79e-04
2026-04-20 07:12:51,236 INFO Epoch 6 | Batch 1050 | Loss: 1.3133 | LR: 2.79e-04
2026-04-20 07:13:11,170 INFO Epoch 6 | Batch 1100 | Loss: 1.3439 | LR: 2.78e-04
2026-04-20 07:13:30,916 INFO Epoch 6 | Batch 1150 | Loss: 1.0785 | LR: 2.78e-04
2026-04-20 07:13:50,662 INFO Epoch 6 | Batch 1200 | Loss: 1.0115 | LR: 2.78e-04
2026-04-20 07:14:21,946 INFO Epoch 6 | Train: 1.1722 | Dev CER: 0.2210 | Dev WER: 0.5933 | Time: 509s | Peak: 45.9 GB
2026-04-20 07:14:21,946 INFO   New best CER: 0.2210
2026-04-20 07:14:25,330 INFO Epoch 7 | Batch 0 | Loss: 1.2978 | LR: 2.77e-04
2026-04-20 07:14:45,186 INFO Epoch 7 | Batch 50 | Loss: 1.3183 | LR: 2.77e-04
2026-04-20 07:15:05,078 INFO Epoch 7 | Batch 100 | Loss: 1.0298 | LR: 2.77e-04
2026-04-20 07:15:24,567 INFO Epoch 7 | Batch 150 | Loss: 1.2508 | LR: 2.76e-04
2026-04-20 07:15:44,408 INFO Epoch 7 | Batch 200 | Loss: 0.9868 | LR: 2.76e-04
2026-04-20 07:16:03,899 INFO Epoch 7 | Batch 250 | Loss: 1.1756 | LR: 2.76e-04
2026-04-20 07:16:23,473 INFO Epoch 7 | Batch 300 | Loss: 1.0179 | LR: 2.75e-04
2026-04-20 07:16:43,442 INFO Epoch 7 | Batch 350 | Loss: 1.3278 | LR: 2.75e-04
2026-04-20 07:17:03,378 INFO Epoch 7 | Batch 400 | Loss: 1.0040 | LR: 2.74e-04
2026-04-20 07:17:23,243 INFO Epoch 7 | Batch 450 | Loss: 1.2591 | LR: 2.74e-04
2026-04-20 07:17:43,046 INFO Epoch 7 | Batch 500 | Loss: 1.3089 | LR: 2.74e-04
2026-04-20 07:18:03,068 INFO Epoch 7 | Batch 550 | Loss: 0.9798 | LR: 2.73e-04
2026-04-20 07:18:22,715 INFO Epoch 7 | Batch 600 | Loss: 1.1234 | LR: 2.73e-04
2026-04-20 07:18:42,663 INFO Epoch 7 | Batch 650 | Loss: 1.3255 | LR: 2.73e-04
2026-04-20 07:19:02,624 INFO Epoch 7 | Batch 700 | Loss: 1.2151 | LR: 2.72e-04
2026-04-20 07:19:22,166 INFO Epoch 7 | Batch 750 | Loss: 1.3509 | LR: 2.72e-04
2026-04-20 07:19:42,114 INFO Epoch 7 | Batch 800 | Loss: 1.5414 | LR: 2.71e-04
2026-04-20 07:20:02,093 INFO Epoch 7 | Batch 850 | Loss: 1.3017 | LR: 2.71e-04
2026-04-20 07:20:21,816 INFO Epoch 7 | Batch 900 | Loss: 1.0486 | LR: 2.71e-04
2026-04-20 07:20:41,263 INFO Epoch 7 | Batch 950 | Loss: 0.9800 | LR: 2.70e-04
2026-04-20 07:21:00,834 INFO Epoch 7 | Batch 1000 | Loss: 0.9325 | LR: 2.70e-04
2026-04-20 07:21:20,788 INFO Epoch 7 | Batch 1050 | Loss: 1.3178 | LR: 2.69e-04
2026-04-20 07:21:40,680 INFO Epoch 7 | Batch 1100 | Loss: 1.5821 | LR: 2.69e-04
2026-04-20 07:22:00,405 INFO Epoch 7 | Batch 1150 | Loss: 1.0069 | LR: 2.69e-04
2026-04-20 07:22:20,449 INFO Epoch 7 | Batch 1200 | Loss: 0.7647 | LR: 2.68e-04
2026-04-20 07:22:52,899 INFO Epoch 7 | Train: 1.1232 | Dev CER: 0.2108 | Dev WER: 0.5648 | Time: 510s | Peak: 45.9 GB
2026-04-20 07:22:52,900 INFO   New best CER: 0.2108
2026-04-20 07:22:56,637 INFO Epoch 8 | Batch 0 | Loss: 1.0462 | LR: 2.68e-04
2026-04-20 07:23:16,237 INFO Epoch 8 | Batch 50 | Loss: 1.1446 | LR: 2.68e-04
2026-04-20 07:23:35,936 INFO Epoch 8 | Batch 100 | Loss: 1.1152 | LR: 2.67e-04
2026-04-20 07:23:55,460 INFO Epoch 8 | Batch 150 | Loss: 1.3245 | LR: 2.67e-04
2026-04-20 07:24:15,199 INFO Epoch 8 | Batch 200 | Loss: 1.0454 | LR: 2.66e-04
2026-04-20 07:24:34,975 INFO Epoch 8 | Batch 250 | Loss: 1.2946 | LR: 2.66e-04
2026-04-20 07:24:54,758 INFO Epoch 8 | Batch 300 | Loss: 0.9486 | LR: 2.66e-04
2026-04-20 07:25:14,426 INFO Epoch 8 | Batch 350 | Loss: 1.3225 | LR: 2.65e-04
2026-04-20 07:25:34,337 INFO Epoch 8 | Batch 400 | Loss: 0.9332 | LR: 2.65e-04
2026-04-20 07:25:54,105 INFO Epoch 8 | Batch 450 | Loss: 1.2216 | LR: 2.64e-04
2026-04-20 07:26:13,916 INFO Epoch 8 | Batch 500 | Loss: 1.0148 | LR: 2.64e-04
2026-04-20 07:26:33,567 INFO Epoch 8 | Batch 550 | Loss: 1.0453 | LR: 2.63e-04
2026-04-20 07:26:53,390 INFO Epoch 8 | Batch 600 | Loss: 0.9269 | LR: 2.63e-04
2026-04-20 07:27:12,975 INFO Epoch 8 | Batch 650 | Loss: 0.9960 | LR: 2.63e-04
2026-04-20 07:27:32,551 INFO Epoch 8 | Batch 700 | Loss: 0.9181 | LR: 2.62e-04
2026-04-20 07:27:52,723 INFO Epoch 8 | Batch 750 | Loss: 0.8772 | LR: 2.62e-04
2026-04-20 07:28:12,596 INFO Epoch 8 | Batch 800 | Loss: 1.0659 | LR: 2.61e-04
2026-04-20 07:28:32,092 INFO Epoch 8 | Batch 850 | Loss: 0.7826 | LR: 2.61e-04
2026-04-20 07:28:52,089 INFO Epoch 8 | Batch 900 | Loss: 1.1880 | LR: 2.60e-04
2026-04-20 07:29:11,809 INFO Epoch 8 | Batch 950 | Loss: 1.0943 | LR: 2.60e-04
2026-04-20 07:29:31,558 INFO Epoch 8 | Batch 1000 | Loss: 0.8944 | LR: 2.60e-04
2026-04-20 07:29:51,269 INFO Epoch 8 | Batch 1050 | Loss: 0.9852 | LR: 2.59e-04
2026-04-20 07:30:11,202 INFO Epoch 8 | Batch 1100 | Loss: 0.9744 | LR: 2.59e-04
2026-04-20 07:30:31,103 INFO Epoch 8 | Batch 1150 | Loss: 0.8753 | LR: 2.58e-04
2026-04-20 07:30:51,071 INFO Epoch 8 | Batch 1200 | Loss: 0.9001 | LR: 2.58e-04
2026-04-20 07:31:21,632 INFO Epoch 8 | Train: 1.0701 | Dev CER: 0.1944 | Dev WER: 0.5371 | Time: 508s | Peak: 45.9 GB
2026-04-20 07:31:21,632 INFO   New best CER: 0.1944
2026-04-20 07:31:24,874 INFO Epoch 9 | Batch 0 | Loss: 1.0059 | LR: 2.57e-04
2026-04-20 07:31:44,650 INFO Epoch 9 | Batch 50 | Loss: 1.0859 | LR: 2.57e-04
2026-04-20 07:32:04,499 INFO Epoch 9 | Batch 100 | Loss: 0.9431 | LR: 2.56e-04
2026-04-20 07:32:24,285 INFO Epoch 9 | Batch 150 | Loss: 1.1097 | LR: 2.56e-04
2026-04-20 07:32:44,248 INFO Epoch 9 | Batch 200 | Loss: 0.9779 | LR: 2.56e-04
2026-04-20 07:33:04,001 INFO Epoch 9 | Batch 250 | Loss: 1.1327 | LR: 2.55e-04
2026-04-20 07:33:23,752 INFO Epoch 9 | Batch 300 | Loss: 0.9672 | LR: 2.55e-04
2026-04-20 07:33:43,430 INFO Epoch 9 | Batch 350 | Loss: 1.2389 | LR: 2.54e-04
2026-04-20 07:34:03,281 INFO Epoch 9 | Batch 400 | Loss: 0.9037 | LR: 2.54e-04
2026-04-20 07:34:23,181 INFO Epoch 9 | Batch 450 | Loss: 0.8190 | LR: 2.53e-04
2026-04-20 07:34:43,211 INFO Epoch 9 | Batch 500 | Loss: 0.8590 | LR: 2.53e-04
2026-04-20 07:35:03,033 INFO Epoch 9 | Batch 550 | Loss: 0.8159 | LR: 2.52e-04
2026-04-20 07:35:22,674 INFO Epoch 9 | Batch 600 | Loss: 0.8946 | LR: 2.52e-04
2026-04-20 07:35:42,469 INFO Epoch 9 | Batch 650 | Loss: 1.1391 | LR: 2.51e-04
2026-04-20 07:36:02,394 INFO Epoch 9 | Batch 700 | Loss: 0.8194 | LR: 2.51e-04
2026-04-20 07:36:22,326 INFO Epoch 9 | Batch 750 | Loss: 0.9841 | LR: 2.50e-04
2026-04-20 07:36:42,107 INFO Epoch 9 | Batch 800 | Loss: 1.0205 | LR: 2.50e-04
2026-04-20 07:37:01,701 INFO Epoch 9 | Batch 850 | Loss: 1.2208 | LR: 2.49e-04
2026-04-20 07:37:21,436 INFO Epoch 9 | Batch 900 | Loss: 1.1961 | LR: 2.49e-04
2026-04-20 07:37:41,012 INFO Epoch 9 | Batch 950 | Loss: 1.0284 | LR: 2.48e-04
2026-04-20 07:38:00,836 INFO Epoch 9 | Batch 1000 | Loss: 0.9457 | LR: 2.48e-04
2026-04-20 07:38:20,505 INFO Epoch 9 | Batch 1050 | Loss: 1.1791 | LR: 2.47e-04
2026-04-20 07:38:40,254 INFO Epoch 9 | Batch 1100 | Loss: 0.8824 | LR: 2.47e-04
2026-04-20 07:38:59,951 INFO Epoch 9 | Batch 1150 | Loss: 0.8121 | LR: 2.46e-04
2026-04-20 07:39:19,650 INFO Epoch 9 | Batch 1200 | Loss: 1.0104 | LR: 2.46e-04
2026-04-20 07:39:50,577 INFO Epoch 9 | Train: 1.0363 | Dev CER: 0.1878 | Dev WER: 0.5217 | Time: 508s | Peak: 45.9 GB
2026-04-20 07:39:50,577 INFO   New best CER: 0.1878
2026-04-20 07:39:54,208 INFO Epoch 10 | Batch 0 | Loss: 0.9873 | LR: 2.46e-04
2026-04-20 07:40:14,026 INFO Epoch 10 | Batch 50 | Loss: 1.0178 | LR: 2.45e-04
2026-04-20 07:40:33,758 INFO Epoch 10 | Batch 100 | Loss: 0.8941 | LR: 2.45e-04
2026-04-20 07:40:53,683 INFO Epoch 10 | Batch 150 | Loss: 0.9866 | LR: 2.44e-04
2026-04-20 07:41:13,766 INFO Epoch 10 | Batch 200 | Loss: 0.9681 | LR: 2.44e-04
2026-04-20 07:41:33,585 INFO Epoch 10 | Batch 250 | Loss: 0.8593 | LR: 2.43e-04
2026-04-20 07:41:53,326 INFO Epoch 10 | Batch 300 | Loss: 0.8371 | LR: 2.43e-04
2026-04-20 07:42:13,066 INFO Epoch 10 | Batch 350 | Loss: 0.8352 | LR: 2.42e-04
2026-04-20 07:42:32,616 INFO Epoch 10 | Batch 400 | Loss: 0.6713 | LR: 2.41e-04
2026-04-20 07:42:52,329 INFO Epoch 10 | Batch 450 | Loss: 1.0461 | LR: 2.41e-04
2026-04-20 07:43:12,035 INFO Epoch 10 | Batch 500 | Loss: 0.8598 | LR: 2.40e-04
2026-04-20 07:43:31,726 INFO Epoch 10 | Batch 550 | Loss: 0.9395 | LR: 2.40e-04
2026-04-20 07:43:51,515 INFO Epoch 10 | Batch 600 | Loss: 1.1049 | LR: 2.39e-04
2026-04-20 07:44:10,978 INFO Epoch 10 | Batch 650 | Loss: 0.9874 | LR: 2.39e-04
2026-04-20 07:44:30,953 INFO Epoch 10 | Batch 700 | Loss: 1.4580 | LR: 2.38e-04
2026-04-20 07:44:50,547 INFO Epoch 10 | Batch 750 | Loss: 0.6868 | LR: 2.38e-04
2026-04-20 07:45:10,219 INFO Epoch 10 | Batch 800 | Loss: 1.6157 | LR: 2.37e-04
2026-04-20 07:45:29,974 INFO Epoch 10 | Batch 850 | Loss: 0.7978 | LR: 2.37e-04
2026-04-20 07:45:50,082 INFO Epoch 10 | Batch 900 | Loss: 0.8132 | LR: 2.36e-04
2026-04-20 07:46:10,176 INFO Epoch 10 | Batch 950 | Loss: 0.8816 | LR: 2.36e-04
2026-04-20 07:46:29,795 INFO Epoch 10 | Batch 1000 | Loss: 0.8772 | LR: 2.35e-04
2026-04-20 07:46:49,776 INFO Epoch 10 | Batch 1050 | Loss: 0.8601 | LR: 2.35e-04
2026-04-20 07:47:09,543 INFO Epoch 10 | Batch 1100 | Loss: 0.7934 | LR: 2.34e-04
2026-04-20 07:47:29,372 INFO Epoch 10 | Batch 1150 | Loss: 0.8827 | LR: 2.34e-04
2026-04-20 07:47:49,138 INFO Epoch 10 | Batch 1200 | Loss: 0.8879 | LR: 2.33e-04
2026-04-20 07:48:22,243 INFO Epoch 10 | Train: 0.9926 | Dev CER: 0.1742 | Dev WER: 0.4997 | Time: 511s | Peak: 45.9 GB
2026-04-20 07:48:22,243 INFO   New best CER: 0.1742
2026-04-20 07:48:25,964 INFO Epoch 11 | Batch 0 | Loss: 0.9789 | LR: 2.33e-04
2026-04-20 07:48:45,769 INFO Epoch 11 | Batch 50 | Loss: 0.9156 | LR: 2.32e-04
2026-04-20 07:49:05,699 INFO Epoch 11 | Batch 100 | Loss: 0.6962 | LR: 2.32e-04
2026-04-20 07:49:25,528 INFO Epoch 11 | Batch 150 | Loss: 0.7046 | LR: 2.31e-04
2026-04-20 07:49:45,477 INFO Epoch 11 | Batch 200 | Loss: 1.2147 | LR: 2.30e-04
2026-04-20 07:50:05,623 INFO Epoch 11 | Batch 250 | Loss: 1.0372 | LR: 2.30e-04
2026-04-20 07:50:25,377 INFO Epoch 11 | Batch 300 | Loss: 1.1338 | LR: 2.29e-04
2026-04-20 07:50:45,262 INFO Epoch 11 | Batch 350 | Loss: 1.1490 | LR: 2.29e-04
2026-04-20 07:51:04,970 INFO Epoch 11 | Batch 400 | Loss: 0.6663 | LR: 2.28e-04
2026-04-20 07:51:24,892 INFO Epoch 11 | Batch 450 | Loss: 0.6613 | LR: 2.28e-04
2026-04-20 07:51:44,684 INFO Epoch 11 | Batch 500 | Loss: 0.9522 | LR: 2.27e-04
2026-04-20 07:52:04,328 INFO Epoch 11 | Batch 550 | Loss: 0.9954 | LR: 2.27e-04
2026-04-20 07:52:24,222 INFO Epoch 11 | Batch 600 | Loss: 0.9511 | LR: 2.26e-04
2026-04-20 07:52:43,964 INFO Epoch 11 | Batch 650 | Loss: 1.3518 | LR: 2.25e-04
2026-04-20 07:53:03,788 INFO Epoch 11 | Batch 700 | Loss: 0.8796 | LR: 2.25e-04
2026-04-20 07:53:23,877 INFO Epoch 11 | Batch 750 | Loss: 0.9215 | LR: 2.24e-04
2026-04-20 07:53:43,593 INFO Epoch 11 | Batch 800 | Loss: 1.0550 | LR: 2.24e-04
2026-04-20 07:54:03,684 INFO Epoch 11 | Batch 850 | Loss: 0.8934 | LR: 2.23e-04
2026-04-20 07:54:23,350 INFO Epoch 11 | Batch 900 | Loss: 0.8636 | LR: 2.23e-04
2026-04-20 07:54:43,183 INFO Epoch 11 | Batch 950 | Loss: 0.6689 | LR: 2.22e-04
2026-04-20 07:55:02,814 INFO Epoch 11 | Batch 1000 | Loss: 0.8169 | LR: 2.21e-04
2026-04-20 07:55:22,575 INFO Epoch 11 | Batch 1050 | Loss: 0.9845 | LR: 2.21e-04
2026-04-20 07:55:42,147 INFO Epoch 11 | Batch 1100 | Loss: 0.9318 | LR: 2.20e-04
2026-04-20 07:56:01,766 INFO Epoch 11 | Batch 1150 | Loss: 1.0317 | LR: 2.20e-04
2026-04-20 07:56:21,651 INFO Epoch 11 | Batch 1200 | Loss: 0.7290 | LR: 2.19e-04
2026-04-20 07:56:53,115 INFO Epoch 11 | Train: 0.9606 | Dev CER: 0.1728 | Dev WER: 0.4850 | Time: 510s | Peak: 45.9 GB
2026-04-20 07:56:53,115 INFO   New best CER: 0.1728
2026-04-20 07:56:56,511 INFO Epoch 12 | Batch 0 | Loss: 0.8801 | LR: 2.19e-04
2026-04-20 07:57:16,290 INFO Epoch 12 | Batch 50 | Loss: 1.8556 | LR: 2.18e-04
2026-04-20 07:57:35,941 INFO Epoch 12 | Batch 100 | Loss: 1.5495 | LR: 2.18e-04
2026-04-20 07:57:55,786 INFO Epoch 12 | Batch 150 | Loss: 0.8917 | LR: 2.17e-04
2026-04-20 07:58:15,553 INFO Epoch 12 | Batch 200 | Loss: 0.7052 | LR: 2.16e-04
2026-04-20 07:58:35,187 INFO Epoch 12 | Batch 250 | Loss: 0.8865 | LR: 2.16e-04
2026-04-20 07:58:55,196 INFO Epoch 12 | Batch 300 | Loss: 0.6896 | LR: 2.15e-04
2026-04-20 07:59:14,881 INFO Epoch 12 | Batch 350 | Loss: 1.0847 | LR: 2.15e-04
2026-04-20 07:59:34,718 INFO Epoch 12 | Batch 400 | Loss: 0.9331 | LR: 2.14e-04
2026-04-20 07:59:54,631 INFO Epoch 12 | Batch 450 | Loss: 0.8565 | LR: 2.13e-04
2026-04-20 08:00:14,572 INFO Epoch 12 | Batch 500 | Loss: 0.8014 | LR: 2.13e-04
2026-04-20 08:00:34,211 INFO Epoch 12 | Batch 550 | Loss: 1.2066 | LR: 2.12e-04
2026-04-20 08:00:54,210 INFO Epoch 12 | Batch 600 | Loss: 0.8378 | LR: 2.12e-04
2026-04-20 08:01:13,982 INFO Epoch 12 | Batch 650 | Loss: 1.0786 | LR: 2.11e-04
2026-04-20 08:01:33,636 INFO Epoch 12 | Batch 700 | Loss: 1.0279 | LR: 2.11e-04
2026-04-20 08:01:53,544 INFO Epoch 12 | Batch 750 | Loss: 0.6331 | LR: 2.10e-04
2026-04-20 08:02:13,580 INFO Epoch 12 | Batch 800 | Loss: 0.7962 | LR: 2.09e-04
2026-04-20 08:02:33,619 INFO Epoch 12 | Batch 850 | Loss: 0.8800 | LR: 2.09e-04
2026-04-20 08:02:53,400 INFO Epoch 12 | Batch 900 | Loss: 0.9944 | LR: 2.08e-04
2026-04-20 08:03:13,246 INFO Epoch 12 | Batch 950 | Loss: 1.1667 | LR: 2.08e-04
2026-04-20 08:03:32,869 INFO Epoch 12 | Batch 1000 | Loss: 1.0344 | LR: 2.07e-04
2026-04-20 08:03:52,502 INFO Epoch 12 | Batch 1050 | Loss: 0.9156 | LR: 2.06e-04
2026-04-20 08:04:12,245 INFO Epoch 12 | Batch 1100 | Loss: 0.8676 | LR: 2.06e-04
2026-04-20 08:04:32,109 INFO Epoch 12 | Batch 1150 | Loss: 0.8368 | LR: 2.05e-04
2026-04-20 08:04:51,849 INFO Epoch 12 | Batch 1200 | Loss: 1.1410 | LR: 2.04e-04
2026-04-20 08:05:23,399 INFO Epoch 12 | Train: 0.9433 | Dev CER: 0.1622 | Dev WER: 0.4640 | Time: 510s | Peak: 45.9 GB
2026-04-20 08:05:23,399 INFO   New best CER: 0.1622
2026-04-20 08:05:27,492 INFO Epoch 13 | Batch 0 | Loss: 0.9337 | LR: 2.04e-04
2026-04-20 08:05:47,426 INFO Epoch 13 | Batch 50 | Loss: 0.7456 | LR: 2.03e-04
2026-04-20 08:06:07,244 INFO Epoch 13 | Batch 100 | Loss: 0.7497 | LR: 2.03e-04
2026-04-20 08:06:26,947 INFO Epoch 13 | Batch 150 | Loss: 0.7188 | LR: 2.02e-04
2026-04-20 08:06:46,538 INFO Epoch 13 | Batch 200 | Loss: 0.7773 | LR: 2.02e-04
2026-04-20 08:07:06,286 INFO Epoch 13 | Batch 250 | Loss: 0.9899 | LR: 2.01e-04
2026-04-20 08:07:26,118 INFO Epoch 13 | Batch 300 | Loss: 0.7783 | LR: 2.00e-04
2026-04-20 08:07:45,786 INFO Epoch 13 | Batch 350 | Loss: 1.0643 | LR: 2.00e-04
2026-04-20 08:08:05,607 INFO Epoch 13 | Batch 400 | Loss: 0.8767 | LR: 1.99e-04
2026-04-20 08:08:25,356 INFO Epoch 13 | Batch 450 | Loss: 0.8672 | LR: 1.99e-04
2026-04-20 08:08:44,936 INFO Epoch 13 | Batch 500 | Loss: 0.7133 | LR: 1.98e-04
2026-04-20 08:09:04,826 INFO Epoch 13 | Batch 550 | Loss: 0.7705 | LR: 1.97e-04
2026-04-20 08:09:24,800 INFO Epoch 13 | Batch 600 | Loss: 0.7795 | LR: 1.97e-04
2026-04-20 08:09:44,579 INFO Epoch 13 | Batch 650 | Loss: 0.9560 | LR: 1.96e-04
2026-04-20 08:10:04,310 INFO Epoch 13 | Batch 700 | Loss: 0.9531 | LR: 1.95e-04
2026-04-20 08:10:23,990 INFO Epoch 13 | Batch 750 | Loss: 0.9445 | LR: 1.95e-04
2026-04-20 08:10:44,053 INFO Epoch 13 | Batch 800 | Loss: 0.7748 | LR: 1.94e-04
2026-04-20 08:11:03,726 INFO Epoch 13 | Batch 850 | Loss: 1.2893 | LR: 1.94e-04
2026-04-20 08:11:23,443 INFO Epoch 13 | Batch 900 | Loss: 1.0204 | LR: 1.93e-04
2026-04-20 08:11:43,000 INFO Epoch 13 | Batch 950 | Loss: 0.9005 | LR: 1.92e-04
2026-04-20 08:12:03,021 INFO Epoch 13 | Batch 1000 | Loss: 0.8320 | LR: 1.92e-04
2026-04-20 08:12:22,654 INFO Epoch 13 | Batch 1050 | Loss: 0.7248 | LR: 1.91e-04
2026-04-20 08:12:42,596 INFO Epoch 13 | Batch 1100 | Loss: 1.4802 | LR: 1.90e-04
2026-04-20 08:13:02,681 INFO Epoch 13 | Batch 1150 | Loss: 1.0159 | LR: 1.90e-04
2026-04-20 08:13:22,461 INFO Epoch 13 | Batch 1200 | Loss: 1.2894 | LR: 1.89e-04
2026-04-20 08:13:54,316 INFO Epoch 13 | Train: 0.9091 | Dev CER: 0.1596 | Dev WER: 0.4561 | Time: 510s | Peak: 45.9 GB
2026-04-20 08:13:54,316 INFO   New best CER: 0.1596
2026-04-20 08:13:58,228 INFO Epoch 14 | Batch 0 | Loss: 0.9517 | LR: 1.89e-04
2026-04-20 08:14:18,142 INFO Epoch 14 | Batch 50 | Loss: 1.1994 | LR: 1.88e-04
2026-04-20 08:14:37,746 INFO Epoch 14 | Batch 100 | Loss: 0.8168 | LR: 1.87e-04
2026-04-20 08:14:57,562 INFO Epoch 14 | Batch 150 | Loss: 0.8066 | LR: 1.87e-04
2026-04-20 08:15:17,141 INFO Epoch 14 | Batch 200 | Loss: 0.8979 | LR: 1.86e-04
2026-04-20 08:15:36,775 INFO Epoch 14 | Batch 250 | Loss: 0.9906 | LR: 1.86e-04
2026-04-20 08:15:56,652 INFO Epoch 14 | Batch 300 | Loss: 0.7360 | LR: 1.85e-04
2026-04-20 08:16:16,567 INFO Epoch 14 | Batch 350 | Loss: 0.9545 | LR: 1.84e-04
2026-04-20 08:16:36,576 INFO Epoch 14 | Batch 400 | Loss: 0.8628 | LR: 1.84e-04
2026-04-20 08:16:56,590 INFO Epoch 14 | Batch 450 | Loss: 0.9675 | LR: 1.83e-04
2026-04-20 08:17:16,203 INFO Epoch 14 | Batch 500 | Loss: 0.8783 | LR: 1.82e-04
2026-04-20 08:17:35,793 INFO Epoch 14 | Batch 550 | Loss: 0.8847 | LR: 1.82e-04
2026-04-20 08:17:55,140 INFO Epoch 14 | Batch 600 | Loss: 1.0684 | LR: 1.81e-04
2026-04-20 08:18:14,850 INFO Epoch 14 | Batch 650 | Loss: 0.8181 | LR: 1.81e-04
2026-04-20 08:18:34,713 INFO Epoch 14 | Batch 700 | Loss: 0.9616 | LR: 1.80e-04
2026-04-20 08:18:54,519 INFO Epoch 14 | Batch 750 | Loss: 0.7475 | LR: 1.79e-04
2026-04-20 08:19:14,289 INFO Epoch 14 | Batch 800 | Loss: 0.8420 | LR: 1.79e-04
2026-04-20 08:19:34,198 INFO Epoch 14 | Batch 850 | Loss: 0.7761 | LR: 1.78e-04
2026-04-20 08:19:54,292 INFO Epoch 14 | Batch 900 | Loss: 0.8446 | LR: 1.77e-04
2026-04-20 08:20:13,957 INFO Epoch 14 | Batch 950 | Loss: 0.9254 | LR: 1.77e-04
2026-04-20 08:20:33,804 INFO Epoch 14 | Batch 1000 | Loss: 0.7483 | LR: 1.76e-04
2026-04-20 08:20:53,685 INFO Epoch 14 | Batch 1050 | Loss: 0.9251 | LR: 1.75e-04
2026-04-20 08:21:13,511 INFO Epoch 14 | Batch 1100 | Loss: 0.7835 | LR: 1.75e-04
2026-04-20 08:21:32,927 INFO Epoch 14 | Batch 1150 | Loss: 0.8764 | LR: 1.74e-04
2026-04-20 08:21:52,658 INFO Epoch 14 | Batch 1200 | Loss: 0.9209 | LR: 1.73e-04
2026-04-20 08:22:26,869 INFO Epoch 14 | Train: 0.8962 | Dev CER: 0.1555 | Dev WER: 0.4430 | Time: 512s | Peak: 45.9 GB
2026-04-20 08:22:26,869 INFO   New best CER: 0.1555
2026-04-20 08:22:30,258 INFO Epoch 15 | Batch 0 | Loss: 0.7718 | LR: 1.73e-04
2026-04-20 08:22:49,936 INFO Epoch 15 | Batch 50 | Loss: 0.8764 | LR: 1.72e-04
2026-04-20 08:23:09,612 INFO Epoch 15 | Batch 100 | Loss: 0.7143 | LR: 1.72e-04
2026-04-20 08:23:29,274 INFO Epoch 15 | Batch 150 | Loss: 0.6948 | LR: 1.71e-04
2026-04-20 08:23:49,224 INFO Epoch 15 | Batch 200 | Loss: 1.0083 | LR: 1.70e-04
2026-04-20 08:24:08,720 INFO Epoch 15 | Batch 250 | Loss: 0.7485 | LR: 1.70e-04
2026-04-20 08:24:28,485 INFO Epoch 15 | Batch 300 | Loss: 0.8789 | LR: 1.69e-04
2026-04-20 08:24:48,448 INFO Epoch 15 | Batch 350 | Loss: 0.7229 | LR: 1.68e-04
2026-04-20 08:25:08,025 INFO Epoch 15 | Batch 400 | Loss: 0.7245 | LR: 1.68e-04
2026-04-20 08:25:27,862 INFO Epoch 15 | Batch 450 | Loss: 0.6631 | LR: 1.67e-04
2026-04-20 08:25:47,668 INFO Epoch 15 | Batch 500 | Loss: 0.9499 | LR: 1.67e-04
2026-04-20 08:26:07,583 INFO Epoch 15 | Batch 550 | Loss: 0.7073 | LR: 1.66e-04
2026-04-20 08:26:27,388 INFO Epoch 15 | Batch 600 | Loss: 0.6597 | LR: 1.65e-04
2026-04-20 08:26:47,405 INFO Epoch 15 | Batch 650 | Loss: 0.6523 | LR: 1.65e-04
2026-04-20 08:27:07,066 INFO Epoch 15 | Batch 700 | Loss: 0.8444 | LR: 1.64e-04
2026-04-20 08:27:26,924 INFO Epoch 15 | Batch 750 | Loss: 0.8406 | LR: 1.63e-04
2026-04-20 08:27:46,825 INFO Epoch 15 | Batch 800 | Loss: 0.9105 | LR: 1.63e-04
2026-04-20 08:28:06,798 INFO Epoch 15 | Batch 850 | Loss: 0.6990 | LR: 1.62e-04
2026-04-20 08:28:26,633 INFO Epoch 15 | Batch 900 | Loss: 0.9709 | LR: 1.61e-04
2026-04-20 08:28:46,720 INFO Epoch 15 | Batch 950 | Loss: 0.9082 | LR: 1.61e-04
2026-04-20 08:29:06,770 INFO Epoch 15 | Batch 1000 | Loss: 0.7849 | LR: 1.60e-04
2026-04-20 08:29:26,476 INFO Epoch 15 | Batch 1050 | Loss: 0.7221 | LR: 1.59e-04
2026-04-20 08:29:45,991 INFO Epoch 15 | Batch 1100 | Loss: 0.9005 | LR: 1.59e-04
2026-04-20 08:30:05,798 INFO Epoch 15 | Batch 1150 | Loss: 0.9394 | LR: 1.58e-04
2026-04-20 08:30:25,368 INFO Epoch 15 | Batch 1200 | Loss: 1.0072 | LR: 1.57e-04
2026-04-20 08:30:55,231 INFO Epoch 15 | Train: 0.8759 | Dev CER: 0.1490 | Dev WER: 0.4346 | Time: 508s | Peak: 45.9 GB
2026-04-20 08:30:55,231 INFO   New best CER: 0.1490
2026-04-20 08:30:58,734 INFO Epoch 16 | Batch 0 | Loss: 0.7915 | LR: 1.57e-04
2026-04-20 08:31:18,614 INFO Epoch 16 | Batch 50 | Loss: 0.7934 | LR: 1.56e-04
2026-04-20 08:31:38,134 INFO Epoch 16 | Batch 100 | Loss: 1.0677 | LR: 1.56e-04
2026-04-20 08:31:58,191 INFO Epoch 16 | Batch 150 | Loss: 0.7439 | LR: 1.55e-04
2026-04-20 08:32:17,769 INFO Epoch 16 | Batch 200 | Loss: 0.6188 | LR: 1.54e-04
2026-04-20 08:32:37,684 INFO Epoch 16 | Batch 250 | Loss: 0.9232 | LR: 1.54e-04
2026-04-20 08:32:57,637 INFO Epoch 16 | Batch 300 | Loss: 0.9635 | LR: 1.53e-04
2026-04-20 08:33:17,541 INFO Epoch 16 | Batch 350 | Loss: 0.7529 | LR: 1.52e-04
2026-04-20 08:33:37,372 INFO Epoch 16 | Batch 400 | Loss: 0.6990 | LR: 1.52e-04
2026-04-20 08:33:57,256 INFO Epoch 16 | Batch 450 | Loss: 0.7892 | LR: 1.51e-04
2026-04-20 08:34:16,946 INFO Epoch 16 | Batch 500 | Loss: 0.8357 | LR: 1.50e-04
2026-04-20 08:34:36,676 INFO Epoch 16 | Batch 550 | Loss: 0.8034 | LR: 1.50e-04
2026-04-20 08:34:56,406 INFO Epoch 16 | Batch 600 | Loss: 1.0236 | LR: 1.49e-04
2026-04-20 08:35:15,942 INFO Epoch 16 | Batch 650 | Loss: 0.8266 | LR: 1.49e-04
2026-04-20 08:35:35,609 INFO Epoch 16 | Batch 700 | Loss: 1.0263 | LR: 1.48e-04
2026-04-20 08:35:55,333 INFO Epoch 16 | Batch 750 | Loss: 0.9204 | LR: 1.47e-04
2026-04-20 08:36:14,949 INFO Epoch 16 | Batch 800 | Loss: 0.7207 | LR: 1.47e-04
2026-04-20 08:36:34,808 INFO Epoch 16 | Batch 850 | Loss: 0.6370 | LR: 1.46e-04
2026-04-20 08:36:54,437 INFO Epoch 16 | Batch 900 | Loss: 1.1861 | LR: 1.45e-04
2026-04-20 08:37:14,350 INFO Epoch 16 | Batch 950 | Loss: 0.7189 | LR: 1.45e-04
2026-04-20 08:37:34,284 INFO Epoch 16 | Batch 1000 | Loss: 0.7777 | LR: 1.44e-04
2026-04-20 08:37:53,996 INFO Epoch 16 | Batch 1050 | Loss: 0.7470 | LR: 1.43e-04
2026-04-20 08:38:13,651 INFO Epoch 16 | Batch 1100 | Loss: 0.7796 | LR: 1.43e-04
2026-04-20 08:38:33,328 INFO Epoch 16 | Batch 1150 | Loss: 0.7946 | LR: 1.42e-04
2026-04-20 08:38:53,053 INFO Epoch 16 | Batch 1200 | Loss: 0.6874 | LR: 1.41e-04
2026-04-20 08:39:25,220 INFO Epoch 16 | Train: 0.8588 | Dev CER: 0.1456 | Dev WER: 0.4228 | Time: 509s | Peak: 45.9 GB
2026-04-20 08:39:25,220 INFO   New best CER: 0.1456
2026-04-20 08:39:29,331 INFO Epoch 17 | Batch 0 | Loss: 0.6260 | LR: 1.41e-04
2026-04-20 08:39:48,876 INFO Epoch 17 | Batch 50 | Loss: 0.9710 | LR: 1.40e-04
2026-04-20 08:40:08,557 INFO Epoch 17 | Batch 100 | Loss: 0.8230 | LR: 1.40e-04
2026-04-20 08:40:28,069 INFO Epoch 17 | Batch 150 | Loss: 0.8633 | LR: 1.39e-04
2026-04-20 08:40:47,783 INFO Epoch 17 | Batch 200 | Loss: 0.8413 | LR: 1.38e-04
2026-04-20 08:41:07,298 INFO Epoch 17 | Batch 250 | Loss: 0.7047 | LR: 1.38e-04
2026-04-20 08:41:26,946 INFO Epoch 17 | Batch 300 | Loss: 0.8244 | LR: 1.37e-04
2026-04-20 08:41:46,734 INFO Epoch 17 | Batch 350 | Loss: 0.6415 | LR: 1.36e-04
2026-04-20 08:42:06,900 INFO Epoch 17 | Batch 400 | Loss: 0.7773 | LR: 1.36e-04
2026-04-20 08:42:26,522 INFO Epoch 17 | Batch 450 | Loss: 0.9876 | LR: 1.35e-04
2026-04-20 08:42:46,426 INFO Epoch 17 | Batch 500 | Loss: 0.8670 | LR: 1.34e-04
2026-04-20 08:43:06,068 INFO Epoch 17 | Batch 550 | Loss: 0.8037 | LR: 1.34e-04
2026-04-20 08:43:25,663 INFO Epoch 17 | Batch 600 | Loss: 0.7362 | LR: 1.33e-04
2026-04-20 08:43:45,451 INFO Epoch 17 | Batch 650 | Loss: 0.8632 | LR: 1.32e-04
2026-04-20 08:44:05,170 INFO Epoch 17 | Batch 700 | Loss: 0.7267 | LR: 1.32e-04
2026-04-20 08:44:24,891 INFO Epoch 17 | Batch 750 | Loss: 0.8314 | LR: 1.31e-04
2026-04-20 08:44:44,631 INFO Epoch 17 | Batch 800 | Loss: 0.6852 | LR: 1.31e-04
2026-04-20 08:45:04,511 INFO Epoch 17 | Batch 850 | Loss: 0.9011 | LR: 1.30e-04
2026-04-20 08:45:24,475 INFO Epoch 17 | Batch 900 | Loss: 0.6216 | LR: 1.29e-04
2026-04-20 08:45:44,254 INFO Epoch 17 | Batch 950 | Loss: 0.8035 | LR: 1.29e-04
2026-04-20 08:46:04,310 INFO Epoch 17 | Batch 1000 | Loss: 0.8188 | LR: 1.28e-04
2026-04-20 08:46:24,141 INFO Epoch 17 | Batch 1050 | Loss: 0.6715 | LR: 1.27e-04
2026-04-20 08:46:44,133 INFO Epoch 17 | Batch 1100 | Loss: 0.7050 | LR: 1.27e-04
2026-04-20 08:47:03,858 INFO Epoch 17 | Batch 1150 | Loss: 0.9733 | LR: 1.26e-04
2026-04-20 08:47:23,763 INFO Epoch 17 | Batch 1200 | Loss: 0.8560 | LR: 1.25e-04
2026-04-20 08:47:54,560 INFO Epoch 17 | Train: 0.8401 | Dev CER: 0.1424 | Dev WER: 0.4155 | Time: 509s | Peak: 45.9 GB
2026-04-20 08:47:54,560 INFO   New best CER: 0.1424
2026-04-20 08:47:58,521 INFO Epoch 18 | Batch 0 | Loss: 1.1033 | LR: 1.25e-04
2026-04-20 08:48:18,531 INFO Epoch 18 | Batch 50 | Loss: 0.7367 | LR: 1.24e-04
2026-04-20 08:48:38,546 INFO Epoch 18 | Batch 100 | Loss: 0.7447 | LR: 1.24e-04
2026-04-20 08:48:58,294 INFO Epoch 18 | Batch 150 | Loss: 0.9634 | LR: 1.23e-04
2026-04-20 08:49:18,285 INFO Epoch 18 | Batch 200 | Loss: 1.0261 | LR: 1.22e-04
2026-04-20 08:49:38,274 INFO Epoch 18 | Batch 250 | Loss: 0.6559 | LR: 1.22e-04
2026-04-20 08:49:58,299 INFO Epoch 18 | Batch 300 | Loss: 0.7123 | LR: 1.21e-04
2026-04-20 08:50:18,013 INFO Epoch 18 | Batch 350 | Loss: 0.6320 | LR: 1.20e-04
2026-04-20 08:50:37,974 INFO Epoch 18 | Batch 400 | Loss: 0.8165 | LR: 1.20e-04
2026-04-20 08:50:57,678 INFO Epoch 18 | Batch 450 | Loss: 0.7080 | LR: 1.19e-04
2026-04-20 08:51:17,416 INFO Epoch 18 | Batch 500 | Loss: 0.6878 | LR: 1.19e-04
2026-04-20 08:51:36,911 INFO Epoch 18 | Batch 550 | Loss: 0.6291 | LR: 1.18e-04
2026-04-20 08:51:56,863 INFO Epoch 18 | Batch 600 | Loss: 0.5228 | LR: 1.17e-04
2026-04-20 08:52:16,504 INFO Epoch 18 | Batch 650 | Loss: 1.1824 | LR: 1.17e-04
2026-04-20 08:52:36,227 INFO Epoch 18 | Batch 700 | Loss: 0.6607 | LR: 1.16e-04
2026-04-20 08:52:56,092 INFO Epoch 18 | Batch 750 | Loss: 0.8416 | LR: 1.15e-04
2026-04-20 08:53:15,945 INFO Epoch 18 | Batch 800 | Loss: 1.0193 | LR: 1.15e-04
2026-04-20 08:53:35,890 INFO Epoch 18 | Batch 850 | Loss: 0.9551 | LR: 1.14e-04
2026-04-20 08:53:55,625 INFO Epoch 18 | Batch 900 | Loss: 0.7042 | LR: 1.13e-04
2026-04-20 08:54:15,636 INFO Epoch 18 | Batch 950 | Loss: 0.8202 | LR: 1.13e-04
2026-04-20 08:54:35,288 INFO Epoch 18 | Batch 1000 | Loss: 0.8597 | LR: 1.12e-04
2026-04-20 08:54:54,990 INFO Epoch 18 | Batch 1050 | Loss: 0.8664 | LR: 1.12e-04
2026-04-20 08:55:14,810 INFO Epoch 18 | Batch 1100 | Loss: 0.9533 | LR: 1.11e-04
2026-04-20 08:55:34,529 INFO Epoch 18 | Batch 1150 | Loss: 1.2831 | LR: 1.10e-04
2026-04-20 08:55:54,272 INFO Epoch 18 | Batch 1200 | Loss: 0.7319 | LR: 1.10e-04
2026-04-20 08:56:25,962 INFO Epoch 18 | Train: 0.8201 | Dev CER: 0.1403 | Dev WER: 0.4090 | Time: 510s | Peak: 45.9 GB
2026-04-20 08:56:25,962 INFO   New best CER: 0.1403
2026-04-20 08:56:29,824 INFO Epoch 19 | Batch 0 | Loss: 1.0950 | LR: 1.09e-04
2026-04-20 08:56:49,516 INFO Epoch 19 | Batch 50 | Loss: 0.5772 | LR: 1.09e-04
2026-04-20 08:57:09,403 INFO Epoch 19 | Batch 100 | Loss: 0.7956 | LR: 1.08e-04
2026-04-20 08:57:29,272 INFO Epoch 19 | Batch 150 | Loss: 0.4759 | LR: 1.07e-04
2026-04-20 08:57:49,162 INFO Epoch 19 | Batch 200 | Loss: 0.6472 | LR: 1.07e-04
2026-04-20 08:58:08,926 INFO Epoch 19 | Batch 250 | Loss: 0.7822 | LR: 1.06e-04
2026-04-20 08:58:28,763 INFO Epoch 19 | Batch 300 | Loss: 0.8366 | LR: 1.06e-04
2026-04-20 08:58:48,703 INFO Epoch 19 | Batch 350 | Loss: 1.1018 | LR: 1.05e-04
2026-04-20 08:59:08,514 INFO Epoch 19 | Batch 400 | Loss: 0.8290 | LR: 1.04e-04
2026-04-20 08:59:28,574 INFO Epoch 19 | Batch 450 | Loss: 1.0116 | LR: 1.04e-04
2026-04-20 08:59:48,248 INFO Epoch 19 | Batch 500 | Loss: 1.1585 | LR: 1.03e-04
2026-04-20 09:00:07,896 INFO Epoch 19 | Batch 550 | Loss: 0.7833 | LR: 1.02e-04
2026-04-20 09:00:27,606 INFO Epoch 19 | Batch 600 | Loss: 0.7438 | LR: 1.02e-04
2026-04-20 09:00:47,379 INFO Epoch 19 | Batch 650 | Loss: 1.1099 | LR: 1.01e-04
2026-04-20 09:01:07,273 INFO Epoch 19 | Batch 700 | Loss: 0.7218 | LR: 1.01e-04
2026-04-20 09:01:26,983 INFO Epoch 19 | Batch 750 | Loss: 1.0133 | LR: 1.00e-04
2026-04-20 09:01:46,827 INFO Epoch 19 | Batch 800 | Loss: 0.6275 | LR: 9.94e-05
2026-04-20 09:02:06,804 INFO Epoch 19 | Batch 850 | Loss: 0.8542 | LR: 9.88e-05
2026-04-20 09:02:26,641 INFO Epoch 19 | Batch 900 | Loss: 0.7817 | LR: 9.81e-05
2026-04-20 09:02:46,533 INFO Epoch 19 | Batch 950 | Loss: 0.7709 | LR: 9.75e-05
2026-04-20 09:03:06,218 INFO Epoch 19 | Batch 1000 | Loss: 0.6843 | LR: 9.69e-05
2026-04-20 09:03:26,251 INFO Epoch 19 | Batch 1050 | Loss: 0.7094 | LR: 9.63e-05
2026-04-20 09:03:45,924 INFO Epoch 19 | Batch 1100 | Loss: 0.7319 | LR: 9.57e-05
2026-04-20 09:04:05,706 INFO Epoch 19 | Batch 1150 | Loss: 1.0319 | LR: 9.51e-05
2026-04-20 09:04:25,564 INFO Epoch 19 | Batch 1200 | Loss: 0.5991 | LR: 9.45e-05
2026-04-20 09:04:56,313 INFO Epoch 19 | Train: 0.8104 | Dev CER: 0.1369 | Dev WER: 0.4002 | Time: 510s | Peak: 45.9 GB
2026-04-20 09:04:56,313 INFO   New best CER: 0.1369
2026-04-20 09:05:00,276 INFO Epoch 20 | Batch 0 | Loss: 0.6257 | LR: 9.41e-05
2026-04-20 09:05:20,128 INFO Epoch 20 | Batch 50 | Loss: 0.7136 | LR: 9.35e-05
2026-04-20 09:05:40,048 INFO Epoch 20 | Batch 100 | Loss: 0.4798 | LR: 9.29e-05
2026-04-20 09:05:59,805 INFO Epoch 20 | Batch 150 | Loss: 0.8592 | LR: 9.23e-05
2026-04-20 09:06:19,756 INFO Epoch 20 | Batch 200 | Loss: 0.7363 | LR: 9.17e-05
2026-04-20 09:06:39,445 INFO Epoch 20 | Batch 250 | Loss: 0.8486 | LR: 9.11e-05
2026-04-20 09:06:59,381 INFO Epoch 20 | Batch 300 | Loss: 0.6145 | LR: 9.05e-05
2026-04-20 09:07:19,337 INFO Epoch 20 | Batch 350 | Loss: 0.8863 | LR: 8.99e-05
2026-04-20 09:07:39,285 INFO Epoch 20 | Batch 400 | Loss: 0.8246 | LR: 8.93e-05
2026-04-20 09:07:59,017 INFO Epoch 20 | Batch 450 | Loss: 0.8232 | LR: 8.87e-05
2026-04-20 09:08:18,623 INFO Epoch 20 | Batch 500 | Loss: 0.7198 | LR: 8.81e-05
2026-04-20 09:08:38,351 INFO Epoch 20 | Batch 550 | Loss: 0.6607 | LR: 8.75e-05
2026-04-20 09:08:58,222 INFO Epoch 20 | Batch 600 | Loss: 1.2841 | LR: 8.69e-05
2026-04-20 09:09:18,046 INFO Epoch 20 | Batch 650 | Loss: 0.6484 | LR: 8.63e-05
2026-04-20 09:09:37,911 INFO Epoch 20 | Batch 700 | Loss: 1.1523 | LR: 8.57e-05
2026-04-20 09:09:57,646 INFO Epoch 20 | Batch 750 | Loss: 0.6584 | LR: 8.52e-05
2026-04-20 09:10:17,372 INFO Epoch 20 | Batch 800 | Loss: 0.9866 | LR: 8.46e-05
2026-04-20 09:10:37,307 INFO Epoch 20 | Batch 850 | Loss: 0.7751 | LR: 8.40e-05
2026-04-20 09:10:57,171 INFO Epoch 20 | Batch 900 | Loss: 0.6277 | LR: 8.34e-05
2026-04-20 09:11:16,838 INFO Epoch 20 | Batch 950 | Loss: 0.7477 | LR: 8.28e-05
2026-04-20 09:11:36,714 INFO Epoch 20 | Batch 1000 | Loss: 0.9648 | LR: 8.22e-05
2026-04-20 09:11:56,577 INFO Epoch 20 | Batch 1050 | Loss: 0.7492 | LR: 8.17e-05
2026-04-20 09:12:16,125 INFO Epoch 20 | Batch 1100 | Loss: 1.0738 | LR: 8.11e-05
2026-04-20 09:12:36,047 INFO Epoch 20 | Batch 1150 | Loss: 1.0714 | LR: 8.05e-05
2026-04-20 09:12:55,811 INFO Epoch 20 | Batch 1200 | Loss: 0.5178 | LR: 7.99e-05
2026-04-20 09:13:27,727 INFO Epoch 20 | Train: 0.8042 | Dev CER: 0.1351 | Dev WER: 0.3941 | Time: 511s | Peak: 45.9 GB
2026-04-20 09:13:27,728 INFO   New best CER: 0.1351
2026-04-20 09:13:31,671 INFO Epoch 21 | Batch 0 | Loss: 0.7688 | LR: 7.95e-05
2026-04-20 09:13:51,514 INFO Epoch 21 | Batch 50 | Loss: 0.9008 | LR: 7.90e-05
2026-04-20 09:14:11,287 INFO Epoch 21 | Batch 100 | Loss: 0.8604 | LR: 7.84e-05
2026-04-20 09:14:31,016 INFO Epoch 21 | Batch 150 | Loss: 0.6866 | LR: 7.78e-05
2026-04-20 09:14:50,970 INFO Epoch 21 | Batch 200 | Loss: 0.6126 | LR: 7.72e-05
2026-04-20 09:15:10,675 INFO Epoch 21 | Batch 250 | Loss: 0.7556 | LR: 7.67e-05
2026-04-20 09:15:30,311 INFO Epoch 21 | Batch 300 | Loss: 0.6952 | LR: 7.61e-05
2026-04-20 09:15:50,283 INFO Epoch 21 | Batch 350 | Loss: 0.6219 | LR: 7.56e-05
2026-04-20 09:16:10,229 INFO Epoch 21 | Batch 400 | Loss: 0.7173 | LR: 7.50e-05
2026-04-20 09:16:29,829 INFO Epoch 21 | Batch 450 | Loss: 0.6107 | LR: 7.44e-05
2026-04-20 09:16:49,508 INFO Epoch 21 | Batch 500 | Loss: 0.9151 | LR: 7.39e-05
2026-04-20 09:17:09,184 INFO Epoch 21 | Batch 550 | Loss: 0.7022 | LR: 7.33e-05
2026-04-20 09:17:28,773 INFO Epoch 21 | Batch 600 | Loss: 0.6385 | LR: 7.28e-05
2026-04-20 09:17:48,733 INFO Epoch 21 | Batch 650 | Loss: 0.8687 | LR: 7.22e-05
2026-04-20 09:18:08,658 INFO Epoch 21 | Batch 700 | Loss: 1.0581 | LR: 7.16e-05
2026-04-20 09:18:28,332 INFO Epoch 21 | Batch 750 | Loss: 0.6573 | LR: 7.11e-05
2026-04-20 09:18:48,267 INFO Epoch 21 | Batch 800 | Loss: 1.0425 | LR: 7.05e-05
2026-04-20 09:19:08,197 INFO Epoch 21 | Batch 850 | Loss: 0.6178 | LR: 7.00e-05
2026-04-20 09:19:27,975 INFO Epoch 21 | Batch 900 | Loss: 1.0819 | LR: 6.94e-05
2026-04-20 09:19:47,590 INFO Epoch 21 | Batch 950 | Loss: 0.6603 | LR: 6.89e-05
2026-04-20 09:20:07,726 INFO Epoch 21 | Batch 1000 | Loss: 0.5418 | LR: 6.84e-05
2026-04-20 09:20:27,557 INFO Epoch 21 | Batch 1050 | Loss: 0.7033 | LR: 6.78e-05
2026-04-20 09:20:47,274 INFO Epoch 21 | Batch 1100 | Loss: 0.7686 | LR: 6.73e-05
2026-04-20 09:21:07,043 INFO Epoch 21 | Batch 1150 | Loss: 0.7552 | LR: 6.67e-05
2026-04-20 09:21:26,937 INFO Epoch 21 | Batch 1200 | Loss: 1.2030 | LR: 6.62e-05
2026-04-20 09:21:59,557 INFO Epoch 21 | Train: 0.7846 | Dev CER: 0.1353 | Dev WER: 0.3931 | Time: 511s | Peak: 45.9 GB
2026-04-20 09:22:03,131 INFO Epoch 22 | Batch 0 | Loss: 1.0375 | LR: 6.58e-05
2026-04-20 09:22:22,890 INFO Epoch 22 | Batch 50 | Loss: 0.5585 | LR: 6.53e-05
2026-04-20 09:22:42,817 INFO Epoch 22 | Batch 100 | Loss: 0.5839 | LR: 6.47e-05
2026-04-20 09:23:02,305 INFO Epoch 22 | Batch 150 | Loss: 1.1286 | LR: 6.42e-05
2026-04-20 09:23:22,037 INFO Epoch 22 | Batch 200 | Loss: 0.8381 | LR: 6.37e-05
2026-04-20 09:23:41,734 INFO Epoch 22 | Batch 250 | Loss: 0.6369 | LR: 6.31e-05
2026-04-20 09:24:01,226 INFO Epoch 22 | Batch 300 | Loss: 0.7805 | LR: 6.26e-05
2026-04-20 09:24:21,140 INFO Epoch 22 | Batch 350 | Loss: 0.9062 | LR: 6.21e-05
2026-04-20 09:24:40,667 INFO Epoch 22 | Batch 400 | Loss: 0.7101 | LR: 6.16e-05
2026-04-20 09:25:00,613 INFO Epoch 22 | Batch 450 | Loss: 0.5725 | LR: 6.10e-05
2026-04-20 09:25:20,483 INFO Epoch 22 | Batch 500 | Loss: 0.5399 | LR: 6.05e-05
2026-04-20 09:25:40,319 INFO Epoch 22 | Batch 550 | Loss: 0.7502 | LR: 6.00e-05
2026-04-20 09:26:00,188 INFO Epoch 22 | Batch 600 | Loss: 0.8044 | LR: 5.95e-05
2026-04-20 09:26:19,870 INFO Epoch 22 | Batch 650 | Loss: 0.7810 | LR: 5.90e-05
2026-04-20 09:26:39,750 INFO Epoch 22 | Batch 700 | Loss: 0.6046 | LR: 5.85e-05
2026-04-20 09:26:59,299 INFO Epoch 22 | Batch 750 | Loss: 0.7907 | LR: 5.79e-05
2026-04-20 09:27:19,002 INFO Epoch 22 | Batch 800 | Loss: 0.7894 | LR: 5.74e-05
2026-04-20 09:27:38,686 INFO Epoch 22 | Batch 850 | Loss: 0.8020 | LR: 5.69e-05
2026-04-20 09:27:58,360 INFO Epoch 22 | Batch 900 | Loss: 0.8649 | LR: 5.64e-05
2026-04-20 09:28:18,123 INFO Epoch 22 | Batch 950 | Loss: 0.9395 | LR: 5.59e-05
2026-04-20 09:28:37,959 INFO Epoch 22 | Batch 1000 | Loss: 0.5967 | LR: 5.54e-05
2026-04-20 09:28:57,927 INFO Epoch 22 | Batch 1050 | Loss: 0.6742 | LR: 5.49e-05
2026-04-20 09:29:17,927 INFO Epoch 22 | Batch 1100 | Loss: 0.8279 | LR: 5.44e-05
2026-04-20 09:29:37,539 INFO Epoch 22 | Batch 1150 | Loss: 0.7768 | LR: 5.39e-05
2026-04-20 09:29:57,444 INFO Epoch 22 | Batch 1200 | Loss: 0.9500 | LR: 5.34e-05
2026-04-20 09:30:27,459 INFO Epoch 22 | Train: 0.7773 | Dev CER: 0.1313 | Dev WER: 0.3882 | Time: 507s | Peak: 45.9 GB
2026-04-20 09:30:27,459 INFO   New best CER: 0.1313
2026-04-20 09:30:31,300 INFO Epoch 23 | Batch 0 | Loss: 0.8218 | LR: 5.31e-05
2026-04-20 09:30:51,220 INFO Epoch 23 | Batch 50 | Loss: 0.8077 | LR: 5.26e-05
2026-04-20 09:31:11,164 INFO Epoch 23 | Batch 100 | Loss: 0.6251 | LR: 5.21e-05
2026-04-20 09:31:30,907 INFO Epoch 23 | Batch 150 | Loss: 0.8245 | LR: 5.16e-05
2026-04-20 09:31:50,662 INFO Epoch 23 | Batch 200 | Loss: 0.5776 | LR: 5.11e-05
2026-04-20 09:32:10,266 INFO Epoch 23 | Batch 250 | Loss: 0.8996 | LR: 5.06e-05
2026-04-20 09:32:29,913 INFO Epoch 23 | Batch 300 | Loss: 0.6493 | LR: 5.01e-05
2026-04-20 09:32:49,739 INFO Epoch 23 | Batch 350 | Loss: 0.8466 | LR: 4.97e-05
2026-04-20 09:33:09,511 INFO Epoch 23 | Batch 400 | Loss: 0.9589 | LR: 4.92e-05
2026-04-20 09:33:29,144 INFO Epoch 23 | Batch 450 | Loss: 0.5737 | LR: 4.87e-05
2026-04-20 09:33:49,094 INFO Epoch 23 | Batch 500 | Loss: 0.8784 | LR: 4.82e-05
2026-04-20 09:34:08,828 INFO Epoch 23 | Batch 550 | Loss: 0.8153 | LR: 4.77e-05
2026-04-20 09:34:28,868 INFO Epoch 23 | Batch 600 | Loss: 0.6825 | LR: 4.73e-05
2026-04-20 09:34:48,695 INFO Epoch 23 | Batch 650 | Loss: 1.1439 | LR: 4.68e-05
2026-04-20 09:35:08,209 INFO Epoch 23 | Batch 700 | Loss: 0.9773 | LR: 4.63e-05
2026-04-20 09:35:27,870 INFO Epoch 23 | Batch 750 | Loss: 1.1142 | LR: 4.59e-05
2026-04-20 09:35:47,620 INFO Epoch 23 | Batch 800 | Loss: 0.5928 | LR: 4.54e-05
2026-04-20 09:36:07,454 INFO Epoch 23 | Batch 850 | Loss: 0.7450 | LR: 4.49e-05
2026-04-20 09:36:27,240 INFO Epoch 23 | Batch 900 | Loss: 0.5647 | LR: 4.45e-05
2026-04-20 09:36:46,946 INFO Epoch 23 | Batch 950 | Loss: 0.8634 | LR: 4.40e-05
2026-04-20 09:37:06,828 INFO Epoch 23 | Batch 1000 | Loss: 0.8539 | LR: 4.36e-05
2026-04-20 09:37:26,574 INFO Epoch 23 | Batch 1050 | Loss: 0.6565 | LR: 4.31e-05
2026-04-20 09:37:46,120 INFO Epoch 23 | Batch 1100 | Loss: 0.7301 | LR: 4.27e-05
2026-04-20 09:38:05,540 INFO Epoch 23 | Batch 1150 | Loss: 0.6330 | LR: 4.22e-05
2026-04-20 09:38:25,685 INFO Epoch 23 | Batch 1200 | Loss: 0.7270 | LR: 4.18e-05
2026-04-20 09:38:55,344 INFO Epoch 23 | Train: 0.7595 | Dev CER: 0.1296 | Dev WER: 0.3799 | Time: 507s | Peak: 45.9 GB
2026-04-20 09:38:55,345 INFO   New best CER: 0.1296
2026-04-20 09:38:59,184 INFO Epoch 24 | Batch 0 | Loss: 0.6271 | LR: 4.14e-05
2026-04-20 09:39:19,147 INFO Epoch 24 | Batch 50 | Loss: 0.7030 | LR: 4.10e-05
2026-04-20 09:39:38,832 INFO Epoch 24 | Batch 100 | Loss: 0.7299 | LR: 4.06e-05
2026-04-20 09:39:58,495 INFO Epoch 24 | Batch 150 | Loss: 0.7367 | LR: 4.01e-05
2026-04-20 09:40:18,464 INFO Epoch 24 | Batch 200 | Loss: 0.6434 | LR: 3.97e-05
2026-04-20 09:40:38,156 INFO Epoch 24 | Batch 250 | Loss: 0.6058 | LR: 3.92e-05
2026-04-20 09:40:57,786 INFO Epoch 24 | Batch 300 | Loss: 0.5987 | LR: 3.88e-05
2026-04-20 09:41:17,371 INFO Epoch 24 | Batch 350 | Loss: 0.6279 | LR: 3.84e-05
2026-04-20 09:41:36,989 INFO Epoch 24 | Batch 400 | Loss: 0.5501 | LR: 3.80e-05
2026-04-20 09:41:56,706 INFO Epoch 24 | Batch 450 | Loss: 0.7182 | LR: 3.75e-05
2026-04-20 09:42:16,727 INFO Epoch 24 | Batch 500 | Loss: 0.8273 | LR: 3.71e-05
2026-04-20 09:42:36,802 INFO Epoch 24 | Batch 550 | Loss: 0.6299 | LR: 3.67e-05
2026-04-20 09:42:56,767 INFO Epoch 24 | Batch 600 | Loss: 0.9274 | LR: 3.63e-05
2026-04-20 09:43:16,283 INFO Epoch 24 | Batch 650 | Loss: 0.7451 | LR: 3.58e-05
2026-04-20 09:43:35,561 INFO Epoch 24 | Batch 700 | Loss: 0.8369 | LR: 3.54e-05
2026-04-20 09:43:54,908 INFO Epoch 24 | Batch 750 | Loss: 1.0447 | LR: 3.50e-05
2026-04-20 09:44:14,151 INFO Epoch 24 | Batch 800 | Loss: 0.7935 | LR: 3.46e-05
2026-04-20 09:44:33,618 INFO Epoch 24 | Batch 850 | Loss: 0.7038 | LR: 3.42e-05
2026-04-20 09:44:53,651 INFO Epoch 24 | Batch 900 | Loss: 0.7493 | LR: 3.38e-05
2026-04-20 09:45:13,442 INFO Epoch 24 | Batch 950 | Loss: 1.2695 | LR: 3.34e-05
2026-04-20 09:45:33,361 INFO Epoch 24 | Batch 1000 | Loss: 0.9833 | LR: 3.30e-05
2026-04-20 09:45:53,190 INFO Epoch 24 | Batch 1050 | Loss: 0.5817 | LR: 3.26e-05
2026-04-20 09:46:13,110 INFO Epoch 24 | Batch 1100 | Loss: 0.5098 | LR: 3.22e-05
2026-04-20 09:46:32,870 INFO Epoch 24 | Batch 1150 | Loss: 0.8204 | LR: 3.18e-05
2026-04-20 09:46:52,515 INFO Epoch 24 | Batch 1200 | Loss: 0.8200 | LR: 3.14e-05
2026-04-20 09:47:23,942 INFO Epoch 24 | Train: 0.7504 | Dev CER: 0.1287 | Dev WER: 0.3764 | Time: 508s | Peak: 45.9 GB
2026-04-20 09:47:23,942 INFO   New best CER: 0.1287
2026-04-20 09:47:27,880 INFO Epoch 25 | Batch 0 | Loss: 0.5406 | LR: 3.11e-05
2026-04-20 09:47:47,812 INFO Epoch 25 | Batch 50 | Loss: 0.9549 | LR: 3.07e-05
2026-04-20 09:48:07,535 INFO Epoch 25 | Batch 100 | Loss: 0.6317 | LR: 3.03e-05
2026-04-20 09:48:27,161 INFO Epoch 25 | Batch 150 | Loss: 0.7154 | LR: 2.99e-05
2026-04-20 09:48:46,869 INFO Epoch 25 | Batch 200 | Loss: 0.7012 | LR: 2.95e-05
2026-04-20 09:49:06,652 INFO Epoch 25 | Batch 250 | Loss: 1.1498 | LR: 2.92e-05
2026-04-20 09:49:26,510 INFO Epoch 25 | Batch 300 | Loss: 0.6512 | LR: 2.88e-05
2026-04-20 09:49:46,248 INFO Epoch 25 | Batch 350 | Loss: 0.7796 | LR: 2.84e-05
2026-04-20 09:50:06,202 INFO Epoch 25 | Batch 400 | Loss: 0.6271 | LR: 2.80e-05
2026-04-20 09:50:25,968 INFO Epoch 25 | Batch 450 | Loss: 0.7237 | LR: 2.77e-05
2026-04-20 09:50:45,677 INFO Epoch 25 | Batch 500 | Loss: 0.7999 | LR: 2.73e-05
2026-04-20 09:51:05,398 INFO Epoch 25 | Batch 550 | Loss: 0.8695 | LR: 2.69e-05
2026-04-20 09:51:25,157 INFO Epoch 25 | Batch 600 | Loss: 0.8807 | LR: 2.66e-05
2026-04-20 09:51:44,684 INFO Epoch 25 | Batch 650 | Loss: 0.6827 | LR: 2.62e-05
2026-04-20 09:52:04,546 INFO Epoch 25 | Batch 700 | Loss: 0.7540 | LR: 2.58e-05
2026-04-20 09:52:24,144 INFO Epoch 25 | Batch 750 | Loss: 0.7042 | LR: 2.55e-05
2026-04-20 09:52:43,959 INFO Epoch 25 | Batch 800 | Loss: 0.7226 | LR: 2.51e-05
2026-04-20 09:53:03,973 INFO Epoch 25 | Batch 850 | Loss: 0.6973 | LR: 2.48e-05
2026-04-20 09:53:23,839 INFO Epoch 25 | Batch 900 | Loss: 0.9778 | LR: 2.44e-05
2026-04-20 09:53:43,537 INFO Epoch 25 | Batch 950 | Loss: 0.9507 | LR: 2.41e-05
2026-04-20 09:54:03,289 INFO Epoch 25 | Batch 1000 | Loss: 0.6683 | LR: 2.37e-05
2026-04-20 09:54:23,140 INFO Epoch 25 | Batch 1050 | Loss: 0.6390 | LR: 2.34e-05
2026-04-20 09:54:43,012 INFO Epoch 25 | Batch 1100 | Loss: 0.9640 | LR: 2.30e-05
2026-04-20 09:55:02,682 INFO Epoch 25 | Batch 1150 | Loss: 0.3930 | LR: 2.27e-05
2026-04-20 09:55:22,354 INFO Epoch 25 | Batch 1200 | Loss: 0.7718 | LR: 2.24e-05
2026-04-20 09:55:52,907 INFO Epoch 25 | Train: 0.7442 | Dev CER: 0.1281 | Dev WER: 0.3766 | Time: 508s | Peak: 45.9 GB
2026-04-20 09:55:52,907 INFO   New best CER: 0.1281
2026-04-20 09:55:56,854 INFO Epoch 26 | Batch 0 | Loss: 0.6245 | LR: 2.21e-05
2026-04-20 09:56:16,783 INFO Epoch 26 | Batch 50 | Loss: 0.8234 | LR: 2.18e-05
2026-04-20 09:56:36,740 INFO Epoch 26 | Batch 100 | Loss: 0.6412 | LR: 2.15e-05
2026-04-20 09:56:56,626 INFO Epoch 26 | Batch 150 | Loss: 0.6618 | LR: 2.11e-05
2026-04-20 09:57:16,393 INFO Epoch 26 | Batch 200 | Loss: 0.5693 | LR: 2.08e-05
2026-04-20 09:57:36,370 INFO Epoch 26 | Batch 250 | Loss: 0.7049 | LR: 2.05e-05
2026-04-20 09:57:56,341 INFO Epoch 26 | Batch 300 | Loss: 0.6527 | LR: 2.02e-05
2026-04-20 09:58:15,758 INFO Epoch 26 | Batch 350 | Loss: 0.8324 | LR: 1.98e-05
2026-04-20 09:58:35,572 INFO Epoch 26 | Batch 400 | Loss: 0.8015 | LR: 1.95e-05
2026-04-20 09:58:55,315 INFO Epoch 26 | Batch 450 | Loss: 0.9878 | LR: 1.92e-05
2026-04-20 09:59:14,899 INFO Epoch 26 | Batch 500 | Loss: 0.4381 | LR: 1.89e-05
2026-04-20 09:59:34,649 INFO Epoch 26 | Batch 550 | Loss: 0.7619 | LR: 1.86e-05
2026-04-20 09:59:54,131 INFO Epoch 26 | Batch 600 | Loss: 0.6189 | LR: 1.83e-05
2026-04-20 10:00:13,958 INFO Epoch 26 | Batch 650 | Loss: 0.8397 | LR: 1.80e-05
2026-04-20 10:00:33,869 INFO Epoch 26 | Batch 700 | Loss: 0.8136 | LR: 1.77e-05
2026-04-20 10:00:53,692 INFO Epoch 26 | Batch 750 | Loss: 0.7951 | LR: 1.74e-05
2026-04-20 10:01:13,639 INFO Epoch 26 | Batch 800 | Loss: 0.6782 | LR: 1.71e-05
2026-04-20 10:01:33,387 INFO Epoch 26 | Batch 850 | Loss: 0.6903 | LR: 1.68e-05
2026-04-20 10:01:53,038 INFO Epoch 26 | Batch 900 | Loss: 0.5509 | LR: 1.65e-05
2026-04-20 10:02:12,868 INFO Epoch 26 | Batch 950 | Loss: 0.7999 | LR: 1.62e-05
2026-04-20 10:02:32,699 INFO Epoch 26 | Batch 1000 | Loss: 0.4948 | LR: 1.59e-05
2026-04-20 10:02:52,510 INFO Epoch 26 | Batch 1050 | Loss: 0.5981 | LR: 1.57e-05
2026-04-20 10:03:11,979 INFO Epoch 26 | Batch 1100 | Loss: 0.7670 | LR: 1.54e-05
2026-04-20 10:03:31,727 INFO Epoch 26 | Batch 1150 | Loss: 0.6116 | LR: 1.51e-05
2026-04-20 10:03:51,628 INFO Epoch 26 | Batch 1200 | Loss: 0.5223 | LR: 1.48e-05
2026-04-20 10:04:24,688 INFO Epoch 26 | Train: 0.7453 | Dev CER: 0.1266 | Dev WER: 0.3734 | Time: 511s | Peak: 45.9 GB
2026-04-20 10:04:24,689 INFO   New best CER: 0.1266
2026-04-20 10:04:28,689 INFO Epoch 27 | Batch 0 | Loss: 0.6052 | LR: 1.46e-05
2026-04-20 10:04:47,858 INFO Epoch 27 | Batch 50 | Loss: 0.7356 | LR: 1.44e-05
2026-04-20 10:05:06,900 INFO Epoch 27 | Batch 100 | Loss: 0.5347 | LR: 1.41e-05
2026-04-20 10:05:26,678 INFO Epoch 27 | Batch 150 | Loss: 0.9647 | LR: 1.38e-05
2026-04-20 10:05:46,076 INFO Epoch 27 | Batch 200 | Loss: 0.6636 | LR: 1.36e-05
2026-04-20 10:06:06,003 INFO Epoch 27 | Batch 250 | Loss: 0.6811 | LR: 1.33e-05
2026-04-20 10:06:25,470 INFO Epoch 27 | Batch 300 | Loss: 0.6644 | LR: 1.31e-05
2026-04-20 10:06:45,528 INFO Epoch 27 | Batch 350 | Loss: 0.9582 | LR: 1.28e-05
2026-04-20 10:07:05,567 INFO Epoch 27 | Batch 400 | Loss: 0.6483 | LR: 1.25e-05
2026-04-20 10:07:25,392 INFO Epoch 27 | Batch 450 | Loss: 0.8870 | LR: 1.23e-05
2026-04-20 10:07:45,045 INFO Epoch 27 | Batch 500 | Loss: 0.5924 | LR: 1.20e-05
2026-04-20 10:08:04,890 INFO Epoch 27 | Batch 550 | Loss: 0.8991 | LR: 1.18e-05
2026-04-20 10:08:24,741 INFO Epoch 27 | Batch 600 | Loss: 0.7611 | LR: 1.16e-05
2026-04-20 10:08:44,599 INFO Epoch 27 | Batch 650 | Loss: 0.6345 | LR: 1.13e-05
2026-04-20 10:09:04,506 INFO Epoch 27 | Batch 700 | Loss: 0.7558 | LR: 1.11e-05
2026-04-20 10:09:24,120 INFO Epoch 27 | Batch 750 | Loss: 0.7912 | LR: 1.09e-05
2026-04-20 10:09:43,728 INFO Epoch 27 | Batch 800 | Loss: 0.6376 | LR: 1.06e-05
2026-04-20 10:10:03,485 INFO Epoch 27 | Batch 850 | Loss: 0.8053 | LR: 1.04e-05
2026-04-20 10:10:23,427 INFO Epoch 27 | Batch 900 | Loss: 0.6924 | LR: 1.02e-05
2026-04-20 10:10:43,114 INFO Epoch 27 | Batch 950 | Loss: 0.9526 | LR: 9.95e-06
2026-04-20 10:11:02,544 INFO Epoch 27 | Batch 1000 | Loss: 0.6225 | LR: 9.72e-06
2026-04-20 10:11:22,214 INFO Epoch 27 | Batch 1050 | Loss: 0.5841 | LR: 9.51e-06
2026-04-20 10:11:41,991 INFO Epoch 27 | Batch 1100 | Loss: 0.4339 | LR: 9.29e-06
2026-04-20 10:12:01,656 INFO Epoch 27 | Batch 1150 | Loss: 0.6122 | LR: 9.08e-06
2026-04-20 10:12:21,428 INFO Epoch 27 | Batch 1200 | Loss: 0.7510 | LR: 8.87e-06
2026-04-20 10:12:53,437 INFO Epoch 27 | Train: 0.7395 | Dev CER: 0.1265 | Dev WER: 0.3725 | Time: 508s | Peak: 45.9 GB
2026-04-20 10:12:53,437 INFO   New best CER: 0.1265
2026-04-20 10:12:57,618 INFO Epoch 28 | Batch 0 | Loss: 0.6320 | LR: 8.72e-06
2026-04-20 10:13:17,347 INFO Epoch 28 | Batch 50 | Loss: 0.6307 | LR: 8.52e-06
2026-04-20 10:13:37,137 INFO Epoch 28 | Batch 100 | Loss: 0.7575 | LR: 8.31e-06
2026-04-20 10:13:56,847 INFO Epoch 28 | Batch 150 | Loss: 0.6039 | LR: 8.11e-06
2026-04-20 10:14:16,696 INFO Epoch 28 | Batch 200 | Loss: 0.6833 | LR: 7.92e-06
2026-04-20 10:14:36,476 INFO Epoch 28 | Batch 250 | Loss: 0.8072 | LR: 7.72e-06
2026-04-20 10:14:56,268 INFO Epoch 28 | Batch 300 | Loss: 0.7847 | LR: 7.53e-06
2026-04-20 10:15:16,121 INFO Epoch 28 | Batch 350 | Loss: 0.6463 | LR: 7.34e-06
2026-04-20 10:15:36,052 INFO Epoch 28 | Batch 400 | Loss: 0.5528 | LR: 7.16e-06
2026-04-20 10:15:55,905 INFO Epoch 28 | Batch 450 | Loss: 0.9578 | LR: 6.97e-06
2026-04-20 10:16:15,548 INFO Epoch 28 | Batch 500 | Loss: 0.6804 | LR: 6.79e-06
2026-04-20 10:16:35,470 INFO Epoch 28 | Batch 550 | Loss: 0.7758 | LR: 6.61e-06
2026-04-20 10:16:55,388 INFO Epoch 28 | Batch 600 | Loss: 0.8981 | LR: 6.44e-06
2026-04-20 10:17:15,046 INFO Epoch 28 | Batch 650 | Loss: 0.7525 | LR: 6.27e-06
2026-04-20 10:17:34,816 INFO Epoch 28 | Batch 700 | Loss: 0.7346 | LR: 6.10e-06
2026-04-20 10:17:54,687 INFO Epoch 28 | Batch 750 | Loss: 0.6941 | LR: 5.93e-06
2026-04-20 10:18:14,377 INFO Epoch 28 | Batch 800 | Loss: 0.8525 | LR: 5.76e-06
2026-04-20 10:18:34,390 INFO Epoch 28 | Batch 850 | Loss: 0.7441 | LR: 5.60e-06
2026-04-20 10:18:54,272 INFO Epoch 28 | Batch 900 | Loss: 0.6064 | LR: 5.44e-06
2026-04-20 10:19:14,070 INFO Epoch 28 | Batch 950 | Loss: 0.8950 | LR: 5.29e-06
2026-04-20 10:19:33,715 INFO Epoch 28 | Batch 1000 | Loss: 0.5550 | LR: 5.13e-06
2026-04-20 10:19:53,919 INFO Epoch 28 | Batch 1050 | Loss: 0.7965 | LR: 4.98e-06
2026-04-20 10:20:13,695 INFO Epoch 28 | Batch 1100 | Loss: 0.6957 | LR: 4.84e-06
2026-04-20 10:20:33,438 INFO Epoch 28 | Batch 1150 | Loss: 0.5422 | LR: 4.69e-06
2026-04-20 10:20:53,627 INFO Epoch 28 | Batch 1200 | Loss: 0.6748 | LR: 4.55e-06
2026-04-20 10:21:23,977 INFO Epoch 28 | Train: 0.7383 | Dev CER: 0.1262 | Dev WER: 0.3717 | Time: 510s | Peak: 45.9 GB
2026-04-20 10:21:23,977 INFO   New best CER: 0.1262
2026-04-20 10:21:27,762 INFO Epoch 29 | Batch 0 | Loss: 0.6701 | LR: 4.45e-06
2026-04-20 10:21:47,509 INFO Epoch 29 | Batch 50 | Loss: 0.9335 | LR: 4.31e-06
2026-04-20 10:22:07,091 INFO Epoch 29 | Batch 100 | Loss: 0.8649 | LR: 4.17e-06
2026-04-20 10:22:26,949 INFO Epoch 29 | Batch 150 | Loss: 0.5835 | LR: 4.04e-06
2026-04-20 10:22:46,756 INFO Epoch 29 | Batch 200 | Loss: 0.6328 | LR: 3.91e-06
2026-04-20 10:23:06,396 INFO Epoch 29 | Batch 250 | Loss: 0.7237 | LR: 3.79e-06
2026-04-20 10:23:26,060 INFO Epoch 29 | Batch 300 | Loss: 0.6645 | LR: 3.66e-06
2026-04-20 10:23:45,988 INFO Epoch 29 | Batch 350 | Loss: 0.7363 | LR: 3.54e-06
2026-04-20 10:24:05,944 INFO Epoch 29 | Batch 400 | Loss: 0.6238 | LR: 3.42e-06
2026-04-20 10:24:25,320 INFO Epoch 29 | Batch 450 | Loss: 0.6700 | LR: 3.31e-06
2026-04-20 10:24:45,071 INFO Epoch 29 | Batch 500 | Loss: 0.9857 | LR: 3.20e-06
2026-04-20 10:25:05,235 INFO Epoch 29 | Batch 550 | Loss: 0.5379 | LR: 3.09e-06
2026-04-20 10:25:25,095 INFO Epoch 29 | Batch 600 | Loss: 0.9123 | LR: 2.98e-06
2026-04-20 10:25:45,109 INFO Epoch 29 | Batch 650 | Loss: 0.8067 | LR: 2.88e-06
2026-04-20 10:26:04,869 INFO Epoch 29 | Batch 700 | Loss: 0.7389 | LR: 2.77e-06
2026-04-20 10:26:24,865 INFO Epoch 29 | Batch 750 | Loss: 0.4086 | LR: 2.68e-06
2026-04-20 10:26:44,395 INFO Epoch 29 | Batch 800 | Loss: 0.7126 | LR: 2.58e-06
2026-04-20 10:27:04,079 INFO Epoch 29 | Batch 850 | Loss: 0.5520 | LR: 2.49e-06
2026-04-20 10:27:24,067 INFO Epoch 29 | Batch 900 | Loss: 0.7135 | LR: 2.40e-06
2026-04-20 10:27:44,140 INFO Epoch 29 | Batch 950 | Loss: 0.6867 | LR: 2.31e-06
2026-04-20 10:28:03,987 INFO Epoch 29 | Batch 1000 | Loss: 0.8230 | LR: 2.22e-06
2026-04-20 10:28:23,876 INFO Epoch 29 | Batch 1050 | Loss: 0.6804 | LR: 2.14e-06
2026-04-20 10:28:43,660 INFO Epoch 29 | Batch 1100 | Loss: 0.7032 | LR: 2.06e-06
2026-04-20 10:29:03,491 INFO Epoch 29 | Batch 1150 | Loss: 0.7185 | LR: 1.99e-06
2026-04-20 10:29:23,617 INFO Epoch 29 | Batch 1200 | Loss: 0.5616 | LR: 1.91e-06
2026-04-20 10:29:54,518 INFO Epoch 29 | Train: 0.7326 | Dev CER: 0.1257 | Dev WER: 0.3705 | Time: 510s | Peak: 45.9 GB
2026-04-20 10:29:54,518 INFO   New best CER: 0.1257
2026-04-20 10:29:58,361 INFO Epoch 30 | Batch 0 | Loss: 0.8129 | LR: 1.86e-06
2026-04-20 10:30:18,068 INFO Epoch 30 | Batch 50 | Loss: 0.7177 | LR: 1.80e-06
2026-04-20 10:30:37,830 INFO Epoch 30 | Batch 100 | Loss: 0.5929 | LR: 1.73e-06
2026-04-20 10:30:57,592 INFO Epoch 30 | Batch 150 | Loss: 0.7167 | LR: 1.67e-06
2026-04-20 10:31:17,362 INFO Epoch 30 | Batch 200 | Loss: 0.5129 | LR: 1.61e-06
2026-04-20 10:31:37,220 INFO Epoch 30 | Batch 250 | Loss: 0.7148 | LR: 1.55e-06
2026-04-20 10:31:56,958 INFO Epoch 30 | Batch 300 | Loss: 0.4832 | LR: 1.50e-06
2026-04-20 10:32:16,720 INFO Epoch 30 | Batch 350 | Loss: 0.7044 | LR: 1.44e-06
2026-04-20 10:32:36,162 INFO Epoch 30 | Batch 400 | Loss: 0.6608 | LR: 1.39e-06
2026-04-20 10:32:55,839 INFO Epoch 30 | Batch 450 | Loss: 0.8819 | LR: 1.35e-06
2026-04-20 10:33:15,574 INFO Epoch 30 | Batch 500 | Loss: 0.5868 | LR: 1.31e-06
2026-04-20 10:33:35,474 INFO Epoch 30 | Batch 550 | Loss: 0.8116 | LR: 1.27e-06
2026-04-20 10:33:55,353 INFO Epoch 30 | Batch 600 | Loss: 0.7263 | LR: 1.23e-06
2026-04-20 10:34:15,098 INFO Epoch 30 | Batch 650 | Loss: 0.8253 | LR: 1.19e-06
2026-04-20 10:34:35,164 INFO Epoch 30 | Batch 700 | Loss: 0.7445 | LR: 1.16e-06
2026-04-20 10:34:54,816 INFO Epoch 30 | Batch 750 | Loss: 0.5339 | LR: 1.13e-06
2026-04-20 10:35:14,851 INFO Epoch 30 | Batch 800 | Loss: 0.5635 | LR: 1.11e-06
2026-04-20 10:35:34,801 INFO Epoch 30 | Batch 850 | Loss: 0.6501 | LR: 1.08e-06
2026-04-20 10:35:54,731 INFO Epoch 30 | Batch 900 | Loss: 0.6435 | LR: 1.06e-06
2026-04-20 10:36:14,458 INFO Epoch 30 | Batch 950 | Loss: 0.7109 | LR: 1.05e-06
2026-04-20 10:36:34,504 INFO Epoch 30 | Batch 1000 | Loss: 0.7431 | LR: 1.03e-06
2026-04-20 10:36:54,141 INFO Epoch 30 | Batch 1050 | Loss: 0.5100 | LR: 1.02e-06
2026-04-20 10:37:14,087 INFO Epoch 30 | Batch 1100 | Loss: 0.7699 | LR: 1.01e-06
2026-04-20 10:37:33,868 INFO Epoch 30 | Batch 1150 | Loss: 0.6516 | LR: 1.00e-06
2026-04-20 10:37:53,748 INFO Epoch 30 | Batch 1200 | Loss: 0.6645 | LR: 1.00e-06
2026-04-20 10:38:26,969 INFO Epoch 30 | Train: 0.7341 | Dev CER: 0.1257 | Dev WER: 0.3702 | Time: 512s | Peak: 45.9 GB
2026-04-20 10:38:26,969 INFO   New best CER: 0.1257
2026-04-20 10:40:06,776 INFO Done. Best dev CER: 0.1257 | Test CER: 0.1249
