2026-04-20 18:47:38,506 INFO Loading LibriSpeech split=train.100 from HuggingFace...
2026-04-20 18:47:38,674 INFO HTTP Request: HEAD https://huggingface.co/datasets/openslr/librispeech_asr/resolve/main/README.md "HTTP/1.1 307 Temporary Redirect"
Warning: You are sending unauthenticated requests to the HF Hub. Please set a HF_TOKEN to enable higher rate limits and faster downloads.
2026-04-20 18:47:38,675 WARNING Warning: You are sending unauthenticated requests to the HF Hub. Please set a HF_TOKEN to enable higher rate limits and faster downloads.
2026-04-20 18:47:38,695 INFO HTTP Request: HEAD https://huggingface.co/api/resolve-cache/datasets/openslr/librispeech_asr/71cacbfb7e2354c4226d01e70d77d5fca3d04ba1/README.md "HTTP/1.1 200 OK"
2026-04-20 18:47:38,824 INFO HTTP Request: HEAD https://huggingface.co/datasets/openslr/librispeech_asr/resolve/71cacbfb7e2354c4226d01e70d77d5fca3d04ba1/librispeech_asr.py "HTTP/1.1 404 Not Found"
2026-04-20 18:47:39,257 INFO HTTP Request: HEAD https://s3.amazonaws.com/datasets.huggingface.co/datasets/datasets/openslr/librispeech_asr/openslr/librispeech_asr.py "HTTP/1.1 404 Not Found"
2026-04-20 18:47:39,405 INFO HTTP Request: GET https://huggingface.co/api/datasets/openslr/librispeech_asr/revision/71cacbfb7e2354c4226d01e70d77d5fca3d04ba1 "HTTP/1.1 200 OK"
2026-04-20 18:47:39,536 INFO HTTP Request: HEAD https://huggingface.co/datasets/openslr/librispeech_asr/resolve/71cacbfb7e2354c4226d01e70d77d5fca3d04ba1/.huggingface.yaml "HTTP/1.1 404 Not Found"
2026-04-20 18:47:39,745 INFO HTTP Request: GET https://datasets-server.huggingface.co/info?dataset=openslr/librispeech_asr "HTTP/1.1 200 OK"
2026-04-20 18:47:39,884 INFO HTTP Request: GET https://huggingface.co/api/datasets/openslr/librispeech_asr/tree/71cacbfb7e2354c4226d01e70d77d5fca3d04ba1/clean%2Ftest?recursive=true&expand=false "HTTP/1.1 200 OK"
2026-04-20 18:47:40,013 INFO HTTP Request: GET https://huggingface.co/api/datasets/openslr/librispeech_asr/tree/71cacbfb7e2354c4226d01e70d77d5fca3d04ba1/clean?recursive=false&expand=false "HTTP/1.1 200 OK"
2026-04-20 18:47:40,157 INFO HTTP Request: GET https://huggingface.co/api/datasets/openslr/librispeech_asr/tree/71cacbfb7e2354c4226d01e70d77d5fca3d04ba1/clean%2Ftrain.100?recursive=true&expand=false "HTTP/1.1 200 OK"
2026-04-20 18:47:40,306 INFO HTTP Request: GET https://huggingface.co/api/datasets/openslr/librispeech_asr/tree/71cacbfb7e2354c4226d01e70d77d5fca3d04ba1/clean%2Ftrain.360?recursive=true&expand=false "HTTP/1.1 200 OK"
2026-04-20 18:47:40,455 INFO HTTP Request: GET https://huggingface.co/api/datasets/openslr/librispeech_asr/tree/71cacbfb7e2354c4226d01e70d77d5fca3d04ba1/clean%2Fvalidation?recursive=true&expand=false "HTTP/1.1 200 OK"
2026-04-20 18:47:40,588 INFO HTTP Request: HEAD https://huggingface.co/datasets/openslr/librispeech_asr/resolve/71cacbfb7e2354c4226d01e70d77d5fca3d04ba1/dataset_infos.json "HTTP/1.1 404 Not Found"
2026-04-20 18:48:58,199 INFO Loaded 28538 utterances from train.100 (skipped 1 outside [0.5s, 20.0s])
2026-04-20 18:48:58,248 INFO Loading LibriSpeech split=validation from HuggingFace...
2026-04-20 18:48:58,428 INFO HTTP Request: HEAD https://huggingface.co/datasets/openslr/librispeech_asr/resolve/main/README.md "HTTP/1.1 307 Temporary Redirect"
2026-04-20 18:48:58,447 INFO HTTP Request: HEAD https://huggingface.co/api/resolve-cache/datasets/openslr/librispeech_asr/71cacbfb7e2354c4226d01e70d77d5fca3d04ba1/README.md "HTTP/1.1 200 OK"
2026-04-20 18:48:58,581 INFO HTTP Request: HEAD https://huggingface.co/datasets/openslr/librispeech_asr/resolve/71cacbfb7e2354c4226d01e70d77d5fca3d04ba1/librispeech_asr.py "HTTP/1.1 404 Not Found"
2026-04-20 18:48:59,010 INFO HTTP Request: HEAD https://s3.amazonaws.com/datasets.huggingface.co/datasets/datasets/openslr/librispeech_asr/openslr/librispeech_asr.py "HTTP/1.1 404 Not Found"
2026-04-20 18:48:59,155 INFO HTTP Request: HEAD https://huggingface.co/datasets/openslr/librispeech_asr/resolve/71cacbfb7e2354c4226d01e70d77d5fca3d04ba1/.huggingface.yaml "HTTP/1.1 404 Not Found"
2026-04-20 18:48:59,369 INFO HTTP Request: GET https://datasets-server.huggingface.co/info?dataset=openslr/librispeech_asr "HTTP/1.1 200 OK"
2026-04-20 18:48:59,529 INFO HTTP Request: HEAD https://huggingface.co/datasets/openslr/librispeech_asr/resolve/71cacbfb7e2354c4226d01e70d77d5fca3d04ba1/dataset_infos.json "HTTP/1.1 404 Not Found"
2026-04-20 18:49:03,798 INFO Loaded 2642 utterances from validation (skipped 61 outside [0.5s, 20.0s])
2026-04-20 18:49:03,803 INFO Loading LibriSpeech split=test from HuggingFace...
2026-04-20 18:49:03,948 INFO HTTP Request: HEAD https://huggingface.co/datasets/openslr/librispeech_asr/resolve/main/README.md "HTTP/1.1 307 Temporary Redirect"
2026-04-20 18:49:03,966 INFO HTTP Request: HEAD https://huggingface.co/api/resolve-cache/datasets/openslr/librispeech_asr/71cacbfb7e2354c4226d01e70d77d5fca3d04ba1/README.md "HTTP/1.1 200 OK"
2026-04-20 18:49:04,106 INFO HTTP Request: HEAD https://huggingface.co/datasets/openslr/librispeech_asr/resolve/71cacbfb7e2354c4226d01e70d77d5fca3d04ba1/librispeech_asr.py "HTTP/1.1 404 Not Found"
2026-04-20 18:49:04,463 INFO HTTP Request: HEAD https://s3.amazonaws.com/datasets.huggingface.co/datasets/datasets/openslr/librispeech_asr/openslr/librispeech_asr.py "HTTP/1.1 404 Not Found"
2026-04-20 18:49:04,626 INFO HTTP Request: HEAD https://huggingface.co/datasets/openslr/librispeech_asr/resolve/71cacbfb7e2354c4226d01e70d77d5fca3d04ba1/.huggingface.yaml "HTTP/1.1 404 Not Found"
2026-04-20 18:49:04,800 INFO HTTP Request: GET https://datasets-server.huggingface.co/info?dataset=openslr/librispeech_asr "HTTP/1.1 200 OK"
2026-04-20 18:49:04,961 INFO HTTP Request: HEAD https://huggingface.co/datasets/openslr/librispeech_asr/resolve/71cacbfb7e2354c4226d01e70d77d5fca3d04ba1/dataset_infos.json "HTTP/1.1 404 Not Found"
2026-04-20 18:49:09,247 INFO Loaded 2528 utterances from test (skipped 92 outside [0.5s, 20.0s])
2026-04-20 18:49:09,481 INFO Backbone: rwkv6_rse_dphi_viscosity | Params: 8.05M
2026-04-20 18:49:09,481 INFO   Frontend: 1.90M | Encoder: 6.13M | Head: 8.0K
2026-04-20 18:49:13,385 INFO Epoch 1 | Batch 0 | Loss: 4.2017 | LR: 3.00e-07
2026-04-20 18:49:22,909 INFO Epoch 1 | Batch 50 | Loss: 2.9348 | LR: 1.53e-05
2026-04-20 18:49:32,057 INFO Epoch 1 | Batch 100 | Loss: 2.9209 | LR: 3.03e-05
2026-04-20 18:49:41,415 INFO Epoch 1 | Batch 150 | Loss: 2.8760 | LR: 4.53e-05
2026-04-20 18:49:50,606 INFO Epoch 1 | Batch 200 | Loss: 2.8387 | LR: 6.03e-05
2026-04-20 18:49:59,649 INFO Epoch 1 | Batch 250 | Loss: 2.8508 | LR: 7.53e-05
2026-04-20 18:50:08,770 INFO Epoch 1 | Batch 300 | Loss: 2.8502 | LR: 9.03e-05
2026-04-20 18:50:17,923 INFO Epoch 1 | Batch 350 | Loss: 2.8543 | LR: 1.05e-04
2026-04-20 18:50:27,086 INFO Epoch 1 | Batch 400 | Loss: 2.8817 | LR: 1.20e-04
2026-04-20 18:50:36,269 INFO Epoch 1 | Batch 450 | Loss: 2.7503 | LR: 1.35e-04
2026-04-20 18:50:45,323 INFO Epoch 1 | Batch 500 | Loss: 2.7101 | LR: 1.50e-04
2026-04-20 18:50:54,496 INFO Epoch 1 | Batch 550 | Loss: 2.6431 | LR: 1.65e-04
2026-04-20 18:51:03,712 INFO Epoch 1 | Batch 600 | Loss: 2.6611 | LR: 1.80e-04
2026-04-20 18:51:12,861 INFO Epoch 1 | Batch 650 | Loss: 2.5069 | LR: 1.95e-04
2026-04-20 18:51:21,925 INFO Epoch 1 | Batch 700 | Loss: 2.5222 | LR: 2.10e-04
2026-04-20 18:51:31,057 INFO Epoch 1 | Batch 750 | Loss: 2.4547 | LR: 2.25e-04
2026-04-20 18:51:40,313 INFO Epoch 1 | Batch 800 | Loss: 2.6203 | LR: 2.40e-04
2026-04-20 18:51:49,540 INFO Epoch 1 | Batch 850 | Loss: 2.3487 | LR: 2.55e-04
2026-04-20 18:51:58,673 INFO Epoch 1 | Batch 900 | Loss: 2.4064 | LR: 2.70e-04
2026-04-20 18:52:07,861 INFO Epoch 1 | Batch 950 | Loss: 2.2798 | LR: 2.85e-04
2026-04-20 18:52:17,043 INFO Epoch 1 | Batch 1000 | Loss: 2.0878 | LR: 3.00e-04
2026-04-20 18:52:26,192 INFO Epoch 1 | Batch 1050 | Loss: 2.1655 | LR: 3.00e-04
2026-04-20 18:52:35,379 INFO Epoch 1 | Batch 1100 | Loss: 2.2204 | LR: 3.00e-04
2026-04-20 18:52:44,519 INFO Epoch 1 | Batch 1150 | Loss: 2.3140 | LR: 3.00e-04
2026-04-20 18:52:53,592 INFO Epoch 1 | Batch 1200 | Loss: 2.1965 | LR: 3.00e-04
2026-04-20 18:53:12,384 INFO Epoch 1 | Train: 2.5824 | Dev CER: 0.5253 | Dev WER: 0.9842 | Time: 242s | Peak: 21.5 GB
2026-04-20 18:53:12,384 INFO   New best CER: 0.5253
2026-04-20 18:53:15,805 INFO Epoch 2 | Batch 0 | Loss: 2.0030 | LR: 3.00e-04
2026-04-20 18:53:24,828 INFO Epoch 2 | Batch 50 | Loss: 2.2854 | LR: 3.00e-04
2026-04-20 18:53:33,791 INFO Epoch 2 | Batch 100 | Loss: 2.2144 | LR: 3.00e-04
2026-04-20 18:53:42,908 INFO Epoch 2 | Batch 150 | Loss: 2.1095 | LR: 3.00e-04
2026-04-20 18:53:52,035 INFO Epoch 2 | Batch 200 | Loss: 1.9494 | LR: 3.00e-04
2026-04-20 18:54:01,267 INFO Epoch 2 | Batch 250 | Loss: 1.7306 | LR: 3.00e-04
2026-04-20 18:54:10,514 INFO Epoch 2 | Batch 300 | Loss: 1.8736 | LR: 3.00e-04
2026-04-20 18:54:19,827 INFO Epoch 2 | Batch 350 | Loss: 1.9134 | LR: 3.00e-04
2026-04-20 18:54:29,011 INFO Epoch 2 | Batch 400 | Loss: 1.6977 | LR: 3.00e-04
2026-04-20 18:54:38,144 INFO Epoch 2 | Batch 450 | Loss: 1.7839 | LR: 3.00e-04
2026-04-20 18:54:47,442 INFO Epoch 2 | Batch 500 | Loss: 1.7626 | LR: 3.00e-04
2026-04-20 18:54:56,666 INFO Epoch 2 | Batch 550 | Loss: 1.9951 | LR: 3.00e-04
2026-04-20 18:55:05,864 INFO Epoch 2 | Batch 600 | Loss: 1.8030 | LR: 3.00e-04
2026-04-20 18:55:14,718 INFO Epoch 2 | Batch 650 | Loss: 1.9952 | LR: 3.00e-04
2026-04-20 18:55:23,690 INFO Epoch 2 | Batch 700 | Loss: 2.2113 | LR: 3.00e-04
2026-04-20 18:55:32,890 INFO Epoch 2 | Batch 750 | Loss: 1.7982 | LR: 2.99e-04
2026-04-20 18:55:42,060 INFO Epoch 2 | Batch 800 | Loss: 1.5166 | LR: 2.99e-04
2026-04-20 18:55:51,147 INFO Epoch 2 | Batch 850 | Loss: 1.9259 | LR: 2.99e-04
2026-04-20 18:56:00,209 INFO Epoch 2 | Batch 900 | Loss: 1.7029 | LR: 2.99e-04
2026-04-20 18:56:09,265 INFO Epoch 2 | Batch 950 | Loss: 1.5863 | LR: 2.99e-04
2026-04-20 18:56:18,567 INFO Epoch 2 | Batch 1000 | Loss: 2.3281 | LR: 2.99e-04
2026-04-20 18:56:27,682 INFO Epoch 2 | Batch 1050 | Loss: 1.7573 | LR: 2.99e-04
2026-04-20 18:56:36,767 INFO Epoch 2 | Batch 1100 | Loss: 1.6397 | LR: 2.99e-04
2026-04-20 18:56:45,828 INFO Epoch 2 | Batch 1150 | Loss: 1.4942 | LR: 2.99e-04
2026-04-20 18:56:55,105 INFO Epoch 2 | Batch 1200 | Loss: 1.5781 | LR: 2.99e-04
2026-04-20 18:57:10,328 INFO Epoch 2 | Train: 1.8170 | Dev CER: 0.3586 | Dev WER: 0.8075 | Time: 237s | Peak: 21.5 GB
2026-04-20 18:57:10,329 INFO   New best CER: 0.3586
2026-04-20 18:57:13,224 INFO Epoch 3 | Batch 0 | Loss: 1.4904 | LR: 2.99e-04
2026-04-20 18:57:22,290 INFO Epoch 3 | Batch 50 | Loss: 1.5549 | LR: 2.99e-04
2026-04-20 18:57:31,354 INFO Epoch 3 | Batch 100 | Loss: 1.5091 | LR: 2.99e-04
2026-04-20 18:57:40,406 INFO Epoch 3 | Batch 150 | Loss: 1.5217 | LR: 2.99e-04
2026-04-20 18:57:49,494 INFO Epoch 3 | Batch 200 | Loss: 1.6128 | LR: 2.98e-04
2026-04-20 18:57:58,472 INFO Epoch 3 | Batch 250 | Loss: 1.2468 | LR: 2.98e-04
2026-04-20 18:58:07,666 INFO Epoch 3 | Batch 300 | Loss: 1.6519 | LR: 2.98e-04
2026-04-20 18:58:16,980 INFO Epoch 3 | Batch 350 | Loss: 1.2774 | LR: 2.98e-04
2026-04-20 18:58:26,158 INFO Epoch 3 | Batch 400 | Loss: 1.3838 | LR: 2.98e-04
2026-04-20 18:58:35,413 INFO Epoch 3 | Batch 450 | Loss: 1.8927 | LR: 2.98e-04
2026-04-20 18:58:44,690 INFO Epoch 3 | Batch 500 | Loss: 1.4419 | LR: 2.98e-04
2026-04-20 18:58:53,904 INFO Epoch 3 | Batch 550 | Loss: 1.4697 | LR: 2.98e-04
2026-04-20 18:59:03,483 INFO Epoch 3 | Batch 600 | Loss: 1.6710 | LR: 2.98e-04
2026-04-20 18:59:12,657 INFO Epoch 3 | Batch 650 | Loss: 1.5171 | LR: 2.97e-04
2026-04-20 18:59:21,883 INFO Epoch 3 | Batch 700 | Loss: 1.6666 | LR: 2.97e-04
2026-04-20 18:59:30,995 INFO Epoch 3 | Batch 750 | Loss: 1.8941 | LR: 2.97e-04
2026-04-20 18:59:40,107 INFO Epoch 3 | Batch 800 | Loss: 1.5852 | LR: 2.97e-04
2026-04-20 18:59:49,231 INFO Epoch 3 | Batch 850 | Loss: 1.5522 | LR: 2.97e-04
2026-04-20 18:59:58,404 INFO Epoch 3 | Batch 900 | Loss: 1.6718 | LR: 2.97e-04
2026-04-20 19:00:07,649 INFO Epoch 3 | Batch 950 | Loss: 1.7438 | LR: 2.97e-04
2026-04-20 19:00:16,764 INFO Epoch 3 | Batch 1000 | Loss: 1.3628 | LR: 2.97e-04
2026-04-20 19:00:25,926 INFO Epoch 3 | Batch 1050 | Loss: 1.4382 | LR: 2.96e-04
2026-04-20 19:00:35,069 INFO Epoch 3 | Batch 1100 | Loss: 1.2754 | LR: 2.96e-04
2026-04-20 19:00:44,073 INFO Epoch 3 | Batch 1150 | Loss: 1.8860 | LR: 2.96e-04
2026-04-20 19:00:53,179 INFO Epoch 3 | Batch 1200 | Loss: 1.6775 | LR: 2.96e-04
2026-04-20 19:01:09,583 INFO Epoch 3 | Train: 1.5072 | Dev CER: 0.2973 | Dev WER: 0.7230 | Time: 239s | Peak: 21.5 GB
2026-04-20 19:01:09,583 INFO   New best CER: 0.2973
2026-04-20 19:01:12,886 INFO Epoch 4 | Batch 0 | Loss: 1.2542 | LR: 2.96e-04
2026-04-20 19:01:22,001 INFO Epoch 4 | Batch 50 | Loss: 1.6411 | LR: 2.96e-04
2026-04-20 19:01:31,163 INFO Epoch 4 | Batch 100 | Loss: 1.2538 | LR: 2.96e-04
2026-04-20 19:01:40,472 INFO Epoch 4 | Batch 150 | Loss: 1.8209 | LR: 2.95e-04
2026-04-20 19:01:49,628 INFO Epoch 4 | Batch 200 | Loss: 1.4976 | LR: 2.95e-04
2026-04-20 19:01:58,743 INFO Epoch 4 | Batch 250 | Loss: 1.4090 | LR: 2.95e-04
2026-04-20 19:02:07,808 INFO Epoch 4 | Batch 300 | Loss: 1.3446 | LR: 2.95e-04
2026-04-20 19:02:16,714 INFO Epoch 4 | Batch 350 | Loss: 1.8004 | LR: 2.95e-04
2026-04-20 19:02:25,857 INFO Epoch 4 | Batch 400 | Loss: 1.4502 | LR: 2.95e-04
2026-04-20 19:02:35,019 INFO Epoch 4 | Batch 450 | Loss: 1.3798 | LR: 2.94e-04
2026-04-20 19:02:44,006 INFO Epoch 4 | Batch 500 | Loss: 1.5394 | LR: 2.94e-04
2026-04-20 19:02:53,236 INFO Epoch 4 | Batch 550 | Loss: 1.1995 | LR: 2.94e-04
2026-04-20 19:03:02,264 INFO Epoch 4 | Batch 600 | Loss: 1.4811 | LR: 2.94e-04
2026-04-20 19:03:11,169 INFO Epoch 4 | Batch 650 | Loss: 1.3346 | LR: 2.94e-04
2026-04-20 19:03:20,247 INFO Epoch 4 | Batch 700 | Loss: 1.1748 | LR: 2.93e-04
2026-04-20 19:03:29,358 INFO Epoch 4 | Batch 750 | Loss: 1.3558 | LR: 2.93e-04
2026-04-20 19:03:38,454 INFO Epoch 4 | Batch 800 | Loss: 1.1969 | LR: 2.93e-04
2026-04-20 19:03:47,432 INFO Epoch 4 | Batch 850 | Loss: 1.6558 | LR: 2.93e-04
2026-04-20 19:03:56,537 INFO Epoch 4 | Batch 900 | Loss: 1.4025 | LR: 2.93e-04
2026-04-20 19:04:05,620 INFO Epoch 4 | Batch 950 | Loss: 1.3311 | LR: 2.92e-04
2026-04-20 19:04:14,599 INFO Epoch 4 | Batch 1000 | Loss: 1.2047 | LR: 2.92e-04
2026-04-20 19:04:23,644 INFO Epoch 4 | Batch 1050 | Loss: 1.3792 | LR: 2.92e-04
2026-04-20 19:04:32,632 INFO Epoch 4 | Batch 1100 | Loss: 1.2253 | LR: 2.92e-04
2026-04-20 19:04:41,735 INFO Epoch 4 | Batch 1150 | Loss: 1.5173 | LR: 2.92e-04
2026-04-20 19:04:50,782 INFO Epoch 4 | Batch 1200 | Loss: 1.6714 | LR: 2.91e-04
2026-04-20 19:05:09,944 INFO Epoch 4 | Train: 1.3556 | Dev CER: 0.2595 | Dev WER: 0.6575 | Time: 240s | Peak: 21.5 GB
2026-04-20 19:05:09,945 INFO   New best CER: 0.2595
2026-04-20 19:05:12,807 INFO Epoch 5 | Batch 0 | Loss: 1.0087 | LR: 2.91e-04
2026-04-20 19:05:21,956 INFO Epoch 5 | Batch 50 | Loss: 1.2395 | LR: 2.91e-04
2026-04-20 19:05:30,970 INFO Epoch 5 | Batch 100 | Loss: 1.3406 | LR: 2.91e-04
2026-04-20 19:05:39,899 INFO Epoch 5 | Batch 150 | Loss: 1.2648 | LR: 2.91e-04
2026-04-20 19:05:48,867 INFO Epoch 5 | Batch 200 | Loss: 1.1286 | LR: 2.90e-04
2026-04-20 19:05:57,811 INFO Epoch 5 | Batch 250 | Loss: 1.8968 | LR: 2.90e-04
2026-04-20 19:06:06,882 INFO Epoch 5 | Batch 300 | Loss: 1.0564 | LR: 2.90e-04
2026-04-20 19:06:15,916 INFO Epoch 5 | Batch 350 | Loss: 1.0895 | LR: 2.90e-04
2026-04-20 19:06:24,869 INFO Epoch 5 | Batch 400 | Loss: 0.9879 | LR: 2.89e-04
2026-04-20 19:06:33,910 INFO Epoch 5 | Batch 450 | Loss: 1.2809 | LR: 2.89e-04
2026-04-20 19:06:43,075 INFO Epoch 5 | Batch 500 | Loss: 1.1896 | LR: 2.89e-04
2026-04-20 19:06:52,201 INFO Epoch 5 | Batch 550 | Loss: 1.2748 | LR: 2.89e-04
2026-04-20 19:07:01,102 INFO Epoch 5 | Batch 600 | Loss: 1.3750 | LR: 2.88e-04
2026-04-20 19:07:10,192 INFO Epoch 5 | Batch 650 | Loss: 1.5829 | LR: 2.88e-04
2026-04-20 19:07:19,263 INFO Epoch 5 | Batch 700 | Loss: 1.1728 | LR: 2.88e-04
2026-04-20 19:07:28,242 INFO Epoch 5 | Batch 750 | Loss: 1.1073 | LR: 2.88e-04
2026-04-20 19:07:37,190 INFO Epoch 5 | Batch 800 | Loss: 1.0999 | LR: 2.87e-04
2026-04-20 19:07:46,039 INFO Epoch 5 | Batch 850 | Loss: 1.1957 | LR: 2.87e-04
2026-04-20 19:07:55,220 INFO Epoch 5 | Batch 900 | Loss: 1.3086 | LR: 2.87e-04
2026-04-20 19:08:04,441 INFO Epoch 5 | Batch 950 | Loss: 1.6862 | LR: 2.87e-04
2026-04-20 19:08:13,477 INFO Epoch 5 | Batch 1000 | Loss: 1.4244 | LR: 2.86e-04
2026-04-20 19:08:22,473 INFO Epoch 5 | Batch 1050 | Loss: 1.1324 | LR: 2.86e-04
2026-04-20 19:08:31,415 INFO Epoch 5 | Batch 1100 | Loss: 1.2328 | LR: 2.86e-04
2026-04-20 19:08:40,438 INFO Epoch 5 | Batch 1150 | Loss: 1.5415 | LR: 2.86e-04
2026-04-20 19:08:49,541 INFO Epoch 5 | Batch 1200 | Loss: 1.2317 | LR: 2.85e-04
2026-04-20 19:09:09,365 INFO Epoch 5 | Train: 1.2414 | Dev CER: 0.2330 | Dev WER: 0.6120 | Time: 239s | Peak: 21.5 GB
2026-04-20 19:09:09,365 INFO   New best CER: 0.2330
2026-04-20 19:09:12,416 INFO Epoch 6 | Batch 0 | Loss: 1.1953 | LR: 2.85e-04
2026-04-20 19:09:21,695 INFO Epoch 6 | Batch 50 | Loss: 1.7061 | LR: 2.85e-04
2026-04-20 19:09:30,654 INFO Epoch 6 | Batch 100 | Loss: 1.3260 | LR: 2.84e-04
2026-04-20 19:09:39,799 INFO Epoch 6 | Batch 150 | Loss: 1.2870 | LR: 2.84e-04
2026-04-20 19:09:48,933 INFO Epoch 6 | Batch 200 | Loss: 1.3408 | LR: 2.84e-04
2026-04-20 19:09:58,071 INFO Epoch 6 | Batch 250 | Loss: 0.9411 | LR: 2.84e-04
2026-04-20 19:10:07,130 INFO Epoch 6 | Batch 300 | Loss: 0.9561 | LR: 2.83e-04
2026-04-20 19:10:16,158 INFO Epoch 6 | Batch 350 | Loss: 1.1170 | LR: 2.83e-04
2026-04-20 19:10:25,459 INFO Epoch 6 | Batch 400 | Loss: 0.9569 | LR: 2.83e-04
2026-04-20 19:10:34,478 INFO Epoch 6 | Batch 450 | Loss: 1.8542 | LR: 2.82e-04
2026-04-20 19:10:43,525 INFO Epoch 6 | Batch 500 | Loss: 0.9966 | LR: 2.82e-04
2026-04-20 19:10:52,578 INFO Epoch 6 | Batch 550 | Loss: 1.0526 | LR: 2.82e-04
2026-04-20 19:11:01,675 INFO Epoch 6 | Batch 600 | Loss: 1.1751 | LR: 2.81e-04
2026-04-20 19:11:10,690 INFO Epoch 6 | Batch 650 | Loss: 1.3277 | LR: 2.81e-04
2026-04-20 19:11:19,758 INFO Epoch 6 | Batch 700 | Loss: 1.3815 | LR: 2.81e-04
2026-04-20 19:11:28,912 INFO Epoch 6 | Batch 750 | Loss: 1.2127 | LR: 2.81e-04
2026-04-20 19:11:37,952 INFO Epoch 6 | Batch 800 | Loss: 1.0782 | LR: 2.80e-04
2026-04-20 19:11:47,097 INFO Epoch 6 | Batch 850 | Loss: 1.2363 | LR: 2.80e-04
2026-04-20 19:11:56,172 INFO Epoch 6 | Batch 900 | Loss: 0.9442 | LR: 2.80e-04
2026-04-20 19:12:05,338 INFO Epoch 6 | Batch 950 | Loss: 1.5525 | LR: 2.79e-04
2026-04-20 19:12:14,412 INFO Epoch 6 | Batch 1000 | Loss: 1.1096 | LR: 2.79e-04
2026-04-20 19:12:23,361 INFO Epoch 6 | Batch 1050 | Loss: 1.3061 | LR: 2.79e-04
2026-04-20 19:12:32,379 INFO Epoch 6 | Batch 1100 | Loss: 1.3224 | LR: 2.78e-04
2026-04-20 19:12:41,473 INFO Epoch 6 | Batch 1150 | Loss: 1.0878 | LR: 2.78e-04
2026-04-20 19:12:50,519 INFO Epoch 6 | Batch 1200 | Loss: 0.9980 | LR: 2.78e-04
2026-04-20 19:13:09,749 INFO Epoch 6 | Train: 1.1583 | Dev CER: 0.2212 | Dev WER: 0.5882 | Time: 240s | Peak: 21.5 GB
2026-04-20 19:13:09,749 INFO   New best CER: 0.2212
2026-04-20 19:13:13,008 INFO Epoch 7 | Batch 0 | Loss: 1.2599 | LR: 2.77e-04
2026-04-20 19:13:22,121 INFO Epoch 7 | Batch 50 | Loss: 1.2908 | LR: 2.77e-04
2026-04-20 19:13:31,155 INFO Epoch 7 | Batch 100 | Loss: 1.0332 | LR: 2.77e-04
2026-04-20 19:13:40,339 INFO Epoch 7 | Batch 150 | Loss: 1.2145 | LR: 2.76e-04
2026-04-20 19:13:49,550 INFO Epoch 7 | Batch 200 | Loss: 0.9650 | LR: 2.76e-04
2026-04-20 19:13:58,548 INFO Epoch 7 | Batch 250 | Loss: 1.1525 | LR: 2.76e-04
2026-04-20 19:14:07,725 INFO Epoch 7 | Batch 300 | Loss: 1.0643 | LR: 2.75e-04
2026-04-20 19:14:16,830 INFO Epoch 7 | Batch 350 | Loss: 1.3080 | LR: 2.75e-04
2026-04-20 19:14:25,981 INFO Epoch 7 | Batch 400 | Loss: 0.9769 | LR: 2.74e-04
2026-04-20 19:14:35,070 INFO Epoch 7 | Batch 450 | Loss: 1.2484 | LR: 2.74e-04
2026-04-20 19:14:44,228 INFO Epoch 7 | Batch 500 | Loss: 1.3005 | LR: 2.74e-04
2026-04-20 19:14:53,270 INFO Epoch 7 | Batch 550 | Loss: 0.9530 | LR: 2.73e-04
2026-04-20 19:15:02,343 INFO Epoch 7 | Batch 600 | Loss: 1.0984 | LR: 2.73e-04
2026-04-20 19:15:11,456 INFO Epoch 7 | Batch 650 | Loss: 1.3031 | LR: 2.73e-04
2026-04-20 19:15:20,483 INFO Epoch 7 | Batch 700 | Loss: 1.2040 | LR: 2.72e-04
2026-04-20 19:15:29,573 INFO Epoch 7 | Batch 750 | Loss: 1.2742 | LR: 2.72e-04
2026-04-20 19:15:38,745 INFO Epoch 7 | Batch 800 | Loss: 1.4891 | LR: 2.71e-04
2026-04-20 19:15:47,981 INFO Epoch 7 | Batch 850 | Loss: 1.3377 | LR: 2.71e-04
2026-04-20 19:15:57,277 INFO Epoch 7 | Batch 900 | Loss: 1.0205 | LR: 2.71e-04
2026-04-20 19:16:06,647 INFO Epoch 7 | Batch 950 | Loss: 0.9875 | LR: 2.70e-04
2026-04-20 19:16:15,904 INFO Epoch 7 | Batch 1000 | Loss: 0.9159 | LR: 2.70e-04
2026-04-20 19:16:25,188 INFO Epoch 7 | Batch 1050 | Loss: 1.3034 | LR: 2.69e-04
2026-04-20 19:16:34,633 INFO Epoch 7 | Batch 1100 | Loss: 1.5449 | LR: 2.69e-04
2026-04-20 19:16:44,035 INFO Epoch 7 | Batch 1150 | Loss: 1.0248 | LR: 2.69e-04
2026-04-20 19:16:53,187 INFO Epoch 7 | Batch 1200 | Loss: 0.7402 | LR: 2.68e-04
2026-04-20 19:17:09,161 INFO Epoch 7 | Train: 1.1094 | Dev CER: 0.2074 | Dev WER: 0.5566 | Time: 239s | Peak: 21.5 GB
2026-04-20 19:17:09,161 INFO   New best CER: 0.2074
2026-04-20 19:17:12,553 INFO Epoch 8 | Batch 0 | Loss: 0.9971 | LR: 2.68e-04
2026-04-20 19:17:21,797 INFO Epoch 8 | Batch 50 | Loss: 1.1564 | LR: 2.68e-04
2026-04-20 19:17:30,986 INFO Epoch 8 | Batch 100 | Loss: 1.1569 | LR: 2.67e-04
2026-04-20 19:17:40,164 INFO Epoch 8 | Batch 150 | Loss: 1.2978 | LR: 2.67e-04
2026-04-20 19:17:49,196 INFO Epoch 8 | Batch 200 | Loss: 1.0322 | LR: 2.66e-04
2026-04-20 19:17:58,476 INFO Epoch 8 | Batch 250 | Loss: 1.2559 | LR: 2.66e-04
2026-04-20 19:18:07,558 INFO Epoch 8 | Batch 300 | Loss: 0.9705 | LR: 2.66e-04
2026-04-20 19:18:16,794 INFO Epoch 8 | Batch 350 | Loss: 1.3058 | LR: 2.65e-04
2026-04-20 19:18:25,871 INFO Epoch 8 | Batch 400 | Loss: 0.9009 | LR: 2.65e-04
2026-04-20 19:18:35,102 INFO Epoch 8 | Batch 450 | Loss: 1.2125 | LR: 2.64e-04
2026-04-20 19:18:44,038 INFO Epoch 8 | Batch 500 | Loss: 0.9979 | LR: 2.64e-04
2026-04-20 19:18:53,129 INFO Epoch 8 | Batch 550 | Loss: 1.0344 | LR: 2.63e-04
2026-04-20 19:19:02,297 INFO Epoch 8 | Batch 600 | Loss: 0.8792 | LR: 2.63e-04
2026-04-20 19:19:11,442 INFO Epoch 8 | Batch 650 | Loss: 0.9946 | LR: 2.63e-04
2026-04-20 19:19:20,595 INFO Epoch 8 | Batch 700 | Loss: 0.8639 | LR: 2.62e-04
2026-04-20 19:19:30,162 INFO Epoch 8 | Batch 750 | Loss: 0.8608 | LR: 2.62e-04
2026-04-20 19:19:39,344 INFO Epoch 8 | Batch 800 | Loss: 1.0654 | LR: 2.61e-04
2026-04-20 19:19:48,398 INFO Epoch 8 | Batch 850 | Loss: 0.7702 | LR: 2.61e-04
2026-04-20 19:19:57,433 INFO Epoch 8 | Batch 900 | Loss: 1.1963 | LR: 2.60e-04
2026-04-20 19:20:06,415 INFO Epoch 8 | Batch 950 | Loss: 1.0701 | LR: 2.60e-04
2026-04-20 19:20:15,565 INFO Epoch 8 | Batch 1000 | Loss: 0.8607 | LR: 2.60e-04
2026-04-20 19:20:24,670 INFO Epoch 8 | Batch 1050 | Loss: 0.9798 | LR: 2.59e-04
2026-04-20 19:20:33,702 INFO Epoch 8 | Batch 1100 | Loss: 0.9219 | LR: 2.59e-04
2026-04-20 19:20:42,845 INFO Epoch 8 | Batch 1150 | Loss: 0.8342 | LR: 2.58e-04
2026-04-20 19:20:52,018 INFO Epoch 8 | Batch 1200 | Loss: 0.8789 | LR: 2.58e-04
2026-04-20 19:21:11,880 INFO Epoch 8 | Train: 1.0540 | Dev CER: 0.1893 | Dev WER: 0.5247 | Time: 242s | Peak: 21.5 GB
2026-04-20 19:21:11,880 INFO   New best CER: 0.1893
2026-04-20 19:21:14,891 INFO Epoch 9 | Batch 0 | Loss: 1.0044 | LR: 2.57e-04
2026-04-20 19:21:24,022 INFO Epoch 9 | Batch 50 | Loss: 1.0625 | LR: 2.57e-04
2026-04-20 19:21:33,041 INFO Epoch 9 | Batch 100 | Loss: 0.9147 | LR: 2.56e-04
2026-04-20 19:21:41,972 INFO Epoch 9 | Batch 150 | Loss: 1.0896 | LR: 2.56e-04
2026-04-20 19:21:51,443 INFO Epoch 9 | Batch 200 | Loss: 0.9677 | LR: 2.56e-04
2026-04-20 19:22:00,493 INFO Epoch 9 | Batch 250 | Loss: 1.1284 | LR: 2.55e-04
2026-04-20 19:22:09,610 INFO Epoch 9 | Batch 300 | Loss: 0.9509 | LR: 2.55e-04
2026-04-20 19:22:18,661 INFO Epoch 9 | Batch 350 | Loss: 1.2183 | LR: 2.54e-04
2026-04-20 19:22:27,776 INFO Epoch 9 | Batch 400 | Loss: 0.8978 | LR: 2.54e-04
2026-04-20 19:22:36,810 INFO Epoch 9 | Batch 450 | Loss: 0.7741 | LR: 2.53e-04
2026-04-20 19:22:45,875 INFO Epoch 9 | Batch 500 | Loss: 0.8675 | LR: 2.53e-04
2026-04-20 19:22:54,972 INFO Epoch 9 | Batch 550 | Loss: 0.7906 | LR: 2.52e-04
2026-04-20 19:23:03,991 INFO Epoch 9 | Batch 600 | Loss: 0.8474 | LR: 2.52e-04
2026-04-20 19:23:12,889 INFO Epoch 9 | Batch 650 | Loss: 1.0875 | LR: 2.51e-04
2026-04-20 19:23:21,895 INFO Epoch 9 | Batch 700 | Loss: 0.7871 | LR: 2.51e-04
2026-04-20 19:23:30,933 INFO Epoch 9 | Batch 750 | Loss: 0.9645 | LR: 2.50e-04
2026-04-20 19:23:39,939 INFO Epoch 9 | Batch 800 | Loss: 0.9821 | LR: 2.50e-04
2026-04-20 19:23:49,002 INFO Epoch 9 | Batch 850 | Loss: 1.2271 | LR: 2.49e-04
2026-04-20 19:23:57,906 INFO Epoch 9 | Batch 900 | Loss: 1.1710 | LR: 2.49e-04
2026-04-20 19:24:06,926 INFO Epoch 9 | Batch 950 | Loss: 1.0433 | LR: 2.48e-04
2026-04-20 19:24:15,905 INFO Epoch 9 | Batch 1000 | Loss: 0.9056 | LR: 2.48e-04
2026-04-20 19:24:24,983 INFO Epoch 9 | Batch 1050 | Loss: 1.1626 | LR: 2.47e-04
2026-04-20 19:24:34,079 INFO Epoch 9 | Batch 1100 | Loss: 0.8475 | LR: 2.47e-04
2026-04-20 19:24:43,141 INFO Epoch 9 | Batch 1150 | Loss: 0.8112 | LR: 2.46e-04
2026-04-20 19:24:52,169 INFO Epoch 9 | Batch 1200 | Loss: 0.9925 | LR: 2.46e-04
2026-04-20 19:25:11,436 INFO Epoch 9 | Train: 1.0187 | Dev CER: 0.1807 | Dev WER: 0.5018 | Time: 239s | Peak: 21.5 GB
2026-04-20 19:25:11,436 INFO   New best CER: 0.1807
2026-04-20 19:25:14,432 INFO Epoch 10 | Batch 0 | Loss: 0.9876 | LR: 2.46e-04
2026-04-20 19:25:23,662 INFO Epoch 10 | Batch 50 | Loss: 1.0377 | LR: 2.45e-04
2026-04-20 19:25:32,719 INFO Epoch 10 | Batch 100 | Loss: 0.8812 | LR: 2.45e-04
2026-04-20 19:25:41,794 INFO Epoch 10 | Batch 150 | Loss: 0.9824 | LR: 2.44e-04
2026-04-20 19:25:50,872 INFO Epoch 10 | Batch 200 | Loss: 0.9596 | LR: 2.44e-04
2026-04-20 19:25:59,972 INFO Epoch 10 | Batch 250 | Loss: 0.8494 | LR: 2.43e-04
2026-04-20 19:26:09,019 INFO Epoch 10 | Batch 300 | Loss: 0.8008 | LR: 2.43e-04
2026-04-20 19:26:18,065 INFO Epoch 10 | Batch 350 | Loss: 0.7980 | LR: 2.42e-04
2026-04-20 19:26:27,174 INFO Epoch 10 | Batch 400 | Loss: 0.6541 | LR: 2.41e-04
2026-04-20 19:26:36,238 INFO Epoch 10 | Batch 450 | Loss: 1.0753 | LR: 2.41e-04
2026-04-20 19:26:45,403 INFO Epoch 10 | Batch 500 | Loss: 0.7840 | LR: 2.40e-04
2026-04-20 19:26:54,536 INFO Epoch 10 | Batch 550 | Loss: 0.9243 | LR: 2.40e-04
2026-04-20 19:27:03,698 INFO Epoch 10 | Batch 600 | Loss: 1.0744 | LR: 2.39e-04
2026-04-20 19:27:12,859 INFO Epoch 10 | Batch 650 | Loss: 0.9919 | LR: 2.39e-04
2026-04-20 19:27:21,880 INFO Epoch 10 | Batch 700 | Loss: 1.4730 | LR: 2.38e-04
2026-04-20 19:27:31,122 INFO Epoch 10 | Batch 750 | Loss: 0.6579 | LR: 2.38e-04
2026-04-20 19:27:40,079 INFO Epoch 10 | Batch 800 | Loss: 1.5441 | LR: 2.37e-04
2026-04-20 19:27:49,137 INFO Epoch 10 | Batch 850 | Loss: 0.7668 | LR: 2.37e-04
2026-04-20 19:27:58,100 INFO Epoch 10 | Batch 900 | Loss: 0.7793 | LR: 2.36e-04
2026-04-20 19:28:07,046 INFO Epoch 10 | Batch 950 | Loss: 0.8804 | LR: 2.36e-04
2026-04-20 19:28:16,045 INFO Epoch 10 | Batch 1000 | Loss: 0.8308 | LR: 2.35e-04
2026-04-20 19:28:25,031 INFO Epoch 10 | Batch 1050 | Loss: 0.8374 | LR: 2.35e-04
2026-04-20 19:28:34,103 INFO Epoch 10 | Batch 1100 | Loss: 0.7508 | LR: 2.34e-04
2026-04-20 19:28:42,967 INFO Epoch 10 | Batch 1150 | Loss: 0.8698 | LR: 2.34e-04
2026-04-20 19:28:51,974 INFO Epoch 10 | Batch 1200 | Loss: 0.8949 | LR: 2.33e-04
2026-04-20 19:29:11,816 INFO Epoch 10 | Train: 0.9753 | Dev CER: 0.1699 | Dev WER: 0.4812 | Time: 240s | Peak: 21.5 GB
2026-04-20 19:29:11,816 INFO   New best CER: 0.1699
2026-04-20 19:29:14,969 INFO Epoch 11 | Batch 0 | Loss: 1.0127 | LR: 2.33e-04
2026-04-20 19:29:24,232 INFO Epoch 11 | Batch 50 | Loss: 0.8960 | LR: 2.32e-04
2026-04-20 19:29:33,361 INFO Epoch 11 | Batch 100 | Loss: 0.6955 | LR: 2.32e-04
2026-04-20 19:29:42,395 INFO Epoch 11 | Batch 150 | Loss: 0.6963 | LR: 2.31e-04
2026-04-20 19:29:51,496 INFO Epoch 11 | Batch 200 | Loss: 1.1782 | LR: 2.30e-04
2026-04-20 19:30:00,648 INFO Epoch 11 | Batch 250 | Loss: 1.0142 | LR: 2.30e-04
2026-04-20 19:30:09,834 INFO Epoch 11 | Batch 300 | Loss: 1.0890 | LR: 2.29e-04
2026-04-20 19:30:19,033 INFO Epoch 11 | Batch 350 | Loss: 1.1204 | LR: 2.29e-04
2026-04-20 19:30:28,217 INFO Epoch 11 | Batch 400 | Loss: 0.6366 | LR: 2.28e-04
2026-04-20 19:30:37,207 INFO Epoch 11 | Batch 450 | Loss: 0.6506 | LR: 2.28e-04
2026-04-20 19:30:46,256 INFO Epoch 11 | Batch 500 | Loss: 0.9433 | LR: 2.27e-04
2026-04-20 19:30:55,269 INFO Epoch 11 | Batch 550 | Loss: 0.9664 | LR: 2.27e-04
2026-04-20 19:31:04,421 INFO Epoch 11 | Batch 600 | Loss: 0.9420 | LR: 2.26e-04
2026-04-20 19:31:13,498 INFO Epoch 11 | Batch 650 | Loss: 1.3257 | LR: 2.25e-04
2026-04-20 19:31:22,627 INFO Epoch 11 | Batch 700 | Loss: 0.9160 | LR: 2.25e-04
2026-04-20 19:31:31,787 INFO Epoch 11 | Batch 750 | Loss: 0.8938 | LR: 2.24e-04
2026-04-20 19:31:41,211 INFO Epoch 11 | Batch 800 | Loss: 1.0285 | LR: 2.24e-04
2026-04-20 19:31:50,415 INFO Epoch 11 | Batch 850 | Loss: 0.8844 | LR: 2.23e-04
2026-04-20 19:31:59,489 INFO Epoch 11 | Batch 900 | Loss: 0.7988 | LR: 2.23e-04
2026-04-20 19:32:08,586 INFO Epoch 11 | Batch 950 | Loss: 0.6451 | LR: 2.22e-04
2026-04-20 19:32:17,632 INFO Epoch 11 | Batch 1000 | Loss: 0.8064 | LR: 2.21e-04
2026-04-20 19:32:26,637 INFO Epoch 11 | Batch 1050 | Loss: 0.9808 | LR: 2.21e-04
2026-04-20 19:32:35,794 INFO Epoch 11 | Batch 1100 | Loss: 0.9186 | LR: 2.20e-04
2026-04-20 19:32:44,936 INFO Epoch 11 | Batch 1150 | Loss: 1.0043 | LR: 2.20e-04
2026-04-20 19:32:54,158 INFO Epoch 11 | Batch 1200 | Loss: 0.7227 | LR: 2.19e-04
2026-04-20 19:33:10,067 INFO Epoch 11 | Train: 0.9436 | Dev CER: 0.1637 | Dev WER: 0.4705 | Time: 238s | Peak: 21.5 GB
2026-04-20 19:33:10,067 INFO   New best CER: 0.1637
2026-04-20 19:33:13,540 INFO Epoch 12 | Batch 0 | Loss: 0.8509 | LR: 2.19e-04
2026-04-20 19:33:22,693 INFO Epoch 12 | Batch 50 | Loss: 1.8764 | LR: 2.18e-04
2026-04-20 19:33:31,696 INFO Epoch 12 | Batch 100 | Loss: 1.5444 | LR: 2.18e-04
2026-04-20 19:33:40,747 INFO Epoch 12 | Batch 150 | Loss: 0.8929 | LR: 2.17e-04
2026-04-20 19:33:50,006 INFO Epoch 12 | Batch 200 | Loss: 0.6646 | LR: 2.16e-04
2026-04-20 19:33:59,273 INFO Epoch 12 | Batch 250 | Loss: 0.8469 | LR: 2.16e-04
2026-04-20 19:34:08,715 INFO Epoch 12 | Batch 300 | Loss: 0.6681 | LR: 2.15e-04
2026-04-20 19:34:17,827 INFO Epoch 12 | Batch 350 | Loss: 1.0588 | LR: 2.15e-04
2026-04-20 19:34:27,030 INFO Epoch 12 | Batch 400 | Loss: 0.8985 | LR: 2.14e-04
2026-04-20 19:34:36,028 INFO Epoch 12 | Batch 450 | Loss: 0.8481 | LR: 2.13e-04
2026-04-20 19:34:45,131 INFO Epoch 12 | Batch 500 | Loss: 0.7651 | LR: 2.13e-04
2026-04-20 19:34:54,266 INFO Epoch 12 | Batch 550 | Loss: 1.1746 | LR: 2.12e-04
2026-04-20 19:35:03,326 INFO Epoch 12 | Batch 600 | Loss: 0.8521 | LR: 2.12e-04
2026-04-20 19:35:12,531 INFO Epoch 12 | Batch 650 | Loss: 1.0446 | LR: 2.11e-04
2026-04-20 19:35:21,572 INFO Epoch 12 | Batch 700 | Loss: 0.9986 | LR: 2.11e-04
2026-04-20 19:35:30,726 INFO Epoch 12 | Batch 750 | Loss: 0.5686 | LR: 2.10e-04
2026-04-20 19:35:39,801 INFO Epoch 12 | Batch 800 | Loss: 0.7812 | LR: 2.09e-04
2026-04-20 19:35:48,987 INFO Epoch 12 | Batch 850 | Loss: 0.8511 | LR: 2.09e-04
2026-04-20 19:35:58,398 INFO Epoch 12 | Batch 900 | Loss: 0.9914 | LR: 2.08e-04
2026-04-20 19:36:07,642 INFO Epoch 12 | Batch 950 | Loss: 1.0809 | LR: 2.08e-04
2026-04-20 19:36:16,938 INFO Epoch 12 | Batch 1000 | Loss: 1.0401 | LR: 2.07e-04
2026-04-20 19:36:26,038 INFO Epoch 12 | Batch 1050 | Loss: 0.8899 | LR: 2.06e-04
2026-04-20 19:36:35,138 INFO Epoch 12 | Batch 1100 | Loss: 0.8624 | LR: 2.06e-04
2026-04-20 19:36:44,253 INFO Epoch 12 | Batch 1150 | Loss: 0.8459 | LR: 2.05e-04
2026-04-20 19:36:53,368 INFO Epoch 12 | Batch 1200 | Loss: 1.1252 | LR: 2.04e-04
2026-04-20 19:37:08,774 INFO Epoch 12 | Train: 0.9244 | Dev CER: 0.1564 | Dev WER: 0.4516 | Time: 238s | Peak: 21.5 GB
2026-04-20 19:37:08,774 INFO   New best CER: 0.1564
2026-04-20 19:37:12,490 INFO Epoch 13 | Batch 0 | Loss: 0.9658 | LR: 2.04e-04
2026-04-20 19:37:21,990 INFO Epoch 13 | Batch 50 | Loss: 0.7374 | LR: 2.03e-04
2026-04-20 19:37:31,379 INFO Epoch 13 | Batch 100 | Loss: 0.7519 | LR: 2.03e-04
2026-04-20 19:37:40,687 INFO Epoch 13 | Batch 150 | Loss: 0.7099 | LR: 2.02e-04
2026-04-20 19:37:49,790 INFO Epoch 13 | Batch 200 | Loss: 0.7818 | LR: 2.02e-04
2026-04-20 19:37:58,903 INFO Epoch 13 | Batch 250 | Loss: 0.9876 | LR: 2.01e-04
2026-04-20 19:38:08,131 INFO Epoch 13 | Batch 300 | Loss: 0.7908 | LR: 2.00e-04
2026-04-20 19:38:17,165 INFO Epoch 13 | Batch 350 | Loss: 1.0101 | LR: 2.00e-04
2026-04-20 19:38:26,335 INFO Epoch 13 | Batch 400 | Loss: 0.8874 | LR: 1.99e-04
2026-04-20 19:38:35,566 INFO Epoch 13 | Batch 450 | Loss: 0.8310 | LR: 1.99e-04
2026-04-20 19:38:44,585 INFO Epoch 13 | Batch 500 | Loss: 0.6893 | LR: 1.98e-04
2026-04-20 19:38:53,686 INFO Epoch 13 | Batch 550 | Loss: 0.7232 | LR: 1.97e-04
2026-04-20 19:39:02,801 INFO Epoch 13 | Batch 600 | Loss: 0.7512 | LR: 1.97e-04
2026-04-20 19:39:11,812 INFO Epoch 13 | Batch 650 | Loss: 0.9522 | LR: 1.96e-04
2026-04-20 19:39:20,870 INFO Epoch 13 | Batch 700 | Loss: 0.9260 | LR: 1.95e-04
2026-04-20 19:39:29,925 INFO Epoch 13 | Batch 750 | Loss: 0.9127 | LR: 1.95e-04
2026-04-20 19:39:39,027 INFO Epoch 13 | Batch 800 | Loss: 0.7705 | LR: 1.94e-04
2026-04-20 19:39:48,097 INFO Epoch 13 | Batch 850 | Loss: 1.2917 | LR: 1.94e-04
2026-04-20 19:39:57,247 INFO Epoch 13 | Batch 900 | Loss: 0.9920 | LR: 1.93e-04
2026-04-20 19:40:06,179 INFO Epoch 13 | Batch 950 | Loss: 0.8615 | LR: 1.92e-04
2026-04-20 19:40:15,312 INFO Epoch 13 | Batch 1000 | Loss: 0.8393 | LR: 1.92e-04
2026-04-20 19:40:24,370 INFO Epoch 13 | Batch 1050 | Loss: 0.7044 | LR: 1.91e-04
2026-04-20 19:40:33,695 INFO Epoch 13 | Batch 1100 | Loss: 1.4428 | LR: 1.90e-04
2026-04-20 19:40:42,742 INFO Epoch 13 | Batch 1150 | Loss: 0.9801 | LR: 1.90e-04
2026-04-20 19:40:51,741 INFO Epoch 13 | Batch 1200 | Loss: 1.2958 | LR: 1.89e-04
2026-04-20 19:41:07,268 INFO Epoch 13 | Train: 0.8924 | Dev CER: 0.1534 | Dev WER: 0.4416 | Time: 238s | Peak: 21.5 GB
2026-04-20 19:41:07,268 INFO   New best CER: 0.1534
2026-04-20 19:41:10,450 INFO Epoch 14 | Batch 0 | Loss: 0.9150 | LR: 1.89e-04
2026-04-20 19:41:19,667 INFO Epoch 14 | Batch 50 | Loss: 1.1971 | LR: 1.88e-04
2026-04-20 19:41:28,768 INFO Epoch 14 | Batch 100 | Loss: 0.7826 | LR: 1.87e-04
2026-04-20 19:41:37,811 INFO Epoch 14 | Batch 150 | Loss: 0.7716 | LR: 1.87e-04
2026-04-20 19:41:46,763 INFO Epoch 14 | Batch 200 | Loss: 0.8714 | LR: 1.86e-04
2026-04-20 19:41:55,730 INFO Epoch 14 | Batch 250 | Loss: 0.9622 | LR: 1.86e-04
2026-04-20 19:42:04,788 INFO Epoch 14 | Batch 300 | Loss: 0.7141 | LR: 1.85e-04
2026-04-20 19:42:13,903 INFO Epoch 14 | Batch 350 | Loss: 0.9467 | LR: 1.84e-04
2026-04-20 19:42:23,118 INFO Epoch 14 | Batch 400 | Loss: 0.8314 | LR: 1.84e-04
2026-04-20 19:42:32,224 INFO Epoch 14 | Batch 450 | Loss: 0.9717 | LR: 1.83e-04
2026-04-20 19:42:41,229 INFO Epoch 14 | Batch 500 | Loss: 0.8859 | LR: 1.82e-04
2026-04-20 19:42:50,336 INFO Epoch 14 | Batch 550 | Loss: 0.8645 | LR: 1.82e-04
2026-04-20 19:42:59,449 INFO Epoch 14 | Batch 600 | Loss: 1.0649 | LR: 1.81e-04
2026-04-20 19:43:08,747 INFO Epoch 14 | Batch 650 | Loss: 0.7778 | LR: 1.81e-04
2026-04-20 19:43:17,842 INFO Epoch 14 | Batch 700 | Loss: 0.8792 | LR: 1.80e-04
2026-04-20 19:43:26,963 INFO Epoch 14 | Batch 750 | Loss: 0.7096 | LR: 1.79e-04
2026-04-20 19:43:36,091 INFO Epoch 14 | Batch 800 | Loss: 0.8382 | LR: 1.79e-04
2026-04-20 19:43:45,223 INFO Epoch 14 | Batch 850 | Loss: 0.7622 | LR: 1.78e-04
2026-04-20 19:43:54,366 INFO Epoch 14 | Batch 900 | Loss: 0.8536 | LR: 1.77e-04
2026-04-20 19:44:03,445 INFO Epoch 14 | Batch 950 | Loss: 0.9062 | LR: 1.77e-04
2026-04-20 19:44:12,519 INFO Epoch 14 | Batch 1000 | Loss: 0.7321 | LR: 1.76e-04
2026-04-20 19:44:21,702 INFO Epoch 14 | Batch 1050 | Loss: 0.9537 | LR: 1.75e-04
2026-04-20 19:44:30,831 INFO Epoch 14 | Batch 1100 | Loss: 0.7806 | LR: 1.75e-04
2026-04-20 19:44:39,790 INFO Epoch 14 | Batch 1150 | Loss: 0.8538 | LR: 1.74e-04
2026-04-20 19:44:48,705 INFO Epoch 14 | Batch 1200 | Loss: 0.8711 | LR: 1.73e-04
2026-04-20 19:45:08,047 INFO Epoch 14 | Train: 0.8777 | Dev CER: 0.1465 | Dev WER: 0.4254 | Time: 240s | Peak: 21.5 GB
2026-04-20 19:45:08,047 INFO   New best CER: 0.1465
2026-04-20 19:45:11,205 INFO Epoch 15 | Batch 0 | Loss: 0.7335 | LR: 1.73e-04
2026-04-20 19:45:20,325 INFO Epoch 15 | Batch 50 | Loss: 0.8266 | LR: 1.72e-04
2026-04-20 19:45:29,558 INFO Epoch 15 | Batch 100 | Loss: 0.6840 | LR: 1.72e-04
2026-04-20 19:45:38,507 INFO Epoch 15 | Batch 150 | Loss: 0.6711 | LR: 1.71e-04
2026-04-20 19:45:47,558 INFO Epoch 15 | Batch 200 | Loss: 0.9592 | LR: 1.70e-04
2026-04-20 19:45:56,603 INFO Epoch 15 | Batch 250 | Loss: 0.7149 | LR: 1.70e-04
2026-04-20 19:46:05,746 INFO Epoch 15 | Batch 300 | Loss: 0.8753 | LR: 1.69e-04
2026-04-20 19:46:14,892 INFO Epoch 15 | Batch 350 | Loss: 0.7101 | LR: 1.68e-04
2026-04-20 19:46:23,958 INFO Epoch 15 | Batch 400 | Loss: 0.7488 | LR: 1.68e-04
2026-04-20 19:46:33,070 INFO Epoch 15 | Batch 450 | Loss: 0.6621 | LR: 1.67e-04
2026-04-20 19:46:42,154 INFO Epoch 15 | Batch 500 | Loss: 0.9649 | LR: 1.67e-04
2026-04-20 19:46:51,307 INFO Epoch 15 | Batch 550 | Loss: 0.6725 | LR: 1.66e-04
2026-04-20 19:47:00,522 INFO Epoch 15 | Batch 600 | Loss: 0.6278 | LR: 1.65e-04
2026-04-20 19:47:09,617 INFO Epoch 15 | Batch 650 | Loss: 0.6468 | LR: 1.65e-04
2026-04-20 19:47:18,685 INFO Epoch 15 | Batch 700 | Loss: 0.8199 | LR: 1.64e-04
2026-04-20 19:47:27,675 INFO Epoch 15 | Batch 750 | Loss: 0.8020 | LR: 1.63e-04
2026-04-20 19:47:36,828 INFO Epoch 15 | Batch 800 | Loss: 0.8668 | LR: 1.63e-04
2026-04-20 19:47:45,904 INFO Epoch 15 | Batch 850 | Loss: 0.6629 | LR: 1.62e-04
2026-04-20 19:47:54,986 INFO Epoch 15 | Batch 900 | Loss: 0.9567 | LR: 1.61e-04
2026-04-20 19:48:04,047 INFO Epoch 15 | Batch 950 | Loss: 0.9174 | LR: 1.61e-04
2026-04-20 19:48:13,129 INFO Epoch 15 | Batch 1000 | Loss: 0.7503 | LR: 1.60e-04
2026-04-20 19:48:22,172 INFO Epoch 15 | Batch 1050 | Loss: 0.7004 | LR: 1.59e-04
2026-04-20 19:48:31,144 INFO Epoch 15 | Batch 1100 | Loss: 0.8750 | LR: 1.59e-04
2026-04-20 19:48:40,293 INFO Epoch 15 | Batch 1150 | Loss: 0.9189 | LR: 1.58e-04
2026-04-20 19:48:49,449 INFO Epoch 15 | Batch 1200 | Loss: 0.9764 | LR: 1.57e-04
2026-04-20 19:49:07,300 INFO Epoch 15 | Train: 0.8555 | Dev CER: 0.1444 | Dev WER: 0.4186 | Time: 239s | Peak: 21.5 GB
2026-04-20 19:49:07,300 INFO   New best CER: 0.1444
2026-04-20 19:49:10,623 INFO Epoch 16 | Batch 0 | Loss: 0.7688 | LR: 1.57e-04
2026-04-20 19:49:19,763 INFO Epoch 16 | Batch 50 | Loss: 0.7376 | LR: 1.56e-04
2026-04-20 19:49:28,811 INFO Epoch 16 | Batch 100 | Loss: 1.0192 | LR: 1.56e-04
2026-04-20 19:49:37,974 INFO Epoch 16 | Batch 150 | Loss: 0.6984 | LR: 1.55e-04
2026-04-20 19:49:47,010 INFO Epoch 16 | Batch 200 | Loss: 0.5856 | LR: 1.54e-04
2026-04-20 19:49:56,058 INFO Epoch 16 | Batch 250 | Loss: 0.8952 | LR: 1.54e-04
2026-04-20 19:50:05,112 INFO Epoch 16 | Batch 300 | Loss: 0.9277 | LR: 1.53e-04
2026-04-20 19:50:14,111 INFO Epoch 16 | Batch 350 | Loss: 0.7299 | LR: 1.52e-04
2026-04-20 19:50:23,216 INFO Epoch 16 | Batch 400 | Loss: 0.6640 | LR: 1.52e-04
2026-04-20 19:50:32,238 INFO Epoch 16 | Batch 450 | Loss: 0.8036 | LR: 1.51e-04
2026-04-20 19:50:41,219 INFO Epoch 16 | Batch 500 | Loss: 0.8054 | LR: 1.50e-04
2026-04-20 19:50:50,465 INFO Epoch 16 | Batch 550 | Loss: 0.7631 | LR: 1.50e-04
2026-04-20 19:50:59,542 INFO Epoch 16 | Batch 600 | Loss: 0.9768 | LR: 1.49e-04
2026-04-20 19:51:08,643 INFO Epoch 16 | Batch 650 | Loss: 0.8222 | LR: 1.49e-04
2026-04-20 19:51:17,833 INFO Epoch 16 | Batch 700 | Loss: 1.0328 | LR: 1.48e-04
2026-04-20 19:51:26,819 INFO Epoch 16 | Batch 750 | Loss: 0.8997 | LR: 1.47e-04
2026-04-20 19:51:35,849 INFO Epoch 16 | Batch 800 | Loss: 0.7418 | LR: 1.47e-04
2026-04-20 19:51:45,095 INFO Epoch 16 | Batch 850 | Loss: 0.6335 | LR: 1.46e-04
2026-04-20 19:51:54,205 INFO Epoch 16 | Batch 900 | Loss: 1.1132 | LR: 1.45e-04
2026-04-20 19:52:03,316 INFO Epoch 16 | Batch 950 | Loss: 0.6982 | LR: 1.45e-04
2026-04-20 19:52:12,606 INFO Epoch 16 | Batch 1000 | Loss: 0.7812 | LR: 1.44e-04
2026-04-20 19:52:21,651 INFO Epoch 16 | Batch 1050 | Loss: 0.7168 | LR: 1.43e-04
2026-04-20 19:52:30,834 INFO Epoch 16 | Batch 1100 | Loss: 0.7423 | LR: 1.43e-04
2026-04-20 19:52:39,930 INFO Epoch 16 | Batch 1150 | Loss: 0.7642 | LR: 1.42e-04
2026-04-20 19:52:48,979 INFO Epoch 16 | Batch 1200 | Loss: 0.7002 | LR: 1.41e-04
2026-04-20 19:53:09,642 INFO Epoch 16 | Train: 0.8387 | Dev CER: 0.1403 | Dev WER: 0.4101 | Time: 242s | Peak: 21.5 GB
2026-04-20 19:53:09,642 INFO   New best CER: 0.1403
2026-04-20 19:53:12,847 INFO Epoch 17 | Batch 0 | Loss: 0.6122 | LR: 1.41e-04
2026-04-20 19:53:21,893 INFO Epoch 17 | Batch 50 | Loss: 0.9561 | LR: 1.40e-04
2026-04-20 19:53:31,016 INFO Epoch 17 | Batch 100 | Loss: 0.8141 | LR: 1.40e-04
2026-04-20 19:53:40,013 INFO Epoch 17 | Batch 150 | Loss: 0.8894 | LR: 1.39e-04
2026-04-20 19:53:49,041 INFO Epoch 17 | Batch 200 | Loss: 0.8098 | LR: 1.38e-04
2026-04-20 19:53:58,074 INFO Epoch 17 | Batch 250 | Loss: 0.6682 | LR: 1.38e-04
2026-04-20 19:54:07,183 INFO Epoch 17 | Batch 300 | Loss: 0.8256 | LR: 1.37e-04
2026-04-20 19:54:16,198 INFO Epoch 17 | Batch 350 | Loss: 0.6531 | LR: 1.36e-04
2026-04-20 19:54:25,327 INFO Epoch 17 | Batch 400 | Loss: 0.7579 | LR: 1.36e-04
2026-04-20 19:54:34,329 INFO Epoch 17 | Batch 450 | Loss: 0.9731 | LR: 1.35e-04
2026-04-20 19:54:43,649 INFO Epoch 17 | Batch 500 | Loss: 0.8461 | LR: 1.34e-04
2026-04-20 19:54:52,760 INFO Epoch 17 | Batch 550 | Loss: 0.7786 | LR: 1.34e-04
2026-04-20 19:55:01,802 INFO Epoch 17 | Batch 600 | Loss: 0.7189 | LR: 1.33e-04
2026-04-20 19:55:10,911 INFO Epoch 17 | Batch 650 | Loss: 0.8575 | LR: 1.32e-04
2026-04-20 19:55:19,914 INFO Epoch 17 | Batch 700 | Loss: 0.6627 | LR: 1.32e-04
2026-04-20 19:55:28,968 INFO Epoch 17 | Batch 750 | Loss: 0.7687 | LR: 1.31e-04
2026-04-20 19:55:37,919 INFO Epoch 17 | Batch 800 | Loss: 0.6425 | LR: 1.31e-04
2026-04-20 19:55:47,079 INFO Epoch 17 | Batch 850 | Loss: 0.9095 | LR: 1.30e-04
2026-04-20 19:55:56,157 INFO Epoch 17 | Batch 900 | Loss: 0.5864 | LR: 1.29e-04
2026-04-20 19:56:05,426 INFO Epoch 17 | Batch 950 | Loss: 0.7873 | LR: 1.29e-04
2026-04-20 19:56:14,500 INFO Epoch 17 | Batch 1000 | Loss: 0.8029 | LR: 1.28e-04
2026-04-20 19:56:23,571 INFO Epoch 17 | Batch 1050 | Loss: 0.6694 | LR: 1.27e-04
2026-04-20 19:56:32,611 INFO Epoch 17 | Batch 1100 | Loss: 0.6926 | LR: 1.27e-04
2026-04-20 19:56:41,718 INFO Epoch 17 | Batch 1150 | Loss: 0.9210 | LR: 1.26e-04
2026-04-20 19:56:50,917 INFO Epoch 17 | Batch 1200 | Loss: 0.8493 | LR: 1.25e-04
2026-04-20 19:57:10,932 INFO Epoch 17 | Train: 0.8195 | Dev CER: 0.1395 | Dev WER: 0.4050 | Time: 241s | Peak: 21.5 GB
2026-04-20 19:57:10,932 INFO   New best CER: 0.1395
2026-04-20 19:57:14,873 INFO Epoch 18 | Batch 0 | Loss: 1.0444 | LR: 1.25e-04
2026-04-20 19:57:24,338 INFO Epoch 18 | Batch 50 | Loss: 0.7126 | LR: 1.24e-04
2026-04-20 19:57:33,534 INFO Epoch 18 | Batch 100 | Loss: 0.7038 | LR: 1.24e-04
2026-04-20 19:57:42,718 INFO Epoch 18 | Batch 150 | Loss: 0.9943 | LR: 1.23e-04
2026-04-20 19:57:52,018 INFO Epoch 18 | Batch 200 | Loss: 1.0107 | LR: 1.22e-04
2026-04-20 19:58:01,168 INFO Epoch 18 | Batch 250 | Loss: 0.6389 | LR: 1.22e-04
2026-04-20 19:58:10,360 INFO Epoch 18 | Batch 300 | Loss: 0.7053 | LR: 1.21e-04
2026-04-20 19:58:19,403 INFO Epoch 18 | Batch 350 | Loss: 0.5921 | LR: 1.20e-04
2026-04-20 19:58:28,545 INFO Epoch 18 | Batch 400 | Loss: 0.8032 | LR: 1.20e-04
2026-04-20 19:58:37,593 INFO Epoch 18 | Batch 450 | Loss: 0.7192 | LR: 1.19e-04
2026-04-20 19:58:46,769 INFO Epoch 18 | Batch 500 | Loss: 0.6746 | LR: 1.19e-04
2026-04-20 19:58:55,955 INFO Epoch 18 | Batch 550 | Loss: 0.6329 | LR: 1.18e-04
2026-04-20 19:59:05,272 INFO Epoch 18 | Batch 600 | Loss: 0.4981 | LR: 1.17e-04
2026-04-20 19:59:14,543 INFO Epoch 18 | Batch 650 | Loss: 1.1565 | LR: 1.17e-04
2026-04-20 19:59:23,668 INFO Epoch 18 | Batch 700 | Loss: 0.6350 | LR: 1.16e-04
2026-04-20 19:59:32,820 INFO Epoch 18 | Batch 750 | Loss: 0.7988 | LR: 1.15e-04
2026-04-20 19:59:42,213 INFO Epoch 18 | Batch 800 | Loss: 1.0109 | LR: 1.15e-04
2026-04-20 19:59:51,454 INFO Epoch 18 | Batch 850 | Loss: 0.9476 | LR: 1.14e-04
2026-04-20 20:00:00,680 INFO Epoch 18 | Batch 900 | Loss: 0.6806 | LR: 1.13e-04
2026-04-20 20:00:09,947 INFO Epoch 18 | Batch 950 | Loss: 0.8089 | LR: 1.13e-04
2026-04-20 20:00:19,090 INFO Epoch 18 | Batch 1000 | Loss: 0.8325 | LR: 1.12e-04
2026-04-20 20:00:28,227 INFO Epoch 18 | Batch 1050 | Loss: 0.7971 | LR: 1.12e-04
2026-04-20 20:00:37,341 INFO Epoch 18 | Batch 1100 | Loss: 0.9298 | LR: 1.11e-04
2026-04-20 20:00:46,553 INFO Epoch 18 | Batch 1150 | Loss: 1.2697 | LR: 1.10e-04
2026-04-20 20:00:55,636 INFO Epoch 18 | Batch 1200 | Loss: 0.7150 | LR: 1.10e-04
2026-04-20 20:01:11,976 INFO Epoch 18 | Train: 0.7999 | Dev CER: 0.1358 | Dev WER: 0.3998 | Time: 240s | Peak: 21.5 GB
2026-04-20 20:01:11,976 INFO   New best CER: 0.1358
2026-04-20 20:01:15,740 INFO Epoch 19 | Batch 0 | Loss: 1.0759 | LR: 1.09e-04
2026-04-20 20:01:24,902 INFO Epoch 19 | Batch 50 | Loss: 0.5492 | LR: 1.09e-04
2026-04-20 20:01:34,132 INFO Epoch 19 | Batch 100 | Loss: 0.7751 | LR: 1.08e-04
2026-04-20 20:01:43,416 INFO Epoch 19 | Batch 150 | Loss: 0.4722 | LR: 1.07e-04
2026-04-20 20:01:52,662 INFO Epoch 19 | Batch 200 | Loss: 0.6586 | LR: 1.07e-04
2026-04-20 20:02:01,911 INFO Epoch 19 | Batch 250 | Loss: 0.7446 | LR: 1.06e-04
2026-04-20 20:02:11,089 INFO Epoch 19 | Batch 300 | Loss: 0.8248 | LR: 1.06e-04
2026-04-20 20:02:20,300 INFO Epoch 19 | Batch 350 | Loss: 1.0970 | LR: 1.05e-04
2026-04-20 20:02:29,623 INFO Epoch 19 | Batch 400 | Loss: 0.8275 | LR: 1.04e-04
2026-04-20 20:02:38,626 INFO Epoch 19 | Batch 450 | Loss: 0.9485 | LR: 1.04e-04
2026-04-20 20:02:47,780 INFO Epoch 19 | Batch 500 | Loss: 1.1033 | LR: 1.03e-04
2026-04-20 20:02:56,830 INFO Epoch 19 | Batch 550 | Loss: 0.8141 | LR: 1.02e-04
2026-04-20 20:03:05,841 INFO Epoch 19 | Batch 600 | Loss: 0.7509 | LR: 1.02e-04
2026-04-20 20:03:14,950 INFO Epoch 19 | Batch 650 | Loss: 1.0713 | LR: 1.01e-04
2026-04-20 20:03:23,982 INFO Epoch 19 | Batch 700 | Loss: 0.6984 | LR: 1.01e-04
2026-04-20 20:03:33,137 INFO Epoch 19 | Batch 750 | Loss: 0.9789 | LR: 1.00e-04
2026-04-20 20:03:42,211 INFO Epoch 19 | Batch 800 | Loss: 0.6434 | LR: 9.94e-05
2026-04-20 20:03:51,176 INFO Epoch 19 | Batch 850 | Loss: 0.8374 | LR: 9.88e-05
2026-04-20 20:04:00,287 INFO Epoch 19 | Batch 900 | Loss: 0.7468 | LR: 9.81e-05
2026-04-20 20:04:09,303 INFO Epoch 19 | Batch 950 | Loss: 0.7292 | LR: 9.75e-05
2026-04-20 20:04:18,502 INFO Epoch 19 | Batch 1000 | Loss: 0.6581 | LR: 9.69e-05
2026-04-20 20:04:27,536 INFO Epoch 19 | Batch 1050 | Loss: 0.6528 | LR: 9.63e-05
2026-04-20 20:04:36,574 INFO Epoch 19 | Batch 1100 | Loss: 0.7027 | LR: 9.57e-05
2026-04-20 20:04:45,614 INFO Epoch 19 | Batch 1150 | Loss: 0.9893 | LR: 9.51e-05
2026-04-20 20:04:54,611 INFO Epoch 19 | Batch 1200 | Loss: 0.6206 | LR: 9.45e-05
2026-04-20 20:05:15,557 INFO Epoch 19 | Train: 0.7906 | Dev CER: 0.1307 | Dev WER: 0.3894 | Time: 243s | Peak: 21.5 GB
2026-04-20 20:05:15,557 INFO   New best CER: 0.1307
2026-04-20 20:05:18,873 INFO Epoch 20 | Batch 0 | Loss: 0.5884 | LR: 9.41e-05
2026-04-20 20:05:28,035 INFO Epoch 20 | Batch 50 | Loss: 0.7004 | LR: 9.35e-05
2026-04-20 20:05:37,365 INFO Epoch 20 | Batch 100 | Loss: 0.4525 | LR: 9.29e-05
2026-04-20 20:05:46,409 INFO Epoch 20 | Batch 150 | Loss: 0.8390 | LR: 9.23e-05
2026-04-20 20:05:55,671 INFO Epoch 20 | Batch 200 | Loss: 0.7092 | LR: 9.17e-05
2026-04-20 20:06:04,843 INFO Epoch 20 | Batch 250 | Loss: 0.8543 | LR: 9.11e-05
2026-04-20 20:06:13,954 INFO Epoch 20 | Batch 300 | Loss: 0.5582 | LR: 9.05e-05
2026-04-20 20:06:23,102 INFO Epoch 20 | Batch 350 | Loss: 0.9146 | LR: 8.99e-05
2026-04-20 20:06:32,139 INFO Epoch 20 | Batch 400 | Loss: 0.8049 | LR: 8.93e-05
2026-04-20 20:06:41,217 INFO Epoch 20 | Batch 450 | Loss: 0.7831 | LR: 8.87e-05
2026-04-20 20:06:50,334 INFO Epoch 20 | Batch 500 | Loss: 0.7032 | LR: 8.81e-05
2026-04-20 20:06:59,799 INFO Epoch 20 | Batch 550 | Loss: 0.6150 | LR: 8.75e-05
2026-04-20 20:07:08,964 INFO Epoch 20 | Batch 600 | Loss: 1.2687 | LR: 8.69e-05
2026-04-20 20:07:18,091 INFO Epoch 20 | Batch 650 | Loss: 0.6328 | LR: 8.63e-05
2026-04-20 20:07:27,275 INFO Epoch 20 | Batch 700 | Loss: 1.1217 | LR: 8.57e-05
2026-04-20 20:07:36,390 INFO Epoch 20 | Batch 750 | Loss: 0.6331 | LR: 8.52e-05
2026-04-20 20:07:45,614 INFO Epoch 20 | Batch 800 | Loss: 0.9612 | LR: 8.46e-05
2026-04-20 20:07:54,787 INFO Epoch 20 | Batch 850 | Loss: 0.7391 | LR: 8.40e-05
2026-04-20 20:08:04,028 INFO Epoch 20 | Batch 900 | Loss: 0.5891 | LR: 8.34e-05
2026-04-20 20:08:13,142 INFO Epoch 20 | Batch 950 | Loss: 0.7026 | LR: 8.28e-05
2026-04-20 20:08:22,289 INFO Epoch 20 | Batch 1000 | Loss: 0.9539 | LR: 8.22e-05
2026-04-20 20:08:31,437 INFO Epoch 20 | Batch 1050 | Loss: 0.7344 | LR: 8.17e-05
2026-04-20 20:08:40,623 INFO Epoch 20 | Batch 1100 | Loss: 1.0570 | LR: 8.11e-05
2026-04-20 20:08:49,734 INFO Epoch 20 | Batch 1150 | Loss: 1.0101 | LR: 8.05e-05
2026-04-20 20:08:58,673 INFO Epoch 20 | Batch 1200 | Loss: 0.4990 | LR: 7.99e-05
2026-04-20 20:09:19,430 INFO Epoch 20 | Train: 0.7827 | Dev CER: 0.1303 | Dev WER: 0.3829 | Time: 243s | Peak: 21.5 GB
2026-04-20 20:09:19,430 INFO   New best CER: 0.1303
2026-04-20 20:09:22,981 INFO Epoch 21 | Batch 0 | Loss: 0.7441 | LR: 7.95e-05
2026-04-20 20:09:32,008 INFO Epoch 21 | Batch 50 | Loss: 0.8646 | LR: 7.90e-05
2026-04-20 20:09:41,574 INFO Epoch 21 | Batch 100 | Loss: 0.8500 | LR: 7.84e-05
2026-04-20 20:09:50,926 INFO Epoch 21 | Batch 150 | Loss: 0.6466 | LR: 7.78e-05
2026-04-20 20:10:00,605 INFO Epoch 21 | Batch 200 | Loss: 0.5989 | LR: 7.72e-05
2026-04-20 20:10:09,778 INFO Epoch 21 | Batch 250 | Loss: 0.7013 | LR: 7.67e-05
2026-04-20 20:10:18,871 INFO Epoch 21 | Batch 300 | Loss: 0.6993 | LR: 7.61e-05
2026-04-20 20:10:28,099 INFO Epoch 21 | Batch 350 | Loss: 0.6233 | LR: 7.56e-05
2026-04-20 20:10:37,207 INFO Epoch 21 | Batch 400 | Loss: 0.7068 | LR: 7.50e-05
2026-04-20 20:10:46,225 INFO Epoch 21 | Batch 450 | Loss: 0.6138 | LR: 7.44e-05
2026-04-20 20:10:55,345 INFO Epoch 21 | Batch 500 | Loss: 0.8755 | LR: 7.39e-05
2026-04-20 20:11:04,392 INFO Epoch 21 | Batch 550 | Loss: 0.6408 | LR: 7.33e-05
2026-04-20 20:11:13,467 INFO Epoch 21 | Batch 600 | Loss: 0.6185 | LR: 7.28e-05
2026-04-20 20:11:22,611 INFO Epoch 21 | Batch 650 | Loss: 0.8621 | LR: 7.22e-05
2026-04-20 20:11:31,798 INFO Epoch 21 | Batch 700 | Loss: 1.0476 | LR: 7.16e-05
2026-04-20 20:11:40,955 INFO Epoch 21 | Batch 750 | Loss: 0.6232 | LR: 7.11e-05
2026-04-20 20:11:50,140 INFO Epoch 21 | Batch 800 | Loss: 1.0341 | LR: 7.05e-05
2026-04-20 20:11:59,262 INFO Epoch 21 | Batch 850 | Loss: 0.5814 | LR: 7.00e-05
2026-04-20 20:12:08,356 INFO Epoch 21 | Batch 900 | Loss: 1.0677 | LR: 6.94e-05
2026-04-20 20:12:17,508 INFO Epoch 21 | Batch 950 | Loss: 0.6129 | LR: 6.89e-05
2026-04-20 20:12:26,592 INFO Epoch 21 | Batch 1000 | Loss: 0.5090 | LR: 6.84e-05
2026-04-20 20:12:35,636 INFO Epoch 21 | Batch 1050 | Loss: 0.6933 | LR: 6.78e-05
2026-04-20 20:12:44,682 INFO Epoch 21 | Batch 1100 | Loss: 0.7681 | LR: 6.73e-05
2026-04-20 20:12:53,722 INFO Epoch 21 | Batch 1150 | Loss: 0.7127 | LR: 6.67e-05
2026-04-20 20:13:02,876 INFO Epoch 21 | Batch 1200 | Loss: 1.1811 | LR: 6.62e-05
2026-04-20 20:13:21,741 INFO Epoch 21 | Train: 0.7643 | Dev CER: 0.1283 | Dev WER: 0.3801 | Time: 242s | Peak: 21.5 GB
2026-04-20 20:13:21,741 INFO   New best CER: 0.1283
2026-04-20 20:13:25,217 INFO Epoch 22 | Batch 0 | Loss: 1.0069 | LR: 6.58e-05
2026-04-20 20:13:34,436 INFO Epoch 22 | Batch 50 | Loss: 0.5260 | LR: 6.53e-05
2026-04-20 20:13:43,506 INFO Epoch 22 | Batch 100 | Loss: 0.5787 | LR: 6.47e-05
2026-04-20 20:13:52,630 INFO Epoch 22 | Batch 150 | Loss: 1.0581 | LR: 6.42e-05
2026-04-20 20:14:01,849 INFO Epoch 22 | Batch 200 | Loss: 0.8374 | LR: 6.37e-05
2026-04-20 20:14:10,915 INFO Epoch 22 | Batch 250 | Loss: 0.5729 | LR: 6.31e-05
2026-04-20 20:14:19,956 INFO Epoch 22 | Batch 300 | Loss: 0.7403 | LR: 6.26e-05
2026-04-20 20:14:29,122 INFO Epoch 22 | Batch 350 | Loss: 0.8889 | LR: 6.21e-05
2026-04-20 20:14:38,200 INFO Epoch 22 | Batch 400 | Loss: 0.6714 | LR: 6.16e-05
2026-04-20 20:14:47,277 INFO Epoch 22 | Batch 450 | Loss: 0.5871 | LR: 6.10e-05
2026-04-20 20:14:56,470 INFO Epoch 22 | Batch 500 | Loss: 0.5031 | LR: 6.05e-05
2026-04-20 20:15:05,602 INFO Epoch 22 | Batch 550 | Loss: 0.6984 | LR: 6.00e-05
2026-04-20 20:15:14,635 INFO Epoch 22 | Batch 600 | Loss: 0.8112 | LR: 5.95e-05
2026-04-20 20:15:23,662 INFO Epoch 22 | Batch 650 | Loss: 0.7927 | LR: 5.90e-05
2026-04-20 20:15:32,782 INFO Epoch 22 | Batch 700 | Loss: 0.5714 | LR: 5.85e-05
2026-04-20 20:15:41,873 INFO Epoch 22 | Batch 750 | Loss: 0.7950 | LR: 5.79e-05
2026-04-20 20:15:50,808 INFO Epoch 22 | Batch 800 | Loss: 0.7571 | LR: 5.74e-05
2026-04-20 20:15:59,893 INFO Epoch 22 | Batch 850 | Loss: 0.7762 | LR: 5.69e-05
2026-04-20 20:16:08,931 INFO Epoch 22 | Batch 900 | Loss: 0.9007 | LR: 5.64e-05
2026-04-20 20:16:18,100 INFO Epoch 22 | Batch 950 | Loss: 0.9133 | LR: 5.59e-05
2026-04-20 20:16:27,297 INFO Epoch 22 | Batch 1000 | Loss: 0.5707 | LR: 5.54e-05
2026-04-20 20:16:36,482 INFO Epoch 22 | Batch 1050 | Loss: 0.6598 | LR: 5.49e-05
2026-04-20 20:16:45,791 INFO Epoch 22 | Batch 1100 | Loss: 0.7895 | LR: 5.44e-05
2026-04-20 20:16:54,868 INFO Epoch 22 | Batch 1150 | Loss: 0.7345 | LR: 5.39e-05
2026-04-20 20:17:03,899 INFO Epoch 22 | Batch 1200 | Loss: 0.9524 | LR: 5.34e-05
2026-04-20 20:17:24,622 INFO Epoch 22 | Train: 0.7565 | Dev CER: 0.1269 | Dev WER: 0.3744 | Time: 242s | Peak: 21.5 GB
2026-04-20 20:17:24,622 INFO   New best CER: 0.1269
2026-04-20 20:17:27,945 INFO Epoch 23 | Batch 0 | Loss: 0.8268 | LR: 5.31e-05
2026-04-20 20:17:36,990 INFO Epoch 23 | Batch 50 | Loss: 0.7656 | LR: 5.26e-05
2026-04-20 20:17:46,031 INFO Epoch 23 | Batch 100 | Loss: 0.6047 | LR: 5.21e-05
2026-04-20 20:17:55,025 INFO Epoch 23 | Batch 150 | Loss: 0.8075 | LR: 5.16e-05
2026-04-20 20:18:03,927 INFO Epoch 23 | Batch 200 | Loss: 0.5323 | LR: 5.11e-05
2026-04-20 20:18:13,044 INFO Epoch 23 | Batch 250 | Loss: 0.8859 | LR: 5.06e-05
2026-04-20 20:18:21,988 INFO Epoch 23 | Batch 300 | Loss: 0.6181 | LR: 5.01e-05
2026-04-20 20:18:30,970 INFO Epoch 23 | Batch 350 | Loss: 0.8115 | LR: 4.97e-05
2026-04-20 20:18:40,079 INFO Epoch 23 | Batch 400 | Loss: 0.9153 | LR: 4.92e-05
2026-04-20 20:18:49,043 INFO Epoch 23 | Batch 450 | Loss: 0.5668 | LR: 4.87e-05
2026-04-20 20:18:58,090 INFO Epoch 23 | Batch 500 | Loss: 0.8570 | LR: 4.82e-05
2026-04-20 20:19:07,060 INFO Epoch 23 | Batch 550 | Loss: 0.7915 | LR: 4.77e-05
2026-04-20 20:19:16,127 INFO Epoch 23 | Batch 600 | Loss: 0.6481 | LR: 4.73e-05
2026-04-20 20:19:25,092 INFO Epoch 23 | Batch 650 | Loss: 1.1182 | LR: 4.68e-05
2026-04-20 20:19:34,453 INFO Epoch 23 | Batch 700 | Loss: 0.9515 | LR: 4.63e-05
2026-04-20 20:19:43,454 INFO Epoch 23 | Batch 750 | Loss: 1.1382 | LR: 4.59e-05
2026-04-20 20:19:52,592 INFO Epoch 23 | Batch 800 | Loss: 0.5812 | LR: 4.54e-05
2026-04-20 20:20:01,717 INFO Epoch 23 | Batch 850 | Loss: 0.7294 | LR: 4.49e-05
2026-04-20 20:20:10,861 INFO Epoch 23 | Batch 900 | Loss: 0.5634 | LR: 4.45e-05
2026-04-20 20:20:19,874 INFO Epoch 23 | Batch 950 | Loss: 0.8504 | LR: 4.40e-05
2026-04-20 20:20:29,167 INFO Epoch 23 | Batch 1000 | Loss: 0.8463 | LR: 4.36e-05
2026-04-20 20:20:38,279 INFO Epoch 23 | Batch 1050 | Loss: 0.6206 | LR: 4.31e-05
2026-04-20 20:20:47,349 INFO Epoch 23 | Batch 1100 | Loss: 0.6766 | LR: 4.27e-05
2026-04-20 20:20:56,413 INFO Epoch 23 | Batch 1150 | Loss: 0.6457 | LR: 4.22e-05
2026-04-20 20:21:05,525 INFO Epoch 23 | Batch 1200 | Loss: 0.6897 | LR: 4.18e-05
2026-04-20 20:21:22,983 INFO Epoch 23 | Train: 0.7379 | Dev CER: 0.1248 | Dev WER: 0.3701 | Time: 238s | Peak: 21.5 GB
2026-04-20 20:21:22,984 INFO   New best CER: 0.1248
2026-04-20 20:21:26,622 INFO Epoch 24 | Batch 0 | Loss: 0.5989 | LR: 4.14e-05
2026-04-20 20:21:35,864 INFO Epoch 24 | Batch 50 | Loss: 0.6988 | LR: 4.10e-05
2026-04-20 20:21:44,880 INFO Epoch 24 | Batch 100 | Loss: 0.7174 | LR: 4.06e-05
2026-04-20 20:21:53,908 INFO Epoch 24 | Batch 150 | Loss: 0.7526 | LR: 4.01e-05
2026-04-20 20:22:02,777 INFO Epoch 24 | Batch 200 | Loss: 0.6231 | LR: 3.97e-05
2026-04-20 20:22:11,980 INFO Epoch 24 | Batch 250 | Loss: 0.5716 | LR: 3.92e-05
2026-04-20 20:22:20,986 INFO Epoch 24 | Batch 300 | Loss: 0.5892 | LR: 3.88e-05
2026-04-20 20:22:29,928 INFO Epoch 24 | Batch 350 | Loss: 0.6268 | LR: 3.84e-05
2026-04-20 20:22:38,976 INFO Epoch 24 | Batch 400 | Loss: 0.5338 | LR: 3.80e-05
2026-04-20 20:22:48,107 INFO Epoch 24 | Batch 450 | Loss: 0.6852 | LR: 3.75e-05
2026-04-20 20:22:57,308 INFO Epoch 24 | Batch 500 | Loss: 0.8149 | LR: 3.71e-05
2026-04-20 20:23:06,472 INFO Epoch 24 | Batch 550 | Loss: 0.6046 | LR: 3.67e-05
2026-04-20 20:23:15,501 INFO Epoch 24 | Batch 600 | Loss: 0.8991 | LR: 3.63e-05
2026-04-20 20:23:24,538 INFO Epoch 24 | Batch 650 | Loss: 0.7248 | LR: 3.58e-05
2026-04-20 20:23:33,531 INFO Epoch 24 | Batch 700 | Loss: 0.8211 | LR: 3.54e-05
2026-04-20 20:23:42,662 INFO Epoch 24 | Batch 750 | Loss: 1.0357 | LR: 3.50e-05
2026-04-20 20:23:51,836 INFO Epoch 24 | Batch 800 | Loss: 0.8011 | LR: 3.46e-05
2026-04-20 20:24:00,811 INFO Epoch 24 | Batch 850 | Loss: 0.6823 | LR: 3.42e-05
2026-04-20 20:24:09,886 INFO Epoch 24 | Batch 900 | Loss: 0.7365 | LR: 3.38e-05
2026-04-20 20:24:19,152 INFO Epoch 24 | Batch 950 | Loss: 1.2328 | LR: 3.34e-05
2026-04-20 20:24:28,253 INFO Epoch 24 | Batch 1000 | Loss: 0.9548 | LR: 3.30e-05
2026-04-20 20:24:37,437 INFO Epoch 24 | Batch 1050 | Loss: 0.5683 | LR: 3.26e-05
2026-04-20 20:24:46,575 INFO Epoch 24 | Batch 1100 | Loss: 0.4890 | LR: 3.22e-05
2026-04-20 20:24:55,545 INFO Epoch 24 | Batch 1150 | Loss: 0.8035 | LR: 3.18e-05
2026-04-20 20:25:04,609 INFO Epoch 24 | Batch 1200 | Loss: 0.7839 | LR: 3.14e-05
2026-04-20 20:25:22,932 INFO Epoch 24 | Train: 0.7302 | Dev CER: 0.1240 | Dev WER: 0.3660 | Time: 239s | Peak: 21.5 GB
2026-04-20 20:25:22,932 INFO   New best CER: 0.1240
2026-04-20 20:25:26,307 INFO Epoch 25 | Batch 0 | Loss: 0.5337 | LR: 3.11e-05
2026-04-20 20:25:35,438 INFO Epoch 25 | Batch 50 | Loss: 0.9524 | LR: 3.07e-05
2026-04-20 20:25:44,691 INFO Epoch 25 | Batch 100 | Loss: 0.5906 | LR: 3.03e-05
2026-04-20 20:25:53,896 INFO Epoch 25 | Batch 150 | Loss: 0.6749 | LR: 2.99e-05
2026-04-20 20:26:02,958 INFO Epoch 25 | Batch 200 | Loss: 0.6531 | LR: 2.95e-05
2026-04-20 20:26:11,888 INFO Epoch 25 | Batch 250 | Loss: 1.1594 | LR: 2.92e-05
2026-04-20 20:26:20,873 INFO Epoch 25 | Batch 300 | Loss: 0.6372 | LR: 2.88e-05
2026-04-20 20:26:29,869 INFO Epoch 25 | Batch 350 | Loss: 0.7363 | LR: 2.84e-05
2026-04-20 20:26:39,018 INFO Epoch 25 | Batch 400 | Loss: 0.6209 | LR: 2.80e-05
2026-04-20 20:26:48,059 INFO Epoch 25 | Batch 450 | Loss: 0.7015 | LR: 2.77e-05
2026-04-20 20:26:57,044 INFO Epoch 25 | Batch 500 | Loss: 0.8564 | LR: 2.73e-05
2026-04-20 20:27:06,114 INFO Epoch 25 | Batch 550 | Loss: 0.8484 | LR: 2.69e-05
2026-04-20 20:27:15,214 INFO Epoch 25 | Batch 600 | Loss: 0.8611 | LR: 2.66e-05
2026-04-20 20:27:24,312 INFO Epoch 25 | Batch 650 | Loss: 0.6583 | LR: 2.62e-05
2026-04-20 20:27:33,376 INFO Epoch 25 | Batch 700 | Loss: 0.6990 | LR: 2.58e-05
2026-04-20 20:27:42,430 INFO Epoch 25 | Batch 750 | Loss: 0.7031 | LR: 2.55e-05
2026-04-20 20:27:51,397 INFO Epoch 25 | Batch 800 | Loss: 0.7050 | LR: 2.51e-05
2026-04-20 20:28:00,317 INFO Epoch 25 | Batch 850 | Loss: 0.6931 | LR: 2.48e-05
2026-04-20 20:28:09,507 INFO Epoch 25 | Batch 900 | Loss: 0.9136 | LR: 2.44e-05
2026-04-20 20:28:18,668 INFO Epoch 25 | Batch 950 | Loss: 0.9371 | LR: 2.41e-05
2026-04-20 20:28:27,668 INFO Epoch 25 | Batch 1000 | Loss: 0.6150 | LR: 2.37e-05
2026-04-20 20:28:36,500 INFO Epoch 25 | Batch 1050 | Loss: 0.6049 | LR: 2.34e-05
2026-04-20 20:28:45,421 INFO Epoch 25 | Batch 1100 | Loss: 0.9219 | LR: 2.30e-05
2026-04-20 20:28:54,381 INFO Epoch 25 | Batch 1150 | Loss: 0.3911 | LR: 2.27e-05
2026-04-20 20:29:03,288 INFO Epoch 25 | Batch 1200 | Loss: 0.7400 | LR: 2.24e-05
2026-04-20 20:29:21,909 INFO Epoch 25 | Train: 0.7221 | Dev CER: 0.1237 | Dev WER: 0.3671 | Time: 238s | Peak: 21.5 GB
2026-04-20 20:29:21,909 INFO   New best CER: 0.1237
2026-04-20 20:29:25,384 INFO Epoch 26 | Batch 0 | Loss: 0.5751 | LR: 2.21e-05
2026-04-20 20:29:34,429 INFO Epoch 26 | Batch 50 | Loss: 0.8465 | LR: 2.18e-05
2026-04-20 20:29:43,523 INFO Epoch 26 | Batch 100 | Loss: 0.6280 | LR: 2.15e-05
2026-04-20 20:29:52,677 INFO Epoch 26 | Batch 150 | Loss: 0.6518 | LR: 2.11e-05
2026-04-20 20:30:01,726 INFO Epoch 26 | Batch 200 | Loss: 0.5149 | LR: 2.08e-05
2026-04-20 20:30:10,747 INFO Epoch 26 | Batch 250 | Loss: 0.6851 | LR: 2.05e-05
2026-04-20 20:30:19,780 INFO Epoch 26 | Batch 300 | Loss: 0.6303 | LR: 2.02e-05
2026-04-20 20:30:28,866 INFO Epoch 26 | Batch 350 | Loss: 0.7933 | LR: 1.98e-05
2026-04-20 20:30:37,626 INFO Epoch 26 | Batch 400 | Loss: 0.7589 | LR: 1.95e-05
2026-04-20 20:30:46,385 INFO Epoch 26 | Batch 450 | Loss: 1.0022 | LR: 1.92e-05
2026-04-20 20:30:55,336 INFO Epoch 26 | Batch 500 | Loss: 0.4125 | LR: 1.89e-05
2026-04-20 20:31:04,453 INFO Epoch 26 | Batch 550 | Loss: 0.7384 | LR: 1.86e-05
2026-04-20 20:31:13,408 INFO Epoch 26 | Batch 600 | Loss: 0.5743 | LR: 1.83e-05
2026-04-20 20:31:22,507 INFO Epoch 26 | Batch 650 | Loss: 0.8008 | LR: 1.80e-05
2026-04-20 20:31:31,583 INFO Epoch 26 | Batch 700 | Loss: 0.8213 | LR: 1.77e-05
2026-04-20 20:31:40,555 INFO Epoch 26 | Batch 750 | Loss: 0.7755 | LR: 1.74e-05
2026-04-20 20:31:49,877 INFO Epoch 26 | Batch 800 | Loss: 0.6447 | LR: 1.71e-05
2026-04-20 20:31:58,895 INFO Epoch 26 | Batch 850 | Loss: 0.6695 | LR: 1.68e-05
2026-04-20 20:32:07,942 INFO Epoch 26 | Batch 900 | Loss: 0.5337 | LR: 1.65e-05
2026-04-20 20:32:17,089 INFO Epoch 26 | Batch 950 | Loss: 0.7698 | LR: 1.62e-05
2026-04-20 20:32:26,214 INFO Epoch 26 | Batch 1000 | Loss: 0.4729 | LR: 1.59e-05
2026-04-20 20:32:35,239 INFO Epoch 26 | Batch 1050 | Loss: 0.5479 | LR: 1.57e-05
2026-04-20 20:32:44,314 INFO Epoch 26 | Batch 1100 | Loss: 0.7119 | LR: 1.54e-05
2026-04-20 20:32:53,496 INFO Epoch 26 | Batch 1150 | Loss: 0.5922 | LR: 1.51e-05
2026-04-20 20:33:02,549 INFO Epoch 26 | Batch 1200 | Loss: 0.5107 | LR: 1.48e-05
2026-04-20 20:33:22,133 INFO Epoch 26 | Train: 0.7241 | Dev CER: 0.1231 | Dev WER: 0.3633 | Time: 240s | Peak: 21.5 GB
2026-04-20 20:33:22,133 INFO   New best CER: 0.1231
2026-04-20 20:33:25,864 INFO Epoch 27 | Batch 0 | Loss: 0.6084 | LR: 1.46e-05
2026-04-20 20:33:34,863 INFO Epoch 27 | Batch 50 | Loss: 0.7335 | LR: 1.44e-05
2026-04-20 20:33:43,898 INFO Epoch 27 | Batch 100 | Loss: 0.4972 | LR: 1.41e-05
2026-04-20 20:33:53,045 INFO Epoch 27 | Batch 150 | Loss: 0.9494 | LR: 1.38e-05
2026-04-20 20:34:02,181 INFO Epoch 27 | Batch 200 | Loss: 0.6493 | LR: 1.36e-05
2026-04-20 20:34:11,200 INFO Epoch 27 | Batch 250 | Loss: 0.6432 | LR: 1.33e-05
2026-04-20 20:34:20,238 INFO Epoch 27 | Batch 300 | Loss: 0.6274 | LR: 1.31e-05
2026-04-20 20:34:29,343 INFO Epoch 27 | Batch 350 | Loss: 0.9551 | LR: 1.28e-05
2026-04-20 20:34:38,336 INFO Epoch 27 | Batch 400 | Loss: 0.6184 | LR: 1.25e-05
2026-04-20 20:34:47,632 INFO Epoch 27 | Batch 450 | Loss: 0.8767 | LR: 1.23e-05
2026-04-20 20:34:56,653 INFO Epoch 27 | Batch 500 | Loss: 0.5623 | LR: 1.20e-05
2026-04-20 20:35:05,701 INFO Epoch 27 | Batch 550 | Loss: 0.8758 | LR: 1.18e-05
2026-04-20 20:35:14,694 INFO Epoch 27 | Batch 600 | Loss: 0.7480 | LR: 1.16e-05
2026-04-20 20:35:23,755 INFO Epoch 27 | Batch 650 | Loss: 0.6053 | LR: 1.13e-05
2026-04-20 20:35:32,853 INFO Epoch 27 | Batch 700 | Loss: 0.7503 | LR: 1.11e-05
2026-04-20 20:35:41,994 INFO Epoch 27 | Batch 750 | Loss: 0.7300 | LR: 1.09e-05
2026-04-20 20:35:51,121 INFO Epoch 27 | Batch 800 | Loss: 0.6138 | LR: 1.06e-05
2026-04-20 20:36:00,207 INFO Epoch 27 | Batch 850 | Loss: 0.7715 | LR: 1.04e-05
2026-04-20 20:36:09,321 INFO Epoch 27 | Batch 900 | Loss: 0.7027 | LR: 1.02e-05
2026-04-20 20:36:18,435 INFO Epoch 27 | Batch 950 | Loss: 0.9500 | LR: 9.95e-06
2026-04-20 20:36:27,465 INFO Epoch 27 | Batch 1000 | Loss: 0.5941 | LR: 9.72e-06
2026-04-20 20:36:36,473 INFO Epoch 27 | Batch 1050 | Loss: 0.5099 | LR: 9.51e-06
2026-04-20 20:36:45,598 INFO Epoch 27 | Batch 1100 | Loss: 0.3966 | LR: 9.29e-06
2026-04-20 20:36:54,683 INFO Epoch 27 | Batch 1150 | Loss: 0.6077 | LR: 9.08e-06
2026-04-20 20:37:03,727 INFO Epoch 27 | Batch 1200 | Loss: 0.7138 | LR: 8.87e-06
2026-04-20 20:37:26,157 INFO Epoch 27 | Train: 0.7186 | Dev CER: 0.1223 | Dev WER: 0.3613 | Time: 243s | Peak: 21.5 GB
2026-04-20 20:37:26,157 INFO   New best CER: 0.1223
2026-04-20 20:37:30,431 INFO Epoch 28 | Batch 0 | Loss: 0.6306 | LR: 8.72e-06
2026-04-20 20:37:39,741 INFO Epoch 28 | Batch 50 | Loss: 0.5809 | LR: 8.52e-06
2026-04-20 20:37:48,840 INFO Epoch 28 | Batch 100 | Loss: 0.7451 | LR: 8.31e-06
2026-04-20 20:37:58,062 INFO Epoch 28 | Batch 150 | Loss: 0.5912 | LR: 8.11e-06
2026-04-20 20:38:07,261 INFO Epoch 28 | Batch 200 | Loss: 0.6420 | LR: 7.92e-06
2026-04-20 20:38:16,346 INFO Epoch 28 | Batch 250 | Loss: 0.7717 | LR: 7.72e-06
2026-04-20 20:38:25,346 INFO Epoch 28 | Batch 300 | Loss: 0.7512 | LR: 7.53e-06
2026-04-20 20:38:34,463 INFO Epoch 28 | Batch 350 | Loss: 0.5920 | LR: 7.34e-06
2026-04-20 20:38:43,680 INFO Epoch 28 | Batch 400 | Loss: 0.5512 | LR: 7.16e-06
2026-04-20 20:38:52,731 INFO Epoch 28 | Batch 450 | Loss: 0.9045 | LR: 6.97e-06
2026-04-20 20:39:01,815 INFO Epoch 28 | Batch 500 | Loss: 0.6365 | LR: 6.79e-06
2026-04-20 20:39:10,860 INFO Epoch 28 | Batch 550 | Loss: 0.7441 | LR: 6.61e-06
2026-04-20 20:39:19,993 INFO Epoch 28 | Batch 600 | Loss: 0.8837 | LR: 6.44e-06
2026-04-20 20:39:29,056 INFO Epoch 28 | Batch 650 | Loss: 0.7321 | LR: 6.27e-06
2026-04-20 20:39:38,197 INFO Epoch 28 | Batch 700 | Loss: 0.7107 | LR: 6.10e-06
2026-04-20 20:39:47,215 INFO Epoch 28 | Batch 750 | Loss: 0.6733 | LR: 5.93e-06
2026-04-20 20:39:56,225 INFO Epoch 28 | Batch 800 | Loss: 0.8154 | LR: 5.76e-06
2026-04-20 20:40:05,331 INFO Epoch 28 | Batch 850 | Loss: 0.7426 | LR: 5.60e-06
2026-04-20 20:40:14,427 INFO Epoch 28 | Batch 900 | Loss: 0.6096 | LR: 5.44e-06
2026-04-20 20:40:23,550 INFO Epoch 28 | Batch 950 | Loss: 0.8255 | LR: 5.29e-06
2026-04-20 20:40:32,570 INFO Epoch 28 | Batch 1000 | Loss: 0.5831 | LR: 5.13e-06
2026-04-20 20:40:41,652 INFO Epoch 28 | Batch 1050 | Loss: 0.7852 | LR: 4.98e-06
2026-04-20 20:40:50,641 INFO Epoch 28 | Batch 1100 | Loss: 0.6257 | LR: 4.84e-06
2026-04-20 20:40:59,767 INFO Epoch 28 | Batch 1150 | Loss: 0.5433 | LR: 4.69e-06
2026-04-20 20:41:08,898 INFO Epoch 28 | Batch 1200 | Loss: 0.6678 | LR: 4.55e-06
2026-04-20 20:41:28,669 INFO Epoch 28 | Train: 0.7170 | Dev CER: 0.1227 | Dev WER: 0.3615 | Time: 242s | Peak: 21.5 GB
2026-04-20 20:41:32,044 INFO Epoch 29 | Batch 0 | Loss: 0.6803 | LR: 4.45e-06
2026-04-20 20:41:41,121 INFO Epoch 29 | Batch 50 | Loss: 0.8903 | LR: 4.31e-06
2026-04-20 20:41:50,224 INFO Epoch 29 | Batch 100 | Loss: 0.8057 | LR: 4.17e-06
2026-04-20 20:41:59,370 INFO Epoch 29 | Batch 150 | Loss: 0.5760 | LR: 4.04e-06
2026-04-20 20:42:08,529 INFO Epoch 29 | Batch 200 | Loss: 0.6025 | LR: 3.91e-06
2026-04-20 20:42:17,599 INFO Epoch 29 | Batch 250 | Loss: 0.6687 | LR: 3.79e-06
2026-04-20 20:42:26,680 INFO Epoch 29 | Batch 300 | Loss: 0.6490 | LR: 3.66e-06
2026-04-20 20:42:35,799 INFO Epoch 29 | Batch 350 | Loss: 0.7281 | LR: 3.54e-06
2026-04-20 20:42:45,000 INFO Epoch 29 | Batch 400 | Loss: 0.6109 | LR: 3.42e-06
2026-04-20 20:42:54,032 INFO Epoch 29 | Batch 450 | Loss: 0.7033 | LR: 3.31e-06
2026-04-20 20:43:03,165 INFO Epoch 29 | Batch 500 | Loss: 0.9955 | LR: 3.20e-06
2026-04-20 20:43:12,143 INFO Epoch 29 | Batch 550 | Loss: 0.5169 | LR: 3.09e-06
2026-04-20 20:43:21,310 INFO Epoch 29 | Batch 600 | Loss: 0.9197 | LR: 2.98e-06
2026-04-20 20:43:30,414 INFO Epoch 29 | Batch 650 | Loss: 0.8004 | LR: 2.88e-06
2026-04-20 20:43:39,476 INFO Epoch 29 | Batch 700 | Loss: 0.7109 | LR: 2.77e-06
2026-04-20 20:43:48,631 INFO Epoch 29 | Batch 750 | Loss: 0.3963 | LR: 2.68e-06
2026-04-20 20:43:57,596 INFO Epoch 29 | Batch 800 | Loss: 0.6610 | LR: 2.58e-06
2026-04-20 20:44:06,630 INFO Epoch 29 | Batch 850 | Loss: 0.5234 | LR: 2.49e-06
2026-04-20 20:44:15,555 INFO Epoch 29 | Batch 900 | Loss: 0.7324 | LR: 2.40e-06
2026-04-20 20:44:24,678 INFO Epoch 29 | Batch 950 | Loss: 0.6675 | LR: 2.31e-06
2026-04-20 20:44:34,031 INFO Epoch 29 | Batch 1000 | Loss: 0.7619 | LR: 2.22e-06
2026-04-20 20:44:43,063 INFO Epoch 29 | Batch 1050 | Loss: 0.6711 | LR: 2.14e-06
2026-04-20 20:44:52,262 INFO Epoch 29 | Batch 1100 | Loss: 0.6912 | LR: 2.06e-06
2026-04-20 20:45:01,350 INFO Epoch 29 | Batch 1150 | Loss: 0.7033 | LR: 1.99e-06
2026-04-20 20:45:10,563 INFO Epoch 29 | Batch 1200 | Loss: 0.5446 | LR: 1.91e-06
2026-04-20 20:45:28,379 INFO Epoch 29 | Train: 0.7108 | Dev CER: 0.1217 | Dev WER: 0.3601 | Time: 239s | Peak: 21.5 GB
2026-04-20 20:45:28,379 INFO   New best CER: 0.1217
2026-04-20 20:45:31,944 INFO Epoch 30 | Batch 0 | Loss: 0.8059 | LR: 1.86e-06
2026-04-20 20:45:41,107 INFO Epoch 30 | Batch 50 | Loss: 0.7002 | LR: 1.80e-06
2026-04-20 20:45:50,195 INFO Epoch 30 | Batch 100 | Loss: 0.5665 | LR: 1.73e-06
2026-04-20 20:45:59,255 INFO Epoch 30 | Batch 150 | Loss: 0.6851 | LR: 1.67e-06
2026-04-20 20:46:08,356 INFO Epoch 30 | Batch 200 | Loss: 0.5001 | LR: 1.61e-06
2026-04-20 20:46:17,426 INFO Epoch 30 | Batch 250 | Loss: 0.6984 | LR: 1.55e-06
2026-04-20 20:46:26,435 INFO Epoch 30 | Batch 300 | Loss: 0.4831 | LR: 1.50e-06
2026-04-20 20:46:35,470 INFO Epoch 30 | Batch 350 | Loss: 0.6765 | LR: 1.44e-06
2026-04-20 20:46:44,493 INFO Epoch 30 | Batch 400 | Loss: 0.6188 | LR: 1.39e-06
2026-04-20 20:46:53,529 INFO Epoch 30 | Batch 450 | Loss: 0.8275 | LR: 1.35e-06
2026-04-20 20:47:02,929 INFO Epoch 30 | Batch 500 | Loss: 0.5606 | LR: 1.31e-06
2026-04-20 20:47:12,114 INFO Epoch 30 | Batch 550 | Loss: 0.7902 | LR: 1.27e-06
2026-04-20 20:47:21,339 INFO Epoch 30 | Batch 600 | Loss: 0.7372 | LR: 1.23e-06
2026-04-20 20:47:30,415 INFO Epoch 30 | Batch 650 | Loss: 0.8318 | LR: 1.19e-06
2026-04-20 20:47:39,491 INFO Epoch 30 | Batch 700 | Loss: 0.7466 | LR: 1.16e-06
2026-04-20 20:47:49,319 INFO Epoch 30 | Batch 750 | Loss: 0.4953 | LR: 1.13e-06
2026-04-20 20:47:58,438 INFO Epoch 30 | Batch 800 | Loss: 0.5251 | LR: 1.11e-06
2026-04-20 20:48:07,573 INFO Epoch 30 | Batch 850 | Loss: 0.6345 | LR: 1.08e-06
2026-04-20 20:48:16,605 INFO Epoch 30 | Batch 900 | Loss: 0.5737 | LR: 1.06e-06
2026-04-20 20:48:25,474 INFO Epoch 30 | Batch 950 | Loss: 0.6835 | LR: 1.05e-06
2026-04-20 20:48:34,499 INFO Epoch 30 | Batch 1000 | Loss: 0.7464 | LR: 1.03e-06
2026-04-20 20:48:43,371 INFO Epoch 30 | Batch 1050 | Loss: 0.5021 | LR: 1.02e-06
2026-04-20 20:48:52,525 INFO Epoch 30 | Batch 1100 | Loss: 0.7471 | LR: 1.01e-06
2026-04-20 20:49:01,422 INFO Epoch 30 | Batch 1150 | Loss: 0.6120 | LR: 1.00e-06
2026-04-20 20:49:10,472 INFO Epoch 30 | Batch 1200 | Loss: 0.6137 | LR: 1.00e-06
2026-04-20 20:49:28,923 INFO Epoch 30 | Train: 0.7134 | Dev CER: 0.1219 | Dev WER: 0.3610 | Time: 240s | Peak: 21.5 GB
2026-04-20 20:50:28,263 INFO Done. Best dev CER: 0.1217 | Test CER: 0.1207
