Backbone: rwkv6_delta_warmstart_fixed
Checkpoint: outputs/s8_t1a_rwkv6_delta_warmstart_fixed_seed42/best_model.pt
Epoch: 29  best dev CER: 0.1258
Warning: You are sending unauthenticated requests to the HF Hub. Please set a HF_TOKEN to enable higher rate limits and faster downloads.
Processed 120 utterances

==============================================================================
D5_delta — `delta_recurrent_gate` mobility (zero init)
==============================================================================
Layer  | per-head g_δ                             | |g|_max   | |g|_mean  
------------------------------------------------------------------------------
L0    | [-0.0541, +0.2620, +0.4209, +0.2361]     | 4.2089e-01 | 2.4326e-01
L1    | [+0.0933, +0.2335, +0.3038, +0.3490]     | 3.4904e-01 | 2.4491e-01
L2    | [+0.2943, +0.3331, +0.3266, +0.2577]     | 3.3310e-01 | 3.0293e-01
L3    | [+0.3624, +0.4103, +0.3303, +0.5672]     | 5.6721e-01 | 4.1756e-01
L4    | [+0.3968, +0.5505, +0.3806, +0.4280]     | 5.5046e-01 | 4.3896e-01
L5    | [+0.3450, +0.6501, +0.6477, +0.6414]     | 6.5014e-01 | 5.7106e-01

==============================================================================
D6_delta — realised β_eff(x) = g · iclr(x) distribution on dev
==============================================================================
Layer  | mean |β|   | p95|β|     | p99|β|     | max|β|    
------------------------------------------------------------------------------
L0    | 1.1487e-01 | 6.9002e-01 | 9.3477e-01 | 9.8757e-01
L1    | 8.3923e-02 | 5.7345e-01 | 7.9380e-01 | 8.8010e-01
L2    | 2.6315e-01 | 6.6076e-01 | 7.1809e-01 | 7.5537e-01
L3    | 4.4541e-01 | 1.2389e+00 | 1.5380e+00 | 1.7241e+00
L4    | 4.2404e-01 | 1.0419e+00 | 1.1842e+00 | 1.2172e+00
L5    | 6.7368e-01 | 1.4818e+00 | 1.6558e+00 | 1.7929e+00

==============================================================================
D7_delta — relative erase magnitude  ‖β kk (kk^T S)‖_F / ‖S‖_F
  (captured at steady-state via a second forward with state probes)
==============================================================================
  (simplified: we report ‖β kk‖_F · ‖kk‖_2 as an upper bound proxy)
Layer  | bound     
------------------------------------------------------------------------------
L0    | 5.9486e-02
L1    | 5.5737e-02
L2    | 9.3449e-02
L3    | 1.8338e-01
L4    | 1.6405e-01
L5    | 2.4241e-01

==============================================================================
DECISION-TREE LEAF
==============================================================================
AMBIGUOUS ENGAGED — g_δ moved (max=0.650), β_eff p95=1.482; mechanism engaged, no CER break. Mechanism-level null.
==============================================================================

Wrote: outputs/s8_t1a_rwkv6_delta_warmstart_fixed_seed42/stage8_diagnostics/stage8_diag_summary.json
