Backbone: rwkv6_nonnormal_rse_viscosity
Checkpoint: outputs/s8_t2_rwkv6_nonnormal_rse_viscosity_seed42/best_model.pt
Epoch: 29  best dev CER: 0.1202
Warning: You are sending unauthenticated requests to the HF Hub. Please set a HF_TOKEN to enable higher rate limits and faster downloads.
Processed 120 utterances

==============================================================================
D5_nn — static parameter mobility (init zero for ρ_base/LoRA/μ)
==============================================================================
Layer  | |ρ_base|_F  | |ρ_LoRA|_F  | |ψ_LoRA|_F  | |μ|_F     | mean μ    
------------------------------------------------------------------------------
L0    | 6.914e-01 | 1.926e+01 | 1.111e+01 | 8.258e-01 | +6.950e-03
L1    | 6.619e-01 | 1.836e+01 | 1.119e+01 | 6.471e-01 | -5.495e-04
L2    | 7.954e-01 | 2.157e+01 | 1.382e+01 | 6.196e-01 | -1.471e-02
L3    | 7.569e-01 | 2.094e+01 | 1.452e+01 | 5.450e-01 | -2.507e-02
L4    | 7.115e-01 | 2.182e+01 | 1.739e+01 | 4.697e-01 | -1.681e-02
L5    | 8.931e-01 | 3.031e+01 | 2.159e+01 | 5.181e-01 | +1.045e-03

==============================================================================
D6_nn — realised ρ(x), ψ(x) per layer  (κ = 0.60)
==============================================================================
Layer  | mean|ρ|   | p95|ρ|    | p99|ρ|    | frac>0.9κ·λ  | std ψ    
------------------------------------------------------------------------------
L0    | 0.1844   | 0.8873   | 2.1738   | 0.4051      | 1.836
L1    | 0.0772   | 0.1991   | 0.2866   | 0.2955      | 1.691
L2    | 0.0531   | 0.1843   | 0.2845   | 0.1590      | 1.843
L3    | 0.0559   | 0.1645   | 0.2212   | 0.1391      | 1.900
L4    | 0.0710   | 0.1843   | 0.2540   | 0.4279      | 1.746
L5    | 0.1109   | 0.2813   | 0.3809   | 0.6146      | 1.731

==============================================================================
D7_nn — non-normality score  ‖G^T G − G G^T‖_F / ‖G‖_F²  per layer
==============================================================================
Layer  | mean      | p50       | p95       | p99       | max      
------------------------------------------------------------------------------
L0    | 0.0983   | 0.0373   | 0.4584   | 0.7011   | 1.2034
L1    | 0.0983   | 0.0447   | 0.3834   | 0.5698   | 1.0644
L2    | 0.0393   | 0.0113   | 0.1727   | 0.3107   | 0.9806
L3    | 0.0489   | 0.0197   | 0.1948   | 0.3329   | 0.6931
L4    | 0.0536   | 0.0261   | 0.1991   | 0.3177   | 1.0777
L5    | 0.1062   | 0.0574   | 0.3736   | 0.5650   | 1.2287

==============================================================================
D8_nn — spectral radius max|eig(G)| per layer  (must stay < 1)
==============================================================================
Layer  | mean      | p95       | p99       | max       | frac > 0.99 
------------------------------------------------------------------------------
L0    | 0.6924   | 0.9929   | 0.9984   | 0.9997   | 0.0638
L1    | 0.8197   | 0.9737   | 0.9879   | 0.9990   | 0.0083
L2    | 0.8581   | 0.9926   | 0.9984   | 1.0000   | 0.0591
L3    | 0.8504   | 0.9779   | 0.9966   | 1.0000   | 0.0241
L4    | 0.8518   | 0.9829   | 0.9977   | 1.0000   | 0.0324
L5    | 0.7994   | 0.9729   | 0.9913   | 0.9997   | 0.0124

==============================================================================
D9_nn — per-head mean |ρ|  (cross-head specialisation)
==============================================================================
Layer  | per-head mean |ρ|                        | spread (max − min)
------------------------------------------------------------------------------
L0    | [0.0567, 0.0768, 0.1436, 0.4555]         | 0.3988
L1    | [0.0499, 0.0632, 0.0914, 0.1128]         | 0.0628
L2    | [0.0462, 0.0373, 0.0563, 0.0796]         | 0.0423
L3    | [0.0383, 0.0506, 0.0610, 0.0816]         | 0.0433
L4    | [0.0559, 0.0602, 0.0709, 0.1056]         | 0.0497
L5    | [0.0876, 0.0987, 0.1145, 0.1507]         | 0.0631

==============================================================================
DECISION-TREE LEAF
==============================================================================
AMBIGUOUS ENGAGED — mechanism moved (|LoRA_ρ|_F=30.31, non-normality=0.106) but no CER break at this scale. Mechanism-level finding, not next main run.
==============================================================================

Wrote: outputs/s8_t2_rwkv6_nonnormal_rse_viscosity_seed42/stage8_diagnostics/stage8_diag_summary.json
