Backbone: rwkv6_sparse_nonnormal_rse_viscosity
Checkpoint: outputs/s9a_rwkv6_sparse_nonnormal_rse_viscosity_seed42/best_model.pt
Epoch: 15  best dev CER: 0.1467
Warning: You are sending unauthenticated requests to the HF Hub. Please set a HF_TOKEN to enable higher rate limits and faster downloads.
Processed 120 utterances

==============================================================================
D5_nn — static parameter mobility (init zero for ρ_base/LoRA/μ)
==============================================================================
Layer  | |ρ_base|_F  | |ρ_LoRA|_F  | |ψ_LoRA|_F  | |μ|_F     | mean μ    
------------------------------------------------------------------------------
L0    | 6.285e-01 | 1.627e+01 | nan | 4.931e-01 | +1.267e-02
L1    | 7.021e-01 | 2.162e+01 | nan | 3.821e-01 | -3.108e-03
L2    | 5.968e-01 | 1.917e+01 | nan | 3.392e-01 | -1.011e-02
L3    | 7.087e-01 | 2.500e+01 | nan | 3.981e-01 | -1.709e-02
L4    | 8.282e-01 | 2.433e+01 | nan | 3.675e-01 | -1.186e-02
L5    | 6.703e-01 | 2.819e+01 | nan | 3.992e-01 | -1.035e-02

==============================================================================
D6_nn — realised ρ(x), ψ(x) per layer  (κ = 0.40)
==============================================================================
Layer  | mean|ρ|   | p95|ρ|    | p99|ρ|    | frac>0.9κ·λ  | std ψ    
------------------------------------------------------------------------------
L0    | 0.1001   | 0.2917   | 0.5236   | 0.3534      | 1.757
L1    | 0.0367   | 0.1214   | 0.2649   | 0.1968      | 1.776
L2    | 0.0218   | 0.0785   | 0.1248   | 0.0479      | 1.784
L3    | 0.0301   | 0.1006   | 0.1741   | 0.1280      | 1.715
L4    | 0.0285   | 0.0985   | 0.1558   | 0.1601      | 1.905
L5    | 0.0404   | 0.1268   | 0.2544   | 0.1122      | 1.739

==============================================================================
D7_nn — non-normality score  ‖G^T G − G G^T‖_F / ‖G‖_F²  per layer
==============================================================================
Layer  | mean      | p50       | p95       | p99       | max      
------------------------------------------------------------------------------
L0    | 0.1216   | 0.0606   | 0.4617   | 0.7003   | 1.2282
L1    | 0.0266   | 0.0071   | 0.1152   | 0.2481   | 1.0903
L2    | 0.0156   | 0.0032   | 0.0739   | 0.1453   | 0.6262
L3    | 0.0249   | 0.0084   | 0.1050   | 0.2226   | 0.8058
L4    | 0.0214   | 0.0061   | 0.0974   | 0.1796   | 0.5552
L5    | 0.0393   | 0.0138   | 0.1686   | 0.3007   | 1.2045

==============================================================================
D8_nn — spectral radius max|eig(G)| per layer  (must stay < 1)
==============================================================================
Layer  | mean      | p95       | p99       | max       | frac > 0.99 
------------------------------------------------------------------------------
L0    | 0.6869   | 0.9707   | 0.9920   | 0.9998   | 0.0151
L1    | 0.8426   | 0.9944   | 0.9993   | 1.0002   | 0.0821
L2    | 0.8696   | 0.9972   | 0.9997   | 1.0002   | 0.1106
L3    | 0.8630   | 0.9831   | 0.9955   | 0.9999   | 0.0255
L4    | 0.8792   | 0.9964   | 0.9997   | 1.0002   | 0.0861
L5    | 0.8223   | 0.9756   | 0.9925   | 0.9999   | 0.0154

==============================================================================
D9_nn — per-head mean |ρ|  (cross-head specialisation)
==============================================================================
Layer  | per-head mean |ρ|                        | spread (max − min)
------------------------------------------------------------------------------
L0    | [0.0607, 0.0945, 0.1034, 0.1484]         | 0.0878
L1    | [0.0185, 0.0235, 0.0317, 0.0786]         | 0.0601
L2    | [0.0181, 0.0141, 0.0232, 0.0371]         | 0.0231
L3    | [0.0263, 0.0221, 0.0306, 0.0450]         | 0.0228
L4    | [0.0220, 0.0204, 0.0311, 0.0455]         | 0.0250
L5    | [0.0288, 0.0344, 0.0362, 0.0673]         | 0.0385

==============================================================================
D10_nn — Stage-9 per-(layer, head) sparse gate g = σ(raw)
==============================================================================
Layer  | per-head σ(raw)                          | min     | max    
------------------------------------------------------------------------------
L0    | [0.709, 0.516, 0.563, 0.569]             | 0.516  | 0.709
L1    | [0.694, 0.603, 0.538, 0.524]             | 0.524  | 0.694
L2    | [0.575, 0.604, 0.549, 0.593]             | 0.549  | 0.604
L3    | [0.629, 0.578, 0.651, 0.641]             | 0.578  | 0.651
L4    | [0.588, 0.577, 0.597, 0.676]             | 0.577  | 0.676
L5    | [0.603, 0.632, 0.641, 0.622]             | 0.603  | 0.641

==============================================================================
DECISION-TREE LEAF
==============================================================================
REGRESSION STABILITY — spectral radius max=1.000, 11.1% of G have |λ|>0.99. Fix stability, rerun.
==============================================================================

Wrote: outputs/s9a_rwkv6_sparse_nonnormal_rse_viscosity_seed42/stage8_diagnostics/stage8_diag_summary.json
