Backbone: rwkv6_sparse_nonnormal_rse_edge_only_viscosity
Checkpoint: outputs/s9b_rwkv6_sparse_nonnormal_rse_edge_only_viscosity_seed42/best_model.pt
Epoch: 30  best dev CER: 0.1218
Warning: You are sending unauthenticated requests to the HF Hub. Please set a HF_TOKEN to enable higher rate limits and faster downloads.
Processed 120 utterances

==============================================================================
D5_nn — static parameter mobility (init zero for ρ_base/LoRA/μ)
==============================================================================
Layer  | |ρ_base|_F  | |ρ_LoRA|_F  | |ψ_LoRA|_F  | |μ|_F     | mean μ    
------------------------------------------------------------------------------
L0    | 6.575e-01 | 2.319e+01 | nan | 4.508e-01 | -4.597e-04
L5    | 8.701e-01 | 2.859e+01 | nan | 4.677e-01 | +5.604e-03

==============================================================================
D6_nn — realised ρ(x), ψ(x) per layer  (κ = 0.40)
==============================================================================
Layer  | mean|ρ|   | p95|ρ|    | p99|ρ|    | frac>0.9κ·λ  | std ψ    
------------------------------------------------------------------------------
L0    | 0.0906   | 0.2820   | 0.4884   | 0.2208      | 1.750
L5    | 0.0383   | 0.1646   | 0.2465   | 0.1119      | 1.752

==============================================================================
D7_nn — non-normality score  ‖G^T G − G G^T‖_F / ‖G‖_F²  per layer
==============================================================================
Layer  | mean      | p50       | p95       | p99       | max      
------------------------------------------------------------------------------
L0    | 0.0671   | 0.0272   | 0.2687   | 0.4257   | 0.9021
L5    | 0.0298   | 0.0064   | 0.1468   | 0.2856   | 0.7539

==============================================================================
D8_nn — spectral radius max|eig(G)| per layer  (must stay < 1)
==============================================================================
Layer  | mean      | p95       | p99       | max       | frac > 0.99 
------------------------------------------------------------------------------
L0    | 0.6672   | 0.9905   | 0.9976   | 0.9993   | 0.0535
L5    | 0.8296   | 0.9979   | 0.9997   | 1.0002   | 0.1160

==============================================================================
D9_nn — per-head mean |ρ|  (cross-head specialisation)
==============================================================================
Layer  | per-head mean |ρ|                        | spread (max − min)
------------------------------------------------------------------------------
L0    | [0.0686, 0.0426, 0.1166, 0.1390]         | 0.0964
L5    | [0.0329, 0.0430, 0.0396, 0.0450]         | 0.0121

==============================================================================
D10_nn — Stage-9 per-(layer, head) sparse gate g = σ(raw)
==============================================================================
Layer  | per-head σ(raw)                          | min     | max    
------------------------------------------------------------------------------
L0    | [0.594, 0.661, 0.570, 0.537]             | 0.537  | 0.661
L5    | [0.613, 0.617, 0.627, 0.702]             | 0.613  | 0.702

==============================================================================
DECISION-TREE LEAF
==============================================================================
REGRESSION STABILITY — spectral radius max=1.000, 11.6% of G have |λ|>0.99. Fix stability, rerun.
==============================================================================

Wrote: outputs/s9b_rwkv6_sparse_nonnormal_rse_edge_only_viscosity_seed42/stage8_diagnostics/stage8_diag_summary.json
