2026-04-28 08:38:14,563 INFO src.training.train backbone=mamba2_convshift_multidil_symmetric_v2 params=9M seq_len=64 K=16 Q=16 batch=64
2026-04-28 08:38:20,437 INFO src.training.train step=100 epoch=1 loss=8.9953 grad=0.744 lr=3.00e-05
2026-04-28 08:38:24,947 INFO src.training.train step=200 epoch=1 loss=8.6123 grad=0.568 lr=6.00e-05
2026-04-28 08:38:29,460 INFO src.training.train step=300 epoch=1 loss=8.3943 grad=0.541 lr=9.00e-05
2026-04-28 08:38:34,105 INFO src.training.train step=400 epoch=1 loss=8.3552 grad=0.527 lr=1.20e-04
2026-04-28 08:38:38,610 INFO src.training.train step=500 epoch=1 loss=8.3338 grad=0.535 lr=1.50e-04
2026-04-28 08:38:43,126 INFO src.training.train step=600 epoch=1 loss=8.2862 grad=0.668 lr=1.80e-04
2026-04-28 08:38:47,617 INFO src.training.train step=700 epoch=1 loss=8.0251 grad=1.089 lr=2.10e-04
2026-04-28 08:38:51,945 INFO src.training.train step=800 epoch=2 loss=7.3581 grad=1.256 lr=2.40e-04
2026-04-28 08:38:56,430 INFO src.training.train step=900 epoch=2 loss=6.3326 grad=1.625 lr=2.70e-04
2026-04-28 08:39:01,043 INFO src.training.train step=1000 epoch=2 loss=5.1731 grad=1.631 lr=3.00e-04
2026-04-28 08:39:01,499 INFO src.training.train EVAL step=1000 loss=4.5720 per_query_acc=0.6819 per_seq_acc=0.0007
2026-04-28 08:39:06,063 INFO src.training.train step=1100 epoch=2 loss=3.9638 grad=2.077 lr=3.00e-04
2026-04-28 08:39:10,636 INFO src.training.train step=1200 epoch=2 loss=2.6584 grad=2.755 lr=3.00e-04
2026-04-28 08:39:15,146 INFO src.training.train step=1300 epoch=2 loss=1.5056 grad=2.968 lr=3.00e-04
2026-04-28 08:39:19,545 INFO src.training.train step=1400 epoch=2 loss=0.7072 grad=2.266 lr=3.00e-04
2026-04-28 08:39:24,083 INFO src.training.train step=1500 epoch=2 loss=0.2927 grad=1.742 lr=3.00e-04
2026-04-28 08:39:28,750 INFO src.training.train step=1600 epoch=3 loss=0.1157 grad=0.959 lr=3.00e-04
2026-04-28 08:39:33,470 INFO src.training.train step=1700 epoch=3 loss=0.0514 grad=0.615 lr=3.00e-04
2026-04-28 08:39:38,086 INFO src.training.train step=1800 epoch=3 loss=0.0272 grad=0.413 lr=2.99e-04
2026-04-28 08:39:42,683 INFO src.training.train step=1900 epoch=3 loss=0.0144 grad=0.227 lr=2.99e-04
2026-04-28 08:39:47,245 INFO src.training.train step=2000 epoch=3 loss=0.0095 grad=0.282 lr=2.99e-04
2026-04-28 08:39:47,656 INFO src.training.train EVAL step=2000 loss=0.0005 per_query_acc=1.0000 per_seq_acc=1.0000
2026-04-28 08:39:47,656 INFO src.training.train EARLY STOP: per_seq_acc 1.0000 ≥ threshold 0.9900 at step 2000
2026-04-28 08:39:48,068 INFO src.training.train DONE: {
  "backbone": "mamba2_convshift_multidil_symmetric_v2",
  "seq_len": 64,
  "n_kv_pairs": 16,
  "n_queries": 16,
  "vocab_size": 8192,
  "n_parameters": 9617320,
  "steps_taken": 2000,
  "epochs_taken": 3,
  "early_stopped": true,
  "best_per_seq_acc": 1.0,
  "best_per_query_acc": 1.0,
  "best_step": 2000,
  "final_per_seq_acc": 1.0,
  "final_per_query_acc": 1.0,
  "final_loss": 0.0005189852515856425,
  "wall_sec": 92.97444486618042,
  "seed": 42
}
