2026-04-28 09:25:23,331 INFO src.training.train backbone=linear_attn_rse_strong_viscosity params=8M seq_len=64 K=16 Q=16 batch=64
2026-04-28 09:25:33,154 INFO src.training.train step=100 epoch=1 loss=9.1311 grad=2.084 lr=3.00e-05
2026-04-28 09:25:41,833 INFO src.training.train step=200 epoch=1 loss=8.6748 grad=0.746 lr=6.00e-05
2026-04-28 09:25:50,515 INFO src.training.train step=300 epoch=1 loss=8.4114 grad=0.594 lr=9.00e-05
2026-04-28 09:25:59,195 INFO src.training.train step=400 epoch=1 loss=8.3547 grad=0.553 lr=1.20e-04
2026-04-28 09:26:07,877 INFO src.training.train step=500 epoch=1 loss=8.3435 grad=0.544 lr=1.50e-04
2026-04-28 09:26:16,559 INFO src.training.train step=600 epoch=1 loss=8.3450 grad=0.529 lr=1.80e-04
2026-04-28 09:26:25,243 INFO src.training.train step=700 epoch=1 loss=8.3481 grad=0.520 lr=2.10e-04
2026-04-28 09:26:33,931 INFO src.training.train step=800 epoch=2 loss=8.3633 grad=0.514 lr=2.40e-04
2026-04-28 09:26:42,620 INFO src.training.train step=900 epoch=2 loss=8.3553 grad=0.497 lr=2.70e-04
2026-04-28 09:26:51,310 INFO src.training.train step=1000 epoch=2 loss=8.3430 grad=0.498 lr=3.00e-04
2026-04-28 09:26:52,814 INFO src.training.train EVAL step=1000 loss=8.3492 per_query_acc=0.0001 per_seq_acc=0.0000
2026-04-28 09:27:01,505 INFO src.training.train step=1100 epoch=2 loss=8.3444 grad=0.484 lr=3.00e-04
2026-04-28 09:27:10,196 INFO src.training.train step=1200 epoch=2 loss=8.3553 grad=0.472 lr=3.00e-04
2026-04-28 09:27:18,888 INFO src.training.train step=1300 epoch=2 loss=8.3471 grad=0.466 lr=3.00e-04
2026-04-28 09:27:27,579 INFO src.training.train step=1400 epoch=2 loss=8.3501 grad=0.454 lr=3.00e-04
2026-04-28 09:27:36,272 INFO src.training.train step=1500 epoch=2 loss=8.3335 grad=0.465 lr=3.00e-04
2026-04-28 09:27:44,969 INFO src.training.train step=1600 epoch=3 loss=8.3237 grad=0.452 lr=3.00e-04
2026-04-28 09:27:53,664 INFO src.training.train step=1700 epoch=3 loss=8.3141 grad=0.465 lr=3.00e-04
2026-04-28 09:28:02,358 INFO src.training.train step=1800 epoch=3 loss=8.3133 grad=0.476 lr=2.99e-04
2026-04-28 09:28:11,053 INFO src.training.train step=1900 epoch=3 loss=8.3256 grad=0.479 lr=2.99e-04
2026-04-28 09:28:19,747 INFO src.training.train step=2000 epoch=3 loss=8.3061 grad=0.490 lr=2.99e-04
2026-04-28 09:28:21,238 INFO src.training.train EVAL step=2000 loss=8.3535 per_query_acc=0.0002 per_seq_acc=0.0000
2026-04-28 09:28:29,933 INFO src.training.train step=2100 epoch=3 loss=8.2725 grad=0.520 lr=2.99e-04
2026-04-28 09:28:38,627 INFO src.training.train step=2200 epoch=3 loss=8.2962 grad=0.557 lr=2.99e-04
2026-04-28 09:28:47,321 INFO src.training.train step=2300 epoch=3 loss=8.2590 grad=0.604 lr=2.99e-04
2026-04-28 09:28:56,017 INFO src.training.train step=2400 epoch=4 loss=8.2743 grad=0.618 lr=2.98e-04
2026-04-28 09:29:04,711 INFO src.training.train step=2500 epoch=4 loss=8.2546 grad=0.631 lr=2.98e-04
2026-04-28 09:29:13,406 INFO src.training.train step=2600 epoch=4 loss=8.2536 grad=0.662 lr=2.98e-04
2026-04-28 09:29:22,097 INFO src.training.train step=2700 epoch=4 loss=8.2219 grad=0.663 lr=2.97e-04
2026-04-28 09:29:30,793 INFO src.training.train step=2800 epoch=4 loss=8.2284 grad=0.662 lr=2.97e-04
2026-04-28 09:29:39,487 INFO src.training.train step=2900 epoch=4 loss=8.1933 grad=0.695 lr=2.97e-04
2026-04-28 09:29:48,180 INFO src.training.train step=3000 epoch=4 loss=8.2082 grad=0.719 lr=2.97e-04
2026-04-28 09:29:49,672 INFO src.training.train EVAL step=3000 loss=8.4435 per_query_acc=0.0003 per_seq_acc=0.0000
2026-04-28 09:29:58,367 INFO src.training.train step=3100 epoch=4 loss=8.1714 grad=0.749 lr=2.96e-04
2026-04-28 09:30:07,059 INFO src.training.train step=3200 epoch=5 loss=8.1452 grad=0.744 lr=2.96e-04
2026-04-28 09:30:15,754 INFO src.training.train step=3300 epoch=5 loss=8.1415 grad=0.764 lr=2.95e-04
2026-04-28 09:30:24,450 INFO src.training.train step=3400 epoch=5 loss=8.1400 grad=0.762 lr=2.95e-04
2026-04-28 09:30:33,146 INFO src.training.train step=3500 epoch=5 loss=8.1252 grad=0.785 lr=2.95e-04
2026-04-28 09:30:41,843 INFO src.training.train step=3600 epoch=5 loss=8.1010 grad=0.782 lr=2.94e-04
2026-04-28 09:30:50,536 INFO src.training.train step=3700 epoch=5 loss=8.1278 grad=0.801 lr=2.94e-04
2026-04-28 09:30:59,232 INFO src.training.train step=3800 epoch=5 loss=8.1126 grad=0.818 lr=2.93e-04
2026-04-28 09:31:07,928 INFO src.training.train step=3900 epoch=5 loss=8.0608 grad=0.832 lr=2.93e-04
2026-04-28 09:31:16,644 INFO src.training.train step=4000 epoch=6 loss=8.0280 grad=0.849 lr=2.92e-04
2026-04-28 09:31:18,137 INFO src.training.train EVAL step=4000 loss=8.4973 per_query_acc=0.0002 per_seq_acc=0.0000
2026-04-28 09:31:26,836 INFO src.training.train step=4100 epoch=6 loss=8.0502 grad=0.868 lr=2.92e-04
2026-04-28 09:31:35,530 INFO src.training.train step=4200 epoch=6 loss=8.0467 grad=0.860 lr=2.91e-04
2026-04-28 09:31:44,224 INFO src.training.train step=4300 epoch=6 loss=8.0335 grad=0.894 lr=2.91e-04
2026-04-28 09:31:52,919 INFO src.training.train step=4400 epoch=6 loss=8.0524 grad=0.887 lr=2.90e-04
2026-04-28 09:32:01,612 INFO src.training.train step=4500 epoch=6 loss=8.0120 grad=0.904 lr=2.89e-04
2026-04-28 09:32:10,304 INFO src.training.train step=4600 epoch=6 loss=8.0061 grad=0.927 lr=2.89e-04
2026-04-28 09:32:18,999 INFO src.training.train step=4700 epoch=7 loss=7.9975 grad=0.952 lr=2.88e-04
2026-04-28 09:32:27,692 INFO src.training.train step=4800 epoch=7 loss=7.9403 grad=0.955 lr=2.88e-04
2026-04-28 09:32:36,387 INFO src.training.train step=4900 epoch=7 loss=7.9416 grad=0.979 lr=2.87e-04
2026-04-28 09:32:45,084 INFO src.training.train step=5000 epoch=7 loss=7.9220 grad=0.977 lr=2.86e-04
2026-04-28 09:32:46,577 INFO src.training.train EVAL step=5000 loss=8.5609 per_query_acc=0.0003 per_seq_acc=0.0000
2026-04-28 09:32:55,274 INFO src.training.train step=5100 epoch=7 loss=7.9451 grad=1.028 lr=2.85e-04
2026-04-28 09:33:03,970 INFO src.training.train step=5200 epoch=7 loss=7.9257 grad=1.001 lr=2.85e-04
2026-04-28 09:33:12,666 INFO src.training.train step=5300 epoch=7 loss=7.9444 grad=1.035 lr=2.84e-04
2026-04-28 09:33:21,364 INFO src.training.train step=5400 epoch=7 loss=7.8866 grad=1.044 lr=2.83e-04
2026-04-28 09:33:30,062 INFO src.training.train step=5500 epoch=8 loss=7.8891 grad=1.056 lr=2.83e-04
2026-04-28 09:33:38,759 INFO src.training.train step=5600 epoch=8 loss=7.8274 grad=1.067 lr=2.82e-04
2026-04-28 09:33:47,454 INFO src.training.train step=5700 epoch=8 loss=7.8627 grad=1.101 lr=2.81e-04
2026-04-28 09:33:56,148 INFO src.training.train step=5800 epoch=8 loss=7.8468 grad=1.118 lr=2.80e-04
2026-04-28 09:34:04,843 INFO src.training.train step=5900 epoch=8 loss=7.9078 grad=1.152 lr=2.79e-04
2026-04-28 09:34:13,539 INFO src.training.train step=6000 epoch=8 loss=7.8284 grad=1.164 lr=2.79e-04
2026-04-28 09:34:15,027 INFO src.training.train EVAL step=6000 loss=8.6497 per_query_acc=0.0003 per_seq_acc=0.0000
2026-04-28 09:34:15,027 INFO src.training.train EARLY STOP: 5 evals without per_query_acc improvement (best=0.0001 at step 1000, per_seq_acc=0.0000)
2026-04-28 09:34:16,517 INFO src.training.train DONE: {
  "backbone": "linear_attn_rse_strong_viscosity",
  "seq_len": 64,
  "n_kv_pairs": 16,
  "n_queries": 16,
  "vocab_size": 8192,
  "n_parameters": 8660992,
  "steps_taken": 6000,
  "epochs_taken": 8,
  "early_stopped": true,
  "best_per_seq_acc": 0.0,
  "best_per_query_acc": 0.00014583333333333335,
  "best_step": 1000,
  "final_per_seq_acc": 0.0,
  "final_per_query_acc": 0.0002916666666666667,
  "final_loss": 8.649720133463541,
  "wall_sec": 532.5587775707245,
  "seed": 42
}
