2026-04-24 18:54:00,993 INFO Loading LibriSpeech split=train.100 from HuggingFace...
2026-04-24 18:54:01,078 INFO HTTP Request: HEAD https://huggingface.co/datasets/openslr/librispeech_asr/resolve/main/README.md "HTTP/1.1 307 Temporary Redirect"
2026-04-24 18:54:01,086 INFO HTTP Request: HEAD https://huggingface.co/api/resolve-cache/datasets/openslr/librispeech_asr/71cacbfb7e2354c4226d01e70d77d5fca3d04ba1/README.md "HTTP/1.1 200 OK"
2026-04-24 18:54:01,094 INFO HTTP Request: GET https://huggingface.co/api/resolve-cache/datasets/openslr/librispeech_asr/71cacbfb7e2354c4226d01e70d77d5fca3d04ba1/README.md "HTTP/1.1 200 OK"
2026-04-24 18:54:01,150 INFO HTTP Request: HEAD https://huggingface.co/datasets/openslr/librispeech_asr/resolve/71cacbfb7e2354c4226d01e70d77d5fca3d04ba1/librispeech_asr.py "HTTP/1.1 404 Not Found"
2026-04-24 18:54:01,287 INFO HTTP Request: HEAD https://s3.amazonaws.com/datasets.huggingface.co/datasets/datasets/openslr/librispeech_asr/openslr/librispeech_asr.py "HTTP/1.1 404 Not Found"
2026-04-24 18:54:01,355 INFO HTTP Request: GET https://huggingface.co/api/datasets/openslr/librispeech_asr/revision/71cacbfb7e2354c4226d01e70d77d5fca3d04ba1 "HTTP/1.1 200 OK"
2026-04-24 18:54:01,416 INFO HTTP Request: HEAD https://huggingface.co/datasets/openslr/librispeech_asr/resolve/71cacbfb7e2354c4226d01e70d77d5fca3d04ba1/.huggingface.yaml "HTTP/1.1 404 Not Found"
2026-04-24 18:54:01,503 INFO HTTP Request: GET https://datasets-server.huggingface.co/info?dataset=openslr/librispeech_asr "HTTP/1.1 200 OK"
2026-04-24 18:54:01,570 INFO HTTP Request: GET https://huggingface.co/api/datasets/openslr/librispeech_asr/tree/71cacbfb7e2354c4226d01e70d77d5fca3d04ba1/clean%2Ftest?recursive=true&expand=false "HTTP/1.1 200 OK"
2026-04-24 18:54:01,623 INFO HTTP Request: GET https://huggingface.co/api/datasets/openslr/librispeech_asr/tree/71cacbfb7e2354c4226d01e70d77d5fca3d04ba1/clean?recursive=false&expand=false "HTTP/1.1 200 OK"
2026-04-24 18:54:01,683 INFO HTTP Request: GET https://huggingface.co/api/datasets/openslr/librispeech_asr/tree/71cacbfb7e2354c4226d01e70d77d5fca3d04ba1/clean%2Ftrain.100?recursive=true&expand=false "HTTP/1.1 200 OK"
2026-04-24 18:54:01,764 INFO HTTP Request: GET https://huggingface.co/api/datasets/openslr/librispeech_asr/tree/71cacbfb7e2354c4226d01e70d77d5fca3d04ba1/clean%2Ftrain.360?recursive=true&expand=false "HTTP/1.1 200 OK"
2026-04-24 18:54:01,855 INFO HTTP Request: GET https://huggingface.co/api/datasets/openslr/librispeech_asr/tree/71cacbfb7e2354c4226d01e70d77d5fca3d04ba1/clean%2Fvalidation?recursive=true&expand=false "HTTP/1.1 200 OK"
2026-04-24 18:54:01,909 INFO HTTP Request: HEAD https://huggingface.co/datasets/openslr/librispeech_asr/resolve/71cacbfb7e2354c4226d01e70d77d5fca3d04ba1/dataset_infos.json "HTTP/1.1 404 Not Found"
2026-04-24 18:54:01,910 WARNING Warning: You are sending unauthenticated requests to the HF Hub. Please set a HF_TOKEN to enable higher rate limits and faster downloads.
2026-04-24 18:54:02,304 INFO HTTP Request: HEAD https://huggingface.co/datasets/openslr/librispeech_asr/resolve/71cacbfb7e2354c4226d01e70d77d5fca3d04ba1/clean/test/0000.parquet "HTTP/1.1 302 Found"
2026-04-24 18:54:02,361 INFO HTTP Request: GET https://huggingface.co/api/datasets/openslr/librispeech_asr/xet-read-token/71cacbfb7e2354c4226d01e70d77d5fca3d04ba1 "HTTP/1.1 200 OK"
2026-04-24 18:54:04,444 INFO HTTP Request: HEAD https://huggingface.co/datasets/openslr/librispeech_asr/resolve/71cacbfb7e2354c4226d01e70d77d5fca3d04ba1/clean/train.100/0000.parquet "HTTP/1.1 302 Found"
2026-04-24 18:54:06,757 INFO HTTP Request: HEAD https://huggingface.co/datasets/openslr/librispeech_asr/resolve/71cacbfb7e2354c4226d01e70d77d5fca3d04ba1/clean/train.100/0001.parquet "HTTP/1.1 302 Found"
2026-04-24 18:54:09,632 INFO HTTP Request: HEAD https://huggingface.co/datasets/openslr/librispeech_asr/resolve/71cacbfb7e2354c4226d01e70d77d5fca3d04ba1/clean/train.100/0002.parquet "HTTP/1.1 302 Found"
2026-04-24 18:54:11,499 INFO HTTP Request: HEAD https://huggingface.co/datasets/openslr/librispeech_asr/resolve/71cacbfb7e2354c4226d01e70d77d5fca3d04ba1/clean/train.100/0003.parquet "HTTP/1.1 302 Found"
2026-04-24 18:54:13,983 INFO HTTP Request: HEAD https://huggingface.co/datasets/openslr/librispeech_asr/resolve/71cacbfb7e2354c4226d01e70d77d5fca3d04ba1/clean/train.100/0004.parquet "HTTP/1.1 302 Found"
2026-04-24 18:54:16,658 INFO HTTP Request: HEAD https://huggingface.co/datasets/openslr/librispeech_asr/resolve/71cacbfb7e2354c4226d01e70d77d5fca3d04ba1/clean/train.100/0005.parquet "HTTP/1.1 302 Found"
2026-04-24 18:54:19,133 INFO HTTP Request: HEAD https://huggingface.co/datasets/openslr/librispeech_asr/resolve/71cacbfb7e2354c4226d01e70d77d5fca3d04ba1/clean/train.100/0006.parquet "HTTP/1.1 302 Found"
2026-04-24 18:54:21,213 INFO HTTP Request: HEAD https://huggingface.co/datasets/openslr/librispeech_asr/resolve/71cacbfb7e2354c4226d01e70d77d5fca3d04ba1/clean/train.100/0007.parquet "HTTP/1.1 302 Found"
2026-04-24 18:54:23,293 INFO HTTP Request: HEAD https://huggingface.co/datasets/openslr/librispeech_asr/resolve/71cacbfb7e2354c4226d01e70d77d5fca3d04ba1/clean/train.100/0008.parquet "HTTP/1.1 302 Found"
2026-04-24 18:54:25,961 INFO HTTP Request: HEAD https://huggingface.co/datasets/openslr/librispeech_asr/resolve/71cacbfb7e2354c4226d01e70d77d5fca3d04ba1/clean/train.100/0009.parquet "HTTP/1.1 302 Found"
2026-04-24 18:54:28,629 INFO HTTP Request: HEAD https://huggingface.co/datasets/openslr/librispeech_asr/resolve/71cacbfb7e2354c4226d01e70d77d5fca3d04ba1/clean/train.100/0010.parquet "HTTP/1.1 302 Found"
2026-04-24 18:54:30,713 INFO HTTP Request: HEAD https://huggingface.co/datasets/openslr/librispeech_asr/resolve/71cacbfb7e2354c4226d01e70d77d5fca3d04ba1/clean/train.100/0011.parquet "HTTP/1.1 302 Found"
2026-04-24 18:54:32,777 INFO HTTP Request: HEAD https://huggingface.co/datasets/openslr/librispeech_asr/resolve/71cacbfb7e2354c4226d01e70d77d5fca3d04ba1/clean/train.100/0012.parquet "HTTP/1.1 302 Found"
2026-04-24 18:54:35,052 INFO HTTP Request: HEAD https://huggingface.co/datasets/openslr/librispeech_asr/resolve/71cacbfb7e2354c4226d01e70d77d5fca3d04ba1/clean/train.100/0013.parquet "HTTP/1.1 302 Found"
2026-04-24 18:54:36,937 INFO HTTP Request: HEAD https://huggingface.co/datasets/openslr/librispeech_asr/resolve/71cacbfb7e2354c4226d01e70d77d5fca3d04ba1/clean/train.360/0000.parquet "HTTP/1.1 302 Found"
2026-04-24 18:54:39,417 INFO HTTP Request: HEAD https://huggingface.co/datasets/openslr/librispeech_asr/resolve/71cacbfb7e2354c4226d01e70d77d5fca3d04ba1/clean/train.360/0001.parquet "HTTP/1.1 302 Found"
2026-04-24 18:54:41,900 INFO HTTP Request: HEAD https://huggingface.co/datasets/openslr/librispeech_asr/resolve/71cacbfb7e2354c4226d01e70d77d5fca3d04ba1/clean/train.360/0002.parquet "HTTP/1.1 302 Found"
2026-04-24 18:54:43,969 INFO HTTP Request: HEAD https://huggingface.co/datasets/openslr/librispeech_asr/resolve/71cacbfb7e2354c4226d01e70d77d5fca3d04ba1/clean/train.360/0003.parquet "HTTP/1.1 302 Found"
2026-04-24 18:54:46,435 INFO HTTP Request: HEAD https://huggingface.co/datasets/openslr/librispeech_asr/resolve/71cacbfb7e2354c4226d01e70d77d5fca3d04ba1/clean/train.360/0004.parquet "HTTP/1.1 302 Found"
2026-04-24 18:54:48,708 INFO HTTP Request: HEAD https://huggingface.co/datasets/openslr/librispeech_asr/resolve/71cacbfb7e2354c4226d01e70d77d5fca3d04ba1/clean/train.360/0005.parquet "HTTP/1.1 302 Found"
2026-04-24 18:54:50,981 INFO HTTP Request: HEAD https://huggingface.co/datasets/openslr/librispeech_asr/resolve/71cacbfb7e2354c4226d01e70d77d5fca3d04ba1/clean/train.360/0006.parquet "HTTP/1.1 302 Found"
2026-04-24 18:54:52,845 INFO HTTP Request: HEAD https://huggingface.co/datasets/openslr/librispeech_asr/resolve/71cacbfb7e2354c4226d01e70d77d5fca3d04ba1/clean/train.360/0007.parquet "HTTP/1.1 302 Found"
2026-04-24 18:54:55,117 INFO HTTP Request: HEAD https://huggingface.co/datasets/openslr/librispeech_asr/resolve/71cacbfb7e2354c4226d01e70d77d5fca3d04ba1/clean/train.360/0008.parquet "HTTP/1.1 302 Found"
2026-04-24 18:54:57,594 INFO HTTP Request: HEAD https://huggingface.co/datasets/openslr/librispeech_asr/resolve/71cacbfb7e2354c4226d01e70d77d5fca3d04ba1/clean/train.360/0009.parquet "HTTP/1.1 302 Found"
2026-04-24 18:54:59,665 INFO HTTP Request: HEAD https://huggingface.co/datasets/openslr/librispeech_asr/resolve/71cacbfb7e2354c4226d01e70d77d5fca3d04ba1/clean/train.360/0010.parquet "HTTP/1.1 302 Found"
2026-04-24 18:55:02,554 INFO HTTP Request: HEAD https://huggingface.co/datasets/openslr/librispeech_asr/resolve/71cacbfb7e2354c4226d01e70d77d5fca3d04ba1/clean/train.360/0011.parquet "HTTP/1.1 302 Found"
2026-04-24 18:55:05,052 INFO HTTP Request: HEAD https://huggingface.co/datasets/openslr/librispeech_asr/resolve/71cacbfb7e2354c4226d01e70d77d5fca3d04ba1/clean/train.360/0012.parquet "HTTP/1.1 302 Found"
2026-04-24 18:55:07,335 INFO HTTP Request: HEAD https://huggingface.co/datasets/openslr/librispeech_asr/resolve/71cacbfb7e2354c4226d01e70d77d5fca3d04ba1/clean/train.360/0013.parquet "HTTP/1.1 302 Found"
2026-04-24 18:55:09,816 INFO HTTP Request: HEAD https://huggingface.co/datasets/openslr/librispeech_asr/resolve/71cacbfb7e2354c4226d01e70d77d5fca3d04ba1/clean/train.360/0014.parquet "HTTP/1.1 302 Found"
2026-04-24 18:55:12,094 INFO HTTP Request: HEAD https://huggingface.co/datasets/openslr/librispeech_asr/resolve/71cacbfb7e2354c4226d01e70d77d5fca3d04ba1/clean/train.360/0015.parquet "HTTP/1.1 302 Found"
2026-04-24 18:55:14,165 INFO HTTP Request: HEAD https://huggingface.co/datasets/openslr/librispeech_asr/resolve/71cacbfb7e2354c4226d01e70d77d5fca3d04ba1/clean/train.360/0016.parquet "HTTP/1.1 302 Found"
2026-04-24 18:55:16,038 INFO HTTP Request: HEAD https://huggingface.co/datasets/openslr/librispeech_asr/resolve/71cacbfb7e2354c4226d01e70d77d5fca3d04ba1/clean/train.360/0017.parquet "HTTP/1.1 302 Found"
2026-04-24 18:55:18,519 INFO HTTP Request: HEAD https://huggingface.co/datasets/openslr/librispeech_asr/resolve/71cacbfb7e2354c4226d01e70d77d5fca3d04ba1/clean/train.360/0018.parquet "HTTP/1.1 302 Found"
2026-04-24 18:55:20,796 INFO HTTP Request: HEAD https://huggingface.co/datasets/openslr/librispeech_asr/resolve/71cacbfb7e2354c4226d01e70d77d5fca3d04ba1/clean/train.360/0019.parquet "HTTP/1.1 302 Found"
2026-04-24 18:55:23,265 INFO HTTP Request: HEAD https://huggingface.co/datasets/openslr/librispeech_asr/resolve/71cacbfb7e2354c4226d01e70d77d5fca3d04ba1/clean/train.360/0020.parquet "HTTP/1.1 302 Found"
2026-04-24 18:55:25,537 INFO HTTP Request: HEAD https://huggingface.co/datasets/openslr/librispeech_asr/resolve/71cacbfb7e2354c4226d01e70d77d5fca3d04ba1/clean/train.360/0021.parquet "HTTP/1.1 302 Found"
2026-04-24 18:55:28,012 INFO HTTP Request: HEAD https://huggingface.co/datasets/openslr/librispeech_asr/resolve/71cacbfb7e2354c4226d01e70d77d5fca3d04ba1/clean/train.360/0022.parquet "HTTP/1.1 302 Found"
2026-04-24 18:55:30,878 INFO HTTP Request: HEAD https://huggingface.co/datasets/openslr/librispeech_asr/resolve/71cacbfb7e2354c4226d01e70d77d5fca3d04ba1/clean/train.360/0023.parquet "HTTP/1.1 302 Found"
2026-04-24 18:55:34,763 INFO HTTP Request: HEAD https://huggingface.co/datasets/openslr/librispeech_asr/resolve/71cacbfb7e2354c4226d01e70d77d5fca3d04ba1/clean/train.360/0024.parquet "HTTP/1.1 302 Found"
2026-04-24 18:55:36,836 INFO HTTP Request: HEAD https://huggingface.co/datasets/openslr/librispeech_asr/resolve/71cacbfb7e2354c4226d01e70d77d5fca3d04ba1/clean/train.360/0025.parquet "HTTP/1.1 302 Found"
2026-04-24 18:55:39,516 INFO HTTP Request: HEAD https://huggingface.co/datasets/openslr/librispeech_asr/resolve/71cacbfb7e2354c4226d01e70d77d5fca3d04ba1/clean/train.360/0026.parquet "HTTP/1.1 302 Found"
2026-04-24 18:55:41,592 INFO HTTP Request: HEAD https://huggingface.co/datasets/openslr/librispeech_asr/resolve/71cacbfb7e2354c4226d01e70d77d5fca3d04ba1/clean/train.360/0027.parquet "HTTP/1.1 302 Found"
2026-04-24 18:55:44,659 INFO HTTP Request: HEAD https://huggingface.co/datasets/openslr/librispeech_asr/resolve/71cacbfb7e2354c4226d01e70d77d5fca3d04ba1/clean/train.360/0028.parquet "HTTP/1.1 302 Found"
2026-04-24 18:55:46,926 INFO HTTP Request: HEAD https://huggingface.co/datasets/openslr/librispeech_asr/resolve/71cacbfb7e2354c4226d01e70d77d5fca3d04ba1/clean/train.360/0029.parquet "HTTP/1.1 302 Found"
2026-04-24 18:55:49,598 INFO HTTP Request: HEAD https://huggingface.co/datasets/openslr/librispeech_asr/resolve/71cacbfb7e2354c4226d01e70d77d5fca3d04ba1/clean/train.360/0030.parquet "HTTP/1.1 302 Found"
2026-04-24 18:55:52,086 INFO HTTP Request: HEAD https://huggingface.co/datasets/openslr/librispeech_asr/resolve/71cacbfb7e2354c4226d01e70d77d5fca3d04ba1/clean/train.360/0031.parquet "HTTP/1.1 302 Found"
2026-04-24 18:55:54,765 INFO HTTP Request: HEAD https://huggingface.co/datasets/openslr/librispeech_asr/resolve/71cacbfb7e2354c4226d01e70d77d5fca3d04ba1/clean/train.360/0032.parquet "HTTP/1.1 302 Found"
2026-04-24 18:55:56,860 INFO HTTP Request: HEAD https://huggingface.co/datasets/openslr/librispeech_asr/resolve/71cacbfb7e2354c4226d01e70d77d5fca3d04ba1/clean/train.360/0033.parquet "HTTP/1.1 302 Found"
2026-04-24 18:55:59,337 INFO HTTP Request: HEAD https://huggingface.co/datasets/openslr/librispeech_asr/resolve/71cacbfb7e2354c4226d01e70d77d5fca3d04ba1/clean/train.360/0034.parquet "HTTP/1.1 302 Found"
2026-04-24 18:56:01,615 INFO HTTP Request: HEAD https://huggingface.co/datasets/openslr/librispeech_asr/resolve/71cacbfb7e2354c4226d01e70d77d5fca3d04ba1/clean/train.360/0035.parquet "HTTP/1.1 302 Found"
2026-04-24 18:56:04,078 INFO HTTP Request: HEAD https://huggingface.co/datasets/openslr/librispeech_asr/resolve/71cacbfb7e2354c4226d01e70d77d5fca3d04ba1/clean/train.360/0036.parquet "HTTP/1.1 302 Found"
2026-04-24 18:56:06,357 INFO HTTP Request: HEAD https://huggingface.co/datasets/openslr/librispeech_asr/resolve/71cacbfb7e2354c4226d01e70d77d5fca3d04ba1/clean/train.360/0037.parquet "HTTP/1.1 302 Found"
2026-04-24 18:56:08,645 INFO HTTP Request: HEAD https://huggingface.co/datasets/openslr/librispeech_asr/resolve/71cacbfb7e2354c4226d01e70d77d5fca3d04ba1/clean/train.360/0038.parquet "HTTP/1.1 302 Found"
2026-04-24 18:56:10,924 INFO HTTP Request: HEAD https://huggingface.co/datasets/openslr/librispeech_asr/resolve/71cacbfb7e2354c4226d01e70d77d5fca3d04ba1/clean/train.360/0039.parquet "HTTP/1.1 302 Found"
2026-04-24 18:56:13,193 INFO HTTP Request: HEAD https://huggingface.co/datasets/openslr/librispeech_asr/resolve/71cacbfb7e2354c4226d01e70d77d5fca3d04ba1/clean/train.360/0040.parquet "HTTP/1.1 302 Found"
2026-04-24 18:56:15,863 INFO HTTP Request: HEAD https://huggingface.co/datasets/openslr/librispeech_asr/resolve/71cacbfb7e2354c4226d01e70d77d5fca3d04ba1/clean/train.360/0041.parquet "HTTP/1.1 302 Found"
2026-04-24 18:56:18,136 INFO HTTP Request: HEAD https://huggingface.co/datasets/openslr/librispeech_asr/resolve/71cacbfb7e2354c4226d01e70d77d5fca3d04ba1/clean/train.360/0042.parquet "HTTP/1.1 302 Found"
2026-04-24 18:56:20,213 INFO HTTP Request: HEAD https://huggingface.co/datasets/openslr/librispeech_asr/resolve/71cacbfb7e2354c4226d01e70d77d5fca3d04ba1/clean/train.360/0043.parquet "HTTP/1.1 302 Found"
2026-04-24 18:56:22,481 INFO HTTP Request: HEAD https://huggingface.co/datasets/openslr/librispeech_asr/resolve/71cacbfb7e2354c4226d01e70d77d5fca3d04ba1/clean/train.360/0044.parquet "HTTP/1.1 302 Found"
2026-04-24 18:56:24,553 INFO HTTP Request: HEAD https://huggingface.co/datasets/openslr/librispeech_asr/resolve/71cacbfb7e2354c4226d01e70d77d5fca3d04ba1/clean/train.360/0045.parquet "HTTP/1.1 302 Found"
2026-04-24 18:56:27,093 INFO HTTP Request: HEAD https://huggingface.co/datasets/openslr/librispeech_asr/resolve/71cacbfb7e2354c4226d01e70d77d5fca3d04ba1/clean/train.360/0046.parquet "HTTP/1.1 302 Found"
2026-04-24 18:56:29,160 INFO HTTP Request: HEAD https://huggingface.co/datasets/openslr/librispeech_asr/resolve/71cacbfb7e2354c4226d01e70d77d5fca3d04ba1/clean/train.360/0047.parquet "HTTP/1.1 302 Found"
2026-04-24 18:56:31,840 INFO HTTP Request: HEAD https://huggingface.co/datasets/openslr/librispeech_asr/resolve/71cacbfb7e2354c4226d01e70d77d5fca3d04ba1/clean/validation/0000.parquet "HTTP/1.1 302 Found"
2026-04-24 18:59:01,838 INFO Loaded 28538 utterances from train.100 (skipped 1 outside [0.5s, 20.0s])
2026-04-24 18:59:01,933 INFO Loading LibriSpeech split=validation from HuggingFace...
2026-04-24 18:59:02,015 INFO HTTP Request: HEAD https://huggingface.co/datasets/openslr/librispeech_asr/resolve/main/README.md "HTTP/1.1 307 Temporary Redirect"
2026-04-24 18:59:02,023 INFO HTTP Request: HEAD https://huggingface.co/api/resolve-cache/datasets/openslr/librispeech_asr/71cacbfb7e2354c4226d01e70d77d5fca3d04ba1/README.md "HTTP/1.1 200 OK"
2026-04-24 18:59:02,082 INFO HTTP Request: HEAD https://huggingface.co/datasets/openslr/librispeech_asr/resolve/71cacbfb7e2354c4226d01e70d77d5fca3d04ba1/librispeech_asr.py "HTTP/1.1 404 Not Found"
2026-04-24 18:59:02,214 INFO HTTP Request: HEAD https://s3.amazonaws.com/datasets.huggingface.co/datasets/datasets/openslr/librispeech_asr/openslr/librispeech_asr.py "HTTP/1.1 404 Not Found"
2026-04-24 18:59:02,273 INFO HTTP Request: HEAD https://huggingface.co/datasets/openslr/librispeech_asr/resolve/71cacbfb7e2354c4226d01e70d77d5fca3d04ba1/.huggingface.yaml "HTTP/1.1 404 Not Found"
2026-04-24 18:59:02,357 INFO HTTP Request: GET https://datasets-server.huggingface.co/info?dataset=openslr/librispeech_asr "HTTP/1.1 200 OK"
2026-04-24 18:59:02,435 INFO HTTP Request: HEAD https://huggingface.co/datasets/openslr/librispeech_asr/resolve/71cacbfb7e2354c4226d01e70d77d5fca3d04ba1/dataset_infos.json "HTTP/1.1 404 Not Found"
2026-04-24 18:59:08,287 INFO Loaded 2642 utterances from validation (skipped 61 outside [0.5s, 20.0s])
2026-04-24 18:59:08,287 INFO Loading LibriSpeech split=test from HuggingFace...
2026-04-24 18:59:08,410 INFO HTTP Request: HEAD https://huggingface.co/datasets/openslr/librispeech_asr/resolve/main/README.md "HTTP/1.1 307 Temporary Redirect"
2026-04-24 18:59:08,417 INFO HTTP Request: HEAD https://huggingface.co/api/resolve-cache/datasets/openslr/librispeech_asr/71cacbfb7e2354c4226d01e70d77d5fca3d04ba1/README.md "HTTP/1.1 200 OK"
2026-04-24 18:59:08,487 INFO HTTP Request: HEAD https://huggingface.co/datasets/openslr/librispeech_asr/resolve/71cacbfb7e2354c4226d01e70d77d5fca3d04ba1/librispeech_asr.py "HTTP/1.1 404 Not Found"
2026-04-24 18:59:08,612 INFO HTTP Request: HEAD https://s3.amazonaws.com/datasets.huggingface.co/datasets/datasets/openslr/librispeech_asr/openslr/librispeech_asr.py "HTTP/1.1 404 Not Found"
2026-04-24 18:59:08,681 INFO HTTP Request: HEAD https://huggingface.co/datasets/openslr/librispeech_asr/resolve/71cacbfb7e2354c4226d01e70d77d5fca3d04ba1/.huggingface.yaml "HTTP/1.1 404 Not Found"
2026-04-24 18:59:08,956 INFO HTTP Request: GET https://datasets-server.huggingface.co/info?dataset=openslr/librispeech_asr "HTTP/1.1 200 OK"
2026-04-24 18:59:09,059 INFO HTTP Request: HEAD https://huggingface.co/datasets/openslr/librispeech_asr/resolve/71cacbfb7e2354c4226d01e70d77d5fca3d04ba1/dataset_infos.json "HTTP/1.1 404 Not Found"
2026-04-24 18:59:14,799 INFO Loaded 2528 utterances from test (skipped 92 outside [0.5s, 20.0s])
2026-04-24 18:59:15,283 INFO Backbone: mamba2_dlucid | Params: 7.27M
2026-04-24 18:59:15,283 INFO   Frontend: 1.90M | Encoder: 5.36M | Head: 8.0K
2026-04-24 18:59:20,208 INFO Epoch 1 | Batch 0 | Loss: 4.3885 | LR: 3.00e-07
2026-04-24 18:59:25,250 INFO Epoch 1 | Batch 50 | Loss: 3.8728 | LR: 1.53e-05
2026-04-24 18:59:30,064 INFO Epoch 1 | Batch 100 | Loss: 3.4957 | LR: 3.03e-05
2026-04-24 18:59:35,176 INFO Epoch 1 | Batch 150 | Loss: 3.0009 | LR: 4.53e-05
2026-04-24 18:59:40,115 INFO Epoch 1 | Batch 200 | Loss: 2.9200 | LR: 6.03e-05
2026-04-24 18:59:45,571 INFO Epoch 1 | Batch 250 | Loss: 2.8743 | LR: 7.53e-05
2026-04-24 18:59:50,506 INFO Epoch 1 | Batch 300 | Loss: 2.8607 | LR: 9.03e-05
2026-04-24 18:59:55,566 INFO Epoch 1 | Batch 350 | Loss: 2.8541 | LR: 1.05e-04
2026-04-24 19:00:00,526 INFO Epoch 1 | Batch 400 | Loss: 2.9025 | LR: 1.20e-04
2026-04-24 19:00:05,914 INFO Epoch 1 | Batch 450 | Loss: 2.8490 | LR: 1.35e-04
2026-04-24 19:00:11,059 INFO Epoch 1 | Batch 500 | Loss: 2.7955 | LR: 1.50e-04
2026-04-24 19:00:16,247 INFO Epoch 1 | Batch 550 | Loss: 2.8281 | LR: 1.65e-04
2026-04-24 19:00:21,127 INFO Epoch 1 | Batch 600 | Loss: 2.8856 | LR: 1.80e-04
2026-04-24 19:00:26,192 INFO Epoch 1 | Batch 650 | Loss: 2.8569 | LR: 1.95e-04
2026-04-24 19:00:31,108 INFO Epoch 1 | Batch 700 | Loss: 2.8167 | LR: 2.10e-04
2026-04-24 19:00:36,204 INFO Epoch 1 | Batch 750 | Loss: 2.8498 | LR: 2.25e-04
2026-04-24 19:00:41,299 INFO Epoch 1 | Batch 800 | Loss: 2.8905 | LR: 2.40e-04
2026-04-24 19:00:46,501 INFO Epoch 1 | Batch 850 | Loss: 2.7791 | LR: 2.55e-04
2026-04-24 19:00:51,367 INFO Epoch 1 | Batch 900 | Loss: 2.8486 | LR: 2.70e-04
2026-04-24 19:00:56,169 INFO Epoch 1 | Batch 950 | Loss: 2.8705 | LR: 2.85e-04
2026-04-24 19:01:01,168 INFO Epoch 1 | Batch 1000 | Loss: 2.7702 | LR: 3.00e-04
2026-04-24 19:01:06,268 INFO Epoch 1 | Batch 1050 | Loss: 2.7791 | LR: 3.00e-04
2026-04-24 19:01:11,265 INFO Epoch 1 | Batch 1100 | Loss: 2.8091 | LR: 3.00e-04
2026-04-24 19:01:16,046 INFO Epoch 1 | Batch 1150 | Loss: 2.8476 | LR: 3.00e-04
2026-04-24 19:01:21,119 INFO Epoch 1 | Batch 1200 | Loss: 2.8229 | LR: 3.00e-04
2026-04-24 19:01:33,430 INFO Epoch 1 | Train: 2.9657 | Dev CER: 0.9065 | Dev WER: 0.9903 | Time: 137s | Peak: 2.5 GB
2026-04-24 19:01:33,430 INFO   New best CER: 0.9065
2026-04-24 19:01:37,682 INFO Epoch 2 | Batch 0 | Loss: 2.7557 | LR: 3.00e-04
2026-04-24 19:01:43,045 INFO Epoch 2 | Batch 50 | Loss: 2.8000 | LR: 3.00e-04
2026-04-24 19:01:47,811 INFO Epoch 2 | Batch 100 | Loss: 2.8359 | LR: 3.00e-04
2026-04-24 19:01:52,827 INFO Epoch 2 | Batch 150 | Loss: 2.8305 | LR: 3.00e-04
2026-04-24 19:01:57,699 INFO Epoch 2 | Batch 200 | Loss: 2.7514 | LR: 3.00e-04
2026-04-24 19:02:02,833 INFO Epoch 2 | Batch 250 | Loss: 2.6944 | LR: 3.00e-04
2026-04-24 19:02:07,652 INFO Epoch 2 | Batch 300 | Loss: 2.7060 | LR: 3.00e-04
2026-04-24 19:02:12,859 INFO Epoch 2 | Batch 350 | Loss: 2.7079 | LR: 3.00e-04
2026-04-24 19:02:18,127 INFO Epoch 2 | Batch 400 | Loss: 2.7101 | LR: 3.00e-04
2026-04-24 19:02:23,113 INFO Epoch 2 | Batch 450 | Loss: 2.7087 | LR: 3.00e-04
2026-04-24 19:02:27,958 INFO Epoch 2 | Batch 500 | Loss: 2.6855 | LR: 3.00e-04
2026-04-24 19:02:33,105 INFO Epoch 2 | Batch 550 | Loss: 2.6891 | LR: 3.00e-04
2026-04-24 19:02:38,004 INFO Epoch 2 | Batch 600 | Loss: 2.7294 | LR: 3.00e-04
2026-04-24 19:02:43,372 INFO Epoch 2 | Batch 650 | Loss: 2.7780 | LR: 3.00e-04
2026-04-24 19:02:48,210 INFO Epoch 2 | Batch 700 | Loss: 2.9208 | LR: 3.00e-04
2026-04-24 19:02:53,018 INFO Epoch 2 | Batch 750 | Loss: 2.8311 | LR: 2.99e-04
2026-04-24 19:02:58,212 INFO Epoch 2 | Batch 800 | Loss: 2.7710 | LR: 2.99e-04
2026-04-24 19:03:03,249 INFO Epoch 2 | Batch 850 | Loss: 2.7869 | LR: 2.99e-04
2026-04-24 19:03:08,342 INFO Epoch 2 | Batch 900 | Loss: 2.7744 | LR: 2.99e-04
2026-04-24 19:03:13,197 INFO Epoch 2 | Batch 950 | Loss: 2.7473 | LR: 2.99e-04
2026-04-24 19:03:18,355 INFO Epoch 2 | Batch 1000 | Loss: 2.7659 | LR: 2.99e-04
2026-04-24 19:03:23,210 INFO Epoch 2 | Batch 1050 | Loss: 2.6961 | LR: 2.99e-04
2026-04-24 19:03:28,334 INFO Epoch 2 | Batch 1100 | Loss: 2.7473 | LR: 2.99e-04
2026-04-24 19:03:33,383 INFO Epoch 2 | Batch 1150 | Loss: 2.7152 | LR: 2.99e-04
2026-04-24 19:03:38,496 INFO Epoch 2 | Batch 1200 | Loss: 2.7184 | LR: 2.99e-04
2026-04-24 19:03:51,489 INFO Epoch 2 | Train: 2.7555 | Dev CER: 0.7889 | Dev WER: 0.9742 | Time: 137s | Peak: 2.5 GB
2026-04-24 19:03:51,489 INFO   New best CER: 0.7889
2026-04-24 19:03:56,133 INFO Epoch 3 | Batch 0 | Loss: 2.7099 | LR: 2.99e-04
2026-04-24 19:04:01,435 INFO Epoch 3 | Batch 50 | Loss: 2.7514 | LR: 2.99e-04
2026-04-24 19:04:06,869 INFO Epoch 3 | Batch 100 | Loss: 2.7354 | LR: 2.99e-04
2026-04-24 19:04:12,157 INFO Epoch 3 | Batch 150 | Loss: 2.8284 | LR: 2.99e-04
2026-04-24 19:04:17,127 INFO Epoch 3 | Batch 200 | Loss: 2.7514 | LR: 2.98e-04
2026-04-24 19:04:22,435 INFO Epoch 3 | Batch 250 | Loss: 2.6919 | LR: 2.98e-04
2026-04-24 19:04:27,399 INFO Epoch 3 | Batch 300 | Loss: 2.7361 | LR: 2.98e-04
2026-04-24 19:04:32,846 INFO Epoch 3 | Batch 350 | Loss: 2.7064 | LR: 2.98e-04
2026-04-24 19:04:37,838 INFO Epoch 3 | Batch 400 | Loss: 2.7308 | LR: 2.98e-04
2026-04-24 19:04:43,119 INFO Epoch 3 | Batch 450 | Loss: 2.6960 | LR: 2.98e-04
2026-04-24 19:04:48,138 INFO Epoch 3 | Batch 500 | Loss: 2.7203 | LR: 2.98e-04
2026-04-24 19:04:53,324 INFO Epoch 3 | Batch 550 | Loss: 2.7074 | LR: 2.98e-04
2026-04-24 19:04:58,542 INFO Epoch 3 | Batch 600 | Loss: 2.7143 | LR: 2.98e-04
2026-04-24 19:05:03,721 INFO Epoch 3 | Batch 650 | Loss: 2.6823 | LR: 2.97e-04
2026-04-24 19:05:08,814 INFO Epoch 3 | Batch 700 | Loss: 2.7317 | LR: 2.97e-04
2026-04-24 19:05:13,990 INFO Epoch 3 | Batch 750 | Loss: 2.7555 | LR: 2.97e-04
2026-04-24 19:05:19,230 INFO Epoch 3 | Batch 800 | Loss: 2.7265 | LR: 2.97e-04
2026-04-24 19:05:24,520 INFO Epoch 3 | Batch 850 | Loss: 2.6906 | LR: 2.97e-04
2026-04-24 19:05:29,543 INFO Epoch 3 | Batch 900 | Loss: 2.7832 | LR: 2.97e-04
2026-04-24 19:05:34,833 INFO Epoch 3 | Batch 950 | Loss: 2.7216 | LR: 2.97e-04
2026-04-24 19:05:39,813 INFO Epoch 3 | Batch 1000 | Loss: 2.6715 | LR: 2.97e-04
2026-04-24 19:05:45,115 INFO Epoch 3 | Batch 1050 | Loss: 2.6789 | LR: 2.96e-04
2026-04-24 19:05:50,015 INFO Epoch 3 | Batch 1100 | Loss: 2.6830 | LR: 2.96e-04
2026-04-24 19:05:55,183 INFO Epoch 3 | Batch 1150 | Loss: 2.8579 | LR: 2.96e-04
2026-04-24 19:06:00,142 INFO Epoch 3 | Batch 1200 | Loss: 2.7240 | LR: 2.96e-04
2026-04-24 19:06:13,051 INFO Epoch 3 | Train: 2.7113 | Dev CER: 0.8853 | Dev WER: 1.0010 | Time: 141s | Peak: 2.5 GB
2026-04-24 19:06:17,268 INFO Epoch 4 | Batch 0 | Loss: 2.6861 | LR: 2.96e-04
2026-04-24 19:06:22,315 INFO Epoch 4 | Batch 50 | Loss: 2.6803 | LR: 2.96e-04
2026-04-24 19:06:27,535 INFO Epoch 4 | Batch 100 | Loss: 2.6474 | LR: 2.96e-04
2026-04-24 19:06:32,514 INFO Epoch 4 | Batch 150 | Loss: 2.7027 | LR: 2.95e-04
2026-04-24 19:06:37,931 INFO Epoch 4 | Batch 200 | Loss: 2.7203 | LR: 2.95e-04
2026-04-24 19:06:42,916 INFO Epoch 4 | Batch 250 | Loss: 2.7269 | LR: 2.95e-04
2026-04-24 19:06:48,209 INFO Epoch 4 | Batch 300 | Loss: 2.6729 | LR: 2.95e-04
2026-04-24 19:06:53,069 INFO Epoch 4 | Batch 350 | Loss: 2.6684 | LR: 2.95e-04
2026-04-24 19:06:58,258 INFO Epoch 4 | Batch 400 | Loss: 2.7000 | LR: 2.95e-04
2026-04-24 19:07:03,219 INFO Epoch 4 | Batch 450 | Loss: 2.6994 | LR: 2.94e-04
2026-04-24 19:07:08,155 INFO Epoch 4 | Batch 500 | Loss: 2.6507 | LR: 2.94e-04
2026-04-24 19:07:13,441 INFO Epoch 4 | Batch 550 | Loss: 2.6244 | LR: 2.94e-04
2026-04-24 19:07:18,435 INFO Epoch 4 | Batch 600 | Loss: 2.6694 | LR: 2.94e-04
2026-04-24 19:07:23,592 INFO Epoch 4 | Batch 650 | Loss: 2.6646 | LR: 2.94e-04
2026-04-24 19:07:28,500 INFO Epoch 4 | Batch 700 | Loss: 2.6400 | LR: 2.93e-04
2026-04-24 19:07:33,736 INFO Epoch 4 | Batch 750 | Loss: 2.6848 | LR: 2.93e-04
2026-04-24 19:07:38,630 INFO Epoch 4 | Batch 800 | Loss: 2.6316 | LR: 2.93e-04
2026-04-24 19:07:44,018 INFO Epoch 4 | Batch 850 | Loss: 2.6598 | LR: 2.93e-04
2026-04-24 19:07:48,861 INFO Epoch 4 | Batch 900 | Loss: 2.7300 | LR: 2.93e-04
2026-04-24 19:07:54,020 INFO Epoch 4 | Batch 950 | Loss: 2.6560 | LR: 2.92e-04
2026-04-24 19:07:59,231 INFO Epoch 4 | Batch 1000 | Loss: 2.6665 | LR: 2.92e-04
2026-04-24 19:08:04,420 INFO Epoch 4 | Batch 1050 | Loss: 2.7118 | LR: 2.92e-04
2026-04-24 19:08:09,261 INFO Epoch 4 | Batch 1100 | Loss: 2.7079 | LR: 2.92e-04
2026-04-24 19:08:14,723 INFO Epoch 4 | Batch 1150 | Loss: 2.6614 | LR: 2.92e-04
2026-04-24 19:08:19,593 INFO Epoch 4 | Batch 1200 | Loss: 2.7525 | LR: 2.91e-04
2026-04-24 19:08:31,817 INFO Epoch 4 | Train: 2.6765 | Dev CER: 0.8484 | Dev WER: 0.9767 | Time: 138s | Peak: 2.5 GB
2026-04-24 19:08:35,618 INFO Epoch 5 | Batch 0 | Loss: 2.7342 | LR: 2.91e-04
2026-04-24 19:08:40,853 INFO Epoch 5 | Batch 50 | Loss: 2.7635 | LR: 2.91e-04
2026-04-24 19:08:46,429 INFO Epoch 5 | Batch 100 | Loss: 2.6967 | LR: 2.91e-04
2026-04-24 19:08:51,600 INFO Epoch 5 | Batch 150 | Loss: 2.7236 | LR: 2.91e-04
2026-04-24 19:08:56,652 INFO Epoch 5 | Batch 200 | Loss: 2.7075 | LR: 2.90e-04
2026-04-24 19:09:01,631 INFO Epoch 5 | Batch 250 | Loss: 2.8880 | LR: 2.90e-04
2026-04-24 19:09:07,008 INFO Epoch 5 | Batch 300 | Loss: 2.7682 | LR: 2.90e-04
