2026-04-28 09:23:56,389 INFO src.training.train backbone=linear_attn_lucid params=8M seq_len=64 K=16 Q=16 batch=64
2026-04-28 09:24:01,724 INFO src.training.train step=100 epoch=1 loss=9.0634 grad=0.695 lr=3.00e-05
2026-04-28 09:24:05,806 INFO src.training.train step=200 epoch=1 loss=8.6096 grad=0.548 lr=6.00e-05
2026-04-28 09:24:09,863 INFO src.training.train step=300 epoch=1 loss=8.3972 grad=0.525 lr=9.00e-05
2026-04-28 09:24:13,924 INFO src.training.train step=400 epoch=1 loss=8.3435 grad=0.517 lr=1.20e-04
2026-04-28 09:24:17,984 INFO src.training.train step=500 epoch=1 loss=8.3437 grad=0.519 lr=1.50e-04
2026-04-28 09:24:22,041 INFO src.training.train step=600 epoch=1 loss=8.3392 grad=0.506 lr=1.80e-04
2026-04-28 09:24:26,102 INFO src.training.train step=700 epoch=1 loss=8.3538 grad=0.506 lr=2.10e-04
2026-04-28 09:24:30,173 INFO src.training.train step=800 epoch=2 loss=8.3562 grad=0.502 lr=2.40e-04
2026-04-28 09:24:34,232 INFO src.training.train step=900 epoch=2 loss=8.3455 grad=0.492 lr=2.70e-04
2026-04-28 09:24:38,297 INFO src.training.train step=1000 epoch=2 loss=8.3364 grad=0.500 lr=3.00e-04
2026-04-28 09:24:39,056 INFO src.training.train EVAL step=1000 loss=8.3473 per_query_acc=0.0001 per_seq_acc=0.0000
2026-04-28 09:24:43,113 INFO src.training.train step=1100 epoch=2 loss=8.3361 grad=0.513 lr=3.00e-04
2026-04-28 09:24:47,175 INFO src.training.train step=1200 epoch=2 loss=8.3286 grad=0.654 lr=3.00e-04
2026-04-28 09:24:51,249 INFO src.training.train step=1300 epoch=2 loss=8.2347 grad=1.161 lr=3.00e-04
2026-04-28 09:24:55,311 INFO src.training.train step=1400 epoch=2 loss=7.9176 grad=1.633 lr=3.00e-04
2026-04-28 09:24:59,373 INFO src.training.train step=1500 epoch=2 loss=6.9399 grad=1.547 lr=3.00e-04
2026-04-28 09:25:03,448 INFO src.training.train step=1600 epoch=3 loss=5.4159 grad=1.434 lr=3.00e-04
2026-04-28 09:25:07,508 INFO src.training.train step=1700 epoch=3 loss=3.6577 grad=1.333 lr=3.00e-04
2026-04-28 09:25:11,567 INFO src.training.train step=1800 epoch=3 loss=1.9194 grad=1.108 lr=2.99e-04
2026-04-28 09:25:15,633 INFO src.training.train step=1900 epoch=3 loss=0.7030 grad=0.790 lr=2.99e-04
2026-04-28 09:25:19,694 INFO src.training.train step=2000 epoch=3 loss=0.1829 grad=0.274 lr=2.99e-04
2026-04-28 09:25:20,439 INFO src.training.train EVAL step=2000 loss=0.0661 per_query_acc=1.0000 per_seq_acc=1.0000
2026-04-28 09:25:20,439 INFO src.training.train EARLY STOP: per_seq_acc 1.0000 ≥ threshold 0.9900 at step 2000
2026-04-28 09:25:21,175 INFO src.training.train DONE: {
  "backbone": "linear_attn_lucid",
  "seq_len": 64,
  "n_kv_pairs": 16,
  "n_queries": 16,
  "vocab_size": 8192,
  "n_parameters": 8548120,
  "steps_taken": 2000,
  "epochs_taken": 3,
  "early_stopped": true,
  "best_per_seq_acc": 1.0,
  "best_per_query_acc": 1.0,
  "best_step": 2000,
  "final_per_seq_acc": 1.0,
  "final_per_query_acc": 1.0,
  "final_loss": 0.06613754932085673,
  "wall_sec": 84.07241106033325,
  "seed": 42
}
