2026-04-25 14:04:19,841 INFO Loading LibriSpeech split=train.100 from HuggingFace...
2026-04-25 14:04:19,922 INFO HTTP Request: HEAD https://huggingface.co/datasets/openslr/librispeech_asr/resolve/main/README.md "HTTP/1.1 307 Temporary Redirect"
2026-04-25 14:04:19,948 INFO HTTP Request: HEAD https://huggingface.co/api/resolve-cache/datasets/openslr/librispeech_asr/71cacbfb7e2354c4226d01e70d77d5fca3d04ba1/README.md "HTTP/1.1 200 OK"
2026-04-25 14:04:19,980 INFO HTTP Request: HEAD https://huggingface.co/datasets/openslr/librispeech_asr/resolve/71cacbfb7e2354c4226d01e70d77d5fca3d04ba1/librispeech_asr.py "HTTP/1.1 404 Not Found"
2026-04-25 14:04:19,980 WARNING Warning: You are sending unauthenticated requests to the HF Hub. Please set a HF_TOKEN to enable higher rate limits and faster downloads.
2026-04-25 14:04:20,068 INFO HTTP Request: HEAD https://s3.amazonaws.com/datasets.huggingface.co/datasets/datasets/openslr/librispeech_asr/openslr/librispeech_asr.py "HTTP/1.1 404 Not Found"
2026-04-25 14:04:21,466 INFO HTTP Request: GET https://huggingface.co/api/datasets/openslr/librispeech_asr/revision/71cacbfb7e2354c4226d01e70d77d5fca3d04ba1 "HTTP/1.1 200 OK"
2026-04-25 14:04:21,508 INFO HTTP Request: HEAD https://huggingface.co/datasets/openslr/librispeech_asr/resolve/71cacbfb7e2354c4226d01e70d77d5fca3d04ba1/.huggingface.yaml "HTTP/1.1 404 Not Found"
2026-04-25 14:04:21,797 INFO HTTP Request: GET https://datasets-server.huggingface.co/info?dataset=openslr/librispeech_asr "HTTP/1.1 200 OK"
2026-04-25 14:04:21,834 INFO HTTP Request: GET https://huggingface.co/api/datasets/openslr/librispeech_asr/tree/71cacbfb7e2354c4226d01e70d77d5fca3d04ba1/clean%2Ftest?recursive=true&expand=false "HTTP/1.1 200 OK"
2026-04-25 14:04:21,860 INFO HTTP Request: GET https://huggingface.co/api/datasets/openslr/librispeech_asr/tree/71cacbfb7e2354c4226d01e70d77d5fca3d04ba1/clean?recursive=false&expand=false "HTTP/1.1 200 OK"
2026-04-25 14:04:21,902 INFO HTTP Request: GET https://huggingface.co/api/datasets/openslr/librispeech_asr/tree/71cacbfb7e2354c4226d01e70d77d5fca3d04ba1/clean%2Ftrain.100?recursive=true&expand=false "HTTP/1.1 200 OK"
2026-04-25 14:04:21,940 INFO HTTP Request: GET https://huggingface.co/api/datasets/openslr/librispeech_asr/tree/71cacbfb7e2354c4226d01e70d77d5fca3d04ba1/clean%2Ftrain.360?recursive=true&expand=false "HTTP/1.1 200 OK"
2026-04-25 14:04:21,978 INFO HTTP Request: GET https://huggingface.co/api/datasets/openslr/librispeech_asr/tree/71cacbfb7e2354c4226d01e70d77d5fca3d04ba1/clean%2Fvalidation?recursive=true&expand=false "HTTP/1.1 200 OK"
2026-04-25 14:04:22,006 INFO HTTP Request: HEAD https://huggingface.co/datasets/openslr/librispeech_asr/resolve/71cacbfb7e2354c4226d01e70d77d5fca3d04ba1/dataset_infos.json "HTTP/1.1 404 Not Found"
2026-04-25 14:05:44,964 INFO Loaded 28538 utterances from train.100 (skipped 1 outside [0.5s, 20.0s])
2026-04-25 14:05:45,046 INFO Loading LibriSpeech split=validation from HuggingFace...
2026-04-25 14:05:45,140 INFO HTTP Request: HEAD https://huggingface.co/datasets/openslr/librispeech_asr/resolve/main/README.md "HTTP/1.1 307 Temporary Redirect"
2026-04-25 14:05:45,156 INFO HTTP Request: HEAD https://huggingface.co/api/resolve-cache/datasets/openslr/librispeech_asr/71cacbfb7e2354c4226d01e70d77d5fca3d04ba1/README.md "HTTP/1.1 200 OK"
2026-04-25 14:05:45,184 INFO HTTP Request: HEAD https://huggingface.co/datasets/openslr/librispeech_asr/resolve/71cacbfb7e2354c4226d01e70d77d5fca3d04ba1/librispeech_asr.py "HTTP/1.1 404 Not Found"
2026-04-25 14:05:45,283 INFO HTTP Request: HEAD https://s3.amazonaws.com/datasets.huggingface.co/datasets/datasets/openslr/librispeech_asr/openslr/librispeech_asr.py "HTTP/1.1 404 Not Found"
2026-04-25 14:05:45,314 INFO HTTP Request: HEAD https://huggingface.co/datasets/openslr/librispeech_asr/resolve/71cacbfb7e2354c4226d01e70d77d5fca3d04ba1/.huggingface.yaml "HTTP/1.1 404 Not Found"
2026-04-25 14:05:45,554 INFO HTTP Request: GET https://datasets-server.huggingface.co/info?dataset=openslr/librispeech_asr "HTTP/1.1 200 OK"
2026-04-25 14:05:45,597 INFO HTTP Request: HEAD https://huggingface.co/datasets/openslr/librispeech_asr/resolve/71cacbfb7e2354c4226d01e70d77d5fca3d04ba1/dataset_infos.json "HTTP/1.1 404 Not Found"
2026-04-25 14:05:48,294 INFO Loaded 2642 utterances from validation (skipped 61 outside [0.5s, 20.0s])
2026-04-25 14:05:48,297 INFO Loading LibriSpeech split=test from HuggingFace...
2026-04-25 14:05:48,325 INFO HTTP Request: HEAD https://huggingface.co/datasets/openslr/librispeech_asr/resolve/main/README.md "HTTP/1.1 307 Temporary Redirect"
2026-04-25 14:05:48,341 INFO HTTP Request: HEAD https://huggingface.co/api/resolve-cache/datasets/openslr/librispeech_asr/71cacbfb7e2354c4226d01e70d77d5fca3d04ba1/README.md "HTTP/1.1 200 OK"
2026-04-25 14:05:48,369 INFO HTTP Request: HEAD https://huggingface.co/datasets/openslr/librispeech_asr/resolve/71cacbfb7e2354c4226d01e70d77d5fca3d04ba1/librispeech_asr.py "HTTP/1.1 404 Not Found"
2026-04-25 14:05:48,387 INFO HTTP Request: HEAD https://s3.amazonaws.com/datasets.huggingface.co/datasets/datasets/openslr/librispeech_asr/openslr/librispeech_asr.py "HTTP/1.1 404 Not Found"
2026-04-25 14:05:48,423 INFO HTTP Request: HEAD https://huggingface.co/datasets/openslr/librispeech_asr/resolve/71cacbfb7e2354c4226d01e70d77d5fca3d04ba1/.huggingface.yaml "HTTP/1.1 404 Not Found"
2026-04-25 14:05:48,464 INFO HTTP Request: GET https://datasets-server.huggingface.co/info?dataset=openslr/librispeech_asr "HTTP/1.1 200 OK"
2026-04-25 14:05:48,499 INFO HTTP Request: HEAD https://huggingface.co/datasets/openslr/librispeech_asr/resolve/71cacbfb7e2354c4226d01e70d77d5fca3d04ba1/dataset_infos.json "HTTP/1.1 404 Not Found"
2026-04-25 14:05:51,887 INFO Loaded 2528 utterances from test (skipped 92 outside [0.5s, 20.0s])
2026-04-25 14:05:52,073 INFO Backbone: rwkv6_qtail_lowrank_all_gamma0_convshift_multidil_symmetric_v2 | Params: 7.80M
2026-04-25 14:05:52,073 INFO   Frontend: 1.90M | Encoder: 5.89M | Head: 8.0K
2026-04-25 14:06:01,397 INFO Epoch 1 | Batch 0 | Loss: 4.1895 | LR: 3.00e-07
2026-04-25 14:06:07,166 INFO Epoch 1 | Batch 50 | Loss: 2.9444 | LR: 1.53e-05
2026-04-25 14:06:12,899 INFO Epoch 1 | Batch 100 | Loss: 2.9160 | LR: 3.03e-05
2026-04-25 14:06:18,541 INFO Epoch 1 | Batch 150 | Loss: 2.8793 | LR: 4.53e-05
2026-04-25 14:06:24,215 INFO Epoch 1 | Batch 200 | Loss: 2.8388 | LR: 6.03e-05
2026-04-25 14:06:29,945 INFO Epoch 1 | Batch 250 | Loss: 2.8512 | LR: 7.53e-05
2026-04-25 14:06:35,638 INFO Epoch 1 | Batch 300 | Loss: 2.8561 | LR: 9.03e-05
2026-04-25 14:06:41,430 INFO Epoch 1 | Batch 350 | Loss: 2.8520 | LR: 1.05e-04
2026-04-25 14:06:47,165 INFO Epoch 1 | Batch 400 | Loss: 2.8833 | LR: 1.20e-04
2026-04-25 14:06:52,924 INFO Epoch 1 | Batch 450 | Loss: 2.7596 | LR: 1.35e-04
2026-04-25 14:06:58,732 INFO Epoch 1 | Batch 500 | Loss: 2.7238 | LR: 1.50e-04
2026-04-25 14:07:04,670 INFO Epoch 1 | Batch 550 | Loss: 2.6670 | LR: 1.65e-04
2026-04-25 14:07:10,429 INFO Epoch 1 | Batch 600 | Loss: 2.6702 | LR: 1.80e-04
2026-04-25 14:07:16,272 INFO Epoch 1 | Batch 650 | Loss: 2.4922 | LR: 1.95e-04
2026-04-25 14:07:22,080 INFO Epoch 1 | Batch 700 | Loss: 2.5118 | LR: 2.10e-04
2026-04-25 14:07:27,850 INFO Epoch 1 | Batch 750 | Loss: 2.4384 | LR: 2.25e-04
2026-04-25 14:07:33,693 INFO Epoch 1 | Batch 800 | Loss: 2.5974 | LR: 2.40e-04
2026-04-25 14:07:39,504 INFO Epoch 1 | Batch 850 | Loss: 2.3189 | LR: 2.55e-04
2026-04-25 14:07:45,273 INFO Epoch 1 | Batch 900 | Loss: 2.3649 | LR: 2.70e-04
2026-04-25 14:07:51,065 INFO Epoch 1 | Batch 950 | Loss: 2.2326 | LR: 2.85e-04
2026-04-25 14:07:56,894 INFO Epoch 1 | Batch 1000 | Loss: 2.0840 | LR: 3.00e-04
2026-04-25 14:08:02,673 INFO Epoch 1 | Batch 1050 | Loss: 2.1623 | LR: 3.00e-04
2026-04-25 14:08:08,472 INFO Epoch 1 | Batch 1100 | Loss: 2.1981 | LR: 3.00e-04
2026-04-25 14:08:14,247 INFO Epoch 1 | Batch 1150 | Loss: 2.2972 | LR: 3.00e-04
2026-04-25 14:08:20,086 INFO Epoch 1 | Batch 1200 | Loss: 2.1941 | LR: 3.00e-04
2026-04-25 14:08:29,347 INFO Epoch 1 | Train: 2.5760 | Dev CER: 0.5171 | Dev WER: 0.9983 | Time: 151s | Peak: 12.0 GB
2026-04-25 14:08:29,347 INFO   New best CER: 0.5171
2026-04-25 14:08:31,205 INFO Epoch 2 | Batch 0 | Loss: 1.9732 | LR: 3.00e-04
2026-04-25 14:08:36,950 INFO Epoch 2 | Batch 50 | Loss: 2.2434 | LR: 3.00e-04
2026-04-25 14:08:42,744 INFO Epoch 2 | Batch 100 | Loss: 2.1437 | LR: 3.00e-04
2026-04-25 14:08:48,531 INFO Epoch 2 | Batch 150 | Loss: 2.0623 | LR: 3.00e-04
2026-04-25 14:08:54,323 INFO Epoch 2 | Batch 200 | Loss: 1.9349 | LR: 3.00e-04
2026-04-25 14:09:00,422 INFO Epoch 2 | Batch 250 | Loss: 1.6893 | LR: 3.00e-04
2026-04-25 14:09:06,216 INFO Epoch 2 | Batch 300 | Loss: 1.8753 | LR: 3.00e-04
2026-04-25 14:09:12,063 INFO Epoch 2 | Batch 350 | Loss: 1.8540 | LR: 3.00e-04
2026-04-25 14:09:17,887 INFO Epoch 2 | Batch 400 | Loss: 1.6580 | LR: 3.00e-04
2026-04-25 14:09:23,676 INFO Epoch 2 | Batch 450 | Loss: 1.7496 | LR: 3.00e-04
2026-04-25 14:09:29,505 INFO Epoch 2 | Batch 500 | Loss: 1.6950 | LR: 3.00e-04
2026-04-25 14:09:35,357 INFO Epoch 2 | Batch 550 | Loss: 1.9408 | LR: 3.00e-04
2026-04-25 14:09:41,190 INFO Epoch 2 | Batch 600 | Loss: 1.7657 | LR: 3.00e-04
2026-04-25 14:09:47,015 INFO Epoch 2 | Batch 650 | Loss: 1.9012 | LR: 3.00e-04
2026-04-25 14:09:52,878 INFO Epoch 2 | Batch 700 | Loss: 2.1818 | LR: 3.00e-04
2026-04-25 14:09:58,693 INFO Epoch 2 | Batch 750 | Loss: 1.7440 | LR: 2.99e-04
2026-04-25 14:10:04,495 INFO Epoch 2 | Batch 800 | Loss: 1.5009 | LR: 2.99e-04
2026-04-25 14:10:10,326 INFO Epoch 2 | Batch 850 | Loss: 1.8146 | LR: 2.99e-04
2026-04-25 14:10:16,074 INFO Epoch 2 | Batch 900 | Loss: 1.6424 | LR: 2.99e-04
2026-04-25 14:10:21,829 INFO Epoch 2 | Batch 950 | Loss: 1.4760 | LR: 2.99e-04
2026-04-25 14:10:27,624 INFO Epoch 2 | Batch 1000 | Loss: 2.2381 | LR: 2.99e-04
2026-04-25 14:10:33,472 INFO Epoch 2 | Batch 1050 | Loss: 1.7035 | LR: 2.99e-04
2026-04-25 14:10:39,347 INFO Epoch 2 | Batch 1100 | Loss: 1.5691 | LR: 2.99e-04
2026-04-25 14:10:45,198 INFO Epoch 2 | Batch 1150 | Loss: 1.4490 | LR: 2.99e-04
2026-04-25 14:10:51,010 INFO Epoch 2 | Batch 1200 | Loss: 1.5346 | LR: 2.99e-04
2026-04-25 14:11:00,374 INFO Epoch 2 | Train: 1.7642 | Dev CER: 0.3381 | Dev WER: 0.7766 | Time: 151s | Peak: 12.0 GB
2026-04-25 14:11:00,374 INFO   New best CER: 0.3381
2026-04-25 14:11:02,185 INFO Epoch 3 | Batch 0 | Loss: 1.4186 | LR: 2.99e-04
2026-04-25 14:11:07,982 INFO Epoch 3 | Batch 50 | Loss: 1.5146 | LR: 2.99e-04
2026-04-25 14:11:14,046 INFO Epoch 3 | Batch 100 | Loss: 1.4399 | LR: 2.99e-04
2026-04-25 14:11:19,889 INFO Epoch 3 | Batch 150 | Loss: 1.4256 | LR: 2.99e-04
2026-04-25 14:11:25,728 INFO Epoch 3 | Batch 200 | Loss: 1.5454 | LR: 2.98e-04
2026-04-25 14:11:31,583 INFO Epoch 3 | Batch 250 | Loss: 1.1707 | LR: 2.98e-04
2026-04-25 14:11:37,360 INFO Epoch 3 | Batch 300 | Loss: 1.5882 | LR: 2.98e-04
2026-04-25 14:11:43,176 INFO Epoch 3 | Batch 350 | Loss: 1.1895 | LR: 2.98e-04
2026-04-25 14:11:48,953 INFO Epoch 3 | Batch 400 | Loss: 1.2982 | LR: 2.98e-04
2026-04-25 14:11:54,815 INFO Epoch 3 | Batch 450 | Loss: 1.8280 | LR: 2.98e-04
2026-04-25 14:12:00,698 INFO Epoch 3 | Batch 500 | Loss: 1.3728 | LR: 2.98e-04
2026-04-25 14:12:06,536 INFO Epoch 3 | Batch 550 | Loss: 1.3053 | LR: 2.98e-04
2026-04-25 14:12:12,370 INFO Epoch 3 | Batch 600 | Loss: 1.5900 | LR: 2.98e-04
2026-04-25 14:12:18,146 INFO Epoch 3 | Batch 650 | Loss: 1.4369 | LR: 2.97e-04
2026-04-25 14:12:23,950 INFO Epoch 3 | Batch 700 | Loss: 1.5461 | LR: 2.97e-04
2026-04-25 14:12:29,824 INFO Epoch 3 | Batch 750 | Loss: 1.8582 | LR: 2.97e-04
2026-04-25 14:12:35,615 INFO Epoch 3 | Batch 800 | Loss: 1.4780 | LR: 2.97e-04
2026-04-25 14:12:41,452 INFO Epoch 3 | Batch 850 | Loss: 1.4584 | LR: 2.97e-04
2026-04-25 14:12:47,236 INFO Epoch 3 | Batch 900 | Loss: 1.6476 | LR: 2.97e-04
2026-04-25 14:12:53,087 INFO Epoch 3 | Batch 950 | Loss: 1.6840 | LR: 2.97e-04
2026-04-25 14:12:58,862 INFO Epoch 3 | Batch 1000 | Loss: 1.2564 | LR: 2.97e-04
2026-04-25 14:13:04,760 INFO Epoch 3 | Batch 1050 | Loss: 1.3134 | LR: 2.96e-04
2026-04-25 14:13:10,552 INFO Epoch 3 | Batch 1100 | Loss: 1.1951 | LR: 2.96e-04
2026-04-25 14:13:16,362 INFO Epoch 3 | Batch 1150 | Loss: 1.7321 | LR: 2.96e-04
2026-04-25 14:13:22,148 INFO Epoch 3 | Batch 1200 | Loss: 1.5743 | LR: 2.96e-04
2026-04-25 14:13:31,382 INFO Epoch 3 | Train: 1.4218 | Dev CER: 0.2747 | Dev WER: 0.6863 | Time: 151s | Peak: 12.0 GB
2026-04-25 14:13:31,382 INFO   New best CER: 0.2747
2026-04-25 14:13:33,463 INFO Epoch 4 | Batch 0 | Loss: 1.1437 | LR: 2.96e-04
2026-04-25 14:13:39,274 INFO Epoch 4 | Batch 50 | Loss: 1.5304 | LR: 2.96e-04
2026-04-25 14:13:45,073 INFO Epoch 4 | Batch 100 | Loss: 1.1974 | LR: 2.96e-04
2026-04-25 14:13:50,888 INFO Epoch 4 | Batch 150 | Loss: 1.7545 | LR: 2.95e-04
2026-04-25 14:13:56,687 INFO Epoch 4 | Batch 200 | Loss: 1.4129 | LR: 2.95e-04
2026-04-25 14:14:02,559 INFO Epoch 4 | Batch 250 | Loss: 1.3338 | LR: 2.95e-04
2026-04-25 14:14:08,370 INFO Epoch 4 | Batch 300 | Loss: 1.2802 | LR: 2.95e-04
2026-04-25 14:14:14,187 INFO Epoch 4 | Batch 350 | Loss: 1.7498 | LR: 2.95e-04
2026-04-25 14:14:19,995 INFO Epoch 4 | Batch 400 | Loss: 1.3689 | LR: 2.95e-04
2026-04-25 14:14:25,824 INFO Epoch 4 | Batch 450 | Loss: 1.2981 | LR: 2.94e-04
2026-04-25 14:14:31,620 INFO Epoch 4 | Batch 500 | Loss: 1.4572 | LR: 2.94e-04
2026-04-25 14:14:37,480 INFO Epoch 4 | Batch 550 | Loss: 1.1058 | LR: 2.94e-04
2026-04-25 14:14:43,330 INFO Epoch 4 | Batch 600 | Loss: 1.3694 | LR: 2.94e-04
2026-04-25 14:14:49,096 INFO Epoch 4 | Batch 650 | Loss: 1.2823 | LR: 2.94e-04
2026-04-25 14:14:54,957 INFO Epoch 4 | Batch 700 | Loss: 1.0777 | LR: 2.93e-04
2026-04-25 14:15:00,812 INFO Epoch 4 | Batch 750 | Loss: 1.2779 | LR: 2.93e-04
2026-04-25 14:15:06,684 INFO Epoch 4 | Batch 800 | Loss: 1.0986 | LR: 2.93e-04
2026-04-25 14:15:12,454 INFO Epoch 4 | Batch 850 | Loss: 1.5471 | LR: 2.93e-04
2026-04-25 14:15:18,318 INFO Epoch 4 | Batch 900 | Loss: 1.2847 | LR: 2.93e-04
2026-04-25 14:15:24,105 INFO Epoch 4 | Batch 950 | Loss: 1.2619 | LR: 2.92e-04
2026-04-25 14:15:29,971 INFO Epoch 4 | Batch 1000 | Loss: 1.0845 | LR: 2.92e-04
2026-04-25 14:15:35,812 INFO Epoch 4 | Batch 1050 | Loss: 1.2977 | LR: 2.92e-04
2026-04-25 14:15:41,611 INFO Epoch 4 | Batch 1100 | Loss: 1.1251 | LR: 2.92e-04
2026-04-25 14:15:47,451 INFO Epoch 4 | Batch 1150 | Loss: 1.4054 | LR: 2.92e-04
2026-04-25 14:15:53,255 INFO Epoch 4 | Batch 1200 | Loss: 1.5668 | LR: 2.91e-04
2026-04-25 14:16:02,805 INFO Epoch 4 | Train: 1.2572 | Dev CER: 0.2352 | Dev WER: 0.6083 | Time: 151s | Peak: 12.0 GB
2026-04-25 14:16:02,806 INFO   New best CER: 0.2352
2026-04-25 14:16:04,612 INFO Epoch 5 | Batch 0 | Loss: 0.9379 | LR: 2.91e-04
2026-04-25 14:16:10,410 INFO Epoch 5 | Batch 50 | Loss: 1.1432 | LR: 2.91e-04
2026-04-25 14:16:16,185 INFO Epoch 5 | Batch 100 | Loss: 1.2275 | LR: 2.91e-04
2026-04-25 14:16:21,977 INFO Epoch 5 | Batch 150 | Loss: 1.1776 | LR: 2.91e-04
2026-04-25 14:16:27,741 INFO Epoch 5 | Batch 200 | Loss: 0.9988 | LR: 2.90e-04
2026-04-25 14:16:33,535 INFO Epoch 5 | Batch 250 | Loss: 1.8326 | LR: 2.90e-04
2026-04-25 14:16:39,313 INFO Epoch 5 | Batch 300 | Loss: 0.9707 | LR: 2.90e-04
2026-04-25 14:16:45,119 INFO Epoch 5 | Batch 350 | Loss: 0.9688 | LR: 2.90e-04
2026-04-25 14:16:50,894 INFO Epoch 5 | Batch 400 | Loss: 0.8797 | LR: 2.89e-04
2026-04-25 14:16:56,694 INFO Epoch 5 | Batch 450 | Loss: 1.2633 | LR: 2.89e-04
2026-04-25 14:17:02,559 INFO Epoch 5 | Batch 500 | Loss: 1.0683 | LR: 2.89e-04
2026-04-25 14:17:08,403 INFO Epoch 5 | Batch 550 | Loss: 1.1604 | LR: 2.89e-04
2026-04-25 14:17:14,262 INFO Epoch 5 | Batch 600 | Loss: 1.2629 | LR: 2.88e-04
2026-04-25 14:17:20,092 INFO Epoch 5 | Batch 650 | Loss: 1.4273 | LR: 2.88e-04
2026-04-25 14:17:25,904 INFO Epoch 5 | Batch 700 | Loss: 1.0966 | LR: 2.88e-04
2026-04-25 14:17:31,759 INFO Epoch 5 | Batch 750 | Loss: 1.0090 | LR: 2.88e-04
2026-04-25 14:17:37,539 INFO Epoch 5 | Batch 800 | Loss: 0.9768 | LR: 2.87e-04
2026-04-25 14:17:43,369 INFO Epoch 5 | Batch 850 | Loss: 1.1295 | LR: 2.87e-04
2026-04-25 14:17:49,222 INFO Epoch 5 | Batch 900 | Loss: 1.2222 | LR: 2.87e-04
2026-04-25 14:17:55,043 INFO Epoch 5 | Batch 950 | Loss: 1.5414 | LR: 2.87e-04
2026-04-25 14:18:00,855 INFO Epoch 5 | Batch 1000 | Loss: 1.3073 | LR: 2.86e-04
2026-04-25 14:18:06,623 INFO Epoch 5 | Batch 1050 | Loss: 1.0534 | LR: 2.86e-04
2026-04-25 14:18:12,474 INFO Epoch 5 | Batch 1100 | Loss: 1.1514 | LR: 2.86e-04
2026-04-25 14:18:18,284 INFO Epoch 5 | Batch 1150 | Loss: 1.4645 | LR: 2.86e-04
2026-04-25 14:18:24,112 INFO Epoch 5 | Batch 1200 | Loss: 1.1299 | LR: 2.85e-04
2026-04-25 14:18:33,644 INFO Epoch 5 | Train: 1.1346 | Dev CER: 0.2095 | Dev WER: 0.5642 | Time: 150s | Peak: 12.0 GB
2026-04-25 14:18:33,645 INFO   New best CER: 0.2095
2026-04-25 14:18:35,489 INFO Epoch 6 | Batch 0 | Loss: 1.1124 | LR: 2.85e-04
2026-04-25 14:18:41,233 INFO Epoch 6 | Batch 50 | Loss: 1.6318 | LR: 2.85e-04
2026-04-25 14:18:47,051 INFO Epoch 6 | Batch 100 | Loss: 1.2423 | LR: 2.84e-04
2026-04-25 14:18:52,840 INFO Epoch 6 | Batch 150 | Loss: 1.1518 | LR: 2.84e-04
2026-04-25 14:18:58,613 INFO Epoch 6 | Batch 200 | Loss: 1.2085 | LR: 2.84e-04
2026-04-25 14:19:04,509 INFO Epoch 6 | Batch 250 | Loss: 0.8518 | LR: 2.84e-04
2026-04-25 14:19:10,348 INFO Epoch 6 | Batch 300 | Loss: 0.8528 | LR: 2.83e-04
2026-04-25 14:19:16,185 INFO Epoch 6 | Batch 350 | Loss: 1.0220 | LR: 2.83e-04
2026-04-25 14:19:22,017 INFO Epoch 6 | Batch 400 | Loss: 0.9190 | LR: 2.83e-04
2026-04-25 14:19:27,747 INFO Epoch 6 | Batch 450 | Loss: 1.7812 | LR: 2.82e-04
2026-04-25 14:19:33,554 INFO Epoch 6 | Batch 500 | Loss: 0.8883 | LR: 2.82e-04
2026-04-25 14:19:39,389 INFO Epoch 6 | Batch 550 | Loss: 0.9356 | LR: 2.82e-04
2026-04-25 14:19:45,196 INFO Epoch 6 | Batch 600 | Loss: 1.0134 | LR: 2.81e-04
2026-04-25 14:19:51,003 INFO Epoch 6 | Batch 650 | Loss: 1.2448 | LR: 2.81e-04
2026-04-25 14:19:56,781 INFO Epoch 6 | Batch 700 | Loss: 1.2963 | LR: 2.81e-04
2026-04-25 14:20:02,646 INFO Epoch 6 | Batch 750 | Loss: 1.1322 | LR: 2.81e-04
2026-04-25 14:20:08,454 INFO Epoch 6 | Batch 800 | Loss: 0.9976 | LR: 2.80e-04
2026-04-25 14:20:14,302 INFO Epoch 6 | Batch 850 | Loss: 1.1403 | LR: 2.80e-04
2026-04-25 14:20:20,129 INFO Epoch 6 | Batch 900 | Loss: 0.8128 | LR: 2.80e-04
2026-04-25 14:20:25,964 INFO Epoch 6 | Batch 950 | Loss: 1.4679 | LR: 2.79e-04
2026-04-25 14:20:31,727 INFO Epoch 6 | Batch 1000 | Loss: 0.9874 | LR: 2.79e-04
2026-04-25 14:20:37,552 INFO Epoch 6 | Batch 1050 | Loss: 1.2829 | LR: 2.79e-04
2026-04-25 14:20:43,415 INFO Epoch 6 | Batch 1100 | Loss: 1.2293 | LR: 2.78e-04
2026-04-25 14:20:49,258 INFO Epoch 6 | Batch 1150 | Loss: 1.0312 | LR: 2.78e-04
2026-04-25 14:20:55,132 INFO Epoch 6 | Batch 1200 | Loss: 0.8861 | LR: 2.78e-04
2026-04-25 14:21:04,606 INFO Epoch 6 | Train: 1.0481 | Dev CER: 0.1898 | Dev WER: 0.5192 | Time: 151s | Peak: 12.0 GB
2026-04-25 14:21:04,606 INFO   New best CER: 0.1898
2026-04-25 14:21:06,424 INFO Epoch 7 | Batch 0 | Loss: 1.1414 | LR: 2.77e-04
2026-04-25 14:21:12,217 INFO Epoch 7 | Batch 50 | Loss: 1.2161 | LR: 2.77e-04
2026-04-25 14:21:18,060 INFO Epoch 7 | Batch 100 | Loss: 0.8967 | LR: 2.77e-04
2026-04-25 14:21:23,813 INFO Epoch 7 | Batch 150 | Loss: 1.1016 | LR: 2.76e-04
2026-04-25 14:21:29,652 INFO Epoch 7 | Batch 200 | Loss: 0.8741 | LR: 2.76e-04
2026-04-25 14:21:35,413 INFO Epoch 7 | Batch 250 | Loss: 1.0916 | LR: 2.76e-04
2026-04-25 14:21:41,210 INFO Epoch 7 | Batch 300 | Loss: 0.8818 | LR: 2.75e-04
2026-04-25 14:21:47,073 INFO Epoch 7 | Batch 350 | Loss: 1.1948 | LR: 2.75e-04
2026-04-25 14:21:52,913 INFO Epoch 7 | Batch 400 | Loss: 0.8696 | LR: 2.74e-04
2026-04-25 14:21:58,769 INFO Epoch 7 | Batch 450 | Loss: 1.1630 | LR: 2.74e-04
2026-04-25 14:22:04,626 INFO Epoch 7 | Batch 500 | Loss: 1.1869 | LR: 2.74e-04
2026-04-25 14:22:10,522 INFO Epoch 7 | Batch 550 | Loss: 0.8332 | LR: 2.73e-04
2026-04-25 14:22:16,334 INFO Epoch 7 | Batch 600 | Loss: 0.9882 | LR: 2.73e-04
2026-04-25 14:22:22,207 INFO Epoch 7 | Batch 650 | Loss: 1.1655 | LR: 2.73e-04
2026-04-25 14:22:28,066 INFO Epoch 7 | Batch 700 | Loss: 1.0734 | LR: 2.72e-04
2026-04-25 14:22:33,815 INFO Epoch 7 | Batch 750 | Loss: 1.1418 | LR: 2.72e-04
2026-04-25 14:22:39,630 INFO Epoch 7 | Batch 800 | Loss: 1.4146 | LR: 2.71e-04
2026-04-25 14:22:45,433 INFO Epoch 7 | Batch 850 | Loss: 1.1509 | LR: 2.71e-04
2026-04-25 14:22:51,282 INFO Epoch 7 | Batch 900 | Loss: 0.9128 | LR: 2.71e-04
2026-04-25 14:22:57,039 INFO Epoch 7 | Batch 950 | Loss: 0.8694 | LR: 2.70e-04
2026-04-25 14:23:02,852 INFO Epoch 7 | Batch 1000 | Loss: 0.7828 | LR: 2.70e-04
2026-04-25 14:23:08,705 INFO Epoch 7 | Batch 1050 | Loss: 1.1486 | LR: 2.69e-04
2026-04-25 14:23:14,546 INFO Epoch 7 | Batch 1100 | Loss: 1.3947 | LR: 2.69e-04
2026-04-25 14:23:20,662 INFO Epoch 7 | Batch 1150 | Loss: 0.8764 | LR: 2.69e-04
2026-04-25 14:23:26,553 INFO Epoch 7 | Batch 1200 | Loss: 0.6313 | LR: 2.68e-04
2026-04-25 14:23:35,767 INFO Epoch 7 | Train: 0.9949 | Dev CER: 0.1771 | Dev WER: 0.4881 | Time: 151s | Peak: 12.0 GB
2026-04-25 14:23:35,767 INFO   New best CER: 0.1771
2026-04-25 14:23:37,541 INFO Epoch 8 | Batch 0 | Loss: 0.8627 | LR: 2.68e-04
2026-04-25 14:23:43,336 INFO Epoch 8 | Batch 50 | Loss: 0.9902 | LR: 2.68e-04
2026-04-25 14:23:49,172 INFO Epoch 8 | Batch 100 | Loss: 1.0176 | LR: 2.67e-04
2026-04-25 14:23:54,977 INFO Epoch 8 | Batch 150 | Loss: 1.2020 | LR: 2.67e-04
2026-04-25 14:24:00,782 INFO Epoch 8 | Batch 200 | Loss: 0.9499 | LR: 2.66e-04
2026-04-25 14:24:06,638 INFO Epoch 8 | Batch 250 | Loss: 1.1354 | LR: 2.66e-04
2026-04-25 14:24:12,434 INFO Epoch 8 | Batch 300 | Loss: 0.8253 | LR: 2.66e-04
2026-04-25 14:24:18,222 INFO Epoch 8 | Batch 350 | Loss: 1.1724 | LR: 2.65e-04
2026-04-25 14:24:24,039 INFO Epoch 8 | Batch 400 | Loss: 0.7817 | LR: 2.65e-04
2026-04-25 14:24:29,831 INFO Epoch 8 | Batch 450 | Loss: 1.0563 | LR: 2.64e-04
2026-04-25 14:24:35,634 INFO Epoch 8 | Batch 500 | Loss: 0.8850 | LR: 2.64e-04
2026-04-25 14:24:41,421 INFO Epoch 8 | Batch 550 | Loss: 0.9533 | LR: 2.63e-04
2026-04-25 14:24:47,231 INFO Epoch 8 | Batch 600 | Loss: 0.7770 | LR: 2.63e-04
2026-04-25 14:24:53,014 INFO Epoch 8 | Batch 650 | Loss: 0.8773 | LR: 2.63e-04
2026-04-25 14:24:58,826 INFO Epoch 8 | Batch 700 | Loss: 0.7748 | LR: 2.62e-04
2026-04-25 14:25:04,709 INFO Epoch 8 | Batch 750 | Loss: 0.7563 | LR: 2.62e-04
2026-04-25 14:25:10,548 INFO Epoch 8 | Batch 800 | Loss: 0.9559 | LR: 2.61e-04
2026-04-25 14:25:16,328 INFO Epoch 8 | Batch 850 | Loss: 0.6733 | LR: 2.61e-04
2026-04-25 14:25:22,455 INFO Epoch 8 | Batch 900 | Loss: 1.0700 | LR: 2.60e-04
2026-04-25 14:25:28,304 INFO Epoch 8 | Batch 950 | Loss: 0.9924 | LR: 2.60e-04
2026-04-25 14:25:34,177 INFO Epoch 8 | Batch 1000 | Loss: 0.7577 | LR: 2.60e-04
2026-04-25 14:25:39,992 INFO Epoch 8 | Batch 1050 | Loss: 0.7808 | LR: 2.59e-04
2026-04-25 14:25:45,859 INFO Epoch 8 | Batch 1100 | Loss: 0.8086 | LR: 2.59e-04
2026-04-25 14:25:51,727 INFO Epoch 8 | Batch 1150 | Loss: 0.7557 | LR: 2.58e-04
2026-04-25 14:25:57,615 INFO Epoch 8 | Batch 1200 | Loss: 0.7972 | LR: 2.58e-04
2026-04-25 14:26:06,894 INFO Epoch 8 | Train: 0.9364 | Dev CER: 0.1652 | Dev WER: 0.4653 | Time: 151s | Peak: 12.0 GB
2026-04-25 14:26:06,894 INFO   New best CER: 0.1652
2026-04-25 14:26:08,687 INFO Epoch 9 | Batch 0 | Loss: 0.8797 | LR: 2.57e-04
2026-04-25 14:26:14,447 INFO Epoch 9 | Batch 50 | Loss: 0.9437 | LR: 2.57e-04
2026-04-25 14:26:20,277 INFO Epoch 9 | Batch 100 | Loss: 0.7689 | LR: 2.56e-04
2026-04-25 14:26:26,051 INFO Epoch 9 | Batch 150 | Loss: 0.9938 | LR: 2.56e-04
2026-04-25 14:26:31,913 INFO Epoch 9 | Batch 200 | Loss: 0.8836 | LR: 2.56e-04
2026-04-25 14:26:37,746 INFO Epoch 9 | Batch 250 | Loss: 0.9843 | LR: 2.55e-04
2026-04-25 14:26:43,541 INFO Epoch 9 | Batch 300 | Loss: 0.8684 | LR: 2.55e-04
2026-04-25 14:26:49,334 INFO Epoch 9 | Batch 350 | Loss: 1.1168 | LR: 2.54e-04
2026-04-25 14:26:55,188 INFO Epoch 9 | Batch 400 | Loss: 0.7832 | LR: 2.54e-04
2026-04-25 14:27:01,036 INFO Epoch 9 | Batch 450 | Loss: 0.6666 | LR: 2.53e-04
2026-04-25 14:27:06,880 INFO Epoch 9 | Batch 500 | Loss: 0.7163 | LR: 2.53e-04
2026-04-25 14:27:12,720 INFO Epoch 9 | Batch 550 | Loss: 0.6853 | LR: 2.52e-04
2026-04-25 14:27:18,512 INFO Epoch 9 | Batch 600 | Loss: 0.8052 | LR: 2.52e-04
2026-04-25 14:27:24,338 INFO Epoch 9 | Batch 650 | Loss: 1.0267 | LR: 2.51e-04
2026-04-25 14:27:30,448 INFO Epoch 9 | Batch 700 | Loss: 0.7239 | LR: 2.51e-04
2026-04-25 14:27:36,314 INFO Epoch 9 | Batch 750 | Loss: 0.8656 | LR: 2.50e-04
2026-04-25 14:27:42,165 INFO Epoch 9 | Batch 800 | Loss: 0.8945 | LR: 2.50e-04
2026-04-25 14:27:47,966 INFO Epoch 9 | Batch 850 | Loss: 1.0091 | LR: 2.49e-04
2026-04-25 14:27:53,789 INFO Epoch 9 | Batch 900 | Loss: 1.0766 | LR: 2.49e-04
2026-04-25 14:27:59,597 INFO Epoch 9 | Batch 950 | Loss: 0.9113 | LR: 2.48e-04
2026-04-25 14:28:05,484 INFO Epoch 9 | Batch 1000 | Loss: 0.7993 | LR: 2.48e-04
2026-04-25 14:28:11,308 INFO Epoch 9 | Batch 1050 | Loss: 1.0746 | LR: 2.47e-04
2026-04-25 14:28:17,171 INFO Epoch 9 | Batch 1100 | Loss: 0.7165 | LR: 2.47e-04
2026-04-25 14:28:22,988 INFO Epoch 9 | Batch 1150 | Loss: 0.6983 | LR: 2.46e-04
2026-04-25 14:28:28,842 INFO Epoch 9 | Batch 1200 | Loss: 0.8748 | LR: 2.46e-04
2026-04-25 14:28:38,172 INFO Epoch 9 | Train: 0.8996 | Dev CER: 0.1555 | Dev WER: 0.4382 | Time: 151s | Peak: 12.0 GB
2026-04-25 14:28:38,172 INFO   New best CER: 0.1555
2026-04-25 14:28:39,961 INFO Epoch 10 | Batch 0 | Loss: 0.8555 | LR: 2.46e-04
2026-04-25 14:28:45,776 INFO Epoch 10 | Batch 50 | Loss: 0.8688 | LR: 2.45e-04
2026-04-25 14:28:51,552 INFO Epoch 10 | Batch 100 | Loss: 0.7857 | LR: 2.45e-04
2026-04-25 14:28:57,402 INFO Epoch 10 | Batch 150 | Loss: 0.8502 | LR: 2.44e-04
2026-04-25 14:29:03,275 INFO Epoch 10 | Batch 200 | Loss: 0.8087 | LR: 2.44e-04
2026-04-25 14:29:09,109 INFO Epoch 10 | Batch 250 | Loss: 0.6712 | LR: 2.43e-04
2026-04-25 14:29:14,958 INFO Epoch 10 | Batch 300 | Loss: 0.6711 | LR: 2.43e-04
2026-04-25 14:29:20,773 INFO Epoch 10 | Batch 350 | Loss: 0.6320 | LR: 2.42e-04
2026-04-25 14:29:26,543 INFO Epoch 10 | Batch 400 | Loss: 0.5421 | LR: 2.41e-04
2026-04-25 14:29:32,339 INFO Epoch 10 | Batch 450 | Loss: 0.9645 | LR: 2.41e-04
2026-04-25 14:29:38,419 INFO Epoch 10 | Batch 500 | Loss: 0.6851 | LR: 2.40e-04
2026-04-25 14:29:44,243 INFO Epoch 10 | Batch 550 | Loss: 0.8468 | LR: 2.40e-04
2026-04-25 14:29:50,093 INFO Epoch 10 | Batch 600 | Loss: 0.9771 | LR: 2.39e-04
2026-04-25 14:29:55,847 INFO Epoch 10 | Batch 650 | Loss: 0.8529 | LR: 2.39e-04
2026-04-25 14:30:01,743 INFO Epoch 10 | Batch 700 | Loss: 1.3701 | LR: 2.38e-04
2026-04-25 14:30:07,590 INFO Epoch 10 | Batch 750 | Loss: 0.5562 | LR: 2.38e-04
2026-04-25 14:30:13,418 INFO Epoch 10 | Batch 800 | Loss: 1.4322 | LR: 2.37e-04
2026-04-25 14:30:19,266 INFO Epoch 10 | Batch 850 | Loss: 0.6901 | LR: 2.37e-04
2026-04-25 14:30:25,116 INFO Epoch 10 | Batch 900 | Loss: 0.6698 | LR: 2.36e-04
2026-04-25 14:30:30,984 INFO Epoch 10 | Batch 950 | Loss: 0.7313 | LR: 2.36e-04
2026-04-25 14:30:36,759 INFO Epoch 10 | Batch 1000 | Loss: 0.6868 | LR: 2.35e-04
2026-04-25 14:30:42,629 INFO Epoch 10 | Batch 1050 | Loss: 0.6917 | LR: 2.35e-04
2026-04-25 14:30:48,485 INFO Epoch 10 | Batch 1100 | Loss: 0.6740 | LR: 2.34e-04
2026-04-25 14:30:54,300 INFO Epoch 10 | Batch 1150 | Loss: 0.7229 | LR: 2.34e-04
2026-04-25 14:31:00,131 INFO Epoch 10 | Batch 1200 | Loss: 0.7552 | LR: 2.33e-04
2026-04-25 14:31:09,359 INFO Epoch 10 | Train: 0.8535 | Dev CER: 0.1450 | Dev WER: 0.4145 | Time: 151s | Peak: 12.0 GB
2026-04-25 14:31:09,359 INFO   New best CER: 0.1450
2026-04-25 14:31:11,200 INFO Epoch 11 | Batch 0 | Loss: 0.7913 | LR: 2.33e-04
2026-04-25 14:31:17,035 INFO Epoch 11 | Batch 50 | Loss: 0.7941 | LR: 2.32e-04
2026-04-25 14:31:22,888 INFO Epoch 11 | Batch 100 | Loss: 0.5788 | LR: 2.32e-04
2026-04-25 14:31:28,705 INFO Epoch 11 | Batch 150 | Loss: 0.5914 | LR: 2.31e-04
2026-04-25 14:31:34,582 INFO Epoch 11 | Batch 200 | Loss: 1.0877 | LR: 2.30e-04
2026-04-25 14:31:40,724 INFO Epoch 11 | Batch 250 | Loss: 0.8474 | LR: 2.30e-04
2026-04-25 14:31:46,560 INFO Epoch 11 | Batch 300 | Loss: 0.9771 | LR: 2.29e-04
2026-04-25 14:31:52,378 INFO Epoch 11 | Batch 350 | Loss: 0.9673 | LR: 2.29e-04
2026-04-25 14:31:58,161 INFO Epoch 11 | Batch 400 | Loss: 0.4973 | LR: 2.28e-04
2026-04-25 14:32:04,017 INFO Epoch 11 | Batch 450 | Loss: 0.5725 | LR: 2.28e-04
2026-04-25 14:32:09,801 INFO Epoch 11 | Batch 500 | Loss: 0.8035 | LR: 2.27e-04
2026-04-25 14:32:15,599 INFO Epoch 11 | Batch 550 | Loss: 0.8445 | LR: 2.27e-04
2026-04-25 14:32:21,454 INFO Epoch 11 | Batch 600 | Loss: 0.8299 | LR: 2.26e-04
2026-04-25 14:32:27,250 INFO Epoch 11 | Batch 650 | Loss: 1.2297 | LR: 2.25e-04
2026-04-25 14:32:33,108 INFO Epoch 11 | Batch 700 | Loss: 0.7860 | LR: 2.25e-04
2026-04-25 14:32:38,964 INFO Epoch 11 | Batch 750 | Loss: 0.7940 | LR: 2.24e-04
2026-04-25 14:32:44,757 INFO Epoch 11 | Batch 800 | Loss: 0.9412 | LR: 2.24e-04
2026-04-25 14:32:50,624 INFO Epoch 11 | Batch 850 | Loss: 0.7582 | LR: 2.23e-04
2026-04-25 14:32:56,431 INFO Epoch 11 | Batch 900 | Loss: 0.6967 | LR: 2.23e-04
2026-04-25 14:33:02,266 INFO Epoch 11 | Batch 950 | Loss: 0.5086 | LR: 2.22e-04
2026-04-25 14:33:08,094 INFO Epoch 11 | Batch 1000 | Loss: 0.6758 | LR: 2.21e-04
2026-04-25 14:33:13,990 INFO Epoch 11 | Batch 1050 | Loss: 0.8573 | LR: 2.21e-04
2026-04-25 14:33:19,816 INFO Epoch 11 | Batch 1100 | Loss: 0.7741 | LR: 2.20e-04
2026-04-25 14:33:25,634 INFO Epoch 11 | Batch 1150 | Loss: 0.8760 | LR: 2.20e-04
2026-04-25 14:33:31,515 INFO Epoch 11 | Batch 1200 | Loss: 0.5919 | LR: 2.19e-04
2026-04-25 14:33:40,749 INFO Epoch 11 | Train: 0.8184 | Dev CER: 0.1379 | Dev WER: 0.3997 | Time: 151s | Peak: 12.0 GB
2026-04-25 14:33:40,749 INFO   New best CER: 0.1379
2026-04-25 14:33:42,550 INFO Epoch 12 | Batch 0 | Loss: 0.7299 | LR: 2.19e-04
2026-04-25 14:33:48,622 INFO Epoch 12 | Batch 50 | Loss: 1.7523 | LR: 2.18e-04
2026-04-25 14:33:54,376 INFO Epoch 12 | Batch 100 | Loss: 1.3694 | LR: 2.18e-04
2026-04-25 14:34:00,228 INFO Epoch 12 | Batch 150 | Loss: 0.7802 | LR: 2.17e-04
2026-04-25 14:34:06,053 INFO Epoch 12 | Batch 200 | Loss: 0.5435 | LR: 2.16e-04
2026-04-25 14:34:11,849 INFO Epoch 12 | Batch 250 | Loss: 0.7244 | LR: 2.16e-04
2026-04-25 14:34:17,747 INFO Epoch 12 | Batch 300 | Loss: 0.5349 | LR: 2.15e-04
2026-04-25 14:34:23,579 INFO Epoch 12 | Batch 350 | Loss: 0.9521 | LR: 2.15e-04
2026-04-25 14:34:29,383 INFO Epoch 12 | Batch 400 | Loss: 0.7900 | LR: 2.14e-04
2026-04-25 14:34:35,213 INFO Epoch 12 | Batch 450 | Loss: 0.6883 | LR: 2.13e-04
2026-04-25 14:34:41,081 INFO Epoch 12 | Batch 500 | Loss: 0.6460 | LR: 2.13e-04
2026-04-25 14:34:46,856 INFO Epoch 12 | Batch 550 | Loss: 1.0509 | LR: 2.12e-04
2026-04-25 14:34:52,718 INFO Epoch 12 | Batch 600 | Loss: 0.6757 | LR: 2.12e-04
2026-04-25 14:34:58,536 INFO Epoch 12 | Batch 650 | Loss: 0.8883 | LR: 2.11e-04
2026-04-25 14:35:04,385 INFO Epoch 12 | Batch 700 | Loss: 0.8152 | LR: 2.11e-04
2026-04-25 14:35:10,247 INFO Epoch 12 | Batch 750 | Loss: 0.4870 | LR: 2.10e-04
2026-04-25 14:35:16,108 INFO Epoch 12 | Batch 800 | Loss: 0.6840 | LR: 2.09e-04
2026-04-25 14:35:21,939 INFO Epoch 12 | Batch 850 | Loss: 0.7171 | LR: 2.09e-04
2026-04-25 14:35:27,706 INFO Epoch 12 | Batch 900 | Loss: 0.8372 | LR: 2.08e-04
2026-04-25 14:35:33,566 INFO Epoch 12 | Batch 950 | Loss: 0.9820 | LR: 2.08e-04
2026-04-25 14:35:39,401 INFO Epoch 12 | Batch 1000 | Loss: 0.8912 | LR: 2.07e-04
2026-04-25 14:35:45,282 INFO Epoch 12 | Batch 1050 | Loss: 0.7394 | LR: 2.06e-04
2026-04-25 14:35:51,061 INFO Epoch 12 | Batch 1100 | Loss: 0.7411 | LR: 2.06e-04
2026-04-25 14:35:56,920 INFO Epoch 12 | Batch 1150 | Loss: 0.7438 | LR: 2.05e-04
2026-04-25 14:36:02,787 INFO Epoch 12 | Batch 1200 | Loss: 0.9759 | LR: 2.04e-04
2026-04-25 14:36:11,966 INFO Epoch 12 | Train: 0.7989 | Dev CER: 0.1343 | Dev WER: 0.3886 | Time: 151s | Peak: 12.0 GB
2026-04-25 14:36:11,966 INFO   New best CER: 0.1343
2026-04-25 14:36:14,030 INFO Epoch 13 | Batch 0 | Loss: 0.8104 | LR: 2.04e-04
2026-04-25 14:36:19,850 INFO Epoch 13 | Batch 50 | Loss: 0.5976 | LR: 2.03e-04
2026-04-25 14:36:25,677 INFO Epoch 13 | Batch 100 | Loss: 0.6404 | LR: 2.03e-04
2026-04-25 14:36:31,519 INFO Epoch 13 | Batch 150 | Loss: 0.5923 | LR: 2.02e-04
2026-04-25 14:36:37,315 INFO Epoch 13 | Batch 200 | Loss: 0.6549 | LR: 2.02e-04
2026-04-25 14:36:43,072 INFO Epoch 13 | Batch 250 | Loss: 0.8196 | LR: 2.01e-04
2026-04-25 14:36:48,866 INFO Epoch 13 | Batch 300 | Loss: 0.6706 | LR: 2.00e-04
2026-04-25 14:36:54,646 INFO Epoch 13 | Batch 350 | Loss: 0.9279 | LR: 2.00e-04
2026-04-25 14:37:00,468 INFO Epoch 13 | Batch 400 | Loss: 0.7282 | LR: 1.99e-04
2026-04-25 14:37:06,271 INFO Epoch 13 | Batch 450 | Loss: 0.6631 | LR: 1.99e-04
2026-04-25 14:37:12,054 INFO Epoch 13 | Batch 500 | Loss: 0.5799 | LR: 1.98e-04
2026-04-25 14:37:17,851 INFO Epoch 13 | Batch 550 | Loss: 0.6297 | LR: 1.97e-04
2026-04-25 14:37:23,710 INFO Epoch 13 | Batch 600 | Loss: 0.6525 | LR: 1.97e-04
2026-04-25 14:37:29,519 INFO Epoch 13 | Batch 650 | Loss: 0.8507 | LR: 1.96e-04
2026-04-25 14:37:35,318 INFO Epoch 13 | Batch 700 | Loss: 0.8186 | LR: 1.95e-04
2026-04-25 14:37:41,161 INFO Epoch 13 | Batch 750 | Loss: 0.7570 | LR: 1.95e-04
2026-04-25 14:37:47,076 INFO Epoch 13 | Batch 800 | Loss: 0.5951 | LR: 1.94e-04
2026-04-25 14:37:52,862 INFO Epoch 13 | Batch 850 | Loss: 1.1537 | LR: 1.94e-04
2026-04-25 14:37:58,678 INFO Epoch 13 | Batch 900 | Loss: 0.8806 | LR: 1.93e-04
2026-04-25 14:38:04,500 INFO Epoch 13 | Batch 950 | Loss: 0.7608 | LR: 1.92e-04
2026-04-25 14:38:10,365 INFO Epoch 13 | Batch 1000 | Loss: 0.6971 | LR: 1.92e-04
2026-04-25 14:38:16,163 INFO Epoch 13 | Batch 1050 | Loss: 0.5724 | LR: 1.91e-04
2026-04-25 14:38:22,013 INFO Epoch 13 | Batch 1100 | Loss: 1.2920 | LR: 1.90e-04
2026-04-25 14:38:27,889 INFO Epoch 13 | Batch 1150 | Loss: 0.8683 | LR: 1.90e-04
2026-04-25 14:38:33,741 INFO Epoch 13 | Batch 1200 | Loss: 1.0659 | LR: 1.89e-04
2026-04-25 14:38:43,366 INFO Epoch 13 | Train: 0.7644 | Dev CER: 0.1264 | Dev WER: 0.3693 | Time: 151s | Peak: 12.0 GB
2026-04-25 14:38:43,366 INFO   New best CER: 0.1264
2026-04-25 14:38:45,170 INFO Epoch 14 | Batch 0 | Loss: 0.7828 | LR: 1.89e-04
2026-04-25 14:38:50,987 INFO Epoch 14 | Batch 50 | Loss: 0.9761 | LR: 1.88e-04
2026-04-25 14:38:56,805 INFO Epoch 14 | Batch 100 | Loss: 0.6726 | LR: 1.87e-04
2026-04-25 14:39:02,634 INFO Epoch 14 | Batch 150 | Loss: 0.6535 | LR: 1.87e-04
2026-04-25 14:39:08,442 INFO Epoch 14 | Batch 200 | Loss: 0.7417 | LR: 1.86e-04
2026-04-25 14:39:14,264 INFO Epoch 14 | Batch 250 | Loss: 0.8563 | LR: 1.86e-04
2026-04-25 14:39:20,128 INFO Epoch 14 | Batch 300 | Loss: 0.5968 | LR: 1.85e-04
2026-04-25 14:39:25,990 INFO Epoch 14 | Batch 350 | Loss: 0.8415 | LR: 1.84e-04
2026-04-25 14:39:31,874 INFO Epoch 14 | Batch 400 | Loss: 0.7424 | LR: 1.84e-04
2026-04-25 14:39:37,722 INFO Epoch 14 | Batch 450 | Loss: 0.7998 | LR: 1.83e-04
2026-04-25 14:39:43,509 INFO Epoch 14 | Batch 500 | Loss: 0.7561 | LR: 1.82e-04
2026-04-25 14:39:49,305 INFO Epoch 14 | Batch 550 | Loss: 0.7697 | LR: 1.82e-04
2026-04-25 14:39:55,018 INFO Epoch 14 | Batch 600 | Loss: 0.9265 | LR: 1.81e-04
2026-04-25 14:40:00,827 INFO Epoch 14 | Batch 650 | Loss: 0.6236 | LR: 1.81e-04
2026-04-25 14:40:06,704 INFO Epoch 14 | Batch 700 | Loss: 0.7704 | LR: 1.80e-04
2026-04-25 14:40:12,547 INFO Epoch 14 | Batch 750 | Loss: 0.6085 | LR: 1.79e-04
2026-04-25 14:40:18,376 INFO Epoch 14 | Batch 800 | Loss: 0.7193 | LR: 1.79e-04
2026-04-25 14:40:24,248 INFO Epoch 14 | Batch 850 | Loss: 0.6312 | LR: 1.78e-04
2026-04-25 14:40:30,093 INFO Epoch 14 | Batch 900 | Loss: 0.6599 | LR: 1.77e-04
2026-04-25 14:40:35,882 INFO Epoch 14 | Batch 950 | Loss: 0.8267 | LR: 1.77e-04
2026-04-25 14:40:41,793 INFO Epoch 14 | Batch 1000 | Loss: 0.6379 | LR: 1.76e-04
2026-04-25 14:40:47,673 INFO Epoch 14 | Batch 1050 | Loss: 0.7831 | LR: 1.75e-04
2026-04-25 14:40:53,475 INFO Epoch 14 | Batch 1100 | Loss: 0.6064 | LR: 1.75e-04
2026-04-25 14:40:59,219 INFO Epoch 14 | Batch 1150 | Loss: 0.7247 | LR: 1.74e-04
2026-04-25 14:41:05,018 INFO Epoch 14 | Batch 1200 | Loss: 0.7899 | LR: 1.73e-04
2026-04-25 14:41:14,657 INFO Epoch 14 | Train: 0.7510 | Dev CER: 0.1231 | Dev WER: 0.3566 | Time: 151s | Peak: 12.0 GB
2026-04-25 14:41:14,657 INFO   New best CER: 0.1231
2026-04-25 14:41:16,453 INFO Epoch 15 | Batch 0 | Loss: 0.6418 | LR: 1.73e-04
2026-04-25 14:41:22,257 INFO Epoch 15 | Batch 50 | Loss: 0.7419 | LR: 1.72e-04
2026-04-25 14:41:28,064 INFO Epoch 15 | Batch 100 | Loss: 0.5274 | LR: 1.72e-04
2026-04-25 14:41:33,846 INFO Epoch 15 | Batch 150 | Loss: 0.5902 | LR: 1.71e-04
2026-04-25 14:41:39,717 INFO Epoch 15 | Batch 200 | Loss: 0.8297 | LR: 1.70e-04
2026-04-25 14:41:45,475 INFO Epoch 15 | Batch 250 | Loss: 0.6182 | LR: 1.70e-04
2026-04-25 14:41:51,280 INFO Epoch 15 | Batch 300 | Loss: 0.7402 | LR: 1.69e-04
2026-04-25 14:41:57,158 INFO Epoch 15 | Batch 350 | Loss: 0.5984 | LR: 1.68e-04
2026-04-25 14:42:02,920 INFO Epoch 15 | Batch 400 | Loss: 0.6258 | LR: 1.68e-04
2026-04-25 14:42:08,771 INFO Epoch 15 | Batch 450 | Loss: 0.5082 | LR: 1.67e-04
2026-04-25 14:42:14,585 INFO Epoch 15 | Batch 500 | Loss: 0.8317 | LR: 1.67e-04
2026-04-25 14:42:20,413 INFO Epoch 15 | Batch 550 | Loss: 0.5998 | LR: 1.66e-04
2026-04-25 14:42:26,266 INFO Epoch 15 | Batch 600 | Loss: 0.4954 | LR: 1.65e-04
2026-04-25 14:42:32,130 INFO Epoch 15 | Batch 650 | Loss: 0.5586 | LR: 1.65e-04
2026-04-25 14:42:37,934 INFO Epoch 15 | Batch 700 | Loss: 0.6989 | LR: 1.64e-04
2026-04-25 14:42:43,761 INFO Epoch 15 | Batch 750 | Loss: 0.7169 | LR: 1.63e-04
2026-04-25 14:42:49,589 INFO Epoch 15 | Batch 800 | Loss: 0.6748 | LR: 1.63e-04
2026-04-25 14:42:55,424 INFO Epoch 15 | Batch 850 | Loss: 0.5654 | LR: 1.62e-04
2026-04-25 14:43:01,250 INFO Epoch 15 | Batch 900 | Loss: 0.8009 | LR: 1.61e-04
2026-04-25 14:43:07,109 INFO Epoch 15 | Batch 950 | Loss: 0.7616 | LR: 1.61e-04
2026-04-25 14:43:13,015 INFO Epoch 15 | Batch 1000 | Loss: 0.6121 | LR: 1.60e-04
2026-04-25 14:43:18,836 INFO Epoch 15 | Batch 1050 | Loss: 0.5432 | LR: 1.59e-04
2026-04-25 14:43:24,600 INFO Epoch 15 | Batch 1100 | Loss: 0.7276 | LR: 1.59e-04
2026-04-25 14:43:30,683 INFO Epoch 15 | Batch 1150 | Loss: 0.8014 | LR: 1.58e-04
2026-04-25 14:43:36,460 INFO Epoch 15 | Batch 1200 | Loss: 0.8605 | LR: 1.57e-04
2026-04-25 14:43:45,641 INFO Epoch 15 | Train: 0.7291 | Dev CER: 0.1200 | Dev WER: 0.3481 | Time: 151s | Peak: 12.0 GB
2026-04-25 14:43:45,641 INFO   New best CER: 0.1200
2026-04-25 14:43:47,503 INFO Epoch 16 | Batch 0 | Loss: 0.6568 | LR: 1.57e-04
2026-04-25 14:43:53,284 INFO Epoch 16 | Batch 50 | Loss: 0.6300 | LR: 1.56e-04
2026-04-25 14:43:59,095 INFO Epoch 16 | Batch 100 | Loss: 0.8302 | LR: 1.56e-04
2026-04-25 14:44:04,952 INFO Epoch 16 | Batch 150 | Loss: 0.5879 | LR: 1.55e-04
2026-04-25 14:44:10,754 INFO Epoch 16 | Batch 200 | Loss: 0.4614 | LR: 1.54e-04
2026-04-25 14:44:16,603 INFO Epoch 16 | Batch 250 | Loss: 0.7536 | LR: 1.54e-04
2026-04-25 14:44:22,449 INFO Epoch 16 | Batch 300 | Loss: 0.8056 | LR: 1.53e-04
2026-04-25 14:44:28,325 INFO Epoch 16 | Batch 350 | Loss: 0.6086 | LR: 1.52e-04
2026-04-25 14:44:34,165 INFO Epoch 16 | Batch 400 | Loss: 0.5532 | LR: 1.52e-04
2026-04-25 14:44:40,045 INFO Epoch 16 | Batch 450 | Loss: 0.6734 | LR: 1.51e-04
2026-04-25 14:44:45,869 INFO Epoch 16 | Batch 500 | Loss: 0.6818 | LR: 1.50e-04
2026-04-25 14:44:51,734 INFO Epoch 16 | Batch 550 | Loss: 0.5516 | LR: 1.50e-04
2026-04-25 14:44:57,567 INFO Epoch 16 | Batch 600 | Loss: 0.7983 | LR: 1.49e-04
2026-04-25 14:45:03,353 INFO Epoch 16 | Batch 650 | Loss: 0.7123 | LR: 1.49e-04
2026-04-25 14:45:09,166 INFO Epoch 16 | Batch 700 | Loss: 0.8769 | LR: 1.48e-04
2026-04-25 14:45:14,972 INFO Epoch 16 | Batch 750 | Loss: 0.7603 | LR: 1.47e-04
2026-04-25 14:45:20,768 INFO Epoch 16 | Batch 800 | Loss: 0.6468 | LR: 1.47e-04
2026-04-25 14:45:26,593 INFO Epoch 16 | Batch 850 | Loss: 0.5138 | LR: 1.46e-04
2026-04-25 14:45:32,358 INFO Epoch 16 | Batch 900 | Loss: 0.9916 | LR: 1.45e-04
2026-04-25 14:45:38,274 INFO Epoch 16 | Batch 950 | Loss: 0.5580 | LR: 1.45e-04
2026-04-25 14:45:44,154 INFO Epoch 16 | Batch 1000 | Loss: 0.6739 | LR: 1.44e-04
2026-04-25 14:45:50,224 INFO Epoch 16 | Batch 1050 | Loss: 0.5912 | LR: 1.43e-04
2026-04-25 14:45:56,011 INFO Epoch 16 | Batch 1100 | Loss: 0.6136 | LR: 1.43e-04
2026-04-25 14:46:01,837 INFO Epoch 16 | Batch 1150 | Loss: 0.6643 | LR: 1.42e-04
2026-04-25 14:46:07,617 INFO Epoch 16 | Batch 1200 | Loss: 0.5646 | LR: 1.41e-04
2026-04-25 14:46:16,686 INFO Epoch 16 | Train: 0.7105 | Dev CER: 0.1157 | Dev WER: 0.3383 | Time: 151s | Peak: 12.0 GB
2026-04-25 14:46:16,686 INFO   New best CER: 0.1157
2026-04-25 14:46:18,533 INFO Epoch 17 | Batch 0 | Loss: 0.5268 | LR: 1.41e-04
2026-04-25 14:46:24,254 INFO Epoch 17 | Batch 50 | Loss: 0.8173 | LR: 1.40e-04
2026-04-25 14:46:30,085 INFO Epoch 17 | Batch 100 | Loss: 0.6842 | LR: 1.40e-04
2026-04-25 14:46:35,861 INFO Epoch 17 | Batch 150 | Loss: 0.7538 | LR: 1.39e-04
2026-04-25 14:46:41,690 INFO Epoch 17 | Batch 200 | Loss: 0.6541 | LR: 1.38e-04
2026-04-25 14:46:47,496 INFO Epoch 17 | Batch 250 | Loss: 0.5158 | LR: 1.38e-04
2026-04-25 14:46:53,289 INFO Epoch 17 | Batch 300 | Loss: 0.6818 | LR: 1.37e-04
2026-04-25 14:46:59,100 INFO Epoch 17 | Batch 350 | Loss: 0.4937 | LR: 1.36e-04
2026-04-25 14:47:05,000 INFO Epoch 17 | Batch 400 | Loss: 0.6267 | LR: 1.36e-04
2026-04-25 14:47:10,784 INFO Epoch 17 | Batch 450 | Loss: 0.8339 | LR: 1.35e-04
2026-04-25 14:47:16,604 INFO Epoch 17 | Batch 500 | Loss: 0.7285 | LR: 1.34e-04
2026-04-25 14:47:22,405 INFO Epoch 17 | Batch 550 | Loss: 0.6697 | LR: 1.34e-04
2026-04-25 14:47:28,179 INFO Epoch 17 | Batch 600 | Loss: 0.5614 | LR: 1.33e-04
2026-04-25 14:47:34,027 INFO Epoch 17 | Batch 650 | Loss: 0.7338 | LR: 1.32e-04
2026-04-25 14:47:39,843 INFO Epoch 17 | Batch 700 | Loss: 0.5621 | LR: 1.32e-04
2026-04-25 14:47:45,684 INFO Epoch 17 | Batch 750 | Loss: 0.6794 | LR: 1.31e-04
2026-04-25 14:47:51,773 INFO Epoch 17 | Batch 800 | Loss: 0.5703 | LR: 1.31e-04
2026-04-25 14:47:57,595 INFO Epoch 17 | Batch 850 | Loss: 0.7580 | LR: 1.30e-04
2026-04-25 14:48:03,456 INFO Epoch 17 | Batch 900 | Loss: 0.5037 | LR: 1.29e-04
2026-04-25 14:48:09,308 INFO Epoch 17 | Batch 950 | Loss: 0.6707 | LR: 1.29e-04
2026-04-25 14:48:15,179 INFO Epoch 17 | Batch 1000 | Loss: 0.6952 | LR: 1.28e-04
2026-04-25 14:48:21,023 INFO Epoch 17 | Batch 1050 | Loss: 0.5573 | LR: 1.27e-04
2026-04-25 14:48:26,896 INFO Epoch 17 | Batch 1100 | Loss: 0.5594 | LR: 1.27e-04
2026-04-25 14:48:32,738 INFO Epoch 17 | Batch 1150 | Loss: 0.7836 | LR: 1.26e-04
2026-04-25 14:48:38,609 INFO Epoch 17 | Batch 1200 | Loss: 0.7045 | LR: 1.25e-04
2026-04-25 14:48:47,762 INFO Epoch 17 | Train: 0.6922 | Dev CER: 0.1136 | Dev WER: 0.3329 | Time: 151s | Peak: 12.0 GB
2026-04-25 14:48:47,763 INFO   New best CER: 0.1136
2026-04-25 14:48:49,575 INFO Epoch 18 | Batch 0 | Loss: 0.9610 | LR: 1.25e-04
2026-04-25 14:48:55,430 INFO Epoch 18 | Batch 50 | Loss: 0.5682 | LR: 1.24e-04
2026-04-25 14:49:01,280 INFO Epoch 18 | Batch 100 | Loss: 0.5726 | LR: 1.24e-04
2026-04-25 14:49:07,103 INFO Epoch 18 | Batch 150 | Loss: 0.8192 | LR: 1.23e-04
2026-04-25 14:49:12,943 INFO Epoch 18 | Batch 200 | Loss: 0.8306 | LR: 1.22e-04
2026-04-25 14:49:18,825 INFO Epoch 18 | Batch 250 | Loss: 0.5175 | LR: 1.22e-04
2026-04-25 14:49:24,663 INFO Epoch 18 | Batch 300 | Loss: 0.5983 | LR: 1.21e-04
2026-04-25 14:49:30,481 INFO Epoch 18 | Batch 350 | Loss: 0.4452 | LR: 1.20e-04
2026-04-25 14:49:36,315 INFO Epoch 18 | Batch 400 | Loss: 0.6593 | LR: 1.20e-04
2026-04-25 14:49:42,113 INFO Epoch 18 | Batch 450 | Loss: 0.5627 | LR: 1.19e-04
2026-04-25 14:49:47,914 INFO Epoch 18 | Batch 500 | Loss: 0.5599 | LR: 1.19e-04
2026-04-25 14:49:53,664 INFO Epoch 18 | Batch 550 | Loss: 0.4622 | LR: 1.18e-04
2026-04-25 14:49:59,789 INFO Epoch 18 | Batch 600 | Loss: 0.3965 | LR: 1.17e-04
2026-04-25 14:50:05,583 INFO Epoch 18 | Batch 650 | Loss: 1.0346 | LR: 1.17e-04
2026-04-25 14:50:11,381 INFO Epoch 18 | Batch 700 | Loss: 0.5507 | LR: 1.16e-04
2026-04-25 14:50:17,206 INFO Epoch 18 | Batch 750 | Loss: 0.6688 | LR: 1.15e-04
2026-04-25 14:50:23,025 INFO Epoch 18 | Batch 800 | Loss: 0.8688 | LR: 1.15e-04
2026-04-25 14:50:28,844 INFO Epoch 18 | Batch 850 | Loss: 0.7662 | LR: 1.14e-04
2026-04-25 14:50:34,694 INFO Epoch 18 | Batch 900 | Loss: 0.5640 | LR: 1.13e-04
2026-04-25 14:50:40,570 INFO Epoch 18 | Batch 950 | Loss: 0.7052 | LR: 1.13e-04
2026-04-25 14:50:46,328 INFO Epoch 18 | Batch 1000 | Loss: 0.6763 | LR: 1.12e-04
2026-04-25 14:50:52,161 INFO Epoch 18 | Batch 1050 | Loss: 0.6968 | LR: 1.12e-04
2026-04-25 14:50:57,990 INFO Epoch 18 | Batch 1100 | Loss: 0.7959 | LR: 1.11e-04
2026-04-25 14:51:03,750 INFO Epoch 18 | Batch 1150 | Loss: 1.1458 | LR: 1.10e-04
2026-04-25 14:51:09,579 INFO Epoch 18 | Batch 1200 | Loss: 0.5907 | LR: 1.10e-04
2026-04-25 14:51:18,801 INFO Epoch 18 | Train: 0.6726 | Dev CER: 0.1102 | Dev WER: 0.3236 | Time: 151s | Peak: 12.0 GB
2026-04-25 14:51:18,801 INFO   New best CER: 0.1102
2026-04-25 14:51:20,578 INFO Epoch 19 | Batch 0 | Loss: 0.8060 | LR: 1.09e-04
2026-04-25 14:51:26,320 INFO Epoch 19 | Batch 50 | Loss: 0.4409 | LR: 1.09e-04
2026-04-25 14:51:32,179 INFO Epoch 19 | Batch 100 | Loss: 0.5913 | LR: 1.08e-04
2026-04-25 14:51:38,020 INFO Epoch 19 | Batch 150 | Loss: 0.3883 | LR: 1.07e-04
2026-04-25 14:51:43,854 INFO Epoch 19 | Batch 200 | Loss: 0.5357 | LR: 1.07e-04
2026-04-25 14:51:49,703 INFO Epoch 19 | Batch 250 | Loss: 0.6325 | LR: 1.06e-04
2026-04-25 14:51:55,561 INFO Epoch 19 | Batch 300 | Loss: 0.6391 | LR: 1.06e-04
2026-04-25 14:52:01,415 INFO Epoch 19 | Batch 350 | Loss: 0.9485 | LR: 1.05e-04
2026-04-25 14:52:07,254 INFO Epoch 19 | Batch 400 | Loss: 0.6833 | LR: 1.04e-04
2026-04-25 14:52:13,424 INFO Epoch 19 | Batch 450 | Loss: 0.8102 | LR: 1.04e-04
2026-04-25 14:52:19,246 INFO Epoch 19 | Batch 500 | Loss: 0.9989 | LR: 1.03e-04
2026-04-25 14:52:25,067 INFO Epoch 19 | Batch 550 | Loss: 0.6263 | LR: 1.02e-04
2026-04-25 14:52:30,869 INFO Epoch 19 | Batch 600 | Loss: 0.5850 | LR: 1.02e-04
2026-04-25 14:52:36,692 INFO Epoch 19 | Batch 650 | Loss: 0.9478 | LR: 1.01e-04
2026-04-25 14:52:42,519 INFO Epoch 19 | Batch 700 | Loss: 0.5975 | LR: 1.01e-04
2026-04-25 14:52:48,321 INFO Epoch 19 | Batch 750 | Loss: 0.8794 | LR: 1.00e-04
2026-04-25 14:52:54,155 INFO Epoch 19 | Batch 800 | Loss: 0.5199 | LR: 9.94e-05
2026-04-25 14:52:59,975 INFO Epoch 19 | Batch 850 | Loss: 0.6907 | LR: 9.88e-05
2026-04-25 14:53:05,780 INFO Epoch 19 | Batch 900 | Loss: 0.6366 | LR: 9.81e-05
2026-04-25 14:53:11,600 INFO Epoch 19 | Batch 950 | Loss: 0.6510 | LR: 9.75e-05
2026-04-25 14:53:17,371 INFO Epoch 19 | Batch 1000 | Loss: 0.5833 | LR: 9.69e-05
2026-04-25 14:53:23,268 INFO Epoch 19 | Batch 1050 | Loss: 0.5217 | LR: 9.63e-05
2026-04-25 14:53:29,053 INFO Epoch 19 | Batch 1100 | Loss: 0.5809 | LR: 9.57e-05
2026-04-25 14:53:34,859 INFO Epoch 19 | Batch 1150 | Loss: 0.8769 | LR: 9.51e-05
2026-04-25 14:53:40,707 INFO Epoch 19 | Batch 1200 | Loss: 0.5033 | LR: 9.45e-05
2026-04-25 14:53:49,913 INFO Epoch 19 | Train: 0.6635 | Dev CER: 0.1078 | Dev WER: 0.3160 | Time: 151s | Peak: 12.0 GB
2026-04-25 14:53:49,914 INFO   New best CER: 0.1078
2026-04-25 14:53:51,705 INFO Epoch 20 | Batch 0 | Loss: 0.4757 | LR: 9.41e-05
2026-04-25 14:53:57,535 INFO Epoch 20 | Batch 50 | Loss: 0.5575 | LR: 9.35e-05
2026-04-25 14:54:03,357 INFO Epoch 20 | Batch 100 | Loss: 0.3581 | LR: 9.29e-05
2026-04-25 14:54:09,160 INFO Epoch 20 | Batch 150 | Loss: 0.6910 | LR: 9.23e-05
2026-04-25 14:54:15,024 INFO Epoch 20 | Batch 200 | Loss: 0.6340 | LR: 9.17e-05
2026-04-25 14:54:20,801 INFO Epoch 20 | Batch 250 | Loss: 0.7297 | LR: 9.11e-05
2026-04-25 14:54:26,885 INFO Epoch 20 | Batch 300 | Loss: 0.4074 | LR: 9.05e-05
2026-04-25 14:54:32,734 INFO Epoch 20 | Batch 350 | Loss: 0.7484 | LR: 8.99e-05
2026-04-25 14:54:38,620 INFO Epoch 20 | Batch 400 | Loss: 0.6873 | LR: 8.93e-05
2026-04-25 14:54:44,468 INFO Epoch 20 | Batch 450 | Loss: 0.6485 | LR: 8.87e-05
2026-04-25 14:54:50,259 INFO Epoch 20 | Batch 500 | Loss: 0.5893 | LR: 8.81e-05
2026-04-25 14:54:56,086 INFO Epoch 20 | Batch 550 | Loss: 0.5320 | LR: 8.75e-05
2026-04-25 14:55:01,906 INFO Epoch 20 | Batch 600 | Loss: 1.0871 | LR: 8.69e-05
2026-04-25 14:55:07,710 INFO Epoch 20 | Batch 650 | Loss: 0.5582 | LR: 8.63e-05
2026-04-25 14:55:13,534 INFO Epoch 20 | Batch 700 | Loss: 0.9719 | LR: 8.57e-05
2026-04-25 14:55:19,337 INFO Epoch 20 | Batch 750 | Loss: 0.5133 | LR: 8.52e-05
2026-04-25 14:55:25,166 INFO Epoch 20 | Batch 800 | Loss: 0.8109 | LR: 8.46e-05
2026-04-25 14:55:31,058 INFO Epoch 20 | Batch 850 | Loss: 0.5992 | LR: 8.40e-05
2026-04-25 14:55:36,938 INFO Epoch 20 | Batch 900 | Loss: 0.4840 | LR: 8.34e-05
2026-04-25 14:55:42,733 INFO Epoch 20 | Batch 950 | Loss: 0.5911 | LR: 8.28e-05
2026-04-25 14:55:48,554 INFO Epoch 20 | Batch 1000 | Loss: 0.8646 | LR: 8.22e-05
2026-04-25 14:55:54,411 INFO Epoch 20 | Batch 1050 | Loss: 0.6280 | LR: 8.17e-05
2026-04-25 14:56:00,219 INFO Epoch 20 | Batch 1100 | Loss: 0.9280 | LR: 8.11e-05
2026-04-25 14:56:06,092 INFO Epoch 20 | Batch 1150 | Loss: 0.8755 | LR: 8.05e-05
2026-04-25 14:56:11,898 INFO Epoch 20 | Batch 1200 | Loss: 0.4104 | LR: 7.99e-05
2026-04-25 14:56:21,112 INFO Epoch 20 | Train: 0.6558 | Dev CER: 0.1058 | Dev WER: 0.3121 | Time: 151s | Peak: 12.0 GB
2026-04-25 14:56:21,112 INFO   New best CER: 0.1058
2026-04-25 14:56:23,034 INFO Epoch 21 | Batch 0 | Loss: 0.6332 | LR: 7.95e-05
2026-04-25 14:56:28,879 INFO Epoch 21 | Batch 50 | Loss: 0.7392 | LR: 7.90e-05
2026-04-25 14:56:34,967 INFO Epoch 21 | Batch 100 | Loss: 0.7060 | LR: 7.84e-05
2026-04-25 14:56:40,780 INFO Epoch 21 | Batch 150 | Loss: 0.5655 | LR: 7.78e-05
2026-04-25 14:56:46,607 INFO Epoch 21 | Batch 200 | Loss: 0.4665 | LR: 7.72e-05
2026-04-25 14:56:52,390 INFO Epoch 21 | Batch 250 | Loss: 0.5882 | LR: 7.67e-05
2026-04-25 14:56:58,216 INFO Epoch 21 | Batch 300 | Loss: 0.5414 | LR: 7.61e-05
2026-04-25 14:57:04,091 INFO Epoch 21 | Batch 350 | Loss: 0.5004 | LR: 7.56e-05
2026-04-25 14:57:09,926 INFO Epoch 21 | Batch 400 | Loss: 0.5652 | LR: 7.50e-05
2026-04-25 14:57:15,728 INFO Epoch 21 | Batch 450 | Loss: 0.4988 | LR: 7.44e-05
2026-04-25 14:57:21,533 INFO Epoch 21 | Batch 500 | Loss: 0.7431 | LR: 7.39e-05
2026-04-25 14:57:27,314 INFO Epoch 21 | Batch 550 | Loss: 0.5882 | LR: 7.33e-05
2026-04-25 14:57:33,057 INFO Epoch 21 | Batch 600 | Loss: 0.5012 | LR: 7.28e-05
2026-04-25 14:57:38,952 INFO Epoch 21 | Batch 650 | Loss: 0.7306 | LR: 7.22e-05
2026-04-25 14:57:44,772 INFO Epoch 21 | Batch 700 | Loss: 0.9105 | LR: 7.16e-05
2026-04-25 14:57:50,577 INFO Epoch 21 | Batch 750 | Loss: 0.5090 | LR: 7.11e-05
2026-04-25 14:57:56,429 INFO Epoch 21 | Batch 800 | Loss: 0.8762 | LR: 7.05e-05
2026-04-25 14:58:02,312 INFO Epoch 21 | Batch 850 | Loss: 0.4981 | LR: 7.00e-05
2026-04-25 14:58:08,102 INFO Epoch 21 | Batch 900 | Loss: 0.9285 | LR: 6.94e-05
2026-04-25 14:58:13,905 INFO Epoch 21 | Batch 950 | Loss: 0.5119 | LR: 6.89e-05
2026-04-25 14:58:19,780 INFO Epoch 21 | Batch 1000 | Loss: 0.3922 | LR: 6.84e-05
2026-04-25 14:58:25,568 INFO Epoch 21 | Batch 1050 | Loss: 0.5993 | LR: 6.78e-05
2026-04-25 14:58:31,379 INFO Epoch 21 | Batch 1100 | Loss: 0.6343 | LR: 6.73e-05
2026-04-25 14:58:37,198 INFO Epoch 21 | Batch 1150 | Loss: 0.5826 | LR: 6.67e-05
2026-04-25 14:58:43,063 INFO Epoch 21 | Batch 1200 | Loss: 1.0069 | LR: 6.62e-05
2026-04-25 14:58:52,339 INFO Epoch 21 | Train: 0.6364 | Dev CER: 0.1047 | Dev WER: 0.3088 | Time: 151s | Peak: 12.0 GB
2026-04-25 14:58:52,339 INFO   New best CER: 0.1047
2026-04-25 14:58:54,429 INFO Epoch 22 | Batch 0 | Loss: 0.8825 | LR: 6.58e-05
2026-04-25 14:59:00,248 INFO Epoch 22 | Batch 50 | Loss: 0.4366 | LR: 6.53e-05
2026-04-25 14:59:06,098 INFO Epoch 22 | Batch 100 | Loss: 0.4662 | LR: 6.47e-05
2026-04-25 14:59:11,853 INFO Epoch 22 | Batch 150 | Loss: 0.9210 | LR: 6.42e-05
2026-04-25 14:59:17,685 INFO Epoch 22 | Batch 200 | Loss: 0.7393 | LR: 6.37e-05
2026-04-25 14:59:23,520 INFO Epoch 22 | Batch 250 | Loss: 0.4403 | LR: 6.31e-05
2026-04-25 14:59:29,259 INFO Epoch 22 | Batch 300 | Loss: 0.6204 | LR: 6.26e-05
2026-04-25 14:59:35,150 INFO Epoch 22 | Batch 350 | Loss: 0.8267 | LR: 6.21e-05
2026-04-25 14:59:40,925 INFO Epoch 22 | Batch 400 | Loss: 0.5068 | LR: 6.16e-05
2026-04-25 14:59:46,819 INFO Epoch 22 | Batch 450 | Loss: 0.4511 | LR: 6.10e-05
2026-04-25 14:59:52,678 INFO Epoch 22 | Batch 500 | Loss: 0.4263 | LR: 6.05e-05
2026-04-25 14:59:58,532 INFO Epoch 22 | Batch 550 | Loss: 0.5889 | LR: 6.00e-05
2026-04-25 15:00:04,359 INFO Epoch 22 | Batch 600 | Loss: 0.6321 | LR: 5.95e-05
2026-04-25 15:00:10,189 INFO Epoch 22 | Batch 650 | Loss: 0.7065 | LR: 5.90e-05
2026-04-25 15:00:16,037 INFO Epoch 22 | Batch 700 | Loss: 0.4253 | LR: 5.85e-05
2026-04-25 15:00:21,819 INFO Epoch 22 | Batch 750 | Loss: 0.6755 | LR: 5.79e-05
2026-04-25 15:00:27,654 INFO Epoch 22 | Batch 800 | Loss: 0.6145 | LR: 5.74e-05
2026-04-25 15:00:33,540 INFO Epoch 22 | Batch 850 | Loss: 0.6272 | LR: 5.69e-05
2026-04-25 15:00:39,346 INFO Epoch 22 | Batch 900 | Loss: 0.8164 | LR: 5.64e-05
2026-04-25 15:00:45,143 INFO Epoch 22 | Batch 950 | Loss: 0.7720 | LR: 5.59e-05
2026-04-25 15:00:51,013 INFO Epoch 22 | Batch 1000 | Loss: 0.4799 | LR: 5.54e-05
2026-04-25 15:00:56,909 INFO Epoch 22 | Batch 1050 | Loss: 0.5421 | LR: 5.49e-05
2026-04-25 15:01:02,809 INFO Epoch 22 | Batch 1100 | Loss: 0.6623 | LR: 5.44e-05
2026-04-25 15:01:08,655 INFO Epoch 22 | Batch 1150 | Loss: 0.5820 | LR: 5.39e-05
2026-04-25 15:01:14,493 INFO Epoch 22 | Batch 1200 | Loss: 0.8196 | LR: 5.34e-05
2026-04-25 15:01:23,704 INFO Epoch 22 | Train: 0.6304 | Dev CER: 0.1029 | Dev WER: 0.3025 | Time: 151s | Peak: 12.0 GB
2026-04-25 15:01:23,704 INFO   New best CER: 0.1029
2026-04-25 15:01:25,780 INFO Epoch 23 | Batch 0 | Loss: 0.6620 | LR: 5.31e-05
2026-04-25 15:01:31,698 INFO Epoch 23 | Batch 50 | Loss: 0.6788 | LR: 5.26e-05
2026-04-25 15:01:37,585 INFO Epoch 23 | Batch 100 | Loss: 0.4754 | LR: 5.21e-05
2026-04-25 15:01:43,414 INFO Epoch 23 | Batch 150 | Loss: 0.6946 | LR: 5.16e-05
2026-04-25 15:01:49,243 INFO Epoch 23 | Batch 200 | Loss: 0.4188 | LR: 5.11e-05
2026-04-25 15:01:55,024 INFO Epoch 23 | Batch 250 | Loss: 0.7538 | LR: 5.06e-05
2026-04-25 15:02:00,801 INFO Epoch 23 | Batch 300 | Loss: 0.5142 | LR: 5.01e-05
2026-04-25 15:02:06,626 INFO Epoch 23 | Batch 350 | Loss: 0.6819 | LR: 4.97e-05
2026-04-25 15:02:12,453 INFO Epoch 23 | Batch 400 | Loss: 0.8081 | LR: 4.92e-05
2026-04-25 15:02:18,230 INFO Epoch 23 | Batch 450 | Loss: 0.4627 | LR: 4.87e-05
2026-04-25 15:02:24,074 INFO Epoch 23 | Batch 500 | Loss: 0.7326 | LR: 4.82e-05
2026-04-25 15:02:29,893 INFO Epoch 23 | Batch 550 | Loss: 0.6681 | LR: 4.77e-05
2026-04-25 15:02:35,761 INFO Epoch 23 | Batch 600 | Loss: 0.5009 | LR: 4.73e-05
2026-04-25 15:02:41,581 INFO Epoch 23 | Batch 650 | Loss: 1.0010 | LR: 4.68e-05
2026-04-25 15:02:47,371 INFO Epoch 23 | Batch 700 | Loss: 0.7983 | LR: 4.63e-05
2026-04-25 15:02:53,185 INFO Epoch 23 | Batch 750 | Loss: 0.9903 | LR: 4.59e-05
2026-04-25 15:02:59,078 INFO Epoch 23 | Batch 800 | Loss: 0.4856 | LR: 4.54e-05
2026-04-25 15:03:04,916 INFO Epoch 23 | Batch 850 | Loss: 0.5862 | LR: 4.49e-05
2026-04-25 15:03:10,767 INFO Epoch 23 | Batch 900 | Loss: 0.4404 | LR: 4.45e-05
2026-04-25 15:03:16,559 INFO Epoch 23 | Batch 950 | Loss: 0.7113 | LR: 4.40e-05
2026-04-25 15:03:22,421 INFO Epoch 23 | Batch 1000 | Loss: 0.6723 | LR: 4.36e-05
2026-04-25 15:03:28,262 INFO Epoch 23 | Batch 1050 | Loss: 0.5202 | LR: 4.31e-05
2026-04-25 15:03:34,038 INFO Epoch 23 | Batch 1100 | Loss: 0.5288 | LR: 4.27e-05
2026-04-25 15:03:39,776 INFO Epoch 23 | Batch 1150 | Loss: 0.5027 | LR: 4.22e-05
2026-04-25 15:03:45,637 INFO Epoch 23 | Batch 1200 | Loss: 0.5537 | LR: 4.18e-05
2026-04-25 15:03:55,160 INFO Epoch 23 | Train: 0.6136 | Dev CER: 0.1016 | Dev WER: 0.2996 | Time: 151s | Peak: 12.0 GB
2026-04-25 15:03:55,160 INFO   New best CER: 0.1016
2026-04-25 15:03:56,957 INFO Epoch 24 | Batch 0 | Loss: 0.4495 | LR: 4.14e-05
2026-04-25 15:04:02,796 INFO Epoch 24 | Batch 50 | Loss: 0.5799 | LR: 4.10e-05
2026-04-25 15:04:08,577 INFO Epoch 24 | Batch 100 | Loss: 0.5896 | LR: 4.06e-05
2026-04-25 15:04:14,346 INFO Epoch 24 | Batch 150 | Loss: 0.5908 | LR: 4.01e-05
2026-04-25 15:04:20,200 INFO Epoch 24 | Batch 200 | Loss: 0.4894 | LR: 3.97e-05
2026-04-25 15:04:25,968 INFO Epoch 24 | Batch 250 | Loss: 0.4334 | LR: 3.92e-05
2026-04-25 15:04:31,761 INFO Epoch 24 | Batch 300 | Loss: 0.4981 | LR: 3.88e-05
2026-04-25 15:04:37,494 INFO Epoch 24 | Batch 350 | Loss: 0.4839 | LR: 3.84e-05
2026-04-25 15:04:43,301 INFO Epoch 24 | Batch 400 | Loss: 0.3705 | LR: 3.80e-05
2026-04-25 15:04:49,104 INFO Epoch 24 | Batch 450 | Loss: 0.5734 | LR: 3.75e-05
2026-04-25 15:04:54,939 INFO Epoch 24 | Batch 500 | Loss: 0.7001 | LR: 3.71e-05
2026-04-25 15:05:00,792 INFO Epoch 24 | Batch 550 | Loss: 0.4830 | LR: 3.67e-05
2026-04-25 15:05:06,646 INFO Epoch 24 | Batch 600 | Loss: 0.7812 | LR: 3.63e-05
2026-04-25 15:05:12,505 INFO Epoch 24 | Batch 650 | Loss: 0.6250 | LR: 3.58e-05
2026-04-25 15:05:18,320 INFO Epoch 24 | Batch 700 | Loss: 0.6993 | LR: 3.54e-05
2026-04-25 15:05:24,173 INFO Epoch 24 | Batch 750 | Loss: 0.9363 | LR: 3.50e-05
2026-04-25 15:05:30,041 INFO Epoch 24 | Batch 800 | Loss: 0.6837 | LR: 3.46e-05
2026-04-25 15:05:35,849 INFO Epoch 24 | Batch 850 | Loss: 0.5228 | LR: 3.42e-05
2026-04-25 15:05:41,695 INFO Epoch 24 | Batch 900 | Loss: 0.6188 | LR: 3.38e-05
2026-04-25 15:05:47,499 INFO Epoch 24 | Batch 950 | Loss: 1.0434 | LR: 3.34e-05
2026-04-25 15:05:53,331 INFO Epoch 24 | Batch 1000 | Loss: 0.7248 | LR: 3.30e-05
2026-04-25 15:05:59,134 INFO Epoch 24 | Batch 1050 | Loss: 0.4577 | LR: 3.26e-05
2026-04-25 15:06:05,012 INFO Epoch 24 | Batch 1100 | Loss: 0.3924 | LR: 3.22e-05
2026-04-25 15:06:10,832 INFO Epoch 24 | Batch 1150 | Loss: 0.6672 | LR: 3.18e-05
2026-04-25 15:06:16,629 INFO Epoch 24 | Batch 1200 | Loss: 0.5946 | LR: 3.14e-05
2026-04-25 15:06:26,065 INFO Epoch 24 | Train: 0.6047 | Dev CER: 0.1006 | Dev WER: 0.2968 | Time: 151s | Peak: 12.0 GB
2026-04-25 15:06:26,066 INFO   New best CER: 0.1006
2026-04-25 15:06:27,861 INFO Epoch 25 | Batch 0 | Loss: 0.4467 | LR: 3.11e-05
2026-04-25 15:06:33,696 INFO Epoch 25 | Batch 50 | Loss: 0.8112 | LR: 3.07e-05
2026-04-25 15:06:39,533 INFO Epoch 25 | Batch 100 | Loss: 0.5209 | LR: 3.03e-05
2026-04-25 15:06:45,312 INFO Epoch 25 | Batch 150 | Loss: 0.5825 | LR: 2.99e-05
2026-04-25 15:06:51,137 INFO Epoch 25 | Batch 200 | Loss: 0.5474 | LR: 2.95e-05
2026-04-25 15:06:56,919 INFO Epoch 25 | Batch 250 | Loss: 0.9843 | LR: 2.92e-05
2026-04-25 15:07:02,767 INFO Epoch 25 | Batch 300 | Loss: 0.5230 | LR: 2.88e-05
2026-04-25 15:07:08,598 INFO Epoch 25 | Batch 350 | Loss: 0.6150 | LR: 2.84e-05
2026-04-25 15:07:14,479 INFO Epoch 25 | Batch 400 | Loss: 0.4817 | LR: 2.80e-05
2026-04-25 15:07:20,292 INFO Epoch 25 | Batch 450 | Loss: 0.5834 | LR: 2.77e-05
2026-04-25 15:07:26,077 INFO Epoch 25 | Batch 500 | Loss: 0.6958 | LR: 2.73e-05
2026-04-25 15:07:31,920 INFO Epoch 25 | Batch 550 | Loss: 0.7274 | LR: 2.69e-05
2026-04-25 15:07:37,756 INFO Epoch 25 | Batch 600 | Loss: 0.7261 | LR: 2.66e-05
2026-04-25 15:07:43,528 INFO Epoch 25 | Batch 650 | Loss: 0.5108 | LR: 2.62e-05
2026-04-25 15:07:49,370 INFO Epoch 25 | Batch 700 | Loss: 0.5775 | LR: 2.58e-05
2026-04-25 15:07:55,193 INFO Epoch 25 | Batch 750 | Loss: 0.5892 | LR: 2.55e-05
2026-04-25 15:08:01,054 INFO Epoch 25 | Batch 800 | Loss: 0.6022 | LR: 2.51e-05
2026-04-25 15:08:06,936 INFO Epoch 25 | Batch 850 | Loss: 0.5578 | LR: 2.48e-05
2026-04-25 15:08:12,778 INFO Epoch 25 | Batch 900 | Loss: 0.6479 | LR: 2.44e-05
2026-04-25 15:08:18,574 INFO Epoch 25 | Batch 950 | Loss: 0.7913 | LR: 2.41e-05
2026-04-25 15:08:24,401 INFO Epoch 25 | Batch 1000 | Loss: 0.4649 | LR: 2.37e-05
2026-04-25 15:08:30,260 INFO Epoch 25 | Batch 1050 | Loss: 0.5065 | LR: 2.34e-05
2026-04-25 15:08:36,390 INFO Epoch 25 | Batch 1100 | Loss: 0.8250 | LR: 2.30e-05
2026-04-25 15:08:42,231 INFO Epoch 25 | Batch 1150 | Loss: 0.2937 | LR: 2.27e-05
2026-04-25 15:08:48,053 INFO Epoch 25 | Batch 1200 | Loss: 0.6198 | LR: 2.24e-05
2026-04-25 15:08:57,401 INFO Epoch 25 | Train: 0.5980 | Dev CER: 0.0996 | Dev WER: 0.2947 | Time: 151s | Peak: 12.0 GB
2026-04-25 15:08:57,401 INFO   New best CER: 0.0996
2026-04-25 15:08:59,217 INFO Epoch 26 | Batch 0 | Loss: 0.4603 | LR: 2.21e-05
2026-04-25 15:09:05,045 INFO Epoch 26 | Batch 50 | Loss: 0.7259 | LR: 2.18e-05
2026-04-25 15:09:10,864 INFO Epoch 26 | Batch 100 | Loss: 0.4666 | LR: 2.15e-05
2026-04-25 15:09:16,708 INFO Epoch 26 | Batch 150 | Loss: 0.5597 | LR: 2.11e-05
2026-04-25 15:09:22,562 INFO Epoch 26 | Batch 200 | Loss: 0.4067 | LR: 2.08e-05
2026-04-25 15:09:28,433 INFO Epoch 26 | Batch 250 | Loss: 0.5729 | LR: 2.05e-05
2026-04-25 15:09:34,316 INFO Epoch 26 | Batch 300 | Loss: 0.5195 | LR: 2.02e-05
2026-04-25 15:09:40,127 INFO Epoch 26 | Batch 350 | Loss: 0.6525 | LR: 1.98e-05
2026-04-25 15:09:45,976 INFO Epoch 26 | Batch 400 | Loss: 0.6900 | LR: 1.95e-05
2026-04-25 15:09:51,829 INFO Epoch 26 | Batch 450 | Loss: 0.8538 | LR: 1.92e-05
2026-04-25 15:09:57,673 INFO Epoch 26 | Batch 500 | Loss: 0.3370 | LR: 1.89e-05
2026-04-25 15:10:03,511 INFO Epoch 26 | Batch 550 | Loss: 0.6579 | LR: 1.86e-05
2026-04-25 15:10:09,315 INFO Epoch 26 | Batch 600 | Loss: 0.4874 | LR: 1.83e-05
2026-04-25 15:10:15,185 INFO Epoch 26 | Batch 650 | Loss: 0.6468 | LR: 1.80e-05
2026-04-25 15:10:21,037 INFO Epoch 26 | Batch 700 | Loss: 0.6524 | LR: 1.77e-05
2026-04-25 15:10:26,960 INFO Epoch 26 | Batch 750 | Loss: 0.6441 | LR: 1.74e-05
2026-04-25 15:10:32,854 INFO Epoch 26 | Batch 800 | Loss: 0.5464 | LR: 1.71e-05
2026-04-25 15:10:38,670 INFO Epoch 26 | Batch 850 | Loss: 0.5403 | LR: 1.68e-05
2026-04-25 15:10:44,434 INFO Epoch 26 | Batch 900 | Loss: 0.3805 | LR: 1.65e-05
2026-04-25 15:10:50,521 INFO Epoch 26 | Batch 950 | Loss: 0.6658 | LR: 1.62e-05
2026-04-25 15:10:56,316 INFO Epoch 26 | Batch 1000 | Loss: 0.3744 | LR: 1.59e-05
2026-04-25 15:11:02,153 INFO Epoch 26 | Batch 1050 | Loss: 0.4516 | LR: 1.57e-05
2026-04-25 15:11:07,899 INFO Epoch 26 | Batch 1100 | Loss: 0.6209 | LR: 1.54e-05
2026-04-25 15:11:13,730 INFO Epoch 26 | Batch 1150 | Loss: 0.4949 | LR: 1.51e-05
2026-04-25 15:11:19,554 INFO Epoch 26 | Batch 1200 | Loss: 0.4251 | LR: 1.48e-05
2026-04-25 15:11:28,824 INFO Epoch 26 | Train: 0.5989 | Dev CER: 0.0987 | Dev WER: 0.2926 | Time: 151s | Peak: 12.0 GB
2026-04-25 15:11:28,824 INFO   New best CER: 0.0987
2026-04-25 15:11:30,645 INFO Epoch 27 | Batch 0 | Loss: 0.5169 | LR: 1.46e-05
2026-04-25 15:11:36,412 INFO Epoch 27 | Batch 50 | Loss: 0.5846 | LR: 1.44e-05
2026-04-25 15:11:42,182 INFO Epoch 27 | Batch 100 | Loss: 0.3683 | LR: 1.41e-05
2026-04-25 15:11:48,047 INFO Epoch 27 | Batch 150 | Loss: 0.8391 | LR: 1.38e-05
2026-04-25 15:11:53,817 INFO Epoch 27 | Batch 200 | Loss: 0.5151 | LR: 1.36e-05
2026-04-25 15:11:59,715 INFO Epoch 27 | Batch 250 | Loss: 0.5694 | LR: 1.33e-05
2026-04-25 15:12:05,482 INFO Epoch 27 | Batch 300 | Loss: 0.5124 | LR: 1.31e-05
2026-04-25 15:12:11,367 INFO Epoch 27 | Batch 350 | Loss: 0.7729 | LR: 1.28e-05
2026-04-25 15:12:17,229 INFO Epoch 27 | Batch 400 | Loss: 0.5357 | LR: 1.25e-05
2026-04-25 15:12:23,055 INFO Epoch 27 | Batch 450 | Loss: 0.7404 | LR: 1.23e-05
2026-04-25 15:12:28,846 INFO Epoch 27 | Batch 500 | Loss: 0.4200 | LR: 1.20e-05
2026-04-25 15:12:34,703 INFO Epoch 27 | Batch 550 | Loss: 0.7190 | LR: 1.18e-05
2026-04-25 15:12:40,528 INFO Epoch 27 | Batch 600 | Loss: 0.6178 | LR: 1.16e-05
2026-04-25 15:12:46,335 INFO Epoch 27 | Batch 650 | Loss: 0.5030 | LR: 1.13e-05
2026-04-25 15:12:52,228 INFO Epoch 27 | Batch 700 | Loss: 0.6365 | LR: 1.11e-05
2026-04-25 15:12:58,067 INFO Epoch 27 | Batch 750 | Loss: 0.6448 | LR: 1.09e-05
2026-04-25 15:13:03,879 INFO Epoch 27 | Batch 800 | Loss: 0.5263 | LR: 1.06e-05
2026-04-25 15:13:09,970 INFO Epoch 27 | Batch 850 | Loss: 0.6529 | LR: 1.04e-05
2026-04-25 15:13:15,816 INFO Epoch 27 | Batch 900 | Loss: 0.5617 | LR: 1.02e-05
2026-04-25 15:13:21,660 INFO Epoch 27 | Batch 950 | Loss: 0.8132 | LR: 9.95e-06
2026-04-25 15:13:27,417 INFO Epoch 27 | Batch 1000 | Loss: 0.4850 | LR: 9.72e-06
2026-04-25 15:13:33,235 INFO Epoch 27 | Batch 1050 | Loss: 0.4255 | LR: 9.51e-06
2026-04-25 15:13:39,059 INFO Epoch 27 | Batch 1100 | Loss: 0.3259 | LR: 9.29e-06
2026-04-25 15:13:44,910 INFO Epoch 27 | Batch 1150 | Loss: 0.5034 | LR: 9.08e-06
2026-04-25 15:13:50,754 INFO Epoch 27 | Batch 1200 | Loss: 0.6290 | LR: 8.87e-06
2026-04-25 15:14:00,069 INFO Epoch 27 | Train: 0.5939 | Dev CER: 0.0982 | Dev WER: 0.2915 | Time: 151s | Peak: 12.0 GB
2026-04-25 15:14:00,069 INFO   New best CER: 0.0982
2026-04-25 15:14:01,879 INFO Epoch 28 | Batch 0 | Loss: 0.5195 | LR: 8.72e-06
2026-04-25 15:14:07,659 INFO Epoch 28 | Batch 50 | Loss: 0.4477 | LR: 8.52e-06
2026-04-25 15:14:13,436 INFO Epoch 28 | Batch 100 | Loss: 0.6148 | LR: 8.31e-06
2026-04-25 15:14:19,210 INFO Epoch 28 | Batch 150 | Loss: 0.4837 | LR: 8.11e-06
2026-04-25 15:14:25,001 INFO Epoch 28 | Batch 200 | Loss: 0.5453 | LR: 7.92e-06
2026-04-25 15:14:30,813 INFO Epoch 28 | Batch 250 | Loss: 0.6629 | LR: 7.72e-06
2026-04-25 15:14:36,610 INFO Epoch 28 | Batch 300 | Loss: 0.6116 | LR: 7.53e-06
2026-04-25 15:14:42,400 INFO Epoch 28 | Batch 350 | Loss: 0.5070 | LR: 7.34e-06
2026-04-25 15:14:48,249 INFO Epoch 28 | Batch 400 | Loss: 0.4456 | LR: 7.16e-06
2026-04-25 15:14:54,099 INFO Epoch 28 | Batch 450 | Loss: 0.8148 | LR: 6.97e-06
2026-04-25 15:14:59,858 INFO Epoch 28 | Batch 500 | Loss: 0.5179 | LR: 6.79e-06
2026-04-25 15:15:05,730 INFO Epoch 28 | Batch 550 | Loss: 0.6309 | LR: 6.61e-06
2026-04-25 15:15:11,533 INFO Epoch 28 | Batch 600 | Loss: 0.7254 | LR: 6.44e-06
2026-04-25 15:15:17,550 INFO Epoch 28 | Batch 650 | Loss: 0.5811 | LR: 6.27e-06
2026-04-25 15:15:23,427 INFO Epoch 28 | Batch 700 | Loss: 0.5931 | LR: 6.10e-06
2026-04-25 15:15:29,282 INFO Epoch 28 | Batch 750 | Loss: 0.5539 | LR: 5.93e-06
2026-04-25 15:15:35,125 INFO Epoch 28 | Batch 800 | Loss: 0.7049 | LR: 5.76e-06
2026-04-25 15:15:40,985 INFO Epoch 28 | Batch 850 | Loss: 0.6209 | LR: 5.60e-06
2026-04-25 15:15:46,851 INFO Epoch 28 | Batch 900 | Loss: 0.4914 | LR: 5.44e-06
2026-04-25 15:15:52,692 INFO Epoch 28 | Batch 950 | Loss: 0.6652 | LR: 5.29e-06
2026-04-25 15:15:58,494 INFO Epoch 28 | Batch 1000 | Loss: 0.4356 | LR: 5.13e-06
2026-04-25 15:16:04,439 INFO Epoch 28 | Batch 1050 | Loss: 0.6985 | LR: 4.98e-06
2026-04-25 15:16:10,243 INFO Epoch 28 | Batch 1100 | Loss: 0.4841 | LR: 4.84e-06
2026-04-25 15:16:16,071 INFO Epoch 28 | Batch 1150 | Loss: 0.4010 | LR: 4.69e-06
2026-04-25 15:16:21,971 INFO Epoch 28 | Batch 1200 | Loss: 0.5400 | LR: 4.55e-06
2026-04-25 15:16:31,187 INFO Epoch 28 | Train: 0.5920 | Dev CER: 0.0979 | Dev WER: 0.2904 | Time: 151s | Peak: 12.0 GB
2026-04-25 15:16:31,187 INFO   New best CER: 0.0979
2026-04-25 15:16:33,044 INFO Epoch 29 | Batch 0 | Loss: 0.5466 | LR: 4.45e-06
2026-04-25 15:16:38,837 INFO Epoch 29 | Batch 50 | Loss: 0.7354 | LR: 4.31e-06
2026-04-25 15:16:44,620 INFO Epoch 29 | Batch 100 | Loss: 0.6173 | LR: 4.17e-06
2026-04-25 15:16:50,470 INFO Epoch 29 | Batch 150 | Loss: 0.4477 | LR: 4.04e-06
2026-04-25 15:16:56,304 INFO Epoch 29 | Batch 200 | Loss: 0.5164 | LR: 3.91e-06
2026-04-25 15:17:02,073 INFO Epoch 29 | Batch 250 | Loss: 0.6081 | LR: 3.79e-06
2026-04-25 15:17:07,867 INFO Epoch 29 | Batch 300 | Loss: 0.5563 | LR: 3.66e-06
2026-04-25 15:17:13,736 INFO Epoch 29 | Batch 350 | Loss: 0.6172 | LR: 3.54e-06
2026-04-25 15:17:19,569 INFO Epoch 29 | Batch 400 | Loss: 0.4820 | LR: 3.42e-06
2026-04-25 15:17:25,290 INFO Epoch 29 | Batch 450 | Loss: 0.5372 | LR: 3.31e-06
2026-04-25 15:17:31,381 INFO Epoch 29 | Batch 500 | Loss: 0.8218 | LR: 3.20e-06
2026-04-25 15:17:37,282 INFO Epoch 29 | Batch 550 | Loss: 0.4029 | LR: 3.09e-06
2026-04-25 15:17:43,137 INFO Epoch 29 | Batch 600 | Loss: 0.7616 | LR: 2.98e-06
2026-04-25 15:17:49,044 INFO Epoch 29 | Batch 650 | Loss: 0.6768 | LR: 2.88e-06
2026-04-25 15:17:54,890 INFO Epoch 29 | Batch 700 | Loss: 0.5914 | LR: 2.77e-06
2026-04-25 15:18:00,746 INFO Epoch 29 | Batch 750 | Loss: 0.2765 | LR: 2.68e-06
2026-04-25 15:18:06,534 INFO Epoch 29 | Batch 800 | Loss: 0.5213 | LR: 2.58e-06
2026-04-25 15:18:12,360 INFO Epoch 29 | Batch 850 | Loss: 0.4276 | LR: 2.49e-06
2026-04-25 15:18:18,211 INFO Epoch 29 | Batch 900 | Loss: 0.5885 | LR: 2.40e-06
2026-04-25 15:18:24,061 INFO Epoch 29 | Batch 950 | Loss: 0.5421 | LR: 2.31e-06
2026-04-25 15:18:29,894 INFO Epoch 29 | Batch 1000 | Loss: 0.6721 | LR: 2.22e-06
2026-04-25 15:18:35,760 INFO Epoch 29 | Batch 1050 | Loss: 0.5568 | LR: 2.14e-06
2026-04-25 15:18:41,607 INFO Epoch 29 | Batch 1100 | Loss: 0.5395 | LR: 2.06e-06
2026-04-25 15:18:47,459 INFO Epoch 29 | Batch 1150 | Loss: 0.6057 | LR: 1.99e-06
2026-04-25 15:18:53,371 INFO Epoch 29 | Batch 1200 | Loss: 0.4200 | LR: 1.91e-06
2026-04-25 15:19:02,518 INFO Epoch 29 | Train: 0.5874 | Dev CER: 0.0977 | Dev WER: 0.2896 | Time: 151s | Peak: 12.0 GB
2026-04-25 15:19:02,518 INFO   New best CER: 0.0977
2026-04-25 15:19:04,329 INFO Epoch 30 | Batch 0 | Loss: 0.6527 | LR: 1.86e-06
2026-04-25 15:19:10,119 INFO Epoch 30 | Batch 50 | Loss: 0.6007 | LR: 1.80e-06
2026-04-25 15:19:15,899 INFO Epoch 30 | Batch 100 | Loss: 0.4645 | LR: 1.73e-06
2026-04-25 15:19:21,715 INFO Epoch 30 | Batch 150 | Loss: 0.5614 | LR: 1.67e-06
2026-04-25 15:19:27,587 INFO Epoch 30 | Batch 200 | Loss: 0.3914 | LR: 1.61e-06
2026-04-25 15:19:33,464 INFO Epoch 30 | Batch 250 | Loss: 0.5268 | LR: 1.55e-06
2026-04-25 15:19:39,307 INFO Epoch 30 | Batch 300 | Loss: 0.3622 | LR: 1.50e-06
2026-04-25 15:19:45,121 INFO Epoch 30 | Batch 350 | Loss: 0.5522 | LR: 1.44e-06
2026-04-25 15:19:51,165 INFO Epoch 30 | Batch 400 | Loss: 0.5332 | LR: 1.39e-06
2026-04-25 15:19:57,001 INFO Epoch 30 | Batch 450 | Loss: 0.7042 | LR: 1.35e-06
2026-04-25 15:20:02,838 INFO Epoch 30 | Batch 500 | Loss: 0.4832 | LR: 1.31e-06
2026-04-25 15:20:08,683 INFO Epoch 30 | Batch 550 | Loss: 0.6819 | LR: 1.27e-06
2026-04-25 15:20:14,508 INFO Epoch 30 | Batch 600 | Loss: 0.5878 | LR: 1.23e-06
2026-04-25 15:20:20,354 INFO Epoch 30 | Batch 650 | Loss: 0.6649 | LR: 1.19e-06
2026-04-25 15:20:26,254 INFO Epoch 30 | Batch 700 | Loss: 0.6305 | LR: 1.16e-06
2026-04-25 15:20:32,058 INFO Epoch 30 | Batch 750 | Loss: 0.3566 | LR: 1.13e-06
2026-04-25 15:20:37,908 INFO Epoch 30 | Batch 800 | Loss: 0.4549 | LR: 1.11e-06
2026-04-25 15:20:43,708 INFO Epoch 30 | Batch 850 | Loss: 0.5230 | LR: 1.08e-06
2026-04-25 15:20:49,542 INFO Epoch 30 | Batch 900 | Loss: 0.4537 | LR: 1.06e-06
2026-04-25 15:20:55,345 INFO Epoch 30 | Batch 950 | Loss: 0.5461 | LR: 1.05e-06
2026-04-25 15:21:01,238 INFO Epoch 30 | Batch 1000 | Loss: 0.5817 | LR: 1.03e-06
2026-04-25 15:21:07,061 INFO Epoch 30 | Batch 1050 | Loss: 0.4093 | LR: 1.02e-06
2026-04-25 15:21:12,834 INFO Epoch 30 | Batch 1100 | Loss: 0.6255 | LR: 1.01e-06
2026-04-25 15:21:18,639 INFO Epoch 30 | Batch 1150 | Loss: 0.5447 | LR: 1.00e-06
2026-04-25 15:21:24,462 INFO Epoch 30 | Batch 1200 | Loss: 0.4917 | LR: 1.00e-06
2026-04-25 15:21:33,532 INFO Epoch 30 | Train: 0.5882 | Dev CER: 0.0977 | Dev WER: 0.2894 | Time: 151s | Peak: 12.0 GB
2026-04-25 15:21:33,532 INFO   New best CER: 0.0977
2026-04-25 15:22:16,899 INFO Done. Best dev CER: 0.0977 | Test CER: 0.0982
