2026-04-22 13:25:40,459 INFO Loading LibriSpeech split=train.100 from HuggingFace...
2026-04-22 13:25:40,643 INFO HTTP Request: HEAD https://huggingface.co/datasets/openslr/librispeech_asr/resolve/main/README.md "HTTP/1.1 307 Temporary Redirect"
2026-04-22 13:25:40,644 WARNING Warning: You are sending unauthenticated requests to the HF Hub. Please set a HF_TOKEN to enable higher rate limits and faster downloads.
2026-04-22 13:25:40,667 INFO HTTP Request: HEAD https://huggingface.co/api/resolve-cache/datasets/openslr/librispeech_asr/71cacbfb7e2354c4226d01e70d77d5fca3d04ba1/README.md "HTTP/1.1 200 OK"
2026-04-22 13:25:40,798 INFO HTTP Request: HEAD https://huggingface.co/datasets/openslr/librispeech_asr/resolve/71cacbfb7e2354c4226d01e70d77d5fca3d04ba1/librispeech_asr.py "HTTP/1.1 404 Not Found"
2026-04-22 13:25:41,223 INFO HTTP Request: HEAD https://s3.amazonaws.com/datasets.huggingface.co/datasets/datasets/openslr/librispeech_asr/openslr/librispeech_asr.py "HTTP/1.1 404 Not Found"
2026-04-22 13:25:41,376 INFO HTTP Request: GET https://huggingface.co/api/datasets/openslr/librispeech_asr/revision/71cacbfb7e2354c4226d01e70d77d5fca3d04ba1 "HTTP/1.1 200 OK"
2026-04-22 13:25:41,512 INFO HTTP Request: HEAD https://huggingface.co/datasets/openslr/librispeech_asr/resolve/71cacbfb7e2354c4226d01e70d77d5fca3d04ba1/.huggingface.yaml "HTTP/1.1 404 Not Found"
2026-04-22 13:25:41,705 INFO HTTP Request: GET https://datasets-server.huggingface.co/info?dataset=openslr/librispeech_asr "HTTP/1.1 200 OK"
2026-04-22 13:25:41,844 INFO HTTP Request: GET https://huggingface.co/api/datasets/openslr/librispeech_asr/tree/71cacbfb7e2354c4226d01e70d77d5fca3d04ba1/clean%2Ftest?recursive=true&expand=false "HTTP/1.1 200 OK"
2026-04-22 13:25:41,982 INFO HTTP Request: GET https://huggingface.co/api/datasets/openslr/librispeech_asr/tree/71cacbfb7e2354c4226d01e70d77d5fca3d04ba1/clean?recursive=false&expand=false "HTTP/1.1 200 OK"
2026-04-22 13:25:42,124 INFO HTTP Request: GET https://huggingface.co/api/datasets/openslr/librispeech_asr/tree/71cacbfb7e2354c4226d01e70d77d5fca3d04ba1/clean%2Ftrain.100?recursive=true&expand=false "HTTP/1.1 200 OK"
2026-04-22 13:25:42,266 INFO HTTP Request: GET https://huggingface.co/api/datasets/openslr/librispeech_asr/tree/71cacbfb7e2354c4226d01e70d77d5fca3d04ba1/clean%2Ftrain.360?recursive=true&expand=false "HTTP/1.1 200 OK"
2026-04-22 13:25:42,422 INFO HTTP Request: GET https://huggingface.co/api/datasets/openslr/librispeech_asr/tree/71cacbfb7e2354c4226d01e70d77d5fca3d04ba1/clean%2Fvalidation?recursive=true&expand=false "HTTP/1.1 200 OK"
2026-04-22 13:25:42,557 INFO HTTP Request: HEAD https://huggingface.co/datasets/openslr/librispeech_asr/resolve/71cacbfb7e2354c4226d01e70d77d5fca3d04ba1/dataset_infos.json "HTTP/1.1 404 Not Found"
2026-04-22 13:26:59,936 INFO Loaded 28538 utterances from train.100 (skipped 1 outside [0.5s, 20.0s])
2026-04-22 13:27:00,008 INFO Loading LibriSpeech split=validation from HuggingFace...
2026-04-22 13:27:00,177 INFO HTTP Request: HEAD https://huggingface.co/datasets/openslr/librispeech_asr/resolve/main/README.md "HTTP/1.1 307 Temporary Redirect"
2026-04-22 13:27:00,197 INFO HTTP Request: HEAD https://huggingface.co/api/resolve-cache/datasets/openslr/librispeech_asr/71cacbfb7e2354c4226d01e70d77d5fca3d04ba1/README.md "HTTP/1.1 200 OK"
2026-04-22 13:27:00,336 INFO HTTP Request: HEAD https://huggingface.co/datasets/openslr/librispeech_asr/resolve/71cacbfb7e2354c4226d01e70d77d5fca3d04ba1/librispeech_asr.py "HTTP/1.1 404 Not Found"
2026-04-22 13:27:00,696 INFO HTTP Request: HEAD https://s3.amazonaws.com/datasets.huggingface.co/datasets/datasets/openslr/librispeech_asr/openslr/librispeech_asr.py "HTTP/1.1 404 Not Found"
2026-04-22 13:27:00,835 INFO HTTP Request: HEAD https://huggingface.co/datasets/openslr/librispeech_asr/resolve/71cacbfb7e2354c4226d01e70d77d5fca3d04ba1/.huggingface.yaml "HTTP/1.1 404 Not Found"
2026-04-22 13:27:01,002 INFO HTTP Request: GET https://datasets-server.huggingface.co/info?dataset=openslr/librispeech_asr "HTTP/1.1 200 OK"
2026-04-22 13:27:01,162 INFO HTTP Request: HEAD https://huggingface.co/datasets/openslr/librispeech_asr/resolve/71cacbfb7e2354c4226d01e70d77d5fca3d04ba1/dataset_infos.json "HTTP/1.1 404 Not Found"
2026-04-22 13:27:05,488 INFO Loaded 2642 utterances from validation (skipped 61 outside [0.5s, 20.0s])
2026-04-22 13:27:05,494 INFO Loading LibriSpeech split=test from HuggingFace...
2026-04-22 13:27:05,622 INFO HTTP Request: HEAD https://huggingface.co/datasets/openslr/librispeech_asr/resolve/main/README.md "HTTP/1.1 307 Temporary Redirect"
2026-04-22 13:27:05,642 INFO HTTP Request: HEAD https://huggingface.co/api/resolve-cache/datasets/openslr/librispeech_asr/71cacbfb7e2354c4226d01e70d77d5fca3d04ba1/README.md "HTTP/1.1 200 OK"
2026-04-22 13:27:05,773 INFO HTTP Request: HEAD https://huggingface.co/datasets/openslr/librispeech_asr/resolve/71cacbfb7e2354c4226d01e70d77d5fca3d04ba1/librispeech_asr.py "HTTP/1.1 404 Not Found"
2026-04-22 13:27:06,189 INFO HTTP Request: HEAD https://s3.amazonaws.com/datasets.huggingface.co/datasets/datasets/openslr/librispeech_asr/openslr/librispeech_asr.py "HTTP/1.1 404 Not Found"
2026-04-22 13:27:06,335 INFO HTTP Request: HEAD https://huggingface.co/datasets/openslr/librispeech_asr/resolve/71cacbfb7e2354c4226d01e70d77d5fca3d04ba1/.huggingface.yaml "HTTP/1.1 404 Not Found"
2026-04-22 13:27:06,515 INFO HTTP Request: GET https://datasets-server.huggingface.co/info?dataset=openslr/librispeech_asr "HTTP/1.1 200 OK"
2026-04-22 13:27:06,675 INFO HTTP Request: HEAD https://huggingface.co/datasets/openslr/librispeech_asr/resolve/71cacbfb7e2354c4226d01e70d77d5fca3d04ba1/dataset_infos.json "HTTP/1.1 404 Not Found"
2026-04-22 13:27:10,967 INFO Loaded 2528 utterances from test (skipped 92 outside [0.5s, 20.0s])
2026-04-22 13:27:11,123 INFO Backbone: rwkv6_frontend_v2_matched | Params: 7.77M
2026-04-22 13:27:11,123 INFO   Frontend: 1.94M | Encoder: 5.83M | Head: 8.0K
2026-04-22 13:27:14,446 INFO Epoch 1 | Batch 0 | Loss: 4.2937 | LR: 3.00e-07
2026-04-22 13:27:20,803 INFO Epoch 1 | Batch 50 | Loss: 2.9990 | LR: 1.53e-05
2026-04-22 13:27:26,713 INFO Epoch 1 | Batch 100 | Loss: 2.9356 | LR: 3.03e-05
2026-04-22 13:27:32,571 INFO Epoch 1 | Batch 150 | Loss: 2.8795 | LR: 4.53e-05
2026-04-22 13:27:38,426 INFO Epoch 1 | Batch 200 | Loss: 2.8435 | LR: 6.03e-05
2026-04-22 13:27:44,347 INFO Epoch 1 | Batch 250 | Loss: 2.8522 | LR: 7.53e-05
2026-04-22 13:27:50,259 INFO Epoch 1 | Batch 300 | Loss: 2.8487 | LR: 9.03e-05
2026-04-22 13:27:56,189 INFO Epoch 1 | Batch 350 | Loss: 2.8589 | LR: 1.05e-04
2026-04-22 13:28:02,077 INFO Epoch 1 | Batch 400 | Loss: 2.9010 | LR: 1.20e-04
2026-04-22 13:28:07,966 INFO Epoch 1 | Batch 450 | Loss: 2.8632 | LR: 1.35e-04
2026-04-22 13:28:13,974 INFO Epoch 1 | Batch 500 | Loss: 2.8313 | LR: 1.50e-04
2026-04-22 13:28:19,808 INFO Epoch 1 | Batch 550 | Loss: 2.7167 | LR: 1.65e-04
2026-04-22 13:28:25,598 INFO Epoch 1 | Batch 600 | Loss: 2.7277 | LR: 1.80e-04
2026-04-22 13:28:31,506 INFO Epoch 1 | Batch 650 | Loss: 2.6381 | LR: 1.95e-04
2026-04-22 13:28:37,340 INFO Epoch 1 | Batch 700 | Loss: 2.5925 | LR: 2.10e-04
2026-04-22 13:28:43,205 INFO Epoch 1 | Batch 750 | Loss: 2.6081 | LR: 2.25e-04
2026-04-22 13:28:48,646 INFO Epoch 1 | Batch 800 | Loss: 2.7098 | LR: 2.40e-04
2026-04-22 13:28:54,426 INFO Epoch 1 | Batch 850 | Loss: 2.5961 | LR: 2.55e-04
2026-04-22 13:29:00,163 INFO Epoch 1 | Batch 900 | Loss: 2.6210 | LR: 2.70e-04
2026-04-22 13:29:05,980 INFO Epoch 1 | Batch 950 | Loss: 2.6217 | LR: 2.85e-04
2026-04-22 13:29:11,850 INFO Epoch 1 | Batch 1000 | Loss: 2.6041 | LR: 3.00e-04
2026-04-22 13:29:17,637 INFO Epoch 1 | Batch 1050 | Loss: 2.5937 | LR: 2.67e-04
2026-04-22 13:29:23,418 INFO Epoch 1 | Batch 1100 | Loss: 2.6200 | LR: 1.84e-04
2026-04-22 13:29:29,297 INFO Epoch 1 | Batch 1150 | Loss: 2.6317 | LR: 8.69e-05
2026-04-22 13:29:35,269 INFO Epoch 1 | Batch 1200 | Loss: 2.6327 | LR: 1.69e-05
2026-04-22 13:29:49,774 INFO Epoch 1 | Train: 2.7524 | Dev CER: 0.8403 | Dev WER: 1.1489 | Time: 158s | Peak: 3.8 GB
2026-04-22 13:29:49,774 INFO   New best CER: 0.8403
2026-04-22 13:30:48,250 INFO Done. Best dev CER: 0.8403 | Test CER: 0.8407
