2026-04-23 17:32:56,787 INFO Loading LibriSpeech split=train.100 from HuggingFace...
2026-04-23 17:32:56,961 INFO HTTP Request: HEAD https://huggingface.co/datasets/openslr/librispeech_asr/resolve/main/README.md "HTTP/1.1 307 Temporary Redirect"
Warning: You are sending unauthenticated requests to the HF Hub. Please set a HF_TOKEN to enable higher rate limits and faster downloads.
2026-04-23 17:32:56,962 WARNING Warning: You are sending unauthenticated requests to the HF Hub. Please set a HF_TOKEN to enable higher rate limits and faster downloads.
2026-04-23 17:32:56,981 INFO HTTP Request: HEAD https://huggingface.co/api/resolve-cache/datasets/openslr/librispeech_asr/71cacbfb7e2354c4226d01e70d77d5fca3d04ba1/README.md "HTTP/1.1 200 OK"
2026-04-23 17:32:57,114 INFO HTTP Request: HEAD https://huggingface.co/datasets/openslr/librispeech_asr/resolve/71cacbfb7e2354c4226d01e70d77d5fca3d04ba1/librispeech_asr.py "HTTP/1.1 404 Not Found"
2026-04-23 17:32:57,480 INFO HTTP Request: HEAD https://s3.amazonaws.com/datasets.huggingface.co/datasets/datasets/openslr/librispeech_asr/openslr/librispeech_asr.py "HTTP/1.1 404 Not Found"
2026-04-23 17:32:57,636 INFO HTTP Request: GET https://huggingface.co/api/datasets/openslr/librispeech_asr/revision/71cacbfb7e2354c4226d01e70d77d5fca3d04ba1 "HTTP/1.1 200 OK"
2026-04-23 17:32:57,823 INFO HTTP Request: HEAD https://huggingface.co/datasets/openslr/librispeech_asr/resolve/71cacbfb7e2354c4226d01e70d77d5fca3d04ba1/.huggingface.yaml "HTTP/1.1 404 Not Found"
2026-04-23 17:32:58,012 INFO HTTP Request: GET https://datasets-server.huggingface.co/info?dataset=openslr/librispeech_asr "HTTP/1.1 200 OK"
2026-04-23 17:32:58,154 INFO HTTP Request: GET https://huggingface.co/api/datasets/openslr/librispeech_asr/tree/71cacbfb7e2354c4226d01e70d77d5fca3d04ba1/clean%2Ftest?recursive=true&expand=false "HTTP/1.1 200 OK"
2026-04-23 17:32:58,288 INFO HTTP Request: GET https://huggingface.co/api/datasets/openslr/librispeech_asr/tree/71cacbfb7e2354c4226d01e70d77d5fca3d04ba1/clean?recursive=false&expand=false "HTTP/1.1 200 OK"
2026-04-23 17:32:58,434 INFO HTTP Request: GET https://huggingface.co/api/datasets/openslr/librispeech_asr/tree/71cacbfb7e2354c4226d01e70d77d5fca3d04ba1/clean%2Ftrain.100?recursive=true&expand=false "HTTP/1.1 200 OK"
2026-04-23 17:32:58,576 INFO HTTP Request: GET https://huggingface.co/api/datasets/openslr/librispeech_asr/tree/71cacbfb7e2354c4226d01e70d77d5fca3d04ba1/clean%2Ftrain.360?recursive=true&expand=false "HTTP/1.1 200 OK"
2026-04-23 17:32:58,734 INFO HTTP Request: GET https://huggingface.co/api/datasets/openslr/librispeech_asr/tree/71cacbfb7e2354c4226d01e70d77d5fca3d04ba1/clean%2Fvalidation?recursive=true&expand=false "HTTP/1.1 200 OK"
2026-04-23 17:32:58,893 INFO HTTP Request: HEAD https://huggingface.co/datasets/openslr/librispeech_asr/resolve/71cacbfb7e2354c4226d01e70d77d5fca3d04ba1/dataset_infos.json "HTTP/1.1 404 Not Found"
2026-04-23 17:34:16,074 INFO Loaded 28538 utterances from train.100 (skipped 1 outside [0.5s, 20.0s])
2026-04-23 17:34:16,145 INFO Loading LibriSpeech split=validation from HuggingFace...
2026-04-23 17:34:16,329 INFO HTTP Request: HEAD https://huggingface.co/datasets/openslr/librispeech_asr/resolve/main/README.md "HTTP/1.1 307 Temporary Redirect"
2026-04-23 17:34:16,349 INFO HTTP Request: HEAD https://huggingface.co/api/resolve-cache/datasets/openslr/librispeech_asr/71cacbfb7e2354c4226d01e70d77d5fca3d04ba1/README.md "HTTP/1.1 200 OK"
2026-04-23 17:34:16,483 INFO HTTP Request: HEAD https://huggingface.co/datasets/openslr/librispeech_asr/resolve/71cacbfb7e2354c4226d01e70d77d5fca3d04ba1/librispeech_asr.py "HTTP/1.1 404 Not Found"
2026-04-23 17:34:16,832 INFO HTTP Request: HEAD https://s3.amazonaws.com/datasets.huggingface.co/datasets/datasets/openslr/librispeech_asr/openslr/librispeech_asr.py "HTTP/1.1 404 Not Found"
2026-04-23 17:34:16,973 INFO HTTP Request: HEAD https://huggingface.co/datasets/openslr/librispeech_asr/resolve/71cacbfb7e2354c4226d01e70d77d5fca3d04ba1/.huggingface.yaml "HTTP/1.1 404 Not Found"
2026-04-23 17:34:17,169 INFO HTTP Request: GET https://datasets-server.huggingface.co/info?dataset=openslr/librispeech_asr "HTTP/1.1 200 OK"
2026-04-23 17:34:17,332 INFO HTTP Request: HEAD https://huggingface.co/datasets/openslr/librispeech_asr/resolve/71cacbfb7e2354c4226d01e70d77d5fca3d04ba1/dataset_infos.json "HTTP/1.1 404 Not Found"
2026-04-23 17:34:21,646 INFO Loaded 2642 utterances from validation (skipped 61 outside [0.5s, 20.0s])
2026-04-23 17:34:21,652 INFO Loading LibriSpeech split=test from HuggingFace...
2026-04-23 17:34:21,781 INFO HTTP Request: HEAD https://huggingface.co/datasets/openslr/librispeech_asr/resolve/main/README.md "HTTP/1.1 307 Temporary Redirect"
2026-04-23 17:34:21,801 INFO HTTP Request: HEAD https://huggingface.co/api/resolve-cache/datasets/openslr/librispeech_asr/71cacbfb7e2354c4226d01e70d77d5fca3d04ba1/README.md "HTTP/1.1 200 OK"
2026-04-23 17:34:21,938 INFO HTTP Request: HEAD https://huggingface.co/datasets/openslr/librispeech_asr/resolve/71cacbfb7e2354c4226d01e70d77d5fca3d04ba1/librispeech_asr.py "HTTP/1.1 404 Not Found"
2026-04-23 17:34:22,251 INFO HTTP Request: HEAD https://s3.amazonaws.com/datasets.huggingface.co/datasets/datasets/openslr/librispeech_asr/openslr/librispeech_asr.py "HTTP/1.1 404 Not Found"
2026-04-23 17:34:22,398 INFO HTTP Request: HEAD https://huggingface.co/datasets/openslr/librispeech_asr/resolve/71cacbfb7e2354c4226d01e70d77d5fca3d04ba1/.huggingface.yaml "HTTP/1.1 404 Not Found"
2026-04-23 17:34:22,574 INFO HTTP Request: GET https://datasets-server.huggingface.co/info?dataset=openslr/librispeech_asr "HTTP/1.1 200 OK"
2026-04-23 17:34:22,734 INFO HTTP Request: HEAD https://huggingface.co/datasets/openslr/librispeech_asr/resolve/71cacbfb7e2354c4226d01e70d77d5fca3d04ba1/dataset_infos.json "HTTP/1.1 404 Not Found"
2026-04-23 17:34:26,960 INFO Loaded 2528 utterances from test (skipped 92 outside [0.5s, 20.0s])
2026-04-23 17:34:27,528 INFO Backbone: mamba2_novelty_fixed_g05 | Params: 7.27M
2026-04-23 17:34:27,528 INFO   Frontend: 1.90M | Encoder: 5.36M | Head: 8.0K
2026-04-23 17:34:30,813 INFO Epoch 1 | Batch 0 | Loss: 4.3964 | LR: 3.00e-07
2026-04-23 17:34:38,080 INFO Epoch 1 | Batch 50 | Loss: 2.8684 | LR: 1.53e-05
2026-04-23 17:34:46,782 INFO Epoch 1 | Batch 100 | Loss: 2.8865 | LR: 3.03e-05
2026-04-23 17:34:55,475 INFO Epoch 1 | Batch 150 | Loss: 2.8755 | LR: 4.53e-05
2026-04-23 17:35:04,374 INFO Epoch 1 | Batch 200 | Loss: 2.8336 | LR: 6.03e-05
2026-04-23 17:35:13,092 INFO Epoch 1 | Batch 250 | Loss: 2.8347 | LR: 7.53e-05
2026-04-23 17:35:21,895 INFO Epoch 1 | Batch 300 | Loss: 2.7129 | LR: 9.03e-05
2026-04-23 17:35:30,600 INFO Epoch 1 | Batch 350 | Loss: 2.6494 | LR: 1.05e-04
2026-04-23 17:35:39,522 INFO Epoch 1 | Batch 400 | Loss: 2.6559 | LR: 1.20e-04
2026-04-23 17:35:48,284 INFO Epoch 1 | Batch 450 | Loss: 2.5474 | LR: 1.35e-04
2026-04-23 17:35:57,278 INFO Epoch 1 | Batch 500 | Loss: 2.5184 | LR: 1.50e-04
2026-04-23 17:36:05,844 INFO Epoch 1 | Batch 550 | Loss: 2.4243 | LR: 1.65e-04
2026-04-23 17:36:14,630 INFO Epoch 1 | Batch 600 | Loss: 2.4969 | LR: 1.80e-04
2026-04-23 17:36:23,660 INFO Epoch 1 | Batch 650 | Loss: 2.1776 | LR: 1.95e-04
2026-04-23 17:36:32,442 INFO Epoch 1 | Batch 700 | Loss: 2.2437 | LR: 2.10e-04
2026-04-23 17:36:41,455 INFO Epoch 1 | Batch 750 | Loss: 2.1855 | LR: 2.25e-04
2026-04-23 17:36:50,158 INFO Epoch 1 | Batch 800 | Loss: 2.4236 | LR: 2.40e-04
2026-04-23 17:36:59,076 INFO Epoch 1 | Batch 850 | Loss: 2.0420 | LR: 2.55e-04
2026-04-23 17:37:07,769 INFO Epoch 1 | Batch 900 | Loss: 2.0945 | LR: 2.70e-04
2026-04-23 17:37:16,581 INFO Epoch 1 | Batch 950 | Loss: 1.9589 | LR: 2.85e-04
2026-04-23 17:37:25,302 INFO Epoch 1 | Batch 1000 | Loss: 1.7731 | LR: 3.00e-04
2026-04-23 17:37:34,267 INFO Epoch 1 | Batch 1050 | Loss: 1.8920 | LR: 3.00e-04
2026-04-23 17:37:42,914 INFO Epoch 1 | Batch 1100 | Loss: 1.9552 | LR: 3.00e-04
2026-04-23 17:37:51,923 INFO Epoch 1 | Batch 1150 | Loss: 2.0526 | LR: 3.00e-04
2026-04-23 17:38:00,658 INFO Epoch 1 | Batch 1200 | Loss: 1.9770 | LR: 3.00e-04
2026-04-23 17:38:20,035 INFO Epoch 1 | Train: 2.3803 | Dev CER: 0.4340 | Dev WER: 0.9130 | Time: 232s | Peak: 2.5 GB
2026-04-23 17:38:20,038 INFO   New best CER: 0.4340
2026-04-23 17:38:22,687 INFO Epoch 2 | Batch 0 | Loss: 1.7212 | LR: 3.00e-04
2026-04-23 17:38:31,518 INFO Epoch 2 | Batch 50 | Loss: 1.9997 | LR: 3.00e-04
2026-04-23 17:38:40,384 INFO Epoch 2 | Batch 100 | Loss: 1.9759 | LR: 3.00e-04
2026-04-23 17:38:49,399 INFO Epoch 2 | Batch 150 | Loss: 1.8911 | LR: 3.00e-04
2026-04-23 17:38:58,108 INFO Epoch 2 | Batch 200 | Loss: 1.6731 | LR: 3.00e-04
2026-04-23 17:39:07,014 INFO Epoch 2 | Batch 250 | Loss: 1.4540 | LR: 3.00e-04
2026-04-23 17:39:15,987 INFO Epoch 2 | Batch 300 | Loss: 1.6408 | LR: 3.00e-04
2026-04-23 17:39:25,001 INFO Epoch 2 | Batch 350 | Loss: 1.6389 | LR: 3.00e-04
2026-04-23 17:39:33,864 INFO Epoch 2 | Batch 400 | Loss: 1.4207 | LR: 3.00e-04
2026-04-23 17:39:42,761 INFO Epoch 2 | Batch 450 | Loss: 1.5140 | LR: 3.00e-04
2026-04-23 17:39:51,342 INFO Epoch 2 | Batch 500 | Loss: 1.5295 | LR: 3.00e-04
2026-04-23 17:40:00,072 INFO Epoch 2 | Batch 550 | Loss: 1.8010 | LR: 3.00e-04
2026-04-23 17:40:08,506 INFO Epoch 2 | Batch 600 | Loss: 1.5880 | LR: 3.00e-04
2026-04-23 17:40:17,243 INFO Epoch 2 | Batch 650 | Loss: 1.7272 | LR: 3.00e-04
2026-04-23 17:40:26,043 INFO Epoch 2 | Batch 700 | Loss: 2.0661 | LR: 3.00e-04
2026-04-23 17:40:34,429 INFO Epoch 2 | Batch 750 | Loss: 1.5892 | LR: 2.99e-04
2026-04-23 17:40:43,048 INFO Epoch 2 | Batch 800 | Loss: 1.3110 | LR: 2.99e-04
2026-04-23 17:40:51,479 INFO Epoch 2 | Batch 850 | Loss: 1.6515 | LR: 2.99e-04
2026-04-23 17:40:59,983 INFO Epoch 2 | Batch 900 | Loss: 1.5066 | LR: 2.99e-04
2026-04-23 17:41:08,366 INFO Epoch 2 | Batch 950 | Loss: 1.3435 | LR: 2.99e-04
2026-04-23 17:41:17,193 INFO Epoch 2 | Batch 1000 | Loss: 2.1534 | LR: 2.99e-04
2026-04-23 17:41:26,003 INFO Epoch 2 | Batch 1050 | Loss: 1.5590 | LR: 2.99e-04
2026-04-23 17:41:34,760 INFO Epoch 2 | Batch 1100 | Loss: 1.4286 | LR: 2.99e-04
2026-04-23 17:41:43,236 INFO Epoch 2 | Batch 1150 | Loss: 1.2685 | LR: 2.99e-04
2026-04-23 17:41:51,703 INFO Epoch 2 | Batch 1200 | Loss: 1.3723 | LR: 2.99e-04
2026-04-23 17:42:10,423 INFO Epoch 2 | Train: 1.5820 | Dev CER: 0.3111 | Dev WER: 0.7527 | Time: 230s | Peak: 2.5 GB
2026-04-23 17:42:10,423 INFO   New best CER: 0.3111
2026-04-23 17:42:13,656 INFO Epoch 3 | Batch 0 | Loss: 1.2930 | LR: 2.99e-04
2026-04-23 17:42:22,486 INFO Epoch 3 | Batch 50 | Loss: 1.3890 | LR: 2.99e-04
2026-04-23 17:42:31,253 INFO Epoch 3 | Batch 100 | Loss: 1.3354 | LR: 2.99e-04
2026-04-23 17:42:39,915 INFO Epoch 3 | Batch 150 | Loss: 1.2660 | LR: 2.99e-04
2026-04-23 17:42:48,469 INFO Epoch 3 | Batch 200 | Loss: 1.4368 | LR: 2.98e-04
2026-04-23 17:42:57,124 INFO Epoch 3 | Batch 250 | Loss: 1.0310 | LR: 2.98e-04
2026-04-23 17:43:05,707 INFO Epoch 3 | Batch 300 | Loss: 1.4664 | LR: 2.98e-04
2026-04-23 17:43:14,096 INFO Epoch 3 | Batch 350 | Loss: 1.0758 | LR: 2.98e-04
2026-04-23 17:43:22,762 INFO Epoch 3 | Batch 400 | Loss: 1.1286 | LR: 2.98e-04
2026-04-23 17:43:31,404 INFO Epoch 3 | Batch 450 | Loss: 1.7211 | LR: 2.98e-04
2026-04-23 17:43:40,047 INFO Epoch 3 | Batch 500 | Loss: 1.2432 | LR: 2.98e-04
2026-04-23 17:43:49,075 INFO Epoch 3 | Batch 550 | Loss: 1.2241 | LR: 2.98e-04
2026-04-23 17:43:57,575 INFO Epoch 3 | Batch 600 | Loss: 1.4889 | LR: 2.98e-04
2026-04-23 17:44:06,307 INFO Epoch 3 | Batch 650 | Loss: 1.3214 | LR: 2.97e-04
2026-04-23 17:44:14,809 INFO Epoch 3 | Batch 700 | Loss: 1.4666 | LR: 2.97e-04
2026-04-23 17:44:23,414 INFO Epoch 3 | Batch 750 | Loss: 1.7560 | LR: 2.97e-04
2026-04-23 17:44:32,175 INFO Epoch 3 | Batch 800 | Loss: 1.3941 | LR: 2.97e-04
2026-04-23 17:44:41,139 INFO Epoch 3 | Batch 850 | Loss: 1.3596 | LR: 2.97e-04
2026-04-23 17:44:49,642 INFO Epoch 3 | Batch 900 | Loss: 1.5453 | LR: 2.97e-04
2026-04-23 17:44:58,434 INFO Epoch 3 | Batch 950 | Loss: 1.5864 | LR: 2.97e-04
2026-04-23 17:45:07,070 INFO Epoch 3 | Batch 1000 | Loss: 1.1781 | LR: 2.97e-04
2026-04-23 17:45:16,106 INFO Epoch 3 | Batch 1050 | Loss: 1.2664 | LR: 2.96e-04
2026-04-23 17:45:24,760 INFO Epoch 3 | Batch 1100 | Loss: 1.0800 | LR: 2.96e-04
2026-04-23 17:45:33,675 INFO Epoch 3 | Batch 1150 | Loss: 1.7137 | LR: 2.96e-04
2026-04-23 17:45:42,201 INFO Epoch 3 | Batch 1200 | Loss: 1.5166 | LR: 2.96e-04
2026-04-23 17:46:01,479 INFO Epoch 3 | Train: 1.3156 | Dev CER: 0.2639 | Dev WER: 0.6788 | Time: 231s | Peak: 2.5 GB
2026-04-23 17:46:01,479 INFO   New best CER: 0.2639
2026-04-23 17:46:04,490 INFO Epoch 4 | Batch 0 | Loss: 1.0740 | LR: 2.96e-04
2026-04-23 17:46:13,502 INFO Epoch 4 | Batch 50 | Loss: 1.4271 | LR: 2.96e-04
2026-04-23 17:46:22,192 INFO Epoch 4 | Batch 100 | Loss: 1.1016 | LR: 2.96e-04
2026-04-23 17:46:31,013 INFO Epoch 4 | Batch 150 | Loss: 1.6637 | LR: 2.95e-04
2026-04-23 17:46:39,630 INFO Epoch 4 | Batch 200 | Loss: 1.3030 | LR: 2.95e-04
2026-04-23 17:46:48,646 INFO Epoch 4 | Batch 250 | Loss: 1.2645 | LR: 2.95e-04
2026-04-23 17:46:57,197 INFO Epoch 4 | Batch 300 | Loss: 1.1772 | LR: 2.95e-04
2026-04-23 17:47:06,037 INFO Epoch 4 | Batch 350 | Loss: 1.6245 | LR: 2.95e-04
2026-04-23 17:47:14,529 INFO Epoch 4 | Batch 400 | Loss: 1.2956 | LR: 2.95e-04
2026-04-23 17:47:23,298 INFO Epoch 4 | Batch 450 | Loss: 1.2007 | LR: 2.94e-04
2026-04-23 17:47:32,072 INFO Epoch 4 | Batch 500 | Loss: 1.3891 | LR: 2.94e-04
2026-04-23 17:47:40,687 INFO Epoch 4 | Batch 550 | Loss: 1.0841 | LR: 2.94e-04
2026-04-23 17:47:49,400 INFO Epoch 4 | Batch 600 | Loss: 1.3231 | LR: 2.94e-04
2026-04-23 17:47:58,138 INFO Epoch 4 | Batch 650 | Loss: 1.1866 | LR: 2.94e-04
2026-04-23 17:48:06,936 INFO Epoch 4 | Batch 700 | Loss: 0.9842 | LR: 2.93e-04
2026-04-23 17:48:15,973 INFO Epoch 4 | Batch 750 | Loss: 1.1809 | LR: 2.93e-04
2026-04-23 17:48:24,701 INFO Epoch 4 | Batch 800 | Loss: 1.0306 | LR: 2.93e-04
2026-04-23 17:48:33,350 INFO Epoch 4 | Batch 850 | Loss: 1.4958 | LR: 2.93e-04
2026-04-23 17:48:41,768 INFO Epoch 4 | Batch 900 | Loss: 1.2463 | LR: 2.93e-04
2026-04-23 17:48:50,481 INFO Epoch 4 | Batch 950 | Loss: 1.1969 | LR: 2.92e-04
2026-04-23 17:48:59,005 INFO Epoch 4 | Batch 1000 | Loss: 1.0786 | LR: 2.92e-04
2026-04-23 17:49:07,560 INFO Epoch 4 | Batch 1050 | Loss: 1.2653 | LR: 2.92e-04
2026-04-23 17:49:15,895 INFO Epoch 4 | Batch 1100 | Loss: 1.0569 | LR: 2.92e-04
2026-04-23 17:49:24,369 INFO Epoch 4 | Batch 1150 | Loss: 1.3343 | LR: 2.92e-04
2026-04-23 17:49:33,113 INFO Epoch 4 | Batch 1200 | Loss: 1.5281 | LR: 2.91e-04
2026-04-23 17:49:52,736 INFO Epoch 4 | Train: 1.1877 | Dev CER: 0.2327 | Dev WER: 0.6210 | Time: 231s | Peak: 2.5 GB
2026-04-23 17:49:52,736 INFO   New best CER: 0.2327
2026-04-23 17:49:56,385 INFO Epoch 5 | Batch 0 | Loss: 0.8487 | LR: 2.91e-04
2026-04-23 17:50:04,898 INFO Epoch 5 | Batch 50 | Loss: 1.0706 | LR: 2.91e-04
2026-04-23 17:50:13,422 INFO Epoch 5 | Batch 100 | Loss: 1.1516 | LR: 2.91e-04
2026-04-23 17:50:20,368 INFO Epoch 5 | Batch 150 | Loss: 1.1046 | LR: 2.91e-04
2026-04-23 17:50:28,470 INFO Epoch 5 | Batch 200 | Loss: 0.9451 | LR: 2.90e-04
2026-04-23 17:50:36,841 INFO Epoch 5 | Batch 250 | Loss: 1.7371 | LR: 2.90e-04
2026-04-23 17:50:45,541 INFO Epoch 5 | Batch 300 | Loss: 0.8918 | LR: 2.90e-04
2026-04-23 17:50:53,995 INFO Epoch 5 | Batch 350 | Loss: 0.9454 | LR: 2.90e-04
2026-04-23 17:51:02,478 INFO Epoch 5 | Batch 400 | Loss: 0.8091 | LR: 2.89e-04
2026-04-23 17:51:10,956 INFO Epoch 5 | Batch 450 | Loss: 1.1574 | LR: 2.89e-04
2026-04-23 17:51:19,302 INFO Epoch 5 | Batch 500 | Loss: 1.0167 | LR: 2.89e-04
2026-04-23 17:51:27,690 INFO Epoch 5 | Batch 550 | Loss: 1.1286 | LR: 2.89e-04
2026-04-23 17:51:36,480 INFO Epoch 5 | Batch 600 | Loss: 1.3077 | LR: 2.88e-04
2026-04-23 17:51:45,284 INFO Epoch 5 | Batch 650 | Loss: 1.3994 | LR: 2.88e-04
2026-04-23 17:51:53,854 INFO Epoch 5 | Batch 700 | Loss: 1.0422 | LR: 2.88e-04
2026-04-23 17:52:02,834 INFO Epoch 5 | Batch 750 | Loss: 0.9499 | LR: 2.88e-04
2026-04-23 17:52:11,452 INFO Epoch 5 | Batch 800 | Loss: 0.9346 | LR: 2.87e-04
2026-04-23 17:52:20,434 INFO Epoch 5 | Batch 850 | Loss: 1.0420 | LR: 2.87e-04
2026-04-23 17:52:28,967 INFO Epoch 5 | Batch 900 | Loss: 1.1508 | LR: 2.87e-04
2026-04-23 17:52:37,727 INFO Epoch 5 | Batch 950 | Loss: 1.5014 | LR: 2.87e-04
2026-04-23 17:52:46,190 INFO Epoch 5 | Batch 1000 | Loss: 1.2839 | LR: 2.86e-04
2026-04-23 17:52:54,893 INFO Epoch 5 | Batch 1050 | Loss: 1.0076 | LR: 2.86e-04
2026-04-23 17:53:03,240 INFO Epoch 5 | Batch 1100 | Loss: 1.1303 | LR: 2.86e-04
2026-04-23 17:53:11,658 INFO Epoch 5 | Batch 1150 | Loss: 1.3828 | LR: 2.86e-04
2026-04-23 17:53:20,129 INFO Epoch 5 | Batch 1200 | Loss: 1.0760 | LR: 2.85e-04
2026-04-23 17:53:39,484 INFO Epoch 5 | Train: 1.0854 | Dev CER: 0.2125 | Dev WER: 0.5806 | Time: 226s | Peak: 2.5 GB
2026-04-23 17:53:39,484 INFO   New best CER: 0.2125
2026-04-23 17:53:42,605 INFO Epoch 6 | Batch 0 | Loss: 1.0279 | LR: 2.85e-04
2026-04-23 17:53:51,306 INFO Epoch 6 | Batch 50 | Loss: 1.5915 | LR: 2.85e-04
2026-04-23 17:54:00,162 INFO Epoch 6 | Batch 100 | Loss: 1.2162 | LR: 2.84e-04
2026-04-23 17:54:08,972 INFO Epoch 6 | Batch 150 | Loss: 1.1330 | LR: 2.84e-04
2026-04-23 17:54:17,691 INFO Epoch 6 | Batch 200 | Loss: 1.1540 | LR: 2.84e-04
2026-04-23 17:54:26,436 INFO Epoch 6 | Batch 250 | Loss: 0.7830 | LR: 2.84e-04
2026-04-23 17:54:35,221 INFO Epoch 6 | Batch 300 | Loss: 0.7971 | LR: 2.83e-04
2026-04-23 17:54:44,233 INFO Epoch 6 | Batch 350 | Loss: 0.9830 | LR: 2.83e-04
2026-04-23 17:54:53,078 INFO Epoch 6 | Batch 400 | Loss: 0.8489 | LR: 2.83e-04
2026-04-23 17:55:01,828 INFO Epoch 6 | Batch 450 | Loss: 1.7775 | LR: 2.82e-04
2026-04-23 17:55:10,359 INFO Epoch 6 | Batch 500 | Loss: 0.8324 | LR: 2.82e-04
2026-04-23 17:55:19,121 INFO Epoch 6 | Batch 550 | Loss: 0.8917 | LR: 2.82e-04
2026-04-23 17:55:27,551 INFO Epoch 6 | Batch 600 | Loss: 0.9987 | LR: 2.81e-04
2026-04-23 17:55:36,275 INFO Epoch 6 | Batch 650 | Loss: 1.1954 | LR: 2.81e-04
2026-04-23 17:55:44,576 INFO Epoch 6 | Batch 700 | Loss: 1.2485 | LR: 2.81e-04
2026-04-23 17:55:53,010 INFO Epoch 6 | Batch 750 | Loss: 1.0685 | LR: 2.81e-04
2026-04-23 17:56:01,681 INFO Epoch 6 | Batch 800 | Loss: 0.9947 | LR: 2.80e-04
2026-04-23 17:56:10,194 INFO Epoch 6 | Batch 850 | Loss: 1.0906 | LR: 2.80e-04
2026-04-23 17:56:19,005 INFO Epoch 6 | Batch 900 | Loss: 0.7621 | LR: 2.80e-04
2026-04-23 17:56:27,801 INFO Epoch 6 | Batch 950 | Loss: 1.4171 | LR: 2.79e-04
2026-04-23 17:56:36,813 INFO Epoch 6 | Batch 1000 | Loss: 0.9541 | LR: 2.79e-04
2026-04-23 17:56:45,547 INFO Epoch 6 | Batch 1050 | Loss: 1.2163 | LR: 2.79e-04
2026-04-23 17:56:54,525 INFO Epoch 6 | Batch 1100 | Loss: 1.1823 | LR: 2.78e-04
2026-04-23 17:57:03,150 INFO Epoch 6 | Batch 1150 | Loss: 0.9815 | LR: 2.78e-04
2026-04-23 17:57:12,192 INFO Epoch 6 | Batch 1200 | Loss: 0.8568 | LR: 2.78e-04
2026-04-23 17:57:31,179 INFO Epoch 6 | Train: 1.0134 | Dev CER: 0.1984 | Dev WER: 0.5521 | Time: 231s | Peak: 2.5 GB
2026-04-23 17:57:31,179 INFO   New best CER: 0.1984
2026-04-23 17:57:34,769 INFO Epoch 7 | Batch 0 | Loss: 1.0888 | LR: 2.77e-04
2026-04-23 17:57:43,411 INFO Epoch 7 | Batch 50 | Loss: 1.1551 | LR: 2.77e-04
2026-04-23 17:57:52,459 INFO Epoch 7 | Batch 100 | Loss: 0.8901 | LR: 2.77e-04
2026-04-23 17:58:01,045 INFO Epoch 7 | Batch 150 | Loss: 1.0949 | LR: 2.76e-04
2026-04-23 17:58:09,852 INFO Epoch 7 | Batch 200 | Loss: 0.8044 | LR: 2.76e-04
2026-04-23 17:58:18,505 INFO Epoch 7 | Batch 250 | Loss: 1.0492 | LR: 2.76e-04
2026-04-23 17:58:27,184 INFO Epoch 7 | Batch 300 | Loss: 0.8711 | LR: 2.75e-04
2026-04-23 17:58:35,889 INFO Epoch 7 | Batch 350 | Loss: 1.1898 | LR: 2.75e-04
2026-04-23 17:58:44,709 INFO Epoch 7 | Batch 400 | Loss: 0.8292 | LR: 2.74e-04
2026-04-23 17:58:53,505 INFO Epoch 7 | Batch 450 | Loss: 1.1146 | LR: 2.74e-04
2026-04-23 17:59:02,374 INFO Epoch 7 | Batch 500 | Loss: 1.1619 | LR: 2.74e-04
2026-04-23 17:59:11,094 INFO Epoch 7 | Batch 550 | Loss: 0.8144 | LR: 2.73e-04
2026-04-23 17:59:20,071 INFO Epoch 7 | Batch 600 | Loss: 0.9684 | LR: 2.73e-04
2026-04-23 17:59:28,767 INFO Epoch 7 | Batch 650 | Loss: 1.1448 | LR: 2.73e-04
2026-04-23 17:59:37,743 INFO Epoch 7 | Batch 700 | Loss: 1.0689 | LR: 2.72e-04
2026-04-23 17:59:46,295 INFO Epoch 7 | Batch 750 | Loss: 1.1353 | LR: 2.72e-04
2026-04-23 17:59:54,982 INFO Epoch 7 | Batch 800 | Loss: 1.3475 | LR: 2.71e-04
2026-04-23 18:00:03,604 INFO Epoch 7 | Batch 850 | Loss: 1.1929 | LR: 2.71e-04
2026-04-23 18:00:12,684 INFO Epoch 7 | Batch 900 | Loss: 0.9120 | LR: 2.71e-04
2026-04-23 18:00:21,378 INFO Epoch 7 | Batch 950 | Loss: 0.8374 | LR: 2.70e-04
2026-04-23 18:00:30,249 INFO Epoch 7 | Batch 1000 | Loss: 0.7912 | LR: 2.70e-04
2026-04-23 18:00:39,000 INFO Epoch 7 | Batch 1050 | Loss: 1.1694 | LR: 2.69e-04
2026-04-23 18:00:47,707 INFO Epoch 7 | Batch 1100 | Loss: 1.3815 | LR: 2.69e-04
2026-04-23 18:00:56,314 INFO Epoch 7 | Batch 1150 | Loss: 0.8673 | LR: 2.69e-04
2026-04-23 18:01:05,280 INFO Epoch 7 | Batch 1200 | Loss: 0.6301 | LR: 2.68e-04
2026-04-23 18:01:25,059 INFO Epoch 7 | Train: 0.9718 | Dev CER: 0.1851 | Dev WER: 0.5184 | Time: 233s | Peak: 2.5 GB
2026-04-23 18:01:25,059 INFO   New best CER: 0.1851
2026-04-23 18:01:28,563 INFO Epoch 8 | Batch 0 | Loss: 0.8575 | LR: 2.68e-04
2026-04-23 18:01:37,524 INFO Epoch 8 | Batch 50 | Loss: 1.0099 | LR: 2.68e-04
2026-04-23 18:01:46,167 INFO Epoch 8 | Batch 100 | Loss: 1.0139 | LR: 2.67e-04
2026-04-23 18:01:55,121 INFO Epoch 8 | Batch 150 | Loss: 1.1639 | LR: 2.67e-04
2026-04-23 18:02:03,850 INFO Epoch 8 | Batch 200 | Loss: 0.8979 | LR: 2.66e-04
2026-04-23 18:02:12,760 INFO Epoch 8 | Batch 250 | Loss: 1.1442 | LR: 2.66e-04
2026-04-23 18:02:21,434 INFO Epoch 8 | Batch 300 | Loss: 0.8678 | LR: 2.66e-04
2026-04-23 18:02:30,127 INFO Epoch 8 | Batch 350 | Loss: 1.1256 | LR: 2.65e-04
2026-04-23 18:02:38,839 INFO Epoch 8 | Batch 400 | Loss: 0.7903 | LR: 2.65e-04
2026-04-23 18:02:47,817 INFO Epoch 8 | Batch 450 | Loss: 1.1143 | LR: 2.64e-04
2026-04-23 18:02:56,559 INFO Epoch 8 | Batch 500 | Loss: 0.9025 | LR: 2.64e-04
2026-04-23 18:03:05,328 INFO Epoch 8 | Batch 550 | Loss: 0.9023 | LR: 2.63e-04
2026-04-23 18:03:14,089 INFO Epoch 8 | Batch 600 | Loss: 0.7308 | LR: 2.63e-04
2026-04-23 18:03:22,872 INFO Epoch 8 | Batch 650 | Loss: 0.8831 | LR: 2.63e-04
2026-04-23 18:03:31,828 INFO Epoch 8 | Batch 700 | Loss: 0.7813 | LR: 2.62e-04
2026-04-23 18:03:40,558 INFO Epoch 8 | Batch 750 | Loss: 0.7031 | LR: 2.62e-04
2026-04-23 18:03:49,517 INFO Epoch 8 | Batch 800 | Loss: 0.9137 | LR: 2.61e-04
2026-04-23 18:03:58,544 INFO Epoch 8 | Batch 850 | Loss: 0.6341 | LR: 2.61e-04
2026-04-23 18:04:07,257 INFO Epoch 8 | Batch 900 | Loss: 1.0647 | LR: 2.60e-04
2026-04-23 18:04:16,032 INFO Epoch 8 | Batch 950 | Loss: 0.9709 | LR: 2.60e-04
2026-04-23 18:04:24,557 INFO Epoch 8 | Batch 1000 | Loss: 0.7416 | LR: 2.60e-04
2026-04-23 18:04:33,092 INFO Epoch 8 | Batch 1050 | Loss: 0.8254 | LR: 2.59e-04
2026-04-23 18:04:41,703 INFO Epoch 8 | Batch 1100 | Loss: 0.8037 | LR: 2.59e-04
2026-04-23 18:04:50,182 INFO Epoch 8 | Batch 1150 | Loss: 0.7139 | LR: 2.58e-04
2026-04-23 18:04:58,793 INFO Epoch 8 | Batch 1200 | Loss: 0.7644 | LR: 2.58e-04
2026-04-23 18:05:19,862 INFO Epoch 8 | Train: 0.9215 | Dev CER: 0.1732 | Dev WER: 0.4976 | Time: 234s | Peak: 2.5 GB
2026-04-23 18:05:19,862 INFO   New best CER: 0.1732
2026-04-23 18:05:23,134 INFO Epoch 9 | Batch 0 | Loss: 0.8436 | LR: 2.57e-04
2026-04-23 18:05:31,721 INFO Epoch 9 | Batch 50 | Loss: 0.9341 | LR: 2.57e-04
2026-04-23 18:05:40,733 INFO Epoch 9 | Batch 100 | Loss: 0.7660 | LR: 2.56e-04
2026-04-23 18:05:49,520 INFO Epoch 9 | Batch 150 | Loss: 0.9934 | LR: 2.56e-04
2026-04-23 18:05:58,249 INFO Epoch 9 | Batch 200 | Loss: 0.8507 | LR: 2.56e-04
2026-04-23 18:06:07,140 INFO Epoch 9 | Batch 250 | Loss: 0.9706 | LR: 2.55e-04
2026-04-23 18:06:15,649 INFO Epoch 9 | Batch 300 | Loss: 0.8506 | LR: 2.55e-04
2026-04-23 18:06:24,477 INFO Epoch 9 | Batch 350 | Loss: 1.1235 | LR: 2.54e-04
2026-04-23 18:06:33,374 INFO Epoch 9 | Batch 400 | Loss: 0.7894 | LR: 2.54e-04
2026-04-23 18:06:42,256 INFO Epoch 9 | Batch 450 | Loss: 0.6501 | LR: 2.53e-04
2026-04-23 18:06:50,847 INFO Epoch 9 | Batch 500 | Loss: 0.7094 | LR: 2.53e-04
2026-04-23 18:06:59,715 INFO Epoch 9 | Batch 550 | Loss: 0.6743 | LR: 2.52e-04
2026-04-23 18:07:08,430 INFO Epoch 9 | Batch 600 | Loss: 0.7655 | LR: 2.52e-04
2026-04-23 18:07:17,491 INFO Epoch 9 | Batch 650 | Loss: 0.9881 | LR: 2.51e-04
2026-04-23 18:07:26,166 INFO Epoch 9 | Batch 700 | Loss: 0.6648 | LR: 2.51e-04
2026-04-23 18:07:34,786 INFO Epoch 9 | Batch 750 | Loss: 0.8584 | LR: 2.50e-04
2026-04-23 18:07:43,384 INFO Epoch 9 | Batch 800 | Loss: 0.8509 | LR: 2.50e-04
2026-04-23 18:07:51,964 INFO Epoch 9 | Batch 850 | Loss: 1.1042 | LR: 2.49e-04
2026-04-23 18:08:00,597 INFO Epoch 9 | Batch 900 | Loss: 1.0758 | LR: 2.49e-04
2026-04-23 18:08:09,649 INFO Epoch 9 | Batch 950 | Loss: 0.9078 | LR: 2.48e-04
2026-04-23 18:08:18,565 INFO Epoch 9 | Batch 1000 | Loss: 0.8260 | LR: 2.48e-04
2026-04-23 18:08:27,419 INFO Epoch 9 | Batch 1050 | Loss: 1.0315 | LR: 2.47e-04
2026-04-23 18:08:36,035 INFO Epoch 9 | Batch 1100 | Loss: 0.7320 | LR: 2.47e-04
2026-04-23 18:08:44,799 INFO Epoch 9 | Batch 1150 | Loss: 0.7126 | LR: 2.46e-04
2026-04-23 18:08:53,543 INFO Epoch 9 | Batch 1200 | Loss: 0.8780 | LR: 2.46e-04
2026-04-23 18:09:11,491 INFO Epoch 9 | Train: 0.8941 | Dev CER: 0.1689 | Dev WER: 0.4840 | Time: 231s | Peak: 2.5 GB
2026-04-23 18:09:11,491 INFO   New best CER: 0.1689
2026-04-23 18:09:14,756 INFO Epoch 10 | Batch 0 | Loss: 0.8300 | LR: 2.46e-04
2026-04-23 18:09:23,203 INFO Epoch 10 | Batch 50 | Loss: 0.8837 | LR: 2.45e-04
2026-04-23 18:09:32,086 INFO Epoch 10 | Batch 100 | Loss: 0.7845 | LR: 2.45e-04
2026-04-23 18:09:40,498 INFO Epoch 10 | Batch 150 | Loss: 0.8598 | LR: 2.44e-04
2026-04-23 18:09:49,406 INFO Epoch 10 | Batch 200 | Loss: 0.8316 | LR: 2.44e-04
2026-04-23 18:09:58,041 INFO Epoch 10 | Batch 250 | Loss: 0.7006 | LR: 2.43e-04
2026-04-23 18:10:07,028 INFO Epoch 10 | Batch 300 | Loss: 0.7320 | LR: 2.43e-04
2026-04-23 18:10:15,873 INFO Epoch 10 | Batch 350 | Loss: 0.6678 | LR: 2.42e-04
2026-04-23 18:10:24,756 INFO Epoch 10 | Batch 400 | Loss: 0.5395 | LR: 2.41e-04
2026-04-23 18:10:33,447 INFO Epoch 10 | Batch 450 | Loss: 0.9590 | LR: 2.41e-04
2026-04-23 18:10:42,262 INFO Epoch 10 | Batch 500 | Loss: 0.6755 | LR: 2.40e-04
2026-04-23 18:10:50,964 INFO Epoch 10 | Batch 550 | Loss: 0.8272 | LR: 2.40e-04
2026-04-23 18:10:59,913 INFO Epoch 10 | Batch 600 | Loss: 0.9383 | LR: 2.39e-04
2026-04-23 18:11:08,443 INFO Epoch 10 | Batch 650 | Loss: 0.9016 | LR: 2.39e-04
2026-04-23 18:11:17,343 INFO Epoch 10 | Batch 700 | Loss: 1.3081 | LR: 2.38e-04
2026-04-23 18:11:25,960 INFO Epoch 10 | Batch 750 | Loss: 0.5523 | LR: 2.38e-04
2026-04-23 18:11:34,846 INFO Epoch 10 | Batch 800 | Loss: 1.4610 | LR: 2.37e-04
2026-04-23 18:11:43,219 INFO Epoch 10 | Batch 850 | Loss: 0.6960 | LR: 2.37e-04
2026-04-23 18:11:51,848 INFO Epoch 10 | Batch 900 | Loss: 0.6755 | LR: 2.36e-04
2026-04-23 18:12:00,690 INFO Epoch 10 | Batch 950 | Loss: 0.7660 | LR: 2.36e-04
2026-04-23 18:12:09,458 INFO Epoch 10 | Batch 1000 | Loss: 0.7117 | LR: 2.35e-04
2026-04-23 18:12:18,169 INFO Epoch 10 | Batch 1050 | Loss: 0.7293 | LR: 2.35e-04
2026-04-23 18:12:27,175 INFO Epoch 10 | Batch 1100 | Loss: 0.6635 | LR: 2.34e-04
2026-04-23 18:12:36,007 INFO Epoch 10 | Batch 1150 | Loss: 0.7324 | LR: 2.34e-04
2026-04-23 18:12:44,925 INFO Epoch 10 | Batch 1200 | Loss: 0.7317 | LR: 2.33e-04
2026-04-23 18:12:59,927 INFO Epoch 10 | Train: 0.8542 | Dev CER: 0.1606 | Dev WER: 0.4646 | Time: 228s | Peak: 2.5 GB
2026-04-23 18:12:59,927 INFO   New best CER: 0.1606
2026-04-23 18:13:03,226 INFO Epoch 11 | Batch 0 | Loss: 0.8462 | LR: 2.33e-04
2026-04-23 18:13:11,768 INFO Epoch 11 | Batch 50 | Loss: 0.7774 | LR: 2.32e-04
2026-04-23 18:13:20,451 INFO Epoch 11 | Batch 100 | Loss: 0.5760 | LR: 2.32e-04
2026-04-23 18:13:29,374 INFO Epoch 11 | Batch 150 | Loss: 0.5848 | LR: 2.31e-04
2026-04-23 18:13:38,062 INFO Epoch 11 | Batch 200 | Loss: 1.0947 | LR: 2.30e-04
2026-04-23 18:13:46,841 INFO Epoch 11 | Batch 250 | Loss: 0.8872 | LR: 2.30e-04
2026-04-23 18:13:55,450 INFO Epoch 11 | Batch 300 | Loss: 0.9576 | LR: 2.29e-04
2026-04-23 18:14:04,273 INFO Epoch 11 | Batch 350 | Loss: 0.9518 | LR: 2.29e-04
2026-04-23 18:14:13,009 INFO Epoch 11 | Batch 400 | Loss: 0.5061 | LR: 2.28e-04
2026-04-23 18:14:21,788 INFO Epoch 11 | Batch 450 | Loss: 0.5738 | LR: 2.28e-04
2026-04-23 18:14:30,286 INFO Epoch 11 | Batch 500 | Loss: 0.7769 | LR: 2.27e-04
2026-04-23 18:14:39,272 INFO Epoch 11 | Batch 550 | Loss: 0.8271 | LR: 2.27e-04
2026-04-23 18:14:47,389 INFO Epoch 11 | Batch 600 | Loss: 0.8060 | LR: 2.26e-04
2026-04-23 18:14:56,163 INFO Epoch 11 | Batch 650 | Loss: 1.1933 | LR: 2.25e-04
2026-04-23 18:15:04,836 INFO Epoch 11 | Batch 700 | Loss: 0.8105 | LR: 2.25e-04
2026-04-23 18:15:13,750 INFO Epoch 11 | Batch 750 | Loss: 0.8158 | LR: 2.24e-04
2026-04-23 18:15:22,286 INFO Epoch 11 | Batch 800 | Loss: 0.9433 | LR: 2.24e-04
2026-04-23 18:15:31,017 INFO Epoch 11 | Batch 850 | Loss: 0.7862 | LR: 2.23e-04
2026-04-23 18:15:39,778 INFO Epoch 11 | Batch 900 | Loss: 0.7345 | LR: 2.23e-04
2026-04-23 18:15:48,628 INFO Epoch 11 | Batch 950 | Loss: 0.4985 | LR: 2.22e-04
2026-04-23 18:15:57,532 INFO Epoch 11 | Batch 1000 | Loss: 0.7035 | LR: 2.21e-04
2026-04-23 18:16:06,386 INFO Epoch 11 | Batch 1050 | Loss: 0.8243 | LR: 2.21e-04
2026-04-23 18:16:14,931 INFO Epoch 11 | Batch 1100 | Loss: 0.7531 | LR: 2.20e-04
2026-04-23 18:16:23,370 INFO Epoch 11 | Batch 1150 | Loss: 0.8921 | LR: 2.20e-04
2026-04-23 18:16:31,592 INFO Epoch 11 | Batch 1200 | Loss: 0.5952 | LR: 2.19e-04
2026-04-23 18:16:50,596 INFO Epoch 11 | Train: 0.8273 | Dev CER: 0.1576 | Dev WER: 0.4535 | Time: 230s | Peak: 2.5 GB
2026-04-23 18:16:50,596 INFO   New best CER: 0.1576
2026-04-23 18:16:53,980 INFO Epoch 12 | Batch 0 | Loss: 0.7419 | LR: 2.19e-04
2026-04-23 18:17:02,790 INFO Epoch 12 | Batch 50 | Loss: 1.8085 | LR: 2.18e-04
2026-04-23 18:17:11,361 INFO Epoch 12 | Batch 100 | Loss: 1.3705 | LR: 2.18e-04
2026-04-23 18:17:20,020 INFO Epoch 12 | Batch 150 | Loss: 0.7772 | LR: 2.17e-04
2026-04-23 18:17:28,596 INFO Epoch 12 | Batch 200 | Loss: 0.5420 | LR: 2.16e-04
2026-04-23 18:17:36,996 INFO Epoch 12 | Batch 250 | Loss: 0.7407 | LR: 2.16e-04
2026-04-23 18:17:45,580 INFO Epoch 12 | Batch 300 | Loss: 0.5491 | LR: 2.15e-04
2026-04-23 18:17:53,980 INFO Epoch 12 | Batch 350 | Loss: 0.9202 | LR: 2.15e-04
2026-04-23 18:18:02,581 INFO Epoch 12 | Batch 400 | Loss: 0.7837 | LR: 2.14e-04
2026-04-23 18:18:11,014 INFO Epoch 12 | Batch 450 | Loss: 0.6963 | LR: 2.13e-04
2026-04-23 18:18:19,637 INFO Epoch 12 | Batch 500 | Loss: 0.6768 | LR: 2.13e-04
2026-04-23 18:18:28,062 INFO Epoch 12 | Batch 550 | Loss: 1.0577 | LR: 2.12e-04
2026-04-23 18:18:36,658 INFO Epoch 12 | Batch 600 | Loss: 0.7316 | LR: 2.12e-04
2026-04-23 18:18:45,051 INFO Epoch 12 | Batch 650 | Loss: 0.9163 | LR: 2.11e-04
2026-04-23 18:18:53,830 INFO Epoch 12 | Batch 700 | Loss: 0.8447 | LR: 2.11e-04
2026-04-23 18:19:02,099 INFO Epoch 12 | Batch 750 | Loss: 0.4897 | LR: 2.10e-04
2026-04-23 18:19:10,795 INFO Epoch 12 | Batch 800 | Loss: 0.6917 | LR: 2.09e-04
2026-04-23 18:19:19,066 INFO Epoch 12 | Batch 850 | Loss: 0.7417 | LR: 2.09e-04
2026-04-23 18:19:27,487 INFO Epoch 12 | Batch 900 | Loss: 0.8315 | LR: 2.08e-04
2026-04-23 18:19:36,052 INFO Epoch 12 | Batch 950 | Loss: 0.9805 | LR: 2.08e-04
2026-04-23 18:19:44,888 INFO Epoch 12 | Batch 1000 | Loss: 0.9041 | LR: 2.07e-04
2026-04-23 18:19:53,409 INFO Epoch 12 | Batch 1050 | Loss: 0.7889 | LR: 2.06e-04
2026-04-23 18:20:01,880 INFO Epoch 12 | Batch 1100 | Loss: 0.7457 | LR: 2.06e-04
2026-04-23 18:20:10,384 INFO Epoch 12 | Batch 1150 | Loss: 0.7311 | LR: 2.05e-04
2026-04-23 18:20:19,228 INFO Epoch 12 | Batch 1200 | Loss: 0.9599 | LR: 2.04e-04
2026-04-23 18:20:40,489 INFO Epoch 12 | Train: 0.8113 | Dev CER: 0.1520 | Dev WER: 0.4427 | Time: 229s | Peak: 2.5 GB
2026-04-23 18:20:40,489 INFO   New best CER: 0.1520
2026-04-23 18:20:43,851 INFO Epoch 13 | Batch 0 | Loss: 0.8051 | LR: 2.04e-04
2026-04-23 18:20:52,357 INFO Epoch 13 | Batch 50 | Loss: 0.6151 | LR: 2.03e-04
2026-04-23 18:21:00,666 INFO Epoch 13 | Batch 100 | Loss: 0.6351 | LR: 2.03e-04
2026-04-23 18:21:09,153 INFO Epoch 13 | Batch 150 | Loss: 0.6006 | LR: 2.02e-04
2026-04-23 18:21:17,668 INFO Epoch 13 | Batch 200 | Loss: 0.6596 | LR: 2.02e-04
2026-04-23 18:21:26,251 INFO Epoch 13 | Batch 250 | Loss: 0.8534 | LR: 2.01e-04
2026-04-23 18:21:34,483 INFO Epoch 13 | Batch 300 | Loss: 0.6710 | LR: 2.00e-04
2026-04-23 18:21:43,097 INFO Epoch 13 | Batch 350 | Loss: 0.9383 | LR: 2.00e-04
2026-04-23 18:21:51,696 INFO Epoch 13 | Batch 400 | Loss: 0.7104 | LR: 1.99e-04
2026-04-23 18:22:00,421 INFO Epoch 13 | Batch 450 | Loss: 0.6839 | LR: 1.99e-04
2026-04-23 18:22:08,948 INFO Epoch 13 | Batch 500 | Loss: 0.5987 | LR: 1.98e-04
2026-04-23 18:22:17,410 INFO Epoch 13 | Batch 550 | Loss: 0.6315 | LR: 1.97e-04
2026-04-23 18:22:25,906 INFO Epoch 13 | Batch 600 | Loss: 0.6637 | LR: 1.97e-04
2026-04-23 18:22:34,516 INFO Epoch 13 | Batch 650 | Loss: 0.8503 | LR: 1.96e-04
2026-04-23 18:22:43,031 INFO Epoch 13 | Batch 700 | Loss: 0.8369 | LR: 1.95e-04
2026-04-23 18:22:51,628 INFO Epoch 13 | Batch 750 | Loss: 0.8080 | LR: 1.95e-04
2026-04-23 18:23:00,103 INFO Epoch 13 | Batch 800 | Loss: 0.6806 | LR: 1.94e-04
2026-04-23 18:23:08,383 INFO Epoch 13 | Batch 850 | Loss: 1.1493 | LR: 1.94e-04
2026-04-23 18:23:16,897 INFO Epoch 13 | Batch 900 | Loss: 0.8768 | LR: 1.93e-04
2026-04-23 18:23:25,214 INFO Epoch 13 | Batch 950 | Loss: 0.7689 | LR: 1.92e-04
2026-04-23 18:23:33,731 INFO Epoch 13 | Batch 1000 | Loss: 0.7231 | LR: 1.92e-04
2026-04-23 18:23:42,120 INFO Epoch 13 | Batch 1050 | Loss: 0.6090 | LR: 1.91e-04
2026-04-23 18:23:50,815 INFO Epoch 13 | Batch 1100 | Loss: 1.3697 | LR: 1.90e-04
2026-04-23 18:23:59,612 INFO Epoch 13 | Batch 1150 | Loss: 0.9268 | LR: 1.90e-04
2026-04-23 18:24:08,266 INFO Epoch 13 | Batch 1200 | Loss: 1.1594 | LR: 1.89e-04
2026-04-23 18:24:28,070 INFO Epoch 13 | Train: 0.7821 | Dev CER: 0.1465 | Dev WER: 0.4276 | Time: 227s | Peak: 2.5 GB
2026-04-23 18:24:28,070 INFO   New best CER: 0.1465
2026-04-23 18:24:31,548 INFO Epoch 14 | Batch 0 | Loss: 0.8334 | LR: 1.89e-04
2026-04-23 18:24:39,885 INFO Epoch 14 | Batch 50 | Loss: 1.0556 | LR: 1.88e-04
2026-04-23 18:24:48,320 INFO Epoch 14 | Batch 100 | Loss: 0.6839 | LR: 1.87e-04
2026-04-23 18:24:57,123 INFO Epoch 14 | Batch 150 | Loss: 0.6959 | LR: 1.87e-04
2026-04-23 18:25:06,301 INFO Epoch 14 | Batch 200 | Loss: 0.7609 | LR: 1.86e-04
2026-04-23 18:25:15,134 INFO Epoch 14 | Batch 250 | Loss: 0.8574 | LR: 1.86e-04
2026-04-23 18:25:24,102 INFO Epoch 14 | Batch 300 | Loss: 0.6250 | LR: 1.85e-04
2026-04-23 18:25:32,786 INFO Epoch 14 | Batch 350 | Loss: 0.8299 | LR: 1.84e-04
2026-04-23 18:25:41,648 INFO Epoch 14 | Batch 400 | Loss: 0.7614 | LR: 1.84e-04
2026-04-23 18:25:50,336 INFO Epoch 14 | Batch 450 | Loss: 0.8300 | LR: 1.83e-04
2026-04-23 18:25:59,022 INFO Epoch 14 | Batch 500 | Loss: 0.7703 | LR: 1.82e-04
2026-04-23 18:26:07,688 INFO Epoch 14 | Batch 550 | Loss: 0.7788 | LR: 1.82e-04
2026-04-23 18:26:16,109 INFO Epoch 14 | Batch 600 | Loss: 0.9435 | LR: 1.81e-04
2026-04-23 18:26:24,842 INFO Epoch 14 | Batch 650 | Loss: 0.6866 | LR: 1.81e-04
2026-04-23 18:26:33,592 INFO Epoch 14 | Batch 700 | Loss: 0.7733 | LR: 1.80e-04
2026-04-23 18:26:42,119 INFO Epoch 14 | Batch 750 | Loss: 0.6203 | LR: 1.79e-04
2026-04-23 18:26:50,701 INFO Epoch 14 | Batch 800 | Loss: 0.7146 | LR: 1.79e-04
2026-04-23 18:26:59,475 INFO Epoch 14 | Batch 850 | Loss: 0.6314 | LR: 1.78e-04
2026-04-23 18:27:08,131 INFO Epoch 14 | Batch 900 | Loss: 0.6810 | LR: 1.77e-04
2026-04-23 18:27:17,003 INFO Epoch 14 | Batch 950 | Loss: 0.8269 | LR: 1.77e-04
2026-04-23 18:27:25,844 INFO Epoch 14 | Batch 1000 | Loss: 0.6459 | LR: 1.76e-04
2026-04-23 18:27:34,980 INFO Epoch 14 | Batch 1050 | Loss: 0.8123 | LR: 1.75e-04
2026-04-23 18:27:43,885 INFO Epoch 14 | Batch 1100 | Loss: 0.6595 | LR: 1.75e-04
2026-04-23 18:27:52,910 INFO Epoch 14 | Batch 1150 | Loss: 0.7421 | LR: 1.74e-04
2026-04-23 18:28:01,682 INFO Epoch 14 | Batch 1200 | Loss: 0.8340 | LR: 1.73e-04
2026-04-23 18:28:20,600 INFO Epoch 14 | Train: 0.7720 | Dev CER: 0.1422 | Dev WER: 0.4188 | Time: 232s | Peak: 2.5 GB
2026-04-23 18:28:20,600 INFO   New best CER: 0.1422
2026-04-23 18:28:24,038 INFO Epoch 15 | Batch 0 | Loss: 0.6325 | LR: 1.73e-04
2026-04-23 18:28:32,635 INFO Epoch 15 | Batch 50 | Loss: 0.7421 | LR: 1.72e-04
2026-04-23 18:28:41,572 INFO Epoch 15 | Batch 100 | Loss: 0.5742 | LR: 1.72e-04
2026-04-23 18:28:50,092 INFO Epoch 15 | Batch 150 | Loss: 0.6129 | LR: 1.71e-04
2026-04-23 18:28:58,695 INFO Epoch 15 | Batch 200 | Loss: 0.8567 | LR: 1.70e-04
2026-04-23 18:29:06,982 INFO Epoch 15 | Batch 250 | Loss: 0.6443 | LR: 1.70e-04
2026-04-23 18:29:15,542 INFO Epoch 15 | Batch 300 | Loss: 0.7439 | LR: 1.69e-04
2026-04-23 18:29:23,922 INFO Epoch 15 | Batch 350 | Loss: 0.6046 | LR: 1.68e-04
2026-04-23 18:29:32,505 INFO Epoch 15 | Batch 400 | Loss: 0.6344 | LR: 1.68e-04
2026-04-23 18:29:40,952 INFO Epoch 15 | Batch 450 | Loss: 0.5072 | LR: 1.67e-04
2026-04-23 18:29:49,637 INFO Epoch 15 | Batch 500 | Loss: 0.8731 | LR: 1.67e-04
2026-04-23 18:29:57,942 INFO Epoch 15 | Batch 550 | Loss: 0.5850 | LR: 1.66e-04
2026-04-23 18:30:06,919 INFO Epoch 15 | Batch 600 | Loss: 0.5307 | LR: 1.65e-04
2026-04-23 18:30:15,712 INFO Epoch 15 | Batch 650 | Loss: 0.5455 | LR: 1.65e-04
2026-04-23 18:30:24,717 INFO Epoch 15 | Batch 700 | Loss: 0.6975 | LR: 1.64e-04
2026-04-23 18:30:33,390 INFO Epoch 15 | Batch 750 | Loss: 0.7577 | LR: 1.63e-04
2026-04-23 18:30:42,365 INFO Epoch 15 | Batch 800 | Loss: 0.7276 | LR: 1.63e-04
2026-04-23 18:30:51,082 INFO Epoch 15 | Batch 850 | Loss: 0.5660 | LR: 1.62e-04
2026-04-23 18:30:59,925 INFO Epoch 15 | Batch 900 | Loss: 0.8467 | LR: 1.61e-04
2026-04-23 18:31:08,768 INFO Epoch 15 | Batch 950 | Loss: 0.8090 | LR: 1.61e-04
2026-04-23 18:31:18,066 INFO Epoch 15 | Batch 1000 | Loss: 0.6233 | LR: 1.60e-04
2026-04-23 18:31:26,910 INFO Epoch 15 | Batch 1050 | Loss: 0.5808 | LR: 1.59e-04
2026-04-23 18:31:36,165 INFO Epoch 15 | Batch 1100 | Loss: 0.7714 | LR: 1.59e-04
2026-04-23 18:31:45,038 INFO Epoch 15 | Batch 1150 | Loss: 0.8232 | LR: 1.58e-04
2026-04-23 18:31:54,037 INFO Epoch 15 | Batch 1200 | Loss: 0.8859 | LR: 1.57e-04
2026-04-23 18:32:15,558 INFO Epoch 15 | Train: 0.7527 | Dev CER: 0.1389 | Dev WER: 0.4122 | Time: 234s | Peak: 2.5 GB
2026-04-23 18:32:15,558 INFO   New best CER: 0.1389
2026-04-23 18:32:19,491 INFO Epoch 16 | Batch 0 | Loss: 0.6631 | LR: 1.57e-04
2026-04-23 18:32:28,050 INFO Epoch 16 | Batch 50 | Loss: 0.6357 | LR: 1.56e-04
2026-04-23 18:32:36,563 INFO Epoch 16 | Batch 100 | Loss: 0.9129 | LR: 1.56e-04
2026-04-23 18:32:45,104 INFO Epoch 16 | Batch 150 | Loss: 0.6162 | LR: 1.55e-04
2026-04-23 18:32:53,785 INFO Epoch 16 | Batch 200 | Loss: 0.4595 | LR: 1.54e-04
2026-04-23 18:33:02,648 INFO Epoch 16 | Batch 250 | Loss: 0.8027 | LR: 1.54e-04
2026-04-23 18:33:11,085 INFO Epoch 16 | Batch 300 | Loss: 0.8439 | LR: 1.53e-04
2026-04-23 18:33:19,875 INFO Epoch 16 | Batch 350 | Loss: 0.6685 | LR: 1.52e-04
2026-04-23 18:33:28,246 INFO Epoch 16 | Batch 400 | Loss: 0.5948 | LR: 1.52e-04
2026-04-23 18:33:37,007 INFO Epoch 16 | Batch 450 | Loss: 0.7017 | LR: 1.51e-04
2026-04-23 18:33:45,423 INFO Epoch 16 | Batch 500 | Loss: 0.7045 | LR: 1.50e-04
2026-04-23 18:33:54,118 INFO Epoch 16 | Batch 550 | Loss: 0.6619 | LR: 1.50e-04
2026-04-23 18:34:02,748 INFO Epoch 16 | Batch 600 | Loss: 0.8418 | LR: 1.49e-04
2026-04-23 18:34:11,742 INFO Epoch 16 | Batch 650 | Loss: 0.6988 | LR: 1.49e-04
2026-04-23 18:34:20,612 INFO Epoch 16 | Batch 700 | Loss: 0.9217 | LR: 1.48e-04
2026-04-23 18:34:29,667 INFO Epoch 16 | Batch 750 | Loss: 0.7937 | LR: 1.47e-04
2026-04-23 18:34:38,376 INFO Epoch 16 | Batch 800 | Loss: 0.6547 | LR: 1.47e-04
2026-04-23 18:34:47,203 INFO Epoch 16 | Batch 850 | Loss: 0.5419 | LR: 1.46e-04
2026-04-23 18:34:55,888 INFO Epoch 16 | Batch 900 | Loss: 1.0194 | LR: 1.45e-04
2026-04-23 18:35:04,728 INFO Epoch 16 | Batch 950 | Loss: 0.6154 | LR: 1.45e-04
2026-04-23 18:35:13,567 INFO Epoch 16 | Batch 1000 | Loss: 0.6682 | LR: 1.44e-04
2026-04-23 18:35:22,502 INFO Epoch 16 | Batch 1050 | Loss: 0.6363 | LR: 1.43e-04
2026-04-23 18:35:31,304 INFO Epoch 16 | Batch 1100 | Loss: 0.6444 | LR: 1.43e-04
2026-04-23 18:35:39,955 INFO Epoch 16 | Batch 1150 | Loss: 0.6935 | LR: 1.42e-04
2026-04-23 18:35:48,767 INFO Epoch 16 | Batch 1200 | Loss: 0.5807 | LR: 1.41e-04
2026-04-23 18:36:08,901 INFO Epoch 16 | Train: 0.7379 | Dev CER: 0.1362 | Dev WER: 0.4054 | Time: 233s | Peak: 2.5 GB
2026-04-23 18:36:08,901 INFO   New best CER: 0.1362
2026-04-23 18:36:12,638 INFO Epoch 17 | Batch 0 | Loss: 0.5531 | LR: 1.41e-04
2026-04-23 18:36:21,388 INFO Epoch 17 | Batch 50 | Loss: 0.8428 | LR: 1.40e-04
2026-04-23 18:36:30,512 INFO Epoch 17 | Batch 100 | Loss: 0.7242 | LR: 1.40e-04
2026-04-23 18:36:39,310 INFO Epoch 17 | Batch 150 | Loss: 0.7759 | LR: 1.39e-04
2026-04-23 18:36:48,126 INFO Epoch 17 | Batch 200 | Loss: 0.6936 | LR: 1.38e-04
2026-04-23 18:36:56,771 INFO Epoch 17 | Batch 250 | Loss: 0.5662 | LR: 1.38e-04
2026-04-23 18:37:05,577 INFO Epoch 17 | Batch 300 | Loss: 0.6717 | LR: 1.37e-04
2026-04-23 18:37:14,566 INFO Epoch 17 | Batch 350 | Loss: 0.5096 | LR: 1.36e-04
2026-04-23 18:37:23,356 INFO Epoch 17 | Batch 400 | Loss: 0.6486 | LR: 1.36e-04
2026-04-23 18:37:32,397 INFO Epoch 17 | Batch 450 | Loss: 0.8455 | LR: 1.35e-04
2026-04-23 18:37:40,993 INFO Epoch 17 | Batch 500 | Loss: 0.7551 | LR: 1.34e-04
2026-04-23 18:37:49,786 INFO Epoch 17 | Batch 550 | Loss: 0.6644 | LR: 1.34e-04
2026-04-23 18:37:58,457 INFO Epoch 17 | Batch 600 | Loss: 0.6094 | LR: 1.33e-04
2026-04-23 18:38:07,437 INFO Epoch 17 | Batch 650 | Loss: 0.7845 | LR: 1.32e-04
2026-04-23 18:38:16,227 INFO Epoch 17 | Batch 700 | Loss: 0.6105 | LR: 1.32e-04
2026-04-23 18:38:25,175 INFO Epoch 17 | Batch 750 | Loss: 0.6977 | LR: 1.31e-04
2026-04-23 18:38:34,021 INFO Epoch 17 | Batch 800 | Loss: 0.5760 | LR: 1.31e-04
2026-04-23 18:38:42,747 INFO Epoch 17 | Batch 850 | Loss: 0.8057 | LR: 1.30e-04
2026-04-23 18:38:51,590 INFO Epoch 17 | Batch 900 | Loss: 0.4906 | LR: 1.29e-04
2026-04-23 18:39:00,400 INFO Epoch 17 | Batch 950 | Loss: 0.7085 | LR: 1.29e-04
2026-04-23 18:39:09,079 INFO Epoch 17 | Batch 1000 | Loss: 0.7238 | LR: 1.28e-04
2026-04-23 18:39:18,102 INFO Epoch 17 | Batch 1050 | Loss: 0.5941 | LR: 1.27e-04
2026-04-23 18:39:26,721 INFO Epoch 17 | Batch 1100 | Loss: 0.6075 | LR: 1.27e-04
2026-04-23 18:39:35,414 INFO Epoch 17 | Batch 1150 | Loss: 0.8545 | LR: 1.26e-04
2026-04-23 18:39:43,927 INFO Epoch 17 | Batch 1200 | Loss: 0.7535 | LR: 1.25e-04
2026-04-23 18:40:05,643 INFO Epoch 17 | Train: 0.7200 | Dev CER: 0.1357 | Dev WER: 0.4013 | Time: 236s | Peak: 2.5 GB
2026-04-23 18:40:05,643 INFO   New best CER: 0.1357
2026-04-23 18:40:09,325 INFO Epoch 18 | Batch 0 | Loss: 0.9399 | LR: 1.25e-04
2026-04-23 18:40:17,952 INFO Epoch 18 | Batch 50 | Loss: 0.6065 | LR: 1.24e-04
2026-04-23 18:40:26,844 INFO Epoch 18 | Batch 100 | Loss: 0.6213 | LR: 1.24e-04
2026-04-23 18:40:35,504 INFO Epoch 18 | Batch 150 | Loss: 0.8244 | LR: 1.23e-04
2026-04-23 18:40:44,159 INFO Epoch 18 | Batch 200 | Loss: 0.9068 | LR: 1.22e-04
2026-04-23 18:40:52,688 INFO Epoch 18 | Batch 250 | Loss: 0.5362 | LR: 1.22e-04
2026-04-23 18:41:01,563 INFO Epoch 18 | Batch 300 | Loss: 0.6096 | LR: 1.21e-04
2026-04-23 18:41:10,427 INFO Epoch 18 | Batch 350 | Loss: 0.4942 | LR: 1.20e-04
2026-04-23 18:41:19,357 INFO Epoch 18 | Batch 400 | Loss: 0.6950 | LR: 1.20e-04
2026-04-23 18:41:28,256 INFO Epoch 18 | Batch 450 | Loss: 0.5987 | LR: 1.19e-04
2026-04-23 18:41:37,160 INFO Epoch 18 | Batch 500 | Loss: 0.5760 | LR: 1.19e-04
2026-04-23 18:41:45,884 INFO Epoch 18 | Batch 550 | Loss: 0.4842 | LR: 1.18e-04
2026-04-23 18:41:54,869 INFO Epoch 18 | Batch 600 | Loss: 0.3975 | LR: 1.17e-04
2026-04-23 18:42:03,573 INFO Epoch 18 | Batch 650 | Loss: 1.0481 | LR: 1.17e-04
2026-04-23 18:42:12,571 INFO Epoch 18 | Batch 700 | Loss: 0.5401 | LR: 1.16e-04
2026-04-23 18:42:21,325 INFO Epoch 18 | Batch 750 | Loss: 0.6845 | LR: 1.15e-04
2026-04-23 18:42:29,987 INFO Epoch 18 | Batch 800 | Loss: 0.9355 | LR: 1.15e-04
2026-04-23 18:42:38,792 INFO Epoch 18 | Batch 850 | Loss: 0.8243 | LR: 1.14e-04
2026-04-23 18:42:47,720 INFO Epoch 18 | Batch 900 | Loss: 0.5416 | LR: 1.13e-04
2026-04-23 18:42:56,531 INFO Epoch 18 | Batch 950 | Loss: 0.6953 | LR: 1.13e-04
2026-04-23 18:43:05,368 INFO Epoch 18 | Batch 1000 | Loss: 0.7460 | LR: 1.12e-04
2026-04-23 18:43:14,405 INFO Epoch 18 | Batch 1050 | Loss: 0.7217 | LR: 1.12e-04
2026-04-23 18:43:23,528 INFO Epoch 18 | Batch 1100 | Loss: 0.8256 | LR: 1.11e-04
2026-04-23 18:43:32,038 INFO Epoch 18 | Batch 1150 | Loss: 1.1650 | LR: 1.10e-04
2026-04-23 18:43:41,111 INFO Epoch 18 | Batch 1200 | Loss: 0.6030 | LR: 1.10e-04
2026-04-23 18:44:01,258 INFO Epoch 18 | Train: 0.7025 | Dev CER: 0.1337 | Dev WER: 0.3966 | Time: 235s | Peak: 2.5 GB
2026-04-23 18:44:01,258 INFO   New best CER: 0.1337
2026-04-23 18:44:04,872 INFO Epoch 19 | Batch 0 | Loss: 0.9634 | LR: 1.09e-04
2026-04-23 18:44:13,732 INFO Epoch 19 | Batch 50 | Loss: 0.4584 | LR: 1.09e-04
2026-04-23 18:44:22,566 INFO Epoch 19 | Batch 100 | Loss: 0.6584 | LR: 1.08e-04
2026-04-23 18:44:31,586 INFO Epoch 19 | Batch 150 | Loss: 0.3847 | LR: 1.07e-04
2026-04-23 18:44:40,333 INFO Epoch 19 | Batch 200 | Loss: 0.5588 | LR: 1.07e-04
2026-04-23 18:44:49,135 INFO Epoch 19 | Batch 250 | Loss: 0.6952 | LR: 1.06e-04
2026-04-23 18:44:57,580 INFO Epoch 19 | Batch 300 | Loss: 0.6903 | LR: 1.06e-04
2026-04-23 18:45:06,301 INFO Epoch 19 | Batch 350 | Loss: 0.9968 | LR: 1.05e-04
2026-04-23 18:45:15,057 INFO Epoch 19 | Batch 400 | Loss: 0.7106 | LR: 1.04e-04
2026-04-23 18:45:24,168 INFO Epoch 19 | Batch 450 | Loss: 0.8531 | LR: 1.04e-04
2026-04-23 18:45:32,871 INFO Epoch 19 | Batch 500 | Loss: 1.0011 | LR: 1.03e-04
2026-04-23 18:45:41,856 INFO Epoch 19 | Batch 550 | Loss: 0.6651 | LR: 1.02e-04
2026-04-23 18:45:50,573 INFO Epoch 19 | Batch 600 | Loss: 0.6319 | LR: 1.02e-04
2026-04-23 18:45:59,352 INFO Epoch 19 | Batch 650 | Loss: 1.0255 | LR: 1.01e-04
2026-04-23 18:46:08,343 INFO Epoch 19 | Batch 700 | Loss: 0.6034 | LR: 1.01e-04
2026-04-23 18:46:17,126 INFO Epoch 19 | Batch 750 | Loss: 0.9293 | LR: 1.00e-04
2026-04-23 18:46:26,017 INFO Epoch 19 | Batch 800 | Loss: 0.5209 | LR: 9.94e-05
2026-04-23 18:46:34,748 INFO Epoch 19 | Batch 850 | Loss: 0.7410 | LR: 9.88e-05
2026-04-23 18:46:43,496 INFO Epoch 19 | Batch 900 | Loss: 0.7101 | LR: 9.81e-05
2026-04-23 18:46:52,190 INFO Epoch 19 | Batch 950 | Loss: 0.6706 | LR: 9.75e-05
2026-04-23 18:47:01,179 INFO Epoch 19 | Batch 1000 | Loss: 0.6439 | LR: 9.69e-05
2026-04-23 18:47:09,999 INFO Epoch 19 | Batch 1050 | Loss: 0.5888 | LR: 9.63e-05
2026-04-23 18:47:18,849 INFO Epoch 19 | Batch 1100 | Loss: 0.5846 | LR: 9.57e-05
2026-04-23 18:47:27,599 INFO Epoch 19 | Batch 1150 | Loss: 0.9002 | LR: 9.51e-05
2026-04-23 18:47:36,563 INFO Epoch 19 | Batch 1200 | Loss: 0.5473 | LR: 9.45e-05
2026-04-23 18:47:58,630 INFO Epoch 19 | Train: 0.6937 | Dev CER: 0.1287 | Dev WER: 0.3862 | Time: 237s | Peak: 2.5 GB
2026-04-23 18:47:58,630 INFO   New best CER: 0.1287
2026-04-23 18:48:02,763 INFO Epoch 20 | Batch 0 | Loss: 0.4824 | LR: 9.41e-05
2026-04-23 18:48:11,707 INFO Epoch 20 | Batch 50 | Loss: 0.6205 | LR: 9.35e-05
2026-04-23 18:48:19,957 INFO Epoch 20 | Batch 100 | Loss: 0.3755 | LR: 9.29e-05
2026-04-23 18:48:28,706 INFO Epoch 20 | Batch 150 | Loss: 0.7559 | LR: 9.23e-05
2026-04-23 18:48:37,244 INFO Epoch 20 | Batch 200 | Loss: 0.6573 | LR: 9.17e-05
2026-04-23 18:48:46,150 INFO Epoch 20 | Batch 250 | Loss: 0.7426 | LR: 9.11e-05
2026-04-23 18:48:54,966 INFO Epoch 20 | Batch 300 | Loss: 0.4481 | LR: 9.05e-05
2026-04-23 18:49:03,758 INFO Epoch 20 | Batch 350 | Loss: 0.7796 | LR: 8.99e-05
2026-04-23 18:49:12,318 INFO Epoch 20 | Batch 400 | Loss: 0.7086 | LR: 8.93e-05
2026-04-23 18:49:21,252 INFO Epoch 20 | Batch 450 | Loss: 0.6808 | LR: 8.87e-05
2026-04-23 18:49:30,207 INFO Epoch 20 | Batch 500 | Loss: 0.6643 | LR: 8.81e-05
2026-04-23 18:49:39,107 INFO Epoch 20 | Batch 550 | Loss: 0.5478 | LR: 8.75e-05
2026-04-23 18:49:47,779 INFO Epoch 20 | Batch 600 | Loss: 1.1614 | LR: 8.69e-05
2026-04-23 18:49:56,759 INFO Epoch 20 | Batch 650 | Loss: 0.5445 | LR: 8.63e-05
2026-04-23 18:50:05,478 INFO Epoch 20 | Batch 700 | Loss: 1.0432 | LR: 8.57e-05
2026-04-23 18:50:14,362 INFO Epoch 20 | Batch 750 | Loss: 0.5451 | LR: 8.52e-05
2026-04-23 18:50:23,091 INFO Epoch 20 | Batch 800 | Loss: 0.8634 | LR: 8.46e-05
2026-04-23 18:50:31,916 INFO Epoch 20 | Batch 850 | Loss: 0.6341 | LR: 8.40e-05
2026-04-23 18:50:40,526 INFO Epoch 20 | Batch 900 | Loss: 0.5023 | LR: 8.34e-05
2026-04-23 18:50:49,233 INFO Epoch 20 | Batch 950 | Loss: 0.6283 | LR: 8.28e-05
2026-04-23 18:50:57,544 INFO Epoch 20 | Batch 1000 | Loss: 0.8447 | LR: 8.22e-05
2026-04-23 18:51:06,329 INFO Epoch 20 | Batch 1050 | Loss: 0.6570 | LR: 8.17e-05
2026-04-23 18:51:14,913 INFO Epoch 20 | Batch 1100 | Loss: 0.9416 | LR: 8.11e-05
2026-04-23 18:51:23,637 INFO Epoch 20 | Batch 1150 | Loss: 0.9437 | LR: 8.05e-05
2026-04-23 18:51:32,025 INFO Epoch 20 | Batch 1200 | Loss: 0.4048 | LR: 7.99e-05
2026-04-23 18:51:51,192 INFO Epoch 20 | Train: 0.6884 | Dev CER: 0.1265 | Dev WER: 0.3816 | Time: 232s | Peak: 2.5 GB
2026-04-23 18:51:51,193 INFO   New best CER: 0.1265
2026-04-23 18:51:55,312 INFO Epoch 21 | Batch 0 | Loss: 0.6899 | LR: 7.95e-05
2026-04-23 18:52:03,834 INFO Epoch 21 | Batch 50 | Loss: 0.7780 | LR: 7.90e-05
2026-04-23 18:52:12,397 INFO Epoch 21 | Batch 100 | Loss: 0.7487 | LR: 7.84e-05
2026-04-23 18:52:20,251 INFO Epoch 21 | Batch 150 | Loss: 0.5687 | LR: 7.78e-05
2026-04-23 18:52:27,401 INFO Epoch 21 | Batch 200 | Loss: 0.5079 | LR: 7.72e-05
2026-04-23 18:52:34,341 INFO Epoch 21 | Batch 250 | Loss: 0.6290 | LR: 7.67e-05
2026-04-23 18:52:41,502 INFO Epoch 21 | Batch 300 | Loss: 0.5953 | LR: 7.61e-05
2026-04-23 18:52:49,804 INFO Epoch 21 | Batch 350 | Loss: 0.5368 | LR: 7.56e-05
2026-04-23 18:52:58,527 INFO Epoch 21 | Batch 400 | Loss: 0.6018 | LR: 7.50e-05
2026-04-23 18:53:07,043 INFO Epoch 21 | Batch 450 | Loss: 0.5384 | LR: 7.44e-05
2026-04-23 18:53:15,570 INFO Epoch 21 | Batch 500 | Loss: 0.7901 | LR: 7.39e-05
2026-04-23 18:53:23,846 INFO Epoch 21 | Batch 550 | Loss: 0.5850 | LR: 7.33e-05
2026-04-23 18:53:32,198 INFO Epoch 21 | Batch 600 | Loss: 0.5105 | LR: 7.28e-05
2026-04-23 18:53:40,823 INFO Epoch 21 | Batch 650 | Loss: 0.7328 | LR: 7.22e-05
2026-04-23 18:53:49,075 INFO Epoch 21 | Batch 700 | Loss: 0.9506 | LR: 7.16e-05
2026-04-23 18:53:57,637 INFO Epoch 21 | Batch 750 | Loss: 0.5490 | LR: 7.11e-05
2026-04-23 18:54:05,993 INFO Epoch 21 | Batch 800 | Loss: 0.9290 | LR: 7.05e-05
2026-04-23 18:54:14,540 INFO Epoch 21 | Batch 850 | Loss: 0.4754 | LR: 7.00e-05
2026-04-23 18:54:22,876 INFO Epoch 21 | Batch 900 | Loss: 0.9479 | LR: 6.94e-05
2026-04-23 18:54:31,443 INFO Epoch 21 | Batch 950 | Loss: 0.5334 | LR: 6.89e-05
2026-04-23 18:54:39,856 INFO Epoch 21 | Batch 1000 | Loss: 0.4088 | LR: 6.84e-05
2026-04-23 18:54:48,446 INFO Epoch 21 | Batch 1050 | Loss: 0.6211 | LR: 6.78e-05
2026-04-23 18:54:56,870 INFO Epoch 21 | Batch 1100 | Loss: 0.6334 | LR: 6.73e-05
2026-04-23 18:55:05,620 INFO Epoch 21 | Batch 1150 | Loss: 0.6355 | LR: 6.67e-05
2026-04-23 18:55:14,041 INFO Epoch 21 | Batch 1200 | Loss: 1.0561 | LR: 6.62e-05
2026-04-23 18:55:33,708 INFO Epoch 21 | Train: 0.6711 | Dev CER: 0.1255 | Dev WER: 0.3768 | Time: 222s | Peak: 2.5 GB
2026-04-23 18:55:33,709 INFO   New best CER: 0.1255
2026-04-23 18:55:37,351 INFO Epoch 22 | Batch 0 | Loss: 0.9110 | LR: 6.58e-05
2026-04-23 18:55:45,811 INFO Epoch 22 | Batch 50 | Loss: 0.4465 | LR: 6.53e-05
2026-04-23 18:55:54,440 INFO Epoch 22 | Batch 100 | Loss: 0.4808 | LR: 6.47e-05
2026-04-23 18:56:02,944 INFO Epoch 22 | Batch 150 | Loss: 0.9757 | LR: 6.42e-05
2026-04-23 18:56:11,482 INFO Epoch 22 | Batch 200 | Loss: 0.7457 | LR: 6.37e-05
2026-04-23 18:56:19,854 INFO Epoch 22 | Batch 250 | Loss: 0.5423 | LR: 6.31e-05
2026-04-23 18:56:28,326 INFO Epoch 22 | Batch 300 | Loss: 0.6649 | LR: 6.26e-05
2026-04-23 18:56:36,688 INFO Epoch 22 | Batch 350 | Loss: 0.8481 | LR: 6.21e-05
2026-04-23 18:56:45,274 INFO Epoch 22 | Batch 400 | Loss: 0.5620 | LR: 6.16e-05
2026-04-23 18:56:53,776 INFO Epoch 22 | Batch 450 | Loss: 0.4898 | LR: 6.10e-05
2026-04-23 18:57:02,292 INFO Epoch 22 | Batch 500 | Loss: 0.4197 | LR: 6.05e-05
2026-04-23 18:57:10,713 INFO Epoch 22 | Batch 550 | Loss: 0.6397 | LR: 6.00e-05
2026-04-23 18:57:19,296 INFO Epoch 22 | Batch 600 | Loss: 0.6647 | LR: 5.95e-05
2026-04-23 18:57:27,847 INFO Epoch 22 | Batch 650 | Loss: 0.6803 | LR: 5.90e-05
2026-04-23 18:57:36,362 INFO Epoch 22 | Batch 700 | Loss: 0.4490 | LR: 5.85e-05
2026-04-23 18:57:44,702 INFO Epoch 22 | Batch 750 | Loss: 0.7036 | LR: 5.79e-05
2026-04-23 18:57:53,400 INFO Epoch 22 | Batch 800 | Loss: 0.6731 | LR: 5.74e-05
2026-04-23 18:58:02,072 INFO Epoch 22 | Batch 850 | Loss: 0.6756 | LR: 5.69e-05
2026-04-23 18:58:11,020 INFO Epoch 22 | Batch 900 | Loss: 0.7834 | LR: 5.64e-05
2026-04-23 18:58:19,351 INFO Epoch 22 | Batch 950 | Loss: 0.7862 | LR: 5.59e-05
2026-04-23 18:58:28,029 INFO Epoch 22 | Batch 1000 | Loss: 0.5035 | LR: 5.54e-05
2026-04-23 18:58:36,933 INFO Epoch 22 | Batch 1050 | Loss: 0.5598 | LR: 5.49e-05
2026-04-23 18:58:44,040 INFO Epoch 22 | Batch 1100 | Loss: 0.6943 | LR: 5.44e-05
2026-04-23 18:58:51,695 INFO Epoch 22 | Batch 1150 | Loss: 0.6330 | LR: 5.39e-05
2026-04-23 18:59:00,170 INFO Epoch 22 | Batch 1200 | Loss: 0.8518 | LR: 5.34e-05
2026-04-23 18:59:20,184 INFO Epoch 22 | Train: 0.6638 | Dev CER: 0.1236 | Dev WER: 0.3737 | Time: 226s | Peak: 2.5 GB
2026-04-23 18:59:20,184 INFO   New best CER: 0.1236
2026-04-23 18:59:23,885 INFO Epoch 23 | Batch 0 | Loss: 0.6921 | LR: 5.31e-05
2026-04-23 18:59:32,619 INFO Epoch 23 | Batch 50 | Loss: 0.6971 | LR: 5.26e-05
2026-04-23 18:59:40,832 INFO Epoch 23 | Batch 100 | Loss: 0.5304 | LR: 5.21e-05
2026-04-23 18:59:49,346 INFO Epoch 23 | Batch 150 | Loss: 0.7227 | LR: 5.16e-05
2026-04-23 18:59:57,866 INFO Epoch 23 | Batch 200 | Loss: 0.4259 | LR: 5.11e-05
2026-04-23 19:00:06,311 INFO Epoch 23 | Batch 250 | Loss: 0.8174 | LR: 5.06e-05
2026-04-23 19:00:14,775 INFO Epoch 23 | Batch 300 | Loss: 0.5573 | LR: 5.01e-05
2026-04-23 19:00:23,144 INFO Epoch 23 | Batch 350 | Loss: 0.7098 | LR: 4.97e-05
2026-04-23 19:00:31,758 INFO Epoch 23 | Batch 400 | Loss: 0.8166 | LR: 4.92e-05
2026-04-23 19:00:40,318 INFO Epoch 23 | Batch 450 | Loss: 0.4806 | LR: 4.87e-05
2026-04-23 19:00:49,109 INFO Epoch 23 | Batch 500 | Loss: 0.7543 | LR: 4.82e-05
2026-04-23 19:00:57,857 INFO Epoch 23 | Batch 550 | Loss: 0.7344 | LR: 4.77e-05
2026-04-23 19:01:06,937 INFO Epoch 23 | Batch 600 | Loss: 0.5484 | LR: 4.73e-05
2026-04-23 19:01:15,844 INFO Epoch 23 | Batch 650 | Loss: 1.0428 | LR: 4.68e-05
2026-04-23 19:01:24,696 INFO Epoch 23 | Batch 700 | Loss: 0.8841 | LR: 4.63e-05
2026-04-23 19:01:33,384 INFO Epoch 23 | Batch 750 | Loss: 1.0006 | LR: 4.59e-05
2026-04-23 19:01:42,370 INFO Epoch 23 | Batch 800 | Loss: 0.4946 | LR: 4.54e-05
2026-04-23 19:01:51,143 INFO Epoch 23 | Batch 850 | Loss: 0.6027 | LR: 4.49e-05
2026-04-23 19:02:00,104 INFO Epoch 23 | Batch 900 | Loss: 0.4922 | LR: 4.45e-05
2026-04-23 19:02:08,778 INFO Epoch 23 | Batch 950 | Loss: 0.7256 | LR: 4.40e-05
2026-04-23 19:02:17,529 INFO Epoch 23 | Batch 1000 | Loss: 0.7397 | LR: 4.36e-05
2026-04-23 19:02:25,954 INFO Epoch 23 | Batch 1050 | Loss: 0.5020 | LR: 4.31e-05
2026-04-23 19:02:34,565 INFO Epoch 23 | Batch 1100 | Loss: 0.5891 | LR: 4.27e-05
2026-04-23 19:02:42,924 INFO Epoch 23 | Batch 1150 | Loss: 0.5001 | LR: 4.22e-05
2026-04-23 19:02:51,762 INFO Epoch 23 | Batch 1200 | Loss: 0.6082 | LR: 4.18e-05
2026-04-23 19:03:12,165 INFO Epoch 23 | Train: 0.6483 | Dev CER: 0.1235 | Dev WER: 0.3716 | Time: 232s | Peak: 2.5 GB
2026-04-23 19:03:12,165 INFO   New best CER: 0.1235
2026-04-23 19:03:16,131 INFO Epoch 24 | Batch 0 | Loss: 0.5336 | LR: 4.14e-05
2026-04-23 19:03:24,735 INFO Epoch 24 | Batch 50 | Loss: 0.6029 | LR: 4.10e-05
2026-04-23 19:03:33,325 INFO Epoch 24 | Batch 100 | Loss: 0.6127 | LR: 4.06e-05
2026-04-23 19:03:41,951 INFO Epoch 24 | Batch 150 | Loss: 0.6291 | LR: 4.01e-05
2026-04-23 19:03:50,403 INFO Epoch 24 | Batch 200 | Loss: 0.5630 | LR: 3.97e-05
2026-04-23 19:03:58,970 INFO Epoch 24 | Batch 250 | Loss: 0.4641 | LR: 3.92e-05
2026-04-23 19:04:07,402 INFO Epoch 24 | Batch 300 | Loss: 0.5003 | LR: 3.88e-05
2026-04-23 19:04:16,026 INFO Epoch 24 | Batch 350 | Loss: 0.5400 | LR: 3.84e-05
2026-04-23 19:04:24,449 INFO Epoch 24 | Batch 400 | Loss: 0.4405 | LR: 3.80e-05
2026-04-23 19:04:32,986 INFO Epoch 24 | Batch 450 | Loss: 0.6205 | LR: 3.75e-05
2026-04-23 19:04:41,299 INFO Epoch 24 | Batch 500 | Loss: 0.7419 | LR: 3.71e-05
2026-04-23 19:04:49,875 INFO Epoch 24 | Batch 550 | Loss: 0.5056 | LR: 3.67e-05
2026-04-23 19:04:58,177 INFO Epoch 24 | Batch 600 | Loss: 0.8102 | LR: 3.63e-05
2026-04-23 19:05:07,248 INFO Epoch 24 | Batch 650 | Loss: 0.6238 | LR: 3.58e-05
2026-04-23 19:05:16,024 INFO Epoch 24 | Batch 700 | Loss: 0.7411 | LR: 3.54e-05
2026-04-23 19:05:24,932 INFO Epoch 24 | Batch 750 | Loss: 0.9373 | LR: 3.50e-05
2026-04-23 19:05:33,690 INFO Epoch 24 | Batch 800 | Loss: 0.7231 | LR: 3.46e-05
2026-04-23 19:05:42,722 INFO Epoch 24 | Batch 850 | Loss: 0.5868 | LR: 3.42e-05
2026-04-23 19:05:51,320 INFO Epoch 24 | Batch 900 | Loss: 0.6564 | LR: 3.38e-05
2026-04-23 19:06:00,238 INFO Epoch 24 | Batch 950 | Loss: 1.1186 | LR: 3.34e-05
2026-04-23 19:06:09,267 INFO Epoch 24 | Batch 1000 | Loss: 0.8380 | LR: 3.30e-05
2026-04-23 19:06:18,245 INFO Epoch 24 | Batch 1050 | Loss: 0.4810 | LR: 3.26e-05
2026-04-23 19:06:27,599 INFO Epoch 24 | Batch 1100 | Loss: 0.4145 | LR: 3.22e-05
2026-04-23 19:06:36,280 INFO Epoch 24 | Batch 1150 | Loss: 0.6951 | LR: 3.18e-05
2026-04-23 19:06:44,926 INFO Epoch 24 | Batch 1200 | Loss: 0.6663 | LR: 3.14e-05
2026-04-23 19:07:06,372 INFO Epoch 24 | Train: 0.6390 | Dev CER: 0.1236 | Dev WER: 0.3716 | Time: 234s | Peak: 2.5 GB
2026-04-23 19:07:10,659 INFO Epoch 25 | Batch 0 | Loss: 0.4456 | LR: 3.11e-05
2026-04-23 19:07:19,575 INFO Epoch 25 | Batch 50 | Loss: 0.8321 | LR: 3.07e-05
2026-04-23 19:07:28,745 INFO Epoch 25 | Batch 100 | Loss: 0.5321 | LR: 3.03e-05
2026-04-23 19:07:37,399 INFO Epoch 25 | Batch 150 | Loss: 0.6232 | LR: 2.99e-05
2026-04-23 19:07:46,125 INFO Epoch 25 | Batch 200 | Loss: 0.5955 | LR: 2.95e-05
2026-04-23 19:07:55,334 INFO Epoch 25 | Batch 250 | Loss: 1.0487 | LR: 2.92e-05
2026-04-23 19:08:04,368 INFO Epoch 25 | Batch 300 | Loss: 0.5687 | LR: 2.88e-05
2026-04-23 19:08:13,606 INFO Epoch 25 | Batch 350 | Loss: 0.6657 | LR: 2.84e-05
2026-04-23 19:08:22,598 INFO Epoch 25 | Batch 400 | Loss: 0.5133 | LR: 2.80e-05
2026-04-23 19:08:31,808 INFO Epoch 25 | Batch 450 | Loss: 0.6180 | LR: 2.77e-05
2026-04-23 19:08:40,922 INFO Epoch 25 | Batch 500 | Loss: 0.7209 | LR: 2.73e-05
2026-04-23 19:08:50,240 INFO Epoch 25 | Batch 550 | Loss: 0.7355 | LR: 2.69e-05
2026-04-23 19:08:59,250 INFO Epoch 25 | Batch 600 | Loss: 0.7818 | LR: 2.66e-05
2026-04-23 19:09:08,699 INFO Epoch 25 | Batch 650 | Loss: 0.5270 | LR: 2.62e-05
2026-04-23 19:09:17,772 INFO Epoch 25 | Batch 700 | Loss: 0.6500 | LR: 2.58e-05
2026-04-23 19:09:26,962 INFO Epoch 25 | Batch 750 | Loss: 0.6235 | LR: 2.55e-05
2026-04-23 19:09:36,131 INFO Epoch 25 | Batch 800 | Loss: 0.6155 | LR: 2.51e-05
2026-04-23 19:09:45,482 INFO Epoch 25 | Batch 850 | Loss: 0.6176 | LR: 2.48e-05
2026-04-23 19:09:54,536 INFO Epoch 25 | Batch 900 | Loss: 0.8084 | LR: 2.44e-05
2026-04-23 19:10:03,507 INFO Epoch 25 | Batch 950 | Loss: 0.8327 | LR: 2.41e-05
2026-04-23 19:10:12,549 INFO Epoch 25 | Batch 1000 | Loss: 0.5303 | LR: 2.37e-05
2026-04-23 19:10:21,974 INFO Epoch 25 | Batch 1050 | Loss: 0.5148 | LR: 2.34e-05
2026-04-23 19:10:31,122 INFO Epoch 25 | Batch 1100 | Loss: 0.8560 | LR: 2.30e-05
2026-04-23 19:10:40,484 INFO Epoch 25 | Batch 1150 | Loss: 0.3177 | LR: 2.27e-05
2026-04-23 19:10:49,457 INFO Epoch 25 | Batch 1200 | Loss: 0.6448 | LR: 2.24e-05
2026-04-23 19:11:11,655 INFO Epoch 25 | Train: 0.6335 | Dev CER: 0.1215 | Dev WER: 0.3675 | Time: 245s | Peak: 2.5 GB
2026-04-23 19:11:11,655 INFO   New best CER: 0.1215
2026-04-23 19:11:15,516 INFO Epoch 26 | Batch 0 | Loss: 0.4915 | LR: 2.21e-05
2026-04-23 19:11:24,605 INFO Epoch 26 | Batch 50 | Loss: 0.7519 | LR: 2.18e-05
2026-04-23 19:11:33,971 INFO Epoch 26 | Batch 100 | Loss: 0.5298 | LR: 2.15e-05
2026-04-23 19:11:43,078 INFO Epoch 26 | Batch 150 | Loss: 0.5847 | LR: 2.11e-05
2026-04-23 19:11:52,437 INFO Epoch 26 | Batch 200 | Loss: 0.4540 | LR: 2.08e-05
2026-04-23 19:12:01,398 INFO Epoch 26 | Batch 250 | Loss: 0.5750 | LR: 2.05e-05
2026-04-23 19:12:10,216 INFO Epoch 26 | Batch 300 | Loss: 0.5259 | LR: 2.02e-05
2026-04-23 19:12:18,343 INFO Epoch 26 | Batch 350 | Loss: 0.7361 | LR: 1.98e-05
2026-04-23 19:12:27,741 INFO Epoch 26 | Batch 400 | Loss: 0.6859 | LR: 1.95e-05
2026-04-23 19:12:37,005 INFO Epoch 26 | Batch 450 | Loss: 0.8793 | LR: 1.92e-05
2026-04-23 19:12:46,476 INFO Epoch 26 | Batch 500 | Loss: 0.3388 | LR: 1.89e-05
2026-04-23 19:12:55,541 INFO Epoch 26 | Batch 550 | Loss: 0.6494 | LR: 1.86e-05
2026-04-23 19:13:04,956 INFO Epoch 26 | Batch 600 | Loss: 0.4950 | LR: 1.83e-05
2026-04-23 19:13:14,009 INFO Epoch 26 | Batch 650 | Loss: 0.7007 | LR: 1.80e-05
2026-04-23 19:13:23,307 INFO Epoch 26 | Batch 700 | Loss: 0.7127 | LR: 1.77e-05
2026-04-23 19:13:32,375 INFO Epoch 26 | Batch 750 | Loss: 0.6709 | LR: 1.74e-05
2026-04-23 19:13:41,692 INFO Epoch 26 | Batch 800 | Loss: 0.5767 | LR: 1.71e-05
2026-04-23 19:13:50,752 INFO Epoch 26 | Batch 850 | Loss: 0.5611 | LR: 1.68e-05
2026-04-23 19:13:59,856 INFO Epoch 26 | Batch 900 | Loss: 0.4224 | LR: 1.65e-05
2026-04-23 19:14:08,877 INFO Epoch 26 | Batch 950 | Loss: 0.6769 | LR: 1.62e-05
2026-04-23 19:14:18,177 INFO Epoch 26 | Batch 1000 | Loss: 0.3776 | LR: 1.59e-05
2026-04-23 19:14:27,232 INFO Epoch 26 | Batch 1050 | Loss: 0.4745 | LR: 1.57e-05
2026-04-23 19:14:36,474 INFO Epoch 26 | Batch 1100 | Loss: 0.6503 | LR: 1.54e-05
2026-04-23 19:14:45,434 INFO Epoch 26 | Batch 1150 | Loss: 0.4974 | LR: 1.51e-05
2026-04-23 19:14:54,304 INFO Epoch 26 | Batch 1200 | Loss: 0.4295 | LR: 1.48e-05
2026-04-23 19:15:14,982 INFO Epoch 26 | Train: 0.6349 | Dev CER: 0.1211 | Dev WER: 0.3670 | Time: 243s | Peak: 2.5 GB
2026-04-23 19:15:14,982 INFO   New best CER: 0.1211
2026-04-23 19:15:18,742 INFO Epoch 27 | Batch 0 | Loss: 0.5320 | LR: 1.46e-05
2026-04-23 19:15:28,034 INFO Epoch 27 | Batch 50 | Loss: 0.6166 | LR: 1.44e-05
2026-04-23 19:15:37,028 INFO Epoch 27 | Batch 100 | Loss: 0.4013 | LR: 1.41e-05
2026-04-23 19:15:46,343 INFO Epoch 27 | Batch 150 | Loss: 0.8712 | LR: 1.38e-05
2026-04-23 19:15:55,454 INFO Epoch 27 | Batch 200 | Loss: 0.5317 | LR: 1.36e-05
2026-04-23 19:16:04,598 INFO Epoch 27 | Batch 250 | Loss: 0.6027 | LR: 1.33e-05
2026-04-23 19:16:13,756 INFO Epoch 27 | Batch 300 | Loss: 0.5338 | LR: 1.31e-05
2026-04-23 19:16:22,787 INFO Epoch 27 | Batch 350 | Loss: 0.8413 | LR: 1.28e-05
2026-04-23 19:16:32,112 INFO Epoch 27 | Batch 400 | Loss: 0.5577 | LR: 1.25e-05
2026-04-23 19:16:41,287 INFO Epoch 27 | Batch 450 | Loss: 0.7664 | LR: 1.23e-05
2026-04-23 19:16:50,658 INFO Epoch 27 | Batch 500 | Loss: 0.4502 | LR: 1.20e-05
2026-04-23 19:16:59,796 INFO Epoch 27 | Batch 550 | Loss: 0.7895 | LR: 1.18e-05
2026-04-23 19:17:09,105 INFO Epoch 27 | Batch 600 | Loss: 0.6650 | LR: 1.16e-05
2026-04-23 19:17:17,975 INFO Epoch 27 | Batch 650 | Loss: 0.5322 | LR: 1.13e-05
2026-04-23 19:17:26,990 INFO Epoch 27 | Batch 700 | Loss: 0.6878 | LR: 1.11e-05
2026-04-23 19:17:36,001 INFO Epoch 27 | Batch 750 | Loss: 0.6695 | LR: 1.09e-05
2026-04-23 19:17:45,215 INFO Epoch 27 | Batch 800 | Loss: 0.5124 | LR: 1.06e-05
2026-04-23 19:17:54,181 INFO Epoch 27 | Batch 850 | Loss: 0.7124 | LR: 1.04e-05
2026-04-23 19:18:03,337 INFO Epoch 27 | Batch 900 | Loss: 0.5916 | LR: 1.02e-05
2026-04-23 19:18:12,322 INFO Epoch 27 | Batch 950 | Loss: 0.8756 | LR: 9.95e-06
2026-04-23 19:18:21,543 INFO Epoch 27 | Batch 1000 | Loss: 0.5112 | LR: 9.72e-06
2026-04-23 19:18:30,527 INFO Epoch 27 | Batch 1050 | Loss: 0.4443 | LR: 9.51e-06
2026-04-23 19:18:39,872 INFO Epoch 27 | Batch 1100 | Loss: 0.3585 | LR: 9.29e-06
2026-04-23 19:18:48,784 INFO Epoch 27 | Batch 1150 | Loss: 0.5475 | LR: 9.08e-06
2026-04-23 19:18:58,028 INFO Epoch 27 | Batch 1200 | Loss: 0.6482 | LR: 8.87e-06
2026-04-23 19:19:18,479 INFO Epoch 27 | Train: 0.6297 | Dev CER: 0.1206 | Dev WER: 0.3648 | Time: 243s | Peak: 2.5 GB
2026-04-23 19:19:18,479 INFO   New best CER: 0.1206
2026-04-23 19:19:22,763 INFO Epoch 28 | Batch 0 | Loss: 0.5551 | LR: 8.72e-06
2026-04-23 19:19:31,369 INFO Epoch 28 | Batch 50 | Loss: 0.4894 | LR: 8.52e-06
2026-04-23 19:19:39,795 INFO Epoch 28 | Batch 100 | Loss: 0.6427 | LR: 8.31e-06
2026-04-23 19:19:49,266 INFO Epoch 28 | Batch 150 | Loss: 0.5297 | LR: 8.11e-06
2026-04-23 19:19:58,028 INFO Epoch 28 | Batch 200 | Loss: 0.5542 | LR: 7.92e-06
2026-04-23 19:20:07,400 INFO Epoch 28 | Batch 250 | Loss: 0.6877 | LR: 7.72e-06
2026-04-23 19:20:16,419 INFO Epoch 28 | Batch 300 | Loss: 0.6627 | LR: 7.53e-06
2026-04-23 19:20:25,727 INFO Epoch 28 | Batch 350 | Loss: 0.5167 | LR: 7.34e-06
2026-04-23 19:20:34,532 INFO Epoch 28 | Batch 400 | Loss: 0.4838 | LR: 7.16e-06
2026-04-23 19:20:43,992 INFO Epoch 28 | Batch 450 | Loss: 0.8385 | LR: 6.97e-06
2026-04-23 19:20:53,025 INFO Epoch 28 | Batch 500 | Loss: 0.5936 | LR: 6.79e-06
2026-04-23 19:21:02,254 INFO Epoch 28 | Batch 550 | Loss: 0.6534 | LR: 6.61e-06
2026-04-23 19:21:11,224 INFO Epoch 28 | Batch 600 | Loss: 0.7874 | LR: 6.44e-06
2026-04-23 19:21:20,258 INFO Epoch 28 | Batch 650 | Loss: 0.6319 | LR: 6.27e-06
2026-04-23 19:21:28,942 INFO Epoch 28 | Batch 700 | Loss: 0.6189 | LR: 6.10e-06
2026-04-23 19:21:38,054 INFO Epoch 28 | Batch 750 | Loss: 0.5749 | LR: 5.93e-06
2026-04-23 19:21:46,981 INFO Epoch 28 | Batch 800 | Loss: 0.7661 | LR: 5.76e-06
2026-04-23 19:21:55,878 INFO Epoch 28 | Batch 850 | Loss: 0.6440 | LR: 5.60e-06
2026-04-23 19:22:04,238 INFO Epoch 28 | Batch 900 | Loss: 0.5142 | LR: 5.44e-06
2026-04-23 19:22:12,791 INFO Epoch 28 | Batch 950 | Loss: 0.7511 | LR: 5.29e-06
2026-04-23 19:22:21,162 INFO Epoch 28 | Batch 1000 | Loss: 0.4924 | LR: 5.13e-06
2026-04-23 19:22:29,737 INFO Epoch 28 | Batch 1050 | Loss: 0.6927 | LR: 4.98e-06
2026-04-23 19:22:38,137 INFO Epoch 28 | Batch 1100 | Loss: 0.5454 | LR: 4.84e-06
2026-04-23 19:22:46,716 INFO Epoch 28 | Batch 1150 | Loss: 0.4291 | LR: 4.69e-06
2026-04-23 19:22:55,174 INFO Epoch 28 | Batch 1200 | Loss: 0.5759 | LR: 4.55e-06
2026-04-23 19:23:16,002 INFO Epoch 28 | Train: 0.6280 | Dev CER: 0.1205 | Dev WER: 0.3642 | Time: 237s | Peak: 2.5 GB
2026-04-23 19:23:16,002 INFO   New best CER: 0.1205
2026-04-23 19:23:20,289 INFO Epoch 29 | Batch 0 | Loss: 0.5938 | LR: 4.45e-06
2026-04-23 19:23:28,668 INFO Epoch 29 | Batch 50 | Loss: 0.7864 | LR: 4.31e-06
2026-04-23 19:23:37,191 INFO Epoch 29 | Batch 100 | Loss: 0.7109 | LR: 4.17e-06
2026-04-23 19:23:45,649 INFO Epoch 29 | Batch 150 | Loss: 0.4779 | LR: 4.04e-06
2026-04-23 19:23:53,831 INFO Epoch 29 | Batch 200 | Loss: 0.5472 | LR: 3.91e-06
2026-04-23 19:24:00,714 INFO Epoch 29 | Batch 250 | Loss: 0.6113 | LR: 3.79e-06
2026-04-23 19:24:07,788 INFO Epoch 29 | Batch 300 | Loss: 0.5846 | LR: 3.66e-06
2026-04-23 19:24:15,595 INFO Epoch 29 | Batch 350 | Loss: 0.6516 | LR: 3.54e-06
2026-04-23 19:24:24,145 INFO Epoch 29 | Batch 400 | Loss: 0.4970 | LR: 3.42e-06
2026-04-23 19:24:32,602 INFO Epoch 29 | Batch 450 | Loss: 0.5564 | LR: 3.31e-06
2026-04-23 19:24:40,943 INFO Epoch 29 | Batch 500 | Loss: 0.8752 | LR: 3.20e-06
2026-04-23 19:24:49,156 INFO Epoch 29 | Batch 550 | Loss: 0.4375 | LR: 3.09e-06
2026-04-23 19:24:57,767 INFO Epoch 29 | Batch 600 | Loss: 0.8092 | LR: 2.98e-06
2026-04-23 19:25:06,351 INFO Epoch 29 | Batch 650 | Loss: 0.6967 | LR: 2.88e-06
2026-04-23 19:25:14,705 INFO Epoch 29 | Batch 700 | Loss: 0.6200 | LR: 2.77e-06
2026-04-23 19:25:23,395 INFO Epoch 29 | Batch 750 | Loss: 0.3246 | LR: 2.68e-06
2026-04-23 19:25:31,954 INFO Epoch 29 | Batch 800 | Loss: 0.6010 | LR: 2.58e-06
2026-04-23 19:25:40,598 INFO Epoch 29 | Batch 850 | Loss: 0.4542 | LR: 2.49e-06
2026-04-23 19:25:48,990 INFO Epoch 29 | Batch 900 | Loss: 0.5886 | LR: 2.40e-06
2026-04-23 19:25:57,304 INFO Epoch 29 | Batch 950 | Loss: 0.5619 | LR: 2.31e-06
2026-04-23 19:26:05,925 INFO Epoch 29 | Batch 1000 | Loss: 0.6913 | LR: 2.22e-06
2026-04-23 19:26:14,664 INFO Epoch 29 | Batch 1050 | Loss: 0.5862 | LR: 2.14e-06
2026-04-23 19:26:23,063 INFO Epoch 29 | Batch 1100 | Loss: 0.6017 | LR: 2.06e-06
2026-04-23 19:26:31,700 INFO Epoch 29 | Batch 1150 | Loss: 0.5982 | LR: 1.99e-06
2026-04-23 19:26:39,971 INFO Epoch 29 | Batch 1200 | Loss: 0.4722 | LR: 1.91e-06
2026-04-23 19:27:01,023 INFO Epoch 29 | Train: 0.6221 | Dev CER: 0.1205 | Dev WER: 0.3637 | Time: 225s | Peak: 2.5 GB
2026-04-23 19:27:01,023 INFO   New best CER: 0.1205
2026-04-23 19:27:05,259 INFO Epoch 30 | Batch 0 | Loss: 0.6817 | LR: 1.86e-06
2026-04-23 19:27:13,376 INFO Epoch 30 | Batch 50 | Loss: 0.6135 | LR: 1.80e-06
2026-04-23 19:27:22,268 INFO Epoch 30 | Batch 100 | Loss: 0.4922 | LR: 1.73e-06
2026-04-23 19:27:30,582 INFO Epoch 30 | Batch 150 | Loss: 0.5906 | LR: 1.67e-06
2026-04-23 19:27:39,249 INFO Epoch 30 | Batch 200 | Loss: 0.4252 | LR: 1.61e-06
2026-04-23 19:27:47,560 INFO Epoch 30 | Batch 250 | Loss: 0.5620 | LR: 1.55e-06
2026-04-23 19:27:56,323 INFO Epoch 30 | Batch 300 | Loss: 0.3878 | LR: 1.50e-06
2026-04-23 19:28:04,802 INFO Epoch 30 | Batch 350 | Loss: 0.6086 | LR: 1.44e-06
2026-04-23 19:28:13,480 INFO Epoch 30 | Batch 400 | Loss: 0.5819 | LR: 1.39e-06
2026-04-23 19:28:21,930 INFO Epoch 30 | Batch 450 | Loss: 0.7647 | LR: 1.35e-06
2026-04-23 19:28:30,597 INFO Epoch 30 | Batch 500 | Loss: 0.5046 | LR: 1.31e-06
2026-04-23 19:28:39,082 INFO Epoch 30 | Batch 550 | Loss: 0.7064 | LR: 1.27e-06
2026-04-23 19:28:47,589 INFO Epoch 30 | Batch 600 | Loss: 0.6187 | LR: 1.23e-06
2026-04-23 19:28:55,872 INFO Epoch 30 | Batch 650 | Loss: 0.7724 | LR: 1.19e-06
2026-04-23 19:29:04,534 INFO Epoch 30 | Batch 700 | Loss: 0.6509 | LR: 1.16e-06
2026-04-23 19:29:12,951 INFO Epoch 30 | Batch 750 | Loss: 0.4183 | LR: 1.13e-06
2026-04-23 19:29:21,514 INFO Epoch 30 | Batch 800 | Loss: 0.4458 | LR: 1.11e-06
2026-04-23 19:29:29,791 INFO Epoch 30 | Batch 850 | Loss: 0.5469 | LR: 1.08e-06
2026-04-23 19:29:36,917 INFO Epoch 30 | Batch 900 | Loss: 0.5278 | LR: 1.06e-06
2026-04-23 19:29:45,727 INFO Epoch 30 | Batch 950 | Loss: 0.6026 | LR: 1.05e-06
2026-04-23 19:29:54,221 INFO Epoch 30 | Batch 1000 | Loss: 0.6301 | LR: 1.03e-06
2026-04-23 19:30:03,087 INFO Epoch 30 | Batch 1050 | Loss: 0.4161 | LR: 1.02e-06
2026-04-23 19:30:11,667 INFO Epoch 30 | Batch 1100 | Loss: 0.6603 | LR: 1.01e-06
2026-04-23 19:30:20,385 INFO Epoch 30 | Batch 1150 | Loss: 0.5597 | LR: 1.00e-06
2026-04-23 19:30:28,926 INFO Epoch 30 | Batch 1200 | Loss: 0.5615 | LR: 1.00e-06
2026-04-23 19:30:47,541 INFO Epoch 30 | Train: 0.6243 | Dev CER: 0.1207 | Dev WER: 0.3638 | Time: 226s | Peak: 2.5 GB
2026-04-23 19:31:51,100 INFO Done. Best dev CER: 0.1205 | Test CER: 0.1187
s: 0.5615 | LR: 1.00e-06
2026-04-23 19:30:47,541 INFO Epoch 30 | Train: 0.6243 | Dev CER: 0.1207 | Dev WER: 0.3638 | Time: 226s | Peak: 2.5 GB
2026-04-23 19:31:51,100 INFO Done. Best dev CER: 0.1205 | Test CER: 0.1187
