2026-04-22 17:59:57,877 INFO Loading LibriSpeech split=train.100 from HuggingFace...
2026-04-22 17:59:58,077 INFO HTTP Request: HEAD https://huggingface.co/datasets/openslr/librispeech_asr/resolve/main/README.md "HTTP/1.1 307 Temporary Redirect"
2026-04-22 17:59:58,097 INFO HTTP Request: HEAD https://huggingface.co/api/resolve-cache/datasets/openslr/librispeech_asr/71cacbfb7e2354c4226d01e70d77d5fca3d04ba1/README.md "HTTP/1.1 200 OK"
2026-04-22 17:59:58,226 INFO HTTP Request: HEAD https://huggingface.co/datasets/openslr/librispeech_asr/resolve/71cacbfb7e2354c4226d01e70d77d5fca3d04ba1/librispeech_asr.py "HTTP/1.1 404 Not Found"
2026-04-22 17:59:58,227 WARNING Warning: You are sending unauthenticated requests to the HF Hub. Please set a HF_TOKEN to enable higher rate limits and faster downloads.
2026-04-22 17:59:58,608 INFO HTTP Request: HEAD https://s3.amazonaws.com/datasets.huggingface.co/datasets/datasets/openslr/librispeech_asr/openslr/librispeech_asr.py "HTTP/1.1 404 Not Found"
2026-04-22 17:59:58,751 INFO HTTP Request: GET https://huggingface.co/api/datasets/openslr/librispeech_asr/revision/71cacbfb7e2354c4226d01e70d77d5fca3d04ba1 "HTTP/1.1 200 OK"
2026-04-22 17:59:58,883 INFO HTTP Request: HEAD https://huggingface.co/datasets/openslr/librispeech_asr/resolve/71cacbfb7e2354c4226d01e70d77d5fca3d04ba1/.huggingface.yaml "HTTP/1.1 404 Not Found"
2026-04-22 17:59:59,075 INFO HTTP Request: GET https://datasets-server.huggingface.co/info?dataset=openslr/librispeech_asr "HTTP/1.1 200 OK"
2026-04-22 17:59:59,208 INFO HTTP Request: GET https://huggingface.co/api/datasets/openslr/librispeech_asr/tree/71cacbfb7e2354c4226d01e70d77d5fca3d04ba1/clean%2Ftest?recursive=true&expand=false "HTTP/1.1 200 OK"
2026-04-22 17:59:59,342 INFO HTTP Request: GET https://huggingface.co/api/datasets/openslr/librispeech_asr/tree/71cacbfb7e2354c4226d01e70d77d5fca3d04ba1/clean?recursive=false&expand=false "HTTP/1.1 200 OK"
2026-04-22 17:59:59,483 INFO HTTP Request: GET https://huggingface.co/api/datasets/openslr/librispeech_asr/tree/71cacbfb7e2354c4226d01e70d77d5fca3d04ba1/clean%2Ftrain.100?recursive=true&expand=false "HTTP/1.1 200 OK"
2026-04-22 17:59:59,713 INFO HTTP Request: GET https://huggingface.co/api/datasets/openslr/librispeech_asr/tree/71cacbfb7e2354c4226d01e70d77d5fca3d04ba1/clean%2Ftrain.360?recursive=true&expand=false "HTTP/1.1 200 OK"
2026-04-22 17:59:59,864 INFO HTTP Request: GET https://huggingface.co/api/datasets/openslr/librispeech_asr/tree/71cacbfb7e2354c4226d01e70d77d5fca3d04ba1/clean%2Fvalidation?recursive=true&expand=false "HTTP/1.1 200 OK"
2026-04-22 18:00:00,000 INFO HTTP Request: HEAD https://huggingface.co/datasets/openslr/librispeech_asr/resolve/71cacbfb7e2354c4226d01e70d77d5fca3d04ba1/dataset_infos.json "HTTP/1.1 404 Not Found"
2026-04-22 18:01:16,782 INFO Loaded 28538 utterances from train.100 (skipped 1 outside [0.5s, 20.0s])
2026-04-22 18:01:16,829 INFO Loading LibriSpeech split=validation from HuggingFace...
2026-04-22 18:01:17,056 INFO HTTP Request: HEAD https://huggingface.co/datasets/openslr/librispeech_asr/resolve/main/README.md "HTTP/1.1 307 Temporary Redirect"
2026-04-22 18:01:17,076 INFO HTTP Request: HEAD https://huggingface.co/api/resolve-cache/datasets/openslr/librispeech_asr/71cacbfb7e2354c4226d01e70d77d5fca3d04ba1/README.md "HTTP/1.1 200 OK"
2026-04-22 18:01:17,215 INFO HTTP Request: HEAD https://huggingface.co/datasets/openslr/librispeech_asr/resolve/71cacbfb7e2354c4226d01e70d77d5fca3d04ba1/librispeech_asr.py "HTTP/1.1 404 Not Found"
2026-04-22 18:01:17,612 INFO HTTP Request: HEAD https://s3.amazonaws.com/datasets.huggingface.co/datasets/datasets/openslr/librispeech_asr/openslr/librispeech_asr.py "HTTP/1.1 404 Not Found"
2026-04-22 18:01:17,762 INFO HTTP Request: HEAD https://huggingface.co/datasets/openslr/librispeech_asr/resolve/71cacbfb7e2354c4226d01e70d77d5fca3d04ba1/.huggingface.yaml "HTTP/1.1 404 Not Found"
2026-04-22 18:01:18,086 INFO HTTP Request: GET https://datasets-server.huggingface.co/info?dataset=openslr/librispeech_asr "HTTP/1.1 200 OK"
2026-04-22 18:01:18,257 INFO HTTP Request: HEAD https://huggingface.co/datasets/openslr/librispeech_asr/resolve/71cacbfb7e2354c4226d01e70d77d5fca3d04ba1/dataset_infos.json "HTTP/1.1 404 Not Found"
2026-04-22 18:01:22,664 INFO Loaded 2642 utterances from validation (skipped 61 outside [0.5s, 20.0s])
2026-04-22 18:01:22,669 INFO Loading LibriSpeech split=test from HuggingFace...
2026-04-22 18:01:22,800 INFO HTTP Request: HEAD https://huggingface.co/datasets/openslr/librispeech_asr/resolve/main/README.md "HTTP/1.1 307 Temporary Redirect"
2026-04-22 18:01:22,820 INFO HTTP Request: HEAD https://huggingface.co/api/resolve-cache/datasets/openslr/librispeech_asr/71cacbfb7e2354c4226d01e70d77d5fca3d04ba1/README.md "HTTP/1.1 200 OK"
2026-04-22 18:01:22,950 INFO HTTP Request: HEAD https://huggingface.co/datasets/openslr/librispeech_asr/resolve/71cacbfb7e2354c4226d01e70d77d5fca3d04ba1/librispeech_asr.py "HTTP/1.1 404 Not Found"
2026-04-22 18:01:23,314 INFO HTTP Request: HEAD https://s3.amazonaws.com/datasets.huggingface.co/datasets/datasets/openslr/librispeech_asr/openslr/librispeech_asr.py "HTTP/1.1 404 Not Found"
2026-04-22 18:01:23,456 INFO HTTP Request: HEAD https://huggingface.co/datasets/openslr/librispeech_asr/resolve/71cacbfb7e2354c4226d01e70d77d5fca3d04ba1/.huggingface.yaml "HTTP/1.1 404 Not Found"
2026-04-22 18:01:23,612 INFO HTTP Request: GET https://datasets-server.huggingface.co/info?dataset=openslr/librispeech_asr "HTTP/1.1 200 OK"
2026-04-22 18:01:23,772 INFO HTTP Request: HEAD https://huggingface.co/datasets/openslr/librispeech_asr/resolve/71cacbfb7e2354c4226d01e70d77d5fca3d04ba1/dataset_infos.json "HTTP/1.1 404 Not Found"
2026-04-22 18:01:27,998 INFO Loaded 2528 utterances from test (skipped 92 outside [0.5s, 20.0s])
2026-04-22 18:01:28,248 INFO Backbone: linear_attn_convshift_multidil_symmetric | Params: 6.28M
2026-04-22 18:01:28,249 INFO   Frontend: 1.90M | Encoder: 4.36M | Head: 8.0K
2026-04-22 18:01:31,746 INFO Epoch 1 | Batch 0 | Loss: 4.2001 | LR: 3.00e-07
2026-04-22 18:01:35,831 INFO Epoch 1 | Batch 50 | Loss: 2.8731 | LR: 1.53e-05
2026-04-22 18:01:39,917 INFO Epoch 1 | Batch 100 | Loss: 2.8988 | LR: 3.03e-05
2026-04-22 18:01:44,252 INFO Epoch 1 | Batch 150 | Loss: 2.8680 | LR: 4.53e-05
2026-04-22 18:01:48,366 INFO Epoch 1 | Batch 200 | Loss: 2.8384 | LR: 6.03e-05
2026-04-22 18:01:52,506 INFO Epoch 1 | Batch 250 | Loss: 2.8430 | LR: 7.53e-05
2026-04-22 18:01:56,657 INFO Epoch 1 | Batch 300 | Loss: 2.8439 | LR: 9.03e-05
2026-04-22 18:02:00,821 INFO Epoch 1 | Batch 350 | Loss: 2.8012 | LR: 1.05e-04
2026-04-22 18:02:04,952 INFO Epoch 1 | Batch 400 | Loss: 2.8129 | LR: 1.20e-04
2026-04-22 18:02:09,069 INFO Epoch 1 | Batch 450 | Loss: 2.6683 | LR: 1.35e-04
2026-04-22 18:02:13,175 INFO Epoch 1 | Batch 500 | Loss: 2.7153 | LR: 1.50e-04
2026-04-22 18:02:17,297 INFO Epoch 1 | Batch 550 | Loss: 2.6273 | LR: 1.65e-04
2026-04-22 18:02:21,411 INFO Epoch 1 | Batch 600 | Loss: 2.7171 | LR: 1.80e-04
2026-04-22 18:02:25,504 INFO Epoch 1 | Batch 650 | Loss: 2.4966 | LR: 1.95e-04
2026-04-22 18:02:29,616 INFO Epoch 1 | Batch 700 | Loss: 2.5727 | LR: 2.10e-04
2026-04-22 18:02:33,731 INFO Epoch 1 | Batch 750 | Loss: 2.5172 | LR: 2.25e-04
2026-04-22 18:02:37,848 INFO Epoch 1 | Batch 800 | Loss: 2.7056 | LR: 2.40e-04
2026-04-22 18:02:41,976 INFO Epoch 1 | Batch 850 | Loss: 2.4636 | LR: 2.55e-04
2026-04-22 18:02:46,084 INFO Epoch 1 | Batch 900 | Loss: 2.4982 | LR: 2.70e-04
2026-04-22 18:02:50,198 INFO Epoch 1 | Batch 950 | Loss: 2.4075 | LR: 2.85e-04
2026-04-22 18:02:54,305 INFO Epoch 1 | Batch 1000 | Loss: 2.3025 | LR: 3.00e-04
2026-04-22 18:02:58,407 INFO Epoch 1 | Batch 1050 | Loss: 2.4018 | LR: 3.00e-04
2026-04-22 18:03:02,523 INFO Epoch 1 | Batch 1100 | Loss: 2.4084 | LR: 3.00e-04
2026-04-22 18:03:06,615 INFO Epoch 1 | Batch 1150 | Loss: 2.5067 | LR: 3.00e-04
2026-04-22 18:03:10,739 INFO Epoch 1 | Batch 1200 | Loss: 2.4137 | LR: 3.00e-04
2026-04-22 18:03:27,977 INFO Epoch 1 | Train: 2.6394 | Dev CER: 0.5902 | Dev WER: 1.0049 | Time: 119s | Peak: 7.4 GB
2026-04-22 18:03:27,977 INFO   New best CER: 0.5902
2026-04-22 18:03:30,782 INFO Epoch 2 | Batch 0 | Loss: 2.2783 | LR: 3.00e-04
2026-04-22 18:03:34,975 INFO Epoch 2 | Batch 50 | Loss: 2.5249 | LR: 3.00e-04
2026-04-22 18:03:39,142 INFO Epoch 2 | Batch 100 | Loss: 2.4379 | LR: 3.00e-04
2026-04-22 18:03:43,306 INFO Epoch 2 | Batch 150 | Loss: 2.3883 | LR: 3.00e-04
2026-04-22 18:03:47,464 INFO Epoch 2 | Batch 200 | Loss: 2.2704 | LR: 3.00e-04
2026-04-22 18:03:51,631 INFO Epoch 2 | Batch 250 | Loss: 2.1304 | LR: 3.00e-04
2026-04-22 18:03:55,779 INFO Epoch 2 | Batch 300 | Loss: 2.3041 | LR: 3.00e-04
2026-04-22 18:03:59,912 INFO Epoch 2 | Batch 350 | Loss: 2.2839 | LR: 3.00e-04
2026-04-22 18:04:04,043 INFO Epoch 2 | Batch 400 | Loss: 2.1107 | LR: 3.00e-04
2026-04-22 18:04:08,148 INFO Epoch 2 | Batch 450 | Loss: 2.1858 | LR: 3.00e-04
2026-04-22 18:04:12,273 INFO Epoch 2 | Batch 500 | Loss: 2.1800 | LR: 3.00e-04
2026-04-22 18:04:16,408 INFO Epoch 2 | Batch 550 | Loss: 2.3264 | LR: 3.00e-04
2026-04-22 18:04:20,537 INFO Epoch 2 | Batch 600 | Loss: 2.2303 | LR: 3.00e-04
2026-04-22 18:04:24,687 INFO Epoch 2 | Batch 650 | Loss: 2.3166 | LR: 3.00e-04
2026-04-22 18:04:28,806 INFO Epoch 2 | Batch 700 | Loss: 2.4796 | LR: 3.00e-04
2026-04-22 18:04:32,934 INFO Epoch 2 | Batch 750 | Loss: 2.2201 | LR: 2.99e-04
2026-04-22 18:04:37,031 INFO Epoch 2 | Batch 800 | Loss: 2.0099 | LR: 2.99e-04
2026-04-22 18:04:41,123 INFO Epoch 2 | Batch 850 | Loss: 2.2759 | LR: 2.99e-04
2026-04-22 18:04:45,207 INFO Epoch 2 | Batch 900 | Loss: 2.1567 | LR: 2.99e-04
2026-04-22 18:04:49,276 INFO Epoch 2 | Batch 950 | Loss: 2.0512 | LR: 2.99e-04
2026-04-22 18:04:53,395 INFO Epoch 2 | Batch 1000 | Loss: 2.5461 | LR: 2.99e-04
2026-04-22 18:04:57,490 INFO Epoch 2 | Batch 1050 | Loss: 2.2309 | LR: 2.99e-04
2026-04-22 18:05:01,599 INFO Epoch 2 | Batch 1100 | Loss: 2.1182 | LR: 2.99e-04
2026-04-22 18:05:05,723 INFO Epoch 2 | Batch 1150 | Loss: 1.9919 | LR: 2.99e-04
2026-04-22 18:05:09,845 INFO Epoch 2 | Batch 1200 | Loss: 2.1015 | LR: 2.99e-04
2026-04-22 18:05:25,747 INFO Epoch 2 | Train: 2.2177 | Dev CER: 0.4969 | Dev WER: 0.9963 | Time: 117s | Peak: 7.4 GB
2026-04-22 18:05:25,747 INFO   New best CER: 0.4969
2026-04-22 18:05:28,306 INFO Epoch 3 | Batch 0 | Loss: 2.0477 | LR: 2.99e-04
2026-04-22 18:05:32,655 INFO Epoch 3 | Batch 50 | Loss: 2.0842 | LR: 2.99e-04
2026-04-22 18:05:36,987 INFO Epoch 3 | Batch 100 | Loss: 2.0267 | LR: 2.99e-04
2026-04-22 18:05:41,324 INFO Epoch 3 | Batch 150 | Loss: 2.0207 | LR: 2.99e-04
2026-04-22 18:05:45,681 INFO Epoch 3 | Batch 200 | Loss: 2.0833 | LR: 2.98e-04
2026-04-22 18:05:49,945 INFO Epoch 3 | Batch 250 | Loss: 1.7860 | LR: 2.98e-04
2026-04-22 18:05:54,050 INFO Epoch 3 | Batch 300 | Loss: 2.1208 | LR: 2.98e-04
2026-04-22 18:05:58,182 INFO Epoch 3 | Batch 350 | Loss: 1.8194 | LR: 2.98e-04
2026-04-22 18:06:02,310 INFO Epoch 3 | Batch 400 | Loss: 1.8842 | LR: 2.98e-04
2026-04-22 18:06:06,441 INFO Epoch 3 | Batch 450 | Loss: 2.2628 | LR: 2.98e-04
2026-04-22 18:06:10,559 INFO Epoch 3 | Batch 500 | Loss: 1.9008 | LR: 2.98e-04
2026-04-22 18:06:14,676 INFO Epoch 3 | Batch 550 | Loss: 1.9779 | LR: 2.98e-04
2026-04-22 18:06:18,788 INFO Epoch 3 | Batch 600 | Loss: 2.1296 | LR: 2.98e-04
2026-04-22 18:06:22,911 INFO Epoch 3 | Batch 650 | Loss: 1.9840 | LR: 2.97e-04
2026-04-22 18:06:27,046 INFO Epoch 3 | Batch 700 | Loss: 2.0788 | LR: 2.97e-04
2026-04-22 18:06:31,184 INFO Epoch 3 | Batch 750 | Loss: 2.2620 | LR: 2.97e-04
2026-04-22 18:06:35,299 INFO Epoch 3 | Batch 800 | Loss: 2.0363 | LR: 2.97e-04
2026-04-22 18:06:39,434 INFO Epoch 3 | Batch 850 | Loss: 1.9975 | LR: 2.97e-04
2026-04-22 18:06:43,576 INFO Epoch 3 | Batch 900 | Loss: 2.0832 | LR: 2.97e-04
2026-04-22 18:06:47,681 INFO Epoch 3 | Batch 950 | Loss: 2.1201 | LR: 2.97e-04
2026-04-22 18:06:51,776 INFO Epoch 3 | Batch 1000 | Loss: 1.8159 | LR: 2.97e-04
2026-04-22 18:06:55,913 INFO Epoch 3 | Batch 1050 | Loss: 1.9436 | LR: 2.96e-04
2026-04-22 18:07:00,050 INFO Epoch 3 | Batch 1100 | Loss: 1.7754 | LR: 2.96e-04
2026-04-22 18:07:04,191 INFO Epoch 3 | Batch 1150 | Loss: 2.1731 | LR: 2.96e-04
2026-04-22 18:07:08,347 INFO Epoch 3 | Batch 1200 | Loss: 2.0205 | LR: 2.96e-04
2026-04-22 18:07:24,406 INFO Epoch 3 | Train: 1.9817 | Dev CER: 0.4257 | Dev WER: 0.9502 | Time: 118s | Peak: 7.4 GB
2026-04-22 18:07:24,406 INFO   New best CER: 0.4257
2026-04-22 18:07:27,140 INFO Epoch 4 | Batch 0 | Loss: 1.7519 | LR: 2.96e-04
2026-04-22 18:07:31,436 INFO Epoch 4 | Batch 50 | Loss: 2.0547 | LR: 2.96e-04
2026-04-22 18:07:35,598 INFO Epoch 4 | Batch 100 | Loss: 1.7626 | LR: 2.96e-04
2026-04-22 18:07:39,692 INFO Epoch 4 | Batch 150 | Loss: 2.1309 | LR: 2.95e-04
2026-04-22 18:07:43,795 INFO Epoch 4 | Batch 200 | Loss: 1.9293 | LR: 2.95e-04
2026-04-22 18:07:47,897 INFO Epoch 4 | Batch 250 | Loss: 1.8946 | LR: 2.95e-04
2026-04-22 18:07:51,995 INFO Epoch 4 | Batch 300 | Loss: 1.8295 | LR: 2.95e-04
2026-04-22 18:07:56,117 INFO Epoch 4 | Batch 350 | Loss: 2.1523 | LR: 2.95e-04
2026-04-22 18:08:00,291 INFO Epoch 4 | Batch 400 | Loss: 1.8546 | LR: 2.95e-04
2026-04-22 18:08:04,449 INFO Epoch 4 | Batch 450 | Loss: 1.8383 | LR: 2.94e-04
2026-04-22 18:08:08,605 INFO Epoch 4 | Batch 500 | Loss: 1.9279 | LR: 2.94e-04
2026-04-22 18:08:12,759 INFO Epoch 4 | Batch 550 | Loss: 1.6826 | LR: 2.94e-04
2026-04-22 18:08:16,869 INFO Epoch 4 | Batch 600 | Loss: 1.8818 | LR: 2.94e-04
2026-04-22 18:08:20,967 INFO Epoch 4 | Batch 650 | Loss: 1.7599 | LR: 2.94e-04
2026-04-22 18:08:25,078 INFO Epoch 4 | Batch 700 | Loss: 1.5862 | LR: 2.93e-04
2026-04-22 18:08:29,193 INFO Epoch 4 | Batch 750 | Loss: 1.7536 | LR: 2.93e-04
2026-04-22 18:08:33,300 INFO Epoch 4 | Batch 800 | Loss: 1.6855 | LR: 2.93e-04
2026-04-22 18:08:37,400 INFO Epoch 4 | Batch 850 | Loss: 2.0143 | LR: 2.93e-04
2026-04-22 18:08:41,502 INFO Epoch 4 | Batch 900 | Loss: 1.7980 | LR: 2.93e-04
2026-04-22 18:08:45,606 INFO Epoch 4 | Batch 950 | Loss: 1.7349 | LR: 2.92e-04
2026-04-22 18:08:49,697 INFO Epoch 4 | Batch 1000 | Loss: 1.6288 | LR: 2.92e-04
2026-04-22 18:08:53,807 INFO Epoch 4 | Batch 1050 | Loss: 1.8158 | LR: 2.92e-04
2026-04-22 18:08:57,891 INFO Epoch 4 | Batch 1100 | Loss: 1.6421 | LR: 2.92e-04
2026-04-22 18:09:01,993 INFO Epoch 4 | Batch 1150 | Loss: 1.8640 | LR: 2.92e-04
2026-04-22 18:09:06,094 INFO Epoch 4 | Batch 1200 | Loss: 2.0504 | LR: 2.91e-04
2026-04-22 18:09:21,832 INFO Epoch 4 | Train: 1.7944 | Dev CER: 0.3795 | Dev WER: 0.8697 | Time: 117s | Peak: 7.4 GB
2026-04-22 18:09:21,832 INFO   New best CER: 0.3795
2026-04-22 18:09:24,945 INFO Epoch 5 | Batch 0 | Loss: 1.4729 | LR: 2.91e-04
2026-04-22 18:09:29,296 INFO Epoch 5 | Batch 50 | Loss: 1.6939 | LR: 2.91e-04
2026-04-22 18:09:33,622 INFO Epoch 5 | Batch 100 | Loss: 1.7688 | LR: 2.91e-04
2026-04-22 18:09:37,932 INFO Epoch 5 | Batch 150 | Loss: 1.6830 | LR: 2.91e-04
2026-04-22 18:09:42,243 INFO Epoch 5 | Batch 200 | Loss: 1.5411 | LR: 2.90e-04
2026-04-22 18:09:46,563 INFO Epoch 5 | Batch 250 | Loss: 2.1833 | LR: 2.90e-04
2026-04-22 18:09:50,918 INFO Epoch 5 | Batch 300 | Loss: 1.4333 | LR: 2.90e-04
2026-04-22 18:09:55,254 INFO Epoch 5 | Batch 350 | Loss: 1.5047 | LR: 2.90e-04
2026-04-22 18:09:59,618 INFO Epoch 5 | Batch 400 | Loss: 1.3845 | LR: 2.89e-04
2026-04-22 18:10:03,941 INFO Epoch 5 | Batch 450 | Loss: 1.7595 | LR: 2.89e-04
2026-04-22 18:10:08,102 INFO Epoch 5 | Batch 500 | Loss: 1.5861 | LR: 2.89e-04
2026-04-22 18:10:12,247 INFO Epoch 5 | Batch 550 | Loss: 1.6898 | LR: 2.89e-04
2026-04-22 18:10:16,373 INFO Epoch 5 | Batch 600 | Loss: 1.8156 | LR: 2.88e-04
2026-04-22 18:10:20,494 INFO Epoch 5 | Batch 650 | Loss: 1.8722 | LR: 2.88e-04
2026-04-22 18:10:24,681 INFO Epoch 5 | Batch 700 | Loss: 1.6006 | LR: 2.88e-04
2026-04-22 18:10:28,881 INFO Epoch 5 | Batch 750 | Loss: 1.4886 | LR: 2.88e-04
2026-04-22 18:10:33,079 INFO Epoch 5 | Batch 800 | Loss: 1.4986 | LR: 2.87e-04
2026-04-22 18:10:37,188 INFO Epoch 5 | Batch 850 | Loss: 1.6329 | LR: 2.87e-04
2026-04-22 18:10:41,338 INFO Epoch 5 | Batch 900 | Loss: 1.7221 | LR: 2.87e-04
2026-04-22 18:10:45,496 INFO Epoch 5 | Batch 950 | Loss: 1.9464 | LR: 2.87e-04
2026-04-22 18:10:49,636 INFO Epoch 5 | Batch 1000 | Loss: 1.7563 | LR: 2.86e-04
2026-04-22 18:10:53,769 INFO Epoch 5 | Batch 1050 | Loss: 1.5686 | LR: 2.86e-04
2026-04-22 18:10:57,965 INFO Epoch 5 | Batch 1100 | Loss: 1.6104 | LR: 2.86e-04
2026-04-22 18:11:02,163 INFO Epoch 5 | Batch 1150 | Loss: 1.9217 | LR: 2.86e-04
2026-04-22 18:11:06,371 INFO Epoch 5 | Batch 1200 | Loss: 1.5878 | LR: 2.85e-04
2026-04-22 18:11:24,067 INFO Epoch 5 | Train: 1.6412 | Dev CER: 0.3488 | Dev WER: 0.8398 | Time: 122s | Peak: 7.4 GB
2026-04-22 18:11:24,067 INFO   New best CER: 0.3488
2026-04-22 18:11:26,756 INFO Epoch 6 | Batch 0 | Loss: 1.5917 | LR: 2.85e-04
2026-04-22 18:11:30,902 INFO Epoch 6 | Batch 50 | Loss: 2.0206 | LR: 2.85e-04
2026-04-22 18:11:35,004 INFO Epoch 6 | Batch 100 | Loss: 1.6842 | LR: 2.84e-04
2026-04-22 18:11:39,127 INFO Epoch 6 | Batch 150 | Loss: 1.6510 | LR: 2.84e-04
2026-04-22 18:11:43,250 INFO Epoch 6 | Batch 200 | Loss: 1.6814 | LR: 2.84e-04
2026-04-22 18:11:47,383 INFO Epoch 6 | Batch 250 | Loss: 1.3440 | LR: 2.84e-04
2026-04-22 18:11:51,503 INFO Epoch 6 | Batch 300 | Loss: 1.3211 | LR: 2.83e-04
2026-04-22 18:11:55,629 INFO Epoch 6 | Batch 350 | Loss: 1.4970 | LR: 2.83e-04
2026-04-22 18:11:59,771 INFO Epoch 6 | Batch 400 | Loss: 1.4242 | LR: 2.83e-04
2026-04-22 18:12:03,909 INFO Epoch 6 | Batch 450 | Loss: 2.1310 | LR: 2.82e-04
2026-04-22 18:12:08,099 INFO Epoch 6 | Batch 500 | Loss: 1.3231 | LR: 2.82e-04
2026-04-22 18:12:12,212 INFO Epoch 6 | Batch 550 | Loss: 1.4318 | LR: 2.82e-04
2026-04-22 18:12:16,349 INFO Epoch 6 | Batch 600 | Loss: 1.5287 | LR: 2.81e-04
2026-04-22 18:12:20,467 INFO Epoch 6 | Batch 650 | Loss: 1.6865 | LR: 2.81e-04
2026-04-22 18:12:24,571 INFO Epoch 6 | Batch 700 | Loss: 1.6664 | LR: 2.81e-04
2026-04-22 18:12:28,680 INFO Epoch 6 | Batch 750 | Loss: 1.5731 | LR: 2.81e-04
2026-04-22 18:12:32,784 INFO Epoch 6 | Batch 800 | Loss: 1.4932 | LR: 2.80e-04
2026-04-22 18:12:36,909 INFO Epoch 6 | Batch 850 | Loss: 1.6157 | LR: 2.80e-04
2026-04-22 18:12:41,036 INFO Epoch 6 | Batch 900 | Loss: 1.3657 | LR: 2.80e-04
2026-04-22 18:12:45,142 INFO Epoch 6 | Batch 950 | Loss: 1.8610 | LR: 2.79e-04
2026-04-22 18:12:49,270 INFO Epoch 6 | Batch 1000 | Loss: 1.5079 | LR: 2.79e-04
2026-04-22 18:12:53,398 INFO Epoch 6 | Batch 1050 | Loss: 1.6931 | LR: 2.79e-04
2026-04-22 18:12:57,534 INFO Epoch 6 | Batch 1100 | Loss: 1.6314 | LR: 2.78e-04
2026-04-22 18:13:01,672 INFO Epoch 6 | Batch 1150 | Loss: 1.5071 | LR: 2.78e-04
2026-04-22 18:13:05,816 INFO Epoch 6 | Batch 1200 | Loss: 1.4347 | LR: 2.78e-04
2026-04-22 18:13:21,176 INFO Epoch 6 | Train: 1.5309 | Dev CER: 0.3269 | Dev WER: 0.8077 | Time: 117s | Peak: 7.4 GB
2026-04-22 18:13:21,177 INFO   New best CER: 0.3269
2026-04-22 18:13:23,722 INFO Epoch 7 | Batch 0 | Loss: 1.6553 | LR: 2.77e-04
2026-04-22 18:13:28,053 INFO Epoch 7 | Batch 50 | Loss: 1.6803 | LR: 2.77e-04
2026-04-22 18:13:32,419 INFO Epoch 7 | Batch 100 | Loss: 1.4237 | LR: 2.77e-04
2026-04-22 18:13:36,565 INFO Epoch 7 | Batch 150 | Loss: 1.5506 | LR: 2.76e-04
2026-04-22 18:13:40,686 INFO Epoch 7 | Batch 200 | Loss: 1.3845 | LR: 2.76e-04
2026-04-22 18:13:44,787 INFO Epoch 7 | Batch 250 | Loss: 1.4922 | LR: 2.76e-04
2026-04-22 18:13:48,910 INFO Epoch 7 | Batch 300 | Loss: 1.3730 | LR: 2.75e-04
2026-04-22 18:13:53,068 INFO Epoch 7 | Batch 350 | Loss: 1.6276 | LR: 2.75e-04
2026-04-22 18:13:57,242 INFO Epoch 7 | Batch 400 | Loss: 1.3341 | LR: 2.74e-04
2026-04-22 18:14:01,379 INFO Epoch 7 | Batch 450 | Loss: 1.6071 | LR: 2.74e-04
2026-04-22 18:14:05,553 INFO Epoch 7 | Batch 500 | Loss: 1.6123 | LR: 2.74e-04
2026-04-22 18:14:09,705 INFO Epoch 7 | Batch 550 | Loss: 1.2865 | LR: 2.73e-04
2026-04-22 18:14:13,859 INFO Epoch 7 | Batch 600 | Loss: 1.4639 | LR: 2.73e-04
2026-04-22 18:14:18,008 INFO Epoch 7 | Batch 650 | Loss: 1.6369 | LR: 2.73e-04
2026-04-22 18:14:22,165 INFO Epoch 7 | Batch 700 | Loss: 1.5151 | LR: 2.72e-04
2026-04-22 18:14:26,307 INFO Epoch 7 | Batch 750 | Loss: 1.6405 | LR: 2.72e-04
2026-04-22 18:14:30,453 INFO Epoch 7 | Batch 800 | Loss: 1.7594 | LR: 2.71e-04
2026-04-22 18:14:34,587 INFO Epoch 7 | Batch 850 | Loss: 1.6061 | LR: 2.71e-04
2026-04-22 18:14:38,696 INFO Epoch 7 | Batch 900 | Loss: 1.4197 | LR: 2.71e-04
2026-04-22 18:14:42,814 INFO Epoch 7 | Batch 950 | Loss: 1.3448 | LR: 2.70e-04
2026-04-22 18:14:46,914 INFO Epoch 7 | Batch 1000 | Loss: 1.2583 | LR: 2.70e-04
2026-04-22 18:14:51,030 INFO Epoch 7 | Batch 1050 | Loss: 1.6096 | LR: 2.69e-04
2026-04-22 18:14:55,134 INFO Epoch 7 | Batch 1100 | Loss: 1.7947 | LR: 2.69e-04
2026-04-22 18:14:59,240 INFO Epoch 7 | Batch 1150 | Loss: 1.3566 | LR: 2.69e-04
2026-04-22 18:15:03,350 INFO Epoch 7 | Batch 1200 | Loss: 1.0870 | LR: 2.68e-04
2026-04-22 18:15:19,307 INFO Epoch 7 | Train: 1.4569 | Dev CER: 0.3032 | Dev WER: 0.7561 | Time: 118s | Peak: 7.4 GB
2026-04-22 18:15:19,307 INFO   New best CER: 0.3032
2026-04-22 18:15:21,993 INFO Epoch 8 | Batch 0 | Loss: 1.3705 | LR: 2.68e-04
2026-04-22 18:15:26,380 INFO Epoch 8 | Batch 50 | Loss: 1.4772 | LR: 2.68e-04
2026-04-22 18:15:30,725 INFO Epoch 8 | Batch 100 | Loss: 1.4132 | LR: 2.67e-04
2026-04-22 18:15:35,096 INFO Epoch 8 | Batch 150 | Loss: 1.5955 | LR: 2.67e-04
2026-04-22 18:15:39,309 INFO Epoch 8 | Batch 200 | Loss: 1.3687 | LR: 2.66e-04
2026-04-22 18:15:43,428 INFO Epoch 8 | Batch 250 | Loss: 1.5857 | LR: 2.66e-04
2026-04-22 18:15:47,538 INFO Epoch 8 | Batch 300 | Loss: 1.3086 | LR: 2.66e-04
2026-04-22 18:15:51,663 INFO Epoch 8 | Batch 350 | Loss: 1.6325 | LR: 2.65e-04
2026-04-22 18:15:55,781 INFO Epoch 8 | Batch 400 | Loss: 1.3034 | LR: 2.65e-04
2026-04-22 18:15:59,896 INFO Epoch 8 | Batch 450 | Loss: 1.5209 | LR: 2.64e-04
2026-04-22 18:16:03,988 INFO Epoch 8 | Batch 500 | Loss: 1.3542 | LR: 2.64e-04
2026-04-22 18:16:08,108 INFO Epoch 8 | Batch 550 | Loss: 1.3558 | LR: 2.63e-04
2026-04-22 18:16:12,217 INFO Epoch 8 | Batch 600 | Loss: 1.2517 | LR: 2.63e-04
2026-04-22 18:16:16,319 INFO Epoch 8 | Batch 650 | Loss: 1.3062 | LR: 2.63e-04
2026-04-22 18:16:20,444 INFO Epoch 8 | Batch 700 | Loss: 1.2312 | LR: 2.62e-04
2026-04-22 18:16:24,543 INFO Epoch 8 | Batch 750 | Loss: 1.1943 | LR: 2.62e-04
2026-04-22 18:16:28,659 INFO Epoch 8 | Batch 800 | Loss: 1.3676 | LR: 2.61e-04
2026-04-22 18:16:32,797 INFO Epoch 8 | Batch 850 | Loss: 1.1148 | LR: 2.61e-04
2026-04-22 18:16:36,908 INFO Epoch 8 | Batch 900 | Loss: 1.5117 | LR: 2.60e-04
2026-04-22 18:16:41,033 INFO Epoch 8 | Batch 950 | Loss: 1.3774 | LR: 2.60e-04
2026-04-22 18:16:45,161 INFO Epoch 8 | Batch 1000 | Loss: 1.2234 | LR: 2.60e-04
2026-04-22 18:16:49,258 INFO Epoch 8 | Batch 1050 | Loss: 1.3108 | LR: 2.59e-04
2026-04-22 18:16:53,360 INFO Epoch 8 | Batch 1100 | Loss: 1.2961 | LR: 2.59e-04
2026-04-22 18:16:57,492 INFO Epoch 8 | Batch 1150 | Loss: 1.1983 | LR: 2.58e-04
2026-04-22 18:17:01,610 INFO Epoch 8 | Batch 1200 | Loss: 1.2043 | LR: 2.58e-04
2026-04-22 18:17:18,154 INFO Epoch 8 | Train: 1.3860 | Dev CER: 0.2899 | Dev WER: 0.7394 | Time: 118s | Peak: 7.4 GB
2026-04-22 18:17:18,154 INFO   New best CER: 0.2899
2026-04-22 18:17:21,002 INFO Epoch 9 | Batch 0 | Loss: 1.2867 | LR: 2.57e-04
2026-04-22 18:17:25,325 INFO Epoch 9 | Batch 50 | Loss: 1.4261 | LR: 2.57e-04
2026-04-22 18:17:29,468 INFO Epoch 9 | Batch 100 | Loss: 1.2965 | LR: 2.56e-04
2026-04-22 18:17:33,601 INFO Epoch 9 | Batch 150 | Loss: 1.4094 | LR: 2.56e-04
2026-04-22 18:17:37,728 INFO Epoch 9 | Batch 200 | Loss: 1.2831 | LR: 2.56e-04
2026-04-22 18:17:41,838 INFO Epoch 9 | Batch 250 | Loss: 1.4482 | LR: 2.55e-04
2026-04-22 18:17:45,970 INFO Epoch 9 | Batch 300 | Loss: 1.2508 | LR: 2.55e-04
2026-04-22 18:17:50,083 INFO Epoch 9 | Batch 350 | Loss: 1.5304 | LR: 2.54e-04
2026-04-22 18:17:54,222 INFO Epoch 9 | Batch 400 | Loss: 1.2492 | LR: 2.54e-04
2026-04-22 18:17:58,365 INFO Epoch 9 | Batch 450 | Loss: 1.1014 | LR: 2.53e-04
2026-04-22 18:18:02,489 INFO Epoch 9 | Batch 500 | Loss: 1.1579 | LR: 2.53e-04
2026-04-22 18:18:06,606 INFO Epoch 9 | Batch 550 | Loss: 1.1518 | LR: 2.52e-04
2026-04-22 18:18:10,722 INFO Epoch 9 | Batch 600 | Loss: 1.2818 | LR: 2.52e-04
2026-04-22 18:18:14,846 INFO Epoch 9 | Batch 650 | Loss: 1.4471 | LR: 2.51e-04
2026-04-22 18:18:18,999 INFO Epoch 9 | Batch 700 | Loss: 1.0930 | LR: 2.51e-04
2026-04-22 18:18:23,140 INFO Epoch 9 | Batch 750 | Loss: 1.3085 | LR: 2.50e-04
2026-04-22 18:18:27,248 INFO Epoch 9 | Batch 800 | Loss: 1.3624 | LR: 2.50e-04
2026-04-22 18:18:31,345 INFO Epoch 9 | Batch 850 | Loss: 1.4720 | LR: 2.49e-04
2026-04-22 18:18:35,435 INFO Epoch 9 | Batch 900 | Loss: 1.4680 | LR: 2.49e-04
2026-04-22 18:18:39,501 INFO Epoch 9 | Batch 950 | Loss: 1.3072 | LR: 2.48e-04
2026-04-22 18:18:43,640 INFO Epoch 9 | Batch 1000 | Loss: 1.2997 | LR: 2.48e-04
2026-04-22 18:18:47,788 INFO Epoch 9 | Batch 1050 | Loss: 1.4522 | LR: 2.47e-04
2026-04-22 18:18:51,965 INFO Epoch 9 | Batch 1100 | Loss: 1.2074 | LR: 2.47e-04
2026-04-22 18:18:56,107 INFO Epoch 9 | Batch 1150 | Loss: 1.1554 | LR: 2.46e-04
2026-04-22 18:19:00,247 INFO Epoch 9 | Batch 1200 | Loss: 1.3075 | LR: 2.46e-04
2026-04-22 18:19:16,506 INFO Epoch 9 | Train: 1.3372 | Dev CER: 0.2746 | Dev WER: 0.7101 | Time: 118s | Peak: 7.4 GB
2026-04-22 18:19:16,506 INFO   New best CER: 0.2746
2026-04-22 18:19:19,662 INFO Epoch 10 | Batch 0 | Loss: 1.2942 | LR: 2.46e-04
2026-04-22 18:19:23,833 INFO Epoch 10 | Batch 50 | Loss: 1.3254 | LR: 2.45e-04
2026-04-22 18:19:28,001 INFO Epoch 10 | Batch 100 | Loss: 1.2435 | LR: 2.45e-04
2026-04-22 18:19:32,166 INFO Epoch 10 | Batch 150 | Loss: 1.2654 | LR: 2.44e-04
2026-04-22 18:19:36,333 INFO Epoch 10 | Batch 200 | Loss: 1.2746 | LR: 2.44e-04
2026-04-22 18:19:40,514 INFO Epoch 10 | Batch 250 | Loss: 1.1900 | LR: 2.43e-04
2026-04-22 18:19:44,682 INFO Epoch 10 | Batch 300 | Loss: 1.1767 | LR: 2.43e-04
2026-04-22 18:19:48,788 INFO Epoch 10 | Batch 350 | Loss: 1.1459 | LR: 2.42e-04
2026-04-22 18:19:52,896 INFO Epoch 10 | Batch 400 | Loss: 0.9664 | LR: 2.41e-04
2026-04-22 18:19:57,022 INFO Epoch 10 | Batch 450 | Loss: 1.3588 | LR: 2.41e-04
2026-04-22 18:20:01,157 INFO Epoch 10 | Batch 500 | Loss: 1.0920 | LR: 2.40e-04
2026-04-22 18:20:05,305 INFO Epoch 10 | Batch 550 | Loss: 1.2527 | LR: 2.40e-04
2026-04-22 18:20:09,451 INFO Epoch 10 | Batch 600 | Loss: 1.3661 | LR: 2.39e-04
2026-04-22 18:20:13,608 INFO Epoch 10 | Batch 650 | Loss: 1.3144 | LR: 2.39e-04
2026-04-22 18:20:17,765 INFO Epoch 10 | Batch 700 | Loss: 1.7665 | LR: 2.38e-04
2026-04-22 18:20:21,926 INFO Epoch 10 | Batch 750 | Loss: 0.9755 | LR: 2.38e-04
2026-04-22 18:20:26,080 INFO Epoch 10 | Batch 800 | Loss: 1.8116 | LR: 2.37e-04
2026-04-22 18:20:30,240 INFO Epoch 10 | Batch 850 | Loss: 1.1070 | LR: 2.37e-04
2026-04-22 18:20:34,388 INFO Epoch 10 | Batch 900 | Loss: 1.0768 | LR: 2.36e-04
2026-04-22 18:20:38,543 INFO Epoch 10 | Batch 950 | Loss: 1.1845 | LR: 2.36e-04
2026-04-22 18:20:42,644 INFO Epoch 10 | Batch 1000 | Loss: 1.1623 | LR: 2.35e-04
2026-04-22 18:20:46,787 INFO Epoch 10 | Batch 1050 | Loss: 1.1824 | LR: 2.35e-04
2026-04-22 18:20:50,952 INFO Epoch 10 | Batch 1100 | Loss: 1.0898 | LR: 2.34e-04
2026-04-22 18:20:55,094 INFO Epoch 10 | Batch 1150 | Loss: 1.2021 | LR: 2.34e-04
2026-04-22 18:20:59,226 INFO Epoch 10 | Batch 1200 | Loss: 1.2198 | LR: 2.33e-04
2026-04-22 18:21:14,462 INFO Epoch 10 | Train: 1.2842 | Dev CER: 0.2681 | Dev WER: 0.6924 | Time: 117s | Peak: 7.4 GB
2026-04-22 18:21:14,462 INFO   New best CER: 0.2681
2026-04-22 18:21:17,670 INFO Epoch 11 | Batch 0 | Loss: 1.2392 | LR: 2.33e-04
2026-04-22 18:21:22,028 INFO Epoch 11 | Batch 50 | Loss: 1.2052 | LR: 2.32e-04
2026-04-22 18:21:26,298 INFO Epoch 11 | Batch 100 | Loss: 0.9720 | LR: 2.32e-04
2026-04-22 18:21:30,432 INFO Epoch 11 | Batch 150 | Loss: 0.9946 | LR: 2.31e-04
2026-04-22 18:21:34,560 INFO Epoch 11 | Batch 200 | Loss: 1.4714 | LR: 2.30e-04
2026-04-22 18:21:38,685 INFO Epoch 11 | Batch 250 | Loss: 1.3291 | LR: 2.30e-04
2026-04-22 18:21:42,800 INFO Epoch 11 | Batch 300 | Loss: 1.4264 | LR: 2.29e-04
2026-04-22 18:21:46,927 INFO Epoch 11 | Batch 350 | Loss: 1.3726 | LR: 2.29e-04
2026-04-22 18:21:51,044 INFO Epoch 11 | Batch 400 | Loss: 0.9011 | LR: 2.28e-04
2026-04-22 18:21:55,182 INFO Epoch 11 | Batch 450 | Loss: 0.9988 | LR: 2.28e-04
2026-04-22 18:21:59,294 INFO Epoch 11 | Batch 500 | Loss: 1.2802 | LR: 2.27e-04
2026-04-22 18:22:03,371 INFO Epoch 11 | Batch 550 | Loss: 1.2534 | LR: 2.27e-04
2026-04-22 18:22:07,483 INFO Epoch 11 | Batch 600 | Loss: 1.2354 | LR: 2.26e-04
2026-04-22 18:22:11,624 INFO Epoch 11 | Batch 650 | Loss: 1.5678 | LR: 2.25e-04
2026-04-22 18:22:15,767 INFO Epoch 11 | Batch 700 | Loss: 1.2418 | LR: 2.25e-04
2026-04-22 18:22:19,903 INFO Epoch 11 | Batch 750 | Loss: 1.1803 | LR: 2.24e-04
2026-04-22 18:22:24,008 INFO Epoch 11 | Batch 800 | Loss: 1.3689 | LR: 2.24e-04
2026-04-22 18:22:28,151 INFO Epoch 11 | Batch 850 | Loss: 1.2474 | LR: 2.23e-04
2026-04-22 18:22:32,284 INFO Epoch 11 | Batch 900 | Loss: 1.1601 | LR: 2.23e-04
2026-04-22 18:22:36,434 INFO Epoch 11 | Batch 950 | Loss: 0.9424 | LR: 2.22e-04
2026-04-22 18:22:40,549 INFO Epoch 11 | Batch 1000 | Loss: 1.0973 | LR: 2.21e-04
2026-04-22 18:22:44,684 INFO Epoch 11 | Batch 1050 | Loss: 1.3213 | LR: 2.21e-04
2026-04-22 18:22:48,856 INFO Epoch 11 | Batch 1100 | Loss: 1.1972 | LR: 2.20e-04
2026-04-22 18:22:53,006 INFO Epoch 11 | Batch 1150 | Loss: 1.2894 | LR: 2.20e-04
2026-04-22 18:22:57,139 INFO Epoch 11 | Batch 1200 | Loss: 1.0681 | LR: 2.19e-04
2026-04-22 18:23:12,271 INFO Epoch 11 | Train: 1.2444 | Dev CER: 0.2512 | Dev WER: 0.6710 | Time: 117s | Peak: 7.4 GB
2026-04-22 18:23:12,272 INFO   New best CER: 0.2512
2026-04-22 18:23:14,849 INFO Epoch 12 | Batch 0 | Loss: 1.1220 | LR: 2.19e-04
2026-04-22 18:23:19,235 INFO Epoch 12 | Batch 50 | Loss: 2.1163 | LR: 2.18e-04
2026-04-22 18:23:23,383 INFO Epoch 12 | Batch 100 | Loss: 1.7438 | LR: 2.18e-04
2026-04-22 18:23:27,506 INFO Epoch 12 | Batch 150 | Loss: 1.1968 | LR: 2.17e-04
2026-04-22 18:23:31,676 INFO Epoch 12 | Batch 200 | Loss: 0.9469 | LR: 2.16e-04
2026-04-22 18:23:35,812 INFO Epoch 12 | Batch 250 | Loss: 1.1591 | LR: 2.16e-04
2026-04-22 18:23:39,955 INFO Epoch 12 | Batch 300 | Loss: 0.9700 | LR: 2.15e-04
2026-04-22 18:23:44,084 INFO Epoch 12 | Batch 350 | Loss: 1.3330 | LR: 2.15e-04
2026-04-22 18:23:48,209 INFO Epoch 12 | Batch 400 | Loss: 1.2115 | LR: 2.14e-04
2026-04-22 18:23:52,344 INFO Epoch 12 | Batch 450 | Loss: 1.1264 | LR: 2.13e-04
2026-04-22 18:23:56,488 INFO Epoch 12 | Batch 500 | Loss: 1.0260 | LR: 2.13e-04
2026-04-22 18:24:00,642 INFO Epoch 12 | Batch 550 | Loss: 1.3954 | LR: 2.12e-04
2026-04-22 18:24:04,812 INFO Epoch 12 | Batch 600 | Loss: 1.1816 | LR: 2.12e-04
2026-04-22 18:24:08,965 INFO Epoch 12 | Batch 650 | Loss: 1.3536 | LR: 2.11e-04
2026-04-22 18:24:13,113 INFO Epoch 12 | Batch 700 | Loss: 1.2456 | LR: 2.11e-04
2026-04-22 18:24:17,236 INFO Epoch 12 | Batch 750 | Loss: 0.9454 | LR: 2.10e-04
2026-04-22 18:24:21,370 INFO Epoch 12 | Batch 800 | Loss: 1.1135 | LR: 2.09e-04
2026-04-22 18:24:25,506 INFO Epoch 12 | Batch 850 | Loss: 1.1612 | LR: 2.09e-04
2026-04-22 18:24:29,651 INFO Epoch 12 | Batch 900 | Loss: 1.3845 | LR: 2.08e-04
2026-04-22 18:24:33,822 INFO Epoch 12 | Batch 950 | Loss: 1.3959 | LR: 2.08e-04
2026-04-22 18:24:37,948 INFO Epoch 12 | Batch 1000 | Loss: 1.3283 | LR: 2.07e-04
2026-04-22 18:24:42,075 INFO Epoch 12 | Batch 1050 | Loss: 1.2936 | LR: 2.06e-04
2026-04-22 18:24:46,202 INFO Epoch 12 | Batch 1100 | Loss: 1.0759 | LR: 2.06e-04
2026-04-22 18:24:50,338 INFO Epoch 12 | Batch 1150 | Loss: 1.1647 | LR: 2.05e-04
2026-04-22 18:24:54,473 INFO Epoch 12 | Batch 1200 | Loss: 1.4694 | LR: 2.04e-04
2026-04-22 18:25:10,193 INFO Epoch 12 | Train: 1.2204 | Dev CER: 0.2470 | Dev WER: 0.6587 | Time: 117s | Peak: 7.4 GB
2026-04-22 18:25:10,193 INFO   New best CER: 0.2470
2026-04-22 18:25:12,794 INFO Epoch 13 | Batch 0 | Loss: 1.1931 | LR: 2.04e-04
2026-04-22 18:25:17,140 INFO Epoch 13 | Batch 50 | Loss: 1.0389 | LR: 2.03e-04
2026-04-22 18:25:21,495 INFO Epoch 13 | Batch 100 | Loss: 0.9981 | LR: 2.03e-04
2026-04-22 18:25:25,862 INFO Epoch 13 | Batch 150 | Loss: 1.0143 | LR: 2.02e-04
2026-04-22 18:25:30,145 INFO Epoch 13 | Batch 200 | Loss: 1.0923 | LR: 2.02e-04
2026-04-22 18:25:34,313 INFO Epoch 13 | Batch 250 | Loss: 1.2481 | LR: 2.01e-04
2026-04-22 18:25:38,451 INFO Epoch 13 | Batch 300 | Loss: 1.0845 | LR: 2.00e-04
2026-04-22 18:25:42,548 INFO Epoch 13 | Batch 350 | Loss: 1.2892 | LR: 2.00e-04
2026-04-22 18:25:46,652 INFO Epoch 13 | Batch 400 | Loss: 1.1530 | LR: 1.99e-04
2026-04-22 18:25:50,784 INFO Epoch 13 | Batch 450 | Loss: 1.2004 | LR: 1.99e-04
2026-04-22 18:25:54,907 INFO Epoch 13 | Batch 500 | Loss: 1.0234 | LR: 1.98e-04
2026-04-22 18:25:59,015 INFO Epoch 13 | Batch 550 | Loss: 1.0346 | LR: 1.97e-04
2026-04-22 18:26:03,153 INFO Epoch 13 | Batch 600 | Loss: 1.0662 | LR: 1.97e-04
2026-04-22 18:26:07,218 INFO Epoch 13 | Batch 650 | Loss: 1.2794 | LR: 1.96e-04
2026-04-22 18:26:11,241 INFO Epoch 13 | Batch 700 | Loss: 1.2546 | LR: 1.95e-04
2026-04-22 18:26:15,301 INFO Epoch 13 | Batch 750 | Loss: 1.1886 | LR: 1.95e-04
2026-04-22 18:26:19,400 INFO Epoch 13 | Batch 800 | Loss: 1.0784 | LR: 1.94e-04
2026-04-22 18:26:23,461 INFO Epoch 13 | Batch 850 | Loss: 1.5179 | LR: 1.94e-04
2026-04-22 18:26:27,569 INFO Epoch 13 | Batch 900 | Loss: 1.2983 | LR: 1.93e-04
2026-04-22 18:26:31,673 INFO Epoch 13 | Batch 950 | Loss: 1.1623 | LR: 1.92e-04
2026-04-22 18:26:35,780 INFO Epoch 13 | Batch 1000 | Loss: 1.0863 | LR: 1.92e-04
2026-04-22 18:26:39,892 INFO Epoch 13 | Batch 1050 | Loss: 0.9919 | LR: 1.91e-04
2026-04-22 18:26:44,026 INFO Epoch 13 | Batch 1100 | Loss: 1.6472 | LR: 1.90e-04
2026-04-22 18:26:48,138 INFO Epoch 13 | Batch 1150 | Loss: 1.2574 | LR: 1.90e-04
2026-04-22 18:26:52,258 INFO Epoch 13 | Batch 1200 | Loss: 1.5349 | LR: 1.89e-04
2026-04-22 18:27:08,043 INFO Epoch 13 | Train: 1.1826 | Dev CER: 0.2387 | Dev WER: 0.6414 | Time: 117s | Peak: 7.4 GB
2026-04-22 18:27:08,043 INFO   New best CER: 0.2387
2026-04-22 18:27:10,862 INFO Epoch 14 | Batch 0 | Loss: 1.1960 | LR: 1.89e-04
2026-04-22 18:27:15,228 INFO Epoch 14 | Batch 50 | Loss: 1.4000 | LR: 1.88e-04
2026-04-22 18:27:19,539 INFO Epoch 14 | Batch 100 | Loss: 1.0569 | LR: 1.87e-04
2026-04-22 18:27:23,671 INFO Epoch 14 | Batch 150 | Loss: 1.0683 | LR: 1.87e-04
2026-04-22 18:27:27,801 INFO Epoch 14 | Batch 200 | Loss: 1.1433 | LR: 1.86e-04
2026-04-22 18:27:31,919 INFO Epoch 14 | Batch 250 | Loss: 1.2375 | LR: 1.86e-04
2026-04-22 18:27:36,047 INFO Epoch 14 | Batch 300 | Loss: 1.0200 | LR: 1.85e-04
2026-04-22 18:27:40,183 INFO Epoch 14 | Batch 350 | Loss: 1.2180 | LR: 1.84e-04
2026-04-22 18:27:44,305 INFO Epoch 14 | Batch 400 | Loss: 1.1571 | LR: 1.84e-04
2026-04-22 18:27:48,436 INFO Epoch 14 | Batch 450 | Loss: 1.2588 | LR: 1.83e-04
2026-04-22 18:27:52,567 INFO Epoch 14 | Batch 500 | Loss: 1.1720 | LR: 1.82e-04
2026-04-22 18:27:56,699 INFO Epoch 14 | Batch 550 | Loss: 1.1957 | LR: 1.82e-04
2026-04-22 18:28:00,808 INFO Epoch 14 | Batch 600 | Loss: 1.3185 | LR: 1.81e-04
2026-04-22 18:28:04,925 INFO Epoch 14 | Batch 650 | Loss: 1.0512 | LR: 1.81e-04
2026-04-22 18:28:09,030 INFO Epoch 14 | Batch 700 | Loss: 1.2009 | LR: 1.80e-04
2026-04-22 18:28:13,154 INFO Epoch 14 | Batch 750 | Loss: 1.0249 | LR: 1.79e-04
2026-04-22 18:28:17,299 INFO Epoch 14 | Batch 800 | Loss: 1.1122 | LR: 1.79e-04
2026-04-22 18:28:21,468 INFO Epoch 14 | Batch 850 | Loss: 1.0847 | LR: 1.78e-04
2026-04-22 18:28:25,662 INFO Epoch 14 | Batch 900 | Loss: 1.1493 | LR: 1.77e-04
2026-04-22 18:28:29,823 INFO Epoch 14 | Batch 950 | Loss: 1.1686 | LR: 1.77e-04
2026-04-22 18:28:33,968 INFO Epoch 14 | Batch 1000 | Loss: 0.9853 | LR: 1.76e-04
2026-04-22 18:28:38,115 INFO Epoch 14 | Batch 1050 | Loss: 1.2388 | LR: 1.75e-04
2026-04-22 18:28:42,240 INFO Epoch 14 | Batch 1100 | Loss: 1.0223 | LR: 1.75e-04
2026-04-22 18:28:46,365 INFO Epoch 14 | Batch 1150 | Loss: 1.1600 | LR: 1.74e-04
2026-04-22 18:28:50,493 INFO Epoch 14 | Batch 1200 | Loss: 1.1741 | LR: 1.73e-04
2026-04-22 18:29:06,368 INFO Epoch 14 | Train: 1.1632 | Dev CER: 0.2305 | Dev WER: 0.6274 | Time: 118s | Peak: 7.4 GB
2026-04-22 18:29:06,368 INFO   New best CER: 0.2305
2026-04-22 18:29:09,008 INFO Epoch 15 | Batch 0 | Loss: 1.0185 | LR: 1.73e-04
2026-04-22 18:29:13,350 INFO Epoch 15 | Batch 50 | Loss: 1.1640 | LR: 1.72e-04
2026-04-22 18:29:17,686 INFO Epoch 15 | Batch 100 | Loss: 0.9684 | LR: 1.72e-04
2026-04-22 18:29:22,019 INFO Epoch 15 | Batch 150 | Loss: 1.0568 | LR: 1.71e-04
2026-04-22 18:29:26,357 INFO Epoch 15 | Batch 200 | Loss: 1.1998 | LR: 1.70e-04
2026-04-22 18:29:30,709 INFO Epoch 15 | Batch 250 | Loss: 1.0014 | LR: 1.70e-04
2026-04-22 18:29:35,072 INFO Epoch 15 | Batch 300 | Loss: 1.1813 | LR: 1.69e-04
2026-04-22 18:29:39,421 INFO Epoch 15 | Batch 350 | Loss: 1.0203 | LR: 1.68e-04
2026-04-22 18:29:43,775 INFO Epoch 15 | Batch 400 | Loss: 0.9895 | LR: 1.68e-04
2026-04-22 18:29:48,127 INFO Epoch 15 | Batch 450 | Loss: 0.9047 | LR: 1.67e-04
2026-04-22 18:29:52,498 INFO Epoch 15 | Batch 500 | Loss: 1.2445 | LR: 1.67e-04
2026-04-22 18:29:56,880 INFO Epoch 15 | Batch 550 | Loss: 0.9889 | LR: 1.66e-04
2026-04-22 18:30:01,139 INFO Epoch 15 | Batch 600 | Loss: 0.9613 | LR: 1.65e-04
2026-04-22 18:30:05,264 INFO Epoch 15 | Batch 650 | Loss: 0.9166 | LR: 1.65e-04
2026-04-22 18:30:09,419 INFO Epoch 15 | Batch 700 | Loss: 1.1173 | LR: 1.64e-04
2026-04-22 18:30:13,584 INFO Epoch 15 | Batch 750 | Loss: 1.1281 | LR: 1.63e-04
2026-04-22 18:30:17,763 INFO Epoch 15 | Batch 800 | Loss: 1.1444 | LR: 1.63e-04
2026-04-22 18:30:21,936 INFO Epoch 15 | Batch 850 | Loss: 0.9857 | LR: 1.62e-04
2026-04-22 18:30:26,111 INFO Epoch 15 | Batch 900 | Loss: 1.2662 | LR: 1.61e-04
2026-04-22 18:30:30,288 INFO Epoch 15 | Batch 950 | Loss: 1.1354 | LR: 1.61e-04
2026-04-22 18:30:34,451 INFO Epoch 15 | Batch 1000 | Loss: 1.0800 | LR: 1.60e-04
2026-04-22 18:30:38,593 INFO Epoch 15 | Batch 1050 | Loss: 1.0818 | LR: 1.59e-04
2026-04-22 18:30:42,716 INFO Epoch 15 | Batch 1100 | Loss: 1.1370 | LR: 1.59e-04
2026-04-22 18:30:46,793 INFO Epoch 15 | Batch 1150 | Loss: 1.1635 | LR: 1.58e-04
2026-04-22 18:30:50,920 INFO Epoch 15 | Batch 1200 | Loss: 1.2223 | LR: 1.57e-04
2026-04-22 18:31:05,715 INFO Epoch 15 | Train: 1.1371 | Dev CER: 0.2274 | Dev WER: 0.6210 | Time: 119s | Peak: 7.4 GB
2026-04-22 18:31:05,715 INFO   New best CER: 0.2274
2026-04-22 18:31:08,591 INFO Epoch 16 | Batch 0 | Loss: 1.0546 | LR: 1.57e-04
2026-04-22 18:31:13,004 INFO Epoch 16 | Batch 50 | Loss: 1.0039 | LR: 1.56e-04
2026-04-22 18:31:17,360 INFO Epoch 16 | Batch 100 | Loss: 1.2894 | LR: 1.56e-04
2026-04-22 18:31:21,696 INFO Epoch 16 | Batch 150 | Loss: 0.9914 | LR: 1.55e-04
2026-04-22 18:31:26,040 INFO Epoch 16 | Batch 200 | Loss: 0.8808 | LR: 1.54e-04
2026-04-22 18:31:30,371 INFO Epoch 16 | Batch 250 | Loss: 1.1898 | LR: 1.54e-04
2026-04-22 18:31:34,706 INFO Epoch 16 | Batch 300 | Loss: 1.2507 | LR: 1.53e-04
2026-04-22 18:31:39,060 INFO Epoch 16 | Batch 350 | Loss: 1.0627 | LR: 1.52e-04
2026-04-22 18:31:43,402 INFO Epoch 16 | Batch 400 | Loss: 0.9384 | LR: 1.52e-04
2026-04-22 18:31:47,574 INFO Epoch 16 | Batch 450 | Loss: 1.0659 | LR: 1.51e-04
2026-04-22 18:31:51,737 INFO Epoch 16 | Batch 500 | Loss: 1.1386 | LR: 1.50e-04
2026-04-22 18:31:55,872 INFO Epoch 16 | Batch 550 | Loss: 0.9885 | LR: 1.50e-04
2026-04-22 18:31:59,994 INFO Epoch 16 | Batch 600 | Loss: 1.2069 | LR: 1.49e-04
2026-04-22 18:32:04,125 INFO Epoch 16 | Batch 650 | Loss: 1.0843 | LR: 1.49e-04
2026-04-22 18:32:08,262 INFO Epoch 16 | Batch 700 | Loss: 1.2909 | LR: 1.48e-04
2026-04-22 18:32:12,381 INFO Epoch 16 | Batch 750 | Loss: 1.1568 | LR: 1.47e-04
2026-04-22 18:32:16,493 INFO Epoch 16 | Batch 800 | Loss: 1.0138 | LR: 1.47e-04
2026-04-22 18:32:20,647 INFO Epoch 16 | Batch 850 | Loss: 0.9022 | LR: 1.46e-04
2026-04-22 18:32:24,784 INFO Epoch 16 | Batch 900 | Loss: 1.3757 | LR: 1.45e-04
2026-04-22 18:32:28,917 INFO Epoch 16 | Batch 950 | Loss: 0.9672 | LR: 1.45e-04
2026-04-22 18:32:33,049 INFO Epoch 16 | Batch 1000 | Loss: 1.0688 | LR: 1.44e-04
2026-04-22 18:32:37,181 INFO Epoch 16 | Batch 1050 | Loss: 0.9895 | LR: 1.43e-04
2026-04-22 18:32:41,303 INFO Epoch 16 | Batch 1100 | Loss: 1.0909 | LR: 1.43e-04
2026-04-22 18:32:45,429 INFO Epoch 16 | Batch 1150 | Loss: 1.0463 | LR: 1.42e-04
2026-04-22 18:32:49,559 INFO Epoch 16 | Batch 1200 | Loss: 0.9529 | LR: 1.41e-04
2026-04-22 18:33:05,214 INFO Epoch 16 | Train: 1.1179 | Dev CER: 0.2221 | Dev WER: 0.6096 | Time: 119s | Peak: 7.4 GB
2026-04-22 18:33:05,214 INFO   New best CER: 0.2221
2026-04-22 18:33:07,926 INFO Epoch 17 | Batch 0 | Loss: 0.9479 | LR: 1.41e-04
2026-04-22 18:33:12,244 INFO Epoch 17 | Batch 50 | Loss: 1.2526 | LR: 1.40e-04
2026-04-22 18:33:16,382 INFO Epoch 17 | Batch 100 | Loss: 1.0727 | LR: 1.40e-04
2026-04-22 18:33:20,504 INFO Epoch 17 | Batch 150 | Loss: 1.0843 | LR: 1.39e-04
2026-04-22 18:33:24,622 INFO Epoch 17 | Batch 200 | Loss: 1.1096 | LR: 1.38e-04
2026-04-22 18:33:28,775 INFO Epoch 17 | Batch 250 | Loss: 0.9512 | LR: 1.38e-04
2026-04-22 18:33:32,914 INFO Epoch 17 | Batch 300 | Loss: 1.0756 | LR: 1.37e-04
2026-04-22 18:33:37,051 INFO Epoch 17 | Batch 350 | Loss: 0.8942 | LR: 1.36e-04
2026-04-22 18:33:41,216 INFO Epoch 17 | Batch 400 | Loss: 1.0524 | LR: 1.36e-04
2026-04-22 18:33:45,375 INFO Epoch 17 | Batch 450 | Loss: 1.2513 | LR: 1.35e-04
2026-04-22 18:33:49,531 INFO Epoch 17 | Batch 500 | Loss: 1.1504 | LR: 1.34e-04
2026-04-22 18:33:53,690 INFO Epoch 17 | Batch 550 | Loss: 1.0816 | LR: 1.34e-04
2026-04-22 18:33:57,839 INFO Epoch 17 | Batch 600 | Loss: 0.9705 | LR: 1.33e-04
2026-04-22 18:34:01,982 INFO Epoch 17 | Batch 650 | Loss: 1.1151 | LR: 1.32e-04
2026-04-22 18:34:06,109 INFO Epoch 17 | Batch 700 | Loss: 0.9901 | LR: 1.32e-04
2026-04-22 18:34:10,247 INFO Epoch 17 | Batch 750 | Loss: 1.0237 | LR: 1.31e-04
2026-04-22 18:34:14,376 INFO Epoch 17 | Batch 800 | Loss: 0.9936 | LR: 1.31e-04
2026-04-22 18:34:18,533 INFO Epoch 17 | Batch 850 | Loss: 1.1906 | LR: 1.30e-04
2026-04-22 18:34:22,700 INFO Epoch 17 | Batch 900 | Loss: 0.8924 | LR: 1.29e-04
2026-04-22 18:34:26,851 INFO Epoch 17 | Batch 950 | Loss: 1.1040 | LR: 1.29e-04
2026-04-22 18:34:31,033 INFO Epoch 17 | Batch 1000 | Loss: 1.0955 | LR: 1.28e-04
2026-04-22 18:34:35,187 INFO Epoch 17 | Batch 1050 | Loss: 1.0306 | LR: 1.27e-04
2026-04-22 18:34:39,352 INFO Epoch 17 | Batch 1100 | Loss: 1.0105 | LR: 1.27e-04
2026-04-22 18:34:43,499 INFO Epoch 17 | Batch 1150 | Loss: 1.2149 | LR: 1.26e-04
2026-04-22 18:34:47,652 INFO Epoch 17 | Batch 1200 | Loss: 1.1467 | LR: 1.25e-04
2026-04-22 18:35:03,473 INFO Epoch 17 | Train: 1.0968 | Dev CER: 0.2251 | Dev WER: 0.6154 | Time: 118s | Peak: 7.4 GB
2026-04-22 18:35:06,044 INFO Epoch 18 | Batch 0 | Loss: 1.3358 | LR: 1.25e-04
2026-04-22 18:35:10,384 INFO Epoch 18 | Batch 50 | Loss: 0.9312 | LR: 1.24e-04
2026-04-22 18:35:14,705 INFO Epoch 18 | Batch 100 | Loss: 1.0382 | LR: 1.24e-04
2026-04-22 18:35:19,030 INFO Epoch 18 | Batch 150 | Loss: 1.2249 | LR: 1.23e-04
2026-04-22 18:35:23,349 INFO Epoch 18 | Batch 200 | Loss: 1.3360 | LR: 1.22e-04
2026-04-22 18:35:27,677 INFO Epoch 18 | Batch 250 | Loss: 0.9041 | LR: 1.22e-04
2026-04-22 18:35:31,986 INFO Epoch 18 | Batch 300 | Loss: 1.0219 | LR: 1.21e-04
2026-04-22 18:35:36,290 INFO Epoch 18 | Batch 350 | Loss: 0.8908 | LR: 1.20e-04
2026-04-22 18:35:40,629 INFO Epoch 18 | Batch 400 | Loss: 1.0419 | LR: 1.20e-04
2026-04-22 18:35:44,932 INFO Epoch 18 | Batch 450 | Loss: 1.0040 | LR: 1.19e-04
2026-04-22 18:35:49,238 INFO Epoch 18 | Batch 500 | Loss: 0.9136 | LR: 1.19e-04
2026-04-22 18:35:53,559 INFO Epoch 18 | Batch 550 | Loss: 0.9087 | LR: 1.18e-04
2026-04-22 18:35:57,887 INFO Epoch 18 | Batch 600 | Loss: 0.7442 | LR: 1.17e-04
2026-04-22 18:36:02,212 INFO Epoch 18 | Batch 650 | Loss: 1.4132 | LR: 1.17e-04
2026-04-22 18:36:06,573 INFO Epoch 18 | Batch 700 | Loss: 0.9592 | LR: 1.16e-04
2026-04-22 18:36:10,936 INFO Epoch 18 | Batch 750 | Loss: 1.0367 | LR: 1.15e-04
2026-04-22 18:36:15,288 INFO Epoch 18 | Batch 800 | Loss: 1.2783 | LR: 1.15e-04
2026-04-22 18:36:19,604 INFO Epoch 18 | Batch 850 | Loss: 1.1809 | LR: 1.14e-04
2026-04-22 18:36:23,949 INFO Epoch 18 | Batch 900 | Loss: 0.9478 | LR: 1.13e-04
2026-04-22 18:36:28,260 INFO Epoch 18 | Batch 950 | Loss: 1.0975 | LR: 1.13e-04
2026-04-22 18:36:32,402 INFO Epoch 18 | Batch 1000 | Loss: 1.0837 | LR: 1.12e-04
2026-04-22 18:36:36,585 INFO Epoch 18 | Batch 1050 | Loss: 1.1017 | LR: 1.12e-04
2026-04-22 18:36:40,733 INFO Epoch 18 | Batch 1100 | Loss: 1.2123 | LR: 1.11e-04
2026-04-22 18:36:44,901 INFO Epoch 18 | Batch 1150 | Loss: 1.5401 | LR: 1.10e-04
2026-04-22 18:36:49,061 INFO Epoch 18 | Batch 1200 | Loss: 1.0445 | LR: 1.10e-04
2026-04-22 18:37:04,958 INFO Epoch 18 | Train: 1.0753 | Dev CER: 0.2169 | Dev WER: 0.6036 | Time: 121s | Peak: 7.4 GB
2026-04-22 18:37:04,958 INFO   New best CER: 0.2169
2026-04-22 18:37:08,044 INFO Epoch 19 | Batch 0 | Loss: 1.2368 | LR: 1.09e-04
2026-04-22 18:37:12,449 INFO Epoch 19 | Batch 50 | Loss: 0.7961 | LR: 1.09e-04
2026-04-22 18:37:16,754 INFO Epoch 19 | Batch 100 | Loss: 1.0414 | LR: 1.08e-04
2026-04-22 18:37:20,926 INFO Epoch 19 | Batch 150 | Loss: 0.7438 | LR: 1.07e-04
2026-04-22 18:37:25,092 INFO Epoch 19 | Batch 200 | Loss: 0.9150 | LR: 1.07e-04
2026-04-22 18:37:29,248 INFO Epoch 19 | Batch 250 | Loss: 1.0671 | LR: 1.06e-04
2026-04-22 18:37:33,401 INFO Epoch 19 | Batch 300 | Loss: 1.0850 | LR: 1.06e-04
2026-04-22 18:37:37,541 INFO Epoch 19 | Batch 350 | Loss: 1.3751 | LR: 1.05e-04
2026-04-22 18:37:41,676 INFO Epoch 19 | Batch 400 | Loss: 1.1149 | LR: 1.04e-04
2026-04-22 18:37:45,830 INFO Epoch 19 | Batch 450 | Loss: 1.2155 | LR: 1.04e-04
2026-04-22 18:37:49,979 INFO Epoch 19 | Batch 500 | Loss: 1.3737 | LR: 1.03e-04
2026-04-22 18:37:54,142 INFO Epoch 19 | Batch 550 | Loss: 1.0908 | LR: 1.02e-04
2026-04-22 18:37:58,315 INFO Epoch 19 | Batch 600 | Loss: 1.0201 | LR: 1.02e-04
2026-04-22 18:38:02,471 INFO Epoch 19 | Batch 650 | Loss: 1.2911 | LR: 1.01e-04
2026-04-22 18:38:06,612 INFO Epoch 19 | Batch 700 | Loss: 0.9454 | LR: 1.01e-04
2026-04-22 18:38:10,806 INFO Epoch 19 | Batch 750 | Loss: 1.2915 | LR: 1.00e-04
2026-04-22 18:38:14,982 INFO Epoch 19 | Batch 800 | Loss: 0.9227 | LR: 9.94e-05
2026-04-22 18:38:19,134 INFO Epoch 19 | Batch 850 | Loss: 1.1475 | LR: 9.88e-05
2026-04-22 18:38:23,290 INFO Epoch 19 | Batch 900 | Loss: 1.0226 | LR: 9.81e-05
2026-04-22 18:38:27,416 INFO Epoch 19 | Batch 950 | Loss: 0.9708 | LR: 9.75e-05
2026-04-22 18:38:31,581 INFO Epoch 19 | Batch 1000 | Loss: 1.0571 | LR: 9.69e-05
2026-04-22 18:38:35,732 INFO Epoch 19 | Batch 1050 | Loss: 0.9966 | LR: 9.63e-05
2026-04-22 18:38:39,882 INFO Epoch 19 | Batch 1100 | Loss: 0.9924 | LR: 9.57e-05
2026-04-22 18:38:44,027 INFO Epoch 19 | Batch 1150 | Loss: 1.3215 | LR: 9.51e-05
2026-04-22 18:38:48,185 INFO Epoch 19 | Batch 1200 | Loss: 0.8605 | LR: 9.45e-05
2026-04-22 18:39:04,105 INFO Epoch 19 | Train: 1.0641 | Dev CER: 0.2131 | Dev WER: 0.5912 | Time: 119s | Peak: 7.4 GB
2026-04-22 18:39:04,106 INFO   New best CER: 0.2131
2026-04-22 18:39:06,778 INFO Epoch 20 | Batch 0 | Loss: 0.8192 | LR: 9.41e-05
2026-04-22 18:39:11,156 INFO Epoch 20 | Batch 50 | Loss: 0.9936 | LR: 9.35e-05
2026-04-22 18:39:15,370 INFO Epoch 20 | Batch 100 | Loss: 0.7306 | LR: 9.29e-05
2026-04-22 18:39:19,501 INFO Epoch 20 | Batch 150 | Loss: 1.2011 | LR: 9.23e-05
2026-04-22 18:39:23,656 INFO Epoch 20 | Batch 200 | Loss: 0.9991 | LR: 9.17e-05
2026-04-22 18:39:27,749 INFO Epoch 20 | Batch 250 | Loss: 1.1387 | LR: 9.11e-05
2026-04-22 18:39:31,862 INFO Epoch 20 | Batch 300 | Loss: 0.8375 | LR: 9.05e-05
2026-04-22 18:39:35,979 INFO Epoch 20 | Batch 350 | Loss: 1.1830 | LR: 8.99e-05
2026-04-22 18:39:40,079 INFO Epoch 20 | Batch 400 | Loss: 1.1290 | LR: 8.93e-05
2026-04-22 18:39:44,184 INFO Epoch 20 | Batch 450 | Loss: 1.0743 | LR: 8.87e-05
2026-04-22 18:39:48,323 INFO Epoch 20 | Batch 500 | Loss: 0.9774 | LR: 8.81e-05
2026-04-22 18:39:52,453 INFO Epoch 20 | Batch 550 | Loss: 0.8884 | LR: 8.75e-05
2026-04-22 18:39:56,578 INFO Epoch 20 | Batch 600 | Loss: 1.5259 | LR: 8.69e-05
2026-04-22 18:40:00,687 INFO Epoch 20 | Batch 650 | Loss: 0.9283 | LR: 8.63e-05
2026-04-22 18:40:04,790 INFO Epoch 20 | Batch 700 | Loss: 1.3681 | LR: 8.57e-05
2026-04-22 18:40:08,892 INFO Epoch 20 | Batch 750 | Loss: 0.9475 | LR: 8.52e-05
2026-04-22 18:40:13,015 INFO Epoch 20 | Batch 800 | Loss: 1.1790 | LR: 8.46e-05
2026-04-22 18:40:17,132 INFO Epoch 20 | Batch 850 | Loss: 1.0184 | LR: 8.40e-05
2026-04-22 18:40:21,225 INFO Epoch 20 | Batch 900 | Loss: 0.8836 | LR: 8.34e-05
2026-04-22 18:40:25,326 INFO Epoch 20 | Batch 950 | Loss: 0.9742 | LR: 8.28e-05
2026-04-22 18:40:29,427 INFO Epoch 20 | Batch 1000 | Loss: 1.2367 | LR: 8.22e-05
2026-04-22 18:40:33,591 INFO Epoch 20 | Batch 1050 | Loss: 1.0444 | LR: 8.17e-05
2026-04-22 18:40:37,784 INFO Epoch 20 | Batch 1100 | Loss: 1.3635 | LR: 8.11e-05
2026-04-22 18:40:41,969 INFO Epoch 20 | Batch 1150 | Loss: 1.2857 | LR: 8.05e-05
2026-04-22 18:40:46,118 INFO Epoch 20 | Batch 1200 | Loss: 0.7858 | LR: 7.99e-05
2026-04-22 18:41:02,089 INFO Epoch 20 | Train: 1.0542 | Dev CER: 0.2090 | Dev WER: 0.5878 | Time: 118s | Peak: 7.4 GB
2026-04-22 18:41:02,090 INFO   New best CER: 0.2090
2026-04-22 18:41:05,400 INFO Epoch 21 | Batch 0 | Loss: 1.1017 | LR: 7.95e-05
2026-04-22 18:41:09,784 INFO Epoch 21 | Batch 50 | Loss: 1.0910 | LR: 7.90e-05
2026-04-22 18:41:13,975 INFO Epoch 21 | Batch 100 | Loss: 1.1052 | LR: 7.84e-05
2026-04-22 18:41:18,153 INFO Epoch 21 | Batch 150 | Loss: 0.9251 | LR: 7.78e-05
2026-04-22 18:41:22,343 INFO Epoch 21 | Batch 200 | Loss: 0.8552 | LR: 7.72e-05
2026-04-22 18:41:26,510 INFO Epoch 21 | Batch 250 | Loss: 1.0087 | LR: 7.67e-05
2026-04-22 18:41:30,683 INFO Epoch 21 | Batch 300 | Loss: 0.9709 | LR: 7.61e-05
2026-04-22 18:41:34,859 INFO Epoch 21 | Batch 350 | Loss: 0.8446 | LR: 7.56e-05
2026-04-22 18:41:39,025 INFO Epoch 21 | Batch 400 | Loss: 0.9804 | LR: 7.50e-05
2026-04-22 18:41:43,188 INFO Epoch 21 | Batch 450 | Loss: 0.8892 | LR: 7.44e-05
2026-04-22 18:41:47,347 INFO Epoch 21 | Batch 500 | Loss: 1.1618 | LR: 7.39e-05
2026-04-22 18:41:51,532 INFO Epoch 21 | Batch 550 | Loss: 0.9714 | LR: 7.33e-05
2026-04-22 18:41:55,644 INFO Epoch 21 | Batch 600 | Loss: 0.9248 | LR: 7.28e-05
2026-04-22 18:41:59,776 INFO Epoch 21 | Batch 650 | Loss: 1.1757 | LR: 7.22e-05
2026-04-22 18:42:03,895 INFO Epoch 21 | Batch 700 | Loss: 1.2808 | LR: 7.16e-05
2026-04-22 18:42:08,083 INFO Epoch 21 | Batch 750 | Loss: 0.9004 | LR: 7.11e-05
2026-04-22 18:42:12,253 INFO Epoch 21 | Batch 800 | Loss: 1.2504 | LR: 7.05e-05
2026-04-22 18:42:16,470 INFO Epoch 21 | Batch 850 | Loss: 0.8504 | LR: 7.00e-05
2026-04-22 18:42:20,612 INFO Epoch 21 | Batch 900 | Loss: 1.3193 | LR: 6.94e-05
2026-04-22 18:42:24,778 INFO Epoch 21 | Batch 950 | Loss: 0.9321 | LR: 6.89e-05
2026-04-22 18:42:28,949 INFO Epoch 21 | Batch 1000 | Loss: 0.7568 | LR: 6.84e-05
2026-04-22 18:42:33,123 INFO Epoch 21 | Batch 1050 | Loss: 1.0073 | LR: 6.78e-05
2026-04-22 18:42:37,307 INFO Epoch 21 | Batch 1100 | Loss: 1.0400 | LR: 6.73e-05
2026-04-22 18:42:41,476 INFO Epoch 21 | Batch 1150 | Loss: 0.9909 | LR: 6.67e-05
2026-04-22 18:42:45,611 INFO Epoch 21 | Batch 1200 | Loss: 1.3558 | LR: 6.62e-05
2026-04-22 18:43:01,596 INFO Epoch 21 | Train: 1.0356 | Dev CER: 0.2068 | Dev WER: 0.5816 | Time: 119s | Peak: 7.4 GB
2026-04-22 18:43:01,596 INFO   New best CER: 0.2068
2026-04-22 18:43:04,447 INFO Epoch 22 | Batch 0 | Loss: 1.3076 | LR: 6.58e-05
2026-04-22 18:43:08,768 INFO Epoch 22 | Batch 50 | Loss: 0.8036 | LR: 6.53e-05
2026-04-22 18:43:13,098 INFO Epoch 22 | Batch 100 | Loss: 0.8534 | LR: 6.47e-05
2026-04-22 18:43:17,326 INFO Epoch 22 | Batch 150 | Loss: 1.3068 | LR: 6.42e-05
2026-04-22 18:43:21,468 INFO Epoch 22 | Batch 200 | Loss: 1.1489 | LR: 6.37e-05
2026-04-22 18:43:25,648 INFO Epoch 22 | Batch 250 | Loss: 0.8951 | LR: 6.31e-05
2026-04-22 18:43:29,763 INFO Epoch 22 | Batch 300 | Loss: 1.0565 | LR: 6.26e-05
2026-04-22 18:43:33,903 INFO Epoch 22 | Batch 350 | Loss: 1.1608 | LR: 6.21e-05
2026-04-22 18:43:38,030 INFO Epoch 22 | Batch 400 | Loss: 0.9810 | LR: 6.16e-05
2026-04-22 18:43:42,179 INFO Epoch 22 | Batch 450 | Loss: 0.8438 | LR: 6.10e-05
2026-04-22 18:43:46,324 INFO Epoch 22 | Batch 500 | Loss: 0.7701 | LR: 6.05e-05
2026-04-22 18:43:50,447 INFO Epoch 22 | Batch 550 | Loss: 0.9953 | LR: 6.00e-05
2026-04-22 18:43:54,572 INFO Epoch 22 | Batch 600 | Loss: 1.0972 | LR: 5.95e-05
2026-04-22 18:43:58,694 INFO Epoch 22 | Batch 650 | Loss: 1.1273 | LR: 5.90e-05
2026-04-22 18:44:02,833 INFO Epoch 22 | Batch 700 | Loss: 0.7966 | LR: 5.85e-05
2026-04-22 18:44:06,968 INFO Epoch 22 | Batch 750 | Loss: 1.0887 | LR: 5.79e-05
2026-04-22 18:44:11,102 INFO Epoch 22 | Batch 800 | Loss: 1.0861 | LR: 5.74e-05
2026-04-22 18:44:15,287 INFO Epoch 22 | Batch 850 | Loss: 1.0727 | LR: 5.69e-05
2026-04-22 18:44:19,443 INFO Epoch 22 | Batch 900 | Loss: 1.1750 | LR: 5.64e-05
2026-04-22 18:44:23,613 INFO Epoch 22 | Batch 950 | Loss: 1.1387 | LR: 5.59e-05
2026-04-22 18:44:27,746 INFO Epoch 22 | Batch 1000 | Loss: 0.8360 | LR: 5.54e-05
2026-04-22 18:44:31,856 INFO Epoch 22 | Batch 1050 | Loss: 0.9101 | LR: 5.49e-05
2026-04-22 18:44:35,968 INFO Epoch 22 | Batch 1100 | Loss: 1.0150 | LR: 5.44e-05
2026-04-22 18:44:40,066 INFO Epoch 22 | Batch 1150 | Loss: 0.9654 | LR: 5.39e-05
2026-04-22 18:44:44,163 INFO Epoch 22 | Batch 1200 | Loss: 1.2303 | LR: 5.34e-05
2026-04-22 18:45:02,123 INFO Epoch 22 | Train: 1.0266 | Dev CER: 0.2060 | Dev WER: 0.5802 | Time: 120s | Peak: 7.4 GB
2026-04-22 18:45:02,123 INFO   New best CER: 0.2060
2026-04-22 18:45:05,208 INFO Epoch 23 | Batch 0 | Loss: 1.0836 | LR: 5.31e-05
2026-04-22 18:45:09,499 INFO Epoch 23 | Batch 50 | Loss: 1.0935 | LR: 5.26e-05
2026-04-22 18:45:13,690 INFO Epoch 23 | Batch 100 | Loss: 0.8863 | LR: 5.21e-05
2026-04-22 18:45:17,855 INFO Epoch 23 | Batch 150 | Loss: 1.1023 | LR: 5.16e-05
2026-04-22 18:45:22,012 INFO Epoch 23 | Batch 200 | Loss: 0.7960 | LR: 5.11e-05
2026-04-22 18:45:26,174 INFO Epoch 23 | Batch 250 | Loss: 1.1559 | LR: 5.06e-05
2026-04-22 18:45:30,321 INFO Epoch 23 | Batch 300 | Loss: 0.8883 | LR: 5.01e-05
2026-04-22 18:45:34,462 INFO Epoch 23 | Batch 350 | Loss: 1.0657 | LR: 4.97e-05
2026-04-22 18:45:38,594 INFO Epoch 23 | Batch 400 | Loss: 1.1538 | LR: 4.92e-05
2026-04-22 18:45:42,713 INFO Epoch 23 | Batch 450 | Loss: 0.8360 | LR: 4.87e-05
2026-04-22 18:45:46,841 INFO Epoch 23 | Batch 500 | Loss: 1.1084 | LR: 4.82e-05
2026-04-22 18:45:51,019 INFO Epoch 23 | Batch 550 | Loss: 1.0957 | LR: 4.77e-05
2026-04-22 18:45:55,223 INFO Epoch 23 | Batch 600 | Loss: 0.8808 | LR: 4.73e-05
2026-04-22 18:45:59,394 INFO Epoch 23 | Batch 650 | Loss: 1.3572 | LR: 4.68e-05
2026-04-22 18:46:03,544 INFO Epoch 23 | Batch 700 | Loss: 1.2072 | LR: 4.63e-05
2026-04-22 18:46:07,675 INFO Epoch 23 | Batch 750 | Loss: 1.3641 | LR: 4.59e-05
2026-04-22 18:46:11,819 INFO Epoch 23 | Batch 800 | Loss: 0.8408 | LR: 4.54e-05
2026-04-22 18:46:15,986 INFO Epoch 23 | Batch 850 | Loss: 1.0354 | LR: 4.49e-05
2026-04-22 18:46:20,172 INFO Epoch 23 | Batch 900 | Loss: 0.8135 | LR: 4.45e-05
2026-04-22 18:46:24,332 INFO Epoch 23 | Batch 950 | Loss: 1.1149 | LR: 4.40e-05
2026-04-22 18:46:28,518 INFO Epoch 23 | Batch 1000 | Loss: 1.0877 | LR: 4.36e-05
2026-04-22 18:46:32,676 INFO Epoch 23 | Batch 1050 | Loss: 0.9251 | LR: 4.31e-05
2026-04-22 18:46:36,848 INFO Epoch 23 | Batch 1100 | Loss: 0.9299 | LR: 4.27e-05
2026-04-22 18:46:40,973 INFO Epoch 23 | Batch 1150 | Loss: 0.8707 | LR: 4.22e-05
2026-04-22 18:46:45,127 INFO Epoch 23 | Batch 1200 | Loss: 0.9608 | LR: 4.18e-05
2026-04-22 18:47:01,618 INFO Epoch 23 | Train: 1.0095 | Dev CER: 0.2025 | Dev WER: 0.5716 | Time: 119s | Peak: 7.4 GB
2026-04-22 18:47:01,618 INFO   New best CER: 0.2025
2026-04-22 18:47:04,609 INFO Epoch 24 | Batch 0 | Loss: 0.8886 | LR: 4.14e-05
2026-04-22 18:47:09,014 INFO Epoch 24 | Batch 50 | Loss: 0.9466 | LR: 4.10e-05
2026-04-22 18:47:13,390 INFO Epoch 24 | Batch 100 | Loss: 0.9775 | LR: 4.06e-05
2026-04-22 18:47:17,782 INFO Epoch 24 | Batch 150 | Loss: 1.0303 | LR: 4.01e-05
2026-04-22 18:47:22,040 INFO Epoch 24 | Batch 200 | Loss: 0.9099 | LR: 3.97e-05
2026-04-22 18:47:26,223 INFO Epoch 24 | Batch 250 | Loss: 0.8884 | LR: 3.92e-05
2026-04-22 18:47:30,401 INFO Epoch 24 | Batch 300 | Loss: 0.8569 | LR: 3.88e-05
2026-04-22 18:47:34,577 INFO Epoch 24 | Batch 350 | Loss: 0.8666 | LR: 3.84e-05
2026-04-22 18:47:38,758 INFO Epoch 24 | Batch 400 | Loss: 0.8054 | LR: 3.80e-05
2026-04-22 18:47:42,936 INFO Epoch 24 | Batch 450 | Loss: 0.9513 | LR: 3.75e-05
2026-04-22 18:47:47,106 INFO Epoch 24 | Batch 500 | Loss: 1.0763 | LR: 3.71e-05
2026-04-22 18:47:51,239 INFO Epoch 24 | Batch 550 | Loss: 0.8810 | LR: 3.67e-05
2026-04-22 18:47:55,366 INFO Epoch 24 | Batch 600 | Loss: 1.1663 | LR: 3.63e-05
2026-04-22 18:47:59,459 INFO Epoch 24 | Batch 650 | Loss: 0.9685 | LR: 3.58e-05
2026-04-22 18:48:03,557 INFO Epoch 24 | Batch 700 | Loss: 1.1042 | LR: 3.54e-05
2026-04-22 18:48:07,646 INFO Epoch 24 | Batch 750 | Loss: 1.2516 | LR: 3.50e-05
2026-04-22 18:48:11,785 INFO Epoch 24 | Batch 800 | Loss: 1.0970 | LR: 3.46e-05
2026-04-22 18:48:15,915 INFO Epoch 24 | Batch 850 | Loss: 1.0256 | LR: 3.42e-05
2026-04-22 18:48:20,048 INFO Epoch 24 | Batch 900 | Loss: 0.9946 | LR: 3.38e-05
2026-04-22 18:48:24,175 INFO Epoch 24 | Batch 950 | Loss: 1.4607 | LR: 3.34e-05
2026-04-22 18:48:28,292 INFO Epoch 24 | Batch 1000 | Loss: 1.1845 | LR: 3.30e-05
2026-04-22 18:48:32,420 INFO Epoch 24 | Batch 1050 | Loss: 0.8000 | LR: 3.26e-05
2026-04-22 18:48:36,560 INFO Epoch 24 | Batch 1100 | Loss: 0.7803 | LR: 3.22e-05
2026-04-22 18:48:40,697 INFO Epoch 24 | Batch 1150 | Loss: 1.0862 | LR: 3.18e-05
2026-04-22 18:48:44,861 INFO Epoch 24 | Batch 1200 | Loss: 1.0121 | LR: 3.14e-05
2026-04-22 18:49:02,423 INFO Epoch 24 | Train: 1.0004 | Dev CER: 0.2001 | Dev WER: 0.5694 | Time: 120s | Peak: 7.4 GB
2026-04-22 18:49:02,423 INFO   New best CER: 0.2001
2026-04-22 18:49:05,386 INFO Epoch 25 | Batch 0 | Loss: 0.8491 | LR: 3.11e-05
2026-04-22 18:49:09,590 INFO Epoch 25 | Batch 50 | Loss: 1.2519 | LR: 3.07e-05
2026-04-22 18:49:13,762 INFO Epoch 25 | Batch 100 | Loss: 0.8643 | LR: 3.03e-05
2026-04-22 18:49:17,944 INFO Epoch 25 | Batch 150 | Loss: 0.9649 | LR: 2.99e-05
2026-04-22 18:49:22,105 INFO Epoch 25 | Batch 200 | Loss: 0.9702 | LR: 2.95e-05
2026-04-22 18:49:26,277 INFO Epoch 25 | Batch 250 | Loss: 1.4350 | LR: 2.92e-05
2026-04-22 18:49:30,437 INFO Epoch 25 | Batch 300 | Loss: 0.8736 | LR: 2.88e-05
2026-04-22 18:49:34,586 INFO Epoch 25 | Batch 350 | Loss: 1.0549 | LR: 2.84e-05
2026-04-22 18:49:38,742 INFO Epoch 25 | Batch 400 | Loss: 0.8691 | LR: 2.80e-05
2026-04-22 18:49:42,924 INFO Epoch 25 | Batch 450 | Loss: 0.9728 | LR: 2.77e-05
2026-04-22 18:49:47,069 INFO Epoch 25 | Batch 500 | Loss: 1.1526 | LR: 2.73e-05
2026-04-22 18:49:51,256 INFO Epoch 25 | Batch 550 | Loss: 1.1042 | LR: 2.69e-05
2026-04-22 18:49:55,456 INFO Epoch 25 | Batch 600 | Loss: 1.0913 | LR: 2.66e-05
2026-04-22 18:49:59,645 INFO Epoch 25 | Batch 650 | Loss: 0.9335 | LR: 2.62e-05
2026-04-22 18:50:03,826 INFO Epoch 25 | Batch 700 | Loss: 1.0088 | LR: 2.58e-05
2026-04-22 18:50:08,018 INFO Epoch 25 | Batch 750 | Loss: 0.9972 | LR: 2.55e-05
2026-04-22 18:50:12,195 INFO Epoch 25 | Batch 800 | Loss: 0.9541 | LR: 2.51e-05
2026-04-22 18:50:16,356 INFO Epoch 25 | Batch 850 | Loss: 0.9819 | LR: 2.48e-05
2026-04-22 18:50:20,522 INFO Epoch 25 | Batch 900 | Loss: 1.0795 | LR: 2.44e-05
2026-04-22 18:50:24,674 INFO Epoch 25 | Batch 950 | Loss: 1.2451 | LR: 2.41e-05
2026-04-22 18:50:28,823 INFO Epoch 25 | Batch 1000 | Loss: 0.8730 | LR: 2.37e-05
2026-04-22 18:50:33,019 INFO Epoch 25 | Batch 1050 | Loss: 0.8770 | LR: 2.34e-05
2026-04-22 18:50:37,202 INFO Epoch 25 | Batch 1100 | Loss: 1.1261 | LR: 2.30e-05
2026-04-22 18:50:41,288 INFO Epoch 25 | Batch 1150 | Loss: 0.7281 | LR: 2.27e-05
2026-04-22 18:50:45,414 INFO Epoch 25 | Batch 1200 | Loss: 1.0168 | LR: 2.24e-05
2026-04-22 18:51:01,031 INFO Epoch 25 | Train: 0.9925 | Dev CER: 0.1999 | Dev WER: 0.5668 | Time: 118s | Peak: 7.4 GB
2026-04-22 18:51:01,031 INFO   New best CER: 0.1999
2026-04-22 18:51:04,137 INFO Epoch 26 | Batch 0 | Loss: 0.8274 | LR: 2.21e-05
2026-04-22 18:51:08,508 INFO Epoch 26 | Batch 50 | Loss: 1.1427 | LR: 2.18e-05
2026-04-22 18:51:12,834 INFO Epoch 26 | Batch 100 | Loss: 0.9013 | LR: 2.15e-05
2026-04-22 18:51:17,171 INFO Epoch 26 | Batch 150 | Loss: 0.9396 | LR: 2.11e-05
2026-04-22 18:51:21,473 INFO Epoch 26 | Batch 200 | Loss: 0.8066 | LR: 2.08e-05
2026-04-22 18:51:25,795 INFO Epoch 26 | Batch 250 | Loss: 0.9554 | LR: 2.05e-05
2026-04-22 18:51:30,117 INFO Epoch 26 | Batch 300 | Loss: 0.8541 | LR: 2.02e-05
2026-04-22 18:51:34,438 INFO Epoch 26 | Batch 350 | Loss: 1.1745 | LR: 1.98e-05
2026-04-22 18:51:38,730 INFO Epoch 26 | Batch 400 | Loss: 1.0992 | LR: 1.95e-05
2026-04-22 18:51:43,028 INFO Epoch 26 | Batch 450 | Loss: 1.2486 | LR: 1.92e-05
2026-04-22 18:51:47,334 INFO Epoch 26 | Batch 500 | Loss: 0.6363 | LR: 1.89e-05
2026-04-22 18:51:51,684 INFO Epoch 26 | Batch 550 | Loss: 1.0113 | LR: 1.86e-05
2026-04-22 18:51:56,011 INFO Epoch 26 | Batch 600 | Loss: 0.8419 | LR: 1.83e-05
2026-04-22 18:52:00,313 INFO Epoch 26 | Batch 650 | Loss: 1.0770 | LR: 1.80e-05
2026-04-22 18:52:04,645 INFO Epoch 26 | Batch 700 | Loss: 1.1333 | LR: 1.77e-05
2026-04-22 18:52:08,973 INFO Epoch 26 | Batch 750 | Loss: 1.0157 | LR: 1.74e-05
2026-04-22 18:52:13,283 INFO Epoch 26 | Batch 800 | Loss: 0.9512 | LR: 1.71e-05
2026-04-22 18:52:17,600 INFO Epoch 26 | Batch 850 | Loss: 0.8758 | LR: 1.68e-05
2026-04-22 18:52:21,959 INFO Epoch 26 | Batch 900 | Loss: 0.8348 | LR: 1.65e-05
2026-04-22 18:52:26,296 INFO Epoch 26 | Batch 950 | Loss: 1.0489 | LR: 1.62e-05
2026-04-22 18:52:30,632 INFO Epoch 26 | Batch 1000 | Loss: 0.7274 | LR: 1.59e-05
2026-04-22 18:52:34,975 INFO Epoch 26 | Batch 1050 | Loss: 0.8297 | LR: 1.57e-05
2026-04-22 18:52:39,299 INFO Epoch 26 | Batch 1100 | Loss: 1.0372 | LR: 1.54e-05
2026-04-22 18:52:43,632 INFO Epoch 26 | Batch 1150 | Loss: 0.8422 | LR: 1.51e-05
2026-04-22 18:52:47,958 INFO Epoch 26 | Batch 1200 | Loss: 0.7909 | LR: 1.48e-05
2026-04-22 18:53:05,648 INFO Epoch 26 | Train: 0.9942 | Dev CER: 0.1998 | Dev WER: 0.5662 | Time: 124s | Peak: 7.4 GB
2026-04-22 18:53:05,648 INFO   New best CER: 0.1998
2026-04-22 18:53:08,778 INFO Epoch 27 | Batch 0 | Loss: 0.8438 | LR: 1.46e-05
2026-04-22 18:53:12,981 INFO Epoch 27 | Batch 50 | Loss: 0.9312 | LR: 1.44e-05
2026-04-22 18:53:17,144 INFO Epoch 27 | Batch 100 | Loss: 0.7960 | LR: 1.41e-05
2026-04-22 18:53:21,294 INFO Epoch 27 | Batch 150 | Loss: 1.2297 | LR: 1.38e-05
2026-04-22 18:53:25,447 INFO Epoch 27 | Batch 200 | Loss: 0.9673 | LR: 1.36e-05
2026-04-22 18:53:29,621 INFO Epoch 27 | Batch 250 | Loss: 0.9293 | LR: 1.33e-05
2026-04-22 18:53:33,754 INFO Epoch 27 | Batch 300 | Loss: 0.9266 | LR: 1.31e-05
2026-04-22 18:53:37,881 INFO Epoch 27 | Batch 350 | Loss: 1.1834 | LR: 1.28e-05
2026-04-22 18:53:42,012 INFO Epoch 27 | Batch 400 | Loss: 0.8935 | LR: 1.25e-05
2026-04-22 18:53:46,159 INFO Epoch 27 | Batch 450 | Loss: 1.1988 | LR: 1.23e-05
2026-04-22 18:53:50,301 INFO Epoch 27 | Batch 500 | Loss: 0.8372 | LR: 1.20e-05
2026-04-22 18:53:54,453 INFO Epoch 27 | Batch 550 | Loss: 1.1631 | LR: 1.18e-05
2026-04-22 18:53:58,579 INFO Epoch 27 | Batch 600 | Loss: 1.0234 | LR: 1.16e-05
2026-04-22 18:54:02,681 INFO Epoch 27 | Batch 650 | Loss: 0.9308 | LR: 1.13e-05
2026-04-22 18:54:06,831 INFO Epoch 27 | Batch 700 | Loss: 1.0758 | LR: 1.11e-05
2026-04-22 18:54:10,994 INFO Epoch 27 | Batch 750 | Loss: 1.0483 | LR: 1.09e-05
2026-04-22 18:54:15,150 INFO Epoch 27 | Batch 800 | Loss: 0.8934 | LR: 1.06e-05
2026-04-22 18:54:19,312 INFO Epoch 27 | Batch 850 | Loss: 1.1123 | LR: 1.04e-05
2026-04-22 18:54:23,501 INFO Epoch 27 | Batch 900 | Loss: 0.9177 | LR: 1.02e-05
2026-04-22 18:54:27,672 INFO Epoch 27 | Batch 950 | Loss: 1.1714 | LR: 9.95e-06
2026-04-22 18:54:31,825 INFO Epoch 27 | Batch 1000 | Loss: 0.8567 | LR: 9.72e-06
2026-04-22 18:54:35,982 INFO Epoch 27 | Batch 1050 | Loss: 0.8063 | LR: 9.51e-06
2026-04-22 18:54:40,134 INFO Epoch 27 | Batch 1100 | Loss: 0.6651 | LR: 9.29e-06
2026-04-22 18:54:44,270 INFO Epoch 27 | Batch 1150 | Loss: 0.8852 | LR: 9.08e-06
2026-04-22 18:54:48,427 INFO Epoch 27 | Batch 1200 | Loss: 0.9479 | LR: 8.87e-06
2026-04-22 18:55:05,814 INFO Epoch 27 | Train: 0.9875 | Dev CER: 0.1997 | Dev WER: 0.5649 | Time: 120s | Peak: 7.4 GB
2026-04-22 18:55:05,814 INFO   New best CER: 0.1997
2026-04-22 18:55:09,069 INFO Epoch 28 | Batch 0 | Loss: 0.8890 | LR: 8.72e-06
2026-04-22 18:55:13,490 INFO Epoch 28 | Batch 50 | Loss: 0.8651 | LR: 8.52e-06
2026-04-22 18:55:17,871 INFO Epoch 28 | Batch 100 | Loss: 0.9760 | LR: 8.31e-06
2026-04-22 18:55:22,252 INFO Epoch 28 | Batch 150 | Loss: 0.8088 | LR: 8.11e-06
2026-04-22 18:55:26,605 INFO Epoch 28 | Batch 200 | Loss: 0.9184 | LR: 7.92e-06
2026-04-22 18:55:30,946 INFO Epoch 28 | Batch 250 | Loss: 1.0483 | LR: 7.72e-06
2026-04-22 18:55:35,304 INFO Epoch 28 | Batch 300 | Loss: 0.9855 | LR: 7.53e-06
2026-04-22 18:55:39,630 INFO Epoch 28 | Batch 350 | Loss: 0.8381 | LR: 7.34e-06
2026-04-22 18:55:43,970 INFO Epoch 28 | Batch 400 | Loss: 0.8123 | LR: 7.16e-06
2026-04-22 18:55:48,311 INFO Epoch 28 | Batch 450 | Loss: 1.2032 | LR: 6.97e-06
2026-04-22 18:55:52,680 INFO Epoch 28 | Batch 500 | Loss: 0.9239 | LR: 6.79e-06
2026-04-22 18:55:57,074 INFO Epoch 28 | Batch 550 | Loss: 1.0723 | LR: 6.61e-06
2026-04-22 18:56:01,350 INFO Epoch 28 | Batch 600 | Loss: 1.1541 | LR: 6.44e-06
2026-04-22 18:56:05,507 INFO Epoch 28 | Batch 650 | Loss: 1.0255 | LR: 6.27e-06
2026-04-22 18:56:09,666 INFO Epoch 28 | Batch 700 | Loss: 0.9907 | LR: 6.10e-06
2026-04-22 18:56:13,820 INFO Epoch 28 | Batch 750 | Loss: 0.9394 | LR: 5.93e-06
2026-04-22 18:56:17,981 INFO Epoch 28 | Batch 800 | Loss: 1.0401 | LR: 5.76e-06
2026-04-22 18:56:22,147 INFO Epoch 28 | Batch 850 | Loss: 1.0103 | LR: 5.60e-06
2026-04-22 18:56:26,321 INFO Epoch 28 | Batch 900 | Loss: 0.9052 | LR: 5.44e-06
2026-04-22 18:56:30,483 INFO Epoch 28 | Batch 950 | Loss: 1.1130 | LR: 5.29e-06
2026-04-22 18:56:34,633 INFO Epoch 28 | Batch 1000 | Loss: 0.8589 | LR: 5.13e-06
2026-04-22 18:56:38,796 INFO Epoch 28 | Batch 1050 | Loss: 1.0522 | LR: 4.98e-06
2026-04-22 18:56:42,946 INFO Epoch 28 | Batch 1100 | Loss: 0.9231 | LR: 4.84e-06
2026-04-22 18:56:47,071 INFO Epoch 28 | Batch 1150 | Loss: 0.8354 | LR: 4.69e-06
2026-04-22 18:56:51,204 INFO Epoch 28 | Batch 1200 | Loss: 0.9472 | LR: 4.55e-06
2026-04-22 18:57:07,786 INFO Epoch 28 | Train: 0.9859 | Dev CER: 0.1979 | Dev WER: 0.5616 | Time: 121s | Peak: 7.4 GB
2026-04-22 18:57:07,786 INFO   New best CER: 0.1979
2026-04-22 18:57:10,885 INFO Epoch 29 | Batch 0 | Loss: 0.9500 | LR: 4.45e-06
2026-04-22 18:57:15,265 INFO Epoch 29 | Batch 50 | Loss: 1.1668 | LR: 4.31e-06
2026-04-22 18:57:19,630 INFO Epoch 29 | Batch 100 | Loss: 1.0417 | LR: 4.17e-06
2026-04-22 18:57:24,013 INFO Epoch 29 | Batch 150 | Loss: 0.8314 | LR: 4.04e-06
2026-04-22 18:57:28,195 INFO Epoch 29 | Batch 200 | Loss: 0.8852 | LR: 3.91e-06
2026-04-22 18:57:32,319 INFO Epoch 29 | Batch 250 | Loss: 0.9393 | LR: 3.79e-06
2026-04-22 18:57:36,472 INFO Epoch 29 | Batch 300 | Loss: 0.8863 | LR: 3.66e-06
2026-04-22 18:57:40,628 INFO Epoch 29 | Batch 350 | Loss: 1.0497 | LR: 3.54e-06
2026-04-22 18:57:44,774 INFO Epoch 29 | Batch 400 | Loss: 0.9019 | LR: 3.42e-06
2026-04-22 18:57:48,949 INFO Epoch 29 | Batch 450 | Loss: 0.9307 | LR: 3.31e-06
2026-04-22 18:57:53,308 INFO Epoch 29 | Batch 500 | Loss: 1.2547 | LR: 3.20e-06
2026-04-22 18:57:57,646 INFO Epoch 29 | Batch 550 | Loss: 0.8294 | LR: 3.09e-06
2026-04-22 18:58:02,023 INFO Epoch 29 | Batch 600 | Loss: 1.1771 | LR: 2.98e-06
2026-04-22 18:58:06,288 INFO Epoch 29 | Batch 650 | Loss: 1.1237 | LR: 2.88e-06
2026-04-22 18:58:10,440 INFO Epoch 29 | Batch 700 | Loss: 1.0064 | LR: 2.77e-06
2026-04-22 18:58:14,609 INFO Epoch 29 | Batch 750 | Loss: 0.6580 | LR: 2.68e-06
2026-04-22 18:58:18,782 INFO Epoch 29 | Batch 800 | Loss: 0.9497 | LR: 2.58e-06
2026-04-22 18:58:22,967 INFO Epoch 29 | Batch 850 | Loss: 0.7821 | LR: 2.49e-06
2026-04-22 18:58:27,189 INFO Epoch 29 | Batch 900 | Loss: 1.0327 | LR: 2.40e-06
2026-04-22 18:58:31,394 INFO Epoch 29 | Batch 950 | Loss: 0.9530 | LR: 2.31e-06
2026-04-22 18:58:35,536 INFO Epoch 29 | Batch 1000 | Loss: 1.0525 | LR: 2.22e-06
2026-04-22 18:58:39,696 INFO Epoch 29 | Batch 1050 | Loss: 0.9681 | LR: 2.14e-06
2026-04-22 18:58:43,875 INFO Epoch 29 | Batch 1100 | Loss: 0.9531 | LR: 2.06e-06
2026-04-22 18:58:48,086 INFO Epoch 29 | Batch 1150 | Loss: 0.9210 | LR: 1.99e-06
2026-04-22 18:58:52,258 INFO Epoch 29 | Batch 1200 | Loss: 0.8209 | LR: 1.91e-06
2026-04-22 18:59:09,700 INFO Epoch 29 | Train: 0.9806 | Dev CER: 0.1977 | Dev WER: 0.5615 | Time: 121s | Peak: 7.4 GB
2026-04-22 18:59:09,700 INFO   New best CER: 0.1977
2026-04-22 18:59:13,141 INFO Epoch 30 | Batch 0 | Loss: 1.0528 | LR: 1.86e-06
2026-04-22 18:59:17,554 INFO Epoch 30 | Batch 50 | Loss: 0.9948 | LR: 1.80e-06
2026-04-22 18:59:21,969 INFO Epoch 30 | Batch 100 | Loss: 0.8447 | LR: 1.73e-06
2026-04-22 18:59:26,375 INFO Epoch 30 | Batch 150 | Loss: 0.9814 | LR: 1.67e-06
2026-04-22 18:59:30,775 INFO Epoch 30 | Batch 200 | Loss: 0.8189 | LR: 1.61e-06
2026-04-22 18:59:35,148 INFO Epoch 30 | Batch 250 | Loss: 1.0031 | LR: 1.55e-06
2026-04-22 18:59:39,517 INFO Epoch 30 | Batch 300 | Loss: 0.7698 | LR: 1.50e-06
2026-04-22 18:59:43,883 INFO Epoch 30 | Batch 350 | Loss: 0.9764 | LR: 1.44e-06
2026-04-22 18:59:48,304 INFO Epoch 30 | Batch 400 | Loss: 0.8871 | LR: 1.39e-06
2026-04-22 18:59:52,746 INFO Epoch 30 | Batch 450 | Loss: 1.1053 | LR: 1.35e-06
2026-04-22 18:59:57,009 INFO Epoch 30 | Batch 500 | Loss: 0.8228 | LR: 1.31e-06
2026-04-22 19:00:01,155 INFO Epoch 30 | Batch 550 | Loss: 1.1000 | LR: 1.27e-06
2026-04-22 19:00:05,306 INFO Epoch 30 | Batch 600 | Loss: 1.0195 | LR: 1.23e-06
2026-04-22 19:00:09,430 INFO Epoch 30 | Batch 650 | Loss: 1.1502 | LR: 1.19e-06
2026-04-22 19:00:13,575 INFO Epoch 30 | Batch 700 | Loss: 1.0152 | LR: 1.16e-06
2026-04-22 19:00:17,761 INFO Epoch 30 | Batch 750 | Loss: 0.7800 | LR: 1.13e-06
2026-04-22 19:00:21,954 INFO Epoch 30 | Batch 800 | Loss: 0.8758 | LR: 1.11e-06
2026-04-22 19:00:26,150 INFO Epoch 30 | Batch 850 | Loss: 0.8814 | LR: 1.08e-06
2026-04-22 19:00:30,282 INFO Epoch 30 | Batch 900 | Loss: 0.9424 | LR: 1.06e-06
2026-04-22 19:00:34,409 INFO Epoch 30 | Batch 950 | Loss: 1.0049 | LR: 1.05e-06
2026-04-22 19:00:38,538 INFO Epoch 30 | Batch 1000 | Loss: 1.0374 | LR: 1.03e-06
2026-04-22 19:00:42,658 INFO Epoch 30 | Batch 1050 | Loss: 0.7519 | LR: 1.02e-06
2026-04-22 19:00:46,800 INFO Epoch 30 | Batch 1100 | Loss: 1.0085 | LR: 1.01e-06
2026-04-22 19:00:50,932 INFO Epoch 30 | Batch 1150 | Loss: 0.9161 | LR: 1.00e-06
2026-04-22 19:00:55,092 INFO Epoch 30 | Batch 1200 | Loss: 0.8998 | LR: 1.00e-06
2026-04-22 19:01:13,066 INFO Epoch 30 | Train: 0.9824 | Dev CER: 0.1978 | Dev WER: 0.5625 | Time: 123s | Peak: 7.4 GB
2026-04-22 19:01:51,255 INFO Done. Best dev CER: 0.1977 | Test CER: 0.1930
