2026-04-28 14:31:18,483 INFO src.training.train backbone=mamba2_lucid_c params=9M seq_len=1024 K=256 Q=256 batch=64
2026-04-28 14:32:32,178 INFO src.training.train step=100 epoch=1 loss=8.8593 grad=0.209 lr=3.00e-05
2026-04-28 14:33:46,018 INFO src.training.train step=200 epoch=1 loss=8.4673 grad=0.147 lr=6.00e-05
2026-04-28 14:35:00,477 INFO src.training.train step=300 epoch=1 loss=8.3482 grad=0.133 lr=9.00e-05
2026-04-28 14:36:15,050 INFO src.training.train step=400 epoch=1 loss=8.3278 grad=0.136 lr=1.20e-04
2026-04-28 14:37:29,578 INFO src.training.train step=500 epoch=1 loss=8.3177 grad=0.142 lr=1.50e-04
2026-04-28 14:38:44,505 INFO src.training.train step=600 epoch=1 loss=7.9792 grad=0.479 lr=1.80e-04
2026-04-28 14:39:59,381 INFO src.training.train step=700 epoch=1 loss=7.5080 grad=1.485 lr=2.10e-04
2026-04-28 14:41:14,249 INFO src.training.train step=800 epoch=2 loss=6.8337 grad=1.889 lr=2.40e-04
2026-04-28 14:42:29,154 INFO src.training.train step=900 epoch=2 loss=6.0937 grad=3.496 lr=2.70e-04
2026-04-28 14:43:44,010 INFO src.training.train step=1000 epoch=2 loss=5.3049 grad=4.108 lr=3.00e-04
2026-04-28 14:43:53,839 INFO src.training.train EVAL step=1000 loss=5.4308 per_query_acc=0.0379 per_seq_acc=0.0000
2026-04-28 14:45:08,700 INFO src.training.train step=1100 epoch=2 loss=4.5484 grad=3.490 lr=3.00e-04
2026-04-28 14:46:23,703 INFO src.training.train step=1200 epoch=2 loss=3.8620 grad=3.252 lr=3.00e-04
2026-04-28 14:47:38,839 INFO src.training.train step=1300 epoch=2 loss=3.2059 grad=3.181 lr=3.00e-04
2026-04-28 14:48:53,719 INFO src.training.train step=1400 epoch=2 loss=2.6170 grad=4.030 lr=3.00e-04
2026-04-28 14:50:08,586 INFO src.training.train step=1500 epoch=2 loss=2.1004 grad=5.295 lr=3.00e-04
2026-04-28 14:51:23,532 INFO src.training.train step=1600 epoch=3 loss=1.6276 grad=3.827 lr=3.00e-04
2026-04-28 14:52:38,346 INFO src.training.train step=1700 epoch=3 loss=1.2129 grad=2.862 lr=3.00e-04
2026-04-28 14:53:53,381 INFO src.training.train step=1800 epoch=3 loss=0.8563 grad=2.268 lr=2.99e-04
2026-04-28 14:55:08,464 INFO src.training.train step=1900 epoch=3 loss=0.5867 grad=3.727 lr=2.99e-04
2026-04-28 14:56:23,451 INFO src.training.train step=2000 epoch=3 loss=0.3833 grad=2.169 lr=2.99e-04
2026-04-28 14:56:33,315 INFO src.training.train EVAL step=2000 loss=0.0335 per_query_acc=0.9999 per_seq_acc=0.9793
2026-04-28 14:57:49,588 INFO src.training.train step=2100 epoch=3 loss=0.2438 grad=1.866 lr=2.99e-04
2026-04-28 14:59:04,427 INFO src.training.train step=2200 epoch=3 loss=0.1540 grad=1.264 lr=2.99e-04
2026-04-28 15:00:19,221 INFO src.training.train step=2300 epoch=3 loss=0.1014 grad=0.657 lr=2.99e-04
2026-04-28 15:01:34,066 INFO src.training.train step=2400 epoch=4 loss=0.0713 grad=0.568 lr=2.98e-04
2026-04-28 15:02:48,769 INFO src.training.train step=2500 epoch=4 loss=0.0555 grad=0.640 lr=2.98e-04
2026-04-28 15:04:03,421 INFO src.training.train step=2600 epoch=4 loss=0.0341 grad=0.340 lr=2.98e-04
2026-04-28 15:05:18,193 INFO src.training.train step=2700 epoch=4 loss=0.0252 grad=0.340 lr=2.97e-04
2026-04-28 15:06:32,989 INFO src.training.train step=2800 epoch=4 loss=0.0203 grad=0.199 lr=2.97e-04
2026-04-28 15:07:47,743 INFO src.training.train step=2900 epoch=4 loss=0.0167 grad=0.299 lr=2.97e-04
2026-04-28 15:09:02,413 INFO src.training.train step=3000 epoch=4 loss=0.0149 grad=0.244 lr=2.97e-04
2026-04-28 15:09:12,222 INFO src.training.train EVAL step=3000 loss=0.0001 per_query_acc=1.0000 per_seq_acc=0.9997
2026-04-28 15:09:12,222 INFO src.training.train EARLY STOP: per_seq_acc 0.9997 ≥ threshold 0.9900 at step 3000
2026-04-28 15:09:22,150 INFO src.training.train DONE: {
  "backbone": "mamba2_lucid_c",
  "seq_len": 1024,
  "n_kv_pairs": 256,
  "n_queries": 256,
  "vocab_size": 8192,
  "n_parameters": 9559744,
  "steps_taken": 3000,
  "epochs_taken": 4,
  "early_stopped": true,
  "best_per_seq_acc": 0.9996666666666667,
  "best_per_query_acc": 0.99991796875,
  "best_step": 2000,
  "final_per_seq_acc": 0.9996666666666667,
  "final_per_query_acc": 0.9999986979166666,
  "final_loss": 9.009280878429612e-05,
  "wall_sec": 2282.304812192917,
  "seed": 42
}
