2026-04-20 18:47:43,581 INFO Loading LibriSpeech split=train.100 from HuggingFace...
2026-04-20 18:47:43,759 INFO HTTP Request: HEAD https://huggingface.co/datasets/openslr/librispeech_asr/resolve/main/README.md "HTTP/1.1 307 Temporary Redirect"
2026-04-20 18:47:43,777 INFO HTTP Request: HEAD https://huggingface.co/api/resolve-cache/datasets/openslr/librispeech_asr/71cacbfb7e2354c4226d01e70d77d5fca3d04ba1/README.md "HTTP/1.1 200 OK"
2026-04-20 18:47:43,907 INFO HTTP Request: HEAD https://huggingface.co/datasets/openslr/librispeech_asr/resolve/71cacbfb7e2354c4226d01e70d77d5fca3d04ba1/librispeech_asr.py "HTTP/1.1 404 Not Found"
2026-04-20 18:47:44,291 INFO HTTP Request: HEAD https://s3.amazonaws.com/datasets.huggingface.co/datasets/datasets/openslr/librispeech_asr/openslr/librispeech_asr.py "HTTP/1.1 404 Not Found"
2026-04-20 18:47:44,439 INFO HTTP Request: GET https://huggingface.co/api/datasets/openslr/librispeech_asr/revision/71cacbfb7e2354c4226d01e70d77d5fca3d04ba1 "HTTP/1.1 200 OK"
2026-04-20 18:47:44,568 INFO HTTP Request: HEAD https://huggingface.co/datasets/openslr/librispeech_asr/resolve/71cacbfb7e2354c4226d01e70d77d5fca3d04ba1/.huggingface.yaml "HTTP/1.1 404 Not Found"
2026-04-20 18:47:44,569 WARNING Warning: You are sending unauthenticated requests to the HF Hub. Please set a HF_TOKEN to enable higher rate limits and faster downloads.
2026-04-20 18:47:44,746 INFO HTTP Request: GET https://datasets-server.huggingface.co/info?dataset=openslr/librispeech_asr "HTTP/1.1 200 OK"
2026-04-20 18:47:44,919 INFO HTTP Request: GET https://huggingface.co/api/datasets/openslr/librispeech_asr/tree/71cacbfb7e2354c4226d01e70d77d5fca3d04ba1/clean%2Ftest?recursive=true&expand=false "HTTP/1.1 200 OK"
2026-04-20 18:47:45,049 INFO HTTP Request: GET https://huggingface.co/api/datasets/openslr/librispeech_asr/tree/71cacbfb7e2354c4226d01e70d77d5fca3d04ba1/clean?recursive=false&expand=false "HTTP/1.1 200 OK"
2026-04-20 18:47:45,193 INFO HTTP Request: GET https://huggingface.co/api/datasets/openslr/librispeech_asr/tree/71cacbfb7e2354c4226d01e70d77d5fca3d04ba1/clean%2Ftrain.100?recursive=true&expand=false "HTTP/1.1 200 OK"
2026-04-20 18:47:45,333 INFO HTTP Request: GET https://huggingface.co/api/datasets/openslr/librispeech_asr/tree/71cacbfb7e2354c4226d01e70d77d5fca3d04ba1/clean%2Ftrain.360?recursive=true&expand=false "HTTP/1.1 200 OK"
2026-04-20 18:47:45,488 INFO HTTP Request: GET https://huggingface.co/api/datasets/openslr/librispeech_asr/tree/71cacbfb7e2354c4226d01e70d77d5fca3d04ba1/clean%2Fvalidation?recursive=true&expand=false "HTTP/1.1 200 OK"
2026-04-20 18:47:45,635 INFO HTTP Request: HEAD https://huggingface.co/datasets/openslr/librispeech_asr/resolve/71cacbfb7e2354c4226d01e70d77d5fca3d04ba1/dataset_infos.json "HTTP/1.1 404 Not Found"
2026-04-20 18:49:03,486 INFO Loaded 28538 utterances from train.100 (skipped 1 outside [0.5s, 20.0s])
2026-04-20 18:49:03,558 INFO Loading LibriSpeech split=validation from HuggingFace...
2026-04-20 18:49:03,721 INFO HTTP Request: HEAD https://huggingface.co/datasets/openslr/librispeech_asr/resolve/main/README.md "HTTP/1.1 307 Temporary Redirect"
2026-04-20 18:49:03,741 INFO HTTP Request: HEAD https://huggingface.co/api/resolve-cache/datasets/openslr/librispeech_asr/71cacbfb7e2354c4226d01e70d77d5fca3d04ba1/README.md "HTTP/1.1 200 OK"
2026-04-20 18:49:03,872 INFO HTTP Request: HEAD https://huggingface.co/datasets/openslr/librispeech_asr/resolve/71cacbfb7e2354c4226d01e70d77d5fca3d04ba1/librispeech_asr.py "HTTP/1.1 404 Not Found"
2026-04-20 18:49:04,302 INFO HTTP Request: HEAD https://s3.amazonaws.com/datasets.huggingface.co/datasets/datasets/openslr/librispeech_asr/openslr/librispeech_asr.py "HTTP/1.1 404 Not Found"
2026-04-20 18:49:04,450 INFO HTTP Request: HEAD https://huggingface.co/datasets/openslr/librispeech_asr/resolve/71cacbfb7e2354c4226d01e70d77d5fca3d04ba1/.huggingface.yaml "HTTP/1.1 404 Not Found"
2026-04-20 18:49:04,624 INFO HTTP Request: GET https://datasets-server.huggingface.co/info?dataset=openslr/librispeech_asr "HTTP/1.1 200 OK"
2026-04-20 18:49:04,785 INFO HTTP Request: HEAD https://huggingface.co/datasets/openslr/librispeech_asr/resolve/71cacbfb7e2354c4226d01e70d77d5fca3d04ba1/dataset_infos.json "HTTP/1.1 404 Not Found"
2026-04-20 18:49:09,112 INFO Loaded 2642 utterances from validation (skipped 61 outside [0.5s, 20.0s])
2026-04-20 18:49:09,117 INFO Loading LibriSpeech split=test from HuggingFace...
2026-04-20 18:49:09,250 INFO HTTP Request: HEAD https://huggingface.co/datasets/openslr/librispeech_asr/resolve/main/README.md "HTTP/1.1 307 Temporary Redirect"
2026-04-20 18:49:09,269 INFO HTTP Request: HEAD https://huggingface.co/api/resolve-cache/datasets/openslr/librispeech_asr/71cacbfb7e2354c4226d01e70d77d5fca3d04ba1/README.md "HTTP/1.1 200 OK"
2026-04-20 18:49:09,400 INFO HTTP Request: HEAD https://huggingface.co/datasets/openslr/librispeech_asr/resolve/71cacbfb7e2354c4226d01e70d77d5fca3d04ba1/librispeech_asr.py "HTTP/1.1 404 Not Found"
2026-04-20 18:49:09,787 INFO HTTP Request: HEAD https://s3.amazonaws.com/datasets.huggingface.co/datasets/datasets/openslr/librispeech_asr/openslr/librispeech_asr.py "HTTP/1.1 404 Not Found"
2026-04-20 18:49:09,931 INFO HTTP Request: HEAD https://huggingface.co/datasets/openslr/librispeech_asr/resolve/71cacbfb7e2354c4226d01e70d77d5fca3d04ba1/.huggingface.yaml "HTTP/1.1 404 Not Found"
2026-04-20 18:49:10,105 INFO HTTP Request: GET https://datasets-server.huggingface.co/info?dataset=openslr/librispeech_asr "HTTP/1.1 200 OK"
2026-04-20 18:49:10,258 INFO HTTP Request: HEAD https://huggingface.co/datasets/openslr/librispeech_asr/resolve/71cacbfb7e2354c4226d01e70d77d5fca3d04ba1/dataset_infos.json "HTTP/1.1 404 Not Found"
2026-04-20 18:49:14,608 INFO Loaded 2528 utterances from test (skipped 92 outside [0.5s, 20.0s])
2026-04-20 18:49:14,767 INFO Backbone: rwkv6_rse_strong_viscosity | Params: 7.85M
2026-04-20 18:49:14,767 INFO   Frontend: 1.90M | Encoder: 5.94M | Head: 8.0K
2026-04-20 18:49:18,375 INFO Epoch 1 | Batch 0 | Loss: 4.2606 | LR: 3.00e-07
2026-04-20 18:49:27,514 INFO Epoch 1 | Batch 50 | Loss: 2.9733 | LR: 1.53e-05
2026-04-20 18:49:36,256 INFO Epoch 1 | Batch 100 | Loss: 2.9302 | LR: 3.03e-05
2026-04-20 18:49:45,154 INFO Epoch 1 | Batch 150 | Loss: 2.8780 | LR: 4.53e-05
2026-04-20 18:49:53,802 INFO Epoch 1 | Batch 200 | Loss: 2.8412 | LR: 6.03e-05
2026-04-20 18:50:02,538 INFO Epoch 1 | Batch 250 | Loss: 2.8503 | LR: 7.53e-05
2026-04-20 18:50:11,366 INFO Epoch 1 | Batch 300 | Loss: 2.8438 | LR: 9.03e-05
2026-04-20 18:50:20,277 INFO Epoch 1 | Batch 350 | Loss: 2.8542 | LR: 1.05e-04
2026-04-20 18:50:29,034 INFO Epoch 1 | Batch 400 | Loss: 2.8916 | LR: 1.20e-04
2026-04-20 18:50:37,715 INFO Epoch 1 | Batch 450 | Loss: 2.7890 | LR: 1.35e-04
2026-04-20 18:50:46,459 INFO Epoch 1 | Batch 500 | Loss: 2.7100 | LR: 1.50e-04
2026-04-20 18:50:55,278 INFO Epoch 1 | Batch 550 | Loss: 2.6537 | LR: 1.65e-04
2026-04-20 18:51:04,147 INFO Epoch 1 | Batch 600 | Loss: 2.6801 | LR: 1.80e-04
2026-04-20 18:51:12,930 INFO Epoch 1 | Batch 650 | Loss: 2.5196 | LR: 1.95e-04
2026-04-20 18:51:21,599 INFO Epoch 1 | Batch 700 | Loss: 2.5215 | LR: 2.10e-04
2026-04-20 18:51:30,377 INFO Epoch 1 | Batch 750 | Loss: 2.4736 | LR: 2.25e-04
2026-04-20 18:51:39,272 INFO Epoch 1 | Batch 800 | Loss: 2.6143 | LR: 2.40e-04
2026-04-20 18:51:48,124 INFO Epoch 1 | Batch 850 | Loss: 2.3538 | LR: 2.55e-04
2026-04-20 18:51:56,991 INFO Epoch 1 | Batch 900 | Loss: 2.4095 | LR: 2.70e-04
2026-04-20 18:52:05,860 INFO Epoch 1 | Batch 950 | Loss: 2.2548 | LR: 2.85e-04
2026-04-20 18:52:14,778 INFO Epoch 1 | Batch 1000 | Loss: 2.1171 | LR: 3.00e-04
2026-04-20 18:52:23,606 INFO Epoch 1 | Batch 1050 | Loss: 2.1928 | LR: 3.00e-04
2026-04-20 18:52:32,590 INFO Epoch 1 | Batch 1100 | Loss: 2.2251 | LR: 3.00e-04
2026-04-20 18:52:41,456 INFO Epoch 1 | Batch 1150 | Loss: 2.3200 | LR: 3.00e-04
2026-04-20 18:52:50,213 INFO Epoch 1 | Batch 1200 | Loss: 2.1944 | LR: 3.00e-04
2026-04-20 18:53:09,890 INFO Epoch 1 | Train: 2.5946 | Dev CER: 0.5229 | Dev WER: 0.9703 | Time: 234s | Peak: 21.3 GB
2026-04-20 18:53:09,890 INFO   New best CER: 0.5229
2026-04-20 18:53:13,553 INFO Epoch 2 | Batch 0 | Loss: 1.9824 | LR: 3.00e-04
2026-04-20 18:53:22,328 INFO Epoch 2 | Batch 50 | Loss: 2.2586 | LR: 3.00e-04
2026-04-20 18:53:30,916 INFO Epoch 2 | Batch 100 | Loss: 2.2095 | LR: 3.00e-04
2026-04-20 18:53:39,637 INFO Epoch 2 | Batch 150 | Loss: 2.0770 | LR: 3.00e-04
2026-04-20 18:53:48,436 INFO Epoch 2 | Batch 200 | Loss: 1.9390 | LR: 3.00e-04
2026-04-20 18:53:57,157 INFO Epoch 2 | Batch 250 | Loss: 1.6804 | LR: 3.00e-04
2026-04-20 18:54:05,814 INFO Epoch 2 | Batch 300 | Loss: 1.8877 | LR: 3.00e-04
2026-04-20 18:54:14,612 INFO Epoch 2 | Batch 350 | Loss: 1.8901 | LR: 3.00e-04
2026-04-20 18:54:23,348 INFO Epoch 2 | Batch 400 | Loss: 1.6838 | LR: 3.00e-04
2026-04-20 18:54:32,048 INFO Epoch 2 | Batch 450 | Loss: 1.7814 | LR: 3.00e-04
2026-04-20 18:54:40,803 INFO Epoch 2 | Batch 500 | Loss: 1.7310 | LR: 3.00e-04
2026-04-20 18:54:49,545 INFO Epoch 2 | Batch 550 | Loss: 1.9491 | LR: 3.00e-04
2026-04-20 18:54:58,220 INFO Epoch 2 | Batch 600 | Loss: 1.7812 | LR: 3.00e-04
2026-04-20 18:55:06,886 INFO Epoch 2 | Batch 650 | Loss: 1.9504 | LR: 3.00e-04
2026-04-20 18:55:15,618 INFO Epoch 2 | Batch 700 | Loss: 2.2100 | LR: 3.00e-04
2026-04-20 18:55:24,297 INFO Epoch 2 | Batch 750 | Loss: 1.7742 | LR: 2.99e-04
2026-04-20 18:55:32,939 INFO Epoch 2 | Batch 800 | Loss: 1.5082 | LR: 2.99e-04
2026-04-20 18:55:41,625 INFO Epoch 2 | Batch 850 | Loss: 1.8696 | LR: 2.99e-04
2026-04-20 18:55:50,390 INFO Epoch 2 | Batch 900 | Loss: 1.6994 | LR: 2.99e-04
2026-04-20 18:55:59,139 INFO Epoch 2 | Batch 950 | Loss: 1.5532 | LR: 2.99e-04
2026-04-20 18:56:07,807 INFO Epoch 2 | Batch 1000 | Loss: 2.2794 | LR: 2.99e-04
2026-04-20 18:56:16,501 INFO Epoch 2 | Batch 1050 | Loss: 1.7372 | LR: 2.99e-04
2026-04-20 18:56:25,195 INFO Epoch 2 | Batch 1100 | Loss: 1.5887 | LR: 2.99e-04
2026-04-20 18:56:33,822 INFO Epoch 2 | Batch 1150 | Loss: 1.4782 | LR: 2.99e-04
2026-04-20 18:56:42,561 INFO Epoch 2 | Batch 1200 | Loss: 1.5855 | LR: 2.99e-04
2026-04-20 18:57:02,230 INFO Epoch 2 | Train: 1.8012 | Dev CER: 0.3539 | Dev WER: 0.8072 | Time: 231s | Peak: 21.3 GB
2026-04-20 18:57:02,230 INFO   New best CER: 0.3539
2026-04-20 18:57:06,025 INFO Epoch 3 | Batch 0 | Loss: 1.4899 | LR: 2.99e-04
2026-04-20 18:57:14,714 INFO Epoch 3 | Batch 50 | Loss: 1.5692 | LR: 2.99e-04
2026-04-20 18:57:23,396 INFO Epoch 3 | Batch 100 | Loss: 1.5122 | LR: 2.99e-04
2026-04-20 18:57:32,074 INFO Epoch 3 | Batch 150 | Loss: 1.4939 | LR: 2.99e-04
2026-04-20 18:57:40,961 INFO Epoch 3 | Batch 200 | Loss: 1.6149 | LR: 2.98e-04
2026-04-20 18:57:49,955 INFO Epoch 3 | Batch 250 | Loss: 1.2040 | LR: 2.98e-04
2026-04-20 18:57:58,822 INFO Epoch 3 | Batch 300 | Loss: 1.6392 | LR: 2.98e-04
2026-04-20 18:58:07,793 INFO Epoch 3 | Batch 350 | Loss: 1.2581 | LR: 2.98e-04
2026-04-20 18:58:16,828 INFO Epoch 3 | Batch 400 | Loss: 1.3687 | LR: 2.98e-04
2026-04-20 18:58:25,808 INFO Epoch 3 | Batch 450 | Loss: 1.9048 | LR: 2.98e-04
2026-04-20 18:58:34,945 INFO Epoch 3 | Batch 500 | Loss: 1.4305 | LR: 2.98e-04
2026-04-20 18:58:43,818 INFO Epoch 3 | Batch 550 | Loss: 1.3969 | LR: 2.98e-04
2026-04-20 18:58:52,756 INFO Epoch 3 | Batch 600 | Loss: 1.6474 | LR: 2.98e-04
2026-04-20 18:59:01,739 INFO Epoch 3 | Batch 650 | Loss: 1.4991 | LR: 2.97e-04
2026-04-20 18:59:10,823 INFO Epoch 3 | Batch 700 | Loss: 1.6237 | LR: 2.97e-04
2026-04-20 18:59:19,742 INFO Epoch 3 | Batch 750 | Loss: 1.9136 | LR: 2.97e-04
2026-04-20 18:59:28,515 INFO Epoch 3 | Batch 800 | Loss: 1.5410 | LR: 2.97e-04
2026-04-20 18:59:37,309 INFO Epoch 3 | Batch 850 | Loss: 1.5334 | LR: 2.97e-04
2026-04-20 18:59:46,187 INFO Epoch 3 | Batch 900 | Loss: 1.7020 | LR: 2.97e-04
2026-04-20 18:59:55,173 INFO Epoch 3 | Batch 950 | Loss: 1.7428 | LR: 2.97e-04
2026-04-20 19:00:04,023 INFO Epoch 3 | Batch 1000 | Loss: 1.3490 | LR: 2.97e-04
2026-04-20 19:00:12,873 INFO Epoch 3 | Batch 1050 | Loss: 1.4082 | LR: 2.96e-04
2026-04-20 19:00:21,735 INFO Epoch 3 | Batch 1100 | Loss: 1.2387 | LR: 2.96e-04
2026-04-20 19:00:30,598 INFO Epoch 3 | Batch 1150 | Loss: 1.8194 | LR: 2.96e-04
2026-04-20 19:00:39,577 INFO Epoch 3 | Batch 1200 | Loss: 1.6406 | LR: 2.96e-04
2026-04-20 19:00:56,472 INFO Epoch 3 | Train: 1.4883 | Dev CER: 0.2924 | Dev WER: 0.7174 | Time: 233s | Peak: 21.3 GB
2026-04-20 19:00:56,472 INFO   New best CER: 0.2924
2026-04-20 19:01:00,350 INFO Epoch 4 | Batch 0 | Loss: 1.2547 | LR: 2.96e-04
2026-04-20 19:01:09,108 INFO Epoch 4 | Batch 50 | Loss: 1.6006 | LR: 2.96e-04
2026-04-20 19:01:17,979 INFO Epoch 4 | Batch 100 | Loss: 1.2469 | LR: 2.96e-04
2026-04-20 19:01:26,718 INFO Epoch 4 | Batch 150 | Loss: 1.8399 | LR: 2.95e-04
2026-04-20 19:01:35,607 INFO Epoch 4 | Batch 200 | Loss: 1.5025 | LR: 2.95e-04
2026-04-20 19:01:44,475 INFO Epoch 4 | Batch 250 | Loss: 1.3977 | LR: 2.95e-04
2026-04-20 19:01:53,291 INFO Epoch 4 | Batch 300 | Loss: 1.3285 | LR: 2.95e-04
2026-04-20 19:02:01,791 INFO Epoch 4 | Batch 350 | Loss: 1.7869 | LR: 2.95e-04
2026-04-20 19:02:10,475 INFO Epoch 4 | Batch 400 | Loss: 1.4458 | LR: 2.95e-04
2026-04-20 19:02:19,235 INFO Epoch 4 | Batch 450 | Loss: 1.3361 | LR: 2.94e-04
2026-04-20 19:02:27,797 INFO Epoch 4 | Batch 500 | Loss: 1.5791 | LR: 2.94e-04
2026-04-20 19:02:36,621 INFO Epoch 4 | Batch 550 | Loss: 1.1847 | LR: 2.94e-04
2026-04-20 19:02:45,160 INFO Epoch 4 | Batch 600 | Loss: 1.4414 | LR: 2.94e-04
2026-04-20 19:02:53,634 INFO Epoch 4 | Batch 650 | Loss: 1.3362 | LR: 2.94e-04
2026-04-20 19:03:02,290 INFO Epoch 4 | Batch 700 | Loss: 1.1423 | LR: 2.93e-04
2026-04-20 19:03:11,020 INFO Epoch 4 | Batch 750 | Loss: 1.3264 | LR: 2.93e-04
2026-04-20 19:03:19,702 INFO Epoch 4 | Batch 800 | Loss: 1.1801 | LR: 2.93e-04
2026-04-20 19:03:28,305 INFO Epoch 4 | Batch 850 | Loss: 1.6529 | LR: 2.93e-04
2026-04-20 19:03:37,007 INFO Epoch 4 | Batch 900 | Loss: 1.3714 | LR: 2.93e-04
2026-04-20 19:03:45,696 INFO Epoch 4 | Batch 950 | Loss: 1.3386 | LR: 2.92e-04
2026-04-20 19:03:54,275 INFO Epoch 4 | Batch 1000 | Loss: 1.2109 | LR: 2.92e-04
2026-04-20 19:04:02,930 INFO Epoch 4 | Batch 1050 | Loss: 1.3717 | LR: 2.92e-04
2026-04-20 19:04:11,569 INFO Epoch 4 | Batch 1100 | Loss: 1.2241 | LR: 2.92e-04
2026-04-20 19:04:20,331 INFO Epoch 4 | Batch 1150 | Loss: 1.5444 | LR: 2.92e-04
2026-04-20 19:04:28,946 INFO Epoch 4 | Batch 1200 | Loss: 1.6497 | LR: 2.91e-04
2026-04-20 19:04:48,474 INFO Epoch 4 | Train: 1.3404 | Dev CER: 0.2564 | Dev WER: 0.6534 | Time: 231s | Peak: 21.3 GB
2026-04-20 19:04:48,475 INFO   New best CER: 0.2564
2026-04-20 19:04:51,721 INFO Epoch 5 | Batch 0 | Loss: 1.0114 | LR: 2.91e-04
2026-04-20 19:05:00,557 INFO Epoch 5 | Batch 50 | Loss: 1.2078 | LR: 2.91e-04
2026-04-20 19:05:09,243 INFO Epoch 5 | Batch 100 | Loss: 1.2837 | LR: 2.91e-04
2026-04-20 19:05:17,894 INFO Epoch 5 | Batch 150 | Loss: 1.2563 | LR: 2.91e-04
2026-04-20 19:05:26,637 INFO Epoch 5 | Batch 200 | Loss: 1.0874 | LR: 2.90e-04
2026-04-20 19:05:35,351 INFO Epoch 5 | Batch 250 | Loss: 1.8770 | LR: 2.90e-04
2026-04-20 19:05:44,145 INFO Epoch 5 | Batch 300 | Loss: 1.0345 | LR: 2.90e-04
2026-04-20 19:05:52,894 INFO Epoch 5 | Batch 350 | Loss: 1.0471 | LR: 2.90e-04
2026-04-20 19:06:01,570 INFO Epoch 5 | Batch 400 | Loss: 0.9486 | LR: 2.89e-04
2026-04-20 19:06:10,360 INFO Epoch 5 | Batch 450 | Loss: 1.2965 | LR: 2.89e-04
2026-04-20 19:06:19,251 INFO Epoch 5 | Batch 500 | Loss: 1.1931 | LR: 2.89e-04
2026-04-20 19:06:28,106 INFO Epoch 5 | Batch 550 | Loss: 1.2598 | LR: 2.89e-04
2026-04-20 19:06:36,755 INFO Epoch 5 | Batch 600 | Loss: 1.4090 | LR: 2.88e-04
2026-04-20 19:06:45,621 INFO Epoch 5 | Batch 650 | Loss: 1.6418 | LR: 2.88e-04
2026-04-20 19:06:54,493 INFO Epoch 5 | Batch 700 | Loss: 1.1874 | LR: 2.88e-04
2026-04-20 19:07:03,295 INFO Epoch 5 | Batch 750 | Loss: 1.0723 | LR: 2.88e-04
2026-04-20 19:07:11,997 INFO Epoch 5 | Batch 800 | Loss: 1.1042 | LR: 2.87e-04
2026-04-20 19:07:20,693 INFO Epoch 5 | Batch 850 | Loss: 1.1976 | LR: 2.87e-04
2026-04-20 19:07:29,609 INFO Epoch 5 | Batch 900 | Loss: 1.2927 | LR: 2.87e-04
2026-04-20 19:07:38,393 INFO Epoch 5 | Batch 950 | Loss: 1.6539 | LR: 2.87e-04
2026-04-20 19:07:47,254 INFO Epoch 5 | Batch 1000 | Loss: 1.4013 | LR: 2.86e-04
2026-04-20 19:07:56,004 INFO Epoch 5 | Batch 1050 | Loss: 1.1413 | LR: 2.86e-04
2026-04-20 19:08:04,720 INFO Epoch 5 | Batch 1100 | Loss: 1.2239 | LR: 2.86e-04
2026-04-20 19:08:13,430 INFO Epoch 5 | Batch 1150 | Loss: 1.5516 | LR: 2.86e-04
2026-04-20 19:08:22,193 INFO Epoch 5 | Batch 1200 | Loss: 1.2266 | LR: 2.85e-04
2026-04-20 19:08:44,109 INFO Epoch 5 | Train: 1.2267 | Dev CER: 0.2307 | Dev WER: 0.6116 | Time: 235s | Peak: 21.3 GB
2026-04-20 19:08:44,109 INFO   New best CER: 0.2307
2026-04-20 19:08:47,176 INFO Epoch 6 | Batch 0 | Loss: 1.2139 | LR: 2.85e-04
2026-04-20 19:08:56,164 INFO Epoch 6 | Batch 50 | Loss: 1.7457 | LR: 2.85e-04
2026-04-20 19:09:04,832 INFO Epoch 6 | Batch 100 | Loss: 1.3593 | LR: 2.84e-04
2026-04-20 19:09:13,658 INFO Epoch 6 | Batch 150 | Loss: 1.3005 | LR: 2.84e-04
2026-04-20 19:09:22,405 INFO Epoch 6 | Batch 200 | Loss: 1.2975 | LR: 2.84e-04
2026-04-20 19:09:31,198 INFO Epoch 6 | Batch 250 | Loss: 0.9587 | LR: 2.84e-04
2026-04-20 19:09:39,962 INFO Epoch 6 | Batch 300 | Loss: 0.9730 | LR: 2.83e-04
2026-04-20 19:09:48,624 INFO Epoch 6 | Batch 350 | Loss: 1.0872 | LR: 2.83e-04
2026-04-20 19:09:57,348 INFO Epoch 6 | Batch 400 | Loss: 0.9708 | LR: 2.83e-04
2026-04-20 19:10:06,040 INFO Epoch 6 | Batch 450 | Loss: 1.9042 | LR: 2.82e-04
2026-04-20 19:10:14,732 INFO Epoch 6 | Batch 500 | Loss: 0.9540 | LR: 2.82e-04
2026-04-20 19:10:23,472 INFO Epoch 6 | Batch 550 | Loss: 1.0525 | LR: 2.82e-04
2026-04-20 19:10:32,282 INFO Epoch 6 | Batch 600 | Loss: 1.1400 | LR: 2.81e-04
2026-04-20 19:10:41,012 INFO Epoch 6 | Batch 650 | Loss: 1.3399 | LR: 2.81e-04
2026-04-20 19:10:49,798 INFO Epoch 6 | Batch 700 | Loss: 1.3703 | LR: 2.81e-04
2026-04-20 19:10:58,679 INFO Epoch 6 | Batch 750 | Loss: 1.1966 | LR: 2.81e-04
2026-04-20 19:11:07,399 INFO Epoch 6 | Batch 800 | Loss: 1.0892 | LR: 2.80e-04
2026-04-20 19:11:16,277 INFO Epoch 6 | Batch 850 | Loss: 1.2167 | LR: 2.80e-04
2026-04-20 19:11:25,052 INFO Epoch 6 | Batch 900 | Loss: 0.9076 | LR: 2.80e-04
2026-04-20 19:11:33,866 INFO Epoch 6 | Batch 950 | Loss: 1.5607 | LR: 2.79e-04
2026-04-20 19:11:42,738 INFO Epoch 6 | Batch 1000 | Loss: 1.1210 | LR: 2.79e-04
2026-04-20 19:11:51,479 INFO Epoch 6 | Batch 1050 | Loss: 1.3216 | LR: 2.79e-04
2026-04-20 19:12:00,323 INFO Epoch 6 | Batch 1100 | Loss: 1.3176 | LR: 2.78e-04
2026-04-20 19:12:09,241 INFO Epoch 6 | Batch 1150 | Loss: 1.0819 | LR: 2.78e-04
2026-04-20 19:12:17,942 INFO Epoch 6 | Batch 1200 | Loss: 1.0148 | LR: 2.78e-04
2026-04-20 19:12:38,063 INFO Epoch 6 | Train: 1.1476 | Dev CER: 0.2137 | Dev WER: 0.5761 | Time: 233s | Peak: 21.3 GB
2026-04-20 19:12:38,063 INFO   New best CER: 0.2137
2026-04-20 19:12:41,240 INFO Epoch 7 | Batch 0 | Loss: 1.2592 | LR: 2.77e-04
2026-04-20 19:12:50,063 INFO Epoch 7 | Batch 50 | Loss: 1.2990 | LR: 2.77e-04
2026-04-20 19:12:58,766 INFO Epoch 7 | Batch 100 | Loss: 1.0033 | LR: 2.77e-04
2026-04-20 19:13:07,554 INFO Epoch 7 | Batch 150 | Loss: 1.1651 | LR: 2.76e-04
2026-04-20 19:13:16,582 INFO Epoch 7 | Batch 200 | Loss: 0.9664 | LR: 2.76e-04
2026-04-20 19:13:25,317 INFO Epoch 7 | Batch 250 | Loss: 1.1672 | LR: 2.76e-04
2026-04-20 19:13:34,191 INFO Epoch 7 | Batch 300 | Loss: 1.0275 | LR: 2.75e-04
2026-04-20 19:13:43,015 INFO Epoch 7 | Batch 350 | Loss: 1.2795 | LR: 2.75e-04
2026-04-20 19:13:51,855 INFO Epoch 7 | Batch 400 | Loss: 0.9747 | LR: 2.74e-04
2026-04-20 19:14:00,647 INFO Epoch 7 | Batch 450 | Loss: 1.2630 | LR: 2.74e-04
2026-04-20 19:14:09,422 INFO Epoch 7 | Batch 500 | Loss: 1.2747 | LR: 2.74e-04
2026-04-20 19:14:18,109 INFO Epoch 7 | Batch 550 | Loss: 0.9568 | LR: 2.73e-04
2026-04-20 19:14:26,850 INFO Epoch 7 | Batch 600 | Loss: 1.0747 | LR: 2.73e-04
2026-04-20 19:14:35,630 INFO Epoch 7 | Batch 650 | Loss: 1.3065 | LR: 2.73e-04
2026-04-20 19:14:44,406 INFO Epoch 7 | Batch 700 | Loss: 1.1696 | LR: 2.72e-04
2026-04-20 19:14:53,165 INFO Epoch 7 | Batch 750 | Loss: 1.2840 | LR: 2.72e-04
2026-04-20 19:15:01,914 INFO Epoch 7 | Batch 800 | Loss: 1.5005 | LR: 2.71e-04
2026-04-20 19:15:10,775 INFO Epoch 7 | Batch 850 | Loss: 1.2931 | LR: 2.71e-04
2026-04-20 19:15:19,664 INFO Epoch 7 | Batch 900 | Loss: 1.0108 | LR: 2.71e-04
2026-04-20 19:15:28,841 INFO Epoch 7 | Batch 950 | Loss: 0.9872 | LR: 2.70e-04
2026-04-20 19:15:37,644 INFO Epoch 7 | Batch 1000 | Loss: 0.9018 | LR: 2.70e-04
2026-04-20 19:15:46,600 INFO Epoch 7 | Batch 1050 | Loss: 1.2890 | LR: 2.69e-04
2026-04-20 19:15:55,471 INFO Epoch 7 | Batch 1100 | Loss: 1.5491 | LR: 2.69e-04
2026-04-20 19:16:04,389 INFO Epoch 7 | Batch 1150 | Loss: 0.9591 | LR: 2.69e-04
2026-04-20 19:16:13,214 INFO Epoch 7 | Batch 1200 | Loss: 0.7140 | LR: 2.68e-04
2026-04-20 19:16:29,986 INFO Epoch 7 | Train: 1.1006 | Dev CER: 0.2009 | Dev WER: 0.5441 | Time: 231s | Peak: 21.3 GB
2026-04-20 19:16:29,986 INFO   New best CER: 0.2009
2026-04-20 19:16:33,428 INFO Epoch 8 | Batch 0 | Loss: 1.0186 | LR: 2.68e-04
2026-04-20 19:16:42,264 INFO Epoch 8 | Batch 50 | Loss: 1.1549 | LR: 2.68e-04
2026-04-20 19:16:51,063 INFO Epoch 8 | Batch 100 | Loss: 1.1127 | LR: 2.67e-04
2026-04-20 19:16:59,932 INFO Epoch 8 | Batch 150 | Loss: 1.2845 | LR: 2.67e-04
2026-04-20 19:17:08,711 INFO Epoch 8 | Batch 200 | Loss: 1.0347 | LR: 2.66e-04
2026-04-20 19:17:17,711 INFO Epoch 8 | Batch 250 | Loss: 1.2754 | LR: 2.66e-04
2026-04-20 19:17:26,515 INFO Epoch 8 | Batch 300 | Loss: 0.9481 | LR: 2.66e-04
2026-04-20 19:17:35,537 INFO Epoch 8 | Batch 350 | Loss: 1.3163 | LR: 2.65e-04
2026-04-20 19:17:44,381 INFO Epoch 8 | Batch 400 | Loss: 0.8938 | LR: 2.65e-04
2026-04-20 19:17:53,285 INFO Epoch 8 | Batch 450 | Loss: 1.1872 | LR: 2.64e-04
2026-04-20 19:18:02,010 INFO Epoch 8 | Batch 500 | Loss: 1.0021 | LR: 2.64e-04
2026-04-20 19:18:10,880 INFO Epoch 8 | Batch 550 | Loss: 1.0359 | LR: 2.63e-04
2026-04-20 19:18:19,790 INFO Epoch 8 | Batch 600 | Loss: 0.8353 | LR: 2.63e-04
2026-04-20 19:18:28,670 INFO Epoch 8 | Batch 650 | Loss: 1.0026 | LR: 2.63e-04
2026-04-20 19:18:37,450 INFO Epoch 8 | Batch 700 | Loss: 0.8900 | LR: 2.62e-04
2026-04-20 19:18:46,330 INFO Epoch 8 | Batch 750 | Loss: 0.8218 | LR: 2.62e-04
2026-04-20 19:18:55,180 INFO Epoch 8 | Batch 800 | Loss: 1.0737 | LR: 2.61e-04
2026-04-20 19:19:03,895 INFO Epoch 8 | Batch 850 | Loss: 0.7987 | LR: 2.61e-04
2026-04-20 19:19:12,847 INFO Epoch 8 | Batch 900 | Loss: 1.1516 | LR: 2.60e-04
2026-04-20 19:19:21,829 INFO Epoch 8 | Batch 950 | Loss: 1.0799 | LR: 2.60e-04
2026-04-20 19:19:30,772 INFO Epoch 8 | Batch 1000 | Loss: 0.8671 | LR: 2.60e-04
2026-04-20 19:19:39,656 INFO Epoch 8 | Batch 1050 | Loss: 0.9331 | LR: 2.59e-04
2026-04-20 19:19:48,513 INFO Epoch 8 | Batch 1100 | Loss: 0.9287 | LR: 2.59e-04
2026-04-20 19:19:57,321 INFO Epoch 8 | Batch 1150 | Loss: 0.8556 | LR: 2.58e-04
2026-04-20 19:20:06,117 INFO Epoch 8 | Batch 1200 | Loss: 0.8792 | LR: 2.58e-04
2026-04-20 19:20:28,506 INFO Epoch 8 | Train: 1.0461 | Dev CER: 0.1861 | Dev WER: 0.5216 | Time: 238s | Peak: 21.3 GB
2026-04-20 19:20:28,506 INFO   New best CER: 0.1861
2026-04-20 19:20:31,655 INFO Epoch 9 | Batch 0 | Loss: 1.0070 | LR: 2.57e-04
2026-04-20 19:20:40,415 INFO Epoch 9 | Batch 50 | Loss: 1.0518 | LR: 2.57e-04
2026-04-20 19:20:49,151 INFO Epoch 9 | Batch 100 | Loss: 0.9248 | LR: 2.56e-04
2026-04-20 19:20:57,852 INFO Epoch 9 | Batch 150 | Loss: 1.0658 | LR: 2.56e-04
2026-04-20 19:21:06,708 INFO Epoch 9 | Batch 200 | Loss: 0.9555 | LR: 2.56e-04
2026-04-20 19:21:15,537 INFO Epoch 9 | Batch 250 | Loss: 1.0779 | LR: 2.55e-04
2026-04-20 19:21:24,391 INFO Epoch 9 | Batch 300 | Loss: 0.9317 | LR: 2.55e-04
2026-04-20 19:21:33,158 INFO Epoch 9 | Batch 350 | Loss: 1.2149 | LR: 2.54e-04
2026-04-20 19:21:41,937 INFO Epoch 9 | Batch 400 | Loss: 0.8815 | LR: 2.54e-04
2026-04-20 19:21:50,633 INFO Epoch 9 | Batch 450 | Loss: 0.7949 | LR: 2.53e-04
2026-04-20 19:21:59,460 INFO Epoch 9 | Batch 500 | Loss: 0.8671 | LR: 2.53e-04
2026-04-20 19:22:08,305 INFO Epoch 9 | Batch 550 | Loss: 0.7691 | LR: 2.52e-04
2026-04-20 19:22:17,105 INFO Epoch 9 | Batch 600 | Loss: 0.8617 | LR: 2.52e-04
2026-04-20 19:22:25,784 INFO Epoch 9 | Batch 650 | Loss: 1.0803 | LR: 2.51e-04
2026-04-20 19:22:34,505 INFO Epoch 9 | Batch 700 | Loss: 0.7826 | LR: 2.51e-04
2026-04-20 19:22:43,272 INFO Epoch 9 | Batch 750 | Loss: 0.9695 | LR: 2.50e-04
2026-04-20 19:22:51,982 INFO Epoch 9 | Batch 800 | Loss: 1.0137 | LR: 2.50e-04
2026-04-20 19:23:00,799 INFO Epoch 9 | Batch 850 | Loss: 1.2202 | LR: 2.49e-04
2026-04-20 19:23:09,512 INFO Epoch 9 | Batch 900 | Loss: 1.1651 | LR: 2.49e-04
2026-04-20 19:23:18,239 INFO Epoch 9 | Batch 950 | Loss: 1.0142 | LR: 2.48e-04
2026-04-20 19:23:27,000 INFO Epoch 9 | Batch 1000 | Loss: 0.9432 | LR: 2.48e-04
2026-04-20 19:23:35,868 INFO Epoch 9 | Batch 1050 | Loss: 1.1545 | LR: 2.47e-04
2026-04-20 19:23:44,697 INFO Epoch 9 | Batch 1100 | Loss: 0.8695 | LR: 2.47e-04
2026-04-20 19:23:53,556 INFO Epoch 9 | Batch 1150 | Loss: 0.8236 | LR: 2.46e-04
2026-04-20 19:24:02,282 INFO Epoch 9 | Batch 1200 | Loss: 0.9783 | LR: 2.46e-04
2026-04-20 19:24:22,873 INFO Epoch 9 | Train: 1.0117 | Dev CER: 0.1787 | Dev WER: 0.5047 | Time: 234s | Peak: 21.3 GB
2026-04-20 19:24:22,874 INFO   New best CER: 0.1787
2026-04-20 19:24:26,219 INFO Epoch 10 | Batch 0 | Loss: 0.9728 | LR: 2.46e-04
2026-04-20 19:24:35,091 INFO Epoch 10 | Batch 50 | Loss: 0.9993 | LR: 2.45e-04
2026-04-20 19:24:43,703 INFO Epoch 10 | Batch 100 | Loss: 0.8817 | LR: 2.45e-04
2026-04-20 19:24:52,483 INFO Epoch 10 | Batch 150 | Loss: 0.9821 | LR: 2.44e-04
2026-04-20 19:25:01,302 INFO Epoch 10 | Batch 200 | Loss: 0.9305 | LR: 2.44e-04
2026-04-20 19:25:10,049 INFO Epoch 10 | Batch 250 | Loss: 0.8168 | LR: 2.43e-04
2026-04-20 19:25:18,700 INFO Epoch 10 | Batch 300 | Loss: 0.8293 | LR: 2.43e-04
2026-04-20 19:25:27,315 INFO Epoch 10 | Batch 350 | Loss: 0.7747 | LR: 2.42e-04
2026-04-20 19:25:36,000 INFO Epoch 10 | Batch 400 | Loss: 0.6259 | LR: 2.41e-04
2026-04-20 19:25:44,657 INFO Epoch 10 | Batch 450 | Loss: 1.0456 | LR: 2.41e-04
2026-04-20 19:25:53,505 INFO Epoch 10 | Batch 500 | Loss: 0.7898 | LR: 2.40e-04
2026-04-20 19:26:02,257 INFO Epoch 10 | Batch 550 | Loss: 0.8989 | LR: 2.40e-04
2026-04-20 19:26:10,971 INFO Epoch 10 | Batch 600 | Loss: 1.0632 | LR: 2.39e-04
2026-04-20 19:26:19,726 INFO Epoch 10 | Batch 650 | Loss: 0.9640 | LR: 2.39e-04
2026-04-20 19:26:28,252 INFO Epoch 10 | Batch 700 | Loss: 1.4831 | LR: 2.38e-04
2026-04-20 19:26:36,983 INFO Epoch 10 | Batch 750 | Loss: 0.6649 | LR: 2.38e-04
2026-04-20 19:26:45,619 INFO Epoch 10 | Batch 800 | Loss: 1.5603 | LR: 2.37e-04
2026-04-20 19:26:54,792 INFO Epoch 10 | Batch 850 | Loss: 0.7761 | LR: 2.37e-04
2026-04-20 19:27:03,471 INFO Epoch 10 | Batch 900 | Loss: 0.7888 | LR: 2.36e-04
2026-04-20 19:27:12,202 INFO Epoch 10 | Batch 950 | Loss: 0.8674 | LR: 2.36e-04
2026-04-20 19:27:21,110 INFO Epoch 10 | Batch 1000 | Loss: 0.8163 | LR: 2.35e-04
2026-04-20 19:27:29,926 INFO Epoch 10 | Batch 1050 | Loss: 0.8636 | LR: 2.35e-04
2026-04-20 19:27:38,705 INFO Epoch 10 | Batch 1100 | Loss: 0.7659 | LR: 2.34e-04
2026-04-20 19:27:47,356 INFO Epoch 10 | Batch 1150 | Loss: 0.8577 | LR: 2.34e-04
2026-04-20 19:27:56,101 INFO Epoch 10 | Batch 1200 | Loss: 0.8874 | LR: 2.33e-04
2026-04-20 19:28:18,682 INFO Epoch 10 | Train: 0.9676 | Dev CER: 0.1692 | Dev WER: 0.4775 | Time: 235s | Peak: 21.3 GB
2026-04-20 19:28:18,682 INFO   New best CER: 0.1692
2026-04-20 19:28:21,985 INFO Epoch 11 | Batch 0 | Loss: 0.9809 | LR: 2.33e-04
2026-04-20 19:28:30,836 INFO Epoch 11 | Batch 50 | Loss: 0.8750 | LR: 2.32e-04
2026-04-20 19:28:39,677 INFO Epoch 11 | Batch 100 | Loss: 0.6750 | LR: 2.32e-04
2026-04-20 19:28:48,397 INFO Epoch 11 | Batch 150 | Loss: 0.6838 | LR: 2.31e-04
2026-04-20 19:28:57,167 INFO Epoch 11 | Batch 200 | Loss: 1.1785 | LR: 2.30e-04
2026-04-20 19:29:06,007 INFO Epoch 11 | Batch 250 | Loss: 1.0270 | LR: 2.30e-04
2026-04-20 19:29:15,050 INFO Epoch 11 | Batch 300 | Loss: 1.0946 | LR: 2.29e-04
2026-04-20 19:29:23,849 INFO Epoch 11 | Batch 350 | Loss: 1.1028 | LR: 2.29e-04
2026-04-20 19:29:32,703 INFO Epoch 11 | Batch 400 | Loss: 0.6258 | LR: 2.28e-04
2026-04-20 19:29:41,410 INFO Epoch 11 | Batch 450 | Loss: 0.6437 | LR: 2.28e-04
2026-04-20 19:29:50,232 INFO Epoch 11 | Batch 500 | Loss: 0.9197 | LR: 2.27e-04
2026-04-20 19:29:58,849 INFO Epoch 11 | Batch 550 | Loss: 0.9851 | LR: 2.27e-04
2026-04-20 19:30:07,659 INFO Epoch 11 | Batch 600 | Loss: 0.9310 | LR: 2.26e-04
2026-04-20 19:30:16,531 INFO Epoch 11 | Batch 650 | Loss: 1.3233 | LR: 2.25e-04
2026-04-20 19:30:25,389 INFO Epoch 11 | Batch 700 | Loss: 0.8848 | LR: 2.25e-04
2026-04-20 19:30:34,171 INFO Epoch 11 | Batch 750 | Loss: 0.9158 | LR: 2.24e-04
2026-04-20 19:30:42,934 INFO Epoch 11 | Batch 800 | Loss: 1.0625 | LR: 2.24e-04
2026-04-20 19:30:51,821 INFO Epoch 11 | Batch 850 | Loss: 0.8703 | LR: 2.23e-04
2026-04-20 19:31:00,590 INFO Epoch 11 | Batch 900 | Loss: 0.8251 | LR: 2.23e-04
2026-04-20 19:31:09,407 INFO Epoch 11 | Batch 950 | Loss: 0.6867 | LR: 2.22e-04
2026-04-20 19:31:18,185 INFO Epoch 11 | Batch 1000 | Loss: 0.7927 | LR: 2.21e-04
2026-04-20 19:31:27,078 INFO Epoch 11 | Batch 1050 | Loss: 0.9809 | LR: 2.21e-04
2026-04-20 19:31:35,971 INFO Epoch 11 | Batch 1100 | Loss: 0.8787 | LR: 2.20e-04
2026-04-20 19:31:44,807 INFO Epoch 11 | Batch 1150 | Loss: 0.9684 | LR: 2.20e-04
2026-04-20 19:31:53,617 INFO Epoch 11 | Batch 1200 | Loss: 0.7283 | LR: 2.19e-04
2026-04-20 19:32:12,619 INFO Epoch 11 | Train: 0.9370 | Dev CER: 0.1630 | Dev WER: 0.4639 | Time: 233s | Peak: 21.3 GB
2026-04-20 19:32:12,620 INFO   New best CER: 0.1630
2026-04-20 19:32:15,914 INFO Epoch 12 | Batch 0 | Loss: 0.8637 | LR: 2.19e-04
2026-04-20 19:32:24,712 INFO Epoch 12 | Batch 50 | Loss: 1.8599 | LR: 2.18e-04
2026-04-20 19:32:33,391 INFO Epoch 12 | Batch 100 | Loss: 1.5608 | LR: 2.18e-04
2026-04-20 19:32:42,290 INFO Epoch 12 | Batch 150 | Loss: 0.8682 | LR: 2.17e-04
2026-04-20 19:32:51,252 INFO Epoch 12 | Batch 200 | Loss: 0.6782 | LR: 2.16e-04
2026-04-20 19:33:00,280 INFO Epoch 12 | Batch 250 | Loss: 0.8869 | LR: 2.16e-04
2026-04-20 19:33:09,161 INFO Epoch 12 | Batch 300 | Loss: 0.6758 | LR: 2.15e-04
2026-04-20 19:33:17,985 INFO Epoch 12 | Batch 350 | Loss: 1.0457 | LR: 2.15e-04
2026-04-20 19:33:26,906 INFO Epoch 12 | Batch 400 | Loss: 0.8937 | LR: 2.14e-04
2026-04-20 19:33:35,632 INFO Epoch 12 | Batch 450 | Loss: 0.8436 | LR: 2.13e-04
2026-04-20 19:33:44,439 INFO Epoch 12 | Batch 500 | Loss: 0.7547 | LR: 2.13e-04
2026-04-20 19:33:53,276 INFO Epoch 12 | Batch 550 | Loss: 1.1214 | LR: 2.12e-04
2026-04-20 19:34:02,104 INFO Epoch 12 | Batch 600 | Loss: 0.8591 | LR: 2.12e-04
2026-04-20 19:34:10,937 INFO Epoch 12 | Batch 650 | Loss: 1.0179 | LR: 2.11e-04
2026-04-20 19:34:19,609 INFO Epoch 12 | Batch 700 | Loss: 0.9635 | LR: 2.11e-04
2026-04-20 19:34:28,424 INFO Epoch 12 | Batch 750 | Loss: 0.6063 | LR: 2.10e-04
2026-04-20 19:34:37,134 INFO Epoch 12 | Batch 800 | Loss: 0.7777 | LR: 2.09e-04
2026-04-20 19:34:45,862 INFO Epoch 12 | Batch 850 | Loss: 0.8421 | LR: 2.09e-04
2026-04-20 19:34:54,746 INFO Epoch 12 | Batch 900 | Loss: 0.9398 | LR: 2.08e-04
2026-04-20 19:35:03,446 INFO Epoch 12 | Batch 950 | Loss: 1.1063 | LR: 2.08e-04
2026-04-20 19:35:12,273 INFO Epoch 12 | Batch 1000 | Loss: 1.0216 | LR: 2.07e-04
2026-04-20 19:35:21,080 INFO Epoch 12 | Batch 1050 | Loss: 0.8922 | LR: 2.06e-04
2026-04-20 19:35:29,919 INFO Epoch 12 | Batch 1100 | Loss: 0.8423 | LR: 2.06e-04
2026-04-20 19:35:38,691 INFO Epoch 12 | Batch 1150 | Loss: 0.7834 | LR: 2.05e-04
2026-04-20 19:35:47,473 INFO Epoch 12 | Batch 1200 | Loss: 1.0961 | LR: 2.04e-04
2026-04-20 19:36:03,375 INFO Epoch 12 | Train: 0.9168 | Dev CER: 0.1544 | Dev WER: 0.4455 | Time: 230s | Peak: 21.3 GB
2026-04-20 19:36:03,375 INFO   New best CER: 0.1544
2026-04-20 19:36:07,056 INFO Epoch 13 | Batch 0 | Loss: 0.9257 | LR: 2.04e-04
2026-04-20 19:36:15,927 INFO Epoch 13 | Batch 50 | Loss: 0.6999 | LR: 2.03e-04
2026-04-20 19:36:24,792 INFO Epoch 13 | Batch 100 | Loss: 0.7367 | LR: 2.03e-04
2026-04-20 19:36:33,671 INFO Epoch 13 | Batch 150 | Loss: 0.6989 | LR: 2.02e-04
2026-04-20 19:36:42,518 INFO Epoch 13 | Batch 200 | Loss: 0.7965 | LR: 2.02e-04
2026-04-20 19:36:51,332 INFO Epoch 13 | Batch 250 | Loss: 0.9974 | LR: 2.01e-04
2026-04-20 19:37:00,204 INFO Epoch 13 | Batch 300 | Loss: 0.7688 | LR: 2.00e-04
2026-04-20 19:37:08,931 INFO Epoch 13 | Batch 350 | Loss: 0.9916 | LR: 2.00e-04
2026-04-20 19:37:17,844 INFO Epoch 13 | Batch 400 | Loss: 0.8291 | LR: 1.99e-04
2026-04-20 19:37:26,718 INFO Epoch 13 | Batch 450 | Loss: 0.8405 | LR: 1.99e-04
2026-04-20 19:37:35,399 INFO Epoch 13 | Batch 500 | Loss: 0.7009 | LR: 1.98e-04
2026-04-20 19:37:44,211 INFO Epoch 13 | Batch 550 | Loss: 0.7122 | LR: 1.97e-04
2026-04-20 19:37:53,003 INFO Epoch 13 | Batch 600 | Loss: 0.7674 | LR: 1.97e-04
2026-04-20 19:38:01,857 INFO Epoch 13 | Batch 650 | Loss: 0.9245 | LR: 1.96e-04
2026-04-20 19:38:10,637 INFO Epoch 13 | Batch 700 | Loss: 0.9434 | LR: 1.95e-04
2026-04-20 19:38:19,443 INFO Epoch 13 | Batch 750 | Loss: 0.9261 | LR: 1.95e-04
2026-04-20 19:38:28,249 INFO Epoch 13 | Batch 800 | Loss: 0.7425 | LR: 1.94e-04
2026-04-20 19:38:36,923 INFO Epoch 13 | Batch 850 | Loss: 1.2939 | LR: 1.94e-04
2026-04-20 19:38:45,869 INFO Epoch 13 | Batch 900 | Loss: 0.9908 | LR: 1.93e-04
2026-04-20 19:38:54,453 INFO Epoch 13 | Batch 950 | Loss: 0.8746 | LR: 1.92e-04
2026-04-20 19:39:03,342 INFO Epoch 13 | Batch 1000 | Loss: 0.8130 | LR: 1.92e-04
2026-04-20 19:39:11,913 INFO Epoch 13 | Batch 1050 | Loss: 0.6867 | LR: 1.91e-04
2026-04-20 19:39:20,669 INFO Epoch 13 | Batch 1100 | Loss: 1.4388 | LR: 1.90e-04
2026-04-20 19:39:29,312 INFO Epoch 13 | Batch 1150 | Loss: 0.9931 | LR: 1.90e-04
2026-04-20 19:39:37,917 INFO Epoch 13 | Batch 1200 | Loss: 1.2526 | LR: 1.89e-04
2026-04-20 19:39:59,892 INFO Epoch 13 | Train: 0.8850 | Dev CER: 0.1506 | Dev WER: 0.4355 | Time: 236s | Peak: 21.3 GB
2026-04-20 19:39:59,893 INFO   New best CER: 0.1506
2026-04-20 19:40:03,186 INFO Epoch 14 | Batch 0 | Loss: 0.9292 | LR: 1.89e-04
2026-04-20 19:40:12,107 INFO Epoch 14 | Batch 50 | Loss: 1.1709 | LR: 1.88e-04
2026-04-20 19:40:20,821 INFO Epoch 14 | Batch 100 | Loss: 0.7984 | LR: 1.87e-04
2026-04-20 19:40:29,498 INFO Epoch 14 | Batch 150 | Loss: 0.7783 | LR: 1.87e-04
2026-04-20 19:40:38,061 INFO Epoch 14 | Batch 200 | Loss: 0.8450 | LR: 1.86e-04
2026-04-20 19:40:46,651 INFO Epoch 14 | Batch 250 | Loss: 0.9740 | LR: 1.86e-04
2026-04-20 19:40:55,343 INFO Epoch 14 | Batch 300 | Loss: 0.7070 | LR: 1.85e-04
2026-04-20 19:41:04,047 INFO Epoch 14 | Batch 350 | Loss: 0.9323 | LR: 1.84e-04
2026-04-20 19:41:12,864 INFO Epoch 14 | Batch 400 | Loss: 0.8588 | LR: 1.84e-04
2026-04-20 19:41:21,511 INFO Epoch 14 | Batch 450 | Loss: 0.9323 | LR: 1.83e-04
2026-04-20 19:41:30,019 INFO Epoch 14 | Batch 500 | Loss: 0.8761 | LR: 1.82e-04
2026-04-20 19:41:38,616 INFO Epoch 14 | Batch 550 | Loss: 0.8539 | LR: 1.82e-04
2026-04-20 19:41:47,231 INFO Epoch 14 | Batch 600 | Loss: 0.9993 | LR: 1.81e-04
2026-04-20 19:41:55,785 INFO Epoch 14 | Batch 650 | Loss: 0.7760 | LR: 1.81e-04
2026-04-20 19:42:04,333 INFO Epoch 14 | Batch 700 | Loss: 0.8488 | LR: 1.80e-04
2026-04-20 19:42:12,951 INFO Epoch 14 | Batch 750 | Loss: 0.7276 | LR: 1.79e-04
2026-04-20 19:42:21,483 INFO Epoch 14 | Batch 800 | Loss: 0.8254 | LR: 1.79e-04
2026-04-20 19:42:30,061 INFO Epoch 14 | Batch 850 | Loss: 0.7470 | LR: 1.78e-04
2026-04-20 19:42:38,781 INFO Epoch 14 | Batch 900 | Loss: 0.8049 | LR: 1.77e-04
2026-04-20 19:42:47,529 INFO Epoch 14 | Batch 950 | Loss: 0.8908 | LR: 1.77e-04
2026-04-20 19:42:56,259 INFO Epoch 14 | Batch 1000 | Loss: 0.7438 | LR: 1.76e-04
2026-04-20 19:43:05,247 INFO Epoch 14 | Batch 1050 | Loss: 0.9604 | LR: 1.75e-04
2026-04-20 19:43:14,110 INFO Epoch 14 | Batch 1100 | Loss: 0.7656 | LR: 1.75e-04
2026-04-20 19:43:22,754 INFO Epoch 14 | Batch 1150 | Loss: 0.9004 | LR: 1.74e-04
2026-04-20 19:43:31,320 INFO Epoch 14 | Batch 1200 | Loss: 0.9062 | LR: 1.73e-04
2026-04-20 19:43:50,595 INFO Epoch 14 | Train: 0.8715 | Dev CER: 0.1469 | Dev WER: 0.4231 | Time: 230s | Peak: 21.3 GB
2026-04-20 19:43:50,595 INFO   New best CER: 0.1469
2026-04-20 19:43:53,848 INFO Epoch 15 | Batch 0 | Loss: 0.7334 | LR: 1.73e-04
2026-04-20 19:44:02,607 INFO Epoch 15 | Batch 50 | Loss: 0.8623 | LR: 1.72e-04
2026-04-20 19:44:11,164 INFO Epoch 15 | Batch 100 | Loss: 0.6623 | LR: 1.72e-04
2026-04-20 19:44:19,800 INFO Epoch 15 | Batch 150 | Loss: 0.6636 | LR: 1.71e-04
2026-04-20 19:44:28,726 INFO Epoch 15 | Batch 200 | Loss: 0.9812 | LR: 1.70e-04
2026-04-20 19:44:37,360 INFO Epoch 15 | Batch 250 | Loss: 0.7014 | LR: 1.70e-04
2026-04-20 19:44:46,019 INFO Epoch 15 | Batch 300 | Loss: 0.8455 | LR: 1.69e-04
2026-04-20 19:44:54,688 INFO Epoch 15 | Batch 350 | Loss: 0.7170 | LR: 1.68e-04
2026-04-20 19:45:03,271 INFO Epoch 15 | Batch 400 | Loss: 0.7083 | LR: 1.68e-04
2026-04-20 19:45:12,057 INFO Epoch 15 | Batch 450 | Loss: 0.6309 | LR: 1.67e-04
2026-04-20 19:45:20,864 INFO Epoch 15 | Batch 500 | Loss: 0.9348 | LR: 1.67e-04
2026-04-20 19:45:29,555 INFO Epoch 15 | Batch 550 | Loss: 0.6916 | LR: 1.66e-04
2026-04-20 19:45:38,292 INFO Epoch 15 | Batch 600 | Loss: 0.6280 | LR: 1.65e-04
2026-04-20 19:45:46,975 INFO Epoch 15 | Batch 650 | Loss: 0.6414 | LR: 1.65e-04
2026-04-20 19:45:55,611 INFO Epoch 15 | Batch 700 | Loss: 0.8355 | LR: 1.64e-04
2026-04-20 19:46:04,232 INFO Epoch 15 | Batch 750 | Loss: 0.8275 | LR: 1.63e-04
2026-04-20 19:46:12,976 INFO Epoch 15 | Batch 800 | Loss: 0.8511 | LR: 1.63e-04
2026-04-20 19:46:21,615 INFO Epoch 15 | Batch 850 | Loss: 0.6511 | LR: 1.62e-04
2026-04-20 19:46:30,573 INFO Epoch 15 | Batch 900 | Loss: 0.9675 | LR: 1.61e-04
2026-04-20 19:46:39,328 INFO Epoch 15 | Batch 950 | Loss: 0.8760 | LR: 1.61e-04
2026-04-20 19:46:48,157 INFO Epoch 15 | Batch 1000 | Loss: 0.7553 | LR: 1.60e-04
2026-04-20 19:46:57,351 INFO Epoch 15 | Batch 1050 | Loss: 0.6793 | LR: 1.59e-04
2026-04-20 19:47:05,945 INFO Epoch 15 | Batch 1100 | Loss: 0.8471 | LR: 1.59e-04
2026-04-20 19:47:14,765 INFO Epoch 15 | Batch 1150 | Loss: 0.8839 | LR: 1.58e-04
2026-04-20 19:47:23,759 INFO Epoch 15 | Batch 1200 | Loss: 0.9787 | LR: 1.57e-04
2026-04-20 19:47:46,861 INFO Epoch 15 | Train: 0.8488 | Dev CER: 0.1448 | Dev WER: 0.4183 | Time: 236s | Peak: 21.3 GB
2026-04-20 19:47:46,861 INFO   New best CER: 0.1448
2026-04-20 19:47:50,245 INFO Epoch 16 | Batch 0 | Loss: 0.7362 | LR: 1.57e-04
2026-04-20 19:47:59,111 INFO Epoch 16 | Batch 50 | Loss: 0.7454 | LR: 1.56e-04
2026-04-20 19:48:07,856 INFO Epoch 16 | Batch 100 | Loss: 1.0587 | LR: 1.56e-04
2026-04-20 19:48:16,642 INFO Epoch 16 | Batch 150 | Loss: 0.7093 | LR: 1.55e-04
2026-04-20 19:48:25,253 INFO Epoch 16 | Batch 200 | Loss: 0.6066 | LR: 1.54e-04
2026-04-20 19:48:33,923 INFO Epoch 16 | Batch 250 | Loss: 0.8837 | LR: 1.54e-04
2026-04-20 19:48:42,706 INFO Epoch 16 | Batch 300 | Loss: 0.9367 | LR: 1.53e-04
2026-04-20 19:48:51,370 INFO Epoch 16 | Batch 350 | Loss: 0.7138 | LR: 1.52e-04
2026-04-20 19:49:00,200 INFO Epoch 16 | Batch 400 | Loss: 0.6774 | LR: 1.52e-04
2026-04-20 19:49:08,909 INFO Epoch 16 | Batch 450 | Loss: 0.7746 | LR: 1.51e-04
2026-04-20 19:49:17,641 INFO Epoch 16 | Batch 500 | Loss: 0.8022 | LR: 1.50e-04
2026-04-20 19:49:26,425 INFO Epoch 16 | Batch 550 | Loss: 0.7134 | LR: 1.50e-04
2026-04-20 19:49:35,118 INFO Epoch 16 | Batch 600 | Loss: 0.9668 | LR: 1.49e-04
2026-04-20 19:49:43,772 INFO Epoch 16 | Batch 650 | Loss: 0.7754 | LR: 1.49e-04
2026-04-20 19:49:52,891 INFO Epoch 16 | Batch 700 | Loss: 1.0066 | LR: 1.48e-04
2026-04-20 19:50:01,731 INFO Epoch 16 | Batch 750 | Loss: 0.8893 | LR: 1.47e-04
2026-04-20 19:50:10,400 INFO Epoch 16 | Batch 800 | Loss: 0.7194 | LR: 1.47e-04
2026-04-20 19:50:19,220 INFO Epoch 16 | Batch 850 | Loss: 0.6686 | LR: 1.46e-04
2026-04-20 19:50:27,898 INFO Epoch 16 | Batch 900 | Loss: 1.0904 | LR: 1.45e-04
2026-04-20 19:50:36,607 INFO Epoch 16 | Batch 950 | Loss: 0.6913 | LR: 1.45e-04
2026-04-20 19:50:45,248 INFO Epoch 16 | Batch 1000 | Loss: 0.7285 | LR: 1.44e-04
2026-04-20 19:50:53,873 INFO Epoch 16 | Batch 1050 | Loss: 0.7019 | LR: 1.43e-04
2026-04-20 19:51:02,575 INFO Epoch 16 | Batch 1100 | Loss: 0.7501 | LR: 1.43e-04
2026-04-20 19:51:11,223 INFO Epoch 16 | Batch 1150 | Loss: 0.7771 | LR: 1.42e-04
2026-04-20 19:51:19,844 INFO Epoch 16 | Batch 1200 | Loss: 0.6784 | LR: 1.41e-04
2026-04-20 19:51:41,963 INFO Epoch 16 | Train: 0.8324 | Dev CER: 0.1376 | Dev WER: 0.4050 | Time: 235s | Peak: 21.3 GB
2026-04-20 19:51:41,963 INFO   New best CER: 0.1376
2026-04-20 19:51:45,615 INFO Epoch 17 | Batch 0 | Loss: 0.6087 | LR: 1.41e-04
2026-04-20 19:51:54,563 INFO Epoch 17 | Batch 50 | Loss: 0.9687 | LR: 1.40e-04
2026-04-20 19:52:03,312 INFO Epoch 17 | Batch 100 | Loss: 0.7959 | LR: 1.40e-04
2026-04-20 19:52:11,924 INFO Epoch 17 | Batch 150 | Loss: 0.8541 | LR: 1.39e-04
2026-04-20 19:52:20,588 INFO Epoch 17 | Batch 200 | Loss: 0.7892 | LR: 1.38e-04
2026-04-20 19:52:29,220 INFO Epoch 17 | Batch 250 | Loss: 0.6729 | LR: 1.38e-04
2026-04-20 19:52:37,884 INFO Epoch 17 | Batch 300 | Loss: 0.7914 | LR: 1.37e-04
2026-04-20 19:52:46,403 INFO Epoch 17 | Batch 350 | Loss: 0.6130 | LR: 1.36e-04
2026-04-20 19:52:55,045 INFO Epoch 17 | Batch 400 | Loss: 0.7541 | LR: 1.36e-04
2026-04-20 19:53:03,888 INFO Epoch 17 | Batch 450 | Loss: 0.9571 | LR: 1.35e-04
2026-04-20 19:53:12,834 INFO Epoch 17 | Batch 500 | Loss: 0.8226 | LR: 1.34e-04
2026-04-20 19:53:21,424 INFO Epoch 17 | Batch 550 | Loss: 0.7463 | LR: 1.34e-04
2026-04-20 19:53:30,220 INFO Epoch 17 | Batch 600 | Loss: 0.7015 | LR: 1.33e-04
2026-04-20 19:53:38,913 INFO Epoch 17 | Batch 650 | Loss: 0.8648 | LR: 1.32e-04
2026-04-20 19:53:47,585 INFO Epoch 17 | Batch 700 | Loss: 0.6620 | LR: 1.32e-04
2026-04-20 19:53:56,232 INFO Epoch 17 | Batch 750 | Loss: 0.7810 | LR: 1.31e-04
2026-04-20 19:54:04,801 INFO Epoch 17 | Batch 800 | Loss: 0.6551 | LR: 1.31e-04
2026-04-20 19:54:13,577 INFO Epoch 17 | Batch 850 | Loss: 0.8840 | LR: 1.30e-04
2026-04-20 19:54:22,221 INFO Epoch 17 | Batch 900 | Loss: 0.6118 | LR: 1.29e-04
2026-04-20 19:54:31,010 INFO Epoch 17 | Batch 950 | Loss: 0.7929 | LR: 1.29e-04
2026-04-20 19:54:39,823 INFO Epoch 17 | Batch 1000 | Loss: 0.8035 | LR: 1.28e-04
2026-04-20 19:54:48,757 INFO Epoch 17 | Batch 1050 | Loss: 0.6568 | LR: 1.27e-04
2026-04-20 19:54:57,420 INFO Epoch 17 | Batch 1100 | Loss: 0.6916 | LR: 1.27e-04
2026-04-20 19:55:06,156 INFO Epoch 17 | Batch 1150 | Loss: 0.9388 | LR: 1.26e-04
2026-04-20 19:55:14,930 INFO Epoch 17 | Batch 1200 | Loss: 0.8317 | LR: 1.25e-04
2026-04-20 19:55:35,622 INFO Epoch 17 | Train: 0.8129 | Dev CER: 0.1365 | Dev WER: 0.4009 | Time: 233s | Peak: 21.3 GB
2026-04-20 19:55:35,623 INFO   New best CER: 0.1365
2026-04-20 19:55:38,964 INFO Epoch 18 | Batch 0 | Loss: 1.0793 | LR: 1.25e-04
2026-04-20 19:55:47,679 INFO Epoch 18 | Batch 50 | Loss: 0.7017 | LR: 1.24e-04
2026-04-20 19:55:56,586 INFO Epoch 18 | Batch 100 | Loss: 0.7085 | LR: 1.24e-04
2026-04-20 19:56:05,415 INFO Epoch 18 | Batch 150 | Loss: 0.9787 | LR: 1.23e-04
2026-04-20 19:56:14,286 INFO Epoch 18 | Batch 200 | Loss: 0.9903 | LR: 1.22e-04
2026-04-20 19:56:23,129 INFO Epoch 18 | Batch 250 | Loss: 0.6326 | LR: 1.22e-04
2026-04-20 19:56:31,907 INFO Epoch 18 | Batch 300 | Loss: 0.6927 | LR: 1.21e-04
2026-04-20 19:56:40,438 INFO Epoch 18 | Batch 350 | Loss: 0.5973 | LR: 1.20e-04
2026-04-20 19:56:49,058 INFO Epoch 18 | Batch 400 | Loss: 0.7861 | LR: 1.20e-04
2026-04-20 19:56:57,861 INFO Epoch 18 | Batch 450 | Loss: 0.6779 | LR: 1.19e-04
2026-04-20 19:57:06,534 INFO Epoch 18 | Batch 500 | Loss: 0.6706 | LR: 1.19e-04
2026-04-20 19:57:15,202 INFO Epoch 18 | Batch 550 | Loss: 0.5905 | LR: 1.18e-04
2026-04-20 19:57:23,884 INFO Epoch 18 | Batch 600 | Loss: 0.5217 | LR: 1.17e-04
2026-04-20 19:57:32,694 INFO Epoch 18 | Batch 650 | Loss: 1.1466 | LR: 1.17e-04
2026-04-20 19:57:41,307 INFO Epoch 18 | Batch 700 | Loss: 0.6241 | LR: 1.16e-04
2026-04-20 19:57:50,056 INFO Epoch 18 | Batch 750 | Loss: 0.7778 | LR: 1.15e-04
2026-04-20 19:57:58,946 INFO Epoch 18 | Batch 800 | Loss: 1.0002 | LR: 1.15e-04
2026-04-20 19:58:07,720 INFO Epoch 18 | Batch 850 | Loss: 0.9282 | LR: 1.14e-04
2026-04-20 19:58:16,449 INFO Epoch 18 | Batch 900 | Loss: 0.6652 | LR: 1.13e-04
2026-04-20 19:58:25,267 INFO Epoch 18 | Batch 950 | Loss: 0.8215 | LR: 1.13e-04
2026-04-20 19:58:34,023 INFO Epoch 18 | Batch 1000 | Loss: 0.8455 | LR: 1.12e-04
2026-04-20 19:58:42,761 INFO Epoch 18 | Batch 1050 | Loss: 0.8407 | LR: 1.12e-04
2026-04-20 19:58:51,475 INFO Epoch 18 | Batch 1100 | Loss: 0.9368 | LR: 1.11e-04
2026-04-20 19:59:00,260 INFO Epoch 18 | Batch 1150 | Loss: 1.2962 | LR: 1.10e-04
2026-04-20 19:59:09,041 INFO Epoch 18 | Batch 1200 | Loss: 0.7016 | LR: 1.10e-04
2026-04-20 19:59:24,578 INFO Epoch 18 | Train: 0.7938 | Dev CER: 0.1343 | Dev WER: 0.3923 | Time: 228s | Peak: 21.3 GB
2026-04-20 19:59:24,578 INFO   New best CER: 0.1343
2026-04-20 19:59:28,089 INFO Epoch 19 | Batch 0 | Loss: 1.0663 | LR: 1.09e-04
2026-04-20 19:59:36,783 INFO Epoch 19 | Batch 50 | Loss: 0.5478 | LR: 1.09e-04
2026-04-20 19:59:45,542 INFO Epoch 19 | Batch 100 | Loss: 0.7612 | LR: 1.08e-04
2026-04-20 19:59:54,337 INFO Epoch 19 | Batch 150 | Loss: 0.4719 | LR: 1.07e-04
2026-04-20 20:00:03,162 INFO Epoch 19 | Batch 200 | Loss: 0.6248 | LR: 1.07e-04
2026-04-20 20:00:12,045 INFO Epoch 19 | Batch 250 | Loss: 0.7340 | LR: 1.06e-04
2026-04-20 20:00:20,780 INFO Epoch 19 | Batch 300 | Loss: 0.7961 | LR: 1.06e-04
2026-04-20 20:00:29,804 INFO Epoch 19 | Batch 350 | Loss: 1.0931 | LR: 1.05e-04
2026-04-20 20:00:38,698 INFO Epoch 19 | Batch 400 | Loss: 0.7945 | LR: 1.04e-04
2026-04-20 20:00:47,444 INFO Epoch 19 | Batch 450 | Loss: 0.9293 | LR: 1.04e-04
2026-04-20 20:00:56,290 INFO Epoch 19 | Batch 500 | Loss: 1.1382 | LR: 1.03e-04
2026-04-20 20:01:05,148 INFO Epoch 19 | Batch 550 | Loss: 0.7458 | LR: 1.02e-04
2026-04-20 20:01:13,776 INFO Epoch 19 | Batch 600 | Loss: 0.7253 | LR: 1.02e-04
2026-04-20 20:01:22,460 INFO Epoch 19 | Batch 650 | Loss: 1.0919 | LR: 1.01e-04
2026-04-20 20:01:31,134 INFO Epoch 19 | Batch 700 | Loss: 0.7066 | LR: 1.01e-04
2026-04-20 20:01:39,996 INFO Epoch 19 | Batch 750 | Loss: 1.0097 | LR: 1.00e-04
2026-04-20 20:01:48,731 INFO Epoch 19 | Batch 800 | Loss: 0.6169 | LR: 9.94e-05
2026-04-20 20:01:57,439 INFO Epoch 19 | Batch 850 | Loss: 0.7974 | LR: 9.88e-05
2026-04-20 20:02:06,332 INFO Epoch 19 | Batch 900 | Loss: 0.7478 | LR: 9.81e-05
2026-04-20 20:02:15,148 INFO Epoch 19 | Batch 950 | Loss: 0.7349 | LR: 9.75e-05
2026-04-20 20:02:23,926 INFO Epoch 19 | Batch 1000 | Loss: 0.6847 | LR: 9.69e-05
2026-04-20 20:02:32,665 INFO Epoch 19 | Batch 1050 | Loss: 0.6791 | LR: 9.63e-05
2026-04-20 20:02:41,312 INFO Epoch 19 | Batch 1100 | Loss: 0.6755 | LR: 9.57e-05
2026-04-20 20:02:50,066 INFO Epoch 19 | Batch 1150 | Loss: 0.9932 | LR: 9.51e-05
2026-04-20 20:02:58,660 INFO Epoch 19 | Batch 1200 | Loss: 0.6022 | LR: 9.45e-05
2026-04-20 20:03:20,798 INFO Epoch 19 | Train: 0.7836 | Dev CER: 0.1308 | Dev WER: 0.3856 | Time: 236s | Peak: 21.3 GB
2026-04-20 20:03:20,798 INFO   New best CER: 0.1308
2026-04-20 20:03:24,356 INFO Epoch 20 | Batch 0 | Loss: 0.5538 | LR: 9.41e-05
2026-04-20 20:03:33,140 INFO Epoch 20 | Batch 50 | Loss: 0.7098 | LR: 9.35e-05
2026-04-20 20:03:42,002 INFO Epoch 20 | Batch 100 | Loss: 0.4393 | LR: 9.29e-05
2026-04-20 20:03:50,952 INFO Epoch 20 | Batch 150 | Loss: 0.8564 | LR: 9.23e-05
2026-04-20 20:03:59,807 INFO Epoch 20 | Batch 200 | Loss: 0.7281 | LR: 9.17e-05
2026-04-20 20:04:08,846 INFO Epoch 20 | Batch 250 | Loss: 0.8321 | LR: 9.11e-05
2026-04-20 20:04:17,499 INFO Epoch 20 | Batch 300 | Loss: 0.5363 | LR: 9.05e-05
2026-04-20 20:04:26,208 INFO Epoch 20 | Batch 350 | Loss: 0.9076 | LR: 8.99e-05
2026-04-20 20:04:34,728 INFO Epoch 20 | Batch 400 | Loss: 0.8073 | LR: 8.93e-05
2026-04-20 20:04:43,265 INFO Epoch 20 | Batch 450 | Loss: 0.7529 | LR: 8.87e-05
2026-04-20 20:04:51,830 INFO Epoch 20 | Batch 500 | Loss: 0.6947 | LR: 8.81e-05
2026-04-20 20:05:00,613 INFO Epoch 20 | Batch 550 | Loss: 0.6672 | LR: 8.75e-05
2026-04-20 20:05:09,717 INFO Epoch 20 | Batch 600 | Loss: 1.2828 | LR: 8.69e-05
2026-04-20 20:05:18,295 INFO Epoch 20 | Batch 650 | Loss: 0.6349 | LR: 8.63e-05
2026-04-20 20:05:26,962 INFO Epoch 20 | Batch 700 | Loss: 1.1032 | LR: 8.57e-05
2026-04-20 20:05:35,564 INFO Epoch 20 | Batch 750 | Loss: 0.6270 | LR: 8.52e-05
2026-04-20 20:05:44,262 INFO Epoch 20 | Batch 800 | Loss: 0.9846 | LR: 8.46e-05
2026-04-20 20:05:52,980 INFO Epoch 20 | Batch 850 | Loss: 0.7187 | LR: 8.40e-05
2026-04-20 20:06:01,683 INFO Epoch 20 | Batch 900 | Loss: 0.6089 | LR: 8.34e-05
2026-04-20 20:06:10,385 INFO Epoch 20 | Batch 950 | Loss: 0.6865 | LR: 8.28e-05
2026-04-20 20:06:19,158 INFO Epoch 20 | Batch 1000 | Loss: 0.9678 | LR: 8.22e-05
2026-04-20 20:06:27,801 INFO Epoch 20 | Batch 1050 | Loss: 0.7409 | LR: 8.17e-05
2026-04-20 20:06:36,467 INFO Epoch 20 | Batch 1100 | Loss: 1.0293 | LR: 8.11e-05
2026-04-20 20:06:45,138 INFO Epoch 20 | Batch 1150 | Loss: 1.0259 | LR: 8.05e-05
2026-04-20 20:06:54,101 INFO Epoch 20 | Batch 1200 | Loss: 0.5124 | LR: 7.99e-05
2026-04-20 20:07:11,912 INFO Epoch 20 | Train: 0.7770 | Dev CER: 0.1289 | Dev WER: 0.3801 | Time: 231s | Peak: 21.3 GB
2026-04-20 20:07:11,912 INFO   New best CER: 0.1289
2026-04-20 20:07:15,298 INFO Epoch 21 | Batch 0 | Loss: 0.7601 | LR: 7.95e-05
2026-04-20 20:07:23,956 INFO Epoch 21 | Batch 50 | Loss: 0.8282 | LR: 7.90e-05
2026-04-20 20:07:33,034 INFO Epoch 21 | Batch 100 | Loss: 0.8399 | LR: 7.84e-05
2026-04-20 20:07:41,707 INFO Epoch 21 | Batch 150 | Loss: 0.6421 | LR: 7.78e-05
2026-04-20 20:07:50,504 INFO Epoch 21 | Batch 200 | Loss: 0.5871 | LR: 7.72e-05
2026-04-20 20:07:59,335 INFO Epoch 21 | Batch 250 | Loss: 0.7212 | LR: 7.67e-05
2026-04-20 20:08:08,102 INFO Epoch 21 | Batch 300 | Loss: 0.7142 | LR: 7.61e-05
2026-04-20 20:08:16,989 INFO Epoch 21 | Batch 350 | Loss: 0.6195 | LR: 7.56e-05
2026-04-20 20:08:25,716 INFO Epoch 21 | Batch 400 | Loss: 0.6875 | LR: 7.50e-05
2026-04-20 20:08:34,392 INFO Epoch 21 | Batch 450 | Loss: 0.5886 | LR: 7.44e-05
2026-04-20 20:08:43,202 INFO Epoch 21 | Batch 500 | Loss: 0.8914 | LR: 7.39e-05
2026-04-20 20:08:51,887 INFO Epoch 21 | Batch 550 | Loss: 0.6768 | LR: 7.33e-05
2026-04-20 20:09:00,759 INFO Epoch 21 | Batch 600 | Loss: 0.6084 | LR: 7.28e-05
2026-04-20 20:09:09,624 INFO Epoch 21 | Batch 650 | Loss: 0.8228 | LR: 7.22e-05
2026-04-20 20:09:18,513 INFO Epoch 21 | Batch 700 | Loss: 1.0223 | LR: 7.16e-05
2026-04-20 20:09:27,316 INFO Epoch 21 | Batch 750 | Loss: 0.6160 | LR: 7.11e-05
2026-04-20 20:09:36,273 INFO Epoch 21 | Batch 800 | Loss: 1.0336 | LR: 7.05e-05
2026-04-20 20:09:45,221 INFO Epoch 21 | Batch 850 | Loss: 0.5546 | LR: 7.00e-05
2026-04-20 20:09:54,221 INFO Epoch 21 | Batch 900 | Loss: 1.0885 | LR: 6.94e-05
2026-04-20 20:10:03,172 INFO Epoch 21 | Batch 950 | Loss: 0.6057 | LR: 6.89e-05
2026-04-20 20:10:12,000 INFO Epoch 21 | Batch 1000 | Loss: 0.4969 | LR: 6.84e-05
2026-04-20 20:10:20,835 INFO Epoch 21 | Batch 1050 | Loss: 0.6932 | LR: 6.78e-05
2026-04-20 20:10:29,632 INFO Epoch 21 | Batch 1100 | Loss: 0.7370 | LR: 6.73e-05
2026-04-20 20:10:38,382 INFO Epoch 21 | Batch 1150 | Loss: 0.6888 | LR: 6.67e-05
2026-04-20 20:10:47,205 INFO Epoch 21 | Batch 1200 | Loss: 1.1418 | LR: 6.62e-05
2026-04-20 20:11:08,366 INFO Epoch 21 | Train: 0.7586 | Dev CER: 0.1262 | Dev WER: 0.3736 | Time: 236s | Peak: 21.3 GB
2026-04-20 20:11:08,366 INFO   New best CER: 0.1262
2026-04-20 20:11:12,229 INFO Epoch 22 | Batch 0 | Loss: 0.9914 | LR: 6.58e-05
2026-04-20 20:11:21,146 INFO Epoch 22 | Batch 50 | Loss: 0.5153 | LR: 6.53e-05
2026-04-20 20:11:29,924 INFO Epoch 22 | Batch 100 | Loss: 0.5627 | LR: 6.47e-05
2026-04-20 20:11:38,615 INFO Epoch 22 | Batch 150 | Loss: 1.0858 | LR: 6.42e-05
2026-04-20 20:11:47,466 INFO Epoch 22 | Batch 200 | Loss: 0.8336 | LR: 6.37e-05
2026-04-20 20:11:56,207 INFO Epoch 22 | Batch 250 | Loss: 0.6015 | LR: 6.31e-05
2026-04-20 20:12:04,931 INFO Epoch 22 | Batch 300 | Loss: 0.7440 | LR: 6.26e-05
2026-04-20 20:12:13,724 INFO Epoch 22 | Batch 350 | Loss: 0.8968 | LR: 6.21e-05
2026-04-20 20:12:22,428 INFO Epoch 22 | Batch 400 | Loss: 0.6592 | LR: 6.16e-05
2026-04-20 20:12:31,119 INFO Epoch 22 | Batch 450 | Loss: 0.5212 | LR: 6.10e-05
2026-04-20 20:12:39,943 INFO Epoch 22 | Batch 500 | Loss: 0.5111 | LR: 6.05e-05
2026-04-20 20:12:48,703 INFO Epoch 22 | Batch 550 | Loss: 0.7202 | LR: 6.00e-05
2026-04-20 20:12:57,352 INFO Epoch 22 | Batch 600 | Loss: 0.8308 | LR: 5.95e-05
2026-04-20 20:13:06,036 INFO Epoch 22 | Batch 650 | Loss: 0.7960 | LR: 5.90e-05
2026-04-20 20:13:14,786 INFO Epoch 22 | Batch 700 | Loss: 0.5371 | LR: 5.85e-05
2026-04-20 20:13:23,519 INFO Epoch 22 | Batch 750 | Loss: 0.7643 | LR: 5.79e-05
2026-04-20 20:13:32,166 INFO Epoch 22 | Batch 800 | Loss: 0.7277 | LR: 5.74e-05
2026-04-20 20:13:40,990 INFO Epoch 22 | Batch 850 | Loss: 0.7620 | LR: 5.69e-05
2026-04-20 20:13:49,661 INFO Epoch 22 | Batch 900 | Loss: 0.8829 | LR: 5.64e-05
2026-04-20 20:13:58,479 INFO Epoch 22 | Batch 950 | Loss: 0.8951 | LR: 5.59e-05
2026-04-20 20:14:07,318 INFO Epoch 22 | Batch 1000 | Loss: 0.5835 | LR: 5.54e-05
2026-04-20 20:14:16,163 INFO Epoch 22 | Batch 1050 | Loss: 0.6152 | LR: 5.49e-05
2026-04-20 20:14:24,893 INFO Epoch 22 | Batch 1100 | Loss: 0.7920 | LR: 5.44e-05
2026-04-20 20:14:33,678 INFO Epoch 22 | Batch 1150 | Loss: 0.7277 | LR: 5.39e-05
2026-04-20 20:14:42,600 INFO Epoch 22 | Batch 1200 | Loss: 0.9430 | LR: 5.34e-05
2026-04-20 20:15:01,998 INFO Epoch 22 | Train: 0.7501 | Dev CER: 0.1242 | Dev WER: 0.3662 | Time: 233s | Peak: 21.3 GB
2026-04-20 20:15:01,998 INFO   New best CER: 0.1242
2026-04-20 20:15:05,909 INFO Epoch 23 | Batch 0 | Loss: 0.8121 | LR: 5.31e-05
2026-04-20 20:15:14,692 INFO Epoch 23 | Batch 50 | Loss: 0.7605 | LR: 5.26e-05
2026-04-20 20:15:23,535 INFO Epoch 23 | Batch 100 | Loss: 0.6230 | LR: 5.21e-05
2026-04-20 20:15:32,350 INFO Epoch 23 | Batch 150 | Loss: 0.7835 | LR: 5.16e-05
2026-04-20 20:15:41,025 INFO Epoch 23 | Batch 200 | Loss: 0.5419 | LR: 5.11e-05
2026-04-20 20:15:49,902 INFO Epoch 23 | Batch 250 | Loss: 0.8925 | LR: 5.06e-05
2026-04-20 20:15:58,594 INFO Epoch 23 | Batch 300 | Loss: 0.6326 | LR: 5.01e-05
2026-04-20 20:16:07,327 INFO Epoch 23 | Batch 350 | Loss: 0.8501 | LR: 4.97e-05
2026-04-20 20:16:16,066 INFO Epoch 23 | Batch 400 | Loss: 0.9431 | LR: 4.92e-05
2026-04-20 20:16:24,806 INFO Epoch 23 | Batch 450 | Loss: 0.5539 | LR: 4.87e-05
2026-04-20 20:16:33,607 INFO Epoch 23 | Batch 500 | Loss: 0.8646 | LR: 4.82e-05
2026-04-20 20:16:42,326 INFO Epoch 23 | Batch 550 | Loss: 0.8161 | LR: 4.77e-05
2026-04-20 20:16:51,093 INFO Epoch 23 | Batch 600 | Loss: 0.6617 | LR: 4.73e-05
2026-04-20 20:16:59,881 INFO Epoch 23 | Batch 650 | Loss: 1.1426 | LR: 4.68e-05
2026-04-20 20:17:08,733 INFO Epoch 23 | Batch 700 | Loss: 0.9590 | LR: 4.63e-05
2026-04-20 20:17:17,497 INFO Epoch 23 | Batch 750 | Loss: 1.1372 | LR: 4.59e-05
2026-04-20 20:17:26,299 INFO Epoch 23 | Batch 800 | Loss: 0.5548 | LR: 4.54e-05
2026-04-20 20:17:35,134 INFO Epoch 23 | Batch 850 | Loss: 0.7297 | LR: 4.49e-05
2026-04-20 20:17:43,963 INFO Epoch 23 | Batch 900 | Loss: 0.5448 | LR: 4.45e-05
2026-04-20 20:17:52,676 INFO Epoch 23 | Batch 950 | Loss: 0.8314 | LR: 4.40e-05
2026-04-20 20:18:01,594 INFO Epoch 23 | Batch 1000 | Loss: 0.8026 | LR: 4.36e-05
2026-04-20 20:18:10,470 INFO Epoch 23 | Batch 1050 | Loss: 0.6468 | LR: 4.31e-05
2026-04-20 20:18:19,267 INFO Epoch 23 | Batch 1100 | Loss: 0.6654 | LR: 4.27e-05
2026-04-20 20:18:28,034 INFO Epoch 23 | Batch 1150 | Loss: 0.6212 | LR: 4.22e-05
2026-04-20 20:18:36,926 INFO Epoch 23 | Batch 1200 | Loss: 0.7111 | LR: 4.18e-05
2026-04-20 20:18:59,509 INFO Epoch 23 | Train: 0.7323 | Dev CER: 0.1225 | Dev WER: 0.3632 | Time: 237s | Peak: 21.3 GB
2026-04-20 20:18:59,509 INFO   New best CER: 0.1225
2026-04-20 20:19:03,608 INFO Epoch 24 | Batch 0 | Loss: 0.6169 | LR: 4.14e-05
2026-04-20 20:19:12,549 INFO Epoch 24 | Batch 50 | Loss: 0.6662 | LR: 4.10e-05
2026-04-20 20:19:21,299 INFO Epoch 24 | Batch 100 | Loss: 0.7034 | LR: 4.06e-05
2026-04-20 20:19:30,155 INFO Epoch 24 | Batch 150 | Loss: 0.7236 | LR: 4.01e-05
2026-04-20 20:19:38,811 INFO Epoch 24 | Batch 200 | Loss: 0.5976 | LR: 3.97e-05
2026-04-20 20:19:47,608 INFO Epoch 24 | Batch 250 | Loss: 0.5815 | LR: 3.92e-05
2026-04-20 20:19:56,381 INFO Epoch 24 | Batch 300 | Loss: 0.5989 | LR: 3.88e-05
2026-04-20 20:20:05,136 INFO Epoch 24 | Batch 350 | Loss: 0.5944 | LR: 3.84e-05
2026-04-20 20:20:13,958 INFO Epoch 24 | Batch 400 | Loss: 0.5097 | LR: 3.80e-05
2026-04-20 20:20:22,889 INFO Epoch 24 | Batch 450 | Loss: 0.6757 | LR: 3.75e-05
2026-04-20 20:20:31,813 INFO Epoch 24 | Batch 500 | Loss: 0.8154 | LR: 3.71e-05
2026-04-20 20:20:40,681 INFO Epoch 24 | Batch 550 | Loss: 0.5883 | LR: 3.67e-05
2026-04-20 20:20:49,516 INFO Epoch 24 | Batch 600 | Loss: 0.8986 | LR: 3.63e-05
2026-04-20 20:20:58,378 INFO Epoch 24 | Batch 650 | Loss: 0.7262 | LR: 3.58e-05
2026-04-20 20:21:07,119 INFO Epoch 24 | Batch 700 | Loss: 0.8353 | LR: 3.54e-05
2026-04-20 20:21:15,936 INFO Epoch 24 | Batch 750 | Loss: 1.0246 | LR: 3.50e-05
2026-04-20 20:21:24,721 INFO Epoch 24 | Batch 800 | Loss: 0.7985 | LR: 3.46e-05
2026-04-20 20:21:33,628 INFO Epoch 24 | Batch 850 | Loss: 0.6886 | LR: 3.42e-05
2026-04-20 20:21:42,471 INFO Epoch 24 | Batch 900 | Loss: 0.7439 | LR: 3.38e-05
2026-04-20 20:21:51,415 INFO Epoch 24 | Batch 950 | Loss: 1.1823 | LR: 3.34e-05
2026-04-20 20:22:00,311 INFO Epoch 24 | Batch 1000 | Loss: 0.9424 | LR: 3.30e-05
2026-04-20 20:22:09,258 INFO Epoch 24 | Batch 1050 | Loss: 0.5668 | LR: 3.26e-05
2026-04-20 20:22:18,092 INFO Epoch 24 | Batch 1100 | Loss: 0.4603 | LR: 3.22e-05
2026-04-20 20:22:26,783 INFO Epoch 24 | Batch 1150 | Loss: 0.7848 | LR: 3.18e-05
2026-04-20 20:22:35,547 INFO Epoch 24 | Batch 1200 | Loss: 0.7843 | LR: 3.14e-05
2026-04-20 20:22:57,333 INFO Epoch 24 | Train: 0.7237 | Dev CER: 0.1214 | Dev WER: 0.3593 | Time: 237s | Peak: 21.3 GB
2026-04-20 20:22:57,333 INFO   New best CER: 0.1214
2026-04-20 20:23:01,574 INFO Epoch 25 | Batch 0 | Loss: 0.5261 | LR: 3.11e-05
2026-04-20 20:23:10,467 INFO Epoch 25 | Batch 50 | Loss: 0.9498 | LR: 3.07e-05
2026-04-20 20:23:19,551 INFO Epoch 25 | Batch 100 | Loss: 0.6119 | LR: 3.03e-05
2026-04-20 20:23:28,353 INFO Epoch 25 | Batch 150 | Loss: 0.6626 | LR: 2.99e-05
2026-04-20 20:23:37,273 INFO Epoch 25 | Batch 200 | Loss: 0.6822 | LR: 2.95e-05
2026-04-20 20:23:46,042 INFO Epoch 25 | Batch 250 | Loss: 1.1374 | LR: 2.92e-05
2026-04-20 20:23:54,750 INFO Epoch 25 | Batch 300 | Loss: 0.6316 | LR: 2.88e-05
2026-04-20 20:24:03,427 INFO Epoch 25 | Batch 350 | Loss: 0.7230 | LR: 2.84e-05
2026-04-20 20:24:12,331 INFO Epoch 25 | Batch 400 | Loss: 0.6167 | LR: 2.80e-05
2026-04-20 20:24:21,063 INFO Epoch 25 | Batch 450 | Loss: 0.6958 | LR: 2.77e-05
2026-04-20 20:24:29,742 INFO Epoch 25 | Batch 500 | Loss: 0.8085 | LR: 2.73e-05
2026-04-20 20:24:38,562 INFO Epoch 25 | Batch 550 | Loss: 0.8121 | LR: 2.69e-05
2026-04-20 20:24:47,461 INFO Epoch 25 | Batch 600 | Loss: 0.8244 | LR: 2.66e-05
2026-04-20 20:24:56,412 INFO Epoch 25 | Batch 650 | Loss: 0.6636 | LR: 2.62e-05
2026-04-20 20:25:05,227 INFO Epoch 25 | Batch 700 | Loss: 0.7104 | LR: 2.58e-05
2026-04-20 20:25:14,081 INFO Epoch 25 | Batch 750 | Loss: 0.6755 | LR: 2.55e-05
2026-04-20 20:25:22,917 INFO Epoch 25 | Batch 800 | Loss: 0.6940 | LR: 2.51e-05
2026-04-20 20:25:31,720 INFO Epoch 25 | Batch 850 | Loss: 0.6884 | LR: 2.48e-05
2026-04-20 20:25:40,601 INFO Epoch 25 | Batch 900 | Loss: 0.9357 | LR: 2.44e-05
2026-04-20 20:25:49,533 INFO Epoch 25 | Batch 950 | Loss: 0.9383 | LR: 2.41e-05
2026-04-20 20:25:58,244 INFO Epoch 25 | Batch 1000 | Loss: 0.6356 | LR: 2.37e-05
2026-04-20 20:26:06,835 INFO Epoch 25 | Batch 1050 | Loss: 0.5966 | LR: 2.34e-05
2026-04-20 20:26:15,565 INFO Epoch 25 | Batch 1100 | Loss: 0.9364 | LR: 2.30e-05
2026-04-20 20:26:24,204 INFO Epoch 25 | Batch 1150 | Loss: 0.3858 | LR: 2.27e-05
2026-04-20 20:26:32,916 INFO Epoch 25 | Batch 1200 | Loss: 0.7346 | LR: 2.24e-05
2026-04-20 20:26:51,607 INFO Epoch 25 | Train: 0.7169 | Dev CER: 0.1215 | Dev WER: 0.3605 | Time: 234s | Peak: 21.3 GB
2026-04-20 20:26:55,272 INFO Epoch 26 | Batch 0 | Loss: 0.5528 | LR: 2.21e-05
2026-04-20 20:27:04,026 INFO Epoch 26 | Batch 50 | Loss: 0.8500 | LR: 2.18e-05
2026-04-20 20:27:12,677 INFO Epoch 26 | Batch 100 | Loss: 0.6197 | LR: 2.15e-05
2026-04-20 20:27:21,474 INFO Epoch 26 | Batch 150 | Loss: 0.6524 | LR: 2.11e-05
2026-04-20 20:27:30,206 INFO Epoch 26 | Batch 200 | Loss: 0.5248 | LR: 2.08e-05
2026-04-20 20:27:38,890 INFO Epoch 26 | Batch 250 | Loss: 0.6612 | LR: 2.05e-05
2026-04-20 20:27:47,552 INFO Epoch 26 | Batch 300 | Loss: 0.6187 | LR: 2.02e-05
2026-04-20 20:27:56,379 INFO Epoch 26 | Batch 350 | Loss: 0.7959 | LR: 1.98e-05
2026-04-20 20:28:05,216 INFO Epoch 26 | Batch 400 | Loss: 0.7721 | LR: 1.95e-05
2026-04-20 20:28:13,873 INFO Epoch 26 | Batch 450 | Loss: 0.9623 | LR: 1.92e-05
2026-04-20 20:28:22,529 INFO Epoch 26 | Batch 500 | Loss: 0.4169 | LR: 1.89e-05
2026-04-20 20:28:31,278 INFO Epoch 26 | Batch 550 | Loss: 0.7160 | LR: 1.86e-05
2026-04-20 20:28:39,914 INFO Epoch 26 | Batch 600 | Loss: 0.5935 | LR: 1.83e-05
2026-04-20 20:28:48,757 INFO Epoch 26 | Batch 650 | Loss: 0.7800 | LR: 1.80e-05
2026-04-20 20:28:57,634 INFO Epoch 26 | Batch 700 | Loss: 0.7873 | LR: 1.77e-05
2026-04-20 20:29:06,896 INFO Epoch 26 | Batch 750 | Loss: 0.7915 | LR: 1.74e-05
2026-04-20 20:29:15,922 INFO Epoch 26 | Batch 800 | Loss: 0.6323 | LR: 1.71e-05
2026-04-20 20:29:24,644 INFO Epoch 26 | Batch 850 | Loss: 0.6722 | LR: 1.68e-05
2026-04-20 20:29:33,730 INFO Epoch 26 | Batch 900 | Loss: 0.5137 | LR: 1.65e-05
2026-04-20 20:29:42,517 INFO Epoch 26 | Batch 950 | Loss: 0.7879 | LR: 1.62e-05
2026-04-20 20:29:51,286 INFO Epoch 26 | Batch 1000 | Loss: 0.4660 | LR: 1.59e-05
2026-04-20 20:30:00,260 INFO Epoch 26 | Batch 1050 | Loss: 0.5334 | LR: 1.57e-05
2026-04-20 20:30:09,248 INFO Epoch 26 | Batch 1100 | Loss: 0.7280 | LR: 1.54e-05
2026-04-20 20:30:18,317 INFO Epoch 26 | Batch 1150 | Loss: 0.5782 | LR: 1.51e-05
2026-04-20 20:30:27,046 INFO Epoch 26 | Batch 1200 | Loss: 0.5069 | LR: 1.48e-05
2026-04-20 20:30:49,379 INFO Epoch 26 | Train: 0.7181 | Dev CER: 0.1200 | Dev WER: 0.3566 | Time: 237s | Peak: 21.3 GB
2026-04-20 20:30:49,379 INFO   New best CER: 0.1200
2026-04-20 20:30:53,778 INFO Epoch 27 | Batch 0 | Loss: 0.6074 | LR: 1.46e-05
2026-04-20 20:31:02,544 INFO Epoch 27 | Batch 50 | Loss: 0.6996 | LR: 1.44e-05
2026-04-20 20:31:11,336 INFO Epoch 27 | Batch 100 | Loss: 0.4910 | LR: 1.41e-05
2026-04-20 20:31:20,162 INFO Epoch 27 | Batch 150 | Loss: 0.9570 | LR: 1.38e-05
2026-04-20 20:31:28,933 INFO Epoch 27 | Batch 200 | Loss: 0.6232 | LR: 1.36e-05
2026-04-20 20:31:37,610 INFO Epoch 27 | Batch 250 | Loss: 0.6552 | LR: 1.33e-05
2026-04-20 20:31:46,350 INFO Epoch 27 | Batch 300 | Loss: 0.6157 | LR: 1.31e-05
2026-04-20 20:31:55,067 INFO Epoch 27 | Batch 350 | Loss: 0.9410 | LR: 1.28e-05
2026-04-20 20:32:03,741 INFO Epoch 27 | Batch 400 | Loss: 0.6230 | LR: 1.25e-05
2026-04-20 20:32:12,430 INFO Epoch 27 | Batch 450 | Loss: 0.8475 | LR: 1.23e-05
2026-04-20 20:32:21,111 INFO Epoch 27 | Batch 500 | Loss: 0.5557 | LR: 1.20e-05
2026-04-20 20:32:29,876 INFO Epoch 27 | Batch 550 | Loss: 0.8627 | LR: 1.18e-05
2026-04-20 20:32:38,561 INFO Epoch 27 | Batch 600 | Loss: 0.7595 | LR: 1.16e-05
2026-04-20 20:32:47,315 INFO Epoch 27 | Batch 650 | Loss: 0.5872 | LR: 1.13e-05
2026-04-20 20:32:56,181 INFO Epoch 27 | Batch 700 | Loss: 0.7472 | LR: 1.11e-05
2026-04-20 20:33:05,081 INFO Epoch 27 | Batch 750 | Loss: 0.7815 | LR: 1.09e-05
2026-04-20 20:33:13,915 INFO Epoch 27 | Batch 800 | Loss: 0.6035 | LR: 1.06e-05
2026-04-20 20:33:22,735 INFO Epoch 27 | Batch 850 | Loss: 0.8027 | LR: 1.04e-05
2026-04-20 20:33:31,558 INFO Epoch 27 | Batch 900 | Loss: 0.7137 | LR: 1.02e-05
2026-04-20 20:33:40,393 INFO Epoch 27 | Batch 950 | Loss: 0.9236 | LR: 9.95e-06
2026-04-20 20:33:49,185 INFO Epoch 27 | Batch 1000 | Loss: 0.5942 | LR: 9.72e-06
2026-04-20 20:33:57,999 INFO Epoch 27 | Batch 1050 | Loss: 0.5272 | LR: 9.51e-06
2026-04-20 20:34:06,873 INFO Epoch 27 | Batch 1100 | Loss: 0.3903 | LR: 9.29e-06
2026-04-20 20:34:15,546 INFO Epoch 27 | Batch 1150 | Loss: 0.6069 | LR: 9.08e-06
2026-04-20 20:34:24,216 INFO Epoch 27 | Batch 1200 | Loss: 0.6975 | LR: 8.87e-06
2026-04-20 20:34:46,043 INFO Epoch 27 | Train: 0.7124 | Dev CER: 0.1200 | Dev WER: 0.3556 | Time: 236s | Peak: 21.3 GB
2026-04-20 20:34:46,043 INFO   New best CER: 0.1200
2026-04-20 20:34:50,082 INFO Epoch 28 | Batch 0 | Loss: 0.6526 | LR: 8.72e-06
2026-04-20 20:34:59,062 INFO Epoch 28 | Batch 50 | Loss: 0.5856 | LR: 8.52e-06
2026-04-20 20:35:07,742 INFO Epoch 28 | Batch 100 | Loss: 0.7147 | LR: 8.31e-06
2026-04-20 20:35:16,543 INFO Epoch 28 | Batch 150 | Loss: 0.5880 | LR: 8.11e-06
2026-04-20 20:35:25,407 INFO Epoch 28 | Batch 200 | Loss: 0.6729 | LR: 7.92e-06
2026-04-20 20:35:34,116 INFO Epoch 28 | Batch 250 | Loss: 0.7703 | LR: 7.72e-06
2026-04-20 20:35:43,021 INFO Epoch 28 | Batch 300 | Loss: 0.7433 | LR: 7.53e-06
2026-04-20 20:35:51,873 INFO Epoch 28 | Batch 350 | Loss: 0.6187 | LR: 7.34e-06
2026-04-20 20:36:00,672 INFO Epoch 28 | Batch 400 | Loss: 0.5749 | LR: 7.16e-06
2026-04-20 20:36:09,334 INFO Epoch 28 | Batch 450 | Loss: 0.9211 | LR: 6.97e-06
2026-04-20 20:36:18,165 INFO Epoch 28 | Batch 500 | Loss: 0.6267 | LR: 6.79e-06
2026-04-20 20:36:26,865 INFO Epoch 28 | Batch 550 | Loss: 0.7356 | LR: 6.61e-06
2026-04-20 20:36:35,628 INFO Epoch 28 | Batch 600 | Loss: 0.8734 | LR: 6.44e-06
2026-04-20 20:36:44,341 INFO Epoch 28 | Batch 650 | Loss: 0.7204 | LR: 6.27e-06
2026-04-20 20:36:53,121 INFO Epoch 28 | Batch 700 | Loss: 0.7308 | LR: 6.10e-06
2026-04-20 20:37:01,823 INFO Epoch 28 | Batch 750 | Loss: 0.6841 | LR: 5.93e-06
2026-04-20 20:37:10,401 INFO Epoch 28 | Batch 800 | Loss: 0.8202 | LR: 5.76e-06
2026-04-20 20:37:19,187 INFO Epoch 28 | Batch 850 | Loss: 0.7337 | LR: 5.60e-06
2026-04-20 20:37:28,017 INFO Epoch 28 | Batch 900 | Loss: 0.5736 | LR: 5.44e-06
2026-04-20 20:37:36,845 INFO Epoch 28 | Batch 950 | Loss: 0.8260 | LR: 5.29e-06
2026-04-20 20:37:45,686 INFO Epoch 28 | Batch 1000 | Loss: 0.5590 | LR: 5.13e-06
2026-04-20 20:37:54,482 INFO Epoch 28 | Batch 1050 | Loss: 0.8244 | LR: 4.98e-06
2026-04-20 20:38:03,176 INFO Epoch 28 | Batch 1100 | Loss: 0.6395 | LR: 4.84e-06
2026-04-20 20:38:12,036 INFO Epoch 28 | Batch 1150 | Loss: 0.5223 | LR: 4.69e-06
2026-04-20 20:38:20,927 INFO Epoch 28 | Batch 1200 | Loss: 0.6547 | LR: 4.55e-06
2026-04-20 20:38:44,168 INFO Epoch 28 | Train: 0.7100 | Dev CER: 0.1198 | Dev WER: 0.3556 | Time: 237s | Peak: 21.3 GB
2026-04-20 20:38:44,168 INFO   New best CER: 0.1198
2026-04-20 20:38:48,081 INFO Epoch 29 | Batch 0 | Loss: 0.6538 | LR: 4.45e-06
2026-04-20 20:38:56,867 INFO Epoch 29 | Batch 50 | Loss: 0.8884 | LR: 4.31e-06
2026-04-20 20:39:05,611 INFO Epoch 29 | Batch 100 | Loss: 0.8320 | LR: 4.17e-06
2026-04-20 20:39:14,385 INFO Epoch 29 | Batch 150 | Loss: 0.5622 | LR: 4.04e-06
2026-04-20 20:39:23,085 INFO Epoch 29 | Batch 200 | Loss: 0.6163 | LR: 3.91e-06
2026-04-20 20:39:32,057 INFO Epoch 29 | Batch 250 | Loss: 0.6845 | LR: 3.79e-06
2026-04-20 20:39:40,840 INFO Epoch 29 | Batch 300 | Loss: 0.6392 | LR: 3.66e-06
2026-04-20 20:39:49,516 INFO Epoch 29 | Batch 350 | Loss: 0.7524 | LR: 3.54e-06
2026-04-20 20:39:58,493 INFO Epoch 29 | Batch 400 | Loss: 0.6095 | LR: 3.42e-06
2026-04-20 20:40:07,222 INFO Epoch 29 | Batch 450 | Loss: 0.6209 | LR: 3.31e-06
2026-04-20 20:40:16,025 INFO Epoch 29 | Batch 500 | Loss: 0.9580 | LR: 3.20e-06
2026-04-20 20:40:24,603 INFO Epoch 29 | Batch 550 | Loss: 0.5359 | LR: 3.09e-06
2026-04-20 20:40:33,364 INFO Epoch 29 | Batch 600 | Loss: 0.8693 | LR: 2.98e-06
2026-04-20 20:40:42,154 INFO Epoch 29 | Batch 650 | Loss: 0.7907 | LR: 2.88e-06
2026-04-20 20:40:50,891 INFO Epoch 29 | Batch 700 | Loss: 0.6694 | LR: 2.77e-06
2026-04-20 20:40:59,755 INFO Epoch 29 | Batch 750 | Loss: 0.3857 | LR: 2.68e-06
2026-04-20 20:41:08,374 INFO Epoch 29 | Batch 800 | Loss: 0.6751 | LR: 2.58e-06
2026-04-20 20:41:17,064 INFO Epoch 29 | Batch 850 | Loss: 0.5248 | LR: 2.49e-06
2026-04-20 20:41:25,677 INFO Epoch 29 | Batch 900 | Loss: 0.6865 | LR: 2.40e-06
2026-04-20 20:41:34,476 INFO Epoch 29 | Batch 950 | Loss: 0.6755 | LR: 2.31e-06
2026-04-20 20:41:43,451 INFO Epoch 29 | Batch 1000 | Loss: 0.7780 | LR: 2.22e-06
2026-04-20 20:41:52,168 INFO Epoch 29 | Batch 1050 | Loss: 0.6462 | LR: 2.14e-06
2026-04-20 20:42:01,097 INFO Epoch 29 | Batch 1100 | Loss: 0.6561 | LR: 2.06e-06
2026-04-20 20:42:09,809 INFO Epoch 29 | Batch 1150 | Loss: 0.6931 | LR: 1.99e-06
2026-04-20 20:42:18,672 INFO Epoch 29 | Batch 1200 | Loss: 0.5158 | LR: 1.91e-06
2026-04-20 20:42:41,097 INFO Epoch 29 | Train: 0.7053 | Dev CER: 0.1189 | Dev WER: 0.3539 | Time: 236s | Peak: 21.3 GB
2026-04-20 20:42:41,097 INFO   New best CER: 0.1189
2026-04-20 20:42:45,181 INFO Epoch 30 | Batch 0 | Loss: 0.7871 | LR: 1.86e-06
2026-04-20 20:42:54,084 INFO Epoch 30 | Batch 50 | Loss: 0.6819 | LR: 1.80e-06
2026-04-20 20:43:02,823 INFO Epoch 30 | Batch 100 | Loss: 0.5773 | LR: 1.73e-06
2026-04-20 20:43:11,484 INFO Epoch 30 | Batch 150 | Loss: 0.6721 | LR: 1.67e-06
2026-04-20 20:43:20,331 INFO Epoch 30 | Batch 200 | Loss: 0.4956 | LR: 1.61e-06
2026-04-20 20:43:29,120 INFO Epoch 30 | Batch 250 | Loss: 0.6919 | LR: 1.55e-06
2026-04-20 20:43:37,818 INFO Epoch 30 | Batch 300 | Loss: 0.4382 | LR: 1.50e-06
2026-04-20 20:43:46,548 INFO Epoch 30 | Batch 350 | Loss: 0.6729 | LR: 1.44e-06
2026-04-20 20:43:55,282 INFO Epoch 30 | Batch 400 | Loss: 0.6203 | LR: 1.39e-06
2026-04-20 20:44:04,008 INFO Epoch 30 | Batch 450 | Loss: 0.8405 | LR: 1.35e-06
2026-04-20 20:44:12,863 INFO Epoch 30 | Batch 500 | Loss: 0.5633 | LR: 1.31e-06
2026-04-20 20:44:21,669 INFO Epoch 30 | Batch 550 | Loss: 0.8038 | LR: 1.27e-06
2026-04-20 20:44:30,492 INFO Epoch 30 | Batch 600 | Loss: 0.7166 | LR: 1.23e-06
2026-04-20 20:44:39,234 INFO Epoch 30 | Batch 650 | Loss: 0.8300 | LR: 1.19e-06
2026-04-20 20:44:47,986 INFO Epoch 30 | Batch 700 | Loss: 0.7349 | LR: 1.16e-06
2026-04-20 20:44:56,803 INFO Epoch 30 | Batch 750 | Loss: 0.4820 | LR: 1.13e-06
2026-04-20 20:45:05,624 INFO Epoch 30 | Batch 800 | Loss: 0.5289 | LR: 1.11e-06
2026-04-20 20:45:14,492 INFO Epoch 30 | Batch 850 | Loss: 0.6174 | LR: 1.08e-06
2026-04-20 20:45:23,239 INFO Epoch 30 | Batch 900 | Loss: 0.5814 | LR: 1.06e-06
2026-04-20 20:45:32,003 INFO Epoch 30 | Batch 950 | Loss: 0.6941 | LR: 1.05e-06
2026-04-20 20:45:40,792 INFO Epoch 30 | Batch 1000 | Loss: 0.7124 | LR: 1.03e-06
2026-04-20 20:45:49,364 INFO Epoch 30 | Batch 1050 | Loss: 0.4854 | LR: 1.02e-06
2026-04-20 20:45:58,209 INFO Epoch 30 | Batch 1100 | Loss: 0.7494 | LR: 1.01e-06
2026-04-20 20:46:06,852 INFO Epoch 30 | Batch 1150 | Loss: 0.5997 | LR: 1.00e-06
2026-04-20 20:46:15,609 INFO Epoch 30 | Batch 1200 | Loss: 0.6137 | LR: 1.00e-06
2026-04-20 20:46:38,777 INFO Epoch 30 | Train: 0.7070 | Dev CER: 0.1191 | Dev WER: 0.3537 | Time: 237s | Peak: 21.3 GB
2026-04-20 20:47:36,653 INFO Done. Best dev CER: 0.1189 | Test CER: 0.1198
