2026-04-16 17:32:19,246 INFO Loading LibriSpeech split=train.100 from HuggingFace...
2026-04-16 17:32:19,455 INFO HTTP Request: HEAD https://huggingface.co/datasets/openslr/librispeech_asr/resolve/main/README.md "HTTP/1.1 307 Temporary Redirect"
2026-04-16 17:32:19,462 INFO HTTP Request: HEAD https://huggingface.co/api/resolve-cache/datasets/openslr/librispeech_asr/71cacbfb7e2354c4226d01e70d77d5fca3d04ba1/README.md "HTTP/1.1 200 OK"
2026-04-16 17:32:19,573 INFO HTTP Request: HEAD https://huggingface.co/datasets/openslr/librispeech_asr/resolve/71cacbfb7e2354c4226d01e70d77d5fca3d04ba1/librispeech_asr.py "HTTP/1.1 404 Not Found"
2026-04-16 17:32:19,573 WARNING Warning: You are sending unauthenticated requests to the HF Hub. Please set a HF_TOKEN to enable higher rate limits and faster downloads.
2026-04-16 17:32:19,938 INFO HTTP Request: HEAD https://s3.amazonaws.com/datasets.huggingface.co/datasets/datasets/openslr/librispeech_asr/openslr/librispeech_asr.py "HTTP/1.1 404 Not Found"
2026-04-16 17:32:20,069 INFO HTTP Request: GET https://huggingface.co/api/datasets/openslr/librispeech_asr/revision/71cacbfb7e2354c4226d01e70d77d5fca3d04ba1 "HTTP/1.1 200 OK"
2026-04-16 17:32:20,188 INFO HTTP Request: HEAD https://huggingface.co/datasets/openslr/librispeech_asr/resolve/71cacbfb7e2354c4226d01e70d77d5fca3d04ba1/.huggingface.yaml "HTTP/1.1 404 Not Found"
2026-04-16 17:32:20,356 INFO HTTP Request: GET https://datasets-server.huggingface.co/info?dataset=openslr/librispeech_asr "HTTP/1.1 200 OK"
2026-04-16 17:32:20,482 INFO HTTP Request: GET https://huggingface.co/api/datasets/openslr/librispeech_asr/tree/71cacbfb7e2354c4226d01e70d77d5fca3d04ba1/clean%2Ftest?recursive=true&expand=false "HTTP/1.1 200 OK"
2026-04-16 17:32:20,604 INFO HTTP Request: GET https://huggingface.co/api/datasets/openslr/librispeech_asr/tree/71cacbfb7e2354c4226d01e70d77d5fca3d04ba1/clean?recursive=false&expand=false "HTTP/1.1 200 OK"
2026-04-16 17:32:20,789 INFO HTTP Request: GET https://huggingface.co/api/datasets/openslr/librispeech_asr/tree/71cacbfb7e2354c4226d01e70d77d5fca3d04ba1/clean%2Ftrain.100?recursive=true&expand=false "HTTP/1.1 200 OK"
2026-04-16 17:32:20,917 INFO HTTP Request: GET https://huggingface.co/api/datasets/openslr/librispeech_asr/tree/71cacbfb7e2354c4226d01e70d77d5fca3d04ba1/clean%2Ftrain.360?recursive=true&expand=false "HTTP/1.1 200 OK"
2026-04-16 17:32:21,057 INFO HTTP Request: GET https://huggingface.co/api/datasets/openslr/librispeech_asr/tree/71cacbfb7e2354c4226d01e70d77d5fca3d04ba1/clean%2Fvalidation?recursive=true&expand=false "HTTP/1.1 200 OK"
2026-04-16 17:32:21,175 INFO HTTP Request: HEAD https://huggingface.co/datasets/openslr/librispeech_asr/resolve/71cacbfb7e2354c4226d01e70d77d5fca3d04ba1/dataset_infos.json "HTTP/1.1 404 Not Found"
2026-04-16 17:33:51,921 INFO Loaded 28538 utterances from train.100 (skipped 1 outside [0.5s, 20.0s])
2026-04-16 17:33:51,987 INFO Loading LibriSpeech split=validation from HuggingFace...
2026-04-16 17:33:52,112 INFO HTTP Request: HEAD https://huggingface.co/datasets/openslr/librispeech_asr/resolve/main/README.md "HTTP/1.1 307 Temporary Redirect"
2026-04-16 17:33:52,119 INFO HTTP Request: HEAD https://huggingface.co/api/resolve-cache/datasets/openslr/librispeech_asr/71cacbfb7e2354c4226d01e70d77d5fca3d04ba1/README.md "HTTP/1.1 200 OK"
2026-04-16 17:33:52,236 INFO HTTP Request: HEAD https://huggingface.co/datasets/openslr/librispeech_asr/resolve/71cacbfb7e2354c4226d01e70d77d5fca3d04ba1/librispeech_asr.py "HTTP/1.1 404 Not Found"
2026-04-16 17:33:52,621 INFO HTTP Request: HEAD https://s3.amazonaws.com/datasets.huggingface.co/datasets/datasets/openslr/librispeech_asr/openslr/librispeech_asr.py "HTTP/1.1 404 Not Found"
2026-04-16 17:33:52,744 INFO HTTP Request: HEAD https://huggingface.co/datasets/openslr/librispeech_asr/resolve/71cacbfb7e2354c4226d01e70d77d5fca3d04ba1/.huggingface.yaml "HTTP/1.1 404 Not Found"
2026-04-16 17:33:52,895 INFO HTTP Request: GET https://datasets-server.huggingface.co/info?dataset=openslr/librispeech_asr "HTTP/1.1 200 OK"
2026-04-16 17:33:53,046 INFO HTTP Request: HEAD https://huggingface.co/datasets/openslr/librispeech_asr/resolve/71cacbfb7e2354c4226d01e70d77d5fca3d04ba1/dataset_infos.json "HTTP/1.1 404 Not Found"
2026-04-16 17:34:00,915 INFO Loaded 2642 utterances from validation (skipped 61 outside [0.5s, 20.0s])
2026-04-16 17:34:00,915 INFO Loading LibriSpeech split=test from HuggingFace...
2026-04-16 17:34:01,046 INFO HTTP Request: HEAD https://huggingface.co/datasets/openslr/librispeech_asr/resolve/main/README.md "HTTP/1.1 307 Temporary Redirect"
2026-04-16 17:34:01,054 INFO HTTP Request: HEAD https://huggingface.co/api/resolve-cache/datasets/openslr/librispeech_asr/71cacbfb7e2354c4226d01e70d77d5fca3d04ba1/README.md "HTTP/1.1 200 OK"
2026-04-16 17:34:01,179 INFO HTTP Request: HEAD https://huggingface.co/datasets/openslr/librispeech_asr/resolve/71cacbfb7e2354c4226d01e70d77d5fca3d04ba1/librispeech_asr.py "HTTP/1.1 404 Not Found"
2026-04-16 17:34:01,531 INFO HTTP Request: HEAD https://s3.amazonaws.com/datasets.huggingface.co/datasets/datasets/openslr/librispeech_asr/openslr/librispeech_asr.py "HTTP/1.1 404 Not Found"
2026-04-16 17:34:01,659 INFO HTTP Request: HEAD https://huggingface.co/datasets/openslr/librispeech_asr/resolve/71cacbfb7e2354c4226d01e70d77d5fca3d04ba1/.huggingface.yaml "HTTP/1.1 404 Not Found"
2026-04-16 17:34:01,800 INFO HTTP Request: GET https://datasets-server.huggingface.co/info?dataset=openslr/librispeech_asr "HTTP/1.1 200 OK"
2026-04-16 17:34:01,945 INFO HTTP Request: HEAD https://huggingface.co/datasets/openslr/librispeech_asr/resolve/71cacbfb7e2354c4226d01e70d77d5fca3d04ba1/dataset_infos.json "HTTP/1.1 404 Not Found"
2026-04-16 17:34:09,636 INFO Loaded 2528 utterances from test (skipped 92 outside [0.5s, 20.0s])
2026-04-16 17:34:09,835 INFO Backbone: lion_lucid | Params: 7.74M
2026-04-16 17:34:09,835 INFO   Frontend: 1.90M | Encoder: 5.83M | Head: 8.0K
2026-04-16 17:34:14,484 INFO Epoch 1 | Batch 0 | Loss: 4.1374 | LR: 3.00e-07
2026-04-16 17:34:18,909 INFO Epoch 1 | Batch 50 | Loss: 2.9528 | LR: 1.53e-05
2026-04-16 17:34:23,343 INFO Epoch 1 | Batch 100 | Loss: 2.9325 | LR: 3.03e-05
2026-04-16 17:34:27,709 INFO Epoch 1 | Batch 150 | Loss: 2.8769 | LR: 4.53e-05
2026-04-16 17:34:32,079 INFO Epoch 1 | Batch 200 | Loss: 2.8417 | LR: 6.03e-05
2026-04-16 17:34:36,486 INFO Epoch 1 | Batch 250 | Loss: 2.8519 | LR: 7.53e-05
2026-04-16 17:34:40,829 INFO Epoch 1 | Batch 300 | Loss: 2.8446 | LR: 9.03e-05
2026-04-16 17:34:45,320 INFO Epoch 1 | Batch 350 | Loss: 2.8514 | LR: 1.05e-04
2026-04-16 17:34:49,990 INFO Epoch 1 | Batch 400 | Loss: 2.8777 | LR: 1.20e-04
2026-04-16 17:34:55,171 INFO Epoch 1 | Batch 450 | Loss: 2.7886 | LR: 1.35e-04
2026-04-16 17:35:00,279 INFO Epoch 1 | Batch 500 | Loss: 2.7506 | LR: 1.50e-04
2026-04-16 17:35:05,344 INFO Epoch 1 | Batch 550 | Loss: 2.6789 | LR: 1.65e-04
2026-04-16 17:35:10,348 INFO Epoch 1 | Batch 600 | Loss: 2.6884 | LR: 1.80e-04
2026-04-16 17:35:15,471 INFO Epoch 1 | Batch 650 | Loss: 2.4683 | LR: 1.95e-04
2026-04-16 17:35:20,327 INFO Epoch 1 | Batch 700 | Loss: 2.4789 | LR: 2.10e-04
2026-04-16 17:35:24,917 INFO Epoch 1 | Batch 750 | Loss: 2.4142 | LR: 2.25e-04
2026-04-16 17:35:29,528 INFO Epoch 1 | Batch 800 | Loss: 2.5802 | LR: 2.40e-04
2026-04-16 17:35:34,093 INFO Epoch 1 | Batch 850 | Loss: 2.3077 | LR: 2.55e-04
2026-04-16 17:35:39,100 INFO Epoch 1 | Batch 900 | Loss: 2.3554 | LR: 2.70e-04
2026-04-16 17:35:44,114 INFO Epoch 1 | Batch 950 | Loss: 2.2250 | LR: 2.85e-04
2026-04-16 17:35:49,057 INFO Epoch 1 | Batch 1000 | Loss: 2.0558 | LR: 3.00e-04
2026-04-16 17:35:53,535 INFO Epoch 1 | Batch 1050 | Loss: 2.1595 | LR: 3.00e-04
2026-04-16 17:35:58,712 INFO Epoch 1 | Batch 1100 | Loss: 2.1621 | LR: 3.00e-04
2026-04-16 17:36:03,957 INFO Epoch 1 | Batch 1150 | Loss: 2.2538 | LR: 3.00e-04
2026-04-16 17:36:08,845 INFO Epoch 1 | Batch 1200 | Loss: 2.1693 | LR: 3.00e-04
2026-04-16 17:36:22,472 INFO Epoch 1 | Train: 2.5665 | Dev CER: 0.5113 | Dev WER: 0.9706 | Time: 132s | Peak: 5.3 GB
2026-04-16 17:36:22,472 INFO   New best CER: 0.5113
2026-04-16 17:36:26,664 INFO Epoch 2 | Batch 0 | Loss: 1.9935 | LR: 3.00e-04
2026-04-16 17:36:30,977 INFO Epoch 2 | Batch 50 | Loss: 2.2604 | LR: 3.00e-04
2026-04-16 17:36:35,458 INFO Epoch 2 | Batch 100 | Loss: 2.1691 | LR: 3.00e-04
2026-04-16 17:36:39,903 INFO Epoch 2 | Batch 150 | Loss: 2.0686 | LR: 3.00e-04
2026-04-16 17:36:44,270 INFO Epoch 2 | Batch 200 | Loss: 1.8994 | LR: 3.00e-04
2026-04-16 17:36:48,706 INFO Epoch 2 | Batch 250 | Loss: 1.7125 | LR: 3.00e-04
2026-04-16 17:36:53,190 INFO Epoch 2 | Batch 300 | Loss: 1.9027 | LR: 3.00e-04
2026-04-16 17:36:57,648 INFO Epoch 2 | Batch 350 | Loss: 1.8393 | LR: 3.00e-04
2026-04-16 17:37:02,167 INFO Epoch 2 | Batch 400 | Loss: 1.6834 | LR: 3.00e-04
2026-04-16 17:37:06,649 INFO Epoch 2 | Batch 450 | Loss: 1.7903 | LR: 3.00e-04
2026-04-16 17:37:11,249 INFO Epoch 2 | Batch 500 | Loss: 1.7531 | LR: 3.00e-04
2026-04-16 17:37:15,782 INFO Epoch 2 | Batch 550 | Loss: 1.9943 | LR: 3.00e-04
2026-04-16 17:37:20,229 INFO Epoch 2 | Batch 600 | Loss: 1.8105 | LR: 3.00e-04
2026-04-16 17:37:24,742 INFO Epoch 2 | Batch 650 | Loss: 1.9227 | LR: 3.00e-04
2026-04-16 17:37:29,108 INFO Epoch 2 | Batch 700 | Loss: 2.2205 | LR: 3.00e-04
2026-04-16 17:37:33,595 INFO Epoch 2 | Batch 750 | Loss: 1.7859 | LR: 2.99e-04
2026-04-16 17:37:38,077 INFO Epoch 2 | Batch 800 | Loss: 1.5458 | LR: 2.99e-04
2026-04-16 17:37:42,449 INFO Epoch 2 | Batch 850 | Loss: 1.8386 | LR: 2.99e-04
2026-04-16 17:37:46,788 INFO Epoch 2 | Batch 900 | Loss: 1.6785 | LR: 2.99e-04
2026-04-16 17:37:51,254 INFO Epoch 2 | Batch 950 | Loss: 1.5695 | LR: 2.99e-04
2026-04-16 17:37:55,646 INFO Epoch 2 | Batch 1000 | Loss: 2.3163 | LR: 2.99e-04
2026-04-16 17:38:00,050 INFO Epoch 2 | Batch 1050 | Loss: 1.7202 | LR: 2.99e-04
2026-04-16 17:38:04,497 INFO Epoch 2 | Batch 1100 | Loss: 1.6688 | LR: 2.99e-04
2026-04-16 17:38:08,911 INFO Epoch 2 | Batch 1150 | Loss: 1.5185 | LR: 2.99e-04
2026-04-16 17:38:13,273 INFO Epoch 2 | Batch 1200 | Loss: 1.6126 | LR: 2.99e-04
2026-04-16 17:38:26,497 INFO Epoch 2 | Train: 1.8003 | Dev CER: 0.3549 | Dev WER: 0.7964 | Time: 123s | Peak: 5.3 GB
2026-04-16 17:38:26,497 INFO   New best CER: 0.3549
2026-04-16 17:38:30,352 INFO Epoch 3 | Batch 0 | Loss: 1.5595 | LR: 2.99e-04
2026-04-16 17:38:34,732 INFO Epoch 3 | Batch 50 | Loss: 1.5404 | LR: 2.99e-04
2026-04-16 17:38:39,120 INFO Epoch 3 | Batch 100 | Loss: 1.5204 | LR: 2.99e-04
2026-04-16 17:38:43,559 INFO Epoch 3 | Batch 150 | Loss: 1.5137 | LR: 2.99e-04
2026-04-16 17:38:47,985 INFO Epoch 3 | Batch 200 | Loss: 1.6386 | LR: 2.98e-04
2026-04-16 17:38:52,367 INFO Epoch 3 | Batch 250 | Loss: 1.2373 | LR: 2.98e-04
2026-04-16 17:38:56,761 INFO Epoch 3 | Batch 300 | Loss: 1.6743 | LR: 2.98e-04
2026-04-16 17:39:01,103 INFO Epoch 3 | Batch 350 | Loss: 1.2605 | LR: 2.98e-04
2026-04-16 17:39:05,554 INFO Epoch 3 | Batch 400 | Loss: 1.3639 | LR: 2.98e-04
2026-04-16 17:39:10,087 INFO Epoch 3 | Batch 450 | Loss: 1.9069 | LR: 2.98e-04
2026-04-16 17:39:14,552 INFO Epoch 3 | Batch 500 | Loss: 1.4648 | LR: 2.98e-04
2026-04-16 17:39:19,157 INFO Epoch 3 | Batch 550 | Loss: 1.4461 | LR: 2.98e-04
2026-04-16 17:39:23,593 INFO Epoch 3 | Batch 600 | Loss: 1.6550 | LR: 2.98e-04
2026-04-16 17:39:28,014 INFO Epoch 3 | Batch 650 | Loss: 1.4889 | LR: 2.97e-04
2026-04-16 17:39:32,396 INFO Epoch 3 | Batch 700 | Loss: 1.6566 | LR: 2.97e-04
2026-04-16 17:39:36,884 INFO Epoch 3 | Batch 750 | Loss: 1.8927 | LR: 2.97e-04
2026-04-16 17:39:41,370 INFO Epoch 3 | Batch 800 | Loss: 1.5622 | LR: 2.97e-04
2026-04-16 17:39:45,858 INFO Epoch 3 | Batch 850 | Loss: 1.5465 | LR: 2.97e-04
2026-04-16 17:39:50,252 INFO Epoch 3 | Batch 900 | Loss: 1.6763 | LR: 2.97e-04
2026-04-16 17:39:54,688 INFO Epoch 3 | Batch 950 | Loss: 1.7272 | LR: 2.97e-04
2026-04-16 17:39:59,115 INFO Epoch 3 | Batch 1000 | Loss: 1.3648 | LR: 2.97e-04
2026-04-16 17:40:03,614 INFO Epoch 3 | Batch 1050 | Loss: 1.3830 | LR: 2.96e-04
2026-04-16 17:40:08,013 INFO Epoch 3 | Batch 1100 | Loss: 1.2587 | LR: 2.96e-04
2026-04-16 17:40:12,398 INFO Epoch 3 | Batch 1150 | Loss: 1.8007 | LR: 2.96e-04
2026-04-16 17:40:16,738 INFO Epoch 3 | Batch 1200 | Loss: 1.6121 | LR: 2.96e-04
2026-04-16 17:40:29,391 INFO Epoch 3 | Train: 1.4979 | Dev CER: 0.2952 | Dev WER: 0.7200 | Time: 122s | Peak: 5.3 GB
2026-04-16 17:40:29,391 INFO   New best CER: 0.2952
2026-04-16 17:40:33,108 INFO Epoch 4 | Batch 0 | Loss: 1.2611 | LR: 2.96e-04
2026-04-16 17:40:37,742 INFO Epoch 4 | Batch 50 | Loss: 1.5865 | LR: 2.96e-04
2026-04-16 17:40:42,193 INFO Epoch 4 | Batch 100 | Loss: 1.2676 | LR: 2.96e-04
2026-04-16 17:40:46,598 INFO Epoch 4 | Batch 150 | Loss: 1.7825 | LR: 2.95e-04
2026-04-16 17:40:50,980 INFO Epoch 4 | Batch 200 | Loss: 1.4901 | LR: 2.95e-04
2026-04-16 17:40:55,323 INFO Epoch 4 | Batch 250 | Loss: 1.3990 | LR: 2.95e-04
2026-04-16 17:40:59,643 INFO Epoch 4 | Batch 300 | Loss: 1.3214 | LR: 2.95e-04
2026-04-16 17:41:04,005 INFO Epoch 4 | Batch 350 | Loss: 1.8439 | LR: 2.95e-04
2026-04-16 17:41:08,376 INFO Epoch 4 | Batch 400 | Loss: 1.4574 | LR: 2.95e-04
2026-04-16 17:41:12,758 INFO Epoch 4 | Batch 450 | Loss: 1.3424 | LR: 2.94e-04
2026-04-16 17:41:17,180 INFO Epoch 4 | Batch 500 | Loss: 1.5009 | LR: 2.94e-04
2026-04-16 17:41:21,500 INFO Epoch 4 | Batch 550 | Loss: 1.2021 | LR: 2.94e-04
2026-04-16 17:41:25,971 INFO Epoch 4 | Batch 600 | Loss: 1.4257 | LR: 2.94e-04
2026-04-16 17:41:30,335 INFO Epoch 4 | Batch 650 | Loss: 1.3127 | LR: 2.94e-04
2026-04-16 17:41:34,765 INFO Epoch 4 | Batch 700 | Loss: 1.1375 | LR: 2.93e-04
2026-04-16 17:41:39,068 INFO Epoch 4 | Batch 750 | Loss: 1.3051 | LR: 2.93e-04
2026-04-16 17:41:43,949 INFO Epoch 4 | Batch 800 | Loss: 1.2140 | LR: 2.93e-04
2026-04-16 17:41:49,755 INFO Epoch 4 | Batch 850 | Loss: 1.6166 | LR: 2.93e-04
2026-04-16 17:41:54,302 INFO Epoch 4 | Batch 900 | Loss: 1.3648 | LR: 2.93e-04
2026-04-16 17:41:58,842 INFO Epoch 4 | Batch 950 | Loss: 1.3424 | LR: 2.92e-04
2026-04-16 17:42:03,418 INFO Epoch 4 | Batch 1000 | Loss: 1.1998 | LR: 2.92e-04
2026-04-16 17:42:08,002 INFO Epoch 4 | Batch 1050 | Loss: 1.3665 | LR: 2.92e-04
2026-04-16 17:42:12,438 INFO Epoch 4 | Batch 1100 | Loss: 1.1831 | LR: 2.92e-04
2026-04-16 17:42:16,928 INFO Epoch 4 | Batch 1150 | Loss: 1.4852 | LR: 2.92e-04
2026-04-16 17:42:22,162 INFO Epoch 4 | Batch 1200 | Loss: 1.6540 | LR: 2.91e-04
2026-04-16 17:42:35,282 INFO Epoch 4 | Train: 1.3408 | Dev CER: 0.2581 | Dev WER: 0.6529 | Time: 125s | Peak: 5.3 GB
2026-04-16 17:42:35,282 INFO   New best CER: 0.2581
2026-04-16 17:42:39,166 INFO Epoch 5 | Batch 0 | Loss: 1.0155 | LR: 2.91e-04
2026-04-16 17:42:44,020 INFO Epoch 5 | Batch 50 | Loss: 1.2305 | LR: 2.91e-04
2026-04-16 17:42:48,648 INFO Epoch 5 | Batch 100 | Loss: 1.3096 | LR: 2.91e-04
2026-04-16 17:42:53,404 INFO Epoch 5 | Batch 150 | Loss: 1.2502 | LR: 2.91e-04
2026-04-16 17:42:58,207 INFO Epoch 5 | Batch 200 | Loss: 1.1146 | LR: 2.90e-04
2026-04-16 17:43:02,738 INFO Epoch 5 | Batch 250 | Loss: 1.8903 | LR: 2.90e-04
2026-04-16 17:43:07,343 INFO Epoch 5 | Batch 300 | Loss: 1.0090 | LR: 2.90e-04
2026-04-16 17:43:11,862 INFO Epoch 5 | Batch 350 | Loss: 1.0602 | LR: 2.90e-04
2026-04-16 17:43:16,318 INFO Epoch 5 | Batch 400 | Loss: 0.9707 | LR: 2.89e-04
2026-04-16 17:43:20,752 INFO Epoch 5 | Batch 450 | Loss: 1.2747 | LR: 2.89e-04
2026-04-16 17:43:25,152 INFO Epoch 5 | Batch 500 | Loss: 1.1746 | LR: 2.89e-04
2026-04-16 17:43:29,597 INFO Epoch 5 | Batch 550 | Loss: 1.2552 | LR: 2.89e-04
2026-04-16 17:43:34,117 INFO Epoch 5 | Batch 600 | Loss: 1.3870 | LR: 2.88e-04
2026-04-16 17:43:38,566 INFO Epoch 5 | Batch 650 | Loss: 1.5095 | LR: 2.88e-04
2026-04-16 17:43:42,965 INFO Epoch 5 | Batch 700 | Loss: 1.1307 | LR: 2.88e-04
2026-04-16 17:43:47,340 INFO Epoch 5 | Batch 750 | Loss: 1.0864 | LR: 2.88e-04
2026-04-16 17:43:51,784 INFO Epoch 5 | Batch 800 | Loss: 1.0721 | LR: 2.87e-04
2026-04-16 17:43:56,913 INFO Epoch 5 | Batch 850 | Loss: 1.1907 | LR: 2.87e-04
2026-04-16 17:44:02,116 INFO Epoch 5 | Batch 900 | Loss: 1.3141 | LR: 2.87e-04
2026-04-16 17:44:07,005 INFO Epoch 5 | Batch 950 | Loss: 1.6245 | LR: 2.87e-04
2026-04-16 17:44:11,871 INFO Epoch 5 | Batch 1000 | Loss: 1.3526 | LR: 2.86e-04
2026-04-16 17:44:16,577 INFO Epoch 5 | Batch 1050 | Loss: 1.1208 | LR: 2.86e-04
2026-04-16 17:44:21,474 INFO Epoch 5 | Batch 1100 | Loss: 1.2342 | LR: 2.86e-04
2026-04-16 17:44:26,170 INFO Epoch 5 | Batch 1150 | Loss: 1.5364 | LR: 2.86e-04
2026-04-16 17:44:31,034 INFO Epoch 5 | Batch 1200 | Loss: 1.2420 | LR: 2.85e-04
2026-04-16 17:44:43,909 INFO Epoch 5 | Train: 1.2169 | Dev CER: 0.2280 | Dev WER: 0.5972 | Time: 128s | Peak: 5.3 GB
2026-04-16 17:44:43,909 INFO   New best CER: 0.2280
2026-04-16 17:44:47,898 INFO Epoch 6 | Batch 0 | Loss: 1.1423 | LR: 2.85e-04
2026-04-16 17:44:52,438 INFO Epoch 6 | Batch 50 | Loss: 1.6793 | LR: 2.85e-04
2026-04-16 17:44:57,075 INFO Epoch 6 | Batch 100 | Loss: 1.3355 | LR: 2.84e-04
2026-04-16 17:45:01,942 INFO Epoch 6 | Batch 150 | Loss: 1.2546 | LR: 2.84e-04
2026-04-16 17:45:07,138 INFO Epoch 6 | Batch 200 | Loss: 1.3078 | LR: 2.84e-04
2026-04-16 17:45:12,153 INFO Epoch 6 | Batch 250 | Loss: 0.9526 | LR: 2.84e-04
2026-04-16 17:45:17,038 INFO Epoch 6 | Batch 300 | Loss: 0.9499 | LR: 2.83e-04
2026-04-16 17:45:21,739 INFO Epoch 6 | Batch 350 | Loss: 1.0744 | LR: 2.83e-04
2026-04-16 17:45:26,337 INFO Epoch 6 | Batch 400 | Loss: 0.9963 | LR: 2.83e-04
2026-04-16 17:45:30,793 INFO Epoch 6 | Batch 450 | Loss: 1.8508 | LR: 2.82e-04
2026-04-16 17:45:36,063 INFO Epoch 6 | Batch 500 | Loss: 0.9607 | LR: 2.82e-04
2026-04-16 17:45:41,508 INFO Epoch 6 | Batch 550 | Loss: 1.0138 | LR: 2.82e-04
2026-04-16 17:45:46,610 INFO Epoch 6 | Batch 600 | Loss: 1.0958 | LR: 2.81e-04
2026-04-16 17:45:51,639 INFO Epoch 6 | Batch 650 | Loss: 1.2800 | LR: 2.81e-04
2026-04-16 17:45:56,707 INFO Epoch 6 | Batch 700 | Loss: 1.3452 | LR: 2.81e-04
2026-04-16 17:46:01,548 INFO Epoch 6 | Batch 750 | Loss: 1.1791 | LR: 2.81e-04
2026-04-16 17:46:06,259 INFO Epoch 6 | Batch 800 | Loss: 1.0698 | LR: 2.80e-04
2026-04-16 17:46:10,720 INFO Epoch 6 | Batch 850 | Loss: 1.2410 | LR: 2.80e-04
2026-04-16 17:46:15,702 INFO Epoch 6 | Batch 900 | Loss: 0.8963 | LR: 2.80e-04
2026-04-16 17:46:20,458 INFO Epoch 6 | Batch 950 | Loss: 1.5409 | LR: 2.79e-04
2026-04-16 17:46:25,264 INFO Epoch 6 | Batch 1000 | Loss: 1.0734 | LR: 2.79e-04
2026-04-16 17:46:30,176 INFO Epoch 6 | Batch 1050 | Loss: 1.3485 | LR: 2.79e-04
2026-04-16 17:46:35,155 INFO Epoch 6 | Batch 1100 | Loss: 1.2516 | LR: 2.78e-04
2026-04-16 17:46:40,025 INFO Epoch 6 | Batch 1150 | Loss: 1.1063 | LR: 2.78e-04
2026-04-16 17:46:44,764 INFO Epoch 6 | Batch 1200 | Loss: 1.0010 | LR: 2.78e-04
2026-04-16 17:46:58,591 INFO Epoch 6 | Train: 1.1273 | Dev CER: 0.2108 | Dev WER: 0.5584 | Time: 134s | Peak: 5.3 GB
2026-04-16 17:46:58,591 INFO   New best CER: 0.2108
2026-04-16 17:47:02,180 INFO Epoch 7 | Batch 0 | Loss: 1.2289 | LR: 2.77e-04
2026-04-16 17:47:07,328 INFO Epoch 7 | Batch 50 | Loss: 1.3059 | LR: 2.77e-04
2026-04-16 17:47:12,533 INFO Epoch 7 | Batch 100 | Loss: 1.0225 | LR: 2.77e-04
2026-04-16 17:47:17,686 INFO Epoch 7 | Batch 150 | Loss: 1.1548 | LR: 2.76e-04
2026-04-16 17:47:22,863 INFO Epoch 7 | Batch 200 | Loss: 0.9436 | LR: 2.76e-04
2026-04-16 17:47:28,013 INFO Epoch 7 | Batch 250 | Loss: 1.1456 | LR: 2.76e-04
2026-04-16 17:47:33,105 INFO Epoch 7 | Batch 300 | Loss: 0.9714 | LR: 2.75e-04
2026-04-16 17:47:38,303 INFO Epoch 7 | Batch 350 | Loss: 1.2889 | LR: 2.75e-04
2026-04-16 17:47:43,456 INFO Epoch 7 | Batch 400 | Loss: 0.9406 | LR: 2.74e-04
2026-04-16 17:47:48,673 INFO Epoch 7 | Batch 450 | Loss: 1.2115 | LR: 2.74e-04
2026-04-16 17:47:53,852 INFO Epoch 7 | Batch 500 | Loss: 1.2737 | LR: 2.74e-04
2026-04-16 17:47:58,903 INFO Epoch 7 | Batch 550 | Loss: 0.8985 | LR: 2.73e-04
2026-04-16 17:48:04,377 INFO Epoch 7 | Batch 600 | Loss: 1.1070 | LR: 2.73e-04
2026-04-16 17:48:09,892 INFO Epoch 7 | Batch 650 | Loss: 1.2652 | LR: 2.73e-04
2026-04-16 17:48:15,121 INFO Epoch 7 | Batch 700 | Loss: 1.1412 | LR: 2.72e-04
2026-04-16 17:48:20,123 INFO Epoch 7 | Batch 750 | Loss: 1.2396 | LR: 2.72e-04
2026-04-16 17:48:25,178 INFO Epoch 7 | Batch 800 | Loss: 1.4784 | LR: 2.71e-04
2026-04-16 17:48:30,181 INFO Epoch 7 | Batch 850 | Loss: 1.2259 | LR: 2.71e-04
2026-04-16 17:48:35,343 INFO Epoch 7 | Batch 900 | Loss: 1.0116 | LR: 2.71e-04
2026-04-16 17:48:40,477 INFO Epoch 7 | Batch 950 | Loss: 0.9644 | LR: 2.70e-04
2026-04-16 17:48:45,686 INFO Epoch 7 | Batch 1000 | Loss: 0.8552 | LR: 2.70e-04
2026-04-16 17:48:50,890 INFO Epoch 7 | Batch 1050 | Loss: 1.2597 | LR: 2.69e-04
2026-04-16 17:48:56,000 INFO Epoch 7 | Batch 1100 | Loss: 1.4787 | LR: 2.69e-04
2026-04-16 17:49:00,982 INFO Epoch 7 | Batch 1150 | Loss: 0.9784 | LR: 2.69e-04
2026-04-16 17:49:06,172 INFO Epoch 7 | Batch 1200 | Loss: 0.7258 | LR: 2.68e-04
2026-04-16 17:49:19,391 INFO Epoch 7 | Train: 1.0714 | Dev CER: 0.1952 | Dev WER: 0.5275 | Time: 140s | Peak: 5.3 GB
2026-04-16 17:49:19,391 INFO   New best CER: 0.1952
2026-04-16 17:49:22,971 INFO Epoch 8 | Batch 0 | Loss: 0.9707 | LR: 2.68e-04
2026-04-16 17:49:28,101 INFO Epoch 8 | Batch 50 | Loss: 1.0839 | LR: 2.68e-04
2026-04-16 17:49:33,233 INFO Epoch 8 | Batch 100 | Loss: 1.1272 | LR: 2.67e-04
2026-04-16 17:49:38,448 INFO Epoch 8 | Batch 150 | Loss: 1.2700 | LR: 2.67e-04
2026-04-16 17:49:43,613 INFO Epoch 8 | Batch 200 | Loss: 1.0126 | LR: 2.66e-04
2026-04-16 17:49:48,751 INFO Epoch 8 | Batch 250 | Loss: 1.2028 | LR: 2.66e-04
2026-04-16 17:49:53,964 INFO Epoch 8 | Batch 300 | Loss: 0.9563 | LR: 2.66e-04
2026-04-16 17:49:58,758 INFO Epoch 8 | Batch 350 | Loss: 1.2257 | LR: 2.65e-04
2026-04-16 17:50:04,018 INFO Epoch 8 | Batch 400 | Loss: 0.8218 | LR: 2.65e-04
2026-04-16 17:50:09,464 INFO Epoch 8 | Batch 450 | Loss: 1.1879 | LR: 2.64e-04
2026-04-16 17:50:14,764 INFO Epoch 8 | Batch 500 | Loss: 0.9914 | LR: 2.64e-04
2026-04-16 17:50:19,913 INFO Epoch 8 | Batch 550 | Loss: 1.0006 | LR: 2.63e-04
2026-04-16 17:50:25,035 INFO Epoch 8 | Batch 600 | Loss: 0.8813 | LR: 2.63e-04
2026-04-16 17:50:30,204 INFO Epoch 8 | Batch 650 | Loss: 0.9073 | LR: 2.63e-04
2026-04-16 17:50:35,501 INFO Epoch 8 | Batch 700 | Loss: 0.8881 | LR: 2.62e-04
2026-04-16 17:50:40,609 INFO Epoch 8 | Batch 750 | Loss: 0.7780 | LR: 2.62e-04
2026-04-16 17:50:45,680 INFO Epoch 8 | Batch 800 | Loss: 1.0132 | LR: 2.61e-04
2026-04-16 17:50:50,947 INFO Epoch 8 | Batch 850 | Loss: 0.7325 | LR: 2.61e-04
2026-04-16 17:50:56,049 INFO Epoch 8 | Batch 900 | Loss: 1.1212 | LR: 2.60e-04
2026-04-16 17:51:01,222 INFO Epoch 8 | Batch 950 | Loss: 1.0113 | LR: 2.60e-04
2026-04-16 17:51:06,454 INFO Epoch 8 | Batch 1000 | Loss: 0.8330 | LR: 2.60e-04
2026-04-16 17:51:11,447 INFO Epoch 8 | Batch 1050 | Loss: 0.8715 | LR: 2.59e-04
2026-04-16 17:51:16,620 INFO Epoch 8 | Batch 1100 | Loss: 0.9087 | LR: 2.59e-04
2026-04-16 17:51:21,546 INFO Epoch 8 | Batch 1150 | Loss: 0.8169 | LR: 2.58e-04
2026-04-16 17:51:26,243 INFO Epoch 8 | Batch 1200 | Loss: 0.8464 | LR: 2.58e-04
2026-04-16 17:51:39,385 INFO Epoch 8 | Train: 1.0103 | Dev CER: 0.1814 | Dev WER: 0.4977 | Time: 140s | Peak: 5.3 GB
2026-04-16 17:51:39,385 INFO   New best CER: 0.1814
2026-04-16 17:51:43,303 INFO Epoch 9 | Batch 0 | Loss: 0.9596 | LR: 2.57e-04
2026-04-16 17:51:48,311 INFO Epoch 9 | Batch 50 | Loss: 1.0169 | LR: 2.57e-04
2026-04-16 17:51:53,553 INFO Epoch 9 | Batch 100 | Loss: 0.8496 | LR: 2.56e-04
2026-04-16 17:51:58,755 INFO Epoch 9 | Batch 150 | Loss: 1.0685 | LR: 2.56e-04
2026-04-16 17:52:03,815 INFO Epoch 9 | Batch 200 | Loss: 0.9270 | LR: 2.56e-04
2026-04-16 17:52:08,817 INFO Epoch 9 | Batch 250 | Loss: 1.0432 | LR: 2.55e-04
2026-04-16 17:52:13,784 INFO Epoch 9 | Batch 300 | Loss: 0.9151 | LR: 2.55e-04
2026-04-16 17:52:18,887 INFO Epoch 9 | Batch 350 | Loss: 1.1588 | LR: 2.54e-04
2026-04-16 17:52:24,093 INFO Epoch 9 | Batch 400 | Loss: 0.8760 | LR: 2.54e-04
2026-04-16 17:52:29,238 INFO Epoch 9 | Batch 450 | Loss: 0.7479 | LR: 2.53e-04
2026-04-16 17:52:34,313 INFO Epoch 9 | Batch 500 | Loss: 0.8106 | LR: 2.53e-04
2026-04-16 17:52:39,364 INFO Epoch 9 | Batch 550 | Loss: 0.7173 | LR: 2.52e-04
2026-04-16 17:52:44,412 INFO Epoch 9 | Batch 600 | Loss: 0.8845 | LR: 2.52e-04
2026-04-16 17:52:49,592 INFO Epoch 9 | Batch 650 | Loss: 1.0548 | LR: 2.51e-04
2026-04-16 17:52:54,685 INFO Epoch 9 | Batch 700 | Loss: 0.7864 | LR: 2.51e-04
2026-04-16 17:52:59,707 INFO Epoch 9 | Batch 750 | Loss: 0.9191 | LR: 2.50e-04
2026-04-16 17:53:04,787 INFO Epoch 9 | Batch 800 | Loss: 0.9685 | LR: 2.50e-04
2026-04-16 17:53:09,522 INFO Epoch 9 | Batch 850 | Loss: 1.0921 | LR: 2.49e-04
2026-04-16 17:53:13,990 INFO Epoch 9 | Batch 900 | Loss: 1.1589 | LR: 2.49e-04
2026-04-16 17:53:18,823 INFO Epoch 9 | Batch 950 | Loss: 0.9881 | LR: 2.48e-04
2026-04-16 17:53:23,848 INFO Epoch 9 | Batch 1000 | Loss: 0.8978 | LR: 2.48e-04
2026-04-16 17:53:29,055 INFO Epoch 9 | Batch 1050 | Loss: 1.1193 | LR: 2.47e-04
2026-04-16 17:53:34,205 INFO Epoch 9 | Batch 1100 | Loss: 0.7965 | LR: 2.47e-04
2026-04-16 17:53:38,953 INFO Epoch 9 | Batch 1150 | Loss: 0.7638 | LR: 2.46e-04
2026-04-16 17:53:43,985 INFO Epoch 9 | Batch 1200 | Loss: 0.9716 | LR: 2.46e-04
2026-04-16 17:53:57,109 INFO Epoch 9 | Train: 0.9711 | Dev CER: 0.1716 | Dev WER: 0.4771 | Time: 137s | Peak: 5.3 GB
2026-04-16 17:53:57,110 INFO   New best CER: 0.1716
2026-04-16 17:54:00,615 INFO Epoch 10 | Batch 0 | Loss: 0.9354 | LR: 2.46e-04
2026-04-16 17:54:05,438 INFO Epoch 10 | Batch 50 | Loss: 0.9644 | LR: 2.45e-04
2026-04-16 17:54:10,394 INFO Epoch 10 | Batch 100 | Loss: 0.8290 | LR: 2.45e-04
2026-04-16 17:54:15,252 INFO Epoch 10 | Batch 150 | Loss: 0.8801 | LR: 2.44e-04
2026-04-16 17:54:20,113 INFO Epoch 10 | Batch 200 | Loss: 0.9073 | LR: 2.44e-04
2026-04-16 17:54:25,163 INFO Epoch 10 | Batch 250 | Loss: 0.7543 | LR: 2.43e-04
2026-04-16 17:54:30,341 INFO Epoch 10 | Batch 300 | Loss: 0.7637 | LR: 2.43e-04
2026-04-16 17:54:34,939 INFO Epoch 10 | Batch 350 | Loss: 0.7513 | LR: 2.42e-04
2026-04-16 17:54:39,513 INFO Epoch 10 | Batch 400 | Loss: 0.6019 | LR: 2.41e-04
2026-04-16 17:54:44,701 INFO Epoch 10 | Batch 450 | Loss: 0.9845 | LR: 2.41e-04
2026-04-16 17:54:49,836 INFO Epoch 10 | Batch 500 | Loss: 0.8025 | LR: 2.40e-04
2026-04-16 17:54:55,014 INFO Epoch 10 | Batch 550 | Loss: 0.8791 | LR: 2.40e-04
2026-04-16 17:55:00,101 INFO Epoch 10 | Batch 600 | Loss: 1.0223 | LR: 2.39e-04
2026-04-16 17:55:04,878 INFO Epoch 10 | Batch 650 | Loss: 0.9359 | LR: 2.39e-04
2026-04-16 17:55:09,846 INFO Epoch 10 | Batch 700 | Loss: 1.4478 | LR: 2.38e-04
2026-04-16 17:55:14,489 INFO Epoch 10 | Batch 750 | Loss: 0.6298 | LR: 2.38e-04
2026-04-16 17:55:19,185 INFO Epoch 10 | Batch 800 | Loss: 1.4888 | LR: 2.37e-04
2026-04-16 17:55:23,800 INFO Epoch 10 | Batch 850 | Loss: 0.7704 | LR: 2.37e-04
2026-04-16 17:55:28,149 INFO Epoch 10 | Batch 900 | Loss: 0.6937 | LR: 2.36e-04
2026-04-16 17:55:33,373 INFO Epoch 10 | Batch 950 | Loss: 0.8426 | LR: 2.36e-04
2026-04-16 17:55:38,045 INFO Epoch 10 | Batch 1000 | Loss: 0.7857 | LR: 2.35e-04
2026-04-16 17:55:43,188 INFO Epoch 10 | Batch 1050 | Loss: 0.7783 | LR: 2.35e-04
2026-04-16 17:55:48,174 INFO Epoch 10 | Batch 1100 | Loss: 0.7367 | LR: 2.34e-04
2026-04-16 17:55:53,172 INFO Epoch 10 | Batch 1150 | Loss: 0.8173 | LR: 2.34e-04
2026-04-16 17:55:58,234 INFO Epoch 10 | Batch 1200 | Loss: 0.8221 | LR: 2.33e-04
2026-04-16 17:56:10,539 INFO Epoch 10 | Train: 0.9217 | Dev CER: 0.1609 | Dev WER: 0.4503 | Time: 133s | Peak: 5.3 GB
2026-04-16 17:56:10,540 INFO   New best CER: 0.1609
2026-04-16 17:56:14,675 INFO Epoch 11 | Batch 0 | Loss: 0.9117 | LR: 2.33e-04
2026-04-16 17:56:19,427 INFO Epoch 11 | Batch 50 | Loss: 0.8585 | LR: 2.32e-04
2026-04-16 17:56:23,929 INFO Epoch 11 | Batch 100 | Loss: 0.6300 | LR: 2.32e-04
2026-04-16 17:56:28,542 INFO Epoch 11 | Batch 150 | Loss: 0.6319 | LR: 2.31e-04
2026-04-16 17:56:33,327 INFO Epoch 11 | Batch 200 | Loss: 1.1333 | LR: 2.30e-04
2026-04-16 17:56:37,885 INFO Epoch 11 | Batch 250 | Loss: 0.9323 | LR: 2.30e-04
2026-04-16 17:56:42,439 INFO Epoch 11 | Batch 300 | Loss: 1.0210 | LR: 2.29e-04
2026-04-16 17:56:47,052 INFO Epoch 11 | Batch 350 | Loss: 1.0034 | LR: 2.29e-04
2026-04-16 17:56:51,588 INFO Epoch 11 | Batch 400 | Loss: 0.5616 | LR: 2.28e-04
2026-04-16 17:56:56,144 INFO Epoch 11 | Batch 450 | Loss: 0.6239 | LR: 2.28e-04
2026-04-16 17:57:00,509 INFO Epoch 11 | Batch 500 | Loss: 0.8634 | LR: 2.27e-04
2026-04-16 17:57:05,229 INFO Epoch 11 | Batch 550 | Loss: 0.9236 | LR: 2.27e-04
2026-04-16 17:57:09,780 INFO Epoch 11 | Batch 600 | Loss: 0.8815 | LR: 2.26e-04
2026-04-16 17:57:14,287 INFO Epoch 11 | Batch 650 | Loss: 1.2948 | LR: 2.25e-04
2026-04-16 17:57:19,148 INFO Epoch 11 | Batch 700 | Loss: 0.8286 | LR: 2.25e-04
2026-04-16 17:57:24,044 INFO Epoch 11 | Batch 750 | Loss: 0.8523 | LR: 2.24e-04
2026-04-16 17:57:28,857 INFO Epoch 11 | Batch 800 | Loss: 1.0045 | LR: 2.24e-04
2026-04-16 17:57:33,655 INFO Epoch 11 | Batch 850 | Loss: 0.8109 | LR: 2.23e-04
2026-04-16 17:57:38,644 INFO Epoch 11 | Batch 900 | Loss: 0.7727 | LR: 2.23e-04
2026-04-16 17:57:43,457 INFO Epoch 11 | Batch 950 | Loss: 0.5410 | LR: 2.22e-04
2026-04-16 17:57:48,286 INFO Epoch 11 | Batch 1000 | Loss: 0.7145 | LR: 2.21e-04
2026-04-16 17:57:53,041 INFO Epoch 11 | Batch 1050 | Loss: 0.9059 | LR: 2.21e-04
2026-04-16 17:57:57,460 INFO Epoch 11 | Batch 1100 | Loss: 0.8167 | LR: 2.20e-04
2026-04-16 17:58:02,393 INFO Epoch 11 | Batch 1150 | Loss: 0.9698 | LR: 2.20e-04
2026-04-16 17:58:07,370 INFO Epoch 11 | Batch 1200 | Loss: 0.6280 | LR: 2.19e-04
2026-04-16 17:58:21,662 INFO Epoch 11 | Train: 0.8871 | Dev CER: 0.1556 | Dev WER: 0.4433 | Time: 131s | Peak: 5.3 GB
2026-04-16 17:58:21,662 INFO   New best CER: 0.1556
2026-04-16 17:58:25,089 INFO Epoch 12 | Batch 0 | Loss: 0.7843 | LR: 2.19e-04
2026-04-16 17:58:29,756 INFO Epoch 12 | Batch 50 | Loss: 1.8480 | LR: 2.18e-04
2026-04-16 17:58:34,566 INFO Epoch 12 | Batch 100 | Loss: 1.4308 | LR: 2.18e-04
2026-04-16 17:58:39,399 INFO Epoch 12 | Batch 150 | Loss: 0.8401 | LR: 2.17e-04
2026-04-16 17:58:44,123 INFO Epoch 12 | Batch 200 | Loss: 0.6448 | LR: 2.16e-04
2026-04-16 17:58:48,505 INFO Epoch 12 | Batch 250 | Loss: 0.8017 | LR: 2.16e-04
2026-04-16 17:58:52,873 INFO Epoch 12 | Batch 300 | Loss: 0.6298 | LR: 2.15e-04
2026-04-16 17:58:57,455 INFO Epoch 12 | Batch 350 | Loss: 0.9896 | LR: 2.15e-04
2026-04-16 17:59:02,032 INFO Epoch 12 | Batch 400 | Loss: 0.8794 | LR: 2.14e-04
2026-04-16 17:59:06,847 INFO Epoch 12 | Batch 450 | Loss: 0.7628 | LR: 2.13e-04
2026-04-16 17:59:11,258 INFO Epoch 12 | Batch 500 | Loss: 0.7026 | LR: 2.13e-04
2026-04-16 17:59:15,606 INFO Epoch 12 | Batch 550 | Loss: 1.0944 | LR: 2.12e-04
2026-04-16 17:59:20,020 INFO Epoch 12 | Batch 600 | Loss: 0.8288 | LR: 2.12e-04
2026-04-16 17:59:24,445 INFO Epoch 12 | Batch 650 | Loss: 0.9543 | LR: 2.11e-04
2026-04-16 17:59:29,007 INFO Epoch 12 | Batch 700 | Loss: 0.8537 | LR: 2.11e-04
2026-04-16 17:59:33,512 INFO Epoch 12 | Batch 750 | Loss: 0.5474 | LR: 2.10e-04
2026-04-16 17:59:37,991 INFO Epoch 12 | Batch 800 | Loss: 0.7338 | LR: 2.09e-04
2026-04-16 17:59:42,482 INFO Epoch 12 | Batch 850 | Loss: 0.8028 | LR: 2.09e-04
2026-04-16 17:59:47,182 INFO Epoch 12 | Batch 900 | Loss: 0.9175 | LR: 2.08e-04
2026-04-16 17:59:52,275 INFO Epoch 12 | Batch 950 | Loss: 1.0640 | LR: 2.08e-04
2026-04-16 17:59:57,153 INFO Epoch 12 | Batch 1000 | Loss: 0.9698 | LR: 2.07e-04
2026-04-16 18:00:01,682 INFO Epoch 12 | Batch 1050 | Loss: 0.8592 | LR: 2.06e-04
2026-04-16 18:00:06,014 INFO Epoch 12 | Batch 1100 | Loss: 0.7469 | LR: 2.06e-04
2026-04-16 18:00:10,618 INFO Epoch 12 | Batch 1150 | Loss: 0.7806 | LR: 2.05e-04
2026-04-16 18:00:15,627 INFO Epoch 12 | Batch 1200 | Loss: 1.0556 | LR: 2.04e-04
2026-04-16 18:00:28,751 INFO Epoch 12 | Train: 0.8655 | Dev CER: 0.1475 | Dev WER: 0.4198 | Time: 127s | Peak: 5.3 GB
2026-04-16 18:00:28,752 INFO   New best CER: 0.1475
2026-04-16 18:00:32,170 INFO Epoch 13 | Batch 0 | Loss: 0.8988 | LR: 2.04e-04
2026-04-16 18:00:36,682 INFO Epoch 13 | Batch 50 | Loss: 0.6797 | LR: 2.03e-04
2026-04-16 18:00:41,222 INFO Epoch 13 | Batch 100 | Loss: 0.6863 | LR: 2.03e-04
2026-04-16 18:00:45,753 INFO Epoch 13 | Batch 150 | Loss: 0.6489 | LR: 2.02e-04
2026-04-16 18:00:50,316 INFO Epoch 13 | Batch 200 | Loss: 0.6936 | LR: 2.02e-04
2026-04-16 18:00:54,827 INFO Epoch 13 | Batch 250 | Loss: 0.8991 | LR: 2.01e-04
2026-04-16 18:00:59,444 INFO Epoch 13 | Batch 300 | Loss: 0.7431 | LR: 2.00e-04
2026-04-16 18:01:04,249 INFO Epoch 13 | Batch 350 | Loss: 0.9617 | LR: 2.00e-04
2026-04-16 18:01:09,147 INFO Epoch 13 | Batch 400 | Loss: 0.7877 | LR: 1.99e-04
2026-04-16 18:01:13,823 INFO Epoch 13 | Batch 450 | Loss: 0.7659 | LR: 1.99e-04
2026-04-16 18:01:18,805 INFO Epoch 13 | Batch 500 | Loss: 0.6297 | LR: 1.98e-04
2026-04-16 18:01:23,831 INFO Epoch 13 | Batch 550 | Loss: 0.6921 | LR: 1.97e-04
2026-04-16 18:01:28,691 INFO Epoch 13 | Batch 600 | Loss: 0.6813 | LR: 1.97e-04
2026-04-16 18:01:33,740 INFO Epoch 13 | Batch 650 | Loss: 0.9283 | LR: 1.96e-04
2026-04-16 18:01:38,880 INFO Epoch 13 | Batch 700 | Loss: 0.8661 | LR: 1.95e-04
2026-04-16 18:01:43,978 INFO Epoch 13 | Batch 750 | Loss: 0.8507 | LR: 1.95e-04
2026-04-16 18:01:48,769 INFO Epoch 13 | Batch 800 | Loss: 0.6895 | LR: 1.94e-04
2026-04-16 18:01:53,597 INFO Epoch 13 | Batch 850 | Loss: 1.2217 | LR: 1.94e-04
2026-04-16 18:01:58,451 INFO Epoch 13 | Batch 900 | Loss: 0.9342 | LR: 1.93e-04
2026-04-16 18:02:03,676 INFO Epoch 13 | Batch 950 | Loss: 0.7847 | LR: 1.92e-04
2026-04-16 18:02:08,608 INFO Epoch 13 | Batch 1000 | Loss: 0.7468 | LR: 1.92e-04
2026-04-16 18:02:13,661 INFO Epoch 13 | Batch 1050 | Loss: 0.6613 | LR: 1.91e-04
2026-04-16 18:02:18,556 INFO Epoch 13 | Batch 1100 | Loss: 1.3495 | LR: 1.90e-04
2026-04-16 18:02:23,602 INFO Epoch 13 | Batch 1150 | Loss: 0.9372 | LR: 1.90e-04
2026-04-16 18:02:28,711 INFO Epoch 13 | Batch 1200 | Loss: 1.2215 | LR: 1.89e-04
2026-04-16 18:02:41,209 INFO Epoch 13 | Train: 0.8289 | Dev CER: 0.1413 | Dev WER: 0.4014 | Time: 132s | Peak: 5.3 GB
2026-04-16 18:02:41,209 INFO   New best CER: 0.1413
2026-04-16 18:02:45,244 INFO Epoch 14 | Batch 0 | Loss: 0.8603 | LR: 1.89e-04
2026-04-16 18:02:49,692 INFO Epoch 14 | Batch 50 | Loss: 1.0187 | LR: 1.88e-04
2026-04-16 18:02:54,199 INFO Epoch 14 | Batch 100 | Loss: 0.7458 | LR: 1.87e-04
2026-04-16 18:02:59,038 INFO Epoch 14 | Batch 150 | Loss: 0.7319 | LR: 1.87e-04
2026-04-16 18:03:04,264 INFO Epoch 14 | Batch 200 | Loss: 0.7981 | LR: 1.86e-04
2026-04-16 18:03:09,351 INFO Epoch 14 | Batch 250 | Loss: 0.9080 | LR: 1.86e-04
2026-04-16 18:03:14,392 INFO Epoch 14 | Batch 300 | Loss: 0.6773 | LR: 1.85e-04
2026-04-16 18:03:19,439 INFO Epoch 14 | Batch 350 | Loss: 0.9148 | LR: 1.84e-04
2026-04-16 18:03:24,439 INFO Epoch 14 | Batch 400 | Loss: 0.8120 | LR: 1.84e-04
2026-04-16 18:03:29,456 INFO Epoch 14 | Batch 450 | Loss: 0.8653 | LR: 1.83e-04
2026-04-16 18:03:34,529 INFO Epoch 14 | Batch 500 | Loss: 0.8316 | LR: 1.82e-04
2026-04-16 18:03:39,526 INFO Epoch 14 | Batch 550 | Loss: 0.8483 | LR: 1.82e-04
2026-04-16 18:03:44,508 INFO Epoch 14 | Batch 600 | Loss: 0.9622 | LR: 1.81e-04
2026-04-16 18:03:49,645 INFO Epoch 14 | Batch 650 | Loss: 0.7168 | LR: 1.81e-04
2026-04-16 18:03:54,268 INFO Epoch 14 | Batch 700 | Loss: 0.8397 | LR: 1.80e-04
2026-04-16 18:03:58,790 INFO Epoch 14 | Batch 750 | Loss: 0.6310 | LR: 1.79e-04
2026-04-16 18:04:03,304 INFO Epoch 14 | Batch 800 | Loss: 0.7681 | LR: 1.79e-04
2026-04-16 18:04:08,091 INFO Epoch 14 | Batch 850 | Loss: 0.6983 | LR: 1.78e-04
2026-04-16 18:04:12,801 INFO Epoch 14 | Batch 900 | Loss: 0.7748 | LR: 1.77e-04
2026-04-16 18:04:17,913 INFO Epoch 14 | Batch 950 | Loss: 0.8363 | LR: 1.77e-04
2026-04-16 18:04:23,045 INFO Epoch 14 | Batch 1000 | Loss: 0.6824 | LR: 1.76e-04
2026-04-16 18:04:28,142 INFO Epoch 14 | Batch 1050 | Loss: 0.8376 | LR: 1.75e-04
2026-04-16 18:04:33,189 INFO Epoch 14 | Batch 1100 | Loss: 0.6715 | LR: 1.75e-04
2026-04-16 18:04:38,333 INFO Epoch 14 | Batch 1150 | Loss: 0.8171 | LR: 1.74e-04
2026-04-16 18:04:43,219 INFO Epoch 14 | Batch 1200 | Loss: 0.8450 | LR: 1.73e-04
2026-04-16 18:04:56,590 INFO Epoch 14 | Train: 0.8127 | Dev CER: 0.1380 | Dev WER: 0.3918 | Time: 135s | Peak: 5.3 GB
2026-04-16 18:04:56,590 INFO   New best CER: 0.1380
2026-04-16 18:05:00,535 INFO Epoch 15 | Batch 0 | Loss: 0.6967 | LR: 1.73e-04
2026-04-16 18:05:05,585 INFO Epoch 15 | Batch 50 | Loss: 0.7863 | LR: 1.72e-04
2026-04-16 18:05:10,726 INFO Epoch 15 | Batch 100 | Loss: 0.6004 | LR: 1.72e-04
2026-04-16 18:05:15,615 INFO Epoch 15 | Batch 150 | Loss: 0.6394 | LR: 1.71e-04
2026-04-16 18:05:20,614 INFO Epoch 15 | Batch 200 | Loss: 0.9386 | LR: 1.70e-04
2026-04-16 18:05:25,609 INFO Epoch 15 | Batch 250 | Loss: 0.6788 | LR: 1.70e-04
2026-04-16 18:05:30,712 INFO Epoch 15 | Batch 300 | Loss: 0.8189 | LR: 1.69e-04
2026-04-16 18:05:35,864 INFO Epoch 15 | Batch 350 | Loss: 0.6617 | LR: 1.68e-04
2026-04-16 18:05:40,912 INFO Epoch 15 | Batch 400 | Loss: 0.6743 | LR: 1.68e-04
2026-04-16 18:05:45,893 INFO Epoch 15 | Batch 450 | Loss: 0.5527 | LR: 1.67e-04
2026-04-16 18:05:50,936 INFO Epoch 15 | Batch 500 | Loss: 0.8842 | LR: 1.67e-04
2026-04-16 18:05:55,930 INFO Epoch 15 | Batch 550 | Loss: 0.6437 | LR: 1.66e-04
2026-04-16 18:06:01,119 INFO Epoch 15 | Batch 600 | Loss: 0.5727 | LR: 1.65e-04
2026-04-16 18:06:05,605 INFO Epoch 15 | Batch 650 | Loss: 0.5720 | LR: 1.65e-04
2026-04-16 18:06:10,475 INFO Epoch 15 | Batch 700 | Loss: 0.7488 | LR: 1.64e-04
2026-04-16 18:06:15,588 INFO Epoch 15 | Batch 750 | Loss: 0.8088 | LR: 1.63e-04
2026-04-16 18:06:20,671 INFO Epoch 15 | Batch 800 | Loss: 0.8048 | LR: 1.63e-04
2026-04-16 18:06:25,724 INFO Epoch 15 | Batch 850 | Loss: 0.6031 | LR: 1.62e-04
2026-04-16 18:06:30,628 INFO Epoch 15 | Batch 900 | Loss: 0.8906 | LR: 1.61e-04
2026-04-16 18:06:35,599 INFO Epoch 15 | Batch 950 | Loss: 0.8318 | LR: 1.61e-04
2026-04-16 18:06:40,660 INFO Epoch 15 | Batch 1000 | Loss: 0.7091 | LR: 1.60e-04
2026-04-16 18:06:45,774 INFO Epoch 15 | Batch 1050 | Loss: 0.6541 | LR: 1.59e-04
2026-04-16 18:06:50,766 INFO Epoch 15 | Batch 1100 | Loss: 0.8366 | LR: 1.59e-04
2026-04-16 18:06:55,769 INFO Epoch 15 | Batch 1150 | Loss: 0.8107 | LR: 1.58e-04
2026-04-16 18:07:00,886 INFO Epoch 15 | Batch 1200 | Loss: 0.8977 | LR: 1.57e-04
2026-04-16 18:07:13,943 INFO Epoch 15 | Train: 0.7896 | Dev CER: 0.1328 | Dev WER: 0.3818 | Time: 137s | Peak: 5.3 GB
2026-04-16 18:07:13,943 INFO   New best CER: 0.1328
2026-04-16 18:07:17,407 INFO Epoch 16 | Batch 0 | Loss: 0.7279 | LR: 1.57e-04
2026-04-16 18:07:22,090 INFO Epoch 16 | Batch 50 | Loss: 0.6862 | LR: 1.56e-04
2026-04-16 18:07:27,181 INFO Epoch 16 | Batch 100 | Loss: 0.8941 | LR: 1.56e-04
2026-04-16 18:07:32,122 INFO Epoch 16 | Batch 150 | Loss: 0.6512 | LR: 1.55e-04
2026-04-16 18:07:37,302 INFO Epoch 16 | Batch 200 | Loss: 0.4927 | LR: 1.54e-04
2026-04-16 18:07:42,483 INFO Epoch 16 | Batch 250 | Loss: 0.7930 | LR: 1.54e-04
2026-04-16 18:07:47,373 INFO Epoch 16 | Batch 300 | Loss: 0.8469 | LR: 1.53e-04
2026-04-16 18:07:52,251 INFO Epoch 16 | Batch 350 | Loss: 0.7031 | LR: 1.52e-04
2026-04-16 18:07:57,046 INFO Epoch 16 | Batch 400 | Loss: 0.6355 | LR: 1.52e-04
2026-04-16 18:08:02,072 INFO Epoch 16 | Batch 450 | Loss: 0.7234 | LR: 1.51e-04
2026-04-16 18:08:07,213 INFO Epoch 16 | Batch 500 | Loss: 0.7362 | LR: 1.50e-04
2026-04-16 18:08:12,392 INFO Epoch 16 | Batch 550 | Loss: 0.6298 | LR: 1.50e-04
2026-04-16 18:08:17,552 INFO Epoch 16 | Batch 600 | Loss: 0.8683 | LR: 1.49e-04
2026-04-16 18:08:22,665 INFO Epoch 16 | Batch 650 | Loss: 0.7258 | LR: 1.49e-04
2026-04-16 18:08:27,824 INFO Epoch 16 | Batch 700 | Loss: 0.9320 | LR: 1.48e-04
2026-04-16 18:08:33,046 INFO Epoch 16 | Batch 750 | Loss: 0.8096 | LR: 1.47e-04
2026-04-16 18:08:38,196 INFO Epoch 16 | Batch 800 | Loss: 0.6611 | LR: 1.47e-04
2026-04-16 18:08:43,214 INFO Epoch 16 | Batch 850 | Loss: 0.5718 | LR: 1.46e-04
2026-04-16 18:08:48,285 INFO Epoch 16 | Batch 900 | Loss: 1.0698 | LR: 1.45e-04
2026-04-16 18:08:53,348 INFO Epoch 16 | Batch 950 | Loss: 0.6174 | LR: 1.45e-04
2026-04-16 18:08:58,537 INFO Epoch 16 | Batch 1000 | Loss: 0.7004 | LR: 1.44e-04
2026-04-16 18:09:03,681 INFO Epoch 16 | Batch 1050 | Loss: 0.6473 | LR: 1.43e-04
2026-04-16 18:09:08,690 INFO Epoch 16 | Batch 1100 | Loss: 0.6791 | LR: 1.43e-04
2026-04-16 18:09:13,774 INFO Epoch 16 | Batch 1150 | Loss: 0.7168 | LR: 1.42e-04
2026-04-16 18:09:18,781 INFO Epoch 16 | Batch 1200 | Loss: 0.6202 | LR: 1.41e-04
2026-04-16 18:09:32,410 INFO Epoch 16 | Train: 0.7699 | Dev CER: 0.1296 | Dev WER: 0.3751 | Time: 138s | Peak: 5.3 GB
2026-04-16 18:09:32,410 INFO   New best CER: 0.1296
2026-04-16 18:09:36,876 INFO Epoch 17 | Batch 0 | Loss: 0.5550 | LR: 1.41e-04
2026-04-16 18:09:41,848 INFO Epoch 17 | Batch 50 | Loss: 0.8565 | LR: 1.40e-04
2026-04-16 18:09:46,733 INFO Epoch 17 | Batch 100 | Loss: 0.7014 | LR: 1.40e-04
2026-04-16 18:09:51,604 INFO Epoch 17 | Batch 150 | Loss: 0.7683 | LR: 1.39e-04
2026-04-16 18:09:56,311 INFO Epoch 17 | Batch 200 | Loss: 0.7334 | LR: 1.38e-04
2026-04-16 18:10:01,141 INFO Epoch 17 | Batch 250 | Loss: 0.6086 | LR: 1.38e-04
2026-04-16 18:10:05,963 INFO Epoch 17 | Batch 300 | Loss: 0.7355 | LR: 1.37e-04
2026-04-16 18:10:11,027 INFO Epoch 17 | Batch 350 | Loss: 0.5481 | LR: 1.36e-04
2026-04-16 18:10:16,179 INFO Epoch 17 | Batch 400 | Loss: 0.6947 | LR: 1.36e-04
2026-04-16 18:10:21,345 INFO Epoch 17 | Batch 450 | Loss: 0.8797 | LR: 1.35e-04
2026-04-16 18:10:26,335 INFO Epoch 17 | Batch 500 | Loss: 0.7646 | LR: 1.34e-04
2026-04-16 18:10:31,355 INFO Epoch 17 | Batch 550 | Loss: 0.7035 | LR: 1.34e-04
2026-04-16 18:10:36,328 INFO Epoch 17 | Batch 600 | Loss: 0.6265 | LR: 1.33e-04
2026-04-16 18:10:41,407 INFO Epoch 17 | Batch 650 | Loss: 0.7851 | LR: 1.32e-04
2026-04-16 18:10:46,417 INFO Epoch 17 | Batch 700 | Loss: 0.6269 | LR: 1.32e-04
2026-04-16 18:10:51,478 INFO Epoch 17 | Batch 750 | Loss: 0.6973 | LR: 1.31e-04
2026-04-16 18:10:56,589 INFO Epoch 17 | Batch 800 | Loss: 0.5984 | LR: 1.31e-04
2026-04-16 18:11:01,566 INFO Epoch 17 | Batch 850 | Loss: 0.8326 | LR: 1.30e-04
2026-04-16 18:11:06,693 INFO Epoch 17 | Batch 900 | Loss: 0.5246 | LR: 1.29e-04
2026-04-16 18:11:11,641 INFO Epoch 17 | Batch 950 | Loss: 0.7420 | LR: 1.29e-04
2026-04-16 18:11:16,628 INFO Epoch 17 | Batch 1000 | Loss: 0.7513 | LR: 1.28e-04
2026-04-16 18:11:21,672 INFO Epoch 17 | Batch 1050 | Loss: 0.6156 | LR: 1.27e-04
2026-04-16 18:11:26,733 INFO Epoch 17 | Batch 1100 | Loss: 0.6435 | LR: 1.27e-04
2026-04-16 18:11:31,817 INFO Epoch 17 | Batch 1150 | Loss: 0.8501 | LR: 1.26e-04
2026-04-16 18:11:36,790 INFO Epoch 17 | Batch 1200 | Loss: 0.7788 | LR: 1.25e-04
2026-04-16 18:11:50,830 INFO Epoch 17 | Train: 0.7496 | Dev CER: 0.1268 | Dev WER: 0.3679 | Time: 137s | Peak: 5.3 GB
2026-04-16 18:11:50,831 INFO   New best CER: 0.1268
2026-04-16 18:11:54,366 INFO Epoch 18 | Batch 0 | Loss: 1.0004 | LR: 1.25e-04
2026-04-16 18:11:59,415 INFO Epoch 18 | Batch 50 | Loss: 0.6325 | LR: 1.24e-04
2026-04-16 18:12:04,383 INFO Epoch 18 | Batch 100 | Loss: 0.6489 | LR: 1.24e-04
2026-04-16 18:12:09,551 INFO Epoch 18 | Batch 150 | Loss: 0.8647 | LR: 1.23e-04
2026-04-16 18:12:14,638 INFO Epoch 18 | Batch 200 | Loss: 0.9371 | LR: 1.22e-04
2026-04-16 18:12:19,762 INFO Epoch 18 | Batch 250 | Loss: 0.5498 | LR: 1.22e-04
2026-04-16 18:12:24,806 INFO Epoch 18 | Batch 300 | Loss: 0.6514 | LR: 1.21e-04
2026-04-16 18:12:29,950 INFO Epoch 18 | Batch 350 | Loss: 0.5420 | LR: 1.20e-04
2026-04-16 18:12:35,087 INFO Epoch 18 | Batch 400 | Loss: 0.7441 | LR: 1.20e-04
2026-04-16 18:12:40,319 INFO Epoch 18 | Batch 450 | Loss: 0.6188 | LR: 1.19e-04
2026-04-16 18:12:45,503 INFO Epoch 18 | Batch 500 | Loss: 0.6189 | LR: 1.19e-04
2026-04-16 18:12:50,710 INFO Epoch 18 | Batch 550 | Loss: 0.5462 | LR: 1.18e-04
2026-04-16 18:12:55,850 INFO Epoch 18 | Batch 600 | Loss: 0.4257 | LR: 1.17e-04
2026-04-16 18:13:00,898 INFO Epoch 18 | Batch 650 | Loss: 1.0762 | LR: 1.17e-04
2026-04-16 18:13:06,030 INFO Epoch 18 | Batch 700 | Loss: 0.5814 | LR: 1.16e-04
2026-04-16 18:13:11,131 INFO Epoch 18 | Batch 750 | Loss: 0.7269 | LR: 1.15e-04
2026-04-16 18:13:16,046 INFO Epoch 18 | Batch 800 | Loss: 0.9412 | LR: 1.15e-04
2026-04-16 18:13:21,072 INFO Epoch 18 | Batch 850 | Loss: 0.7931 | LR: 1.14e-04
2026-04-16 18:13:26,146 INFO Epoch 18 | Batch 900 | Loss: 0.6011 | LR: 1.13e-04
2026-04-16 18:13:31,292 INFO Epoch 18 | Batch 950 | Loss: 0.7208 | LR: 1.13e-04
2026-04-16 18:13:36,254 INFO Epoch 18 | Batch 1000 | Loss: 0.7742 | LR: 1.12e-04
2026-04-16 18:13:41,470 INFO Epoch 18 | Batch 1050 | Loss: 0.7363 | LR: 1.12e-04
2026-04-16 18:13:46,562 INFO Epoch 18 | Batch 1100 | Loss: 0.8950 | LR: 1.11e-04
2026-04-16 18:13:51,429 INFO Epoch 18 | Batch 1150 | Loss: 1.1832 | LR: 1.10e-04
2026-04-16 18:13:56,518 INFO Epoch 18 | Batch 1200 | Loss: 0.6316 | LR: 1.10e-04
2026-04-16 18:14:10,856 INFO Epoch 18 | Train: 0.7287 | Dev CER: 0.1223 | Dev WER: 0.3552 | Time: 140s | Peak: 5.3 GB
2026-04-16 18:14:10,856 INFO   New best CER: 0.1223
2026-04-16 18:14:14,436 INFO Epoch 19 | Batch 0 | Loss: 0.9049 | LR: 1.09e-04
2026-04-16 18:14:19,329 INFO Epoch 19 | Batch 50 | Loss: 0.4895 | LR: 1.09e-04
2026-04-16 18:14:24,307 INFO Epoch 19 | Batch 100 | Loss: 0.6712 | LR: 1.08e-04
2026-04-16 18:14:29,400 INFO Epoch 19 | Batch 150 | Loss: 0.4162 | LR: 1.07e-04
2026-04-16 18:14:34,470 INFO Epoch 19 | Batch 200 | Loss: 0.6009 | LR: 1.07e-04
2026-04-16 18:14:39,415 INFO Epoch 19 | Batch 250 | Loss: 0.6524 | LR: 1.06e-04
2026-04-16 18:14:44,544 INFO Epoch 19 | Batch 300 | Loss: 0.7343 | LR: 1.06e-04
2026-04-16 18:14:49,660 INFO Epoch 19 | Batch 350 | Loss: 1.0354 | LR: 1.05e-04
2026-04-16 18:14:54,699 INFO Epoch 19 | Batch 400 | Loss: 0.7672 | LR: 1.04e-04
2026-04-16 18:14:59,900 INFO Epoch 19 | Batch 450 | Loss: 0.8529 | LR: 1.04e-04
2026-04-16 18:15:05,035 INFO Epoch 19 | Batch 500 | Loss: 1.0639 | LR: 1.03e-04
2026-04-16 18:15:10,183 INFO Epoch 19 | Batch 550 | Loss: 0.6908 | LR: 1.02e-04
2026-04-16 18:15:15,334 INFO Epoch 19 | Batch 600 | Loss: 0.6444 | LR: 1.02e-04
2026-04-16 18:15:20,438 INFO Epoch 19 | Batch 650 | Loss: 1.0124 | LR: 1.01e-04
2026-04-16 18:15:25,567 INFO Epoch 19 | Batch 700 | Loss: 0.6676 | LR: 1.01e-04
2026-04-16 18:15:30,619 INFO Epoch 19 | Batch 750 | Loss: 0.9267 | LR: 1.00e-04
2026-04-16 18:15:35,679 INFO Epoch 19 | Batch 800 | Loss: 0.5550 | LR: 9.94e-05
2026-04-16 18:15:40,755 INFO Epoch 19 | Batch 850 | Loss: 0.7569 | LR: 9.88e-05
2026-04-16 18:15:45,717 INFO Epoch 19 | Batch 900 | Loss: 0.6663 | LR: 9.81e-05
2026-04-16 18:15:50,777 INFO Epoch 19 | Batch 950 | Loss: 0.7062 | LR: 9.75e-05
2026-04-16 18:15:55,817 INFO Epoch 19 | Batch 1000 | Loss: 0.6295 | LR: 9.69e-05
2026-04-16 18:16:00,939 INFO Epoch 19 | Batch 1050 | Loss: 0.5858 | LR: 9.63e-05
2026-04-16 18:16:05,923 INFO Epoch 19 | Batch 1100 | Loss: 0.6737 | LR: 9.57e-05
2026-04-16 18:16:10,915 INFO Epoch 19 | Batch 1150 | Loss: 0.9350 | LR: 9.51e-05
2026-04-16 18:16:15,986 INFO Epoch 19 | Batch 1200 | Loss: 0.5348 | LR: 9.45e-05
2026-04-16 18:16:29,675 INFO Epoch 19 | Train: 0.7187 | Dev CER: 0.1197 | Dev WER: 0.3466 | Time: 138s | Peak: 5.3 GB
2026-04-16 18:16:29,675 INFO   New best CER: 0.1197
2026-04-16 18:16:33,145 INFO Epoch 20 | Batch 0 | Loss: 0.4917 | LR: 9.41e-05
2026-04-16 18:16:38,358 INFO Epoch 20 | Batch 50 | Loss: 0.6556 | LR: 9.35e-05
2026-04-16 18:16:43,292 INFO Epoch 20 | Batch 100 | Loss: 0.3983 | LR: 9.29e-05
2026-04-16 18:16:48,424 INFO Epoch 20 | Batch 150 | Loss: 0.7706 | LR: 9.23e-05
2026-04-16 18:16:53,467 INFO Epoch 20 | Batch 200 | Loss: 0.6752 | LR: 9.17e-05
2026-04-16 18:16:58,457 INFO Epoch 20 | Batch 250 | Loss: 0.7562 | LR: 9.11e-05
2026-04-16 18:17:03,496 INFO Epoch 20 | Batch 300 | Loss: 0.4772 | LR: 9.05e-05
2026-04-16 18:17:08,482 INFO Epoch 20 | Batch 350 | Loss: 0.7924 | LR: 8.99e-05
2026-04-16 18:17:13,609 INFO Epoch 20 | Batch 400 | Loss: 0.7643 | LR: 8.93e-05
2026-04-16 18:17:18,777 INFO Epoch 20 | Batch 450 | Loss: 0.6686 | LR: 8.87e-05
2026-04-16 18:17:23,929 INFO Epoch 20 | Batch 500 | Loss: 0.6549 | LR: 8.81e-05
2026-04-16 18:17:28,991 INFO Epoch 20 | Batch 550 | Loss: 0.5650 | LR: 8.75e-05
2026-04-16 18:17:34,123 INFO Epoch 20 | Batch 600 | Loss: 1.1978 | LR: 8.69e-05
2026-04-16 18:17:39,014 INFO Epoch 20 | Batch 650 | Loss: 0.5973 | LR: 8.63e-05
2026-04-16 18:17:44,116 INFO Epoch 20 | Batch 700 | Loss: 1.0273 | LR: 8.57e-05
2026-04-16 18:17:49,210 INFO Epoch 20 | Batch 750 | Loss: 0.5780 | LR: 8.52e-05
2026-04-16 18:17:54,332 INFO Epoch 20 | Batch 800 | Loss: 0.8860 | LR: 8.46e-05
2026-04-16 18:17:59,420 INFO Epoch 20 | Batch 850 | Loss: 0.6507 | LR: 8.40e-05
2026-04-16 18:18:04,242 INFO Epoch 20 | Batch 900 | Loss: 0.5203 | LR: 8.34e-05
2026-04-16 18:18:09,143 INFO Epoch 20 | Batch 950 | Loss: 0.6344 | LR: 8.28e-05
2026-04-16 18:18:14,152 INFO Epoch 20 | Batch 1000 | Loss: 0.9112 | LR: 8.22e-05
2026-04-16 18:18:19,329 INFO Epoch 20 | Batch 1050 | Loss: 0.6416 | LR: 8.17e-05
2026-04-16 18:18:24,441 INFO Epoch 20 | Batch 1100 | Loss: 0.9878 | LR: 8.11e-05
2026-04-16 18:18:29,587 INFO Epoch 20 | Batch 1150 | Loss: 0.9560 | LR: 8.05e-05
2026-04-16 18:18:34,627 INFO Epoch 20 | Batch 1200 | Loss: 0.4441 | LR: 7.99e-05
2026-04-16 18:18:48,295 INFO Epoch 20 | Train: 0.7093 | Dev CER: 0.1183 | Dev WER: 0.3430 | Time: 138s | Peak: 5.3 GB
2026-04-16 18:18:48,295 INFO   New best CER: 0.1183
2026-04-16 18:18:52,087 INFO Epoch 21 | Batch 0 | Loss: 0.7090 | LR: 7.95e-05
2026-04-16 18:18:57,307 INFO Epoch 21 | Batch 50 | Loss: 0.7536 | LR: 7.90e-05
2026-04-16 18:19:02,413 INFO Epoch 21 | Batch 100 | Loss: 0.7268 | LR: 7.84e-05
2026-04-16 18:19:07,589 INFO Epoch 21 | Batch 150 | Loss: 0.5999 | LR: 7.78e-05
2026-04-16 18:19:12,591 INFO Epoch 21 | Batch 200 | Loss: 0.5256 | LR: 7.72e-05
2026-04-16 18:19:17,624 INFO Epoch 21 | Batch 250 | Loss: 0.6587 | LR: 7.67e-05
2026-04-16 18:19:22,687 INFO Epoch 21 | Batch 300 | Loss: 0.6051 | LR: 7.61e-05
2026-04-16 18:19:27,596 INFO Epoch 21 | Batch 350 | Loss: 0.5513 | LR: 7.56e-05
2026-04-16 18:19:32,643 INFO Epoch 21 | Batch 400 | Loss: 0.6012 | LR: 7.50e-05
2026-04-16 18:19:37,842 INFO Epoch 21 | Batch 450 | Loss: 0.5222 | LR: 7.44e-05
2026-04-16 18:19:42,873 INFO Epoch 21 | Batch 500 | Loss: 0.8238 | LR: 7.39e-05
2026-04-16 18:19:47,935 INFO Epoch 21 | Batch 550 | Loss: 0.6175 | LR: 7.33e-05
2026-04-16 18:19:53,024 INFO Epoch 21 | Batch 600 | Loss: 0.5724 | LR: 7.28e-05
2026-04-16 18:19:58,125 INFO Epoch 21 | Batch 650 | Loss: 0.7836 | LR: 7.22e-05
2026-04-16 18:20:03,091 INFO Epoch 21 | Batch 700 | Loss: 0.9550 | LR: 7.16e-05
2026-04-16 18:20:08,200 INFO Epoch 21 | Batch 750 | Loss: 0.5593 | LR: 7.11e-05
2026-04-16 18:20:13,255 INFO Epoch 21 | Batch 800 | Loss: 0.9444 | LR: 7.05e-05
2026-04-16 18:20:18,376 INFO Epoch 21 | Batch 850 | Loss: 0.5468 | LR: 7.00e-05
2026-04-16 18:20:23,374 INFO Epoch 21 | Batch 900 | Loss: 0.9592 | LR: 6.94e-05
2026-04-16 18:20:28,455 INFO Epoch 21 | Batch 950 | Loss: 0.5661 | LR: 6.89e-05
2026-04-16 18:20:33,561 INFO Epoch 21 | Batch 1000 | Loss: 0.4172 | LR: 6.84e-05
2026-04-16 18:20:38,752 INFO Epoch 21 | Batch 1050 | Loss: 0.6320 | LR: 6.78e-05
2026-04-16 18:20:44,044 INFO Epoch 21 | Batch 1100 | Loss: 0.6978 | LR: 6.73e-05
2026-04-16 18:20:49,370 INFO Epoch 21 | Batch 1150 | Loss: 0.6498 | LR: 6.67e-05
2026-04-16 18:20:54,454 INFO Epoch 21 | Batch 1200 | Loss: 1.0677 | LR: 6.62e-05
2026-04-16 18:21:08,458 INFO Epoch 21 | Train: 0.6884 | Dev CER: 0.1148 | Dev WER: 0.3367 | Time: 140s | Peak: 5.3 GB
2026-04-16 18:21:08,459 INFO   New best CER: 0.1148
2026-04-16 18:21:12,233 INFO Epoch 22 | Batch 0 | Loss: 0.9329 | LR: 6.58e-05
2026-04-16 18:21:17,371 INFO Epoch 22 | Batch 50 | Loss: 0.4787 | LR: 6.53e-05
2026-04-16 18:21:22,687 INFO Epoch 22 | Batch 100 | Loss: 0.5024 | LR: 6.47e-05
2026-04-16 18:21:28,113 INFO Epoch 22 | Batch 150 | Loss: 0.9496 | LR: 6.42e-05
2026-04-16 18:21:33,409 INFO Epoch 22 | Batch 200 | Loss: 0.7674 | LR: 6.37e-05
2026-04-16 18:21:38,645 INFO Epoch 22 | Batch 250 | Loss: 0.5074 | LR: 6.31e-05
2026-04-16 18:21:43,880 INFO Epoch 22 | Batch 300 | Loss: 0.7003 | LR: 6.26e-05
2026-04-16 18:21:49,239 INFO Epoch 22 | Batch 350 | Loss: 0.8756 | LR: 6.21e-05
2026-04-16 18:21:54,490 INFO Epoch 22 | Batch 400 | Loss: 0.5726 | LR: 6.16e-05
2026-04-16 18:21:59,705 INFO Epoch 22 | Batch 450 | Loss: 0.5053 | LR: 6.10e-05
2026-04-16 18:22:04,724 INFO Epoch 22 | Batch 500 | Loss: 0.4525 | LR: 6.05e-05
2026-04-16 18:22:09,785 INFO Epoch 22 | Batch 550 | Loss: 0.6437 | LR: 6.00e-05
2026-04-16 18:22:14,783 INFO Epoch 22 | Batch 600 | Loss: 0.6653 | LR: 5.95e-05
2026-04-16 18:22:19,911 INFO Epoch 22 | Batch 650 | Loss: 0.7119 | LR: 5.90e-05
2026-04-16 18:22:24,834 INFO Epoch 22 | Batch 700 | Loss: 0.4989 | LR: 5.85e-05
2026-04-16 18:22:29,829 INFO Epoch 22 | Batch 750 | Loss: 0.7239 | LR: 5.79e-05
2026-04-16 18:22:34,995 INFO Epoch 22 | Batch 800 | Loss: 0.6925 | LR: 5.74e-05
2026-04-16 18:22:40,056 INFO Epoch 22 | Batch 850 | Loss: 0.7066 | LR: 5.69e-05
2026-04-16 18:22:45,170 INFO Epoch 22 | Batch 900 | Loss: 0.8008 | LR: 5.64e-05
2026-04-16 18:22:50,117 INFO Epoch 22 | Batch 950 | Loss: 0.8273 | LR: 5.59e-05
2026-04-16 18:22:55,110 INFO Epoch 22 | Batch 1000 | Loss: 0.5205 | LR: 5.54e-05
2026-04-16 18:23:00,196 INFO Epoch 22 | Batch 1050 | Loss: 0.5914 | LR: 5.49e-05
2026-04-16 18:23:05,263 INFO Epoch 22 | Batch 1100 | Loss: 0.7167 | LR: 5.44e-05
2026-04-16 18:23:10,393 INFO Epoch 22 | Batch 1150 | Loss: 0.6407 | LR: 5.39e-05
2026-04-16 18:23:15,367 INFO Epoch 22 | Batch 1200 | Loss: 0.8982 | LR: 5.34e-05
2026-04-16 18:23:28,657 INFO Epoch 22 | Train: 0.6812 | Dev CER: 0.1137 | Dev WER: 0.3316 | Time: 139s | Peak: 5.3 GB
2026-04-16 18:23:28,657 INFO   New best CER: 0.1137
2026-04-16 18:23:32,814 INFO Epoch 23 | Batch 0 | Loss: 0.7065 | LR: 5.31e-05
2026-04-16 18:23:37,965 INFO Epoch 23 | Batch 50 | Loss: 0.7374 | LR: 5.26e-05
2026-04-16 18:23:43,108 INFO Epoch 23 | Batch 100 | Loss: 0.5621 | LR: 5.21e-05
2026-04-16 18:23:49,492 INFO Epoch 23 | Batch 150 | Loss: 0.7410 | LR: 5.16e-05
2026-04-16 18:23:55,232 INFO Epoch 23 | Batch 200 | Loss: 0.4775 | LR: 5.11e-05
2026-04-16 18:24:00,120 INFO Epoch 23 | Batch 250 | Loss: 0.8052 | LR: 5.06e-05
2026-04-16 18:24:05,323 INFO Epoch 23 | Batch 300 | Loss: 0.5399 | LR: 5.01e-05
2026-04-16 18:24:10,439 INFO Epoch 23 | Batch 350 | Loss: 0.7438 | LR: 4.97e-05
2026-04-16 18:24:15,628 INFO Epoch 23 | Batch 400 | Loss: 0.8398 | LR: 4.92e-05
2026-04-16 18:24:20,726 INFO Epoch 23 | Batch 450 | Loss: 0.5342 | LR: 4.87e-05
2026-04-16 18:24:25,691 INFO Epoch 23 | Batch 500 | Loss: 0.7691 | LR: 4.82e-05
2026-04-16 18:24:30,796 INFO Epoch 23 | Batch 550 | Loss: 0.7293 | LR: 4.77e-05
2026-04-16 18:24:35,972 INFO Epoch 23 | Batch 600 | Loss: 0.5943 | LR: 4.73e-05
2026-04-16 18:24:41,110 INFO Epoch 23 | Batch 650 | Loss: 1.0025 | LR: 4.68e-05
2026-04-16 18:24:46,075 INFO Epoch 23 | Batch 700 | Loss: 0.8426 | LR: 4.63e-05
2026-04-16 18:24:51,197 INFO Epoch 23 | Batch 750 | Loss: 0.9984 | LR: 4.59e-05
2026-04-16 18:24:56,295 INFO Epoch 23 | Batch 800 | Loss: 0.5288 | LR: 4.54e-05
2026-04-16 18:25:01,345 INFO Epoch 23 | Batch 850 | Loss: 0.6613 | LR: 4.49e-05
2026-04-16 18:25:06,412 INFO Epoch 23 | Batch 900 | Loss: 0.5060 | LR: 4.45e-05
2026-04-16 18:25:11,491 INFO Epoch 23 | Batch 950 | Loss: 0.7681 | LR: 4.40e-05
2026-04-16 18:25:16,654 INFO Epoch 23 | Batch 1000 | Loss: 0.7423 | LR: 4.36e-05
2026-04-16 18:25:21,609 INFO Epoch 23 | Batch 1050 | Loss: 0.5403 | LR: 4.31e-05
2026-04-16 18:25:26,609 INFO Epoch 23 | Batch 1100 | Loss: 0.5951 | LR: 4.27e-05
2026-04-16 18:25:31,630 INFO Epoch 23 | Batch 1150 | Loss: 0.5484 | LR: 4.22e-05
2026-04-16 18:25:36,611 INFO Epoch 23 | Batch 1200 | Loss: 0.6164 | LR: 4.18e-05
2026-04-16 18:25:49,147 INFO Epoch 23 | Train: 0.6629 | Dev CER: 0.1116 | Dev WER: 0.3273 | Time: 140s | Peak: 5.3 GB
2026-04-16 18:25:49,147 INFO   New best CER: 0.1116
2026-04-16 18:25:53,228 INFO Epoch 24 | Batch 0 | Loss: 0.4911 | LR: 4.14e-05
2026-04-16 18:25:58,182 INFO Epoch 24 | Batch 50 | Loss: 0.6646 | LR: 4.10e-05
2026-04-16 18:26:03,228 INFO Epoch 24 | Batch 100 | Loss: 0.6331 | LR: 4.06e-05
2026-04-16 18:26:08,222 INFO Epoch 24 | Batch 150 | Loss: 0.6548 | LR: 4.01e-05
2026-04-16 18:26:13,369 INFO Epoch 24 | Batch 200 | Loss: 0.5456 | LR: 3.97e-05
2026-04-16 18:26:18,439 INFO Epoch 24 | Batch 250 | Loss: 0.4927 | LR: 3.92e-05
2026-04-16 18:26:23,593 INFO Epoch 24 | Batch 300 | Loss: 0.5082 | LR: 3.88e-05
2026-04-16 18:26:28,869 INFO Epoch 24 | Batch 350 | Loss: 0.5386 | LR: 3.84e-05
2026-04-16 18:26:33,976 INFO Epoch 24 | Batch 400 | Loss: 0.4436 | LR: 3.80e-05
2026-04-16 18:26:39,044 INFO Epoch 24 | Batch 450 | Loss: 0.6466 | LR: 3.75e-05
2026-04-16 18:26:44,065 INFO Epoch 24 | Batch 500 | Loss: 0.7703 | LR: 3.71e-05
2026-04-16 18:26:49,105 INFO Epoch 24 | Batch 550 | Loss: 0.5419 | LR: 3.67e-05
2026-04-16 18:26:54,109 INFO Epoch 24 | Batch 600 | Loss: 0.8400 | LR: 3.63e-05
2026-04-16 18:26:59,249 INFO Epoch 24 | Batch 650 | Loss: 0.6741 | LR: 3.58e-05
2026-04-16 18:27:04,414 INFO Epoch 24 | Batch 700 | Loss: 0.7268 | LR: 3.54e-05
2026-04-16 18:27:09,499 INFO Epoch 24 | Batch 750 | Loss: 0.9744 | LR: 3.50e-05
2026-04-16 18:27:14,620 INFO Epoch 24 | Batch 800 | Loss: 0.7123 | LR: 3.46e-05
2026-04-16 18:27:19,798 INFO Epoch 24 | Batch 850 | Loss: 0.6562 | LR: 3.42e-05
2026-04-16 18:27:24,899 INFO Epoch 24 | Batch 900 | Loss: 0.6756 | LR: 3.38e-05
2026-04-16 18:27:29,885 INFO Epoch 24 | Batch 950 | Loss: 1.0981 | LR: 3.34e-05
2026-04-16 18:27:35,004 INFO Epoch 24 | Batch 1000 | Loss: 0.8354 | LR: 3.30e-05
2026-04-16 18:27:40,031 INFO Epoch 24 | Batch 1050 | Loss: 0.5259 | LR: 3.26e-05
2026-04-16 18:27:45,225 INFO Epoch 24 | Batch 1100 | Loss: 0.4155 | LR: 3.22e-05
2026-04-16 18:27:50,473 INFO Epoch 24 | Batch 1150 | Loss: 0.7171 | LR: 3.18e-05
2026-04-16 18:27:55,578 INFO Epoch 24 | Batch 1200 | Loss: 0.6344 | LR: 3.14e-05
2026-04-16 18:28:09,788 INFO Epoch 24 | Train: 0.6540 | Dev CER: 0.1106 | Dev WER: 0.3237 | Time: 140s | Peak: 5.3 GB
2026-04-16 18:28:09,788 INFO   New best CER: 0.1106
2026-04-16 18:28:13,296 INFO Epoch 25 | Batch 0 | Loss: 0.4937 | LR: 3.11e-05
2026-04-16 18:28:18,389 INFO Epoch 25 | Batch 50 | Loss: 0.8423 | LR: 3.07e-05
2026-04-16 18:28:23,471 INFO Epoch 25 | Batch 100 | Loss: 0.5382 | LR: 3.03e-05
2026-04-16 18:28:28,608 INFO Epoch 25 | Batch 150 | Loss: 0.6337 | LR: 2.99e-05
2026-04-16 18:28:33,780 INFO Epoch 25 | Batch 200 | Loss: 0.6211 | LR: 2.95e-05
2026-04-16 18:28:38,871 INFO Epoch 25 | Batch 250 | Loss: 1.0542 | LR: 2.92e-05
2026-04-16 18:28:44,020 INFO Epoch 25 | Batch 300 | Loss: 0.5451 | LR: 2.88e-05
2026-04-16 18:28:49,088 INFO Epoch 25 | Batch 350 | Loss: 0.6832 | LR: 2.84e-05
2026-04-16 18:28:54,127 INFO Epoch 25 | Batch 400 | Loss: 0.5292 | LR: 2.80e-05
2026-04-16 18:28:59,261 INFO Epoch 25 | Batch 450 | Loss: 0.6168 | LR: 2.77e-05
2026-04-16 18:29:04,420 INFO Epoch 25 | Batch 500 | Loss: 0.7094 | LR: 2.73e-05
2026-04-16 18:29:09,575 INFO Epoch 25 | Batch 550 | Loss: 0.7771 | LR: 2.69e-05
2026-04-16 18:29:14,719 INFO Epoch 25 | Batch 600 | Loss: 0.7395 | LR: 2.66e-05
2026-04-16 18:29:19,850 INFO Epoch 25 | Batch 650 | Loss: 0.5546 | LR: 2.62e-05
2026-04-16 18:29:24,949 INFO Epoch 25 | Batch 700 | Loss: 0.6511 | LR: 2.58e-05
2026-04-16 18:29:30,019 INFO Epoch 25 | Batch 750 | Loss: 0.6323 | LR: 2.55e-05
2026-04-16 18:29:35,180 INFO Epoch 25 | Batch 800 | Loss: 0.6476 | LR: 2.51e-05
2026-04-16 18:29:40,357 INFO Epoch 25 | Batch 850 | Loss: 0.6643 | LR: 2.48e-05
2026-04-16 18:29:45,469 INFO Epoch 25 | Batch 900 | Loss: 0.7196 | LR: 2.44e-05
2026-04-16 18:29:50,501 INFO Epoch 25 | Batch 950 | Loss: 0.8170 | LR: 2.41e-05
2026-04-16 18:29:55,543 INFO Epoch 25 | Batch 1000 | Loss: 0.5114 | LR: 2.37e-05
2026-04-16 18:30:00,683 INFO Epoch 25 | Batch 1050 | Loss: 0.5350 | LR: 2.34e-05
2026-04-16 18:30:05,760 INFO Epoch 25 | Batch 1100 | Loss: 0.8302 | LR: 2.30e-05
2026-04-16 18:30:10,820 INFO Epoch 25 | Batch 1150 | Loss: 0.3353 | LR: 2.27e-05
2026-04-16 18:30:15,859 INFO Epoch 25 | Batch 1200 | Loss: 0.6272 | LR: 2.24e-05
2026-04-16 18:30:29,318 INFO Epoch 25 | Train: 0.6478 | Dev CER: 0.1102 | Dev WER: 0.3228 | Time: 139s | Peak: 5.3 GB
2026-04-16 18:30:29,318 INFO   New best CER: 0.1102
2026-04-16 18:30:33,326 INFO Epoch 26 | Batch 0 | Loss: 0.5007 | LR: 2.21e-05
2026-04-16 18:30:38,456 INFO Epoch 26 | Batch 50 | Loss: 0.7640 | LR: 2.18e-05
2026-04-16 18:30:43,520 INFO Epoch 26 | Batch 100 | Loss: 0.5108 | LR: 2.15e-05
2026-04-16 18:30:48,599 INFO Epoch 26 | Batch 150 | Loss: 0.6089 | LR: 2.11e-05
2026-04-16 18:30:53,941 INFO Epoch 26 | Batch 200 | Loss: 0.4576 | LR: 2.08e-05
2026-04-16 18:30:59,090 INFO Epoch 26 | Batch 250 | Loss: 0.6129 | LR: 2.05e-05
2026-04-16 18:31:04,228 INFO Epoch 26 | Batch 300 | Loss: 0.5510 | LR: 2.02e-05
2026-04-16 18:31:09,277 INFO Epoch 26 | Batch 350 | Loss: 0.7434 | LR: 1.98e-05
2026-04-16 18:31:14,378 INFO Epoch 26 | Batch 400 | Loss: 0.7357 | LR: 1.95e-05
2026-04-16 18:31:19,593 INFO Epoch 26 | Batch 450 | Loss: 0.9320 | LR: 1.92e-05
2026-04-16 18:31:24,791 INFO Epoch 26 | Batch 500 | Loss: 0.3896 | LR: 1.89e-05
2026-04-16 18:31:29,935 INFO Epoch 26 | Batch 550 | Loss: 0.6962 | LR: 1.86e-05
2026-04-16 18:31:35,085 INFO Epoch 26 | Batch 600 | Loss: 0.5359 | LR: 1.83e-05
2026-04-16 18:31:40,099 INFO Epoch 26 | Batch 650 | Loss: 0.7042 | LR: 1.80e-05
2026-04-16 18:31:45,142 INFO Epoch 26 | Batch 700 | Loss: 0.7570 | LR: 1.77e-05
2026-04-16 18:31:50,237 INFO Epoch 26 | Batch 750 | Loss: 0.6674 | LR: 1.74e-05
2026-04-16 18:31:55,322 INFO Epoch 26 | Batch 800 | Loss: 0.5798 | LR: 1.71e-05
2026-04-16 18:32:00,440 INFO Epoch 26 | Batch 850 | Loss: 0.5864 | LR: 1.68e-05
2026-04-16 18:32:05,405 INFO Epoch 26 | Batch 900 | Loss: 0.4354 | LR: 1.65e-05
2026-04-16 18:32:10,374 INFO Epoch 26 | Batch 950 | Loss: 0.6907 | LR: 1.62e-05
2026-04-16 18:32:15,396 INFO Epoch 26 | Batch 1000 | Loss: 0.4061 | LR: 1.59e-05
2026-04-16 18:32:20,456 INFO Epoch 26 | Batch 1050 | Loss: 0.5062 | LR: 1.57e-05
2026-04-16 18:32:25,533 INFO Epoch 26 | Batch 1100 | Loss: 0.6935 | LR: 1.54e-05
2026-04-16 18:32:30,555 INFO Epoch 26 | Batch 1150 | Loss: 0.5244 | LR: 1.51e-05
2026-04-16 18:32:35,602 INFO Epoch 26 | Batch 1200 | Loss: 0.4577 | LR: 1.48e-05
2026-04-16 18:32:50,328 INFO Epoch 26 | Train: 0.6475 | Dev CER: 0.1095 | Dev WER: 0.3221 | Time: 140s | Peak: 5.3 GB
2026-04-16 18:32:50,328 INFO   New best CER: 0.1095
2026-04-16 18:32:54,032 INFO Epoch 27 | Batch 0 | Loss: 0.5318 | LR: 1.46e-05
2026-04-16 18:32:59,446 INFO Epoch 27 | Batch 50 | Loss: 0.6099 | LR: 1.44e-05
2026-04-16 18:33:04,687 INFO Epoch 27 | Batch 100 | Loss: 0.4749 | LR: 1.41e-05
2026-04-16 18:33:09,840 INFO Epoch 27 | Batch 150 | Loss: 0.8686 | LR: 1.38e-05
2026-04-16 18:33:14,940 INFO Epoch 27 | Batch 200 | Loss: 0.5769 | LR: 1.36e-05
2026-04-16 18:33:20,099 INFO Epoch 27 | Batch 250 | Loss: 0.5758 | LR: 1.33e-05
2026-04-16 18:33:25,070 INFO Epoch 27 | Batch 300 | Loss: 0.6024 | LR: 1.31e-05
2026-04-16 18:33:30,123 INFO Epoch 27 | Batch 350 | Loss: 0.8167 | LR: 1.28e-05
2026-04-16 18:33:35,176 INFO Epoch 27 | Batch 400 | Loss: 0.5874 | LR: 1.25e-05
2026-04-16 18:33:40,406 INFO Epoch 27 | Batch 450 | Loss: 0.7687 | LR: 1.23e-05
2026-04-16 18:33:45,699 INFO Epoch 27 | Batch 500 | Loss: 0.4746 | LR: 1.20e-05
2026-04-16 18:33:50,988 INFO Epoch 27 | Batch 550 | Loss: 0.7972 | LR: 1.18e-05
2026-04-16 18:33:56,097 INFO Epoch 27 | Batch 600 | Loss: 0.6566 | LR: 1.16e-05
2026-04-16 18:34:01,183 INFO Epoch 27 | Batch 650 | Loss: 0.5622 | LR: 1.13e-05
2026-04-16 18:34:06,125 INFO Epoch 27 | Batch 700 | Loss: 0.6790 | LR: 1.11e-05
2026-04-16 18:34:11,180 INFO Epoch 27 | Batch 750 | Loss: 0.6729 | LR: 1.09e-05
2026-04-16 18:34:16,192 INFO Epoch 27 | Batch 800 | Loss: 0.5533 | LR: 1.06e-05
2026-04-16 18:34:21,241 INFO Epoch 27 | Batch 850 | Loss: 0.7374 | LR: 1.04e-05
2026-04-16 18:34:26,350 INFO Epoch 27 | Batch 900 | Loss: 0.6424 | LR: 1.02e-05
2026-04-16 18:34:31,440 INFO Epoch 27 | Batch 950 | Loss: 0.8589 | LR: 9.95e-06
2026-04-16 18:34:36,522 INFO Epoch 27 | Batch 1000 | Loss: 0.5416 | LR: 9.72e-06
2026-04-16 18:34:41,643 INFO Epoch 27 | Batch 1050 | Loss: 0.4651 | LR: 9.51e-06
2026-04-16 18:34:46,713 INFO Epoch 27 | Batch 1100 | Loss: 0.3643 | LR: 9.29e-06
2026-04-16 18:34:51,826 INFO Epoch 27 | Batch 1150 | Loss: 0.5339 | LR: 9.08e-06
2026-04-16 18:34:57,026 INFO Epoch 27 | Batch 1200 | Loss: 0.6566 | LR: 8.87e-06
2026-04-16 18:35:10,247 INFO Epoch 27 | Train: 0.6419 | Dev CER: 0.1086 | Dev WER: 0.3196 | Time: 139s | Peak: 5.3 GB
2026-04-16 18:35:10,248 INFO   New best CER: 0.1086
2026-04-16 18:35:13,806 INFO Epoch 28 | Batch 0 | Loss: 0.5822 | LR: 8.72e-06
2026-04-16 18:35:19,000 INFO Epoch 28 | Batch 50 | Loss: 0.5227 | LR: 8.52e-06
2026-04-16 18:35:24,189 INFO Epoch 28 | Batch 100 | Loss: 0.6464 | LR: 8.31e-06
2026-04-16 18:35:29,435 INFO Epoch 28 | Batch 150 | Loss: 0.5008 | LR: 8.11e-06
2026-04-16 18:35:34,574 INFO Epoch 28 | Batch 200 | Loss: 0.5842 | LR: 7.92e-06
2026-04-16 18:35:39,473 INFO Epoch 28 | Batch 250 | Loss: 0.7040 | LR: 7.72e-06
2026-04-16 18:35:44,282 INFO Epoch 28 | Batch 300 | Loss: 0.6723 | LR: 7.53e-06
2026-04-16 18:35:49,058 INFO Epoch 28 | Batch 350 | Loss: 0.5581 | LR: 7.34e-06
2026-04-16 18:35:53,933 INFO Epoch 28 | Batch 400 | Loss: 0.4981 | LR: 7.16e-06
2026-04-16 18:35:58,885 INFO Epoch 28 | Batch 450 | Loss: 0.8345 | LR: 6.97e-06
2026-04-16 18:36:03,730 INFO Epoch 28 | Batch 500 | Loss: 0.6448 | LR: 6.79e-06
2026-04-16 18:36:08,818 INFO Epoch 28 | Batch 550 | Loss: 0.6893 | LR: 6.61e-06
2026-04-16 18:36:13,731 INFO Epoch 28 | Batch 600 | Loss: 0.7690 | LR: 6.44e-06
2026-04-16 18:36:18,705 INFO Epoch 28 | Batch 650 | Loss: 0.6406 | LR: 6.27e-06
2026-04-16 18:36:23,688 INFO Epoch 28 | Batch 700 | Loss: 0.6326 | LR: 6.10e-06
2026-04-16 18:36:28,725 INFO Epoch 28 | Batch 750 | Loss: 0.5978 | LR: 5.93e-06
2026-04-16 18:36:33,706 INFO Epoch 28 | Batch 800 | Loss: 0.7448 | LR: 5.76e-06
2026-04-16 18:36:38,818 INFO Epoch 28 | Batch 850 | Loss: 0.6739 | LR: 5.60e-06
2026-04-16 18:36:43,915 INFO Epoch 28 | Batch 900 | Loss: 0.5395 | LR: 5.44e-06
2026-04-16 18:36:48,992 INFO Epoch 28 | Batch 950 | Loss: 0.7642 | LR: 5.29e-06
2026-04-16 18:36:54,046 INFO Epoch 28 | Batch 1000 | Loss: 0.4916 | LR: 5.13e-06
2026-04-16 18:36:59,117 INFO Epoch 28 | Batch 1050 | Loss: 0.7228 | LR: 4.98e-06
2026-04-16 18:37:04,172 INFO Epoch 28 | Batch 1100 | Loss: 0.5353 | LR: 4.84e-06
2026-04-16 18:37:09,313 INFO Epoch 28 | Batch 1150 | Loss: 0.4621 | LR: 4.69e-06
2026-04-16 18:37:14,484 INFO Epoch 28 | Batch 1200 | Loss: 0.5961 | LR: 4.55e-06
2026-04-16 18:37:27,548 INFO Epoch 28 | Train: 0.6408 | Dev CER: 0.1087 | Dev WER: 0.3191 | Time: 137s | Peak: 5.3 GB
2026-04-16 18:37:31,905 INFO Epoch 29 | Batch 0 | Loss: 0.6201 | LR: 4.45e-06
2026-04-16 18:37:36,873 INFO Epoch 29 | Batch 50 | Loss: 0.8139 | LR: 4.31e-06
2026-04-16 18:37:41,597 INFO Epoch 29 | Batch 100 | Loss: 0.7087 | LR: 4.17e-06
2026-04-16 18:37:46,426 INFO Epoch 29 | Batch 150 | Loss: 0.4791 | LR: 4.04e-06
2026-04-16 18:37:51,508 INFO Epoch 29 | Batch 200 | Loss: 0.5875 | LR: 3.91e-06
2026-04-16 18:37:56,472 INFO Epoch 29 | Batch 250 | Loss: 0.6396 | LR: 3.79e-06
2026-04-16 18:38:01,439 INFO Epoch 29 | Batch 300 | Loss: 0.6018 | LR: 3.66e-06
2026-04-16 18:38:06,539 INFO Epoch 29 | Batch 350 | Loss: 0.6459 | LR: 3.54e-06
2026-04-16 18:38:11,639 INFO Epoch 29 | Batch 400 | Loss: 0.5308 | LR: 3.42e-06
2026-04-16 18:38:16,776 INFO Epoch 29 | Batch 450 | Loss: 0.5500 | LR: 3.31e-06
2026-04-16 18:38:21,787 INFO Epoch 29 | Batch 500 | Loss: 0.8812 | LR: 3.20e-06
2026-04-16 18:38:26,950 INFO Epoch 29 | Batch 550 | Loss: 0.4816 | LR: 3.09e-06
2026-04-16 18:38:32,121 INFO Epoch 29 | Batch 600 | Loss: 0.8175 | LR: 2.98e-06
2026-04-16 18:38:37,216 INFO Epoch 29 | Batch 650 | Loss: 0.7262 | LR: 2.88e-06
2026-04-16 18:38:42,245 INFO Epoch 29 | Batch 700 | Loss: 0.6279 | LR: 2.77e-06
2026-04-16 18:38:47,364 INFO Epoch 29 | Batch 750 | Loss: 0.3224 | LR: 2.68e-06
2026-04-16 18:38:52,604 INFO Epoch 29 | Batch 800 | Loss: 0.5649 | LR: 2.58e-06
2026-04-16 18:38:57,784 INFO Epoch 29 | Batch 850 | Loss: 0.4758 | LR: 2.49e-06
2026-04-16 18:39:02,963 INFO Epoch 29 | Batch 900 | Loss: 0.6264 | LR: 2.40e-06
2026-04-16 18:39:07,995 INFO Epoch 29 | Batch 950 | Loss: 0.5844 | LR: 2.31e-06
2026-04-16 18:39:13,219 INFO Epoch 29 | Batch 1000 | Loss: 0.7170 | LR: 2.22e-06
2026-04-16 18:39:18,490 INFO Epoch 29 | Batch 1050 | Loss: 0.5820 | LR: 2.14e-06
2026-04-16 18:39:23,597 INFO Epoch 29 | Batch 1100 | Loss: 0.5900 | LR: 2.06e-06
2026-04-16 18:39:28,757 INFO Epoch 29 | Batch 1150 | Loss: 0.5920 | LR: 1.99e-06
2026-04-16 18:39:33,840 INFO Epoch 29 | Batch 1200 | Loss: 0.4927 | LR: 1.91e-06
2026-04-16 18:39:46,588 INFO Epoch 29 | Train: 0.6349 | Dev CER: 0.1086 | Dev WER: 0.3189 | Time: 138s | Peak: 5.3 GB
2026-04-16 18:39:46,588 INFO   New best CER: 0.1086
2026-04-16 18:39:50,010 INFO Epoch 30 | Batch 0 | Loss: 0.7005 | LR: 1.86e-06
2026-04-16 18:39:55,026 INFO Epoch 30 | Batch 50 | Loss: 0.6472 | LR: 1.80e-06
2026-04-16 18:40:00,151 INFO Epoch 30 | Batch 100 | Loss: 0.4908 | LR: 1.73e-06
2026-04-16 18:40:05,785 INFO Epoch 30 | Batch 150 | Loss: 0.6169 | LR: 1.67e-06
2026-04-16 18:40:11,006 INFO Epoch 30 | Batch 200 | Loss: 0.4569 | LR: 1.61e-06
2026-04-16 18:40:16,173 INFO Epoch 30 | Batch 250 | Loss: 0.6149 | LR: 1.55e-06
2026-04-16 18:40:21,952 INFO Epoch 30 | Batch 300 | Loss: 0.4225 | LR: 1.50e-06
2026-04-16 18:40:28,636 INFO Epoch 30 | Batch 350 | Loss: 0.5897 | LR: 1.44e-06
2026-04-16 18:40:33,900 INFO Epoch 30 | Batch 400 | Loss: 0.5952 | LR: 1.39e-06
2026-04-16 18:40:39,027 INFO Epoch 30 | Batch 450 | Loss: 0.7557 | LR: 1.35e-06
2026-04-16 18:40:44,113 INFO Epoch 30 | Batch 500 | Loss: 0.5091 | LR: 1.31e-06
2026-04-16 18:40:49,183 INFO Epoch 30 | Batch 550 | Loss: 0.7287 | LR: 1.27e-06
2026-04-16 18:40:54,204 INFO Epoch 30 | Batch 600 | Loss: 0.6380 | LR: 1.23e-06
2026-04-16 18:40:59,287 INFO Epoch 30 | Batch 650 | Loss: 0.7405 | LR: 1.19e-06
2026-04-16 18:41:04,525 INFO Epoch 30 | Batch 700 | Loss: 0.6569 | LR: 1.16e-06
2026-04-16 18:41:09,469 INFO Epoch 30 | Batch 750 | Loss: 0.4049 | LR: 1.13e-06
2026-04-16 18:41:14,416 INFO Epoch 30 | Batch 800 | Loss: 0.4898 | LR: 1.11e-06
2026-04-16 18:41:19,435 INFO Epoch 30 | Batch 850 | Loss: 0.5726 | LR: 1.08e-06
2026-04-16 18:41:24,568 INFO Epoch 30 | Batch 900 | Loss: 0.4898 | LR: 1.06e-06
2026-04-16 18:41:29,805 INFO Epoch 30 | Batch 950 | Loss: 0.6059 | LR: 1.05e-06
2026-04-16 18:41:34,857 INFO Epoch 30 | Batch 1000 | Loss: 0.5972 | LR: 1.03e-06
2026-04-16 18:41:40,073 INFO Epoch 30 | Batch 1050 | Loss: 0.4431 | LR: 1.02e-06
2026-04-16 18:41:45,035 INFO Epoch 30 | Batch 1100 | Loss: 0.6596 | LR: 1.01e-06
2026-04-16 18:41:50,146 INFO Epoch 30 | Batch 1150 | Loss: 0.5926 | LR: 1.00e-06
2026-04-16 18:41:55,220 INFO Epoch 30 | Batch 1200 | Loss: 0.5463 | LR: 1.00e-06
2026-04-16 18:42:07,982 INFO Epoch 30 | Train: 0.6361 | Dev CER: 0.1085 | Dev WER: 0.3189 | Time: 141s | Peak: 5.3 GB
2026-04-16 18:42:07,982 INFO   New best CER: 0.1085
2026-04-16 18:42:26,460 INFO Done. Best dev CER: 0.1085 | Test CER: 0.1074
