2026-04-28 14:26:52,436 INFO src.training.train backbone=mamba2 params=9M seq_len=256 K=64 Q=64 batch=64
2026-04-28 14:27:02,404 INFO src.training.train step=100 epoch=1 loss=8.9317 grad=0.363 lr=3.00e-05
2026-04-28 14:27:11,411 INFO src.training.train step=200 epoch=1 loss=8.5265 grad=0.287 lr=6.00e-05
2026-04-28 14:27:20,471 INFO src.training.train step=300 epoch=1 loss=8.3617 grad=0.271 lr=9.00e-05
2026-04-28 14:27:29,556 INFO src.training.train step=400 epoch=1 loss=8.3348 grad=0.266 lr=1.20e-04
2026-04-28 14:27:38,636 INFO src.training.train step=500 epoch=1 loss=8.3279 grad=0.262 lr=1.50e-04
2026-04-28 14:27:47,734 INFO src.training.train step=600 epoch=1 loss=8.3313 grad=0.263 lr=1.80e-04
2026-04-28 14:27:56,850 INFO src.training.train step=700 epoch=1 loss=8.3308 grad=0.261 lr=2.10e-04
2026-04-28 14:28:06,010 INFO src.training.train step=800 epoch=2 loss=8.3359 grad=0.258 lr=2.40e-04
2026-04-28 14:28:15,156 INFO src.training.train step=900 epoch=2 loss=8.3350 grad=0.256 lr=2.70e-04
2026-04-28 14:28:24,335 INFO src.training.train step=1000 epoch=2 loss=8.3392 grad=0.252 lr=3.00e-04
2026-04-28 14:28:25,752 INFO src.training.train EVAL step=1000 loss=8.3357 per_query_acc=0.0002 per_seq_acc=0.0000
2026-04-28 14:28:34,936 INFO src.training.train step=1100 epoch=2 loss=8.3378 grad=0.245 lr=3.00e-04
2026-04-28 14:28:44,108 INFO src.training.train step=1200 epoch=2 loss=8.3299 grad=0.245 lr=3.00e-04
2026-04-28 14:28:53,286 INFO src.training.train step=1300 epoch=2 loss=8.3318 grad=0.238 lr=3.00e-04
2026-04-28 14:29:02,471 INFO src.training.train step=1400 epoch=2 loss=8.3285 grad=0.231 lr=3.00e-04
2026-04-28 14:29:11,688 INFO src.training.train step=1500 epoch=2 loss=8.3318 grad=0.231 lr=3.00e-04
2026-04-28 14:29:20,878 INFO src.training.train step=1600 epoch=3 loss=8.3248 grad=0.225 lr=3.00e-04
2026-04-28 14:29:30,087 INFO src.training.train step=1700 epoch=3 loss=8.3232 grad=0.220 lr=3.00e-04
2026-04-28 14:29:39,299 INFO src.training.train step=1800 epoch=3 loss=8.3271 grad=0.215 lr=2.99e-04
2026-04-28 14:29:48,481 INFO src.training.train step=1900 epoch=3 loss=8.3245 grad=0.217 lr=2.99e-04
2026-04-28 14:29:57,662 INFO src.training.train step=2000 epoch=3 loss=8.3231 grad=0.207 lr=2.99e-04
2026-04-28 14:29:59,073 INFO src.training.train EVAL step=2000 loss=8.3264 per_query_acc=0.0002 per_seq_acc=0.0000
2026-04-28 14:30:08,248 INFO src.training.train step=2100 epoch=3 loss=8.3212 grad=0.204 lr=2.99e-04
2026-04-28 14:30:17,449 INFO src.training.train step=2200 epoch=3 loss=8.3284 grad=0.204 lr=2.99e-04
2026-04-28 14:30:26,630 INFO src.training.train step=2300 epoch=3 loss=8.3245 grad=0.199 lr=2.99e-04
2026-04-28 14:30:35,830 INFO src.training.train step=2400 epoch=4 loss=8.3207 grad=0.195 lr=2.98e-04
2026-04-28 14:30:45,034 INFO src.training.train step=2500 epoch=4 loss=8.3183 grad=0.188 lr=2.98e-04
2026-04-28 14:30:54,219 INFO src.training.train step=2600 epoch=4 loss=8.3209 grad=0.189 lr=2.98e-04
2026-04-28 14:31:03,397 INFO src.training.train step=2700 epoch=4 loss=8.3197 grad=0.183 lr=2.97e-04
2026-04-28 14:31:12,573 INFO src.training.train step=2800 epoch=4 loss=8.3224 grad=0.180 lr=2.97e-04
2026-04-28 14:31:21,778 INFO src.training.train step=2900 epoch=4 loss=8.3195 grad=0.178 lr=2.97e-04
2026-04-28 14:31:30,962 INFO src.training.train step=3000 epoch=4 loss=8.3201 grad=0.173 lr=2.97e-04
2026-04-28 14:31:32,377 INFO src.training.train EVAL step=3000 loss=8.3278 per_query_acc=0.0002 per_seq_acc=0.0000
2026-04-28 14:31:41,584 INFO src.training.train step=3100 epoch=4 loss=8.3143 grad=0.171 lr=2.96e-04
2026-04-28 14:31:50,767 INFO src.training.train step=3200 epoch=5 loss=8.3158 grad=0.164 lr=2.96e-04
2026-04-28 14:31:59,978 INFO src.training.train step=3300 epoch=5 loss=8.3154 grad=0.163 lr=2.95e-04
2026-04-28 14:32:09,166 INFO src.training.train step=3400 epoch=5 loss=8.3183 grad=0.154 lr=2.95e-04
2026-04-28 14:32:18,349 INFO src.training.train step=3500 epoch=5 loss=8.3123 grad=0.155 lr=2.95e-04
2026-04-28 14:32:27,561 INFO src.training.train step=3600 epoch=5 loss=8.3131 grad=0.151 lr=2.94e-04
2026-04-28 14:32:36,745 INFO src.training.train step=3700 epoch=5 loss=8.3058 grad=0.147 lr=2.94e-04
2026-04-28 14:32:45,955 INFO src.training.train step=3800 epoch=5 loss=8.3117 grad=0.144 lr=2.93e-04
2026-04-28 14:32:55,145 INFO src.training.train step=3900 epoch=5 loss=8.3107 grad=0.141 lr=2.93e-04
2026-04-28 14:33:04,375 INFO src.training.train step=4000 epoch=6 loss=8.3083 grad=0.140 lr=2.92e-04
2026-04-28 14:33:05,792 INFO src.training.train EVAL step=4000 loss=8.3335 per_query_acc=0.0003 per_seq_acc=0.0000
2026-04-28 14:33:14,987 INFO src.training.train step=4100 epoch=6 loss=8.3102 grad=0.135 lr=2.92e-04
2026-04-28 14:33:24,177 INFO src.training.train step=4200 epoch=6 loss=8.3071 grad=0.138 lr=2.91e-04
2026-04-28 14:33:33,388 INFO src.training.train step=4300 epoch=6 loss=8.3078 grad=0.132 lr=2.91e-04
2026-04-28 14:33:42,581 INFO src.training.train step=4400 epoch=6 loss=8.3024 grad=0.130 lr=2.90e-04
2026-04-28 14:33:51,798 INFO src.training.train step=4500 epoch=6 loss=8.3042 grad=0.128 lr=2.89e-04
2026-04-28 14:34:00,994 INFO src.training.train step=4600 epoch=6 loss=8.2987 grad=0.127 lr=2.89e-04
2026-04-28 14:34:10,217 INFO src.training.train step=4700 epoch=7 loss=8.3052 grad=0.131 lr=2.88e-04
2026-04-28 14:34:19,421 INFO src.training.train step=4800 epoch=7 loss=8.2996 grad=0.128 lr=2.88e-04
2026-04-28 14:34:28,621 INFO src.training.train step=4900 epoch=7 loss=8.3035 grad=0.128 lr=2.87e-04
2026-04-28 14:34:37,852 INFO src.training.train step=5000 epoch=7 loss=8.2953 grad=0.134 lr=2.86e-04
2026-04-28 14:34:39,272 INFO src.training.train EVAL step=5000 loss=8.3431 per_query_acc=0.0002 per_seq_acc=0.0000
2026-04-28 14:34:48,468 INFO src.training.train step=5100 epoch=7 loss=8.2935 grad=0.137 lr=2.85e-04
2026-04-28 14:34:57,661 INFO src.training.train step=5200 epoch=7 loss=8.2964 grad=0.135 lr=2.85e-04
2026-04-28 14:35:06,855 INFO src.training.train step=5300 epoch=7 loss=8.2942 grad=0.132 lr=2.84e-04
2026-04-28 14:35:16,075 INFO src.training.train step=5400 epoch=7 loss=8.2975 grad=0.139 lr=2.83e-04
2026-04-28 14:35:25,270 INFO src.training.train step=5500 epoch=8 loss=8.2940 grad=0.140 lr=2.83e-04
2026-04-28 14:35:34,496 INFO src.training.train step=5600 epoch=8 loss=8.2931 grad=0.136 lr=2.82e-04
2026-04-28 14:35:43,728 INFO src.training.train step=5700 epoch=8 loss=8.2948 grad=0.143 lr=2.81e-04
2026-04-28 14:35:52,935 INFO src.training.train step=5800 epoch=8 loss=8.2872 grad=0.140 lr=2.80e-04
2026-04-28 14:36:02,139 INFO src.training.train step=5900 epoch=8 loss=8.2932 grad=0.145 lr=2.79e-04
2026-04-28 14:36:11,346 INFO src.training.train step=6000 epoch=8 loss=8.2837 grad=0.142 lr=2.79e-04
2026-04-28 14:36:12,767 INFO src.training.train EVAL step=6000 loss=8.3524 per_query_acc=0.0002 per_seq_acc=0.0000
2026-04-28 14:36:22,000 INFO src.training.train step=6100 epoch=8 loss=8.2873 grad=0.150 lr=2.78e-04
2026-04-28 14:36:31,208 INFO src.training.train step=6200 epoch=8 loss=8.2863 grad=0.151 lr=2.77e-04
2026-04-28 14:36:40,437 INFO src.training.train step=6300 epoch=9 loss=8.2839 grad=0.148 lr=2.76e-04
2026-04-28 14:36:49,637 INFO src.training.train step=6400 epoch=9 loss=8.2803 grad=0.155 lr=2.75e-04
2026-04-28 14:36:58,864 INFO src.training.train step=6500 epoch=9 loss=8.2856 grad=0.158 lr=2.74e-04
2026-04-28 14:37:08,064 INFO src.training.train step=6600 epoch=9 loss=8.2813 grad=0.152 lr=2.73e-04
2026-04-28 14:37:17,253 INFO src.training.train step=6700 epoch=9 loss=8.2748 grad=0.165 lr=2.72e-04
2026-04-28 14:37:26,469 INFO src.training.train step=6800 epoch=9 loss=8.2729 grad=0.159 lr=2.71e-04
2026-04-28 14:37:35,662 INFO src.training.train step=6900 epoch=9 loss=8.2759 grad=0.170 lr=2.70e-04
2026-04-28 14:37:44,879 INFO src.training.train step=7000 epoch=9 loss=8.2710 grad=0.171 lr=2.70e-04
2026-04-28 14:37:46,297 INFO src.training.train EVAL step=7000 loss=8.3672 per_query_acc=0.0002 per_seq_acc=0.0000
2026-04-28 14:37:55,494 INFO src.training.train step=7100 epoch=10 loss=8.2754 grad=0.170 lr=2.69e-04
2026-04-28 14:38:04,710 INFO src.training.train step=7200 epoch=10 loss=8.2717 grad=0.179 lr=2.68e-04
2026-04-28 14:38:13,913 INFO src.training.train step=7300 epoch=10 loss=8.2704 grad=0.178 lr=2.67e-04
2026-04-28 14:38:23,139 INFO src.training.train step=7400 epoch=10 loss=8.2702 grad=0.180 lr=2.65e-04
2026-04-28 14:38:32,339 INFO src.training.train step=7500 epoch=10 loss=8.2674 grad=0.189 lr=2.64e-04
2026-04-28 14:38:41,541 INFO src.training.train step=7600 epoch=10 loss=8.2570 grad=0.192 lr=2.63e-04
2026-04-28 14:38:50,757 INFO src.training.train step=7700 epoch=10 loss=8.2573 grad=0.201 lr=2.62e-04
2026-04-28 14:38:59,948 INFO src.training.train step=7800 epoch=10 loss=8.2629 grad=0.191 lr=2.61e-04
2026-04-28 14:39:09,178 INFO src.training.train step=7900 epoch=11 loss=8.2532 grad=0.204 lr=2.60e-04
2026-04-28 14:39:18,380 INFO src.training.train step=8000 epoch=11 loss=8.2687 grad=0.202 lr=2.59e-04
2026-04-28 14:39:19,802 INFO src.training.train EVAL step=8000 loss=8.3738 per_query_acc=0.0003 per_seq_acc=0.0000
2026-04-28 14:39:29,031 INFO src.training.train step=8100 epoch=11 loss=8.2546 grad=0.204 lr=2.58e-04
2026-04-28 14:39:38,240 INFO src.training.train step=8200 epoch=11 loss=8.2587 grad=0.215 lr=2.57e-04
2026-04-28 14:39:47,439 INFO src.training.train step=8300 epoch=11 loss=8.2443 grad=0.217 lr=2.56e-04
2026-04-28 14:39:56,663 INFO src.training.train step=8400 epoch=11 loss=8.2476 grad=0.220 lr=2.54e-04
2026-04-28 14:40:05,863 INFO src.training.train step=8500 epoch=11 loss=8.2459 grad=0.229 lr=2.53e-04
2026-04-28 14:40:15,058 INFO src.training.train step=8600 epoch=12 loss=8.2462 grad=0.221 lr=2.52e-04
2026-04-28 14:40:24,282 INFO src.training.train step=8700 epoch=12 loss=8.2368 grad=0.246 lr=2.51e-04
2026-04-28 14:40:33,502 INFO src.training.train step=8800 epoch=12 loss=8.2462 grad=0.233 lr=2.50e-04
2026-04-28 14:40:42,696 INFO src.training.train step=8900 epoch=12 loss=8.2303 grad=0.249 lr=2.49e-04
2026-04-28 14:40:51,890 INFO src.training.train step=9000 epoch=12 loss=8.2308 grad=0.250 lr=2.47e-04
2026-04-28 14:40:53,310 INFO src.training.train EVAL step=9000 loss=8.4031 per_query_acc=0.0003 per_seq_acc=0.0000
2026-04-28 14:41:02,504 INFO src.training.train step=9100 epoch=12 loss=8.2322 grad=0.252 lr=2.46e-04
2026-04-28 14:41:11,721 INFO src.training.train step=9200 epoch=12 loss=8.2168 grad=0.261 lr=2.45e-04
2026-04-28 14:41:20,913 INFO src.training.train step=9300 epoch=12 loss=8.2215 grad=0.274 lr=2.44e-04
2026-04-28 14:41:30,131 INFO src.training.train step=9400 epoch=13 loss=8.2261 grad=0.265 lr=2.42e-04
2026-04-28 14:41:39,344 INFO src.training.train step=9500 epoch=13 loss=8.2131 grad=0.286 lr=2.41e-04
2026-04-28 14:41:48,533 INFO src.training.train step=9600 epoch=13 loss=8.2242 grad=0.275 lr=2.40e-04
2026-04-28 14:41:57,727 INFO src.training.train step=9700 epoch=13 loss=8.2087 grad=0.292 lr=2.38e-04
2026-04-28 14:42:06,922 INFO src.training.train step=9800 epoch=13 loss=8.2081 grad=0.296 lr=2.37e-04
2026-04-28 14:42:16,144 INFO src.training.train step=9900 epoch=13 loss=8.2021 grad=0.287 lr=2.36e-04
2026-04-28 14:42:25,340 INFO src.training.train step=10000 epoch=13 loss=8.2031 grad=0.299 lr=2.34e-04
2026-04-28 14:42:26,760 INFO src.training.train EVAL step=10000 loss=8.4260 per_query_acc=0.0003 per_seq_acc=0.0000
2026-04-28 14:42:35,972 INFO src.training.train step=10100 epoch=13 loss=8.2013 grad=0.312 lr=2.33e-04
2026-04-28 14:42:45,191 INFO src.training.train step=10200 epoch=14 loss=8.1960 grad=0.305 lr=2.32e-04
2026-04-28 14:42:54,387 INFO src.training.train step=10300 epoch=14 loss=8.2088 grad=0.315 lr=2.30e-04
2026-04-28 14:43:03,588 INFO src.training.train step=10400 epoch=14 loss=8.2078 grad=0.314 lr=2.29e-04
2026-04-28 14:43:12,790 INFO src.training.train step=10500 epoch=14 loss=8.1956 grad=0.324 lr=2.28e-04
2026-04-28 14:43:22,017 INFO src.training.train step=10600 epoch=14 loss=8.1891 grad=0.343 lr=2.26e-04
2026-04-28 14:43:31,219 INFO src.training.train step=10700 epoch=14 loss=8.1712 grad=0.324 lr=2.25e-04
2026-04-28 14:43:40,441 INFO src.training.train step=10800 epoch=14 loss=8.1821 grad=0.331 lr=2.23e-04
2026-04-28 14:43:49,665 INFO src.training.train step=10900 epoch=14 loss=8.1672 grad=0.337 lr=2.22e-04
2026-04-28 14:43:58,869 INFO src.training.train step=11000 epoch=15 loss=8.1829 grad=0.343 lr=2.21e-04
2026-04-28 14:44:00,288 INFO src.training.train EVAL step=11000 loss=8.4476 per_query_acc=0.0002 per_seq_acc=0.0000
2026-04-28 14:44:09,487 INFO src.training.train step=11100 epoch=15 loss=8.1903 grad=0.340 lr=2.19e-04
2026-04-28 14:44:18,691 INFO src.training.train step=11200 epoch=15 loss=8.1721 grad=0.345 lr=2.18e-04
2026-04-28 14:44:27,913 INFO src.training.train step=11300 epoch=15 loss=8.1810 grad=0.357 lr=2.16e-04
2026-04-28 14:44:37,108 INFO src.training.train step=11400 epoch=15 loss=8.1738 grad=0.360 lr=2.15e-04
2026-04-28 14:44:46,328 INFO src.training.train step=11500 epoch=15 loss=8.1658 grad=0.355 lr=2.13e-04
2026-04-28 14:44:55,552 INFO src.training.train step=11600 epoch=15 loss=8.1611 grad=0.362 lr=2.12e-04
2026-04-28 14:45:04,749 INFO src.training.train step=11700 epoch=15 loss=8.1660 grad=0.362 lr=2.10e-04
2026-04-28 14:45:13,967 INFO src.training.train step=11800 epoch=16 loss=8.1500 grad=0.367 lr=2.09e-04
2026-04-28 14:45:23,163 INFO src.training.train step=11900 epoch=16 loss=8.1683 grad=0.362 lr=2.07e-04
2026-04-28 14:45:32,393 INFO src.training.train step=12000 epoch=16 loss=8.1638 grad=0.370 lr=2.06e-04
2026-04-28 14:45:33,812 INFO src.training.train EVAL step=12000 loss=8.4674 per_query_acc=0.0003 per_seq_acc=0.0000
2026-04-28 14:45:43,014 INFO src.training.train step=12100 epoch=16 loss=8.1618 grad=0.389 lr=2.04e-04
2026-04-28 14:45:52,236 INFO src.training.train step=12200 epoch=16 loss=8.1449 grad=0.386 lr=2.03e-04
2026-04-28 14:46:01,443 INFO src.training.train step=12300 epoch=16 loss=8.1408 grad=0.386 lr=2.01e-04
2026-04-28 14:46:10,670 INFO src.training.train step=12400 epoch=16 loss=8.1370 grad=0.395 lr=2.00e-04
2026-04-28 14:46:19,873 INFO src.training.train step=12500 epoch=17 loss=8.1479 grad=0.393 lr=1.98e-04
2026-04-28 14:46:29,076 INFO src.training.train step=12600 epoch=17 loss=8.1387 grad=0.399 lr=1.97e-04
2026-04-28 14:46:38,301 INFO src.training.train step=12700 epoch=17 loss=8.1357 grad=0.391 lr=1.95e-04
2026-04-28 14:46:47,505 INFO src.training.train step=12800 epoch=17 loss=8.1311 grad=0.396 lr=1.94e-04
2026-04-28 14:46:56,729 INFO src.training.train step=12900 epoch=17 loss=8.1189 grad=0.410 lr=1.92e-04
2026-04-28 14:47:05,929 INFO src.training.train step=13000 epoch=17 loss=8.1342 grad=0.418 lr=1.90e-04
2026-04-28 14:47:07,351 INFO src.training.train EVAL step=13000 loss=8.4826 per_query_acc=0.0002 per_seq_acc=0.0000
2026-04-28 14:47:16,578 INFO src.training.train step=13100 epoch=17 loss=8.1123 grad=0.416 lr=1.89e-04
2026-04-28 14:47:25,778 INFO src.training.train step=13200 epoch=17 loss=8.1343 grad=0.438 lr=1.87e-04
2026-04-28 14:47:34,981 INFO src.training.train step=13300 epoch=18 loss=8.1254 grad=0.422 lr=1.86e-04
2026-04-28 14:47:44,206 INFO src.training.train step=13400 epoch=18 loss=8.1078 grad=0.428 lr=1.84e-04
2026-04-28 14:47:53,404 INFO src.training.train step=13500 epoch=18 loss=8.1135 grad=0.419 lr=1.83e-04
2026-04-28 14:48:02,625 INFO src.training.train step=13600 epoch=18 loss=8.0981 grad=0.426 lr=1.81e-04
2026-04-28 14:48:11,829 INFO src.training.train step=13700 epoch=18 loss=8.1063 grad=0.438 lr=1.79e-04
2026-04-28 14:48:21,055 INFO src.training.train step=13800 epoch=18 loss=8.0939 grad=0.435 lr=1.78e-04
2026-04-28 14:48:30,265 INFO src.training.train step=13900 epoch=18 loss=8.1042 grad=0.435 lr=1.76e-04
2026-04-28 14:48:39,474 INFO src.training.train step=14000 epoch=18 loss=8.1044 grad=0.438 lr=1.75e-04
2026-04-28 14:48:40,896 INFO src.training.train EVAL step=14000 loss=8.5044 per_query_acc=0.0003 per_seq_acc=0.0000
2026-04-28 14:48:50,127 INFO src.training.train step=14100 epoch=19 loss=8.0975 grad=0.445 lr=1.73e-04
2026-04-28 14:48:59,332 INFO src.training.train step=14200 epoch=19 loss=8.1054 grad=0.455 lr=1.71e-04
2026-04-28 14:49:08,542 INFO src.training.train step=14300 epoch=19 loss=8.1013 grad=0.453 lr=1.70e-04
2026-04-28 14:49:17,770 INFO src.training.train step=14400 epoch=19 loss=8.0877 grad=0.451 lr=1.68e-04
2026-04-28 14:49:27,010 INFO src.training.train step=14500 epoch=19 loss=8.0744 grad=0.460 lr=1.67e-04
2026-04-28 14:49:36,221 INFO src.training.train step=14600 epoch=19 loss=8.0961 grad=0.454 lr=1.65e-04
2026-04-28 14:49:45,433 INFO src.training.train step=14700 epoch=19 loss=8.0823 grad=0.452 lr=1.63e-04
2026-04-28 14:49:54,651 INFO src.training.train step=14800 epoch=19 loss=8.0750 grad=0.460 lr=1.62e-04
2026-04-28 14:50:03,893 INFO src.training.train step=14900 epoch=20 loss=8.0858 grad=0.477 lr=1.60e-04
2026-04-28 14:50:13,110 INFO src.training.train step=15000 epoch=20 loss=8.1067 grad=0.474 lr=1.59e-04
2026-04-28 14:50:14,534 INFO src.training.train EVAL step=15000 loss=8.5254 per_query_acc=0.0003 per_seq_acc=0.0000
2026-04-28 14:50:23,776 INFO src.training.train step=15100 epoch=20 loss=8.0709 grad=0.476 lr=1.57e-04
2026-04-28 14:50:33,025 INFO src.training.train step=15200 epoch=20 loss=8.0708 grad=0.482 lr=1.55e-04
2026-04-28 14:50:42,253 INFO src.training.train step=15300 epoch=20 loss=8.0746 grad=0.487 lr=1.54e-04
2026-04-28 14:50:51,471 INFO src.training.train step=15400 epoch=20 loss=8.0688 grad=0.491 lr=1.52e-04
2026-04-28 14:51:00,684 INFO src.training.train step=15500 epoch=20 loss=8.0532 grad=0.486 lr=1.50e-04
2026-04-28 14:51:09,916 INFO src.training.train step=15600 epoch=20 loss=8.0729 grad=0.484 lr=1.49e-04
2026-04-28 14:51:19,141 INFO src.training.train step=15700 epoch=21 loss=8.0650 grad=0.491 lr=1.47e-04
2026-04-28 14:51:28,365 INFO src.training.train step=15800 epoch=21 loss=8.0782 grad=0.494 lr=1.46e-04
2026-04-28 14:51:37,599 INFO src.training.train step=15900 epoch=21 loss=8.0614 grad=0.500 lr=1.44e-04
2026-04-28 14:51:46,807 INFO src.training.train step=16000 epoch=21 loss=8.0673 grad=0.509 lr=1.42e-04
2026-04-28 14:51:48,231 INFO src.training.train EVAL step=16000 loss=8.5489 per_query_acc=0.0002 per_seq_acc=0.0000
2026-04-28 14:51:57,439 INFO src.training.train step=16100 epoch=21 loss=8.0541 grad=0.520 lr=1.41e-04
2026-04-28 14:52:06,650 INFO src.training.train step=16200 epoch=21 loss=8.0524 grad=0.524 lr=1.39e-04
2026-04-28 14:52:15,881 INFO src.training.train step=16300 epoch=21 loss=8.0311 grad=0.513 lr=1.38e-04
2026-04-28 14:52:25,090 INFO src.training.train step=16400 epoch=22 loss=8.0514 grad=0.515 lr=1.36e-04
2026-04-28 14:52:34,319 INFO src.training.train step=16500 epoch=22 loss=8.0578 grad=0.527 lr=1.34e-04
2026-04-28 14:52:43,557 INFO src.training.train step=16600 epoch=22 loss=8.0576 grad=0.515 lr=1.33e-04
2026-04-28 14:52:52,771 INFO src.training.train step=16700 epoch=22 loss=8.0433 grad=0.517 lr=1.31e-04
2026-04-28 14:53:01,987 INFO src.training.train step=16800 epoch=22 loss=8.0322 grad=0.527 lr=1.30e-04
2026-04-28 14:53:11,208 INFO src.training.train step=16900 epoch=22 loss=8.0472 grad=0.547 lr=1.28e-04
2026-04-28 14:53:20,445 INFO src.training.train step=17000 epoch=22 loss=8.0229 grad=1.036 lr=1.26e-04
2026-04-28 14:53:21,867 INFO src.training.train EVAL step=17000 loss=8.5619 per_query_acc=0.0002 per_seq_acc=0.0000
2026-04-28 14:53:31,078 INFO src.training.train step=17100 epoch=22 loss=8.0493 grad=0.567 lr=1.25e-04
2026-04-28 14:53:40,316 INFO src.training.train step=17200 epoch=23 loss=8.0489 grad=0.539 lr=1.23e-04
2026-04-28 14:53:49,554 INFO src.training.train step=17300 epoch=23 loss=8.0260 grad=0.536 lr=1.22e-04
2026-04-28 14:53:58,767 INFO src.training.train step=17400 epoch=23 loss=8.0246 grad=0.540 lr=1.20e-04
2026-04-28 14:54:07,979 INFO src.training.train step=17500 epoch=23 loss=7.9974 grad=0.536 lr=1.18e-04
2026-04-28 14:54:17,188 INFO src.training.train step=17600 epoch=23 loss=8.0085 grad=0.544 lr=1.17e-04
2026-04-28 14:54:26,415 INFO src.training.train step=17700 epoch=23 loss=8.0146 grad=0.541 lr=1.15e-04
2026-04-28 14:54:35,627 INFO src.training.train step=17800 epoch=23 loss=8.0256 grad=0.568 lr=1.14e-04
2026-04-28 14:54:44,864 INFO src.training.train step=17900 epoch=23 loss=8.0297 grad=0.582 lr=1.12e-04
2026-04-28 14:54:54,077 INFO src.training.train step=18000 epoch=24 loss=8.0225 grad=0.550 lr=1.11e-04
2026-04-28 14:54:55,500 INFO src.training.train EVAL step=18000 loss=8.5769 per_query_acc=0.0003 per_seq_acc=0.0000
2026-04-28 14:55:04,735 INFO src.training.train step=18100 epoch=24 loss=8.0267 grad=0.563 lr=1.09e-04
2026-04-28 14:55:13,944 INFO src.training.train step=18200 epoch=24 loss=8.0249 grad=0.567 lr=1.07e-04
2026-04-28 14:55:23,154 INFO src.training.train step=18300 epoch=24 loss=7.9882 grad=0.560 lr=1.06e-04
2026-04-28 14:55:32,387 INFO src.training.train step=18400 epoch=24 loss=8.0031 grad=0.563 lr=1.04e-04
2026-04-28 14:55:41,595 INFO src.training.train step=18500 epoch=24 loss=8.0129 grad=0.557 lr=1.03e-04
2026-04-28 14:55:50,825 INFO src.training.train step=18600 epoch=24 loss=7.9961 grad=0.560 lr=1.01e-04
2026-04-28 14:56:00,033 INFO src.training.train step=18700 epoch=24 loss=8.0036 grad=0.605 lr=9.97e-05
2026-04-28 14:56:09,267 INFO src.training.train step=18800 epoch=25 loss=8.0108 grad=0.568 lr=9.82e-05
2026-04-28 14:56:18,482 INFO src.training.train step=18900 epoch=25 loss=8.0248 grad=0.577 lr=9.67e-05
2026-04-28 14:56:27,694 INFO src.training.train step=19000 epoch=25 loss=8.0077 grad=0.582 lr=9.52e-05
2026-04-28 14:56:29,119 INFO src.training.train EVAL step=19000 loss=8.5935 per_query_acc=0.0003 per_seq_acc=0.0000
2026-04-28 14:56:38,355 INFO src.training.train step=19100 epoch=25 loss=7.9937 grad=0.583 lr=9.37e-05
2026-04-28 14:56:47,567 INFO src.training.train step=19200 epoch=25 loss=8.0195 grad=0.583 lr=9.22e-05
2026-04-28 14:56:56,798 INFO src.training.train step=19300 epoch=25 loss=7.9842 grad=0.584 lr=9.07e-05
2026-04-28 14:57:06,009 INFO src.training.train step=19400 epoch=25 loss=7.9651 grad=0.576 lr=8.92e-05
2026-04-28 14:57:15,241 INFO src.training.train step=19500 epoch=25 loss=7.9866 grad=0.595 lr=8.77e-05
2026-04-28 14:57:24,459 INFO src.training.train step=19600 epoch=26 loss=7.9884 grad=0.599 lr=8.63e-05
2026-04-28 14:57:33,665 INFO src.training.train step=19700 epoch=26 loss=8.0112 grad=0.575 lr=8.48e-05
2026-04-28 14:57:42,896 INFO src.training.train step=19800 epoch=26 loss=7.9871 grad=0.596 lr=8.34e-05
2026-04-28 14:57:52,106 INFO src.training.train step=19900 epoch=26 loss=8.0003 grad=0.605 lr=8.19e-05
2026-04-28 14:58:01,313 INFO src.training.train step=20000 epoch=26 loss=7.9874 grad=0.595 lr=8.05e-05
2026-04-28 14:58:02,734 INFO src.training.train EVAL step=20000 loss=8.6058 per_query_acc=0.0002 per_seq_acc=0.0000
2026-04-28 14:58:11,957 INFO src.training.train step=20100 epoch=26 loss=7.9857 grad=0.593 lr=7.90e-05
2026-04-28 14:58:21,178 INFO src.training.train step=20200 epoch=26 loss=7.9835 grad=0.599 lr=7.76e-05
2026-04-28 14:58:30,375 INFO src.training.train step=20300 epoch=27 loss=7.9709 grad=0.588 lr=7.62e-05
2026-04-28 14:58:39,576 INFO src.training.train step=20400 epoch=27 loss=7.9690 grad=0.614 lr=7.48e-05
2026-04-28 14:58:48,778 INFO src.training.train step=20500 epoch=27 loss=7.9886 grad=0.585 lr=7.34e-05
2026-04-28 14:58:57,997 INFO src.training.train step=20600 epoch=27 loss=7.9796 grad=0.616 lr=7.20e-05
2026-04-28 14:59:07,197 INFO src.training.train step=20700 epoch=27 loss=7.9737 grad=0.611 lr=7.07e-05
2026-04-28 14:59:16,420 INFO src.training.train step=20800 epoch=27 loss=7.9841 grad=0.602 lr=6.93e-05
2026-04-28 14:59:25,647 INFO src.training.train step=20900 epoch=27 loss=7.9780 grad=0.608 lr=6.79e-05
2026-04-28 14:59:34,850 INFO src.training.train step=21000 epoch=27 loss=7.9919 grad=0.633 lr=6.66e-05
2026-04-28 14:59:36,271 INFO src.training.train EVAL step=21000 loss=8.6178 per_query_acc=0.0003 per_seq_acc=0.0000
2026-04-28 14:59:36,271 INFO src.training.train EARLY STOP: 20 evals without per_query_acc improvement (best=0.0002 at step 1000, per_seq_acc=0.0000)
2026-04-28 14:59:37,692 INFO src.training.train DONE: {
  "backbone": "mamba2",
  "seq_len": 256,
  "n_kv_pairs": 64,
  "n_queries": 64,
  "vocab_size": 8192,
  "n_parameters": 9559696,
  "steps_taken": 21000,
  "epochs_taken": 27,
  "early_stopped": true,
  "best_per_seq_acc": 0.0,
  "best_per_query_acc": 0.00021875,
  "best_step": 1000,
  "final_per_seq_acc": 0.0,
  "final_per_query_acc": 0.000328125,
  "final_loss": 8.617804036458333,
  "wall_sec": 1964.8431429862976,
  "seed": 42
}
