── Phase 1a: T=64 ─────────────────────────────────────────────────
═══════════════════════════════════════════════════════════════════
RUN  backbone=transformer_causal  T=64  K=16  seed=42
out=outputs/cohort_reduced/transformer_causal_T64_seed42
═══════════════════════════════════════════════════════════════════
2026-04-22 16:49:31,712 INFO run_experiment resolved config: SyntheticsConfig(task='mqar', vocab_size=8192, key_vocab_size=4096, value_vocab_size=4096, seq_len=64, n_kv_pairs=16, n_queries=None, train_examples_per_epoch=50000, eval_examples=3000, batch_size=64, num_workers=2, backbone='transformer_causal', d_model=256, n_layers=6, n_heads=4, head_size=64, dropout=0.1, mamba_d_state=16, mamba_d_conv=4, mamba_expand=2, mamba2_d_state=64, mamba2_headdim=64, mamba2_ngroups=1, mamba2_chunk_size=64, max_steps=30000, eval_every_steps=1000, log_every_steps=100, early_stop_threshold=0.99, early_stop_patience_evals=5, lr=0.0003, weight_decay=0.01, warmup_steps=1000, grad_clip=5.0, seed=42, compile_encoder=False, device='cuda', output_dir='outputs/cohort_reduced/transformer_causal_T64_seed42')
2026-04-22 16:49:32,332 INFO src.training.train backbone=transformer_causal params=8M seq_len=64 K=16 Q=16 batch=64
2026-04-22 16:49:36,127 INFO src.training.train step=100 epoch=1 loss=9.0080 grad=0.684 lr=3.00e-05
2026-04-22 16:49:38,551 INFO src.training.train step=200 epoch=1 loss=8.5983 grad=0.548 lr=6.00e-05
2026-04-22 16:49:40,974 INFO src.training.train step=300 epoch=1 loss=8.4035 grad=0.526 lr=9.00e-05
2026-04-22 16:49:43,396 INFO src.training.train step=400 epoch=1 loss=8.3511 grad=0.517 lr=1.20e-04
2026-04-22 16:49:45,818 INFO src.training.train step=500 epoch=1 loss=8.3434 grad=0.518 lr=1.50e-04
2026-04-22 16:49:48,241 INFO src.training.train step=600 epoch=1 loss=8.3341 grad=0.505 lr=1.80e-04
2026-04-22 16:49:50,664 INFO src.training.train step=700 epoch=1 loss=8.3479 grad=0.505 lr=2.10e-04
2026-04-22 16:49:53,100 INFO src.training.train step=800 epoch=2 loss=8.3556 grad=0.500 lr=2.40e-04
2026-04-22 16:49:55,523 INFO src.training.train step=900 epoch=2 loss=8.3452 grad=0.490 lr=2.70e-04
2026-04-22 16:49:57,948 INFO src.training.train step=1000 epoch=2 loss=8.3346 grad=0.495 lr=3.00e-04
2026-04-22 16:49:58,470 INFO src.training.train EVAL step=1000 loss=8.3465 per_query_acc=0.0002 per_seq_acc=0.0000
2026-04-22 16:50:00,890 INFO src.training.train step=1100 epoch=2 loss=8.3355 grad=0.491 lr=3.00e-04
2026-04-22 16:50:03,312 INFO src.training.train step=1200 epoch=2 loss=8.2792 grad=0.611 lr=3.00e-04
2026-04-22 16:50:05,735 INFO src.training.train step=1300 epoch=2 loss=8.1578 grad=0.686 lr=3.00e-04
2026-04-22 16:50:08,157 INFO src.training.train step=1400 epoch=2 loss=8.0752 grad=0.723 lr=3.00e-04
2026-04-22 16:50:10,579 INFO src.training.train step=1500 epoch=2 loss=7.9437 grad=0.729 lr=3.00e-04
2026-04-22 16:50:13,016 INFO src.training.train step=1600 epoch=3 loss=7.8220 grad=0.751 lr=3.00e-04
2026-04-22 16:50:15,440 INFO src.training.train step=1700 epoch=3 loss=7.7101 grad=0.761 lr=3.00e-04
2026-04-22 16:50:17,872 INFO src.training.train step=1800 epoch=3 loss=7.6299 grad=0.774 lr=2.99e-04
2026-04-22 16:50:20,305 INFO src.training.train step=1900 epoch=3 loss=7.5217 grad=0.794 lr=2.99e-04
2026-04-22 16:50:22,737 INFO src.training.train step=2000 epoch=3 loss=7.3242 grad=0.824 lr=2.99e-04
2026-04-22 16:50:23,218 INFO src.training.train EVAL step=2000 loss=7.3812 per_query_acc=0.0558 per_seq_acc=0.0000
2026-04-22 16:50:25,648 INFO src.training.train step=2100 epoch=3 loss=7.2562 grad=0.849 lr=2.99e-04
2026-04-22 16:50:28,080 INFO src.training.train step=2200 epoch=3 loss=7.1430 grad=0.863 lr=2.99e-04
2026-04-22 16:50:30,512 INFO src.training.train step=2300 epoch=3 loss=7.0228 grad=0.885 lr=2.99e-04
2026-04-22 16:50:32,959 INFO src.training.train step=2400 epoch=4 loss=6.8988 grad=0.905 lr=2.98e-04
2026-04-22 16:50:35,391 INFO src.training.train step=2500 epoch=4 loss=6.8319 grad=0.944 lr=2.98e-04
2026-04-22 16:50:37,823 INFO src.training.train step=2600 epoch=4 loss=6.7308 grad=0.970 lr=2.98e-04
2026-04-22 16:50:40,254 INFO src.training.train step=2700 epoch=4 loss=6.6230 grad=0.997 lr=2.97e-04
2026-04-22 16:50:42,685 INFO src.training.train step=2800 epoch=4 loss=6.4276 grad=1.011 lr=2.97e-04
2026-04-22 16:50:45,118 INFO src.training.train step=2900 epoch=4 loss=6.3119 grad=1.072 lr=2.97e-04
2026-04-22 16:50:47,549 INFO src.training.train step=3000 epoch=4 loss=6.2305 grad=1.118 lr=2.97e-04
2026-04-22 16:50:48,032 INFO src.training.train EVAL step=3000 loss=6.4111 per_query_acc=0.0595 per_seq_acc=0.0000
2026-04-22 16:50:50,462 INFO src.training.train step=3100 epoch=4 loss=6.0997 grad=1.113 lr=2.96e-04
2026-04-22 16:50:52,907 INFO src.training.train step=3200 epoch=5 loss=6.0216 grad=1.123 lr=2.96e-04
2026-04-22 16:50:55,340 INFO src.training.train step=3300 epoch=5 loss=5.9117 grad=1.135 lr=2.95e-04
2026-04-22 16:50:57,772 INFO src.training.train step=3400 epoch=5 loss=5.8588 grad=1.200 lr=2.95e-04
2026-04-22 16:51:00,203 INFO src.training.train step=3500 epoch=5 loss=5.7527 grad=1.243 lr=2.95e-04
2026-04-22 16:51:02,635 INFO src.training.train step=3600 epoch=5 loss=5.6682 grad=1.321 lr=2.94e-04
2026-04-22 16:51:05,067 INFO src.training.train step=3700 epoch=5 loss=5.5143 grad=1.324 lr=2.94e-04
2026-04-22 16:51:07,505 INFO src.training.train step=3800 epoch=5 loss=5.5602 grad=1.353 lr=2.93e-04
2026-04-22 16:51:09,937 INFO src.training.train step=3900 epoch=5 loss=5.3970 grad=1.393 lr=2.93e-04
2026-04-22 16:51:12,421 INFO src.training.train step=4000 epoch=6 loss=5.2766 grad=1.436 lr=2.92e-04
2026-04-22 16:51:12,902 INFO src.training.train EVAL step=4000 loss=5.6740 per_query_acc=0.0637 per_seq_acc=0.0000
2026-04-22 16:51:15,333 INFO src.training.train step=4100 epoch=6 loss=5.2470 grad=1.529 lr=2.92e-04
2026-04-22 16:51:17,765 INFO src.training.train step=4200 epoch=6 loss=5.1353 grad=1.560 lr=2.91e-04
2026-04-22 16:51:20,197 INFO src.training.train step=4300 epoch=6 loss=4.9039 grad=1.710 lr=2.91e-04
2026-04-22 16:51:22,629 INFO src.training.train step=4400 epoch=6 loss=2.6479 grad=2.663 lr=2.90e-04
2026-04-22 16:51:25,061 INFO src.training.train step=4500 epoch=6 loss=0.4296 grad=2.295 lr=2.89e-04
2026-04-22 16:51:27,493 INFO src.training.train step=4600 epoch=6 loss=0.1794 grad=2.235 lr=2.89e-04
2026-04-22 16:51:29,938 INFO src.training.train step=4700 epoch=7 loss=0.1206 grad=1.820 lr=2.88e-04
2026-04-22 16:51:32,371 INFO src.training.train step=4800 epoch=7 loss=0.0880 grad=1.200 lr=2.88e-04
2026-04-22 16:51:34,802 INFO src.training.train step=4900 epoch=7 loss=0.1084 grad=1.410 lr=2.87e-04
2026-04-22 16:51:37,233 INFO src.training.train step=5000 epoch=7 loss=0.0254 grad=1.059 lr=2.86e-04
2026-04-22 16:51:37,716 INFO src.training.train EVAL step=5000 loss=0.0008 per_query_acc=0.9999 per_seq_acc=0.9990
2026-04-22 16:51:37,716 INFO src.training.train EARLY STOP: per_seq_acc 0.9990 ≥ threshold 0.9900 at step 5000
2026-04-22 16:51:38,196 INFO src.training.train DONE: {
  "backbone": "transformer_causal",
  "seq_len": 64,
  "n_kv_pairs": 16,
  "n_queries": 16,
  "vocab_size": 8192,
  "n_parameters": 8548096,
  "steps_taken": 5000,
  "epochs_taken": 7,
  "early_stopped": true,
  "best_per_seq_acc": 0.999,
  "best_per_query_acc": 0.9999375,
  "best_step": 5000,
  "final_per_seq_acc": 0.999,
  "final_per_query_acc": 0.9999375,
  "final_loss": 0.0007775853235895435,
  "wall_sec": 125.07991409301758,
  "seed": 42
}
═══════════════════════════════════════════════════════════════════
RUN  backbone=rwkv6  T=64  K=16  seed=42
out=outputs/cohort_reduced/rwkv6_T64_seed42
═══════════════════════════════════════════════════════════════════
2026-04-22 16:51:40,348 INFO run_experiment resolved config: SyntheticsConfig(task='mqar', vocab_size=8192, key_vocab_size=4096, value_vocab_size=4096, seq_len=64, n_kv_pairs=16, n_queries=None, train_examples_per_epoch=50000, eval_examples=3000, batch_size=64, num_workers=2, backbone='rwkv6', d_model=256, n_layers=6, n_heads=4, head_size=64, dropout=0.1, mamba_d_state=16, mamba_d_conv=4, mamba_expand=2, mamba2_d_state=64, mamba2_headdim=64, mamba2_ngroups=1, mamba2_chunk_size=64, max_steps=30000, eval_every_steps=1000, log_every_steps=100, early_stop_threshold=0.99, early_stop_patience_evals=5, lr=0.0003, weight_decay=0.01, warmup_steps=1000, grad_clip=5.0, seed=42, compile_encoder=False, device='cuda', output_dir='outputs/cohort_reduced/rwkv6_T64_seed42')
2026-04-22 16:51:41,193 INFO src.training.train backbone=rwkv6 params=10M seq_len=64 K=16 Q=16 batch=64
2026-04-22 16:51:48,876 INFO src.training.train step=100 epoch=1 loss=9.1119 grad=0.721 lr=3.00e-05
2026-04-22 16:51:55,108 INFO src.training.train step=200 epoch=1 loss=8.7589 grad=0.573 lr=6.00e-05
2026-04-22 16:52:01,411 INFO src.training.train step=300 epoch=1 loss=8.4508 grad=0.531 lr=9.00e-05
2026-04-22 16:52:07,483 INFO src.training.train step=400 epoch=1 loss=8.3621 grad=0.524 lr=1.20e-04
2026-04-22 16:52:13,615 INFO src.training.train step=500 epoch=1 loss=8.3554 grad=0.526 lr=1.50e-04
2026-04-22 16:52:19,676 INFO src.training.train step=600 epoch=1 loss=8.3577 grad=0.513 lr=1.80e-04
2026-04-22 16:52:25,693 INFO src.training.train step=700 epoch=1 loss=8.3665 grad=0.513 lr=2.10e-04
2026-04-22 16:52:31,930 INFO src.training.train step=800 epoch=2 loss=8.3708 grad=0.505 lr=2.40e-04
2026-04-22 16:52:37,972 INFO src.training.train step=900 epoch=2 loss=8.3528 grad=0.492 lr=2.70e-04
2026-04-22 16:52:43,541 INFO src.training.train step=1000 epoch=2 loss=8.3528 grad=0.491 lr=3.00e-04
2026-04-22 16:52:44,386 INFO src.training.train EVAL step=1000 loss=8.3485 per_query_acc=0.0002 per_seq_acc=0.0000
2026-04-22 16:52:50,542 INFO src.training.train step=1100 epoch=2 loss=8.3490 grad=0.477 lr=3.00e-04
2026-04-22 16:52:56,681 INFO src.training.train step=1200 epoch=2 loss=8.3614 grad=0.463 lr=3.00e-04
2026-04-22 16:53:03,043 INFO src.training.train step=1300 epoch=2 loss=8.3527 grad=0.450 lr=3.00e-04
2026-04-22 16:53:09,317 INFO src.training.train step=1400 epoch=2 loss=8.3574 grad=0.433 lr=3.00e-04
2026-04-22 16:53:15,481 INFO src.training.train step=1500 epoch=2 loss=8.3473 grad=0.430 lr=3.00e-04
2026-04-22 16:53:21,380 INFO src.training.train step=1600 epoch=3 loss=8.3321 grad=0.410 lr=3.00e-04
2026-04-22 16:53:27,054 INFO src.training.train step=1700 epoch=3 loss=8.3328 grad=0.402 lr=3.00e-04
2026-04-22 16:53:33,078 INFO src.training.train step=1800 epoch=3 loss=8.3365 grad=0.389 lr=2.99e-04
2026-04-22 16:53:39,405 INFO src.training.train step=1900 epoch=3 loss=8.3480 grad=0.378 lr=2.99e-04
2026-04-22 16:53:45,789 INFO src.training.train step=2000 epoch=3 loss=8.3238 grad=0.372 lr=2.99e-04
2026-04-22 16:53:46,616 INFO src.training.train EVAL step=2000 loss=8.3285 per_query_acc=0.0004 per_seq_acc=0.0000
2026-04-22 16:53:52,278 INFO src.training.train step=2100 epoch=3 loss=8.3286 grad=0.354 lr=2.99e-04
2026-04-22 16:53:58,703 INFO src.training.train step=2200 epoch=3 loss=8.3422 grad=0.347 lr=2.99e-04
2026-04-22 16:54:04,960 INFO src.training.train step=2300 epoch=3 loss=8.3286 grad=0.330 lr=2.99e-04
2026-04-22 16:54:11,085 INFO src.training.train step=2400 epoch=4 loss=8.3313 grad=0.315 lr=2.98e-04
2026-04-22 16:54:16,991 INFO src.training.train step=2500 epoch=4 loss=8.3353 grad=0.307 lr=2.98e-04
2026-04-22 16:54:23,023 INFO src.training.train step=2600 epoch=4 loss=8.3248 grad=0.303 lr=2.98e-04
2026-04-22 16:54:29,199 INFO src.training.train step=2700 epoch=4 loss=8.3194 grad=0.285 lr=2.97e-04
2026-04-22 16:54:35,372 INFO src.training.train step=2800 epoch=4 loss=8.3248 grad=0.279 lr=2.97e-04
2026-04-22 16:54:41,546 INFO src.training.train step=2900 epoch=4 loss=8.3189 grad=0.266 lr=2.97e-04
2026-04-22 16:54:47,595 INFO src.training.train step=3000 epoch=4 loss=8.3094 grad=0.258 lr=2.97e-04
2026-04-22 16:54:48,427 INFO src.training.train EVAL step=3000 loss=8.3277 per_query_acc=0.0003 per_seq_acc=0.0000
2026-04-22 16:54:54,813 INFO src.training.train step=3100 epoch=4 loss=8.3159 grad=0.243 lr=2.96e-04
2026-04-22 16:55:01,077 INFO src.training.train step=3200 epoch=5 loss=8.3108 grad=0.245 lr=2.96e-04
2026-04-22 16:55:07,374 INFO src.training.train step=3300 epoch=5 loss=8.3103 grad=0.236 lr=2.95e-04
2026-04-22 16:55:13,649 INFO src.training.train step=3400 epoch=5 loss=8.3089 grad=0.228 lr=2.95e-04
2026-04-22 16:55:19,934 INFO src.training.train step=3500 epoch=5 loss=8.3114 grad=0.231 lr=2.95e-04
2026-04-22 16:55:26,327 INFO src.training.train step=3600 epoch=5 loss=8.2973 grad=0.221 lr=2.94e-04
2026-04-22 16:55:32,705 INFO src.training.train step=3700 epoch=5 loss=8.3030 grad=0.222 lr=2.94e-04
2026-04-22 16:55:38,791 INFO src.training.train step=3800 epoch=5 loss=8.3104 grad=0.202 lr=2.93e-04
2026-04-22 16:55:44,989 INFO src.training.train step=3900 epoch=5 loss=8.3045 grad=0.205 lr=2.93e-04
2026-04-22 16:55:51,406 INFO src.training.train step=4000 epoch=6 loss=8.3011 grad=0.202 lr=2.92e-04
2026-04-22 16:55:52,240 INFO src.training.train EVAL step=4000 loss=8.3327 per_query_acc=0.0004 per_seq_acc=0.0000
2026-04-22 16:55:58,117 INFO src.training.train step=4100 epoch=6 loss=8.3053 grad=0.208 lr=2.92e-04
2026-04-22 16:56:04,539 INFO src.training.train step=4200 epoch=6 loss=8.3001 grad=0.202 lr=2.91e-04
2026-04-22 16:56:11,086 INFO src.training.train step=4300 epoch=6 loss=8.2900 grad=0.194 lr=2.91e-04
2026-04-22 16:56:17,558 INFO src.training.train step=4400 epoch=6 loss=8.3139 grad=0.205 lr=2.90e-04
2026-04-22 16:56:23,482 INFO src.training.train step=4500 epoch=6 loss=8.2981 grad=0.184 lr=2.89e-04
2026-04-22 16:56:29,793 INFO src.training.train step=4600 epoch=6 loss=8.2936 grad=0.204 lr=2.89e-04
2026-04-22 16:56:35,180 INFO src.training.train step=4700 epoch=7 loss=8.2869 grad=0.231 lr=2.88e-04
2026-04-22 16:56:41,256 INFO src.training.train step=4800 epoch=7 loss=8.2962 grad=0.203 lr=2.88e-04
2026-04-22 16:56:47,356 INFO src.training.train step=4900 epoch=7 loss=8.2612 grad=0.240 lr=2.87e-04
2026-04-22 16:56:53,644 INFO src.training.train step=5000 epoch=7 loss=8.2877 grad=0.210 lr=2.86e-04
2026-04-22 16:56:54,476 INFO src.training.train EVAL step=5000 loss=8.3467 per_query_acc=0.0003 per_seq_acc=0.0000
2026-04-22 16:57:00,740 INFO src.training.train step=5100 epoch=7 loss=8.2936 grad=0.215 lr=2.85e-04
2026-04-22 16:57:06,787 INFO src.training.train step=5200 epoch=7 loss=8.2881 grad=0.219 lr=2.85e-04
2026-04-22 16:57:12,872 INFO src.training.train step=5300 epoch=7 loss=8.3009 grad=0.208 lr=2.84e-04
2026-04-22 16:57:18,811 INFO src.training.train step=5400 epoch=7 loss=8.2695 grad=0.256 lr=2.83e-04
2026-04-22 16:57:25,188 INFO src.training.train step=5500 epoch=8 loss=8.2972 grad=0.203 lr=2.83e-04
2026-04-22 16:57:31,666 INFO src.training.train step=5600 epoch=8 loss=8.2799 grad=0.211 lr=2.82e-04
2026-04-22 16:57:38,064 INFO src.training.train step=5700 epoch=8 loss=8.2798 grad=0.201 lr=2.81e-04
2026-04-22 16:57:44,253 INFO src.training.train step=5800 epoch=8 loss=8.2813 grad=0.241 lr=2.80e-04
2026-04-22 16:57:50,749 INFO src.training.train step=5900 epoch=8 loss=8.2775 grad=0.222 lr=2.79e-04
2026-04-22 16:57:57,186 INFO src.training.train step=6000 epoch=8 loss=8.2718 grad=0.239 lr=2.79e-04
2026-04-22 16:57:58,019 INFO src.training.train EVAL step=6000 loss=8.3635 per_query_acc=0.0005 per_seq_acc=0.0000
2026-04-22 16:57:58,019 INFO src.training.train EARLY STOP: 5 evals without per_query_acc improvement (best=0.0002 at step 1000, per_seq_acc=0.0000)
2026-04-22 16:57:58,840 INFO src.training.train DONE: {
  "backbone": "rwkv6",
  "seq_len": 64,
  "n_kv_pairs": 16,
  "n_queries": 16,
  "vocab_size": 8192,
  "n_parameters": 10028032,
  "steps_taken": 6000,
  "epochs_taken": 8,
  "early_stopped": true,
  "best_per_seq_acc": 0.0,
  "best_per_query_acc": 0.0001875,
  "best_step": 1000,
  "final_per_seq_acc": 0.0,
  "final_per_query_acc": 0.0004583333333333333,
  "final_loss": 8.363495076497395,
  "wall_sec": 376.8446707725525,
  "seed": 42
}
═══════════════════════════════════════════════════════════════════
RUN  backbone=rwkv6_lucid  T=64  K=16  seed=42
out=outputs/cohort_reduced/rwkv6_lucid_T64_seed42
═══════════════════════════════════════════════════════════════════
2026-04-22 16:58:00,925 INFO run_experiment resolved config: SyntheticsConfig(task='mqar', vocab_size=8192, key_vocab_size=4096, value_vocab_size=4096, seq_len=64, n_kv_pairs=16, n_queries=None, train_examples_per_epoch=50000, eval_examples=3000, batch_size=64, num_workers=2, backbone='rwkv6_lucid', d_model=256, n_layers=6, n_heads=4, head_size=64, dropout=0.1, mamba_d_state=16, mamba_d_conv=4, mamba_expand=2, mamba2_d_state=64, mamba2_headdim=64, mamba2_ngroups=1, mamba2_chunk_size=64, max_steps=30000, eval_every_steps=1000, log_every_steps=100, early_stop_threshold=0.99, early_stop_patience_evals=5, lr=0.0003, weight_decay=0.01, warmup_steps=1000, grad_clip=5.0, seed=42, compile_encoder=False, device='cuda', output_dir='outputs/cohort_reduced/rwkv6_lucid_T64_seed42')
2026-04-22 16:58:01,787 INFO src.training.train backbone=rwkv6_lucid params=10M seq_len=64 K=16 Q=16 batch=64
2026-04-22 16:58:11,315 INFO src.training.train step=100 epoch=1 loss=9.1141 grad=0.705 lr=3.00e-05
2026-04-22 16:58:19,523 INFO src.training.train step=200 epoch=1 loss=8.7542 grad=0.572 lr=6.00e-05
2026-04-22 16:58:27,828 INFO src.training.train step=300 epoch=1 loss=8.4506 grad=0.530 lr=9.00e-05
2026-04-22 16:58:36,005 INFO src.training.train step=400 epoch=1 loss=8.3603 grad=0.525 lr=1.20e-04
2026-04-22 16:58:44,392 INFO src.training.train step=500 epoch=1 loss=8.3560 grad=0.527 lr=1.50e-04
2026-04-22 16:58:52,535 INFO src.training.train step=600 epoch=1 loss=8.3577 grad=0.513 lr=1.80e-04
2026-04-22 16:59:00,555 INFO src.training.train step=700 epoch=1 loss=8.3665 grad=0.513 lr=2.10e-04
2026-04-22 16:59:08,805 INFO src.training.train step=800 epoch=2 loss=8.3712 grad=0.506 lr=2.40e-04
2026-04-22 16:59:16,839 INFO src.training.train step=900 epoch=2 loss=8.3527 grad=0.492 lr=2.70e-04
2026-04-22 16:59:24,893 INFO src.training.train step=1000 epoch=2 loss=8.3525 grad=0.491 lr=3.00e-04
2026-04-22 16:59:26,089 INFO src.training.train EVAL step=1000 loss=8.3484 per_query_acc=0.0002 per_seq_acc=0.0000
2026-04-22 16:59:34,240 INFO src.training.train step=1100 epoch=2 loss=8.3495 grad=0.476 lr=3.00e-04
2026-04-22 16:59:42,119 INFO src.training.train step=1200 epoch=2 loss=8.3618 grad=0.463 lr=3.00e-04
2026-04-22 16:59:49,955 INFO src.training.train step=1300 epoch=2 loss=8.3525 grad=0.450 lr=3.00e-04
2026-04-22 16:59:58,064 INFO src.training.train step=1400 epoch=2 loss=8.3568 grad=0.433 lr=3.00e-04
2026-04-22 17:00:06,009 INFO src.training.train step=1500 epoch=2 loss=8.3473 grad=0.431 lr=3.00e-04
2026-04-22 17:00:14,206 INFO src.training.train step=1600 epoch=3 loss=8.3312 grad=0.411 lr=3.00e-04
2026-04-22 17:00:22,195 INFO src.training.train step=1700 epoch=3 loss=8.3332 grad=0.404 lr=3.00e-04
2026-04-22 17:00:30,417 INFO src.training.train step=1800 epoch=3 loss=8.3366 grad=0.391 lr=2.99e-04
2026-04-22 17:00:37,935 INFO src.training.train step=1900 epoch=3 loss=8.3496 grad=0.379 lr=2.99e-04
2026-04-22 17:00:44,564 INFO src.training.train step=2000 epoch=3 loss=8.3236 grad=0.373 lr=2.99e-04
2026-04-22 17:00:45,726 INFO src.training.train EVAL step=2000 loss=8.3286 per_query_acc=0.0004 per_seq_acc=0.0000
2026-04-22 17:00:53,167 INFO src.training.train step=2100 epoch=3 loss=8.3301 grad=0.356 lr=2.99e-04
2026-04-22 17:01:00,948 INFO src.training.train step=2200 epoch=3 loss=8.3426 grad=0.350 lr=2.99e-04
2026-04-22 17:01:08,736 INFO src.training.train step=2300 epoch=3 loss=8.3292 grad=0.333 lr=2.99e-04
2026-04-22 17:01:16,829 INFO src.training.train step=2400 epoch=4 loss=8.3321 grad=0.318 lr=2.98e-04
2026-04-22 17:01:25,055 INFO src.training.train step=2500 epoch=4 loss=8.3344 grad=0.311 lr=2.98e-04
2026-04-22 17:01:33,365 INFO src.training.train step=2600 epoch=4 loss=8.3242 grad=0.306 lr=2.98e-04
2026-04-22 17:01:41,329 INFO src.training.train step=2700 epoch=4 loss=8.3203 grad=0.290 lr=2.97e-04
2026-04-22 17:01:49,290 INFO src.training.train step=2800 epoch=4 loss=8.3246 grad=0.285 lr=2.97e-04
2026-04-22 17:01:57,484 INFO src.training.train step=2900 epoch=4 loss=8.3178 grad=0.269 lr=2.97e-04
2026-04-22 17:02:05,716 INFO src.training.train step=3000 epoch=4 loss=8.3081 grad=0.265 lr=2.97e-04
2026-04-22 17:02:06,898 INFO src.training.train EVAL step=3000 loss=8.3288 per_query_acc=0.0002 per_seq_acc=0.0000
2026-04-22 17:02:14,436 INFO src.training.train step=3100 epoch=4 loss=8.3161 grad=0.249 lr=2.96e-04
2026-04-22 17:02:22,375 INFO src.training.train step=3200 epoch=5 loss=8.3121 grad=0.253 lr=2.96e-04
2026-04-22 17:02:30,362 INFO src.training.train step=3300 epoch=5 loss=8.2505 grad=0.479 lr=2.95e-04
2026-04-22 17:02:38,182 INFO src.training.train step=3400 epoch=5 loss=7.9064 grad=0.890 lr=2.95e-04
2026-04-22 17:02:46,099 INFO src.training.train step=3500 epoch=5 loss=7.3404 grad=1.357 lr=2.95e-04
2026-04-22 17:02:54,371 INFO src.training.train step=3600 epoch=5 loss=6.7766 grad=1.164 lr=2.94e-04
2026-04-22 17:03:02,554 INFO src.training.train step=3700 epoch=5 loss=6.2023 grad=1.950 lr=2.94e-04
2026-04-22 17:03:10,691 INFO src.training.train step=3800 epoch=5 loss=5.6075 grad=1.719 lr=2.93e-04
2026-04-22 17:03:19,024 INFO src.training.train step=3900 epoch=5 loss=5.0528 grad=1.541 lr=2.93e-04
2026-04-22 17:03:27,119 INFO src.training.train step=4000 epoch=6 loss=4.5834 grad=1.678 lr=2.92e-04
2026-04-22 17:03:28,300 INFO src.training.train EVAL step=4000 loss=4.0233 per_query_acc=0.4555 per_seq_acc=0.0000
2026-04-22 17:03:36,356 INFO src.training.train step=4100 epoch=6 loss=4.1371 grad=1.807 lr=2.92e-04
2026-04-22 17:03:44,660 INFO src.training.train step=4200 epoch=6 loss=3.6069 grad=1.996 lr=2.91e-04
2026-04-22 17:03:52,667 INFO src.training.train step=4300 epoch=6 loss=3.1649 grad=2.924 lr=2.91e-04
2026-04-22 17:04:01,059 INFO src.training.train step=4400 epoch=6 loss=2.7171 grad=1.874 lr=2.90e-04
2026-04-22 17:04:09,234 INFO src.training.train step=4500 epoch=6 loss=2.3074 grad=2.189 lr=2.89e-04
2026-04-22 17:04:17,075 INFO src.training.train step=4600 epoch=6 loss=1.9697 grad=3.798 lr=2.89e-04
2026-04-22 17:04:25,122 INFO src.training.train step=4700 epoch=7 loss=1.6448 grad=2.113 lr=2.88e-04
2026-04-22 17:04:33,120 INFO src.training.train step=4800 epoch=7 loss=1.3813 grad=2.689 lr=2.88e-04
2026-04-22 17:04:39,518 INFO src.training.train step=4900 epoch=7 loss=1.0968 grad=2.991 lr=2.87e-04
2026-04-22 17:04:47,262 INFO src.training.train step=5000 epoch=7 loss=0.8925 grad=2.041 lr=2.86e-04
2026-04-22 17:04:48,442 INFO src.training.train EVAL step=5000 loss=0.5247 per_query_acc=0.9626 per_seq_acc=0.5610
2026-04-22 17:04:56,533 INFO src.training.train step=5100 epoch=7 loss=0.7603 grad=2.782 lr=2.85e-04
2026-04-22 17:05:04,594 INFO src.training.train step=5200 epoch=7 loss=0.6035 grad=1.847 lr=2.85e-04
2026-04-22 17:05:12,946 INFO src.training.train step=5300 epoch=7 loss=0.5177 grad=3.778 lr=2.84e-04
2026-04-22 17:05:21,196 INFO src.training.train step=5400 epoch=7 loss=0.4599 grad=2.857 lr=2.83e-04
2026-04-22 17:05:29,291 INFO src.training.train step=5500 epoch=8 loss=0.3389 grad=1.941 lr=2.83e-04
2026-04-22 17:05:37,378 INFO src.training.train step=5600 epoch=8 loss=0.2899 grad=2.145 lr=2.82e-04
2026-04-22 17:05:45,489 INFO src.training.train step=5700 epoch=8 loss=0.2379 grad=1.446 lr=2.81e-04
2026-04-22 17:05:53,411 INFO src.training.train step=5800 epoch=8 loss=0.2224 grad=1.941 lr=2.80e-04
2026-04-22 17:06:01,788 INFO src.training.train step=5900 epoch=8 loss=0.1948 grad=1.933 lr=2.79e-04
2026-04-22 17:06:09,706 INFO src.training.train step=6000 epoch=8 loss=0.1868 grad=1.342 lr=2.79e-04
2026-04-22 17:06:10,885 INFO src.training.train EVAL step=6000 loss=0.0170 per_query_acc=0.9993 per_seq_acc=0.9893
2026-04-22 17:06:19,042 INFO src.training.train step=6100 epoch=8 loss=0.1427 grad=1.198 lr=2.78e-04
2026-04-22 17:06:27,128 INFO src.training.train step=6200 epoch=8 loss=0.1519 grad=1.131 lr=2.77e-04
2026-04-22 17:06:35,428 INFO src.training.train step=6300 epoch=9 loss=0.1322 grad=1.577 lr=2.76e-04
2026-04-22 17:06:43,357 INFO src.training.train step=6400 epoch=9 loss=0.1158 grad=1.201 lr=2.75e-04
2026-04-22 17:06:51,433 INFO src.training.train step=6500 epoch=9 loss=0.0996 grad=1.227 lr=2.74e-04
2026-04-22 17:06:59,452 INFO src.training.train step=6600 epoch=9 loss=0.1127 grad=1.256 lr=2.73e-04
2026-04-22 17:07:07,193 INFO src.training.train step=6700 epoch=9 loss=0.0940 grad=1.575 lr=2.72e-04
2026-04-22 17:07:15,425 INFO src.training.train step=6800 epoch=9 loss=0.0791 grad=0.891 lr=2.71e-04
2026-04-22 17:07:23,530 INFO src.training.train step=6900 epoch=9 loss=0.0772 grad=1.101 lr=2.70e-04
2026-04-22 17:07:31,542 INFO src.training.train step=7000 epoch=9 loss=0.0739 grad=1.227 lr=2.70e-04
2026-04-22 17:07:32,720 INFO src.training.train EVAL step=7000 loss=0.0035 per_query_acc=0.9998 per_seq_acc=0.9963
2026-04-22 17:07:32,720 INFO src.training.train EARLY STOP: per_seq_acc 0.9963 ≥ threshold 0.9900 at step 7000
2026-04-22 17:07:33,884 INFO src.training.train DONE: {
  "backbone": "rwkv6_lucid",
  "seq_len": 64,
  "n_kv_pairs": 16,
  "n_queries": 16,
  "vocab_size": 8192,
  "n_parameters": 10028056,
  "steps_taken": 7000,
  "epochs_taken": 9,
  "early_stopped": true,
  "best_per_seq_acc": 0.9963333333333333,
  "best_per_query_acc": 0.9992916666666667,
  "best_step": 6000,
  "final_per_seq_acc": 0.9963333333333333,
  "final_per_query_acc": 0.9997708333333334,
  "final_loss": 0.0034840182413657505,
  "wall_sec": 571.3605251312256,
  "seed": 42
}
═══════════════════════════════════════════════════════════════════
RUN  backbone=rwkv6_delta  T=64  K=16  seed=42
out=outputs/cohort_reduced/rwkv6_delta_T64_seed42
═══════════════════════════════════════════════════════════════════
2026-04-22 17:07:35,936 INFO run_experiment resolved config: SyntheticsConfig(task='mqar', vocab_size=8192, key_vocab_size=4096, value_vocab_size=4096, seq_len=64, n_kv_pairs=16, n_queries=None, train_examples_per_epoch=50000, eval_examples=3000, batch_size=64, num_workers=2, backbone='rwkv6_delta', d_model=256, n_layers=6, n_heads=4, head_size=64, dropout=0.1, mamba_d_state=16, mamba_d_conv=4, mamba_expand=2, mamba2_d_state=64, mamba2_headdim=64, mamba2_ngroups=1, mamba2_chunk_size=64, max_steps=30000, eval_every_steps=1000, log_every_steps=100, early_stop_threshold=0.99, early_stop_patience_evals=5, lr=0.0003, weight_decay=0.01, warmup_steps=1000, grad_clip=5.0, seed=42, compile_encoder=False, device='cuda', output_dir='outputs/cohort_reduced/rwkv6_delta_T64_seed42')
2026-04-22 17:07:36,711 INFO src.training.train backbone=rwkv6_delta params=10M seq_len=64 K=16 Q=16 batch=64
2026-04-22 17:08:39,929 INFO src.training.train step=100 epoch=1 loss=9.0883 grad=0.690 lr=3.00e-05
2026-04-22 17:09:41,909 INFO src.training.train step=200 epoch=1 loss=8.7494 grad=0.561 lr=6.00e-05
2026-04-22 17:10:43,917 INFO src.training.train step=300 epoch=1 loss=8.4315 grad=0.533 lr=9.00e-05
2026-04-22 17:11:45,975 INFO src.training.train step=400 epoch=1 loss=8.3739 grad=0.533 lr=1.20e-04
2026-04-22 17:12:48,112 INFO src.training.train step=500 epoch=1 loss=8.3597 grad=0.529 lr=1.50e-04
2026-04-22 17:13:50,250 INFO src.training.train step=600 epoch=1 loss=8.3628 grad=0.517 lr=1.80e-04
2026-04-22 17:14:52,387 INFO src.training.train step=700 epoch=1 loss=8.3653 grad=0.509 lr=2.10e-04
2026-04-22 17:15:54,534 INFO src.training.train step=800 epoch=2 loss=8.3720 grad=0.505 lr=2.40e-04
2026-04-22 17:16:56,680 INFO src.training.train step=900 epoch=2 loss=8.3575 grad=0.490 lr=2.70e-04
2026-04-22 17:17:58,817 INFO src.training.train step=1000 epoch=2 loss=8.3403 grad=0.493 lr=3.00e-04
2026-04-22 17:18:06,936 INFO src.training.train EVAL step=1000 loss=8.3484 per_query_acc=0.0002 per_seq_acc=0.0000
2026-04-22 17:19:09,082 INFO src.training.train step=1100 epoch=2 loss=8.3572 grad=0.477 lr=3.00e-04
2026-04-22 17:20:11,229 INFO src.training.train step=1200 epoch=2 loss=8.3689 grad=0.462 lr=3.00e-04
2026-04-22 17:21:13,376 INFO src.training.train step=1300 epoch=2 loss=8.3580 grad=0.452 lr=3.00e-04
2026-04-22 17:22:15,512 INFO src.training.train step=1400 epoch=2 loss=8.3559 grad=0.436 lr=3.00e-04
2026-04-22 17:23:17,651 INFO src.training.train step=1500 epoch=2 loss=8.3409 grad=0.432 lr=3.00e-04
2026-04-22 17:24:19,797 INFO src.training.train step=1600 epoch=3 loss=8.3367 grad=0.414 lr=3.00e-04
2026-04-22 17:25:21,936 INFO src.training.train step=1700 epoch=3 loss=8.3376 grad=0.407 lr=3.00e-04
2026-04-22 17:26:24,082 INFO src.training.train step=1800 epoch=3 loss=8.3310 grad=0.393 lr=2.99e-04
2026-04-22 17:27:26,228 INFO src.training.train step=1900 epoch=3 loss=8.3572 grad=0.384 lr=2.99e-04
2026-04-22 17:28:28,367 INFO src.training.train step=2000 epoch=3 loss=8.3320 grad=0.379 lr=2.99e-04
2026-04-22 17:28:36,469 INFO src.training.train EVAL step=2000 loss=8.3297 per_query_acc=0.0004 per_seq_acc=0.0000
2026-04-22 17:29:38,610 INFO src.training.train step=2100 epoch=3 loss=8.3316 grad=0.361 lr=2.99e-04
2026-04-22 17:30:40,749 INFO src.training.train step=2200 epoch=3 loss=8.3355 grad=0.353 lr=2.99e-04
2026-04-22 17:31:42,895 INFO src.training.train step=2300 epoch=3 loss=8.3351 grad=0.339 lr=2.99e-04
2026-04-22 17:32:45,042 INFO src.training.train step=2400 epoch=4 loss=8.3327 grad=0.322 lr=2.98e-04
2026-04-22 17:33:47,187 INFO src.training.train step=2500 epoch=4 loss=8.3330 grad=0.313 lr=2.98e-04
2026-04-22 17:34:49,325 INFO src.training.train step=2600 epoch=4 loss=8.3249 grad=0.304 lr=2.98e-04
2026-04-22 17:35:51,451 INFO src.training.train step=2700 epoch=4 loss=8.3252 grad=0.287 lr=2.97e-04
2026-04-22 17:36:53,591 INFO src.training.train step=2800 epoch=4 loss=8.3290 grad=0.278 lr=2.97e-04
2026-04-22 17:37:55,728 INFO src.training.train step=2900 epoch=4 loss=8.3140 grad=0.264 lr=2.97e-04
2026-04-22 17:38:57,861 INFO src.training.train step=3000 epoch=4 loss=8.3194 grad=0.258 lr=2.97e-04
2026-04-22 17:39:05,957 INFO src.training.train EVAL step=3000 loss=8.3280 per_query_acc=0.0002 per_seq_acc=0.0000
2026-04-22 17:40:08,101 INFO src.training.train step=3100 epoch=4 loss=8.3185 grad=0.244 lr=2.96e-04
2026-04-22 17:41:10,239 INFO src.training.train step=3200 epoch=5 loss=8.3217 grad=0.240 lr=2.96e-04
2026-04-22 17:42:12,376 INFO src.training.train step=3300 epoch=5 loss=8.3197 grad=0.242 lr=2.95e-04
2026-04-22 17:43:14,511 INFO src.training.train step=3400 epoch=5 loss=8.3100 grad=0.231 lr=2.95e-04
2026-04-22 17:44:16,648 INFO src.training.train step=3500 epoch=5 loss=8.3010 grad=0.234 lr=2.95e-04
2026-04-22 17:45:18,781 INFO src.training.train step=3600 epoch=5 loss=8.3016 grad=0.220 lr=2.94e-04
2026-04-22 17:46:20,903 INFO src.training.train step=3700 epoch=5 loss=8.3079 grad=0.216 lr=2.94e-04
2026-04-22 17:47:23,001 INFO src.training.train step=3800 epoch=5 loss=8.3157 grad=0.200 lr=2.93e-04
2026-04-22 17:48:25,034 INFO src.training.train step=3900 epoch=5 loss=8.2932 grad=0.207 lr=2.93e-04
2026-04-22 17:49:27,103 INFO src.training.train step=4000 epoch=6 loss=8.3114 grad=0.203 lr=2.92e-04
2026-04-22 17:49:35,182 INFO src.training.train EVAL step=4000 loss=8.3319 per_query_acc=0.0002 per_seq_acc=0.0000
2026-04-22 17:50:37,203 INFO src.training.train step=4100 epoch=6 loss=8.3119 grad=0.212 lr=2.92e-04
2026-04-22 17:51:39,202 INFO src.training.train step=4200 epoch=6 loss=8.2985 grad=0.215 lr=2.91e-04
2026-04-22 17:52:41,205 INFO src.training.train step=4300 epoch=6 loss=8.2987 grad=0.189 lr=2.91e-04
2026-04-22 17:53:43,218 INFO src.training.train step=4400 epoch=6 loss=8.2935 grad=0.210 lr=2.90e-04
2026-04-22 17:54:45,232 INFO src.training.train step=4500 epoch=6 loss=8.2966 grad=0.193 lr=2.89e-04
2026-04-22 17:55:47,237 INFO src.training.train step=4600 epoch=6 loss=8.3038 grad=0.205 lr=2.89e-04
2026-04-22 17:56:49,238 INFO src.training.train step=4700 epoch=7 loss=8.3016 grad=0.222 lr=2.88e-04
2026-04-22 17:57:51,256 INFO src.training.train step=4800 epoch=7 loss=8.2863 grad=0.229 lr=2.88e-04
2026-04-22 17:58:53,258 INFO src.training.train step=4900 epoch=7 loss=8.2664 grad=0.227 lr=2.87e-04
2026-04-22 17:59:55,259 INFO src.training.train step=5000 epoch=7 loss=8.2811 grad=0.213 lr=2.86e-04
2026-04-22 18:00:03,332 INFO src.training.train EVAL step=5000 loss=8.3469 per_query_acc=0.0002 per_seq_acc=0.0000
2026-04-22 18:01:05,336 INFO src.training.train step=5100 epoch=7 loss=8.3000 grad=0.216 lr=2.85e-04
2026-04-22 18:02:07,348 INFO src.training.train step=5200 epoch=7 loss=8.2793 grad=0.208 lr=2.85e-04
2026-04-22 18:03:09,356 INFO src.training.train step=5300 epoch=7 loss=8.2873 grad=0.217 lr=2.84e-04
2026-04-22 18:04:11,364 INFO src.training.train step=5400 epoch=7 loss=8.2725 grad=0.218 lr=2.83e-04
2026-04-22 18:05:13,368 INFO src.training.train step=5500 epoch=8 loss=8.2702 grad=0.207 lr=2.83e-04
2026-04-22 18:06:15,371 INFO src.training.train step=5600 epoch=8 loss=8.2879 grad=0.231 lr=2.82e-04
2026-04-22 18:07:17,374 INFO src.training.train step=5700 epoch=8 loss=8.2776 grad=0.205 lr=2.81e-04
2026-04-22 18:08:19,377 INFO src.training.train step=5800 epoch=8 loss=8.2811 grad=0.227 lr=2.80e-04
2026-04-22 18:09:21,382 INFO src.training.train step=5900 epoch=8 loss=8.2690 grad=0.233 lr=2.79e-04
2026-04-22 18:10:23,388 INFO src.training.train step=6000 epoch=8 loss=8.2717 grad=0.221 lr=2.79e-04
2026-04-22 18:10:31,462 INFO src.training.train EVAL step=6000 loss=8.3598 per_query_acc=0.0003 per_seq_acc=0.0000
2026-04-22 18:10:31,462 INFO src.training.train EARLY STOP: 5 evals without per_query_acc improvement (best=0.0002 at step 1000, per_seq_acc=0.0000)
2026-04-22 18:10:39,538 INFO src.training.train DONE: {
  "backbone": "rwkv6_delta",
  "seq_len": 64,
  "n_kv_pairs": 16,
  "n_queries": 16,
  "vocab_size": 8192,
  "n_parameters": 10229272,
  "steps_taken": 6000,
  "epochs_taken": 8,
  "early_stopped": true,
  "best_per_seq_acc": 0.0,
  "best_per_query_acc": 0.00016666666666666666,
  "best_step": 1000,
  "final_per_seq_acc": 0.0,
  "final_per_query_acc": 0.00025,
  "final_loss": 8.359837331136069,
  "wall_sec": 3782.095241546631,
  "seed": 42
}
═══════════════════════════════════════════════════════════════════
RUN  backbone=mamba  T=64  K=16  seed=42
out=outputs/cohort_reduced/mamba_T64_seed42
═══════════════════════════════════════════════════════════════════
2026-04-22 18:10:41,715 INFO run_experiment resolved config: SyntheticsConfig(task='mqar', vocab_size=8192, key_vocab_size=4096, value_vocab_size=4096, seq_len=64, n_kv_pairs=16, n_queries=None, train_examples_per_epoch=50000, eval_examples=3000, batch_size=64, num_workers=2, backbone='mamba', d_model=256, n_layers=6, n_heads=4, head_size=64, dropout=0.1, mamba_d_state=16, mamba_d_conv=4, mamba_expand=2, mamba2_d_state=64, mamba2_headdim=64, mamba2_ngroups=1, mamba2_chunk_size=64, max_steps=30000, eval_every_steps=1000, log_every_steps=100, early_stop_threshold=0.99, early_stop_patience_evals=5, lr=0.0003, weight_decay=0.01, warmup_steps=1000, grad_clip=5.0, seed=42, compile_encoder=False, device='cuda', output_dir='outputs/cohort_reduced/mamba_T64_seed42')
2026-04-22 18:10:42,600 INFO src.training.train backbone=mamba params=9M seq_len=64 K=16 Q=16 batch=64
2026-04-22 18:11:11,660 INFO src.training.train step=100 epoch=1 loss=8.9759 grad=0.686 lr=3.00e-05
2026-04-22 18:11:39,589 INFO src.training.train step=200 epoch=1 loss=8.5862 grad=0.555 lr=6.00e-05
2026-04-22 18:12:07,541 INFO src.training.train step=300 epoch=1 loss=8.3789 grad=0.531 lr=9.00e-05
2026-04-22 18:12:35,469 INFO src.training.train step=400 epoch=1 loss=8.3483 grad=0.522 lr=1.20e-04
2026-04-22 18:13:03,398 INFO src.training.train step=500 epoch=1 loss=8.3431 grad=0.522 lr=1.50e-04
2026-04-22 18:13:31,327 INFO src.training.train step=600 epoch=1 loss=8.3468 grad=0.512 lr=1.80e-04
2026-04-22 18:13:59,256 INFO src.training.train step=700 epoch=1 loss=8.3487 grad=0.510 lr=2.10e-04
2026-04-22 18:14:27,184 INFO src.training.train step=800 epoch=2 loss=8.3617 grad=0.507 lr=2.40e-04
2026-04-22 18:14:55,114 INFO src.training.train step=900 epoch=2 loss=8.3549 grad=0.494 lr=2.70e-04
2026-04-22 18:15:23,043 INFO src.training.train step=1000 epoch=2 loss=8.3397 grad=0.496 lr=3.00e-04
2026-04-22 18:15:26,228 INFO src.training.train EVAL step=1000 loss=8.3502 per_query_acc=0.0002 per_seq_acc=0.0000
2026-04-22 18:15:54,156 INFO src.training.train step=1100 epoch=2 loss=8.3521 grad=0.484 lr=3.00e-04
2026-04-22 18:16:22,085 INFO src.training.train step=1200 epoch=2 loss=8.3530 grad=0.471 lr=3.00e-04
2026-04-22 18:16:50,013 INFO src.training.train step=1300 epoch=2 loss=8.3475 grad=0.466 lr=3.00e-04
2026-04-22 18:17:17,941 INFO src.training.train step=1400 epoch=2 loss=8.3486 grad=0.454 lr=3.00e-04
2026-04-22 18:17:45,869 INFO src.training.train step=1500 epoch=2 loss=8.3342 grad=0.455 lr=3.00e-04
2026-04-22 18:18:13,798 INFO src.training.train step=1600 epoch=3 loss=8.3328 grad=0.437 lr=3.00e-04
2026-04-22 18:18:41,726 INFO src.training.train step=1700 epoch=3 loss=8.3276 grad=0.437 lr=3.00e-04
2026-04-22 18:19:09,654 INFO src.training.train step=1800 epoch=3 loss=8.3276 grad=0.430 lr=2.99e-04
2026-04-22 18:19:37,583 INFO src.training.train step=1900 epoch=3 loss=8.3438 grad=0.423 lr=2.99e-04
2026-04-22 18:20:05,512 INFO src.training.train step=2000 epoch=3 loss=8.3279 grad=0.428 lr=2.99e-04
2026-04-22 18:20:08,680 INFO src.training.train EVAL step=2000 loss=8.3389 per_query_acc=0.0004 per_seq_acc=0.0000
2026-04-22 18:20:36,608 INFO src.training.train step=2100 epoch=3 loss=8.3273 grad=0.411 lr=2.99e-04
2026-04-22 18:21:04,537 INFO src.training.train step=2200 epoch=3 loss=8.3322 grad=0.414 lr=2.99e-04
2026-04-22 18:21:32,464 INFO src.training.train step=2300 epoch=3 loss=8.3113 grad=0.401 lr=2.99e-04
2026-04-22 18:22:00,393 INFO src.training.train step=2400 epoch=4 loss=8.3245 grad=0.388 lr=2.98e-04
2026-04-22 18:22:28,321 INFO src.training.train step=2500 epoch=4 loss=8.3292 grad=0.393 lr=2.98e-04
2026-04-22 18:22:56,249 INFO src.training.train step=2600 epoch=4 loss=8.3171 grad=0.392 lr=2.98e-04
2026-04-22 18:23:24,177 INFO src.training.train step=2700 epoch=4 loss=8.3070 grad=0.386 lr=2.97e-04
2026-04-22 18:23:52,106 INFO src.training.train step=2800 epoch=4 loss=8.3284 grad=0.390 lr=2.97e-04
2026-04-22 18:24:20,035 INFO src.training.train step=2900 epoch=4 loss=8.3062 grad=0.374 lr=2.97e-04
2026-04-22 18:24:47,963 INFO src.training.train step=3000 epoch=4 loss=8.3107 grad=0.384 lr=2.97e-04
2026-04-22 18:24:51,131 INFO src.training.train EVAL step=3000 loss=8.3444 per_query_acc=0.0003 per_seq_acc=0.0000
2026-04-22 18:25:19,059 INFO src.training.train step=3100 epoch=4 loss=8.3152 grad=0.369 lr=2.96e-04
2026-04-22 18:25:46,988 INFO src.training.train step=3200 epoch=5 loss=8.2986 grad=0.368 lr=2.96e-04
2026-04-22 18:26:14,916 INFO src.training.train step=3300 epoch=5 loss=8.2988 grad=0.370 lr=2.95e-04
2026-04-22 18:26:42,844 INFO src.training.train step=3400 epoch=5 loss=8.2809 grad=0.388 lr=2.95e-04
2026-04-22 18:27:10,773 INFO src.training.train step=3500 epoch=5 loss=8.2932 grad=0.379 lr=2.95e-04
2026-04-22 18:27:38,701 INFO src.training.train step=3600 epoch=5 loss=8.2972 grad=0.366 lr=2.94e-04
2026-04-22 18:28:06,630 INFO src.training.train step=3700 epoch=5 loss=8.2882 grad=0.358 lr=2.94e-04
2026-04-22 18:28:34,558 INFO src.training.train step=3800 epoch=5 loss=8.3063 grad=0.351 lr=2.93e-04
2026-04-22 18:29:02,487 INFO src.training.train step=3900 epoch=5 loss=8.3070 grad=0.363 lr=2.93e-04
2026-04-22 18:29:30,464 INFO src.training.train step=4000 epoch=6 loss=8.3100 grad=0.356 lr=2.92e-04
2026-04-22 18:29:33,631 INFO src.training.train EVAL step=4000 loss=8.3589 per_query_acc=0.0003 per_seq_acc=0.0000
2026-04-22 18:30:01,559 INFO src.training.train step=4100 epoch=6 loss=8.2909 grad=0.346 lr=2.92e-04
2026-04-22 18:30:29,488 INFO src.training.train step=4200 epoch=6 loss=8.2756 grad=0.343 lr=2.91e-04
2026-04-22 18:30:57,417 INFO src.training.train step=4300 epoch=6 loss=8.2818 grad=0.339 lr=2.91e-04
2026-04-22 18:31:25,346 INFO src.training.train step=4400 epoch=6 loss=8.2900 grad=0.352 lr=2.90e-04
2026-04-22 18:31:53,274 INFO src.training.train step=4500 epoch=6 loss=8.2837 grad=0.337 lr=2.89e-04
2026-04-22 18:32:21,203 INFO src.training.train step=4600 epoch=6 loss=8.2816 grad=0.402 lr=2.89e-04
2026-04-22 18:32:49,132 INFO src.training.train step=4700 epoch=7 loss=8.2955 grad=0.352 lr=2.88e-04
2026-04-22 18:33:17,060 INFO src.training.train step=4800 epoch=7 loss=8.2702 grad=0.344 lr=2.88e-04
2026-04-22 18:33:44,988 INFO src.training.train step=4900 epoch=7 loss=8.2473 grad=0.380 lr=2.87e-04
2026-04-22 18:34:12,917 INFO src.training.train step=5000 epoch=7 loss=8.2788 grad=0.350 lr=2.86e-04
2026-04-22 18:34:16,086 INFO src.training.train EVAL step=5000 loss=8.3702 per_query_acc=0.0003 per_seq_acc=0.0000
2026-04-22 18:34:44,014 INFO src.training.train step=5100 epoch=7 loss=8.2648 grad=0.367 lr=2.85e-04
2026-04-22 18:35:11,942 INFO src.training.train step=5200 epoch=7 loss=8.2722 grad=0.338 lr=2.85e-04
2026-04-22 18:35:39,870 INFO src.training.train step=5300 epoch=7 loss=8.2765 grad=0.351 lr=2.84e-04
2026-04-22 18:36:07,799 INFO src.training.train step=5400 epoch=7 loss=8.2524 grad=0.396 lr=2.83e-04
2026-04-22 18:36:35,727 INFO src.training.train step=5500 epoch=8 loss=8.2623 grad=0.360 lr=2.83e-04
2026-04-22 18:37:03,655 INFO src.training.train step=5600 epoch=8 loss=8.2582 grad=0.356 lr=2.82e-04
2026-04-22 18:37:31,584 INFO src.training.train step=5700 epoch=8 loss=8.2311 grad=0.404 lr=2.81e-04
2026-04-22 18:37:59,512 INFO src.training.train step=5800 epoch=8 loss=8.2556 grad=0.398 lr=2.80e-04
2026-04-22 18:38:27,440 INFO src.training.train step=5900 epoch=8 loss=8.2360 grad=0.362 lr=2.79e-04
2026-04-22 18:38:55,368 INFO src.training.train step=6000 epoch=8 loss=8.2249 grad=0.401 lr=2.79e-04
2026-04-22 18:38:58,536 INFO src.training.train EVAL step=6000 loss=8.4212 per_query_acc=0.0002 per_seq_acc=0.0000
2026-04-22 18:38:58,536 INFO src.training.train EARLY STOP: 5 evals without per_query_acc improvement (best=0.0002 at step 1000, per_seq_acc=0.0000)
2026-04-22 18:39:01,702 INFO src.training.train DONE: {
  "backbone": "mamba",
  "seq_len": 64,
  "n_kv_pairs": 16,
  "n_queries": 16,
  "vocab_size": 8192,
  "n_parameters": 9595648,
  "steps_taken": 6000,
  "epochs_taken": 8,
  "early_stopped": true,
  "best_per_seq_acc": 0.0,
  "best_per_query_acc": 0.0001875,
  "best_step": 1000,
  "final_per_seq_acc": 0.0,
  "final_per_query_acc": 0.00022916666666666666,
  "final_loss": 8.421189432779949,
  "wall_sec": 1698.5943818092346,
  "seed": 42
}
═══════════════════════════════════════════════════════════════════
RUN  backbone=mamba2  T=64  K=16  seed=42
out=outputs/cohort_reduced/mamba2_T64_seed42
═══════════════════════════════════════════════════════════════════
2026-04-22 18:39:03,806 INFO run_experiment resolved config: SyntheticsConfig(task='mqar', vocab_size=8192, key_vocab_size=4096, value_vocab_size=4096, seq_len=64, n_kv_pairs=16, n_queries=None, train_examples_per_epoch=50000, eval_examples=3000, batch_size=64, num_workers=2, backbone='mamba2', d_model=256, n_layers=6, n_heads=4, head_size=64, dropout=0.1, mamba_d_state=16, mamba_d_conv=4, mamba_expand=2, mamba2_d_state=64, mamba2_headdim=64, mamba2_ngroups=1, mamba2_chunk_size=64, max_steps=30000, eval_every_steps=1000, log_every_steps=100, early_stop_threshold=0.99, early_stop_patience_evals=5, lr=0.0003, weight_decay=0.01, warmup_steps=1000, grad_clip=5.0, seed=42, compile_encoder=False, device='cuda', output_dir='outputs/cohort_reduced/mamba2_T64_seed42')
2026-04-22 18:39:04,619 INFO src.training.train backbone=mamba2 params=9M seq_len=64 K=16 Q=16 batch=64
2026-04-22 18:39:13,212 INFO src.training.train step=100 epoch=1 loss=8.9600 grad=0.742 lr=3.00e-05
2026-04-22 18:39:20,822 INFO src.training.train step=200 epoch=1 loss=8.6135 grad=0.575 lr=6.00e-05
2026-04-22 18:39:28,798 INFO src.training.train step=300 epoch=1 loss=8.3943 grad=0.541 lr=9.00e-05
2026-04-22 18:39:37,146 INFO src.training.train step=400 epoch=1 loss=8.3450 grad=0.524 lr=1.20e-04
2026-04-22 18:39:45,446 INFO src.training.train step=500 epoch=1 loss=8.3426 grad=0.525 lr=1.50e-04
2026-04-22 18:39:53,913 INFO src.training.train step=600 epoch=1 loss=8.3417 grad=0.513 lr=1.80e-04
2026-04-22 18:40:02,322 INFO src.training.train step=700 epoch=1 loss=8.3448 grad=0.510 lr=2.10e-04
2026-04-22 18:40:10,414 INFO src.training.train step=800 epoch=2 loss=8.3651 grad=0.505 lr=2.40e-04
2026-04-22 18:40:18,364 INFO src.training.train step=900 epoch=2 loss=8.3486 grad=0.494 lr=2.70e-04
2026-04-22 18:40:26,631 INFO src.training.train step=1000 epoch=2 loss=8.3435 grad=0.498 lr=3.00e-04
2026-04-22 18:40:27,425 INFO src.training.train EVAL step=1000 loss=8.3514 per_query_acc=0.0003 per_seq_acc=0.0000
2026-04-22 18:40:35,738 INFO src.training.train step=1100 epoch=2 loss=8.3493 grad=0.484 lr=3.00e-04
2026-04-22 18:40:43,591 INFO src.training.train step=1200 epoch=2 loss=8.3533 grad=0.474 lr=3.00e-04
2026-04-22 18:40:51,382 INFO src.training.train step=1300 epoch=2 loss=8.3551 grad=0.468 lr=3.00e-04
2026-04-22 18:40:59,392 INFO src.training.train step=1400 epoch=2 loss=8.3458 grad=0.453 lr=3.00e-04
2026-04-22 18:41:07,876 INFO src.training.train step=1500 epoch=2 loss=8.3385 grad=0.456 lr=3.00e-04
2026-04-22 18:41:15,956 INFO src.training.train step=1600 epoch=3 loss=8.3301 grad=0.437 lr=3.00e-04
2026-04-22 18:41:24,362 INFO src.training.train step=1700 epoch=3 loss=8.3303 grad=0.437 lr=3.00e-04
2026-04-22 18:41:33,018 INFO src.training.train step=1800 epoch=3 loss=8.3266 grad=0.428 lr=2.99e-04
2026-04-22 18:41:41,294 INFO src.training.train step=1900 epoch=3 loss=8.3507 grad=0.423 lr=2.99e-04
2026-04-22 18:41:49,325 INFO src.training.train step=2000 epoch=3 loss=8.3279 grad=0.422 lr=2.99e-04
2026-04-22 18:41:50,072 INFO src.training.train EVAL step=2000 loss=8.3388 per_query_acc=0.0004 per_seq_acc=0.0000
2026-04-22 18:41:58,211 INFO src.training.train step=2100 epoch=3 loss=8.3277 grad=0.408 lr=2.99e-04
2026-04-22 18:42:06,252 INFO src.training.train step=2200 epoch=3 loss=8.3317 grad=0.410 lr=2.99e-04
2026-04-22 18:42:14,750 INFO src.training.train step=2300 epoch=3 loss=8.3171 grad=0.399 lr=2.99e-04
2026-04-22 18:42:22,841 INFO src.training.train step=2400 epoch=4 loss=8.3257 grad=0.392 lr=2.98e-04
2026-04-22 18:42:30,830 INFO src.training.train step=2500 epoch=4 loss=8.3301 grad=0.386 lr=2.98e-04
2026-04-22 18:42:39,019 INFO src.training.train step=2600 epoch=4 loss=8.3201 grad=0.394 lr=2.98e-04
2026-04-22 18:42:47,364 INFO src.training.train step=2700 epoch=4 loss=8.3197 grad=0.386 lr=2.97e-04
2026-04-22 18:42:55,173 INFO src.training.train step=2800 epoch=4 loss=8.3112 grad=0.382 lr=2.97e-04
2026-04-22 18:43:03,226 INFO src.training.train step=2900 epoch=4 loss=8.3125 grad=0.370 lr=2.97e-04
2026-04-22 18:43:11,261 INFO src.training.train step=3000 epoch=4 loss=8.2885 grad=0.386 lr=2.97e-04
2026-04-22 18:43:12,004 INFO src.training.train EVAL step=3000 loss=8.3528 per_query_acc=0.0001 per_seq_acc=0.0000
2026-04-22 18:43:19,988 INFO src.training.train step=3100 epoch=4 loss=8.3072 grad=0.377 lr=2.96e-04
2026-04-22 18:43:28,255 INFO src.training.train step=3200 epoch=5 loss=8.3132 grad=0.371 lr=2.96e-04
2026-04-22 18:43:36,720 INFO src.training.train step=3300 epoch=5 loss=8.2988 grad=0.383 lr=2.95e-04
2026-04-22 18:43:44,647 INFO src.training.train step=3400 epoch=5 loss=8.3069 grad=0.388 lr=2.95e-04
2026-04-22 18:43:52,944 INFO src.training.train step=3500 epoch=5 loss=8.2746 grad=0.378 lr=2.95e-04
2026-04-22 18:44:01,325 INFO src.training.train step=3600 epoch=5 loss=8.2914 grad=0.361 lr=2.94e-04
2026-04-22 18:44:09,495 INFO src.training.train step=3700 epoch=5 loss=8.2798 grad=0.369 lr=2.94e-04
2026-04-22 18:44:17,455 INFO src.training.train step=3800 epoch=5 loss=8.2984 grad=0.362 lr=2.93e-04
2026-04-22 18:44:25,484 INFO src.training.train step=3900 epoch=5 loss=8.2916 grad=0.377 lr=2.93e-04
2026-04-22 18:44:34,326 INFO src.training.train step=4000 epoch=6 loss=8.3007 grad=0.343 lr=2.92e-04
2026-04-22 18:44:35,069 INFO src.training.train EVAL step=4000 loss=8.3554 per_query_acc=0.0002 per_seq_acc=0.0000
2026-04-22 18:44:43,533 INFO src.training.train step=4100 epoch=6 loss=8.2740 grad=0.366 lr=2.92e-04
2026-04-22 18:44:51,679 INFO src.training.train step=4200 epoch=6 loss=8.2770 grad=0.356 lr=2.91e-04
2026-04-22 18:44:59,589 INFO src.training.train step=4300 epoch=6 loss=8.2694 grad=0.384 lr=2.91e-04
2026-04-22 18:45:07,382 INFO src.training.train step=4400 epoch=6 loss=8.2950 grad=0.382 lr=2.90e-04
2026-04-22 18:45:15,596 INFO src.training.train step=4500 epoch=6 loss=8.2806 grad=0.355 lr=2.89e-04
2026-04-22 18:45:23,993 INFO src.training.train step=4600 epoch=6 loss=8.2710 grad=0.370 lr=2.89e-04
2026-04-22 18:45:32,266 INFO src.training.train step=4700 epoch=7 loss=8.2755 grad=0.384 lr=2.88e-04
2026-04-22 18:45:40,589 INFO src.training.train step=4800 epoch=7 loss=8.2670 grad=0.373 lr=2.88e-04
2026-04-22 18:45:48,759 INFO src.training.train step=4900 epoch=7 loss=8.2333 grad=0.406 lr=2.87e-04
2026-04-22 18:45:57,261 INFO src.training.train step=5000 epoch=7 loss=8.2599 grad=0.429 lr=2.86e-04
2026-04-22 18:45:58,011 INFO src.training.train EVAL step=5000 loss=8.3889 per_query_acc=0.0003 per_seq_acc=0.0000
2026-04-22 18:46:06,113 INFO src.training.train step=5100 epoch=7 loss=8.2530 grad=0.426 lr=2.85e-04
2026-04-22 18:46:14,314 INFO src.training.train step=5200 epoch=7 loss=8.2359 grad=0.422 lr=2.85e-04
2026-04-22 18:46:22,289 INFO src.training.train step=5300 epoch=7 loss=8.2648 grad=0.388 lr=2.84e-04
2026-04-22 18:46:30,395 INFO src.training.train step=5400 epoch=7 loss=8.2256 grad=0.431 lr=2.83e-04
2026-04-22 18:46:38,561 INFO src.training.train step=5500 epoch=8 loss=8.2361 grad=0.428 lr=2.83e-04
2026-04-22 18:46:47,028 INFO src.training.train step=5600 epoch=8 loss=8.2653 grad=0.438 lr=2.82e-04
2026-04-22 18:46:55,260 INFO src.training.train step=5700 epoch=8 loss=8.2192 grad=0.443 lr=2.81e-04
2026-04-22 18:47:03,566 INFO src.training.train step=5800 epoch=8 loss=8.2286 grad=0.483 lr=2.80e-04
2026-04-22 18:47:11,510 INFO src.training.train step=5900 epoch=8 loss=8.2108 grad=0.486 lr=2.79e-04
2026-04-22 18:47:20,163 INFO src.training.train step=6000 epoch=8 loss=8.2318 grad=0.477 lr=2.79e-04
2026-04-22 18:47:20,907 INFO src.training.train EVAL step=6000 loss=8.4262 per_query_acc=0.0003 per_seq_acc=0.0000
2026-04-22 18:47:20,907 INFO src.training.train EARLY STOP: 5 evals without per_query_acc improvement (best=0.0003 at step 1000, per_seq_acc=0.0000)
2026-04-22 18:47:21,634 INFO src.training.train DONE: {
  "backbone": "mamba2",
  "seq_len": 64,
  "n_kv_pairs": 16,
  "n_queries": 16,
  "vocab_size": 8192,
  "n_parameters": 9559696,
  "steps_taken": 6000,
  "epochs_taken": 8,
  "early_stopped": true,
  "best_per_seq_acc": 0.0,
  "best_per_query_acc": 0.00025,
  "best_step": 1000,
  "final_per_seq_acc": 0.0,
  "final_per_query_acc": 0.0002916666666666667,
  "final_loss": 8.426232432047525,
  "wall_sec": 496.5003025531769,
  "seed": 42
}
═══════════════════════════════════════════════════════════════════
RUN  backbone=transformer  T=64  K=16  seed=42
out=outputs/cohort_reduced/transformer_T64_seed42
═══════════════════════════════════════════════════════════════════
2026-04-22 18:47:23,795 INFO run_experiment resolved config: SyntheticsConfig(task='mqar', vocab_size=8192, key_vocab_size=4096, value_vocab_size=4096, seq_len=64, n_kv_pairs=16, n_queries=None, train_examples_per_epoch=50000, eval_examples=3000, batch_size=64, num_workers=2, backbone='transformer', d_model=256, n_layers=6, n_heads=4, head_size=64, dropout=0.1, mamba_d_state=16, mamba_d_conv=4, mamba_expand=2, mamba2_d_state=64, mamba2_headdim=64, mamba2_ngroups=1, mamba2_chunk_size=64, max_steps=30000, eval_every_steps=1000, log_every_steps=100, early_stop_threshold=0.99, early_stop_patience_evals=5, lr=0.0003, weight_decay=0.01, warmup_steps=1000, grad_clip=5.0, seed=42, compile_encoder=False, device='cuda', output_dir='outputs/cohort_reduced/transformer_T64_seed42')
/home/researcher/Master_Thesis_Exps/experiments/synthetics_v1/.venv/lib/python3.11/site-packages/torch/nn/modules/transformer.py:382: UserWarning: enable_nested_tensor is True, but self.use_nested_tensor is False because encoder_layer.norm_first was True
  warnings.warn(
2026-04-22 18:47:24,391 INFO src.training.train backbone=transformer params=8M seq_len=64 K=16 Q=16 batch=64
2026-04-22 18:47:28,209 INFO src.training.train step=100 epoch=1 loss=9.0020 grad=0.653 lr=3.00e-05
2026-04-22 18:47:30,689 INFO src.training.train step=200 epoch=1 loss=8.6012 grad=0.539 lr=6.00e-05
2026-04-22 18:47:33,168 INFO src.training.train step=300 epoch=1 loss=8.3989 grad=0.523 lr=9.00e-05
2026-04-22 18:47:35,647 INFO src.training.train step=400 epoch=1 loss=8.3461 grad=0.514 lr=1.20e-04
2026-04-22 18:47:38,129 INFO src.training.train step=500 epoch=1 loss=8.3419 grad=0.519 lr=1.50e-04
2026-04-22 18:47:40,617 INFO src.training.train step=600 epoch=1 loss=8.3355 grad=0.506 lr=1.80e-04
2026-04-22 18:47:43,106 INFO src.training.train step=700 epoch=1 loss=8.3401 grad=0.508 lr=2.10e-04
2026-04-22 18:47:45,604 INFO src.training.train step=800 epoch=2 loss=8.3273 grad=0.523 lr=2.40e-04
2026-04-22 18:47:48,092 INFO src.training.train step=900 epoch=2 loss=8.0683 grad=0.713 lr=2.70e-04
2026-04-22 18:47:50,580 INFO src.training.train step=1000 epoch=2 loss=7.5561 grad=0.814 lr=3.00e-04
2026-04-22 18:47:51,127 INFO src.training.train EVAL step=1000 loss=7.3555 per_query_acc=0.1222 per_seq_acc=0.0000
2026-04-22 18:47:53,615 INFO src.training.train step=1100 epoch=2 loss=6.2928 grad=1.089 lr=3.00e-04
2026-04-22 18:47:56,102 INFO src.training.train step=1200 epoch=2 loss=4.3021 grad=1.573 lr=3.00e-04
2026-04-22 18:47:58,590 INFO src.training.train step=1300 epoch=2 loss=2.3042 grad=2.342 lr=3.00e-04
2026-04-22 18:48:01,079 INFO src.training.train step=1400 epoch=2 loss=0.8505 grad=2.000 lr=3.00e-04
2026-04-22 18:48:03,567 INFO src.training.train step=1500 epoch=2 loss=0.2605 grad=1.703 lr=3.00e-04
2026-04-22 18:48:06,057 INFO src.training.train step=1600 epoch=3 loss=0.0978 grad=1.198 lr=3.00e-04
2026-04-22 18:48:08,554 INFO src.training.train step=1700 epoch=3 loss=0.0476 grad=0.847 lr=3.00e-04
2026-04-22 18:48:11,042 INFO src.training.train step=1800 epoch=3 loss=0.0246 grad=1.105 lr=2.99e-04
2026-04-22 18:48:13,531 INFO src.training.train step=1900 epoch=3 loss=0.0367 grad=1.336 lr=2.99e-04
2026-04-22 18:48:16,019 INFO src.training.train step=2000 epoch=3 loss=0.0154 grad=0.644 lr=2.99e-04
2026-04-22 18:48:16,528 INFO src.training.train EVAL step=2000 loss=0.0011 per_query_acc=0.9999 per_seq_acc=0.9983
2026-04-22 18:48:16,528 INFO src.training.train EARLY STOP: per_seq_acc 0.9983 ≥ threshold 0.9900 at step 2000
2026-04-22 18:48:17,033 INFO src.training.train DONE: {
  "backbone": "transformer",
  "seq_len": 64,
  "n_kv_pairs": 16,
  "n_queries": 16,
  "vocab_size": 8192,
  "n_parameters": 8548096,
  "steps_taken": 2000,
  "epochs_taken": 3,
  "early_stopped": true,
  "best_per_seq_acc": 0.9983333333333333,
  "best_per_query_acc": 0.9998958333333333,
  "best_step": 2000,
  "final_per_seq_acc": 0.9983333333333333,
  "final_per_query_acc": 0.9998958333333333,
  "final_loss": 0.0010798261960347493,
  "wall_sec": 51.86019849777222,
  "seed": 42
}
── DONE ────────────────────────────────────────────────────────────
Run scripts/analyze_cohort.py to build the summary table.
